RUN	simulations.mainSimulation	mainsimulation	1646914150438	 	3.3.1
USER	LAU Simulation	1	START	1646914150949	1646914150949
REQUEST	1	adoption_010_Homepage	Adoption Homepage	1646914150971	1646914151097	OK	 
REQUEST	1	adoption_010_Homepage	Adoption Homepage Redirect 1	1646914151122	1646914151152	OK	 
REQUEST	1	adoption_010_Homepage	Adoption Homepage Redirect 2	1646914151154	1646914151646	OK	 
GROUP	1	adoption_010_Homepage	1646914150956	1646914151955	867	OK
REQUEST	1	Adoption_020_Login	Adoption Login	1646914152973	1646914153211	OK	 
REQUEST	1	Adoption_020_Login	Adoption Login Redirect 1	1646914153216	1646914153560	OK	 
REQUEST	1	Adoption_020_Login	Adoption Login Redirect 2	1646914153561	1646914154716	OK	 
REQUEST	1	Adoption_020_Login	Adoption Login Redirect 3	1646914154718	1646914154773	OK	 
GROUP	1	Adoption_020_Login	1646914152968	1646914157367	4377	OK
REQUEST	1	Adoption_030_Apply_With	Adoption Applying With	1646914158370	1646914158423	OK	 
GROUP	1	Adoption_030_Apply_With	1646914158369	1646914158510	135	OK
REQUEST	1	Adoption_040_Adoption_Applying_Post	Adoption Applying Post	1646914159520	1646914159890	OK	 
REQUEST	1	Adoption_040_Adoption_Applying_Post	Adoption Applying Post Redirect 1	1646914159893	1646914160136	OK	 
GROUP	1	Adoption_040_Adoption_Applying_Post	1646914159518	1646914160430	903	OK
REQUEST	1	Adoption_050_Adoption_Applying_With_Redirect	Adoption Applying With Redirect	1646914161429	1646914161974	OK	 
GROUP	1	Adoption_050_Adoption_Applying_With_Redirect	1646914161428	1646914162426	992	OK
REQUEST	1	Adoption_060_Date_Of_Move	Adoption Date Child Moved in 	1646914163428	1646914163585	OK	 
GROUP	1	Adoption_060_Date_Of_Move	1646914163427	1646914163772	339	OK
REQUEST	1	Adoption_070_Date_Of_Move_POST	Adoption Date Child Moved in Post	1646914164769	1646914165161	OK	 
REQUEST	1	Adoption_070_Date_Of_Move_POST	Adoption Date Child Moved in Post Redirect 1	1646914165163	1646914165220	OK	 
REQUEST	1	Adoption_070_Date_Of_Move_POST,Adoption_050_Adoption_Applying_With_Redirect	Adoption Applying With Redirect	1646914165326	1646914165358	OK	 
GROUP	1	Adoption_070_Date_Of_Move_POST,Adoption_050_Adoption_Applying_With_Redirect	1646914165325	1646914165476	139	OK
GROUP	1	Adoption_070_Date_Of_Move_POST	1646914164768	1646914166489	688	OK
REQUEST	1	Adoption_080_Your_Details	Adoption Your Personal Details 	1646914167490	1646914167547	OK	 
GROUP	1	Adoption_080_Your_Details	1646914167489	1646914167915	421	OK
REQUEST	1	Adoption_090_Your_Details_POST	Adoption Your Personal Details Post	1646914168909	1646914169461	OK	 
REQUEST	1	Adoption_090_Your_Details_POST	Adoption Your Personal Details Post Redirect 1	1646914169462	1646914169579	OK	 
GROUP	1	Adoption_090_Your_Details_POST	1646914168908	1646914169740	827	OK
REQUEST	1	Adoption_100_Your_Details_Other_Name	Adoption Your Personal Details Other Name	1646914170739	1646914170923	OK	 
REQUEST	1	Adoption_100_Your_Details_Other_Name	Adoption Your Personal Details Other Name Redirect 1	1646914170925	1646914170982	OK	 
GROUP	1	Adoption_100_Your_Details_Other_Name	1646914170738	1646914171208	463	OK
REQUEST	1	Adoption_110_Your_Details_DoB	Adoption Your Personal Details DoB	1646914172218	1646914172405	OK	 
GROUP	1	Adoption_110_Your_Details_DoB	1646914172218	1646914172847	625	OK
REQUEST	1	Adoption_120_Your_Details_DoB_POST	Adoption Your Personal Details DoB POST	1646914173840	1646914174439	OK	 
REQUEST	1	Adoption_120_Your_Details_DoB_POST	Adoption Your Personal Details DoB POST Redirect 1	1646914174440	1646914174973	OK	 
GROUP	1	Adoption_120_Your_Details_DoB_POST	1646914173839	1646914175535	1691	OK
REQUEST	1	Adoption_130_Your_Details_Occupation	Adoption Your Personal Details Occupation	1646914176540	1646914177756	OK	 
REQUEST	1	Adoption_130_Your_Details_Occupation	Adoption Your Personal Details Occupation Redirect 1	1646914177758	1646914177811	OK	 
GROUP	1	Adoption_130_Your_Details_Occupation	1646914176539	1646914178273	1727	OK
REQUEST	1	Adoption_140_Your_Contact_Details	Adoption Your Contact Details LookUp	1646914179268	1646914179329	OK	 
GROUP	1	Adoption_140_Your_Contact_Details	1646914179267	1646914179451	179	OK
REQUEST	1	Adoption_150_Your_Contact_Details_Manual	Adoption Your Contact Details Manual	1646914180459	1646914180503	OK	 
GROUP	1	Adoption_150_Your_Contact_Details_Manual	1646914180458	1646914180591	129	OK
REQUEST	1	Adoption_160_Your_Contact_Details_Manual_POST	Adoption Your Contact Details Manual POST	1646914181590	1646914181954	OK	 
REQUEST	1	Adoption_160_Your_Contact_Details_Manual_POST	Adoption Your Contact Details Manual POST Redirect 1	1646914181956	1646914182057	OK	 
GROUP	1	Adoption_160_Your_Contact_Details_Manual_POST	1646914181589	1646914182135	540	OK
REQUEST	1	Adoption_170_Your_Contact_Details_POST	Adoption Your Contact Details POST	1646914183129	1646914183319	OK	 
REQUEST	1	Adoption_170_Your_Contact_Details_POST	Adoption Your Contact Details POST Redirect 1	1646914183320	1646914183417	OK	 
GROUP	1	Adoption_170_Your_Contact_Details_POST	1646914183129	1646914183581	448	OK
REQUEST	1	Adoption_180_Second_Personal_Details	Adoption Second Personal Details	1646914184590	1646914185133	OK	 
GROUP	1	Adoption_180_Second_Personal_Details	1646914184589	1646914185354	761	OK
REQUEST	1	Adoption_190_Second_Personal_Details_POST	Adoption Second Personal Details POST	1646914186347	1646914186935	OK	 
REQUEST	1	Adoption_190_Second_Personal_Details_POST	Adoption Second Personal Details POST Redirect 1	1646914186937	1646914187105	OK	 
GROUP	1	Adoption_190_Second_Personal_Details_POST	1646914186347	1646914187267	915	OK
REQUEST	1	Adoption_200_Second_Other_Name	Adoption Second Other Name	1646914188268	1646914188465	OK	 
REQUEST	1	Adoption_200_Second_Other_Name	Adoption Second Other Name Redirect 1	1646914188466	1646914188538	OK	 
GROUP	1	Adoption_200_Second_Other_Name	1646914188268	1646914188608	336	OK
REQUEST	1	Adoption_210_Second_Other_Name_Redirect	Adoption Second Other Name Redirect	1646914189609	1646914189802	OK	 
REQUEST	1	Adoption_210_Second_Other_Name_Redirect	Adoption Second Other Name Redirect Redirect 1	1646914189803	1646914190224	OK	 
GROUP	1	Adoption_210_Second_Other_Name_Redirect	1646914189608	1646914190660	1046	OK
REQUEST	1	Adoption_220_Second_DoB	Adoption Second DoB	1646914191669	1646914192205	OK	 
REQUEST	1	Adoption_220_Second_DoB	Adoption Second DoB Redirect 1	1646914192206	1646914192267	OK	 
GROUP	1	Adoption_220_Second_DoB	1646914191668	1646914192397	724	OK
REQUEST	1	Adoption_230_Second_Occupation	Adoption Second Occupation	1646914193399	1646914193832	OK	 
REQUEST	1	Adoption_230_Second_Occupation	Adoption Second Occupation Redirect 1	1646914193833	1646914194170	OK	 
GROUP	1	Adoption_230_Second_Occupation	1646914193399	1646914194237	833	OK
REQUEST	1	Adoption_240_Second_Contact_Details_Same_Address	Adoption Second Contact Details Same-Address	1646914195230	1646914195324	OK	 
GROUP	1	Adoption_240_Second_Contact_Details_Same_Address	1646914195229	1646914195393	160	OK
REQUEST	1	Adoption_250_Second_Contact_Details_Same_Address_POST	Adoption Second Contact Details Same-Address POST	1646914196399	1646914197007	OK	 
REQUEST	1	Adoption_250_Second_Contact_Details_Same_Address_POST	Adoption Second Contact Details Same-Address POST Redirect 1	1646914197008	1646914197138	OK	 
GROUP	1	Adoption_250_Second_Contact_Details_Same_Address_POST	1646914196399	1646914197238	835	OK
REQUEST	1	Adoption_260_Second_Contact_Details_Manual_Redirect	Adoption Second Contact Details manual redirect	1646914198238	1646914198588	OK	 
GROUP	1	Adoption_260_Second_Contact_Details_Manual_Redirect	1646914198238	1646914198850	609	OK
REQUEST	1	Adoption_270_Second_Contact_Details_Manual_POST	Adoption Second Contact Details manual POST	1646914199850	1646914200444	OK	 
REQUEST	1	Adoption_270_Second_Contact_Details_Manual_POST	Adoption Second Contact Details manual POST Redirect 1	1646914200445	1646914200629	OK	 
GROUP	1	Adoption_270_Second_Contact_Details_Manual_POST	1646914199849	1646914200801	947	OK
REQUEST	1	Adoption_280_Second_Contact_Details__POST	Adoption Second Contact Details POST	1646914201799	1646914202126	OK	 
REQUEST	1	Adoption_280_Second_Contact_Details__POST	Adoption Second Contact Details POST Redirect 1	1646914202128	1646914202784	OK	 
GROUP	1	Adoption_280_Second_Contact_Details__POST	1646914201799	1646914203126	1321	OK
REQUEST	1	adoption_290_Birth_Certificate	Adoption Birth Certificate Details	1646914204119	1646914204393	OK	 
GROUP	1	adoption_290_Birth_Certificate	1646914204119	1646914204528	406	OK
REQUEST	1	adoption_300_Birth_Certificate_Name	Adoption Birth Certificate Name	1646914205539	1646914206426	OK	 
REQUEST	1	adoption_300_Birth_Certificate_Name	Adoption Birth Certificate Name Redirect 1	1646914206427	1646914206494	OK	 
GROUP	1	adoption_300_Birth_Certificate_Name	1646914205539	1646914207001	1458	OK
REQUEST	1	adoption_320_Birth_Certificate_DoB	Adoption Birth Certificate DoB	1646914207998	1646914208476	OK	 
REQUEST	1	adoption_320_Birth_Certificate_DoB	Adoption Birth Certificate DoB Redirect 1	1646914208477	1646914208790	OK	 
GROUP	1	adoption_320_Birth_Certificate_DoB	1646914207998	1646914208995	992	OK
REQUEST	1	adoption_330_Birth_Certificate_Sex	Adoption Birth Certificate Sex	1646914209999	1646914210179	OK	 
REQUEST	1	adoption_330_Birth_Certificate_Sex	Adoption Birth Certificate Sex Redirect 1	1646914210180	1646914210238	OK	 
GROUP	1	adoption_330_Birth_Certificate_Sex	1646914209998	1646914210310	307	OK
REQUEST	1	adoption_340_Birth_Certificate_Nationality_Add	Adoption Birth Certificate Nationality Add	1646914211309	1646914211566	OK	 
REQUEST	1	adoption_340_Birth_Certificate_Nationality_Add	Adoption Birth Certificate Nationality Add Redirect 1	1646914211567	1646914211832	OK	 
GROUP	1	adoption_340_Birth_Certificate_Nationality_Add	1646914211309	1646914212100	788	OK
REQUEST	1	adoption_350_Birth_Certificate_Nationality_POST	Adoption Birth Certificate Nationality POST	1646914213099	1646914213393	OK	 
REQUEST	1	adoption_350_Birth_Certificate_Nationality_POST	Adoption Birth Certificate Nationality POST Redirect 1	1646914213395	1646914213543	OK	 
GROUP	1	adoption_350_Birth_Certificate_Nationality_POST	1646914213099	1646914213711	607	OK
REQUEST	1	adoption_360_Certificate_Details	Adoption Certificate Details	1646914214710	1646914214757	OK	 
GROUP	1	adoption_360_Certificate_Details	1646914214709	1646914214904	192	OK
REQUEST	1	adoption_370_Certificate_Details_Name	Adoption Certificate Details Name	1646914215909	1646914216359	OK	 
REQUEST	1	adoption_370_Certificate_Details_Name	Adoption Certificate Details Name Redirect 1	1646914216361	1646914216818	OK	 
GROUP	1	adoption_370_Certificate_Details_Name	1646914215909	1646914218229	1322	OK
REQUEST	1	adoption_380_Placement_Order	Adoption Placement Order Details	1646914218230	1646914219557	OK	 
GROUP	1	adoption_380_Placement_Order	1646914218229	1646914219906	1673	OK
REQUEST	1	adoption_390_Certificate_Placement_Order_Number	Adoption Placement Order Number	1646914220909	1646914221480	OK	 
REQUEST	1	adoption_390_Certificate_Placement_Order_Number	Adoption Placement Order Number Redirect 1	1646914221481	1646914221667	OK	 
GROUP	1	adoption_390_Certificate_Placement_Order_Number	1646914220909	1646914221754	841	OK
REQUEST	1	adoption_400_Certificate_Placement_Court	Adoption Placement Court	1646914222760	1646914222934	OK	 
REQUEST	1	adoption_400_Certificate_Placement_Court	Adoption Placement Court Redirect 1	1646914222936	1646914223179	OK	 
GROUP	1	adoption_400_Certificate_Placement_Court	1646914222759	1646914223418	653	OK
REQUEST	1	adoption_410_Certificate_Placement_Date	Adoption Placement Date	1646914224417	1646914224849	OK	 
REQUEST	1	adoption_410_Certificate_Placement_Date	Adoption Placement Date Redirect 1	1646914224850	1646914225278	OK	 
GROUP	1	adoption_410_Certificate_Placement_Date	1646914224417	1646914225638	1217	OK
REQUEST	1	adoption_420_Certificate_Placement_Summary	Adoption Placement Summary	1646914226637	1646914226816	OK	 
REQUEST	1	adoption_420_Certificate_Placement_Summary	Adoption Placement Summary Redirect 1	1646914226817	1646914227321	OK	 
REQUEST	1	adoption_420_Certificate_Placement_Summary	Adoption Placement Summary Redirect 2	1646914227323	1646914227525	OK	 
GROUP	1	adoption_420_Certificate_Placement_Summary	1646914226637	1646914227580	938	OK
REQUEST	1	adoption_430_Certificate_Placement_Type_2	Adoption Placement Type 2	1646914228577	1646914228767	OK	 
REQUEST	1	adoption_430_Certificate_Placement_Type_2	Adoption Placement Type 2 Redirect 1	1646914228769	1646914228971	OK	 
GROUP	1	adoption_430_Certificate_Placement_Type_2	1646914228577	1646914229106	523	OK
REQUEST	1	adoption_440_Certificate_Placement_Order_Number_2	Adoption Placement Order Number 2	1646914230107	1646914230594	OK	 
REQUEST	1	adoption_440_Certificate_Placement_Order_Number_2	Adoption Placement Order Number 2 Redirect 1	1646914230598	1646914231005	OK	 
GROUP	1	adoption_440_Certificate_Placement_Order_Number_2	1646914230107	1646914231174	1060	OK
REQUEST	1	adoption_450_Certificate_Placement_Court_2	Adoption Placement Court 2	1646914232167	1646914232773	OK	 
REQUEST	1	adoption_450_Certificate_Placement_Court_2	Adoption Placement Court 2 Redirect 1	1646914232774	1646914232965	OK	 
GROUP	1	adoption_450_Certificate_Placement_Court_2	1646914232166	1646914233044	873	OK
REQUEST	1	adoption_460_Certificate_Placement_Date_2	Adoption Placement Date 2	1646914234048	1646914234248	OK	 
REQUEST	1	adoption_460_Certificate_Placement_Date_2	Adoption Placement Date 2 Redirect 1	1646914234249	1646914234690	OK	 
GROUP	1	adoption_460_Certificate_Placement_Date_2	1646914234048	1646914234833	781	OK
REQUEST	1	adoption_470_Certificate_Placement_Summary_2	Adoption Placement Summary 2	1646914235839	1646914236369	OK	 
REQUEST	1	adoption_470_Certificate_Placement_Summary_2	Adoption Placement Summary 2 Redirect 1	1646914236370	1646914236415	OK	 
GROUP	1	adoption_470_Certificate_Placement_Summary_2	1646914235839	1646914236727	884	OK
REQUEST	1	adoption_480_Birth_Mother	Adoption Mother's Details	1646914237720	1646914238097	OK	 
GROUP	1	adoption_480_Birth_Mother	1646914237719	1646914238522	799	OK
REQUEST	1	adoption_490_Birth_Mother_Name	Adoption Mother's Name	1646914239529	1646914239749	OK	 
REQUEST	1	adoption_490_Birth_Mother_Name	Adoption Mother's Name Redirect 1	1646914239750	1646914240099	OK	 
GROUP	1	adoption_490_Birth_Mother_Name	1646914239529	1646914240307	775	OK
REQUEST	1	adoption_495_Birth_Mother	Adoption Mother's Details	1646914241308	1646914241757	OK	 
GROUP	1	adoption_495_Birth_Mother	1646914241308	1646914241966	655	OK
REQUEST	1	adoption_500_Birth_Mother_Alive	Adoption Mother Still Alive?	1646914242957	1646914243393	OK	 
REQUEST	1	adoption_500_Birth_Mother_Alive	Adoption Mother Still Alive? Redirect 1	1646914243394	1646914243446	OK	 
GROUP	1	adoption_500_Birth_Mother_Alive	1646914242957	1646914243514	553	OK
REQUEST	1	adoption_510_Birth_Mother_Nationality_Add	Adoption Mother's Nationality Add	1646914244518	1646914244710	OK	 
REQUEST	1	adoption_510_Birth_Mother_Nationality_Add	Adoption Mother's Nationality Add Redirect 1	1646914244711	1646914245198	OK	 
GROUP	1	adoption_510_Birth_Mother_Nationality_Add	1646914244517	1646914245463	941	OK
REQUEST	1	adoption_520_Birth_Mother_Nationality_POSt	Adoption Mother's Nationality	1646914246470	1646914246874	OK	 
REQUEST	1	adoption_520_Birth_Mother_Nationality_POSt	Adoption Mother's Nationality Redirect 1	1646914246876	1646914246920	OK	 
GROUP	1	adoption_520_Birth_Mother_Nationality_POSt	1646914246469	1646914246996	521	OK
REQUEST	1	adoption_530_Birth_Mother_Occupation	Adoption Mother's Occupation	1646914247988	1646914248345	OK	 
REQUEST	1	adoption_530_Birth_Mother_Occupation	Adoption Mother's Occupation Redirect 1	1646914248346	1646914248414	OK	 
GROUP	1	adoption_530_Birth_Mother_Occupation	1646914247988	1646914248508	516	OK
REQUEST	1	adoption_535_Birth_Mother_Occupation_Redirect	Adoption Mother's Details Redirect	1646914249517	1646914249582	OK	 
GROUP	1	adoption_535_Birth_Mother_Occupation_Redirect	1646914249517	1646914249655	135	OK
REQUEST	1	adoption_540_Birth_Mother_Occupation	Adoption Mother's Address Known	1646914250648	1646914251361	OK	 
REQUEST	1	adoption_540_Birth_Mother_Occupation	Adoption Mother's Address Known Redirect 1	1646914251363	1646914252188	OK	 
GROUP	1	adoption_540_Birth_Mother_Occupation	1646914250648	1646914252366	1713	OK
REQUEST	1	adoption_550_Birth_Mother_Address_Manual	Adoption Mother's Address Manual	1646914253369	1646914253592	OK	 
GROUP	1	adoption_550_Birth_Mother_Address_Manual	1646914253369	1646914253776	404	OK
REQUEST	1	adoption_560_Birth_Mother_Address_POST	Adoption Mother's Address	1646914254778	1646914255374	OK	 
REQUEST	1	adoption_560_Birth_Mother_Address_POST	Adoption Mother's Address Redirect 1	1646914255375	1646914255426	OK	 
GROUP	1	adoption_560_Birth_Mother_Address_POST	1646914254777	1646914255496	714	OK
REQUEST	1	adoption_570_Birth_Father_Details	Adoption Father's Details	1646914256498	1646914256549	OK	 
GROUP	1	adoption_570_Birth_Father_Details	1646914256498	1646914256619	119	OK
REQUEST	1	adoption_580_Birth_Father_Details_POST	Adoption Father's Details On Certificate	1646914257629	1646914258036	OK	 
REQUEST	1	adoption_580_Birth_Father_Details_POST	Adoption Father's Details On Certificate Redirect 1	1646914258037	1646914258203	OK	 
GROUP	1	adoption_580_Birth_Father_Details_POST	1646914257628	1646914258572	940	OK
REQUEST	1	adoption_590_Birth_Father_Name	Adoption Father's Name	1646914259569	1646914260233	OK	 
REQUEST	1	adoption_590_Birth_Father_Name	Adoption Father's Name Redirect 1	1646914260234	1646914260282	OK	 
GROUP	1	adoption_590_Birth_Father_Name	1646914259568	1646914260353	780	OK
REQUEST	1	adoption_600_Birth_Father_Alive	Adoption Father Still alive?	1646914261348	1646914261544	OK	 
REQUEST	1	adoption_600_Birth_Father_Alive	Adoption Father Still alive? Redirect 1	1646914261545	1646914261860	OK	 
GROUP	1	adoption_600_Birth_Father_Alive	1646914261347	1646914262383	1031	OK
REQUEST	1	adoption_610_Birth_Father_Nationality_Add	Adoption Father add Nationality	1646914263390	1646914263846	OK	 
REQUEST	1	adoption_610_Birth_Father_Nationality_Add	Adoption Father add Nationality Redirect 1	1646914263847	1646914263890	OK	 
GROUP	1	adoption_610_Birth_Father_Nationality_Add	1646914263389	1646914264112	718	OK
REQUEST	1	adoption_620_Birth_Father_Nationality_POST	Adoption Father's Nationality	1646914265109	1646914265560	OK	 
REQUEST	1	adoption_620_Birth_Father_Nationality_POST	Adoption Father's Nationality Redirect 1	1646914265562	1646914267354	OK	 
GROUP	1	adoption_620_Birth_Father_Nationality_POST	1646914265108	1646914269403	4289	OK
REQUEST	1	adoption_630_Birth_Father_Occupation	Adoption Father's Occupation	1646914270399	1646914271626	OK	 
REQUEST	1	adoption_630_Birth_Father_Occupation	Adoption Father's Occupation Redirect 1	1646914271628	1646914271690	OK	 
GROUP	1	adoption_630_Birth_Father_Occupation	1646914270398	1646914272163	1759	OK
REQUEST	1	adoption_640_Birth_Father_Occupation_Address_Known	Adoption Father's Address Known?	1646914273170	1646914273395	OK	 
REQUEST	1	adoption_640_Birth_Father_Occupation_Address_Known	Adoption Father's Address Known? Redirect 1	1646914273397	1646914273947	OK	 
GROUP	1	adoption_640_Birth_Father_Occupation_Address_Known	1646914273169	1646914274091	916	OK
REQUEST	1	adoption_640_Birth_Father_Occupation_Address_Manual	Adoption Father's Address Manual	1646914275089	1646914275278	OK	 
GROUP	1	adoption_640_Birth_Father_Occupation_Address_Manual	1646914275088	1646914275417	324	OK
REQUEST	1	adoption_640_Birth_Father_Occupation_Address_POST	Adoption Father's Address	1646914276428	1646914276849	OK	 
REQUEST	1	adoption_640_Birth_Father_Occupation_Address_POST	Adoption Father's Address Redirect 1	1646914276850	1646914276885	OK	 
GROUP	1	adoption_640_Birth_Father_Occupation_Address_POST	1646914276428	1646914277214	781	OK
REQUEST	1	adoption_650_Other_Parent_Exists	Adoption Other Parent	1646914278209	1646914278376	OK	 
GROUP	1	adoption_650_Other_Parent_Exists	1646914278208	1646914279180	968	OK
REQUEST	1	adoption_660_Other_Parent_Exists_POST	Adoption Other Parent Exists	1646914280179	1646914280345	OK	 
REQUEST	1	adoption_660_Other_Parent_Exists_POST	Adoption Other Parent Exists Redirect 1	1646914280346	1646914282367	OK	 
GROUP	1	adoption_660_Other_Parent_Exists_POST	1646914280178	1646914282515	2332	OK
REQUEST	1	adoption_670_Other_Parent_Name	Adoption Other Parent Name	1646914283509	1646914285275	OK	 
REQUEST	1	adoption_670_Other_Parent_Name	Adoption Other Parent Name Redirect 1	1646914285276	1646914285321	OK	 
GROUP	1	adoption_670_Other_Parent_Name	1646914283508	1646914285462	1950	OK
REQUEST	1	adoption_680_Other_Parent_Address_Known?	Adoption Other Parent Address known?	1646914286467	1646914286680	OK	 
REQUEST	1	adoption_680_Other_Parent_Address_Known?	Adoption Other Parent Address known? Redirect 1	1646914286681	1646914286819	OK	 
GROUP	1	adoption_680_Other_Parent_Address_Known?	1646914286466	1646914286943	473	OK
REQUEST	1	adoption_690_Other_Parent_Address_Manual	Adoption Other Parent Address Manual	1646914287950	1646914288126	OK	 
GROUP	1	adoption_690_Other_Parent_Address_Manual	1646914287950	1646914288225	273	OK
REQUEST	1	adoption_700_Other_Parent_Address_POST	Adoption Other Parent Address Manual	1646914289220	1646914289866	OK	 
REQUEST	1	adoption_700_Other_Parent_Address_POST	Adoption Other Parent Address Manual Redirect 1	1646914289867	1646914289948	OK	 
GROUP	1	adoption_700_Other_Parent_Address_POST	1646914289219	1646914290125	901	OK
REQUEST	1	adoption_710_Agency	Adoption Agency	1646914291129	1646914291576	OK	 
REQUEST	1	adoption_710_Agency	Adoption Agency Redirect 1	1646914291577	1646914292846	OK	 
GROUP	1	adoption_710_Agency	1646914291129	1646914292939	1806	OK
REQUEST	1	adoption_720_Agency_Details	Adoption Agency Details	1646914293939	1646914294230	OK	 
REQUEST	1	adoption_720_Agency_Details	Adoption Agency Details Redirect 1	1646914294230	1646914294274	OK	 
GROUP	1	adoption_720_Agency_Details	1646914293939	1646914294550	609	OK
REQUEST	1	adoption_730_Other_Agency	Adoption Other Agency?	1646914295550	1646914295820	OK	 
REQUEST	1	adoption_730_Other_Agency	Adoption Other Agency? Redirect 1	1646914295822	1646914296548	OK	 
REQUEST	1	adoption_730_Other_Agency	Adoption Other Agency? Redirect 2	1646914296549	1646914297815	OK	 
GROUP	1	adoption_730_Other_Agency	1646914295549	1646914297971	2416	OK
REQUEST	1	adoption_740_Other_Agency_Details	Adoption Other Agency Details	1646914298969	1646914299814	OK	 
REQUEST	1	adoption_740_Other_Agency_Details	Adoption Other Agency Details Redirect 1	1646914299816	1646914299859	OK	 
GROUP	1	adoption_740_Other_Agency_Details	1646914298969	1646914299926	953	OK
REQUEST	1	adoption_750_Social_Worker_Details	Adoption Social Worker Details	1646914300919	1646914301097	OK	 
REQUEST	1	adoption_750_Social_Worker_Details	Adoption Social Worker Details Redirect 1	1646914301098	1646914301939	OK	 
GROUP	1	adoption_750_Social_Worker_Details	1646914300918	1646914302310	1388	OK
REQUEST	1	adoption_760_Sibling_Details	Adoption Sibling Details	1646914303318	1646914303549	OK	 
GROUP	1	adoption_760_Sibling_Details	1646914303318	1646914303705	385	OK
REQUEST	1	adoption_770_Sibling_Other?	Adoption Any Sibling?	1646914304699	1646914305116	OK	 
REQUEST	1	adoption_770_Sibling_Other?	Adoption Any Sibling? Redirect 1	1646914305116	1646914305182	OK	 
GROUP	1	adoption_770_Sibling_Other?	1646914304698	1646914305251	551	OK
REQUEST	1	adoption_780_Sibling_Court_Order_Exists?	Adoption Court Order Exists?	1646914306259	1646914306450	OK	 
REQUEST	1	adoption_780_Sibling_Court_Order_Exists?	Adoption Court Order Exists? Redirect 1	1646914306451	1646914307225	OK	 
GROUP	1	adoption_780_Sibling_Court_Order_Exists?	1646914306258	1646914307316	1055	OK
REQUEST	1	adoption_790_Sibling_Name?	Adoption Sibling Name	1646914308308	1646914308643	OK	 
REQUEST	1	adoption_790_Sibling_Name?	Adoption Sibling Name Redirect 1	1646914308644	1646914308795	OK	 
REQUEST	1	adoption_790_Sibling_Name?	Adoption Sibling Name Redirect 2	1646914308796	1646914308997	OK	 
GROUP	1	adoption_790_Sibling_Name?	1646914308308	1646914309110	797	OK
REQUEST	1	adoption_800_Sibling_Order_Type	Adoption Order Type?	1646914310118	1646914310727	OK	 
REQUEST	1	adoption_800_Sibling_Order_Type	Adoption Order Type? Redirect 1	1646914310728	1646914310912	OK	 
GROUP	1	adoption_800_Sibling_Order_Type	1646914310118	1646914312152	2031	OK
REQUEST	1	adoption_810_Sibling_Order_Number	Adoption Order Number	1646914313147	1646914313328	OK	 
REQUEST	1	adoption_810_Sibling_Order_Number	Adoption Order Number Redirect 1	1646914313329	1646914316883	OK	 
GROUP	1	adoption_810_Sibling_Order_Number	1646914313147	1646914317211	4060	OK
REQUEST	1	adoption_820_Sibling_New_Order?	Adoption Add New Order?	1646914318219	1646914318626	OK	 
REQUEST	1	adoption_820_Sibling_New_Order?	Adoption Add New Order? Redirect 1	1646914318628	1646914318688	OK	 
GROUP	1	adoption_820_Sibling_New_Order?	1646914318218	1646914318840	616	OK
REQUEST	1	adoption_830_Sibling_Select	Adoption Select Sibling	1646914319839	1646914320191	OK	 
REQUEST	1	adoption_830_Sibling_Select	Adoption Select Sibling Redirect 1	1646914320193	1646914320601	OK	 
REQUEST	1	adoption_830_Sibling_Select	Adoption Select Sibling Redirect 2	1646914320602	1646914321139	OK	 
GROUP	1	adoption_830_Sibling_Select	1646914319838	1646914321265	1421	OK
REQUEST	1	adoption_840_Sibling_Select	Adoption Order Type	1646914322257	1646914322656	OK	 
REQUEST	1	adoption_840_Sibling_Select	Adoption Order Type Redirect 1	1646914322657	1646914323042	OK	 
GROUP	1	adoption_840_Sibling_Select	1646914322257	1646914323353	1093	OK
REQUEST	1	adoption_850_Sibling_Select	Adoption Order Number	1646914324360	1646914324580	OK	 
REQUEST	1	adoption_850_Sibling_Select	Adoption Order Number Redirect 1	1646914324582	1646914324912	OK	 
GROUP	1	adoption_850_Sibling_Select	1646914324359	1646914325115	750	OK
REQUEST	1	adoption_855_Sibling_Select	Adoption Order Number	1646914326118	1646914326686	OK	 
REQUEST	1	adoption_855_Sibling_Select	Adoption Order Number Redirect 1	1646914326688	1646914326741	OK	 
GROUP	1	adoption_855_Sibling_Select	1646914326117	1646914327072	950	OK
REQUEST	1	adoption_860_Sibling_Select	Adoption Order Number	1646914327072	1646914327280	OK	 
REQUEST	1	adoption_860_Sibling_Select	Adoption Order Number Redirect 1	1646914327281	1646914328035	OK	 
GROUP	1	adoption_860_Sibling_Select	1646914327072	1646914328861	1785	OK
REQUEST	1	adoption_861_Family_Court	Adoption Family Court Redirect	1646914329859	1646914330422	OK	 
GROUP	1	adoption_861_Family_Court	1646914329858	1646914330591	730	OK
REQUEST	1	adoption_862_Family_Court_POST	Adoption Family Court Redirect	1646914330592	1646914331125	OK	 
REQUEST	1	adoption_862_Family_Court_POST	Adoption Family Court Redirect Redirect 1	1646914331126	1646914331180	OK	 
GROUP	1	adoption_862_Family_Court_POST	1646914330591	1646914331298	704	OK
REQUEST	1	adoption_870_Upload_Document	Adoption Birth Certificate Details	1646914331299	1646914331392	OK	 
GROUP	1	adoption_870_Upload_Document	1646914331299	1646914331509	208	OK
REQUEST	1	adoption_885_Upload_Document_POST	Adoption Certificate Upload POST	1646914332519	1646914332683	OK	 
REQUEST	1	adoption_885_Upload_Document_POST	Adoption Certificate Upload POST Redirect 1	1646914332685	1646914333288	OK	 
GROUP	1	adoption_885_Upload_Document_POST	1646914332518	1646914333498	974	OK
REQUEST	1	adoption_905_Equality_Redirect	Adoption Review Equality	1646914334499	1646914335231	OK	 
GROUP	1	adoption_905_Equality_Redirect	1646914334498	1646914335336	833	OK
REQUEST	1	adoption_910_Check_Your_Answers	Adoption Review Check Your Answers	1646914336328	1646914336405	OK	 
REQUEST	1	adoption_910_Check_Your_Answers	Adoption Review Check Your Answers Redirect 1	1646914336406	1646914336464	OK	 
GROUP	1	adoption_910_Check_Your_Answers	1646914336328	1646914336568	237	OK
REQUEST	1	adoption_920_Statement	Adoption Review Statement of Truth	1646914337579	1646914338111	OK	 
REQUEST	1	adoption_920_Statement	Adoption Review Statement of Truth Redirect 1	1646914338111	1646914338632	OK	 
GROUP	1	adoption_920_Statement	1646914337578	1646914338710	1129	OK
REQUEST	1	adoption_930_Pay_By_Card	Adoption Pay by Card	1646914339707	1646914342242	OK	 
REQUEST	1	adoption_930_Pay_By_Card	Adoption Pay by Card Redirect 1	1646914342242	1646914342716	OK	 
REQUEST	1	adoption_930_Pay_By_Card	Adoption Pay by Card Redirect 2	1646914342717	1646914342890	KO	css((input[name='_csrf'],Some(value))).find.exists, found nothing
GROUP	1	adoption_930_Pay_By_Card	1646914339707	1646914342898	3182	KO
USER	LAU Simulation	1	END	1646914150949	1646914342903
