RUN	simulations.mainSimulation	mainsimulation	1646923020608	 	3.3.1
USER	LAU Simulation	1	START	1646923021264	1646923021264
REQUEST	1	adoption_010_Homepage	Adoption Homepage	1646923021297	1646923021361	OK	 
REQUEST	1	adoption_010_Homepage	Adoption Homepage Redirect 1	1646923021388	1646923021414	OK	 
REQUEST	1	adoption_010_Homepage	Adoption Homepage Redirect 2	1646923021416	1646923021466	OK	 
GROUP	1	adoption_010_Homepage	1646923021275	1646923024568	3137	OK
REQUEST	1	Adoption_020_Login	Adoption Login	1646923025594	1646923025827	OK	 
REQUEST	1	Adoption_020_Login	Adoption Login Redirect 1	1646923025831	1646923026006	OK	 
REQUEST	1	Adoption_020_Login	Adoption Login Redirect 2	1646923026008	1646923026708	OK	 
REQUEST	1	Adoption_020_Login	Adoption Login Redirect 3	1646923026709	1646923026776	OK	 
GROUP	1	Adoption_020_Login	1646923025588	1646923027761	2150	OK
REQUEST	1	Adoption_030_Apply_With	Adoption Applying With	1646923028767	1646923028877	OK	 
GROUP	1	Adoption_030_Apply_With	1646923028767	1646923028995	216	OK
REQUEST	1	Adoption_040_Adoption_Applying_Post	Adoption Applying Post	1646923029988	1646923030798	OK	 
REQUEST	1	Adoption_040_Adoption_Applying_Post	Adoption Applying Post Redirect 1	1646923030799	1646923031064	OK	 
GROUP	1	Adoption_040_Adoption_Applying_Post	1646923029987	1646923031566	1575	OK
REQUEST	1	Adoption_050_Adoption_Applying_With_Redirect	Adoption Applying With Redirect	1646923032568	1646923032995	OK	 
GROUP	1	Adoption_050_Adoption_Applying_With_Redirect	1646923032567	1646923033538	969	OK
REQUEST	1	adoption_870_Upload_Document	Adoption Birth Certificate Details	1646923034549	1646923034774	OK	 
GROUP	1	adoption_870_Upload_Document	1646923034548	1646923034966	413	OK
REQUEST	1	adoption_880_Upload_Document	Adoption Certificate Upload	1646923035983	1646923038561	KO	regex(document-manager/([0-9a-z-]+?)/binary).find.exists, found nothing
GROUP	1	adoption_880_Upload_Document	1646923035958	1646923038578	2578	KO
USER	LAU Simulation	1	END	1646923021264	1646923038585
