RUN	simulations.mainSimulation	mainsimulation	1646833442111	 	3.3.1
USER	LAU Simulation	1	START	1646833442693	1646833442693
REQUEST	1	adoption_010_Homepage	Adoption Homepage	1646833442716	1646833442788	OK	 
REQUEST	1	adoption_010_Homepage	Adoption Homepage Redirect 1	1646833442815	1646833442878	OK	 
REQUEST	1	adoption_010_Homepage	Adoption Homepage Redirect 2	1646833442880	1646833442965	OK	 
GROUP	1	adoption_010_Homepage	1646833442700	1646833443224	393	OK
REQUEST	1	Adoption_020_Login	Adoption Login	1646833445246	1646833445438	OK	 
REQUEST	1	Adoption_020_Login	Adoption Login Redirect 1	1646833445443	1646833445871	OK	 
REQUEST	1	Adoption_020_Login	Adoption Login Redirect 2	1646833445873	1646833446007	OK	 
REQUEST	1	Adoption_020_Login	Adoption Login Redirect 3	1646833446009	1646833446081	OK	 
GROUP	1	Adoption_020_Login	1646833445240	1646833446207	940	OK
REQUEST	1	Adoption_030_Apply_With	Adoption Applying With	1646833448213	1646833448279	OK	 
GROUP	1	Adoption_030_Apply_With	1646833448212	1646833448330	108	OK
REQUEST	1	Adoption_040_Adoption_Applying_Post	Adoption Applying Post	1646833450344	1646833450887	OK	 
REQUEST	1	Adoption_040_Adoption_Applying_Post	Adoption Applying Post Redirect 1	1646833450889	1646833450943	OK	 
GROUP	1	Adoption_040_Adoption_Applying_Post	1646833450342	1646833450992	640	OK
REQUEST	1	Adoption_050_Adoption_Applying_With_Redirect	Adoption Applying With Redirect	1646833452981	1646833453026	OK	 
GROUP	1	Adoption_050_Adoption_Applying_With_Redirect	1646833452981	1646833453078	86	OK
REQUEST	1	Adoption_240_Second_Contact_Details_Same_Address	Adoption Second Contact Details Same-Address	1646833455070	1646833455152	OK	 
GROUP	1	Adoption_240_Second_Contact_Details_Same_Address	1646833455070	1646833455198	123	OK
REQUEST	1	Adoption_250_Second_Contact_Details_Same_Address_POST	Adoption Second Contact Details Same-Address POST	1646833457203	1646833457646	OK	 
REQUEST	1	Adoption_250_Second_Contact_Details_Same_Address_POST	Adoption Second Contact Details Same-Address POST Redirect 1	1646833457648	1646833457694	OK	 
GROUP	1	Adoption_250_Second_Contact_Details_Same_Address_POST	1646833457202	1646833457735	526	OK
REQUEST	1	Adoption_260_Second_Contact_Details_Manual_Redirect	Adoption Second Contact Details manual redirect	1646833459741	1646833459786	OK	 
GROUP	1	Adoption_260_Second_Contact_Details_Manual_Redirect	1646833459740	1646833459831	85	OK
REQUEST	1	Adoption_270_Second_Contact_Details_Manual_POST	Adoption Second Contact Details manual POST	1646833461843	1646833462458	OK	 
REQUEST	1	Adoption_270_Second_Contact_Details_Manual_POST	Adoption Second Contact Details manual POST Redirect 1	1646833462460	1646833462503	OK	 
GROUP	1	Adoption_270_Second_Contact_Details_Manual_POST	1646833461841	1646833462544	695	OK
REQUEST	1	Adoption_280_Second_Contact_Details__POST	Adoption Second Contact Details POST	1646833464542	1646833464916	OK	 
REQUEST	1	Adoption_280_Second_Contact_Details__POST	Adoption Second Contact Details POST Redirect 1	1646833464918	1646833464954	OK	 
GROUP	1	Adoption_280_Second_Contact_Details__POST	1646833464541	1646833464999	451	OK
USER	LAU Simulation	1	END	1646833442693	1646833466995
