RUN	simulations.mainSimulation	mainsimulation	1646846670654	 	3.3.1
USER	LAU Simulation	1	START	1646846671399	1646846671399
REQUEST	1	adoption_010_Homepage	Adoption Homepage	1646846671420	1646846671477	OK	 
REQUEST	1	adoption_010_Homepage	Adoption Homepage Redirect 1	1646846671505	1646846671539	OK	 
REQUEST	1	adoption_010_Homepage	Adoption Homepage Redirect 2	1646846671540	1646846671600	OK	 
GROUP	1	adoption_010_Homepage	1646846671405	1646846672286	749	OK
REQUEST	1	Adoption_020_Login	Adoption Login	1646846673308	1646846673495	OK	 
REQUEST	1	Adoption_020_Login	Adoption Login Redirect 1	1646846673500	1646846673972	OK	 
REQUEST	1	Adoption_020_Login	Adoption Login Redirect 2	1646846673974	1646846675345	OK	 
REQUEST	1	Adoption_020_Login	Adoption Login Redirect 3	1646846675347	1646846675459	OK	 
GROUP	1	Adoption_020_Login	1646846673303	1646846679601	6259	OK
REQUEST	1	Adoption_030_Apply_With	Adoption Applying With	1646846680605	1646846680645	OK	 
GROUP	1	Adoption_030_Apply_With	1646846680603	1646846680696	84	OK
REQUEST	1	Adoption_040_Adoption_Applying_Post	Adoption Applying Post	1646846681706	1646846682021	OK	 
REQUEST	1	Adoption_040_Adoption_Applying_Post	Adoption Applying Post Redirect 1	1646846682023	1646846682063	OK	 
GROUP	1	Adoption_040_Adoption_Applying_Post	1646846681704	1646846682150	430	OK
REQUEST	1	Adoption_050_Adoption_Applying_With_Redirect	Adoption Applying With Redirect	1646846683144	1646846683184	OK	 
GROUP	1	Adoption_050_Adoption_Applying_With_Redirect	1646846683143	1646846683371	223	OK
REQUEST	1	Adoption_060_Date_Of_Move	Adoption Date Child Moved in 	1646846684383	1646846684431	OK	 
GROUP	1	Adoption_060_Date_Of_Move	1646846684382	1646846684491	104	OK
REQUEST	1	Adoption_070_Date_Of_Move_POST	Adoption Date Child Moved in Post	1646846685492	1646846685851	OK	 
REQUEST	1	Adoption_070_Date_Of_Move_POST	Adoption Date Child Moved in Post Redirect 1	1646846685853	1646846685892	OK	 
REQUEST	1	Adoption_070_Date_Of_Move_POST,Adoption_050_Adoption_Applying_With_Redirect	Adoption Applying With Redirect	1646846685953	1646846685994	OK	 
GROUP	1	Adoption_070_Date_Of_Move_POST,Adoption_050_Adoption_Applying_With_Redirect	1646846685952	1646846686049	91	OK
GROUP	1	Adoption_070_Date_Of_Move_POST	1646846685491	1646846687042	545	OK
REQUEST	1	adoption_760_Sibling_Details	Adoption Sibling Details	1646846688045	1646846688165	OK	 
GROUP	1	adoption_760_Sibling_Details	1646846688044	1646846688225	175	OK
REQUEST	1	adoption_770_Sibling_Other?	Adoption Any Sibling?	1646846689225	1646846689871	OK	 
REQUEST	1	adoption_770_Sibling_Other?	Adoption Any Sibling? Redirect 1	1646846689873	1646846689915	OK	 
GROUP	1	adoption_770_Sibling_Other?	1646846689224	1646846690229	998	OK
REQUEST	1	adoption_780_Sibling_Court_Order_Exists?	Adoption Court Order Exists?	1646846691224	1646846691877	OK	 
REQUEST	1	adoption_780_Sibling_Court_Order_Exists?	Adoption Court Order Exists? Redirect 1	1646846691879	1646846692311	OK	 
GROUP	1	adoption_780_Sibling_Court_Order_Exists?	1646846691223	1646846692482	1253	OK
REQUEST	1	adoption_790_Sibling_Name?	Adoption Sibling Name	1646846693492	1646846693692	OK	 
REQUEST	1	adoption_790_Sibling_Name?	Adoption Sibling Name Redirect 1	1646846693693	1646846693903	OK	 
REQUEST	1	adoption_790_Sibling_Name?	Adoption Sibling Name Redirect 2	1646846693905	1646846694081	OK	 
GROUP	1	adoption_790_Sibling_Name?	1646846693491	1646846694198	699	OK
REQUEST	1	adoption_800_Sibling_Order_Type	Adoption Order Type?	1646846695193	1646846695476	OK	 
REQUEST	1	adoption_800_Sibling_Order_Type	Adoption Order Type? Redirect 1	1646846695478	1646846695633	OK	 
GROUP	1	adoption_800_Sibling_Order_Type	1646846695192	1646846695679	481	OK
REQUEST	1	adoption_810_Sibling_Order_Number	Adoption Order Number	1646846696684	1646846696859	OK	 
REQUEST	1	adoption_810_Sibling_Order_Number	Adoption Order Number Redirect 1	1646846696861	1646846696900	OK	 
GROUP	1	adoption_810_Sibling_Order_Number	1646846696684	1646846696946	257	OK
REQUEST	1	adoption_820_Sibling_New_Order?	Adoption Add New Order?	1646846697942	1646846698445	OK	 
REQUEST	1	adoption_820_Sibling_New_Order?	Adoption Add New Order? Redirect 1	1646846698447	1646846698489	OK	 
GROUP	1	adoption_820_Sibling_New_Order?	1646846697942	1646846698532	583	OK
REQUEST	1	adoption_830_Sibling_Select	Adoption Select Sibling	1646846699532	1646846699713	OK	 
REQUEST	1	adoption_830_Sibling_Select	Adoption Select Sibling Redirect 1	1646846699714	1646846699898	OK	 
REQUEST	1	adoption_830_Sibling_Select	Adoption Select Sibling Redirect 2	1646846699900	1646846700090	OK	 
GROUP	1	adoption_830_Sibling_Select	1646846699531	1646846700198	660	OK
REQUEST	1	adoption_840_Sibling_Select	Adoption Order Type	1646846701205	1646846701379	OK	 
REQUEST	1	adoption_840_Sibling_Select	Adoption Order Type Redirect 1	1646846701381	1646846701870	OK	 
GROUP	1	adoption_840_Sibling_Select	1646846701204	1646846702136	926	OK
REQUEST	1	adoption_850_Sibling_Select	Adoption Order Number	1646846703134	1646846703295	OK	 
REQUEST	1	adoption_850_Sibling_Select	Adoption Order Number Redirect 1	1646846703296	1646846703343	OK	 
GROUP	1	adoption_850_Sibling_Select	1646846703133	1646846703462	323	OK
REQUEST	1	adoption_850_Sibling_Select	Adoption Order Number	1646846704462	1646846704998	OK	 
REQUEST	1	adoption_850_Sibling_Select	Adoption Order Number Redirect 1	1646846705000	1646846705040	OK	 
GROUP	1	adoption_850_Sibling_Select	1646846704462	1646846705092	625	OK
REQUEST	1	adoption_860_Sibling_Select	Adoption Order Number	1646846705092	1646846705256	OK	 
REQUEST	1	adoption_860_Sibling_Select	Adoption Order Number Redirect 1	1646846705257	1646846705295	OK	 
GROUP	1	adoption_860_Sibling_Select	1646846705092	1646846705373	276	OK
USER	LAU Simulation	1	END	1646846671399	1646846706376
