RUN	simulations.mainSimulation	mainsimulation	1647000843640	 	3.3.1
USER	LAU Simulation	1	START	1647000846016	1647000846016
REQUEST	1	AD_010_Homepage	Adoption Homepage	1647000846041	1647000849182	OK	 
REQUEST	1	AD_010_Homepage	Adoption Homepage Redirect 1	1647000849208	1647000849292	OK	 
REQUEST	1	AD_010_Homepage	Adoption Homepage Redirect 2	1647000849294	1647000849698	OK	 
GROUP	1	AD_010_Homepage	1647000846023	1647000852504	6341	OK
REQUEST	1	AD_020_Login	Adoption Login	1647000853531	1647000854091	OK	 
REQUEST	1	AD_020_Login	Adoption Login Redirect 1	1647000854096	1647000854387	OK	 
REQUEST	1	AD_020_Login	Adoption Login Redirect 2	1647000854389	1647000855734	OK	 
REQUEST	1	AD_020_Login	Adoption Login Redirect 3	1647000855735	1647000855888	OK	 
GROUP	1	AD_020_Login	1647000853526	1647000857961	4411	OK
REQUEST	1	AD_030_Apply_With	Adoption Applying With	1647000858955	1647000859123	OK	 
GROUP	1	AD_030_Apply_With	1647000858953	1647000859218	257	OK
REQUEST	1	AD_040_Applying_Post	Adoption Applying Post	1647000860226	1647000860897	OK	 
REQUEST	1	AD_040_Applying_Post	Adoption Applying Post Redirect 1	1647000860899	1647000860965	OK	 
GROUP	1	AD_040_Applying_Post	1647000860224	1647000861057	825	OK
REQUEST	1	AD_050_Applying_With_Redirect	Adoption Applying With Redirect	1647000862064	1647000862230	OK	 
GROUP	1	AD_050_Applying_With_Redirect	1647000862063	1647000863142	1073	OK
REQUEST	1	AD_060_Date_Of_Move	Adoption Date Child Moved in 	1647000864137	1647000864519	OK	 
GROUP	1	AD_060_Date_Of_Move	1647000864136	1647000864948	806	OK
REQUEST	1	AD_070_Date_Of_Move_POST	Adoption Date Child Moved in Post	1647000865956	1647000866328	OK	 
REQUEST	1	AD_070_Date_Of_Move_POST	Adoption Date Child Moved in Post Redirect 1	1647000866329	1647000866553	OK	 
GROUP	1	AD_070_Date_Of_Move_POST	1647000865955	1647000866786	824	OK
REQUEST	1	AD_080_Your_Details	Adoption Your Personal Details 	1647000866787	1647000866931	OK	 
GROUP	1	AD_080_Your_Details	1647000866786	1647000867075	284	OK
REQUEST	1	AD_090_Your_Details_POST	Adoption Your Personal Details Post	1647000868075	1647000868490	OK	 
REQUEST	1	AD_090_Your_Details_POST	Adoption Your Personal Details Post Redirect 1	1647000868492	1647000868672	OK	 
GROUP	1	AD_090_Your_Details_POST	1647000868074	1647000868803	722	OK
REQUEST	1	AD_100_Your_Details_Other_Name	Adoption Your Personal Details Other Name	1647000869796	1647000870329	OK	 
REQUEST	1	AD_100_Your_Details_Other_Name	Adoption Your Personal Details Other Name Redirect 1	1647000870331	1647000870515	OK	 
GROUP	1	AD_100_Your_Details_Other_Name	1647000869795	1647000870600	797	OK
REQUEST	1	AD_110_Your_Details_DoB	Adoption Your Personal Details DoB	1647000871605	1647000872041	OK	 
GROUP	1	AD_110_Your_Details_DoB	1647000871604	1647000872131	523	OK
REQUEST	1	AD_120_Your_Details_DoB_POST	Adoption Your Personal Details DoB POST	1647000873124	1647000873654	OK	 
REQUEST	1	AD_120_Your_Details_DoB_POST	Adoption Your Personal Details DoB POST Redirect 1	1647000873655	1647000874402	OK	 
GROUP	1	AD_120_Your_Details_DoB_POST	1647000873123	1647000874638	1509	OK
REQUEST	1	AD_130_Your_Details_Occupation	Adoption Your Personal Details Occupation	1647000875646	1647000876828	OK	 
REQUEST	1	AD_130_Your_Details_Occupation	Adoption Your Personal Details Occupation Redirect 1	1647000876830	1647000877531	OK	 
GROUP	1	AD_130_Your_Details_Occupation	1647000875645	1647000880105	4453	OK
REQUEST	1	AD_140_Your_Contact	Adoption Your Contact Details LookUp	1647000881113	1647000882982	OK	 
GROUP	1	AD_140_Your_Contact	1647000881113	1647000883096	1979	OK
REQUEST	1	AD_150_Your_Contact_Manual	Adoption Your Contact Details Manual	1647000884095	1647000884194	OK	 
GROUP	1	AD_150_Your_Contact_Manual	1647000884094	1647000884286	188	OK
REQUEST	1	AD_160_Your_Contact_POST	Adoption Your Contact Details Manual POST	1647000885284	1647000885638	OK	 
REQUEST	1	AD_160_Your_Contact_POST	Adoption Your Contact Details Manual POST Redirect 1	1647000885639	1647000885724	OK	 
GROUP	1	AD_160_Your_Contact_POST	1647000885284	1647000885870	582	OK
REQUEST	1	AD_170_Your_Contact_POST	Adoption Your Contact Details POST	1647000886866	1647000887224	OK	 
REQUEST	1	AD_170_Your_Contact_POST	Adoption Your Contact Details POST Redirect 1	1647000887227	1647000887756	OK	 
GROUP	1	AD_170_Your_Contact_POST	1647000886865	1647000887857	984	OK
REQUEST	1	AD_180_Second_Person	Adoption Second Personal Details	1647000888866	1647000889002	OK	 
GROUP	1	AD_180_Second_Person	1647000888865	1647000889091	221	OK
REQUEST	1	AD_190_Second_PersonPOST	Adoption Second Personal Details POST	1647000890086	1647000890275	OK	 
REQUEST	1	AD_190_Second_PersonPOST	Adoption Second Personal Details POST Redirect 1	1647000890276	1647000890896	OK	 
GROUP	1	AD_190_Second_PersonPOST	1647000890085	1647000891015	925	OK
REQUEST	1	AD_200_Second_Other_Name	Adoption Second Other Name	1647000892015	1647000892373	OK	 
REQUEST	1	AD_200_Second_Other_Name	Adoption Second Other Name Redirect 1	1647000892374	1647000892492	OK	 
GROUP	1	AD_200_Second_Other_Name	1647000892014	1647000892572	553	OK
REQUEST	1	AD_210_Second_Other_Name_Redirect	Adoption Second Other Name Redirect	1647000893576	1647000893962	OK	 
REQUEST	1	AD_210_Second_Other_Name_Redirect	Adoption Second Other Name Redirect Redirect 1	1647000893964	1647000894845	OK	 
GROUP	1	AD_210_Second_Other_Name_Redirect	1647000893575	1647000894950	1368	OK
REQUEST	1	AD_220_Second_DoB	Adoption Second DoB	1647000895944	1647000896158	OK	 
REQUEST	1	AD_220_Second_DoB	Adoption Second DoB Redirect 1	1647000896159	1647000896250	OK	 
GROUP	1	AD_220_Second_DoB	1647000895943	1647000896333	385	OK
REQUEST	1	AD_230_Second_Occupation	Adoption Second Occupation	1647000897336	1647000897628	OK	 
REQUEST	1	AD_230_Second_Occupation	Adoption Second Occupation Redirect 1	1647000897629	1647000897808	OK	 
GROUP	1	AD_230_Second_Occupation	1647000897335	1647000897953	612	OK
REQUEST	1	AD_240_Second_Contact_Same	Adoption Second Contact Details Same-Address	1647000898957	1647000899127	OK	 
GROUP	1	AD_240_Second_Contact_Same	1647000898956	1647000899241	280	OK
REQUEST	1	AD_250_Second_Contact_Same_POST	Adoption Second Contact Details Same-Address POST	1647000900246	1647000900555	OK	 
REQUEST	1	AD_250_Second_Contact_Same_POST	Adoption Second Contact Details Same-Address POST Redirect 1	1647000900557	1647000900647	OK	 
GROUP	1	AD_250_Second_Contact_Same_POST	1647000900245	1647000900733	482	OK
REQUEST	1	AD_260_Second_Contact_Manual_Redirect	Adoption Second Contact Details manual redirect	1647000901733	1647000901814	OK	 
GROUP	1	AD_260_Second_Contact_Manual_Redirect	1647000901733	1647000901891	155	OK
REQUEST	1	AD_270_Second_Contact_Manual_POST	Adoption Second Contact Details manual POST	1647000902887	1647000903069	OK	 
REQUEST	1	AD_270_Second_Contact_Manual_POST	Adoption Second Contact Details manual POST Redirect 1	1647000903071	1647000903171	OK	 
GROUP	1	AD_270_Second_Contact_Manual_POST	1647000902886	1647000903342	450	OK
REQUEST	1	AD_280_Second_Contact_POST	Adoption Second Contact Details POST	1647000904346	1647000904541	OK	 
REQUEST	1	AD_280_Second_Contact_POST	Adoption Second Contact Details POST Redirect 1	1647000904543	1647000904623	OK	 
GROUP	1	AD_280_Second_Contact_POST	1647000904345	1647000904703	352	OK
REQUEST	1	AD_290_Birth_Certificate	Adoption Birth Certificate Details	1647000905695	1647000906101	OK	 
GROUP	1	AD_290_Birth_Certificate	1647000905695	1647000906774	1076	OK
REQUEST	1	AD_300_Birth_Name	Adoption Birth Certificate Name	1647000907776	1647000908134	OK	 
REQUEST	1	AD_300_Birth_Name	Adoption Birth Certificate Name Redirect 1	1647000908135	1647000908250	OK	 
GROUP	1	AD_300_Birth_Name	1647000907776	1647000908427	647	OK
REQUEST	1	AD_320_Birth_DoB	Adoption Birth Certificate DoB	1647000909436	1647000909907	OK	 
REQUEST	1	AD_320_Birth_DoB	Adoption Birth Certificate DoB Redirect 1	1647000909908	1647000910211	OK	 
GROUP	1	AD_320_Birth_DoB	1647000909435	1647000910294	854	OK
REQUEST	1	AD_330_Birth_Sex	Adoption Birth Certificate Sex	1647000911294	1647000911827	OK	 
REQUEST	1	AD_330_Birth_Sex	Adoption Birth Certificate Sex Redirect 1	1647000911828	1647000911925	OK	 
GROUP	1	AD_330_Birth_Sex	1647000911294	1647000911998	700	OK
REQUEST	1	AD_340_Birth_Nationality_Add	Adoption Birth Certificate Nationality Add	1647000912996	1647000913609	OK	 
REQUEST	1	AD_340_Birth_Nationality_Add	Adoption Birth Certificate Nationality Add Redirect 1	1647000913611	1647000913913	OK	 
GROUP	1	AD_340_Birth_Nationality_Add	1647000912995	1647000914042	1040	OK
REQUEST	1	AD_350_Birth_Nationality_POST	Adoption Birth Certificate Nationality POST	1647000915045	1647000915255	OK	 
REQUEST	1	AD_350_Birth_Nationality_POST	Adoption Birth Certificate Nationality POST Redirect 1	1647000915256	1647000915509	OK	 
GROUP	1	AD_350_Birth_Nationality_POST	1647000915044	1647000915609	560	OK
REQUEST	1	AD_360_Certificate_Details	Adoption Certificate Details	1647000916604	1647000916901	OK	 
GROUP	1	AD_360_Certificate_Details	1647000916603	1647000917136	529	OK
REQUEST	1	AD_370_Certificate_Name	Adoption Certificate Details Name	1647000918147	1647000918405	OK	 
REQUEST	1	AD_370_Certificate_Name	Adoption Certificate Details Name Redirect 1	1647000918406	1647000918482	OK	 
GROUP	1	AD_370_Certificate_Name	1647000918146	1647000918593	442	OK
REQUEST	1	AD_380_Placement_Order	Adoption Placement Order Details	1647000919584	1647000920057	OK	 
GROUP	1	AD_380_Placement_Order	1647000919583	1647000920574	988	OK
REQUEST	1	AD_390_Placement_Number	Adoption Placement Order Number	1647000921585	1647000921877	OK	 
REQUEST	1	AD_390_Placement_Number	Adoption Placement Order Number Redirect 1	1647000921879	1647000922277	OK	 
GROUP	1	AD_390_Placement_Number	1647000921585	1647000922638	1048	OK
REQUEST	1	AD_400_Placement_Court	Adoption Placement Court	1647000923636	1647000924282	OK	 
REQUEST	1	AD_400_Placement_Court	Adoption Placement Court Redirect 1	1647000924282	1647000924539	OK	 
GROUP	1	AD_400_Placement_Court	1647000923635	1647000924644	1005	OK
REQUEST	1	AD_410_Placement_Date	Adoption Placement Date	1647000925645	1647000925826	OK	 
REQUEST	1	AD_410_Placement_Date	Adoption Placement Date Redirect 1	1647000925828	1647000926229	OK	 
GROUP	1	AD_410_Placement_Date	1647000925645	1647000926573	924	OK
REQUEST	1	AD_420_Placement_Summary	Adoption Placement Summary	1647000927576	1647000927806	OK	 
REQUEST	1	AD_420_Placement_Summary	Adoption Placement Summary Redirect 1	1647000927807	1647000928236	OK	 
REQUEST	1	AD_420_Placement_Summary	Adoption Placement Summary Redirect 2	1647000928237	1647000929047	OK	 
GROUP	1	AD_420_Placement_Summary	1647000927576	1647000929132	1551	OK
REQUEST	1	AD_430_Placement_Type_2	Adoption Placement Type 2	1647000930123	1647000930591	OK	 
REQUEST	1	AD_430_Placement_Type_2	Adoption Placement Type 2 Redirect 1	1647000930593	1647000930806	OK	 
GROUP	1	AD_430_Placement_Type_2	1647000930123	1647000930902	774	OK
REQUEST	1	AD_440_Placement_Number_2	Adoption Placement Order Number 2	1647000931906	1647000932389	OK	 
REQUEST	1	AD_440_Placement_Number_2	Adoption Placement Order Number 2 Redirect 1	1647000932390	1647000932822	OK	 
GROUP	1	AD_440_Placement_Number_2	1647000931905	1647000932899	988	OK
REQUEST	1	AD_450_Placement_Court_2	Adoption Placement Court 2	1647000933905	1647000934290	OK	 
REQUEST	1	AD_450_Placement_Court_2	Adoption Placement Court 2 Redirect 1	1647000934291	1647000935220	OK	 
GROUP	1	AD_450_Placement_Court_2	1647000933905	1647000935574	1666	OK
REQUEST	1	AD_460_Placement_Date_2	Adoption Placement Date 2	1647000936574	1647000936883	OK	 
REQUEST	1	AD_460_Placement_Date_2	Adoption Placement Date 2 Redirect 1	1647000936884	1647000937175	OK	 
GROUP	1	AD_460_Placement_Date_2	1647000936574	1647000937253	675	OK
REQUEST	1	AD_470_Placement_Summary_2	Adoption Placement Summary 2	1647000938245	1647000938452	OK	 
REQUEST	1	AD_470_Placement_Summary_2	Adoption Placement Summary 2 Redirect 1	1647000938453	1647000938572	OK	 
GROUP	1	AD_470_Placement_Summary_2	1647000938245	1647000938649	400	OK
REQUEST	1	AD_480_Birth_Mother	Adoption Mother's Details	1647000939654	1647000940204	OK	 
GROUP	1	AD_480_Birth_Mother	1647000939654	1647000940611	954	OK
REQUEST	1	AD_490_Mother_Name	Adoption Mother's Name	1647000941606	1647000942053	OK	 
REQUEST	1	AD_490_Mother_Name	Adoption Mother's Name Redirect 1	1647000942053	1647000942128	OK	 
GROUP	1	AD_490_Mother_Name	1647000941605	1647000942201	593	OK
REQUEST	1	AD_495_Mother_Alive_Redirect	Adoption Mother's Details	1647000943206	1647000943629	OK	 
GROUP	1	AD_495_Mother_Alive_Redirect	1647000943206	1647000943787	578	OK
REQUEST	1	AD_500_Mother_Alive	Adoption Mother Still Alive?	1647000944794	1647000945235	OK	 
REQUEST	1	AD_500_Mother_Alive	Adoption Mother Still Alive? Redirect 1	1647000945237	1647000945338	OK	 
GROUP	1	AD_500_Mother_Alive	1647000944794	1647000945409	611	OK
REQUEST	1	AD_510_Mother_Nationality_Add	Adoption Mother's Nationality Add	1647000946406	1647000946612	OK	 
REQUEST	1	AD_510_Mother_Nationality_Add	Adoption Mother's Nationality Add Redirect 1	1647000946613	1647000946695	OK	 
GROUP	1	AD_510_Mother_Nationality_Add	1647000946406	1647000946774	364	OK
REQUEST	1	AD_520_Mother_Nationality_POST	Adoption Mother's Nationality	1647000947776	1647000948036	OK	 
REQUEST	1	AD_520_Mother_Nationality_POST	Adoption Mother's Nationality Redirect 1	1647000948036	1647000948272	OK	 
GROUP	1	AD_520_Mother_Nationality_POST	1647000947775	1647000948382	603	OK
REQUEST	1	AD_530_Mother_Occupation	Adoption Mother's Occupation	1647000949374	1647000949835	OK	 
REQUEST	1	AD_530_Mother_Occupation	Adoption Mother's Occupation Redirect 1	1647000949836	1647000950118	OK	 
GROUP	1	AD_530_Mother_Occupation	1647000949373	1647000950414	1037	OK
REQUEST	1	AD_535_Mother_Occupation_Redirect	Adoption Mother's Details Redirect	1647000951424	1647000951486	OK	 
GROUP	1	AD_535_Mother_Occupation_Redirect	1647000951423	1647000951572	145	OK
REQUEST	1	AD_540_Mother_Occupation	Adoption Mother's Address Known	1647000952567	1647000952833	OK	 
REQUEST	1	AD_540_Mother_Occupation	Adoption Mother's Address Known Redirect 1	1647000952834	1647000953140	OK	 
GROUP	1	AD_540_Mother_Occupation	1647000952566	1647000953340	769	OK
REQUEST	1	AD_550_Mother_Address_Manual	Adoption Mother's Address Manual	1647000954346	1647000954430	OK	 
GROUP	1	AD_550_Mother_Address_Manual	1647000954346	1647000954516	167	OK
REQUEST	1	AD_560_Mother_Address_POST	Adoption Mother's Address	1647000955515	1647000955884	OK	 
REQUEST	1	AD_560_Mother_Address_POST	Adoption Mother's Address Redirect 1	1647000955885	1647000956157	OK	 
GROUP	1	AD_560_Mother_Address_POST	1647000955514	1647000956282	764	OK
REQUEST	1	AD_570_Father_Details	Adoption Father's Details	1647000957276	1647000957375	OK	 
GROUP	1	AD_570_Father_Details	1647000957276	1647000957488	209	OK
REQUEST	1	AD_580_Father_Details_POST	Adoption Father's Details On Certificate	1647000958497	1647000958956	OK	 
REQUEST	1	AD_580_Father_Details_POST	Adoption Father's Details On Certificate Redirect 1	1647000958958	1647000959119	OK	 
GROUP	1	AD_580_Father_Details_POST	1647000958496	1647000959297	795	OK
REQUEST	1	AD_590_Father_Name	Adoption Father's Name	1647000960295	1647000960902	OK	 
REQUEST	1	AD_590_Father_Name	Adoption Father's Name Redirect 1	1647000960904	1647000960991	OK	 
GROUP	1	AD_590_Father_Name	1647000960295	1647000961063	763	OK
REQUEST	1	AD_600_Father_Alive	Adoption Father Still alive?	1647000962056	1647000962562	OK	 
REQUEST	1	AD_600_Father_Alive	Adoption Father Still alive? Redirect 1	1647000962563	1647000963001	OK	 
GROUP	1	AD_600_Father_Alive	1647000962055	1647000963125	1064	OK
REQUEST	1	AD_610_Father_Nationality_Add	Adoption Father add Nationality	1647000964136	1647000964546	OK	 
REQUEST	1	AD_610_Father_Nationality_Add	Adoption Father add Nationality Redirect 1	1647000964548	1647000964840	OK	 
GROUP	1	AD_610_Father_Nationality_Add	1647000964136	1647000964942	801	OK
REQUEST	1	AD_620_Father_Nationality_POST	Adoption Father's Nationality	1647000965936	1647000966352	OK	 
REQUEST	1	AD_620_Father_Nationality_POST	Adoption Father's Nationality Redirect 1	1647000966353	1647000967104	OK	 
GROUP	1	AD_620_Father_Nationality_POST	1647000965935	1647000967640	1700	OK
REQUEST	1	AD_630_Father_Occupation	Adoption Father's Occupation	1647000968645	1647000968834	OK	 
REQUEST	1	AD_630_Father_Occupation	Adoption Father's Occupation Redirect 1	1647000968836	1647000969052	OK	 
GROUP	1	AD_630_Father_Occupation	1647000968645	1647000969807	1157	OK
REQUEST	1	AD_640_Father_Address_Known	Adoption Father's Address Known?	1647000970804	1647000971004	OK	 
REQUEST	1	AD_640_Father_Address_Known	Adoption Father's Address Known? Redirect 1	1647000971005	1647000971102	OK	 
GROUP	1	AD_640_Father_Address_Known	1647000970804	1647000971205	397	OK
REQUEST	1	AD_641_Father_Address_Manual	Adoption Father's Address Manual	1647000972216	1647000972356	OK	 
GROUP	1	AD_641_Father_Address_Manual	1647000972216	1647000972437	218	OK
REQUEST	1	AD_642_Father_Address_POST	Adoption Father's Address	1647000973434	1647000974255	OK	 
REQUEST	1	AD_642_Father_Address_POST	Adoption Father's Address Redirect 1	1647000974255	1647000974588	OK	 
GROUP	1	AD_642_Father_Address_POST	1647000973433	1647000974688	1251	OK
REQUEST	1	AD_650_Other_Parent_Exists	Adoption Other Parent	1647000975684	1647000975767	OK	 
GROUP	1	AD_650_Other_Parent_Exists	1647000975684	1647000976049	362	OK
REQUEST	1	AD_660_Other_Exists_POST	Adoption Other Parent Exists	1647000977046	1647000977559	OK	 
REQUEST	1	AD_660_Other_Exists_POST	Adoption Other Parent Exists Redirect 1	1647000977560	1647000977701	OK	 
GROUP	1	AD_660_Other_Exists_POST	1647000977045	1647000977846	797	OK
REQUEST	1	AD_670_Other_Parent_Name	Adoption Other Parent Name	1647000978856	1647000979159	OK	 
REQUEST	1	AD_670_Other_Parent_Name	Adoption Other Parent Name Redirect 1	1647000979160	1647000979639	OK	 
GROUP	1	AD_670_Other_Parent_Name	1647000978856	1647000979880	1019	OK
REQUEST	1	AD_680_Other_Parent_Address_Known	Adoption Other Parent Address known?	1647000980874	1647000981119	OK	 
REQUEST	1	AD_680_Other_Parent_Address_Known	Adoption Other Parent Address known? Redirect 1	1647000981120	1647000981252	OK	 
GROUP	1	AD_680_Other_Parent_Address_Known	1647000980874	1647000981334	456	OK
REQUEST	1	AD_690_Other_Parent_Address_Manual	Adoption Other Parent Address Manual	1647000982336	1647000982401	OK	 
GROUP	1	AD_690_Other_Parent_Address_Manual	1647000982335	1647000982613	274	OK
REQUEST	1	AD_700_Other_Parent_Address_POST	Adoption Other Parent Address Manual	1647000983606	1647000984103	OK	 
REQUEST	1	AD_700_Other_Parent_Address_POST	Adoption Other Parent Address Manual Redirect 1	1647000984104	1647000984302	OK	 
GROUP	1	AD_700_Other_Parent_Address_POST	1647000983605	1647000984373	763	OK
REQUEST	1	adoption_710_Agency	Adoption Agency	1647000985376	1647000985571	OK	 
REQUEST	1	adoption_710_Agency	Adoption Agency Redirect 1	1647000985572	1647000985821	OK	 
GROUP	1	adoption_710_Agency	1647000985376	1647000985905	525	OK
REQUEST	1	AD_720_Agency_Details	Adoption Agency Details	1647000986914	1647000987319	OK	 
REQUEST	1	AD_720_Agency_Details	Adoption Agency Details Redirect 1	1647000987320	1647000987410	OK	 
GROUP	1	AD_720_Agency_Details	1647000986914	1647000987492	575	OK
REQUEST	1	AD_730_Other_Agency	Adoption Other Agency?	1647000988485	1647000988687	OK	 
REQUEST	1	AD_730_Other_Agency	Adoption Other Agency? Redirect 1	1647000988688	1647000989010	OK	 
REQUEST	1	AD_730_Other_Agency	Adoption Other Agency? Redirect 2	1647000989011	1647000989323	OK	 
GROUP	1	AD_730_Other_Agency	1647000988485	1647000989379	889	OK
REQUEST	1	AD_740_Other_Agency_Details	Adoption Other Agency Details	1647000990385	1647000990743	OK	 
REQUEST	1	AD_740_Other_Agency_Details	Adoption Other Agency Details Redirect 1	1647000990744	1647000990896	OK	 
GROUP	1	AD_740_Other_Agency_Details	1647000990385	1647000991005	616	OK
REQUEST	1	AD_750_Social_Worker_Details	Adoption Social Worker Details	1647000992004	1647000992390	OK	 
REQUEST	1	AD_750_Social_Worker_Details	Adoption Social Worker Details Redirect 1	1647000992391	1647000992544	OK	 
GROUP	1	AD_750_Social_Worker_Details	1647000992004	1647000992628	620	OK
REQUEST	1	AD_760_Sibling_Details	Adoption Sibling Details	1647000993626	1647000993718	OK	 
GROUP	1	AD_760_Sibling_Details	1647000993625	1647000993801	173	OK
REQUEST	1	AD_770_Sibling_Other	Adoption Any Sibling?	1647000994795	1647000995294	OK	 
REQUEST	1	AD_770_Sibling_Other	Adoption Any Sibling? Redirect 1	1647000995295	1647000995577	OK	 
GROUP	1	AD_770_Sibling_Other	1647000994795	1647000995689	890	OK
REQUEST	1	AD_780_Sibling_Order_Exists	Adoption Court Order Exists?	1647000996696	1647000997254	OK	 
REQUEST	1	AD_780_Sibling_Order_Exists	Adoption Court Order Exists? Redirect 1	1647000997255	1647000997727	OK	 
GROUP	1	AD_780_Sibling_Order_Exists	1647000996695	1647000997865	1166	OK
REQUEST	1	AD_790_Sibling_Name	Adoption Sibling Name	1647000998865	1647000999515	OK	 
REQUEST	1	AD_790_Sibling_Name	Adoption Sibling Name Redirect 1	1647000999516	1647000999701	OK	 
REQUEST	1	AD_790_Sibling_Name	Adoption Sibling Name Redirect 2	1647000999702	1647001000996	OK	 
GROUP	1	AD_790_Sibling_Name	1647000998865	1647001001089	2220	OK
REQUEST	1	AD_800_Sibling_Type	Adoption Order Type?	1647001002085	1647001002374	OK	 
REQUEST	1	AD_800_Sibling_Type	Adoption Order Type? Redirect 1	1647001002376	1647001002617	OK	 
GROUP	1	AD_800_Sibling_Type	1647001002085	1647001002715	625	OK
REQUEST	1	AD_810_Sibling_Number	Adoption Order Number	1647001003726	1647001003959	OK	 
REQUEST	1	AD_810_Sibling_Number	Adoption Order Number Redirect 1	1647001003960	1647001004124	OK	 
GROUP	1	AD_810_Sibling_Number	1647001003725	1647001004424	695	OK
REQUEST	1	AD_820_Sibling_New_Order	Adoption Add New Order?	1647001005426	1647001006062	OK	 
REQUEST	1	AD_820_Sibling_New_Order	Adoption Add New Order? Redirect 1	1647001006063	1647001006263	OK	 
GROUP	1	AD_820_Sibling_New_Order	1647001005425	1647001006452	1020	OK
REQUEST	1	AD_830_Sibling_Select	Adoption Select Sibling	1647001007446	1647001007650	OK	 
REQUEST	1	AD_830_Sibling_Select	Adoption Select Sibling Redirect 1	1647001007651	1647001007838	OK	 
REQUEST	1	AD_830_Sibling_Select	Adoption Select Sibling Redirect 2	1647001007839	1647001008266	OK	 
GROUP	1	AD_830_Sibling_Select	1647001007445	1647001008334	883	OK
REQUEST	1	AD_840_Sibling_Type_2	Adoption Order Type	1647001009336	1647001010160	OK	 
REQUEST	1	AD_840_Sibling_Type_2	Adoption Order Type Redirect 1	1647001010161	1647001011306	OK	 
GROUP	1	AD_840_Sibling_Type_2	1647001009335	1647001011775	2437	OK
REQUEST	1	AD_850_Sibling_Number_2t	Adoption Order Number	1647001012774	1647001013613	OK	 
REQUEST	1	AD_850_Sibling_Number_2t	Adoption Order Number Redirect 1	1647001013615	1647001013840	OK	 
GROUP	1	AD_850_Sibling_Number_2t	1647001012774	1647001013938	1159	OK
REQUEST	1	AD_855_Sibling_Remove	Adoption Remove Placement Order	1647001014935	1647001015273	OK	 
REQUEST	1	AD_855_Sibling_Remove	Adoption Remove Placement Order Redirect 1	1647001015275	1647001015340	OK	 
GROUP	1	AD_855_Sibling_Remove	1647001014935	1647001015420	481	OK
REQUEST	1	AD_860_Sibling_Summary	Adoption Order Summary	1647001016425	1647001016793	OK	 
REQUEST	1	AD_860_Sibling_Summary	Adoption Order Summary Redirect 1	1647001016795	1647001017705	OK	 
GROUP	1	AD_860_Sibling_Summary	1647001016425	1647001017826	1396	OK
REQUEST	1	AD_861_Family_Court	Adoption Family Court Redirect	1647001018824	1647001019841	OK	 
GROUP	1	AD_861_Family_Court	1647001018824	1647001019977	1151	OK
REQUEST	1	AD_862_Family_Court_POST	Adoption Family Court Redirect	1647001020974	1647001021847	OK	 
REQUEST	1	AD_862_Family_Court_POST	Adoption Family Court Redirect Redirect 1	1647001021849	1647001023319	OK	 
GROUP	1	AD_862_Family_Court_POST	1647001020974	1647001024387	3408	OK
REQUEST	1	AD_870_Upload_Document	Adoption Birth Certificate Details	1647001025395	1647001025907	OK	 
GROUP	1	AD_870_Upload_Document	1647001025395	1647001026160	761	OK
REQUEST	1	AD_880_Upload_Document	Adoption Certificate Upload	1647001027186	1647001032831	OK	 
GROUP	1	AD_880_Upload_Document	1647001027156	1647001032874	5645	OK
REQUEST	1	AD_885_Upload_Document_POST	Adoption Certificate Upload POST	1647001033826	1647001034628	OK	 
REQUEST	1	AD_885_Upload_Document_POST	Adoption Certificate Upload POST Redirect 1	1647001034629	1647001034815	OK	 
GROUP	1	AD_885_Upload_Document_POST	1647001033825	1647001034893	1063	OK
REQUEST	1	AD_890_Equality	Adoption Review Equality	1647001035894	1647001036112	OK	 
REQUEST	1	AD_890_Equality	Adoption Review Equality Redirect 1	1647001036113	1647001036252	KO	css((input[name='_csrf'],Some(value))).find.exists, found nothing
GROUP	1	AD_890_Equality	1647001035894	1647001036257	357	KO
USER	LAU Simulation	1	END	1647000846016	1647001036262
