RUN	simulations.mainSimulation	mainsimulation	1647518926447	 	3.3.1
USER	LAU Simulation	1	START	1647518927089	1647518927089
REQUEST	1	AD_010_Homepage	Adoption Homepage	1647518927111	1647518927231	OK	 
REQUEST	1	AD_010_Homepage	Adoption Homepage Redirect 1	1647518927254	1647518927283	OK	 
REQUEST	1	AD_010_Homepage	Adoption Homepage Redirect 2	1647518927285	1647518927363	OK	 
GROUP	1	AD_010_Homepage	1647518927095	1647518927585	358	OK
REQUEST	1	AD_020_Login	Adoption Login	1647518928609	1647518929292	OK	 
REQUEST	1	AD_020_Login	Adoption Login Redirect 1	1647518929296	1647518929906	OK	 
REQUEST	1	AD_020_Login	Adoption Login Redirect 2	1647518929908	1647518936960	OK	 
REQUEST	1	AD_020_Login	Adoption Login Redirect 3	1647518936962	1647518937040	OK	 
GROUP	1	AD_020_Login	1647518928604	1647518937175	8549	OK
REQUEST	1	AD_030_Apply_With	Adoption Applying With	1647518938184	1647518938233	OK	 
GROUP	1	AD_030_Apply_With	1647518938183	1647518938281	93	OK
REQUEST	1	AD_040_Applying_Post	Adoption Applying Post	1647518939275	1647518941989	OK	 
REQUEST	1	AD_040_Applying_Post	Adoption Applying Post Redirect 1	1647518941991	1647518942029	OK	 
GROUP	1	AD_040_Applying_Post	1647518939274	1647518942089	2807	OK
REQUEST	1	AD_050_Applying_With_Redirect	Adoption Applying With Redirect	1647518943095	1647518943147	OK	 
GROUP	1	AD_050_Applying_With_Redirect	1647518943094	1647518943196	97	OK
REQUEST	1	AD_060_Date_Of_Move	Adoption Date Child Moved in 	1647518944195	1647518944247	OK	 
GROUP	1	AD_060_Date_Of_Move	1647518944194	1647518944301	101	OK
REQUEST	1	AD_070_Date_Of_Move_POST	Adoption Date Child Moved in Post	1647518945303	1647518948236	OK	 
REQUEST	1	AD_070_Date_Of_Move_POST	Adoption Date Child Moved in Post Redirect 1	1647518948237	1647518948277	OK	 
GROUP	1	AD_070_Date_Of_Move_POST	1647518945302	1647518948326	3019	OK
REQUEST	1	AD_710_Agency	Adoption Agency	1647518948327	1647518949361	OK	 
REQUEST	1	AD_710_Agency	Adoption Agency Redirect 1	1647518949362	1647518950179	OK	 
GROUP	1	AD_710_Agency	1647518948326	1647518950227	1896	OK
REQUEST	1	AD_720_Agency_Details	Adoption Agency Details	1647518951224	1647518952623	OK	 
REQUEST	1	AD_720_Agency_Details	Adoption Agency Details Redirect 1	1647518952625	1647518952665	OK	 
GROUP	1	AD_720_Agency_Details	1647518951223	1647518952711	1482	OK
REQUEST	1	AD_730_Other_Agency	Adoption Other Agency?	1647518953714	1647518954584	OK	 
REQUEST	1	AD_730_Other_Agency	Adoption Other Agency? Redirect 1	1647518954586	1647518954768	OK	 
REQUEST	1	AD_730_Other_Agency	Adoption Other Agency? Redirect 2	1647518954769	1647518955711	OK	 
GROUP	1	AD_730_Other_Agency	1647518953713	1647518955757	2036	OK
REQUEST	1	AD_740_Other_Agency_Details	Adoption Other Agency Details	1647518956763	1647518957554	OK	 
REQUEST	1	AD_740_Other_Agency_Details	Adoption Other Agency Details Redirect 1	1647518957555	1647518957596	OK	 
GROUP	1	AD_740_Other_Agency_Details	1647518956762	1647518957645	877	OK
REQUEST	1	AD_750_Social_Worker_Details	Adoption Social Worker Details	1647518958645	1647518960027	OK	 
REQUEST	1	AD_750_Social_Worker_Details	Adoption Social Worker Details Redirect 1	1647518960028	1647518960070	OK	 
GROUP	1	AD_750_Social_Worker_Details	1647518958644	1647518960114	1466	OK
REQUEST	1	AD_080_Your_Details	Adoption Your Personal Details 	1647518961115	1647518961156	OK	 
GROUP	1	AD_080_Your_Details	1647518961114	1647518961201	83	OK
REQUEST	1	AD_090_Your_Details_POST	Adoption Your Personal Details Post	1647518962194	1647518963391	OK	 
REQUEST	1	AD_090_Your_Details_POST	Adoption Your Personal Details Post Redirect 1	1647518963392	1647518963433	OK	 
GROUP	1	AD_090_Your_Details_POST	1647518962193	1647518963481	1282	OK
REQUEST	1	AD_100_Your_Details_Other_Name	Adoption Your Personal Details Other Name	1647518964482	1647518965584	OK	 
REQUEST	1	AD_100_Your_Details_Other_Name	Adoption Your Personal Details Other Name Redirect 1	1647518965585	1647518965626	OK	 
GROUP	1	AD_100_Your_Details_Other_Name	1647518964482	1647518965673	1187	OK
REQUEST	1	AD_110_Your_Details_DoB	Adoption Your Personal Details DoB	1647518966683	1647518966743	OK	 
GROUP	1	AD_110_Your_Details_DoB	1647518966682	1647518966789	102	OK
REQUEST	1	AD_120_Your_Details_DoB_POST	Adoption Your Personal Details DoB POST	1647518967784	1647518967978	OK	 
REQUEST	1	AD_120_Your_Details_DoB_POST	Adoption Your Personal Details DoB POST Redirect 1	1647518967979	1647518968025	OK	 
GROUP	1	AD_120_Your_Details_DoB_POST	1647518967784	1647518968074	285	OK
REQUEST	1	AD_130_Your_Details_Occupation	Adoption Your Personal Details Occupation	1647518969085	1647518970670	OK	 
REQUEST	1	AD_130_Your_Details_Occupation	Adoption Your Personal Details Occupation Redirect 1	1647518970671	1647518970713	OK	 
GROUP	1	AD_130_Your_Details_Occupation	1647518969084	1647518970762	1670	OK
REQUEST	1	AD_140_Your_Contact	Adoption Your Contact Details LookUp	1647518971754	1647518971808	OK	 
GROUP	1	AD_140_Your_Contact	1647518971753	1647518971856	100	OK
REQUEST	1	AD_150_Your_Contact_Manual	Adoption Your Contact Details Manual	1647518972863	1647518972912	OK	 
GROUP	1	AD_150_Your_Contact_Manual	1647518972863	1647518972953	87	OK
REQUEST	1	AD_160_Your_Contact_POST	Adoption Your Contact Details Manual POST	1647518973953	1647518975236	OK	 
REQUEST	1	AD_160_Your_Contact_POST	Adoption Your Contact Details Manual POST Redirect 1	1647518975238	1647518975274	OK	 
GROUP	1	AD_160_Your_Contact_POST	1647518973952	1647518975321	1362	OK
REQUEST	1	AD_170_Your_Contact_POST	Adoption Your Contact Details POST	1647518976314	1647518976500	OK	 
REQUEST	1	AD_170_Your_Contact_POST	Adoption Your Contact Details POST Redirect 1	1647518976502	1647518976543	OK	 
GROUP	1	AD_170_Your_Contact_POST	1647518976314	1647518976592	273	OK
REQUEST	1	AD_180_Second_Person	Adoption Second Personal Details	1647518977595	1647518977643	OK	 
GROUP	1	AD_180_Second_Person	1647518977595	1647518977688	90	OK
REQUEST	1	AD_190_Second_PersonPOST	Adoption Second Personal Details POST	1647518978683	1647518978894	OK	 
REQUEST	1	AD_190_Second_PersonPOST	Adoption Second Personal Details POST Redirect 1	1647518978895	1647518978939	OK	 
GROUP	1	AD_190_Second_PersonPOST	1647518978682	1647518978986	299	OK
REQUEST	1	AD_200_Second_Other_Name	Adoption Second Other Name	1647518979995	1647518980211	OK	 
REQUEST	1	AD_200_Second_Other_Name	Adoption Second Other Name Redirect 1	1647518980212	1647518980250	OK	 
GROUP	1	AD_200_Second_Other_Name	1647518979994	1647518980296	297	OK
REQUEST	1	AD_210_Second_Other_Name_Redirect	Adoption Second Other Name Redirect	1647518981295	1647518981550	OK	 
REQUEST	1	AD_210_Second_Other_Name_Redirect	Adoption Second Other Name Redirect Redirect 1	1647518981551	1647518981594	OK	 
GROUP	1	AD_210_Second_Other_Name_Redirect	1647518981294	1647518981639	340	OK
REQUEST	1	AD_220_Second_DoB	Adoption Second DoB	1647518982633	1647518982957	OK	 
REQUEST	1	AD_220_Second_DoB	Adoption Second DoB Redirect 1	1647518982958	1647518983027	OK	 
GROUP	1	AD_220_Second_DoB	1647518982633	1647518983079	442	OK
REQUEST	1	AD_230_Second_Occupation	Adoption Second Occupation	1647518984083	1647518984281	OK	 
REQUEST	1	AD_230_Second_Occupation	Adoption Second Occupation Redirect 1	1647518984282	1647518984328	OK	 
GROUP	1	AD_230_Second_Occupation	1647518984082	1647518984374	288	OK
REQUEST	1	AD_240_Second_Contact_Same	Adoption Second Contact Details Same-Address	1647518985384	1647518985460	OK	 
GROUP	1	AD_240_Second_Contact_Same	1647518985383	1647518985509	122	OK
REQUEST	1	AD_250_Second_Contact_Same_POST	Adoption Second Contact Details Same-Address POST	1647518986504	1647518986705	OK	 
REQUEST	1	AD_250_Second_Contact_Same_POST	Adoption Second Contact Details Same-Address POST Redirect 1	1647518986706	1647518986746	OK	 
GROUP	1	AD_250_Second_Contact_Same_POST	1647518986504	1647518986790	282	OK
REQUEST	1	AD_260_Second_Contact_Manual_Redirect	Adoption Second Contact Details manual redirect	1647518987784	1647518987830	OK	 
GROUP	1	AD_260_Second_Contact_Manual_Redirect	1647518987784	1647518987880	93	OK
REQUEST	1	AD_270_Second_Contact_Manual_POST	Adoption Second Contact Details manual POST	1647518988885	1647518989605	OK	 
REQUEST	1	AD_270_Second_Contact_Manual_POST	Adoption Second Contact Details manual POST Redirect 1	1647518989606	1647518989650	OK	 
GROUP	1	AD_270_Second_Contact_Manual_POST	1647518988884	1647518989692	804	OK
REQUEST	1	AD_280_Second_Contact_POST	Adoption Second Contact Details POST	1647518990692	1647518991661	OK	 
REQUEST	1	AD_280_Second_Contact_POST	Adoption Second Contact Details POST Redirect 1	1647518991662	1647518991708	OK	 
GROUP	1	AD_280_Second_Contact_POST	1647518990692	1647518991751	1055	OK
REQUEST	1	AD_290_Birth_Certificate	Adoption Birth Certificate Details	1647518992744	1647518992802	OK	 
GROUP	1	AD_290_Birth_Certificate	1647518992744	1647518992846	99	OK
REQUEST	1	AD_300_Birth_Name	Adoption Birth Certificate Name	1647518993855	1647518994213	OK	 
REQUEST	1	AD_300_Birth_Name	Adoption Birth Certificate Name Redirect 1	1647518994214	1647518994257	OK	 
GROUP	1	AD_300_Birth_Name	1647518993854	1647518994301	442	OK
REQUEST	1	AD_320_Birth_DoB	Adoption Birth Certificate DoB	1647518995295	1647518995646	OK	 
REQUEST	1	AD_320_Birth_DoB	Adoption Birth Certificate DoB Redirect 1	1647518995647	1647518995684	OK	 
GROUP	1	AD_320_Birth_DoB	1647518995295	1647518995735	436	OK
REQUEST	1	AD_330_Birth_Sex	Adoption Birth Certificate Sex	1647518996743	1647518996953	OK	 
REQUEST	1	AD_330_Birth_Sex	Adoption Birth Certificate Sex Redirect 1	1647518996954	1647518996996	OK	 
GROUP	1	AD_330_Birth_Sex	1647518996743	1647518997040	294	OK
REQUEST	1	AD_340_Birth_Nationality_Add	Adoption Birth Certificate Nationality Add	1647518998034	1647518998308	OK	 
REQUEST	1	AD_340_Birth_Nationality_Add	Adoption Birth Certificate Nationality Add Redirect 1	1647518998310	1647518998354	OK	 
GROUP	1	AD_340_Birth_Nationality_Add	1647518998034	1647518998401	362	OK
REQUEST	1	AD_350_Birth_Nationality_POST	Adoption Birth Certificate Nationality POST	1647518999403	1647518999742	OK	 
REQUEST	1	AD_350_Birth_Nationality_POST	Adoption Birth Certificate Nationality POST Redirect 1	1647518999743	1647518999794	OK	 
GROUP	1	AD_350_Birth_Nationality_POST	1647518999402	1647518999844	437	OK
REQUEST	1	AD_360_Certificate_Details	Adoption Certificate Details	1647519000854	1647519000893	OK	 
GROUP	1	AD_360_Certificate_Details	1647519000854	1647519000950	93	OK
REQUEST	1	AD_370_Certificate_Name	Adoption Certificate Details Name	1647519001945	1647519002302	OK	 
REQUEST	1	AD_370_Certificate_Name	Adoption Certificate Details Name Redirect 1	1647519002303	1647519002341	OK	 
GROUP	1	AD_370_Certificate_Name	1647519001945	1647519002394	446	OK
REQUEST	1	AD_380_Placement_Order	Adoption Placement Order Details	1647519003395	1647519004321	OK	 
GROUP	1	AD_380_Placement_Order	1647519003394	1647519004374	976	OK
REQUEST	1	AD_390_Placement_Number	Adoption Placement Order Number	1647519005374	1647519005557	OK	 
REQUEST	1	AD_390_Placement_Number	Adoption Placement Order Number Redirect 1	1647519005559	1647519005758	OK	 
GROUP	1	AD_390_Placement_Number	1647519005373	1647519005803	424	OK
REQUEST	1	AD_400_Placement_Court	Adoption Placement Court	1647519006804	1647519007004	OK	 
REQUEST	1	AD_400_Placement_Court	Adoption Placement Court Redirect 1	1647519007005	1647519007230	OK	 
GROUP	1	AD_400_Placement_Court	1647519006803	1647519007283	475	OK
REQUEST	1	AD_410_Placement_Date	Adoption Placement Date	1647519008284	1647519008548	OK	 
REQUEST	1	AD_410_Placement_Date	Adoption Placement Date Redirect 1	1647519008550	1647519009396	OK	 
GROUP	1	AD_410_Placement_Date	1647519008284	1647519009443	1154	OK
REQUEST	1	AD_420_Placement_Summary	Adoption Placement Summary	1647519010445	1647519010634	OK	 
REQUEST	1	AD_420_Placement_Summary	Adoption Placement Summary Redirect 1	1647519010635	1647519010819	OK	 
REQUEST	1	AD_420_Placement_Summary	Adoption Placement Summary Redirect 2	1647519010820	1647519011671	OK	 
GROUP	1	AD_420_Placement_Summary	1647519010444	1647519011717	1268	OK
REQUEST	1	AD_430_Placement_Type_2	Adoption Placement Type 2	1647519012714	1647519012913	OK	 
REQUEST	1	AD_430_Placement_Type_2	Adoption Placement Type 2 Redirect 1	1647519012915	1647519013361	OK	 
GROUP	1	AD_430_Placement_Type_2	1647519012714	1647519013408	689	OK
REQUEST	1	AD_440_Placement_Number_2	Adoption Placement Order Number 2	1647519014404	1647519014692	OK	 
REQUEST	1	AD_440_Placement_Number_2	Adoption Placement Order Number 2 Redirect 1	1647519014693	1647519015000	OK	 
GROUP	1	AD_440_Placement_Number_2	1647519014403	1647519015050	642	OK
REQUEST	1	AD_450_Placement_Court_2	Adoption Placement Court 2	1647519016055	1647519016253	OK	 
REQUEST	1	AD_450_Placement_Court_2	Adoption Placement Court 2 Redirect 1	1647519016255	1647519016437	OK	 
GROUP	1	AD_450_Placement_Court_2	1647519016054	1647519016482	422	OK
REQUEST	1	AD_460_Placement_Date_2	Adoption Placement Date 2	1647519017474	1647519017669	OK	 
REQUEST	1	AD_460_Placement_Date_2	Adoption Placement Date 2 Redirect 1	1647519017670	1647519017970	OK	 
GROUP	1	AD_460_Placement_Date_2	1647519017474	1647519018018	540	OK
REQUEST	1	AD_470_Placement_Summary_2	Adoption Placement Summary 2	1647519019022	1647519019300	OK	 
REQUEST	1	AD_470_Placement_Summary_2	Adoption Placement Summary 2 Redirect 1	1647519019301	1647519019346	OK	 
GROUP	1	AD_470_Placement_Summary_2	1647519019022	1647519019401	375	OK
REQUEST	1	AD_480_Birth_Mother	Adoption Mother's Details	1647519020405	1647519020448	OK	 
GROUP	1	AD_480_Birth_Mother	1647519020405	1647519020504	96	OK
REQUEST	1	AD_490_Mother_Name	Adoption Mother's Name	1647519021504	1647519021667	OK	 
REQUEST	1	AD_490_Mother_Name	Adoption Mother's Name Redirect 1	1647519021669	1647519021710	OK	 
GROUP	1	AD_490_Mother_Name	1647519021504	1647519021756	247	OK
REQUEST	1	AD_495_Mother_Alive_Redirect	Adoption Mother's Details	1647519022753	1647519022805	OK	 
GROUP	1	AD_495_Mother_Alive_Redirect	1647519022753	1647519022852	96	OK
REQUEST	1	AD_500_Mother_Alive	Adoption Mother Still Alive?	1647519023865	1647519024538	OK	 
REQUEST	1	AD_500_Mother_Alive	Adoption Mother Still Alive? Redirect 1	1647519024539	1647519024604	OK	 
GROUP	1	AD_500_Mother_Alive	1647519023864	1647519024651	782	OK
REQUEST	1	AD_510_Mother_Nationality_Add	Adoption Mother's Nationality Add	1647519025645	1647519026161	OK	 
REQUEST	1	AD_510_Mother_Nationality_Add	Adoption Mother's Nationality Add Redirect 1	1647519026162	1647519026201	OK	 
GROUP	1	AD_510_Mother_Nationality_Add	1647519025645	1647519026244	595	OK
REQUEST	1	AD_520_Mother_Nationality_POST	Adoption Mother's Nationality	1647519027244	1647519028004	OK	 
REQUEST	1	AD_520_Mother_Nationality_POST	Adoption Mother's Nationality Redirect 1	1647519028005	1647519028045	OK	 
GROUP	1	AD_520_Mother_Nationality_POST	1647519027244	1647519028093	846	OK
REQUEST	1	AD_530_Mother_Occupation	Adoption Mother's Occupation	1647519029093	1647519029297	OK	 
REQUEST	1	AD_530_Mother_Occupation	Adoption Mother's Occupation Redirect 1	1647519029298	1647519029341	OK	 
GROUP	1	AD_530_Mother_Occupation	1647519029093	1647519029385	288	OK
REQUEST	1	AD_535_Mother_Occupation_Redirect	Adoption Mother's Details Redirect	1647519030385	1647519030427	OK	 
GROUP	1	AD_535_Mother_Occupation_Redirect	1647519030384	1647519030481	94	OK
REQUEST	1	AD_540_Mother_Occupation	Adoption Mother's Address Known	1647519031474	1647519031646	OK	 
REQUEST	1	AD_540_Mother_Occupation	Adoption Mother's Address Known Redirect 1	1647519031648	1647519031689	OK	 
GROUP	1	AD_540_Mother_Occupation	1647519031473	1647519031740	261	OK
REQUEST	1	AD_550_Mother_Address_Manual	Adoption Mother's Address Manual	1647519032745	1647519032800	OK	 
GROUP	1	AD_550_Mother_Address_Manual	1647519032745	1647519032849	101	OK
REQUEST	1	AD_560_Mother_Address_POST	Adoption Mother's Address	1647519033855	1647519034250	OK	 
REQUEST	1	AD_560_Mother_Address_POST	Adoption Mother's Address Redirect 1	1647519034252	1647519034302	OK	 
GROUP	1	AD_560_Mother_Address_POST	1647519033855	1647519034351	491	OK
REQUEST	1	AD_570_Father_Details	Adoption Father's Details	1647519035344	1647519035389	OK	 
GROUP	1	AD_570_Father_Details	1647519035344	1647519035436	89	OK
REQUEST	1	AD_580_Father_Details_POST	Adoption Father's Details On Certificate	1647519036444	1647519036810	OK	 
REQUEST	1	AD_580_Father_Details_POST	Adoption Father's Details On Certificate Redirect 1	1647519036812	1647519036864	OK	 
GROUP	1	AD_580_Father_Details_POST	1647519036443	1647519036912	464	OK
REQUEST	1	AD_590_Father_Name	Adoption Father's Name	1647519037905	1647519038101	OK	 
REQUEST	1	AD_590_Father_Name	Adoption Father's Name Redirect 1	1647519038103	1647519038145	OK	 
GROUP	1	AD_590_Father_Name	1647519037905	1647519038194	284	OK
REQUEST	1	AD_600_Father_Alive	Adoption Father Still alive?	1647519039205	1647519039407	OK	 
REQUEST	1	AD_600_Father_Alive	Adoption Father Still alive? Redirect 1	1647519039408	1647519039456	OK	 
GROUP	1	AD_600_Father_Alive	1647519039205	1647519039503	295	OK
REQUEST	1	AD_610_Father_Nationality_Add	Adoption Father add Nationality	1647519040504	1647519040747	OK	 
REQUEST	1	AD_610_Father_Nationality_Add	Adoption Father add Nationality Redirect 1	1647519040748	1647519040804	OK	 
GROUP	1	AD_610_Father_Nationality_Add	1647519040504	1647519040850	342	OK
REQUEST	1	AD_620_Father_Nationality_POST	Adoption Father's Nationality	1647519041844	1647519042034	OK	 
REQUEST	1	AD_620_Father_Nationality_POST	Adoption Father's Nationality Redirect 1	1647519042035	1647519042076	OK	 
GROUP	1	AD_620_Father_Nationality_POST	1647519041844	1647519042123	275	OK
REQUEST	1	AD_630_Father_Occupation	Adoption Father's Occupation	1647519043125	1647519043466	OK	 
REQUEST	1	AD_630_Father_Occupation	Adoption Father's Occupation Redirect 1	1647519043468	1647519043510	OK	 
GROUP	1	AD_630_Father_Occupation	1647519043125	1647519043557	427	OK
REQUEST	1	AD_640_Father_Address_Known	Adoption Father's Address Known?	1647519044553	1647519044744	OK	 
REQUEST	1	AD_640_Father_Address_Known	Adoption Father's Address Known? Redirect 1	1647519044746	1647519044783	OK	 
GROUP	1	AD_640_Father_Address_Known	1647519044553	1647519044827	269	OK
REQUEST	1	AD_641_Father_Address_Manual	Adoption Father's Address Manual	1647519045824	1647519045899	OK	 
GROUP	1	AD_641_Father_Address_Manual	1647519045823	1647519045945	118	OK
REQUEST	1	AD_642_Father_Address_POST	Adoption Father's Address	1647519046954	1647519047184	OK	 
REQUEST	1	AD_642_Father_Address_POST	Adoption Father's Address Redirect 1	1647519047185	1647519047228	OK	 
GROUP	1	AD_642_Father_Address_POST	1647519046954	1647519047274	316	OK
REQUEST	1	AD_650_Other_Parent_Exists	Adoption Other Parent	1647519048273	1647519048379	OK	 
GROUP	1	AD_650_Other_Parent_Exists	1647519048273	1647519048423	147	OK
REQUEST	1	AD_660_Other_Exists_POST	Adoption Other Parent Exists	1647519049424	1647519049712	OK	 
REQUEST	1	AD_660_Other_Exists_POST	Adoption Other Parent Exists Redirect 1	1647519049713	1647519049750	OK	 
GROUP	1	AD_660_Other_Exists_POST	1647519049423	1647519049801	374	OK
REQUEST	1	AD_670_Other_Parent_Name	Adoption Other Parent Name	1647519050794	1647519050989	OK	 
REQUEST	1	AD_670_Other_Parent_Name	Adoption Other Parent Name Redirect 1	1647519050990	1647519051043	OK	 
GROUP	1	AD_670_Other_Parent_Name	1647519050794	1647519051087	289	OK
REQUEST	1	AD_680_Other_Parent_Address_Known	Adoption Other Parent Address known?	1647519052094	1647519052376	OK	 
REQUEST	1	AD_680_Other_Parent_Address_Known	Adoption Other Parent Address known? Redirect 1	1647519052377	1647519052420	OK	 
GROUP	1	AD_680_Other_Parent_Address_Known	1647519052093	1647519052466	368	OK
REQUEST	1	AD_690_Other_Parent_Address_Manual	Adoption Other Parent Address Manual	1647519053465	1647519053502	OK	 
GROUP	1	AD_690_Other_Parent_Address_Manual	1647519053464	1647519053559	91	OK
REQUEST	1	AD_700_Other_Parent_Address_POST	Adoption Other Parent Address Manual	1647519054553	1647519054747	OK	 
REQUEST	1	AD_700_Other_Parent_Address_POST	Adoption Other Parent Address Manual Redirect 1	1647519054749	1647519054790	OK	 
GROUP	1	AD_700_Other_Parent_Address_POST	1647519054552	1647519054842	284	OK
REQUEST	1	AD_760_Sibling_Details	Adoption Sibling Details	1647519055845	1647519055913	OK	 
GROUP	1	AD_760_Sibling_Details	1647519055844	1647519055962	114	OK
REQUEST	1	AD_770_Sibling_Other	Adoption Any Sibling?	1647519056965	1647519057392	OK	 
REQUEST	1	AD_770_Sibling_Other	Adoption Any Sibling? Redirect 1	1647519057393	1647519057436	OK	 
GROUP	1	AD_770_Sibling_Other	1647519056965	1647519057480	511	OK
REQUEST	1	AD_780_Sibling_Order_Exists	Adoption Court Order Exists?	1647519058485	1647519059091	OK	 
REQUEST	1	AD_780_Sibling_Order_Exists	Adoption Court Order Exists? Redirect 1	1647519059093	1647519059545	OK	 
GROUP	1	AD_780_Sibling_Order_Exists	1647519058484	1647519059590	1100	OK
REQUEST	1	AD_790_Sibling_Name	Adoption Sibling Name	1647519060585	1647519061385	OK	 
REQUEST	1	AD_790_Sibling_Name	Adoption Sibling Name Redirect 1	1647519061386	1647519062224	OK	 
REQUEST	1	AD_790_Sibling_Name	Adoption Sibling Name Redirect 2	1647519062225	1647519062616	OK	 
GROUP	1	AD_790_Sibling_Name	1647519060584	1647519062660	2070	OK
REQUEST	1	AD_800_Sibling_Type	Adoption Order Type?	1647519063662	1647519064253	OK	 
REQUEST	1	AD_800_Sibling_Type	Adoption Order Type? Redirect 1	1647519064254	1647519064561	OK	 
GROUP	1	AD_800_Sibling_Type	1647519063662	1647519064617	950	OK
REQUEST	1	AD_810_Sibling_Number	Adoption Order Number	1647519065623	1647519065980	OK	 
REQUEST	1	AD_810_Sibling_Number	Adoption Order Number Redirect 1	1647519065981	1647519066017	OK	 
GROUP	1	AD_810_Sibling_Number	1647519065622	1647519066070	443	OK
REQUEST	1	AD_820_Sibling_New_Order	Adoption Add New Order?	1647519067062	1647519067261	OK	 
REQUEST	1	AD_820_Sibling_New_Order	Adoption Add New Order? Redirect 1	1647519067263	1647519067334	OK	 
GROUP	1	AD_820_Sibling_New_Order	1647519067062	1647519067390	321	OK
REQUEST	1	AD_830_Sibling_Select	Adoption Select Sibling	1647519068394	1647519068579	OK	 
REQUEST	1	AD_830_Sibling_Select	Adoption Select Sibling Redirect 1	1647519068580	1647519068804	OK	 
REQUEST	1	AD_830_Sibling_Select	Adoption Select Sibling Redirect 2	1647519068805	1647519069025	OK	 
GROUP	1	AD_830_Sibling_Select	1647519068394	1647519069067	668	OK
REQUEST	1	AD_840_Sibling_Type_2	Adoption Order Type	1647519070074	1647519070273	OK	 
REQUEST	1	AD_840_Sibling_Type_2	Adoption Order Type Redirect 1	1647519070275	1647519070705	OK	 
GROUP	1	AD_840_Sibling_Type_2	1647519070073	1647519070755	676	OK
REQUEST	1	AD_850_Sibling_Number_2t	Adoption Order Number	1647519071755	1647519071943	OK	 
REQUEST	1	AD_850_Sibling_Number_2t	Adoption Order Number Redirect 1	1647519071945	1647519071991	OK	 
GROUP	1	AD_850_Sibling_Number_2t	1647519071754	1647519072035	274	OK
REQUEST	1	AD_855_Sibling_Remove	Adoption Remove Placement Order	1647519073033	1647519073673	OK	 
REQUEST	1	AD_855_Sibling_Remove	Adoption Remove Placement Order Redirect 1	1647519073675	1647519073713	OK	 
GROUP	1	AD_855_Sibling_Remove	1647519073033	1647519073760	722	OK
REQUEST	1	AD_860_Sibling_Summary	Adoption Order Summary	1647519074754	1647519074943	OK	 
REQUEST	1	AD_860_Sibling_Summary	Adoption Order Summary Redirect 1	1647519074944	1647519074998	OK	 
GROUP	1	AD_860_Sibling_Summary	1647519074754	1647519075042	284	OK
REQUEST	1	AD_861_Family_Court	Adoption Family Court Redirect	1647519076044	1647519076093	OK	 
GROUP	1	AD_861_Family_Court	1647519076044	1647519076153	105	OK
REQUEST	1	AD_862_Family_Court_POST	Adoption Family Court Redirect	1647519077153	1647519077975	OK	 
REQUEST	1	AD_862_Family_Court_POST	Adoption Family Court Redirect Redirect 1	1647519077977	1647519078018	OK	 
GROUP	1	AD_862_Family_Court_POST	1647519077153	1647519078062	904	OK
REQUEST	1	AD_870_Upload_Document	Adoption Birth Certificate Details	1647519079065	1647519079125	OK	 
GROUP	1	AD_870_Upload_Document	1647519079064	1647519079175	106	OK
REQUEST	1	AD_880_Upload_Document	Adoption Certificate Upload	1647519080211	1647519082177	OK	 
GROUP	1	AD_880_Upload_Document	1647519080184	1647519082220	1966	OK
REQUEST	1	AD_885_Upload_Document_POST	Adoption Certificate Upload POST	1647519083164	1647519083913	OK	 
REQUEST	1	AD_885_Upload_Document_POST	Adoption Certificate Upload POST Redirect 1	1647519083915	1647519083950	OK	 
GROUP	1	AD_885_Upload_Document_POST	1647519083164	1647519084008	839	OK
USER	LAU Simulation	1	END	1647518927089	1647519085015
