RUN	simulations.mainSimulation	mainsimulation	1646835059451	 	3.3.1
USER	LAU Simulation	1	START	1646835059957	1646835059957
REQUEST	1	adoption_010_Homepage	Adoption Homepage	1646835059984	1646835060064	OK	 
REQUEST	1	adoption_010_Homepage	Adoption Homepage Redirect 1	1646835060091	1646835060121	OK	 
REQUEST	1	adoption_010_Homepage	Adoption Homepage Redirect 2	1646835060123	1646835060178	OK	 
GROUP	1	adoption_010_Homepage	1646835059965	1646835060413	305	OK
REQUEST	1	Adoption_020_Login	Adoption Login	1646835062436	1646835062618	OK	 
REQUEST	1	Adoption_020_Login	Adoption Login Redirect 1	1646835062623	1646835062786	OK	 
REQUEST	1	Adoption_020_Login	Adoption Login Redirect 2	1646835062788	1646835063255	OK	 
REQUEST	1	Adoption_020_Login	Adoption Login Redirect 3	1646835063256	1646835063291	OK	 
GROUP	1	Adoption_020_Login	1646835062431	1646835063412	956	OK
REQUEST	1	Adoption_030_Apply_With	Adoption Applying With	1646835065422	1646835065474	OK	 
GROUP	1	Adoption_030_Apply_With	1646835065421	1646835065550	120	OK
REQUEST	1	Adoption_040_Adoption_Applying_Post	Adoption Applying Post	1646835067542	1646835068272	OK	 
REQUEST	1	Adoption_040_Adoption_Applying_Post	Adoption Applying Post Redirect 1	1646835068274	1646835068315	OK	 
GROUP	1	Adoption_040_Adoption_Applying_Post	1646835067540	1646835068368	820	OK
REQUEST	1	Adoption_050_Adoption_Applying_With_Redirect	Adoption Applying With Redirect	1646835070372	1646835070420	OK	 
GROUP	1	Adoption_050_Adoption_Applying_With_Redirect	1646835070371	1646835070464	88	OK
REQUEST	1	adoption_870_Upload_Document	Adoption Birth Certificate Details	1646835072471	1646835072512	OK	 
GROUP	1	adoption_870_Upload_Document	1646835072470	1646835072560	84	OK
ERROR	Adoption Certificate Upload: Failed to build request: No attribute named 'FileName' is defined 	1646835074569
GROUP	1	adoption_880_Upload_Document_POST	1646835074560	1646835074571	0	KO
USER	LAU Simulation	1	END	1646835059957	1646835074574
