RUN	simulations.mainSimulation	mainsimulation	1646908212855	 	3.3.1
USER	LAU Simulation	1	START	1646908213374	1646908213374
REQUEST	1	adoption_010_Homepage	Adoption Homepage	1646908213400	1646908216902	OK	 
REQUEST	1	adoption_010_Homepage	Adoption Homepage Redirect 1	1646908216929	1646908216998	OK	 
REQUEST	1	adoption_010_Homepage	Adoption Homepage Redirect 2	1646908217001	1646908217263	OK	 
GROUP	1	adoption_010_Homepage	1646908213382	1646908220117	6594	OK
REQUEST	1	Adoption_020_Login	Adoption Login	1646908221141	1646908221325	OK	 
REQUEST	1	Adoption_020_Login	Adoption Login Redirect 1	1646908221330	1646908221840	OK	 
REQUEST	1	Adoption_020_Login	Adoption Login Redirect 2	1646908221842	1646908223040	OK	 
REQUEST	1	Adoption_020_Login	Adoption Login Redirect 3	1646908223041	1646908223122	OK	 
GROUP	1	Adoption_020_Login	1646908221136	1646908224550	3392	OK
REQUEST	1	Adoption_030_Apply_With	Adoption Applying With	1646908225559	1646908225646	OK	 
GROUP	1	Adoption_030_Apply_With	1646908225556	1646908225761	194	OK
REQUEST	1	Adoption_040_Adoption_Applying_Post	Adoption Applying Post	1646908226758	1646908227122	OK	 
REQUEST	1	Adoption_040_Adoption_Applying_Post	Adoption Applying Post Redirect 1	1646908227124	1646908227331	OK	 
GROUP	1	Adoption_040_Adoption_Applying_Post	1646908226756	1646908227607	841	OK
REQUEST	1	Adoption_050_Adoption_Applying_With_Redirect	Adoption Applying With Redirect	1646908228616	1646908228709	OK	 
GROUP	1	Adoption_050_Adoption_Applying_With_Redirect	1646908228615	1646908228791	170	OK
REQUEST	1	Adoption_060_Date_Of_Move	Adoption Date Child Moved in 	1646908229785	1646908230113	OK	 
GROUP	1	Adoption_060_Date_Of_Move	1646908229784	1646908230343	554	OK
REQUEST	1	Adoption_070_Date_Of_Move_POST	Adoption Date Child Moved in Post	1646908231346	1646908231962	OK	 
REQUEST	1	Adoption_070_Date_Of_Move_POST	Adoption Date Child Moved in Post Redirect 1	1646908231964	1646908232250	OK	 
REQUEST	1	Adoption_070_Date_Of_Move_POST,Adoption_050_Adoption_Applying_With_Redirect	Adoption Applying With Redirect	1646908232424	1646908232580	OK	 
GROUP	1	Adoption_070_Date_Of_Move_POST,Adoption_050_Adoption_Applying_With_Redirect	1646908232424	1646908232676	238	OK
GROUP	1	Adoption_070_Date_Of_Move_POST	1646908231345	1646908233673	1309	OK
REQUEST	1	Adoption_080_Your_Details	Adoption Your Personal Details 	1646908234686	1646908234751	OK	 
GROUP	1	Adoption_080_Your_Details	1646908234685	1646908234825	135	OK
REQUEST	1	Adoption_090_Your_Details_POST	Adoption Your Personal Details Post	1646908235826	1646908236223	OK	 
REQUEST	1	Adoption_090_Your_Details_POST	Adoption Your Personal Details Post Redirect 1	1646908236224	1646908236332	OK	 
GROUP	1	Adoption_090_Your_Details_POST	1646908235826	1646908236429	598	OK
REQUEST	1	Adoption_100_Your_Details_Other_Name	Adoption Your Personal Details Other Name	1646908237426	1646908237623	OK	 
REQUEST	1	Adoption_100_Your_Details_Other_Name	Adoption Your Personal Details Other Name Redirect 1	1646908237625	1646908237727	OK	 
GROUP	1	Adoption_100_Your_Details_Other_Name	1646908237425	1646908237929	496	OK
REQUEST	1	Adoption_110_Your_Details_DoB	Adoption Your Personal Details DoB	1646908238926	1646908239018	OK	 
GROUP	1	Adoption_110_Your_Details_DoB	1646908238925	1646908239093	163	OK
REQUEST	1	Adoption_120_Your_Details_DoB_POST	Adoption Your Personal Details DoB POST	1646908240086	1646908240700	OK	 
REQUEST	1	Adoption_120_Your_Details_DoB_POST	Adoption Your Personal Details DoB POST Redirect 1	1646908240702	1646908241090	OK	 
GROUP	1	Adoption_120_Your_Details_DoB_POST	1646908240086	1646908241396	1304	OK
REQUEST	1	Adoption_130_Your_Details_Occupation	Adoption Your Personal Details Occupation	1646908242405	1646908242824	OK	 
REQUEST	1	Adoption_130_Your_Details_Occupation	Adoption Your Personal Details Occupation Redirect 1	1646908242826	1646908242914	OK	 
GROUP	1	Adoption_130_Your_Details_Occupation	1646908242404	1646908243059	649	OK
REQUEST	1	Adoption_140_Your_Contact_Details	Adoption Your Contact Details LookUp	1646908244056	1646908244319	OK	 
GROUP	1	Adoption_140_Your_Contact_Details	1646908244055	1646908244457	397	OK
REQUEST	1	Adoption_150_Your_Contact_Details_Manual	Adoption Your Contact Details Manual	1646908245464	1646908245552	OK	 
GROUP	1	Adoption_150_Your_Contact_Details_Manual	1646908245463	1646908245632	164	OK
REQUEST	1	Adoption_160_Your_Contact_Details_Manual_POST	Adoption Your Contact Details Manual POST	1646908246625	1646908247440	OK	 
REQUEST	1	Adoption_160_Your_Contact_Details_Manual_POST	Adoption Your Contact Details Manual POST Redirect 1	1646908247442	1646908248135	OK	 
GROUP	1	Adoption_160_Your_Contact_Details_Manual_POST	1646908246624	1646908248186	1557	OK
REQUEST	1	Adoption_170_Your_Contact_Details_POST	Adoption Your Contact Details POST	1646908249195	1646908249390	OK	 
REQUEST	1	Adoption_170_Your_Contact_Details_POST	Adoption Your Contact Details POST Redirect 1	1646908249392	1646908249469	OK	 
GROUP	1	Adoption_170_Your_Contact_Details_POST	1646908249195	1646908249550	350	OK
REQUEST	1	Adoption_180_Second_Personal_Details	Adoption Second Personal Details	1646908250547	1646908250604	OK	 
GROUP	1	Adoption_180_Second_Personal_Details	1646908250546	1646908250678	128	OK
REQUEST	1	Adoption_190_Second_Personal_Details_POST	Adoption Second Personal Details POST	1646908251675	1646908252097	OK	 
REQUEST	1	Adoption_190_Second_Personal_Details_POST	Adoption Second Personal Details POST Redirect 1	1646908252098	1646908252179	OK	 
GROUP	1	Adoption_190_Second_Personal_Details_POST	1646908251675	1646908252253	574	OK
REQUEST	1	Adoption_200_Second_Other_Name	Adoption Second Other Name	1646908253257	1646908253687	OK	 
REQUEST	1	Adoption_200_Second_Other_Name	Adoption Second Other Name Redirect 1	1646908253689	1646908253758	OK	 
GROUP	1	Adoption_200_Second_Other_Name	1646908253256	1646908253839	577	OK
REQUEST	1	Adoption_210_Second_Other_Name_Redirect	Adoption Second Other Name Redirect	1646908254835	1646908255058	OK	 
REQUEST	1	Adoption_210_Second_Other_Name_Redirect	Adoption Second Other Name Redirect Redirect 1	1646908255060	1646908255124	OK	 
GROUP	1	Adoption_210_Second_Other_Name_Redirect	1646908254834	1646908255301	461	OK
REQUEST	1	Adoption_220_Second_DoB	Adoption Second DoB	1646908256305	1646908257282	OK	 
REQUEST	1	Adoption_220_Second_DoB	Adoption Second DoB Redirect 1	1646908257284	1646908257968	OK	 
GROUP	1	Adoption_220_Second_DoB	1646908256304	1646908258046	1736	OK
REQUEST	1	Adoption_230_Second_Occupation	Adoption Second Occupation	1646908259056	1646908259421	OK	 
REQUEST	1	Adoption_230_Second_Occupation	Adoption Second Occupation Redirect 1	1646908259423	1646908259516	OK	 
GROUP	1	Adoption_230_Second_Occupation	1646908259055	1646908259590	529	OK
REQUEST	1	Adoption_240_Second_Contact_Details_Same_Address	Adoption Second Contact Details Same-Address	1646908260586	1646908260855	OK	 
GROUP	1	Adoption_240_Second_Contact_Details_Same_Address	1646908260585	1646908260933	343	OK
REQUEST	1	Adoption_250_Second_Contact_Details_Same_Address_POST	Adoption Second Contact Details Same-Address POST	1646908261926	1646908262194	OK	 
REQUEST	1	Adoption_250_Second_Contact_Details_Same_Address_POST	Adoption Second Contact Details Same-Address POST Redirect 1	1646908262195	1646908262270	OK	 
GROUP	1	Adoption_250_Second_Contact_Details_Same_Address_POST	1646908261925	1646908262446	516	OK
REQUEST	1	Adoption_260_Second_Contact_Details_Manual_Redirect	Adoption Second Contact Details manual redirect	1646908263455	1646908263523	OK	 
GROUP	1	Adoption_260_Second_Contact_Details_Manual_Redirect	1646908263454	1646908263592	134	OK
REQUEST	1	Adoption_270_Second_Contact_Details_Manual_POST	Adoption Second Contact Details manual POST	1646908264586	1646908264894	OK	 
REQUEST	1	Adoption_270_Second_Contact_Details_Manual_POST	Adoption Second Contact Details manual POST Redirect 1	1646908264895	1646908264973	OK	 
GROUP	1	Adoption_270_Second_Contact_Details_Manual_POST	1646908264585	1646908265041	451	OK
REQUEST	1	Adoption_280_Second_Contact_Details__POST	Adoption Second Contact Details POST	1646908266046	1646908266312	OK	 
REQUEST	1	Adoption_280_Second_Contact_Details__POST	Adoption Second Contact Details POST Redirect 1	1646908266313	1646908268105	OK	 
GROUP	1	Adoption_280_Second_Contact_Details__POST	1646908266046	1646908268290	2240	OK
REQUEST	1	adoption_290_Birth_Certificate	Adoption Birth Certificate Details	1646908269286	1646908270155	OK	 
GROUP	1	adoption_290_Birth_Certificate	1646908269285	1646908270293	1004	OK
REQUEST	1	adoption_300_Birth_Certificate_Name	Adoption Birth Certificate Name	1646908271306	1646908271514	OK	 
REQUEST	1	adoption_300_Birth_Certificate_Name	Adoption Birth Certificate Name Redirect 1	1646908271515	1646908271606	OK	 
GROUP	1	adoption_300_Birth_Certificate_Name	1646908271305	1646908271699	389	OK
REQUEST	1	adoption_320_Birth_Certificate_DoB	Adoption Birth Certificate DoB	1646908272697	1646908273077	OK	 
REQUEST	1	adoption_320_Birth_Certificate_DoB	Adoption Birth Certificate DoB Redirect 1	1646908273078	1646908273195	OK	 
GROUP	1	adoption_320_Birth_Certificate_DoB	1646908272696	1646908273274	572	OK
REQUEST	1	adoption_330_Birth_Certificate_Sex	Adoption Birth Certificate Sex	1646908274275	1646908274513	OK	 
REQUEST	1	adoption_330_Birth_Certificate_Sex	Adoption Birth Certificate Sex Redirect 1	1646908274514	1646908274575	OK	 
GROUP	1	adoption_330_Birth_Certificate_Sex	1646908274274	1646908274644	365	OK
REQUEST	1	adoption_340_Birth_Certificate_Nationality_Add	Adoption Birth Certificate Nationality Add	1646908275645	1646908275833	OK	 
REQUEST	1	adoption_340_Birth_Certificate_Nationality_Add	Adoption Birth Certificate Nationality Add Redirect 1	1646908275834	1646908275918	OK	 
GROUP	1	adoption_340_Birth_Certificate_Nationality_Add	1646908275645	1646908275992	344	OK
REQUEST	1	adoption_350_Birth_Certificate_Nationality_POST	Adoption Birth Certificate Nationality POST	1646908276986	1646908277443	OK	 
REQUEST	1	adoption_350_Birth_Certificate_Nationality_POST	Adoption Birth Certificate Nationality POST Redirect 1	1646908277444	1646908277940	OK	 
GROUP	1	adoption_350_Birth_Certificate_Nationality_POST	1646908276986	1646908278012	1022	OK
REQUEST	1	adoption_360_Certificate_Details	Adoption Certificate Details	1646908279015	1646908279104	OK	 
GROUP	1	adoption_360_Certificate_Details	1646908279015	1646908279176	158	OK
REQUEST	1	adoption_370_Certificate_Details_Name	Adoption Certificate Details Name	1646908280176	1646908280662	OK	 
REQUEST	1	adoption_370_Certificate_Details_Name	Adoption Certificate Details Name Redirect 1	1646908280663	1646908280776	OK	 
GROUP	1	adoption_370_Certificate_Details_Name	1646908280175	1646908281896	705	OK
REQUEST	1	adoption_380_Placement_Order	Adoption Placement Order Details	1646908281896	1646908283827	OK	 
GROUP	1	adoption_380_Placement_Order	1646908281896	1646908285744	3844	OK
REQUEST	1	adoption_390_Certificate_Placement_Order_Number	Adoption Placement Order Number	1646908286746	1646908287569	OK	 
REQUEST	1	adoption_390_Certificate_Placement_Order_Number	Adoption Placement Order Number Redirect 1	1646908287570	1646908287983	OK	 
GROUP	1	adoption_390_Certificate_Placement_Order_Number	1646908286746	1646908288058	1310	OK
REQUEST	1	adoption_400_Certificate_Placement_Court	Adoption Placement Court	1646908289046	1646908289628	OK	 
REQUEST	1	adoption_400_Certificate_Placement_Court	Adoption Placement Court Redirect 1	1646908289630	1646908290079	OK	 
GROUP	1	adoption_400_Certificate_Placement_Court	1646908289045	1646908290276	1225	OK
REQUEST	1	adoption_410_Certificate_Placement_Date	Adoption Placement Date	1646908291285	1646908291570	OK	 
REQUEST	1	adoption_410_Certificate_Placement_Date	Adoption Placement Date Redirect 1	1646908291571	1646908292125	OK	 
GROUP	1	adoption_410_Certificate_Placement_Date	1646908291285	1646908292273	985	OK
REQUEST	1	adoption_420_Certificate_Placement_Summary	Adoption Placement Summary	1646908293266	1646908293454	OK	 
REQUEST	1	adoption_420_Certificate_Placement_Summary	Adoption Placement Summary Redirect 1	1646908293455	1646908293648	OK	 
REQUEST	1	adoption_420_Certificate_Placement_Summary	Adoption Placement Summary Redirect 2	1646908293649	1646908293839	OK	 
GROUP	1	adoption_420_Certificate_Placement_Summary	1646908293266	1646908293896	625	OK
REQUEST	1	adoption_430_Certificate_Placement_Type_2	Adoption Placement Type 2	1646908294896	1646908295234	OK	 
REQUEST	1	adoption_430_Certificate_Placement_Type_2	Adoption Placement Type 2 Redirect 1	1646908295235	1646908295558	OK	 
GROUP	1	adoption_430_Certificate_Placement_Type_2	1646908294896	1646908295696	796	OK
REQUEST	1	adoption_440_Certificate_Placement_Order_Number_2	Adoption Placement Order Number 2	1646908296696	1646908296981	OK	 
REQUEST	1	adoption_440_Certificate_Placement_Order_Number_2	Adoption Placement Order Number 2 Redirect 1	1646908296982	1646908297216	OK	 
GROUP	1	adoption_440_Certificate_Placement_Order_Number_2	1646908296695	1646908297291	592	OK
REQUEST	1	adoption_450_Certificate_Placement_Court_2	Adoption Placement Court 2	1646908298295	1646908298639	OK	 
REQUEST	1	adoption_450_Certificate_Placement_Court_2	Adoption Placement Court 2 Redirect 1	1646908298640	1646908299354	OK	 
GROUP	1	adoption_450_Certificate_Placement_Court_2	1646908298295	1646908299436	1137	OK
REQUEST	1	adoption_460_Certificate_Placement_Date_2	Adoption Placement Date 2	1646908300435	1646908300632	OK	 
REQUEST	1	adoption_460_Certificate_Placement_Date_2	Adoption Placement Date 2 Redirect 1	1646908300634	1646908300867	OK	 
GROUP	1	adoption_460_Certificate_Placement_Date_2	1646908300435	1646908300944	504	OK
REQUEST	1	adoption_470_Certificate_Placement_Summary_2	Adoption Placement Summary 2	1646908301937	1646908302119	OK	 
REQUEST	1	adoption_470_Certificate_Placement_Summary_2	Adoption Placement Summary 2 Redirect 1	1646908302120	1646908302188	OK	 
GROUP	1	adoption_470_Certificate_Placement_Summary_2	1646908301936	1646908302263	321	OK
REQUEST	1	adoption_480_Birth_Mother	Adoption Mother's Details	1646908303267	1646908303353	OK	 
GROUP	1	adoption_480_Birth_Mother	1646908303266	1646908303426	156	OK
REQUEST	1	adoption_490_Birth_Mother_Name	Adoption Mother's Name	1646908304435	1646908305602	OK	 
REQUEST	1	adoption_490_Birth_Mother_Name	Adoption Mother's Name Redirect 1	1646908305603	1646908306364	OK	 
GROUP	1	adoption_490_Birth_Mother_Name	1646908304434	1646908306452	2013	OK
REQUEST	1	adoption_495_Birth_Mother	Adoption Mother's Details	1646908307446	1646908307847	OK	 
GROUP	1	adoption_495_Birth_Mother	1646908307445	1646908307925	476	OK
REQUEST	1	adoption_500_Birth_Mother_Alive	Adoption Mother Still Alive?	1646908308926	1646908309381	OK	 
REQUEST	1	adoption_500_Birth_Mother_Alive	Adoption Mother Still Alive? Redirect 1	1646908309382	1646908309694	OK	 
GROUP	1	adoption_500_Birth_Mother_Alive	1646908308925	1646908309841	911	OK
REQUEST	1	adoption_510_Birth_Mother_Nationality_Add	Adoption Mother's Nationality Add	1646908310847	1646908311238	OK	 
REQUEST	1	adoption_510_Birth_Mother_Nationality_Add	Adoption Mother's Nationality Add Redirect 1	1646908311239	1646908311314	OK	 
GROUP	1	adoption_510_Birth_Mother_Nationality_Add	1646908310846	1646908311380	529	OK
REQUEST	1	adoption_520_Birth_Mother_Nationality_POSt	Adoption Mother's Nationality	1646908312376	1646908312546	OK	 
REQUEST	1	adoption_520_Birth_Mother_Nationality_POSt	Adoption Mother's Nationality Redirect 1	1646908312547	1646908312603	OK	 
GROUP	1	adoption_520_Birth_Mother_Nationality_POSt	1646908312376	1646908312672	293	OK
REQUEST	1	adoption_530_Birth_Mother_Occupation	Adoption Mother's Occupation	1646908313675	1646908314046	OK	 
REQUEST	1	adoption_530_Birth_Mother_Occupation	Adoption Mother's Occupation Redirect 1	1646908314047	1646908314109	OK	 
GROUP	1	adoption_530_Birth_Mother_Occupation	1646908313675	1646908314184	506	OK
REQUEST	1	adoption_535_Birth_Mother_Occupation_Redirect	Adoption Mother's Details Redirect	1646908315194	1646908315337	OK	 
GROUP	1	adoption_535_Birth_Mother_Occupation_Redirect	1646908315194	1646908315413	217	OK
REQUEST	1	adoption_540_Birth_Mother_Occupation	Adoption Mother's Address Known	1646908316406	1646908316597	OK	 
REQUEST	1	adoption_540_Birth_Mother_Occupation	Adoption Mother's Address Known Redirect 1	1646908316598	1646908316658	OK	 
GROUP	1	adoption_540_Birth_Mother_Occupation	1646908316405	1646908316744	334	OK
REQUEST	1	adoption_550_Birth_Mother_Address_Manual	Adoption Mother's Address Manual	1646908317736	1646908318238	OK	 
GROUP	1	adoption_550_Birth_Mother_Address_Manual	1646908317736	1646908318428	690	OK
REQUEST	1	adoption_560_Birth_Mother_Address_POST	Adoption Mother's Address	1646908319435	1646908319701	OK	 
REQUEST	1	adoption_560_Birth_Mother_Address_POST	Adoption Mother's Address Redirect 1	1646908319702	1646908319836	OK	 
GROUP	1	adoption_560_Birth_Mother_Address_POST	1646908319434	1646908319906	467	OK
REQUEST	1	adoption_570_Birth_Father_Details	Adoption Father's Details	1646908320916	1646908321198	OK	 
GROUP	1	adoption_570_Birth_Father_Details	1646908320915	1646908321378	460	OK
REQUEST	1	adoption_580_Birth_Father_Details_POST	Adoption Father's Details On Certificate	1646908322376	1646908322841	OK	 
REQUEST	1	adoption_580_Birth_Father_Details_POST	Adoption Father's Details On Certificate Redirect 1	1646908322842	1646908323054	OK	 
GROUP	1	adoption_580_Birth_Father_Details_POST	1646908322376	1646908323172	793	OK
REQUEST	1	adoption_590_Birth_Father_Name	Adoption Father's Name	1646908324167	1646908324559	OK	 
REQUEST	1	adoption_590_Birth_Father_Name	Adoption Father's Name Redirect 1	1646908324560	1646908324614	OK	 
GROUP	1	adoption_590_Birth_Father_Name	1646908324166	1646908324685	515	OK
REQUEST	1	adoption_600_Birth_Father_Alive	Adoption Father Still alive?	1646908325686	1646908325925	OK	 
REQUEST	1	adoption_600_Birth_Father_Alive	Adoption Father Still alive? Redirect 1	1646908325927	1646908326003	OK	 
GROUP	1	adoption_600_Birth_Father_Alive	1646908325686	1646908326081	389	OK
REQUEST	1	adoption_610_Birth_Father_Nationality_Add	Adoption Father add Nationality	1646908327077	1646908327305	OK	 
REQUEST	1	adoption_610_Birth_Father_Nationality_Add	Adoption Father add Nationality Redirect 1	1646908327306	1646908327387	OK	 
GROUP	1	adoption_610_Birth_Father_Nationality_Add	1646908327076	1646908327461	380	OK
REQUEST	1	adoption_620_Birth_Father_Nationality_POST	Adoption Father's Nationality	1646908328466	1646908328656	OK	 
REQUEST	1	adoption_620_Birth_Father_Nationality_POST	Adoption Father's Nationality Redirect 1	1646908328657	1646908328716	OK	 
GROUP	1	adoption_620_Birth_Father_Nationality_POST	1646908328466	1646908328788	319	OK
REQUEST	1	adoption_630_Birth_Father_Occupation	Adoption Father's Occupation	1646908329785	1646908330365	OK	 
REQUEST	1	adoption_630_Birth_Father_Occupation	Adoption Father's Occupation Redirect 1	1646908330367	1646908330644	OK	 
GROUP	1	adoption_630_Birth_Father_Occupation	1646908329785	1646908330747	957	OK
REQUEST	1	adoption_640_Birth_Father_Occupation_Address_Known	Adoption Father's Address Known?	1646908331755	1646908331929	OK	 
REQUEST	1	adoption_640_Birth_Father_Occupation_Address_Known	Adoption Father's Address Known? Redirect 1	1646908331931	1646908332035	OK	 
GROUP	1	adoption_640_Birth_Father_Occupation_Address_Known	1646908331755	1646908332170	411	OK
REQUEST	1	adoption_640_Birth_Father_Occupation_Address_Manual	Adoption Father's Address Manual	1646908333164	1646908333402	OK	 
GROUP	1	adoption_640_Birth_Father_Occupation_Address_Manual	1646908333164	1646908333578	411	OK
REQUEST	1	adoption_640_Birth_Father_Occupation_Address_POST	Adoption Father's Address	1646908334585	1646908334879	OK	 
REQUEST	1	adoption_640_Birth_Father_Occupation_Address_POST	Adoption Father's Address Redirect 1	1646908334880	1646908334976	OK	 
GROUP	1	adoption_640_Birth_Father_Occupation_Address_POST	1646908334585	1646908335181	591	OK
REQUEST	1	adoption_650_Other_Parent_Exists	Adoption Other Parent	1646908336174	1646908336418	OK	 
GROUP	1	adoption_650_Other_Parent_Exists	1646908336174	1646908336559	382	OK
REQUEST	1	adoption_660_Other_Parent_Exists_POST	Adoption Other Parent Exists	1646908337566	1646908337960	OK	 
REQUEST	1	adoption_660_Other_Parent_Exists_POST	Adoption Other Parent Exists Redirect 1	1646908337961	1646908338020	OK	 
GROUP	1	adoption_660_Other_Parent_Exists_POST	1646908337566	1646908338103	533	OK
REQUEST	1	adoption_670_Other_Parent_Name	Adoption Other Parent Name	1646908339095	1646908339496	OK	 
REQUEST	1	adoption_670_Other_Parent_Name	Adoption Other Parent Name Redirect 1	1646908339498	1646908339575	OK	 
GROUP	1	adoption_670_Other_Parent_Name	1646908339095	1646908339661	560	OK
REQUEST	1	adoption_680_Other_Parent_Address_Known?	Adoption Other Parent Address known?	1646908340666	1646908340849	OK	 
REQUEST	1	adoption_680_Other_Parent_Address_Known?	Adoption Other Parent Address known? Redirect 1	1646908340850	1646908340934	OK	 
GROUP	1	adoption_680_Other_Parent_Address_Known?	1646908340666	1646908341009	339	OK
REQUEST	1	adoption_690_Other_Parent_Address_Manual	Adoption Other Parent Address Manual	1646908342006	1646908342261	OK	 
GROUP	1	adoption_690_Other_Parent_Address_Manual	1646908342006	1646908342380	371	OK
REQUEST	1	adoption_700_Other_Parent_Address_POST	Adoption Other Parent Address Manual	1646908343385	1646908343694	OK	 
REQUEST	1	adoption_700_Other_Parent_Address_POST	Adoption Other Parent Address Manual Redirect 1	1646908343695	1646908343759	OK	 
GROUP	1	adoption_700_Other_Parent_Address_POST	1646908343385	1646908343833	443	OK
REQUEST	1	adoption_710_Agency	Adoption Agency	1646908344826	1646908345230	OK	 
REQUEST	1	adoption_710_Agency	Adoption Agency Redirect 1	1646908345231	1646908345756	OK	 
GROUP	1	adoption_710_Agency	1646908344826	1646908345832	1002	OK
REQUEST	1	adoption_720_Agency_Details	Adoption Agency Details	1646908346834	1646908347119	OK	 
REQUEST	1	adoption_720_Agency_Details	Adoption Agency Details Redirect 1	1646908347120	1646908347208	OK	 
GROUP	1	adoption_720_Agency_Details	1646908346834	1646908347388	551	OK
REQUEST	1	adoption_730_Other_Agency	Adoption Other Agency?	1646908348396	1646908348690	OK	 
REQUEST	1	adoption_730_Other_Agency	Adoption Other Agency? Redirect 1	1646908348691	1646908349003	OK	 
REQUEST	1	adoption_730_Other_Agency	Adoption Other Agency? Redirect 2	1646908349004	1646908349450	OK	 
GROUP	1	adoption_730_Other_Agency	1646908348395	1646908349506	1105	OK
REQUEST	1	adoption_740_Other_Agency_Details	Adoption Other Agency Details	1646908350504	1646908350964	OK	 
REQUEST	1	adoption_740_Other_Agency_Details	Adoption Other Agency Details Redirect 1	1646908350966	1646908351201	OK	 
GROUP	1	adoption_740_Other_Agency_Details	1646908350504	1646908351249	741	OK
REQUEST	1	adoption_750_Social_Worker_Details	Adoption Social Worker Details	1646908352245	1646908352446	OK	 
REQUEST	1	adoption_750_Social_Worker_Details	Adoption Social Worker Details Redirect 1	1646908352448	1646908352518	OK	 
GROUP	1	adoption_750_Social_Worker_Details	1646908352245	1646908352614	364	OK
REQUEST	1	adoption_760_Sibling_Details	Adoption Sibling Details	1646908353624	1646908353800	OK	 
GROUP	1	adoption_760_Sibling_Details	1646908353623	1646908353936	309	OK
REQUEST	1	adoption_770_Sibling_Other?	Adoption Any Sibling?	1646908354936	1646908355314	OK	 
REQUEST	1	adoption_770_Sibling_Other?	Adoption Any Sibling? Redirect 1	1646908355315	1646908355396	OK	 
GROUP	1	adoption_770_Sibling_Other?	1646908354936	1646908355478	537	OK
REQUEST	1	adoption_780_Sibling_Court_Order_Exists?	Adoption Court Order Exists?	1646908356475	1646908356801	OK	 
REQUEST	1	adoption_780_Sibling_Court_Order_Exists?	Adoption Court Order Exists? Redirect 1	1646908356803	1646908357067	OK	 
GROUP	1	adoption_780_Sibling_Court_Order_Exists?	1646908356475	1646908357146	666	OK
REQUEST	1	adoption_790_Sibling_Name?	Adoption Sibling Name	1646908358147	1646908358606	OK	 
REQUEST	1	adoption_790_Sibling_Name?	Adoption Sibling Name Redirect 1	1646908358607	1646908358875	OK	 
REQUEST	1	adoption_790_Sibling_Name?	Adoption Sibling Name Redirect 2	1646908358876	1646908359104	OK	 
GROUP	1	adoption_790_Sibling_Name?	1646908358146	1646908359289	1138	OK
REQUEST	1	adoption_800_Sibling_Order_Type	Adoption Order Type?	1646908360285	1646908360879	OK	 
REQUEST	1	adoption_800_Sibling_Order_Type	Adoption Order Type? Redirect 1	1646908360880	1646908361357	OK	 
GROUP	1	adoption_800_Sibling_Order_Type	1646908360284	1646908361503	1214	OK
REQUEST	1	adoption_810_Sibling_Order_Number	Adoption Order Number	1646908362504	1646908362762	OK	 
REQUEST	1	adoption_810_Sibling_Order_Number	Adoption Order Number Redirect 1	1646908362763	1646908362902	OK	 
GROUP	1	adoption_810_Sibling_Order_Number	1646908362503	1646908363055	547	OK
REQUEST	1	adoption_820_Sibling_New_Order?	Adoption Add New Order?	1646908364066	1646908364304	OK	 
REQUEST	1	adoption_820_Sibling_New_Order?	Adoption Add New Order? Redirect 1	1646908364305	1646908364437	OK	 
GROUP	1	adoption_820_Sibling_New_Order?	1646908364065	1646908364562	490	OK
REQUEST	1	adoption_830_Sibling_Select	Adoption Select Sibling	1646908365556	1646908366017	OK	 
REQUEST	1	adoption_830_Sibling_Select	Adoption Select Sibling Redirect 1	1646908366019	1646908366244	OK	 
REQUEST	1	adoption_830_Sibling_Select	Adoption Select Sibling Redirect 2	1646908366245	1646908366531	OK	 
GROUP	1	adoption_830_Sibling_Select	1646908365556	1646908366660	1093	OK
REQUEST	1	adoption_840_Sibling_Select	Adoption Order Type	1646908367655	1646908367861	OK	 
REQUEST	1	adoption_840_Sibling_Select	Adoption Order Type Redirect 1	1646908367863	1646908368081	OK	 
GROUP	1	adoption_840_Sibling_Select	1646908367655	1646908368151	491	OK
REQUEST	1	adoption_850_Sibling_Select	Adoption Order Number	1646908369156	1646908369703	OK	 
REQUEST	1	adoption_850_Sibling_Select	Adoption Order Number Redirect 1	1646908369705	1646908369791	OK	 
GROUP	1	adoption_850_Sibling_Select	1646908369155	1646908369879	718	OK
REQUEST	1	adoption_855_Sibling_Select	Adoption Order Number	1646908370875	1646908371121	OK	 
REQUEST	1	adoption_855_Sibling_Select	Adoption Order Number Redirect 1	1646908371122	1646908371190	OK	 
GROUP	1	adoption_855_Sibling_Select	1646908370875	1646908371263	385	OK
REQUEST	1	adoption_860_Sibling_Select	Adoption Order Number	1646908371263	1646908371453	OK	 
REQUEST	1	adoption_860_Sibling_Select	Adoption Order Number Redirect 1	1646908371454	1646908371556	OK	 
GROUP	1	adoption_860_Sibling_Select	1646908371263	1646908371673	406	OK
REQUEST	1	adoption_861_Family_Court	Adoption Family Court Redirect	1646908372676	1646908372855	OK	 
GROUP	1	adoption_861_Family_Court	1646908372675	1646908372935	257	OK
REQUEST	1	adoption_862_Family_Court_POST	Adoption Family Court Redirect	1646908372935	1646908373262	OK	 
REQUEST	1	adoption_862_Family_Court_POST	Adoption Family Court Redirect Redirect 1	1646908373263	1646908373586	OK	 
GROUP	1	adoption_862_Family_Court_POST	1646908372935	1646908373722	784	OK
REQUEST	1	adoption_870_Upload_Document	Adoption Birth Certificate Details	1646908373722	1646908373969	OK	 
GROUP	1	adoption_870_Upload_Document	1646908373722	1646908374148	423	OK
REQUEST	1	adoption_885_Upload_Document_POST	Adoption Certificate Upload POST	1646908375154	1646908375438	OK	 
REQUEST	1	adoption_885_Upload_Document_POST	Adoption Certificate Upload POST Redirect 1	1646908375439	1646908375598	OK	 
GROUP	1	adoption_885_Upload_Document_POST	1646908375153	1646908375700	542	OK
USER	LAU Simulation	1	END	1646908213374	1646908376699
