RUN	simulations.mainSimulation	mainsimulation	1646912342278	 	3.3.1
USER	LAU Simulation	1	START	1646912342856	1646912342856
REQUEST	1	adoption_010_Homepage	Adoption Homepage	1646912342884	1646912347635	OK	 
REQUEST	1	adoption_010_Homepage	Adoption Homepage Redirect 1	1646912347662	1646912347809	OK	 
REQUEST	1	adoption_010_Homepage	Adoption Homepage Redirect 2	1646912347811	1646912347975	OK	 
GROUP	1	adoption_010_Homepage	1646912342865	1646912349426	6420	OK
REQUEST	1	Adoption_020_Login	Adoption Login	1646912350449	1646912350626	OK	 
REQUEST	1	Adoption_020_Login	Adoption Login Redirect 1	1646912350630	1646912350834	OK	 
REQUEST	1	Adoption_020_Login	Adoption Login Redirect 2	1646912350836	1646912353945	OK	 
REQUEST	1	Adoption_020_Login	Adoption Login Redirect 3	1646912353947	1646912357284	OK	 
GROUP	1	Adoption_020_Login	1646912350443	1646912357691	7224	OK
REQUEST	1	Adoption_030_Apply_With	Adoption Applying With	1646912358703	1646912359052	OK	 
GROUP	1	Adoption_030_Apply_With	1646912358701	1646912359326	615	OK
REQUEST	1	Adoption_040_Adoption_Applying_Post	Adoption Applying Post	1646912360324	1646912360893	OK	 
REQUEST	1	Adoption_040_Adoption_Applying_Post	Adoption Applying Post Redirect 1	1646912360895	1646912361001	OK	 
GROUP	1	Adoption_040_Adoption_Applying_Post	1646912360322	1646912361179	847	OK
REQUEST	1	Adoption_050_Adoption_Applying_With_Redirect	Adoption Applying With Redirect	1646912362172	1646912362233	OK	 
GROUP	1	Adoption_050_Adoption_Applying_With_Redirect	1646912362171	1646912362423	246	OK
REQUEST	1	Adoption_060_Date_Of_Move	Adoption Date Child Moved in 	1646912363434	1646912363500	OK	 
GROUP	1	Adoption_060_Date_Of_Move	1646912363433	1646912363544	105	OK
REQUEST	1	Adoption_070_Date_Of_Move_POST	Adoption Date Child Moved in Post	1646912364543	1646912365093	OK	 
REQUEST	1	Adoption_070_Date_Of_Move_POST	Adoption Date Child Moved in Post Redirect 1	1646912365095	1646912365136	OK	 
REQUEST	1	Adoption_070_Date_Of_Move_POST,Adoption_050_Adoption_Applying_With_Redirect	Adoption Applying With Redirect	1646912365188	1646912365226	OK	 
GROUP	1	Adoption_070_Date_Of_Move_POST,Adoption_050_Adoption_Applying_With_Redirect	1646912365187	1646912365271	78	OK
GROUP	1	Adoption_070_Date_Of_Move_POST	1646912364542	1646912366263	714	OK
REQUEST	1	Adoption_080_Your_Details	Adoption Your Personal Details 	1646912367272	1646912367315	OK	 
GROUP	1	Adoption_080_Your_Details	1646912367272	1646912367448	172	OK
REQUEST	1	Adoption_090_Your_Details_POST	Adoption Your Personal Details Post	1646912368444	1646912368881	OK	 
REQUEST	1	Adoption_090_Your_Details_POST	Adoption Your Personal Details Post Redirect 1	1646912368882	1646912368992	OK	 
GROUP	1	Adoption_090_Your_Details_POST	1646912368443	1646912369080	630	OK
REQUEST	1	Adoption_100_Your_Details_Other_Name	Adoption Your Personal Details Other Name	1646912370082	1646912370417	OK	 
REQUEST	1	Adoption_100_Your_Details_Other_Name	Adoption Your Personal Details Other Name Redirect 1	1646912370419	1646912370508	OK	 
GROUP	1	Adoption_100_Your_Details_Other_Name	1646912370081	1646912370637	548	OK
REQUEST	1	Adoption_110_Your_Details_DoB	Adoption Your Personal Details DoB	1646912371643	1646912371696	OK	 
GROUP	1	Adoption_110_Your_Details_DoB	1646912371643	1646912371860	213	OK
REQUEST	1	Adoption_120_Your_Details_DoB_POST	Adoption Your Personal Details DoB POST	1646912372853	1646912373104	OK	 
REQUEST	1	Adoption_120_Your_Details_DoB_POST	Adoption Your Personal Details DoB POST Redirect 1	1646912373106	1646912373210	OK	 
GROUP	1	Adoption_120_Your_Details_DoB_POST	1646912372852	1646912373388	530	OK
REQUEST	1	Adoption_130_Your_Details_Occupation	Adoption Your Personal Details Occupation	1646912374394	1646912374714	OK	 
REQUEST	1	Adoption_130_Your_Details_Occupation	Adoption Your Personal Details Occupation Redirect 1	1646912374716	1646912374756	OK	 
GROUP	1	Adoption_130_Your_Details_Occupation	1646912374393	1646912374897	497	OK
REQUEST	1	Adoption_140_Your_Contact_Details	Adoption Your Contact Details LookUp	1646912375894	1646912375948	OK	 
GROUP	1	Adoption_140_Your_Contact_Details	1646912375893	1646912376008	110	OK
REQUEST	1	Adoption_150_Your_Contact_Details_Manual	Adoption Your Contact Details Manual	1646912377012	1646912377047	OK	 
GROUP	1	Adoption_150_Your_Contact_Details_Manual	1646912377012	1646912377146	129	OK
REQUEST	1	Adoption_160_Your_Contact_Details_Manual_POST	Adoption Your Contact Details Manual POST	1646912378141	1646912378609	OK	 
REQUEST	1	Adoption_160_Your_Contact_Details_Manual_POST	Adoption Your Contact Details Manual POST Redirect 1	1646912378611	1646912378689	OK	 
GROUP	1	Adoption_160_Your_Contact_Details_Manual_POST	1646912378141	1646912378848	702	OK
REQUEST	1	Adoption_170_Your_Contact_Details_POST	Adoption Your Contact Details POST	1646912379853	1646912380041	OK	 
REQUEST	1	Adoption_170_Your_Contact_Details_POST	Adoption Your Contact Details POST Redirect 1	1646912380043	1646912380082	OK	 
GROUP	1	Adoption_170_Your_Contact_Details_POST	1646912379853	1646912380141	282	OK
REQUEST	1	Adoption_180_Second_Personal_Details	Adoption Second Personal Details	1646912381143	1646912381202	OK	 
GROUP	1	Adoption_180_Second_Personal_Details	1646912381143	1646912381257	110	OK
REQUEST	1	Adoption_190_Second_Personal_Details_POST	Adoption Second Personal Details POST	1646912382253	1646912382599	OK	 
REQUEST	1	Adoption_190_Second_Personal_Details_POST	Adoption Second Personal Details POST Redirect 1	1646912382600	1646912382652	OK	 
GROUP	1	Adoption_190_Second_Personal_Details_POST	1646912382252	1646912382800	543	OK
REQUEST	1	Adoption_200_Second_Other_Name	Adoption Second Other Name	1646912383803	1646912384005	OK	 
REQUEST	1	Adoption_200_Second_Other_Name	Adoption Second Other Name Redirect 1	1646912384007	1646912384079	OK	 
GROUP	1	Adoption_200_Second_Other_Name	1646912383802	1646912384226	417	OK
REQUEST	1	Adoption_210_Second_Other_Name_Redirect	Adoption Second Other Name Redirect	1646912385232	1646912385609	OK	 
REQUEST	1	Adoption_210_Second_Other_Name_Redirect	Adoption Second Other Name Redirect Redirect 1	1646912385611	1646912385654	OK	 
GROUP	1	Adoption_210_Second_Other_Name_Redirect	1646912385232	1646912385885	648	OK
REQUEST	1	Adoption_220_Second_DoB	Adoption Second DoB	1646912386882	1646912387184	OK	 
REQUEST	1	Adoption_220_Second_DoB	Adoption Second DoB Redirect 1	1646912387185	1646912387363	OK	 
GROUP	1	Adoption_220_Second_DoB	1646912386881	1646912387542	655	OK
REQUEST	1	Adoption_230_Second_Occupation	Adoption Second Occupation	1646912388541	1646912388704	OK	 
REQUEST	1	Adoption_230_Second_Occupation	Adoption Second Occupation Redirect 1	1646912388705	1646912388774	OK	 
GROUP	1	Adoption_230_Second_Occupation	1646912388540	1646912388829	284	OK
REQUEST	1	Adoption_240_Second_Contact_Details_Same_Address	Adoption Second Contact Details Same-Address	1646912389833	1646912389877	OK	 
GROUP	1	Adoption_240_Second_Contact_Details_Same_Address	1646912389832	1646912390228	392	OK
REQUEST	1	Adoption_250_Second_Contact_Details_Same_Address_POST	Adoption Second Contact Details Same-Address POST	1646912391223	1646912391630	OK	 
REQUEST	1	Adoption_250_Second_Contact_Details_Same_Address_POST	Adoption Second Contact Details Same-Address POST Redirect 1	1646912391632	1646912391713	OK	 
GROUP	1	Adoption_250_Second_Contact_Details_Same_Address_POST	1646912391222	1646912391755	527	OK
REQUEST	1	Adoption_260_Second_Contact_Details_Manual_Redirect	Adoption Second Contact Details manual redirect	1646912392763	1646912392806	OK	 
GROUP	1	Adoption_260_Second_Contact_Details_Manual_Redirect	1646912392762	1646912392855	88	OK
REQUEST	1	Adoption_270_Second_Contact_Details_Manual_POST	Adoption Second Contact Details manual POST	1646912393851	1646912394054	OK	 
REQUEST	1	Adoption_270_Second_Contact_Details_Manual_POST	Adoption Second Contact Details manual POST Redirect 1	1646912394055	1646912394123	OK	 
GROUP	1	Adoption_270_Second_Contact_Details_Manual_POST	1646912393851	1646912394235	379	OK
REQUEST	1	Adoption_280_Second_Contact_Details__POST	Adoption Second Contact Details POST	1646912395243	1646912395432	OK	 
REQUEST	1	Adoption_280_Second_Contact_Details__POST	Adoption Second Contact Details POST Redirect 1	1646912395434	1646912395474	OK	 
GROUP	1	Adoption_280_Second_Contact_Details__POST	1646912395242	1646912395577	329	OK
REQUEST	1	adoption_290_Birth_Certificate	Adoption Birth Certificate Details	1646912396572	1646912396609	OK	 
GROUP	1	adoption_290_Birth_Certificate	1646912396572	1646912396920	345	OK
REQUEST	1	adoption_300_Birth_Certificate_Name	Adoption Birth Certificate Name	1646912397934	1646912398125	OK	 
REQUEST	1	adoption_300_Birth_Certificate_Name	Adoption Birth Certificate Name Redirect 1	1646912398126	1646912398327	OK	 
GROUP	1	adoption_300_Birth_Certificate_Name	1646912397933	1646912398592	654	OK
REQUEST	1	adoption_320_Birth_Certificate_DoB	Adoption Birth Certificate DoB	1646912399583	1646912399896	OK	 
REQUEST	1	adoption_320_Birth_Certificate_DoB	Adoption Birth Certificate DoB Redirect 1	1646912399898	1646912400014	OK	 
GROUP	1	adoption_320_Birth_Certificate_DoB	1646912399582	1646912400067	479	OK
REQUEST	1	adoption_330_Birth_Certificate_Sex	Adoption Birth Certificate Sex	1646912401063	1646912401257	OK	 
REQUEST	1	adoption_330_Birth_Certificate_Sex	Adoption Birth Certificate Sex Redirect 1	1646912401258	1646912401305	OK	 
GROUP	1	adoption_330_Birth_Certificate_Sex	1646912401063	1646912401354	287	OK
REQUEST	1	adoption_340_Birth_Certificate_Nationality_Add	Adoption Birth Certificate Nationality Add	1646912402360	1646912402523	OK	 
REQUEST	1	adoption_340_Birth_Certificate_Nationality_Add	Adoption Birth Certificate Nationality Add Redirect 1	1646912402525	1646912402635	OK	 
GROUP	1	adoption_340_Birth_Certificate_Nationality_Add	1646912402360	1646912403024	659	OK
REQUEST	1	adoption_350_Birth_Certificate_Nationality_POST	Adoption Birth Certificate Nationality POST	1646912404023	1646912404372	OK	 
REQUEST	1	adoption_350_Birth_Certificate_Nationality_POST	Adoption Birth Certificate Nationality POST Redirect 1	1646912404373	1646912404420	OK	 
GROUP	1	adoption_350_Birth_Certificate_Nationality_POST	1646912404022	1646912404884	857	OK
REQUEST	1	adoption_360_Certificate_Details	Adoption Certificate Details	1646912405883	1646912405924	OK	 
GROUP	1	adoption_360_Certificate_Details	1646912405883	1646912406151	265	OK
REQUEST	1	adoption_370_Certificate_Details_Name	Adoption Certificate Details Name	1646912407143	1646912407319	OK	 
REQUEST	1	adoption_370_Certificate_Details_Name	Adoption Certificate Details Name Redirect 1	1646912407320	1646912407356	OK	 
GROUP	1	adoption_370_Certificate_Details_Name	1646912407143	1646912408402	252	OK
REQUEST	1	adoption_380_Placement_Order	Adoption Placement Order Details	1646912408402	1646912408607	OK	 
GROUP	1	adoption_380_Placement_Order	1646912408402	1646912408734	329	OK
REQUEST	1	adoption_390_Certificate_Placement_Order_Number	Adoption Placement Order Number	1646912409742	1646912410001	OK	 
REQUEST	1	adoption_390_Certificate_Placement_Order_Number	Adoption Placement Order Number Redirect 1	1646912410002	1646912410203	OK	 
GROUP	1	adoption_390_Certificate_Placement_Order_Number	1646912409741	1646912410707	961	OK
REQUEST	1	adoption_400_Certificate_Placement_Court	Adoption Placement Court	1646912411701	1646912411943	OK	 
REQUEST	1	adoption_400_Certificate_Placement_Court	Adoption Placement Court Redirect 1	1646912411945	1646912412224	OK	 
GROUP	1	adoption_400_Certificate_Placement_Court	1646912411701	1646912412402	696	OK
REQUEST	1	adoption_410_Certificate_Placement_Date	Adoption Placement Date	1646912413411	1646912413728	OK	 
REQUEST	1	adoption_410_Certificate_Placement_Date	Adoption Placement Date Redirect 1	1646912413730	1646912414347	OK	 
GROUP	1	adoption_410_Certificate_Placement_Date	1646912413410	1646912414604	1188	OK
REQUEST	1	adoption_420_Certificate_Placement_Summary	Adoption Placement Summary	1646912415601	1646912415789	OK	 
REQUEST	1	adoption_420_Certificate_Placement_Summary	Adoption Placement Summary Redirect 1	1646912415790	1646912415974	OK	 
REQUEST	1	adoption_420_Certificate_Placement_Summary	Adoption Placement Summary Redirect 2	1646912415975	1646912416160	OK	 
GROUP	1	adoption_420_Certificate_Placement_Summary	1646912415601	1646912416509	904	OK
REQUEST	1	adoption_430_Certificate_Placement_Type_2	Adoption Placement Type 2	1646912417501	1646912417930	OK	 
REQUEST	1	adoption_430_Certificate_Placement_Type_2	Adoption Placement Type 2 Redirect 1	1646912417931	1646912418237	OK	 
GROUP	1	adoption_430_Certificate_Placement_Type_2	1646912417500	1646912418372	866	OK
REQUEST	1	adoption_440_Certificate_Placement_Order_Number_2	Adoption Placement Order Number 2	1646912419383	1646912419576	OK	 
REQUEST	1	adoption_440_Certificate_Placement_Order_Number_2	Adoption Placement Order Number 2 Redirect 1	1646912419577	1646912419786	OK	 
GROUP	1	adoption_440_Certificate_Placement_Order_Number_2	1646912419382	1646912420421	1034	OK
REQUEST	1	adoption_450_Certificate_Placement_Court_2	Adoption Placement Court 2	1646912421414	1646912421581	OK	 
REQUEST	1	adoption_450_Certificate_Placement_Court_2	Adoption Placement Court 2 Redirect 1	1646912421582	1646912421832	OK	 
GROUP	1	adoption_450_Certificate_Placement_Court_2	1646912421413	1646912421881	463	OK
REQUEST	1	adoption_460_Certificate_Placement_Date_2	Adoption Placement Date 2	1646912422893	1646912423101	OK	 
REQUEST	1	adoption_460_Certificate_Placement_Date_2	Adoption Placement Date 2 Redirect 1	1646912423103	1646912423311	OK	 
GROUP	1	adoption_460_Certificate_Placement_Date_2	1646912422892	1646912423406	508	OK
REQUEST	1	adoption_470_Certificate_Placement_Summary_2	Adoption Placement Summary 2	1646912424402	1646912424856	OK	 
REQUEST	1	adoption_470_Certificate_Placement_Summary_2	Adoption Placement Summary 2 Redirect 1	1646912424857	1646912424896	OK	 
GROUP	1	adoption_470_Certificate_Placement_Summary_2	1646912424401	1646912424962	556	OK
REQUEST	1	adoption_480_Birth_Mother	Adoption Mother's Details	1646912425963	1646912426200	OK	 
GROUP	1	adoption_480_Birth_Mother	1646912425962	1646912426377	411	OK
REQUEST	1	adoption_490_Birth_Mother_Name	Adoption Mother's Name	1646912427373	1646912427657	OK	 
REQUEST	1	adoption_490_Birth_Mother_Name	Adoption Mother's Name Redirect 1	1646912427659	1646912427705	OK	 
GROUP	1	adoption_490_Birth_Mother_Name	1646912427373	1646912428116	738	OK
REQUEST	1	adoption_495_Birth_Mother	Adoption Mother's Details	1646912429122	1646912429166	OK	 
GROUP	1	adoption_495_Birth_Mother	1646912429121	1646912429345	220	OK
REQUEST	1	adoption_500_Birth_Mother_Alive	Adoption Mother Still Alive?	1646912430344	1646912430548	OK	 
REQUEST	1	adoption_500_Birth_Mother_Alive	Adoption Mother Still Alive? Redirect 1	1646912430549	1646912430640	OK	 
GROUP	1	adoption_500_Birth_Mother_Alive	1646912430343	1646912430693	345	OK
REQUEST	1	adoption_510_Birth_Mother_Nationality_Add	Adoption Mother's Nationality Add	1646912431703	1646912431916	OK	 
REQUEST	1	adoption_510_Birth_Mother_Nationality_Add	Adoption Mother's Nationality Add Redirect 1	1646912431917	1646912432008	OK	 
GROUP	1	adoption_510_Birth_Mother_Nationality_Add	1646912431702	1646912432060	352	OK
REQUEST	1	adoption_520_Birth_Mother_Nationality_POSt	Adoption Mother's Nationality	1646912433051	1646912433392	OK	 
REQUEST	1	adoption_520_Birth_Mother_Nationality_POSt	Adoption Mother's Nationality Redirect 1	1646912433393	1646912433470	OK	 
GROUP	1	adoption_520_Birth_Mother_Nationality_POSt	1646912433051	1646912433706	651	OK
REQUEST	1	adoption_530_Birth_Mother_Occupation	Adoption Mother's Occupation	1646912434711	1646912435133	OK	 
REQUEST	1	adoption_530_Birth_Mother_Occupation	Adoption Mother's Occupation Redirect 1	1646912435134	1646912435214	OK	 
GROUP	1	adoption_530_Birth_Mother_Occupation	1646912434711	1646912435447	732	OK
REQUEST	1	adoption_535_Birth_Mother_Occupation_Redirect	Adoption Mother's Details Redirect	1646912436441	1646912436492	OK	 
GROUP	1	adoption_535_Birth_Mother_Occupation_Redirect	1646912436441	1646912436540	96	OK
REQUEST	1	adoption_540_Birth_Mother_Occupation	Adoption Mother's Address Known	1646912437541	1646912437847	OK	 
REQUEST	1	adoption_540_Birth_Mother_Occupation	Adoption Mother's Address Known Redirect 1	1646912437849	1646912437938	OK	 
GROUP	1	adoption_540_Birth_Mother_Occupation	1646912437541	1646912438084	538	OK
REQUEST	1	adoption_550_Birth_Mother_Address_Manual	Adoption Mother's Address Manual	1646912439093	1646912439383	OK	 
GROUP	1	adoption_550_Birth_Mother_Address_Manual	1646912439092	1646912439740	644	OK
REQUEST	1	adoption_560_Birth_Mother_Address_POST	Adoption Mother's Address	1646912440732	1646912441072	OK	 
REQUEST	1	adoption_560_Birth_Mother_Address_POST	Adoption Mother's Address Redirect 1	1646912441073	1646912441123	OK	 
GROUP	1	adoption_560_Birth_Mother_Address_POST	1646912440732	1646912441164	428	OK
REQUEST	1	adoption_570_Birth_Father_Details	Adoption Father's Details	1646912442172	1646912442223	OK	 
GROUP	1	adoption_570_Birth_Father_Details	1646912442172	1646912442265	91	OK
REQUEST	1	adoption_580_Birth_Father_Details_POST	Adoption Father's Details On Certificate	1646912443263	1646912443734	OK	 
REQUEST	1	adoption_580_Birth_Father_Details_POST	Adoption Father's Details On Certificate Redirect 1	1646912443735	1646912443791	OK	 
GROUP	1	adoption_580_Birth_Father_Details_POST	1646912443263	1646912443985	718	OK
REQUEST	1	adoption_590_Birth_Father_Name	Adoption Father's Name	1646912444981	1646912445171	OK	 
REQUEST	1	adoption_590_Birth_Father_Name	Adoption Father's Name Redirect 1	1646912445173	1646912445221	OK	 
GROUP	1	adoption_590_Birth_Father_Name	1646912444981	1646912445262	276	OK
REQUEST	1	adoption_600_Birth_Father_Alive	Adoption Father Still alive?	1646912446261	1646912446704	OK	 
REQUEST	1	adoption_600_Birth_Father_Alive	Adoption Father Still alive? Redirect 1	1646912446705	1646912446750	OK	 
GROUP	1	adoption_600_Birth_Father_Alive	1646912446261	1646912446795	531	OK
REQUEST	1	adoption_610_Birth_Father_Nationality_Add	Adoption Father add Nationality	1646912447801	1646912447973	OK	 
REQUEST	1	adoption_610_Birth_Father_Nationality_Add	Adoption Father add Nationality Redirect 1	1646912447975	1646912448032	OK	 
GROUP	1	adoption_610_Birth_Father_Nationality_Add	1646912447801	1646912448169	364	OK
REQUEST	1	adoption_620_Birth_Father_Nationality_POST	Adoption Father's Nationality	1646912449163	1646912449363	OK	 
REQUEST	1	adoption_620_Birth_Father_Nationality_POST	Adoption Father's Nationality Redirect 1	1646912449364	1646912449405	OK	 
GROUP	1	adoption_620_Birth_Father_Nationality_POST	1646912449162	1646912449454	287	OK
REQUEST	1	adoption_630_Birth_Father_Occupation	Adoption Father's Occupation	1646912450463	1646912450847	OK	 
REQUEST	1	adoption_630_Birth_Father_Occupation	Adoption Father's Occupation Redirect 1	1646912450849	1646912450888	OK	 
GROUP	1	adoption_630_Birth_Father_Occupation	1646912450462	1646912451125	658	OK
REQUEST	1	adoption_640_Birth_Father_Occupation_Address_Known	Adoption Father's Address Known?	1646912452123	1646912452404	OK	 
REQUEST	1	adoption_640_Birth_Father_Occupation_Address_Known	Adoption Father's Address Known? Redirect 1	1646912452406	1646912452566	OK	 
GROUP	1	adoption_640_Birth_Father_Occupation_Address_Known	1646912452122	1646912452743	615	OK
REQUEST	1	adoption_640_Birth_Father_Occupation_Address_Manual	Adoption Father's Address Manual	1646912453743	1646912453855	OK	 
GROUP	1	adoption_640_Birth_Father_Occupation_Address_Manual	1646912453743	1646912453901	155	OK
REQUEST	1	adoption_640_Birth_Father_Occupation_Address_POST	Adoption Father's Address	1646912454893	1646912455305	OK	 
REQUEST	1	adoption_640_Birth_Father_Occupation_Address_POST	Adoption Father's Address Redirect 1	1646912455306	1646912455351	OK	 
GROUP	1	adoption_640_Birth_Father_Occupation_Address_POST	1646912454893	1646912455400	503	OK
REQUEST	1	adoption_650_Other_Parent_Exists	Adoption Other Parent	1646912456401	1646912456453	OK	 
GROUP	1	adoption_650_Other_Parent_Exists	1646912456400	1646912456549	145	OK
REQUEST	1	adoption_660_Other_Parent_Exists_POST	Adoption Other Parent Exists	1646912457552	1646912457737	OK	 
REQUEST	1	adoption_660_Other_Parent_Exists_POST	Adoption Other Parent Exists Redirect 1	1646912457739	1646912457784	OK	 
GROUP	1	adoption_660_Other_Parent_Exists_POST	1646912457552	1646912458673	1116	OK
REQUEST	1	adoption_670_Other_Parent_Name	Adoption Other Parent Name	1646912459681	1646912460016	OK	 
REQUEST	1	adoption_670_Other_Parent_Name	Adoption Other Parent Name Redirect 1	1646912460017	1646912460071	OK	 
GROUP	1	adoption_670_Other_Parent_Name	1646912459681	1646912460114	430	OK
REQUEST	1	adoption_680_Other_Parent_Address_Known?	Adoption Other Parent Address known?	1646912461114	1646912461323	OK	 
REQUEST	1	adoption_680_Other_Parent_Address_Known?	Adoption Other Parent Address known? Redirect 1	1646912461324	1646912461360	OK	 
GROUP	1	adoption_680_Other_Parent_Address_Known?	1646912461113	1646912461486	370	OK
REQUEST	1	adoption_690_Other_Parent_Address_Manual	Adoption Other Parent Address Manual	1646912462483	1646912462537	OK	 
GROUP	1	adoption_690_Other_Parent_Address_Manual	1646912462483	1646912462585	99	OK
REQUEST	1	adoption_700_Other_Parent_Address_POST	Adoption Other Parent Address Manual	1646912463584	1646912463846	OK	 
REQUEST	1	adoption_700_Other_Parent_Address_POST	Adoption Other Parent Address Manual Redirect 1	1646912463847	1646912463935	OK	 
GROUP	1	adoption_700_Other_Parent_Address_POST	1646912463583	1646912464081	493	OK
REQUEST	1	adoption_710_Agency	Adoption Agency	1646912465073	1646912465417	OK	 
REQUEST	1	adoption_710_Agency	Adoption Agency Redirect 1	1646912465419	1646912465775	OK	 
GROUP	1	adoption_710_Agency	1646912465072	1646912465929	851	OK
REQUEST	1	adoption_720_Agency_Details	Adoption Agency Details	1646912466933	1646912467107	OK	 
REQUEST	1	adoption_720_Agency_Details	Adoption Agency Details Redirect 1	1646912467109	1646912467166	OK	 
GROUP	1	adoption_720_Agency_Details	1646912466932	1646912467213	276	OK
REQUEST	1	adoption_730_Other_Agency	Adoption Other Agency?	1646912468222	1646912468412	OK	 
REQUEST	1	adoption_730_Other_Agency	Adoption Other Agency? Redirect 1	1646912468414	1646912468576	OK	 
REQUEST	1	adoption_730_Other_Agency	Adoption Other Agency? Redirect 2	1646912468578	1646912468754	OK	 
GROUP	1	adoption_730_Other_Agency	1646912468221	1646912468920	691	OK
REQUEST	1	adoption_740_Other_Agency_Details	Adoption Other Agency Details	1646912469913	1646912470106	OK	 
REQUEST	1	adoption_740_Other_Agency_Details	Adoption Other Agency Details Redirect 1	1646912470108	1646912470151	OK	 
GROUP	1	adoption_740_Other_Agency_Details	1646912469913	1646912470304	387	OK
REQUEST	1	adoption_750_Social_Worker_Details	Adoption Social Worker Details	1646912471312	1646912471689	OK	 
REQUEST	1	adoption_750_Social_Worker_Details	Adoption Social Worker Details Redirect 1	1646912471690	1646912471752	OK	 
GROUP	1	adoption_750_Social_Worker_Details	1646912471312	1646912471845	529	OK
REQUEST	1	adoption_760_Sibling_Details	Adoption Sibling Details	1646912472841	1646912472896	OK	 
GROUP	1	adoption_760_Sibling_Details	1646912472841	1646912473217	373	OK
REQUEST	1	adoption_770_Sibling_Other?	Adoption Any Sibling?	1646912474222	1646912474556	OK	 
REQUEST	1	adoption_770_Sibling_Other?	Adoption Any Sibling? Redirect 1	1646912474558	1646912474595	OK	 
GROUP	1	adoption_770_Sibling_Other?	1646912474222	1646912474813	584	OK
REQUEST	1	adoption_780_Sibling_Court_Order_Exists?	Adoption Court Order Exists?	1646912475812	1646912476006	OK	 
REQUEST	1	adoption_780_Sibling_Court_Order_Exists?	Adoption Court Order Exists? Redirect 1	1646912476007	1646912476305	OK	 
GROUP	1	adoption_780_Sibling_Court_Order_Exists?	1646912475811	1646912476601	785	OK
REQUEST	1	adoption_790_Sibling_Name?	Adoption Sibling Name	1646912477603	1646912477786	OK	 
REQUEST	1	adoption_790_Sibling_Name?	Adoption Sibling Name Redirect 1	1646912477787	1646912478218	OK	 
REQUEST	1	adoption_790_Sibling_Name?	Adoption Sibling Name Redirect 2	1646912478219	1646912478585	OK	 
GROUP	1	adoption_790_Sibling_Name?	1646912477602	1646912478936	1328	OK
REQUEST	1	adoption_800_Sibling_Order_Type	Adoption Order Type?	1646912479933	1646912480096	OK	 
REQUEST	1	adoption_800_Sibling_Order_Type	Adoption Order Type? Redirect 1	1646912480097	1646912480301	OK	 
GROUP	1	adoption_800_Sibling_Order_Type	1646912479932	1646912480962	1025	OK
REQUEST	1	adoption_810_Sibling_Order_Number	Adoption Order Number	1646912481971	1646912482236	OK	 
REQUEST	1	adoption_810_Sibling_Order_Number	Adoption Order Number Redirect 1	1646912482237	1646912482292	OK	 
GROUP	1	adoption_810_Sibling_Order_Number	1646912481971	1646912482459	484	OK
REQUEST	1	adoption_820_Sibling_New_Order?	Adoption Add New Order?	1646912483452	1646912483645	OK	 
REQUEST	1	adoption_820_Sibling_New_Order?	Adoption Add New Order? Redirect 1	1646912483646	1646912483691	OK	 
GROUP	1	adoption_820_Sibling_New_Order?	1646912483451	1646912483771	313	OK
REQUEST	1	adoption_830_Sibling_Select	Adoption Select Sibling	1646912484782	1646912484936	OK	 
REQUEST	1	adoption_830_Sibling_Select	Adoption Select Sibling Redirect 1	1646912484937	1646912485205	OK	 
REQUEST	1	adoption_830_Sibling_Select	Adoption Select Sibling Redirect 2	1646912485207	1646912485718	OK	 
GROUP	1	adoption_830_Sibling_Select	1646912484782	1646912485752	964	OK
REQUEST	1	adoption_840_Sibling_Select	Adoption Order Type	1646912486752	1646912486945	OK	 
REQUEST	1	adoption_840_Sibling_Select	Adoption Order Type Redirect 1	1646912486947	1646912487254	OK	 
GROUP	1	adoption_840_Sibling_Select	1646912486751	1646912487305	548	OK
REQUEST	1	adoption_850_Sibling_Select	Adoption Order Number	1646912488302	1646912488554	OK	 
REQUEST	1	adoption_850_Sibling_Select	Adoption Order Number Redirect 1	1646912488556	1646912488606	OK	 
GROUP	1	adoption_850_Sibling_Select	1646912488302	1646912488930	622	OK
REQUEST	1	adoption_855_Sibling_Select	Adoption Order Number	1646912489922	1646912490340	OK	 
REQUEST	1	adoption_855_Sibling_Select	Adoption Order Number Redirect 1	1646912490342	1646912490493	OK	 
GROUP	1	adoption_855_Sibling_Select	1646912489922	1646912490836	909	OK
REQUEST	1	adoption_860_Sibling_Select	Adoption Order Number	1646912490837	1646912491300	OK	 
REQUEST	1	adoption_860_Sibling_Select	Adoption Order Number Redirect 1	1646912491301	1646912491342	OK	 
GROUP	1	adoption_860_Sibling_Select	1646912490837	1646912491480	639	OK
REQUEST	1	adoption_861_Family_Court	Adoption Family Court Redirect	1646912492483	1646912492545	OK	 
GROUP	1	adoption_861_Family_Court	1646912492483	1646912492591	105	OK
REQUEST	1	adoption_862_Family_Court_POST	Adoption Family Court Redirect	1646912492592	1646912492834	OK	 
REQUEST	1	adoption_862_Family_Court_POST	Adoption Family Court Redirect Redirect 1	1646912492836	1646912492881	OK	 
GROUP	1	adoption_862_Family_Court_POST	1646912492591	1646912492925	328	OK
REQUEST	1	adoption_870_Upload_Document	Adoption Birth Certificate Details	1646912492926	1646912493002	OK	 
GROUP	1	adoption_870_Upload_Document	1646912492925	1646912493059	131	OK
REQUEST	1	adoption_885_Upload_Document_POST	Adoption Certificate Upload POST	1646912494061	1646912494421	OK	 
REQUEST	1	adoption_885_Upload_Document_POST	Adoption Certificate Upload POST Redirect 1	1646912494422	1646912494481	OK	 
GROUP	1	adoption_885_Upload_Document_POST	1646912494060	1646912494541	475	OK
REQUEST	1	adoption_905_Equality_Redirect	Adoption Review Equality	1646912495552	1646912495652	OK	 
GROUP	1	adoption_905_Equality_Redirect	1646912495552	1646912496307	750	OK
REQUEST	1	adoption_910_Check_Your_Answers	Adoption Review Check Your Answers	1646912497292	1646912497344	OK	 
REQUEST	1	adoption_910_Check_Your_Answers	Adoption Review Check Your Answers Redirect 1	1646912497344	1646912497397	OK	 
GROUP	1	adoption_910_Check_Your_Answers	1646912497291	1646912497511	216	OK
REQUEST	1	adoption_920_Statement	Adoption Review Statement of Truth	1646912498512	1646912499029	OK	 
REQUEST	1	adoption_920_Statement	Adoption Review Statement of Truth Redirect 1	1646912499031	1646912499461	OK	 
GROUP	1	adoption_920_Statement	1646912498511	1646912499511	994	OK
REQUEST	1	adoption_930_Pay_By_Card	Adoption Pay by Card	1646912500524	1646912502841	OK	 
REQUEST	1	adoption_930_Pay_By_Card	Adoption Pay by Card Redirect 1	1646912502843	1646912503166	OK	 
REQUEST	1	adoption_930_Pay_By_Card	Adoption Pay by Card Redirect 2	1646912503167	1646912503361	OK	 
GROUP	1	adoption_930_Pay_By_Card	1646912500523	1646912503706	3174	OK
REQUEST	1	adoption_950_Card_Details	Adoption Pay by Card	1646912504704	1646912504840	KO	status.find.in(200,201,202,203,204,205,206,207,208,209,304), found 500
GROUP	1	adoption_950_Card_Details	1646912504700	1646912504849	136	KO
USER	LAU Simulation	1	END	1646912342856	1646912504855
