RUN	simulations.mainSimulation	mainsimulation	1646919162259	 	3.3.1
USER	LAU Simulation	1	START	1646919162806	1646919162806
REQUEST	1	adoption_010_Homepage	Adoption Homepage	1646919162829	1646919163392	OK	 
REQUEST	1	adoption_010_Homepage	Adoption Homepage Redirect 1	1646919163419	1646919163472	OK	 
REQUEST	1	adoption_010_Homepage	Adoption Homepage Redirect 2	1646919163475	1646919163537	OK	 
GROUP	1	adoption_010_Homepage	1646919162813	1646919163832	888	OK
REQUEST	1	Adoption_020_Login	Adoption Login	1646919164853	1646919165133	OK	 
REQUEST	1	Adoption_020_Login	Adoption Login Redirect 1	1646919165136	1646919165645	OK	 
REQUEST	1	Adoption_020_Login	Adoption Login Redirect 2	1646919165647	1646919166158	OK	 
REQUEST	1	Adoption_020_Login	Adoption Login Redirect 3	1646919166159	1646919166414	OK	 
GROUP	1	Adoption_020_Login	1646919164849	1646919167827	2956	OK
REQUEST	1	Adoption_030_Apply_With	Adoption Applying With	1646919168832	1646919168902	OK	 
GROUP	1	Adoption_030_Apply_With	1646919168831	1646919168963	123	OK
REQUEST	1	Adoption_040_Adoption_Applying_Post	Adoption Applying Post	1646919169963	1646919170733	OK	 
REQUEST	1	Adoption_040_Adoption_Applying_Post	Adoption Applying Post Redirect 1	1646919170735	1646919170960	OK	 
GROUP	1	Adoption_040_Adoption_Applying_Post	1646919169961	1646919171265	1297	OK
REQUEST	1	Adoption_050_Adoption_Applying_With_Redirect	Adoption Applying With Redirect	1646919172270	1646919172564	OK	 
GROUP	1	Adoption_050_Adoption_Applying_With_Redirect	1646919172269	1646919174415	2144	OK
REQUEST	1	adoption_870_Upload_Document	Adoption Birth Certificate Details	1646919175411	1646919175488	OK	 
GROUP	1	adoption_870_Upload_Document	1646919175410	1646919175565	150	OK
REQUEST	1	adoption_880_Upload_Document	Adoption Certificate Upload	1646919176608	1646919179596	KO	regex(document-manager/([0-9a-z-]+?)/binary).find.exists, found nothing
GROUP	1	adoption_880_Upload_Document	1646919176569	1646919179620	2988	KO
USER	LAU Simulation	1	END	1646919162806	1646919179628
