RUN	simulations.mainSimulation	mainsimulation	1646910179178	 	3.3.1
USER	LAU Simulation	1	START	1646910179692	1646910179692
REQUEST	1	adoption_010_Homepage	Adoption Homepage	1646910179715	1646910179796	OK	 
REQUEST	1	adoption_010_Homepage	Adoption Homepage Redirect 1	1646910179816	1646910179845	OK	 
REQUEST	1	adoption_010_Homepage	Adoption Homepage Redirect 2	1646910179846	1646910179900	OK	 
GROUP	1	adoption_010_Homepage	1646910179699	1646910180812	994	OK
REQUEST	1	Adoption_020_Login	Adoption Login	1646910181833	1646910182028	OK	 
REQUEST	1	Adoption_020_Login	Adoption Login Redirect 1	1646910182032	1646910182401	OK	 
REQUEST	1	Adoption_020_Login	Adoption Login Redirect 2	1646910182403	1646910185530	OK	 
REQUEST	1	Adoption_020_Login	Adoption Login Redirect 3	1646910185532	1646910185572	OK	 
GROUP	1	Adoption_020_Login	1646910181829	1646910187653	5802	OK
REQUEST	1	Adoption_030_Apply_With	Adoption Applying With	1646910188660	1646910188706	OK	 
GROUP	1	Adoption_030_Apply_With	1646910188658	1646910188793	125	OK
REQUEST	1	Adoption_040_Adoption_Applying_Post	Adoption Applying Post	1646910189801	1646910190344	OK	 
REQUEST	1	Adoption_040_Adoption_Applying_Post	Adoption Applying Post Redirect 1	1646910190346	1646910190382	OK	 
GROUP	1	Adoption_040_Adoption_Applying_Post	1646910189799	1646910190498	690	OK
REQUEST	1	Adoption_050_Adoption_Applying_With_Redirect	Adoption Applying With Redirect	1646910191499	1646910191541	OK	 
GROUP	1	Adoption_050_Adoption_Applying_With_Redirect	1646910191498	1646910191628	126	OK
REQUEST	1	Adoption_060_Date_Of_Move	Adoption Date Child Moved in 	1646910192630	1646910192669	OK	 
GROUP	1	Adoption_060_Date_Of_Move	1646910192629	1646910192736	102	OK
REQUEST	1	Adoption_070_Date_Of_Move_POST	Adoption Date Child Moved in Post	1646910193730	1646910194078	OK	 
REQUEST	1	Adoption_070_Date_Of_Move_POST	Adoption Date Child Moved in Post Redirect 1	1646910194080	1646910194131	OK	 
REQUEST	1	Adoption_070_Date_Of_Move_POST,Adoption_050_Adoption_Applying_With_Redirect	Adoption Applying With Redirect	1646910194223	1646910194285	OK	 
GROUP	1	Adoption_070_Date_Of_Move_POST,Adoption_050_Adoption_Applying_With_Redirect	1646910194223	1646910194361	135	OK
GROUP	1	Adoption_070_Date_Of_Move_POST	1646910193729	1646910195370	623	OK
REQUEST	1	Adoption_080_Your_Details	Adoption Your Personal Details 	1646910196370	1646910196565	OK	 
GROUP	1	Adoption_080_Your_Details	1646910196369	1646910196741	366	OK
REQUEST	1	Adoption_090_Your_Details_POST	Adoption Your Personal Details Post	1646910197741	1646910198455	OK	 
REQUEST	1	Adoption_090_Your_Details_POST	Adoption Your Personal Details Post Redirect 1	1646910198456	1646910198601	OK	 
GROUP	1	Adoption_090_Your_Details_POST	1646910197740	1646910198717	971	OK
REQUEST	1	Adoption_100_Your_Details_Other_Name	Adoption Your Personal Details Other Name	1646910199718	1646910200189	OK	 
REQUEST	1	Adoption_100_Your_Details_Other_Name	Adoption Your Personal Details Other Name Redirect 1	1646910200190	1646910200372	OK	 
GROUP	1	Adoption_100_Your_Details_Other_Name	1646910199717	1646910200534	810	OK
REQUEST	1	Adoption_110_Your_Details_DoB	Adoption Your Personal Details DoB	1646910201530	1646910201576	OK	 
GROUP	1	Adoption_110_Your_Details_DoB	1646910201530	1646910201784	250	OK
REQUEST	1	Adoption_120_Your_Details_DoB_POST	Adoption Your Personal Details DoB POST	1646910202789	1646910203049	OK	 
REQUEST	1	Adoption_120_Your_Details_DoB_POST	Adoption Your Personal Details DoB POST Redirect 1	1646910203051	1646910203118	OK	 
GROUP	1	Adoption_120_Your_Details_DoB_POST	1646910202789	1646910203237	443	OK
REQUEST	1	Adoption_130_Your_Details_Occupation	Adoption Your Personal Details Occupation	1646910204239	1646910204400	OK	 
REQUEST	1	Adoption_130_Your_Details_Occupation	Adoption Your Personal Details Occupation Redirect 1	1646910204402	1646910206262	OK	 
GROUP	1	Adoption_130_Your_Details_Occupation	1646910204238	1646910206401	2156	OK
REQUEST	1	Adoption_140_Your_Contact_Details	Adoption Your Contact Details LookUp	1646910207398	1646910207689	OK	 
GROUP	1	Adoption_140_Your_Contact_Details	1646910207397	1646910207833	431	OK
REQUEST	1	Adoption_150_Your_Contact_Details_Manual	Adoption Your Contact Details Manual	1646910208830	1646910208900	OK	 
GROUP	1	Adoption_150_Your_Contact_Details_Manual	1646910208829	1646910208967	133	OK
REQUEST	1	Adoption_160_Your_Contact_Details_Manual_POST	Adoption Your Contact Details Manual POST	1646910209968	1646910210290	OK	 
REQUEST	1	Adoption_160_Your_Contact_Details_Manual_POST	Adoption Your Contact Details Manual POST Redirect 1	1646910210291	1646910210326	OK	 
GROUP	1	Adoption_160_Your_Contact_Details_Manual_POST	1646910209967	1646910210390	419	OK
REQUEST	1	Adoption_170_Your_Contact_Details_POST	Adoption Your Contact Details POST	1646910211397	1646910211657	OK	 
REQUEST	1	Adoption_170_Your_Contact_Details_POST	Adoption Your Contact Details POST Redirect 1	1646910211658	1646910211850	OK	 
GROUP	1	Adoption_170_Your_Contact_Details_POST	1646910211397	1646910212093	691	OK
REQUEST	1	Adoption_180_Second_Personal_Details	Adoption Second Personal Details	1646910213091	1646910213360	OK	 
GROUP	1	Adoption_180_Second_Personal_Details	1646910213090	1646910213530	436	OK
REQUEST	1	Adoption_190_Second_Personal_Details_POST	Adoption Second Personal Details POST	1646910214530	1646910214703	OK	 
REQUEST	1	Adoption_190_Second_Personal_Details_POST	Adoption Second Personal Details POST Redirect 1	1646910214704	1646910214741	OK	 
GROUP	1	Adoption_190_Second_Personal_Details_POST	1646910214529	1646910214822	288	OK
REQUEST	1	Adoption_200_Second_Other_Name	Adoption Second Other Name	1646910215820	1646910216354	OK	 
REQUEST	1	Adoption_200_Second_Other_Name	Adoption Second Other Name Redirect 1	1646910216356	1646910216407	OK	 
GROUP	1	Adoption_200_Second_Other_Name	1646910215819	1646910216521	696	OK
REQUEST	1	Adoption_210_Second_Other_Name_Redirect	Adoption Second Other Name Redirect	1646910217528	1646910217890	OK	 
REQUEST	1	Adoption_210_Second_Other_Name_Redirect	Adoption Second Other Name Redirect Redirect 1	1646910217892	1646910217937	OK	 
GROUP	1	Adoption_210_Second_Other_Name_Redirect	1646910217528	1646910218106	574	OK
REQUEST	1	Adoption_220_Second_DoB	Adoption Second DoB	1646910219098	1646910219280	OK	 
REQUEST	1	Adoption_220_Second_DoB	Adoption Second DoB Redirect 1	1646910219282	1646910219319	OK	 
GROUP	1	Adoption_220_Second_DoB	1646910219097	1646910219390	287	OK
REQUEST	1	Adoption_230_Second_Occupation	Adoption Second Occupation	1646910220397	1646910220859	OK	 
REQUEST	1	Adoption_230_Second_Occupation	Adoption Second Occupation Redirect 1	1646910220861	1646910220971	OK	 
GROUP	1	Adoption_230_Second_Occupation	1646910220397	1646910221019	617	OK
REQUEST	1	Adoption_240_Second_Contact_Details_Same_Address	Adoption Second Contact Details Same-Address	1646910222018	1646910222617	OK	 
GROUP	1	Adoption_240_Second_Contact_Details_Same_Address	1646910222017	1646910222866	845	OK
REQUEST	1	Adoption_250_Second_Contact_Details_Same_Address_POST	Adoption Second Contact Details Same-Address POST	1646910223870	1646910224346	OK	 
REQUEST	1	Adoption_250_Second_Contact_Details_Same_Address_POST	Adoption Second Contact Details Same-Address POST Redirect 1	1646910224347	1646910224403	OK	 
GROUP	1	Adoption_250_Second_Contact_Details_Same_Address_POST	1646910223870	1646910224606	732	OK
REQUEST	1	Adoption_260_Second_Contact_Details_Manual_Redirect	Adoption Second Contact Details manual redirect	1646910225598	1646910225748	OK	 
GROUP	1	Adoption_260_Second_Contact_Details_Manual_Redirect	1646910225597	1646910225915	314	OK
REQUEST	1	Adoption_270_Second_Contact_Details_Manual_POST	Adoption Second Contact Details manual POST	1646910226917	1646910227518	OK	 
REQUEST	1	Adoption_270_Second_Contact_Details_Manual_POST	Adoption Second Contact Details manual POST Redirect 1	1646910227520	1646910227580	OK	 
GROUP	1	Adoption_270_Second_Contact_Details_Manual_POST	1646910226917	1646910227703	781	OK
REQUEST	1	Adoption_280_Second_Contact_Details__POST	Adoption Second Contact Details POST	1646910228710	1646910228916	OK	 
REQUEST	1	Adoption_280_Second_Contact_Details__POST	Adoption Second Contact Details POST Redirect 1	1646910228918	1646910228959	OK	 
GROUP	1	Adoption_280_Second_Contact_Details__POST	1646910228709	1646910229120	404	OK
REQUEST	1	adoption_290_Birth_Certificate	Adoption Birth Certificate Details	1646910230120	1646910230169	OK	 
GROUP	1	adoption_290_Birth_Certificate	1646910230119	1646910230791	669	OK
REQUEST	1	adoption_300_Birth_Certificate_Name	Adoption Birth Certificate Name	1646910231790	1646910232119	OK	 
REQUEST	1	adoption_300_Birth_Certificate_Name	Adoption Birth Certificate Name Redirect 1	1646910232120	1646910232181	OK	 
GROUP	1	adoption_300_Birth_Certificate_Name	1646910231789	1646910232249	455	OK
REQUEST	1	adoption_320_Birth_Certificate_DoB	Adoption Birth Certificate DoB	1646910233260	1646910233454	OK	 
REQUEST	1	adoption_320_Birth_Certificate_DoB	Adoption Birth Certificate DoB Redirect 1	1646910233455	1646910233687	OK	 
GROUP	1	adoption_320_Birth_Certificate_DoB	1646910233259	1646910233756	492	OK
REQUEST	1	adoption_330_Birth_Certificate_Sex	Adoption Birth Certificate Sex	1646910234749	1646910234938	OK	 
REQUEST	1	adoption_330_Birth_Certificate_Sex	Adoption Birth Certificate Sex Redirect 1	1646910234940	1646910234984	OK	 
GROUP	1	adoption_330_Birth_Certificate_Sex	1646910234749	1646910235059	305	OK
REQUEST	1	adoption_340_Birth_Certificate_Nationality_Add	Adoption Birth Certificate Nationality Add	1646910236060	1646910236250	OK	 
REQUEST	1	adoption_340_Birth_Certificate_Nationality_Add	Adoption Birth Certificate Nationality Add Redirect 1	1646910236252	1646910236293	OK	 
GROUP	1	adoption_340_Birth_Certificate_Nationality_Add	1646910236059	1646910236491	427	OK
REQUEST	1	adoption_350_Birth_Certificate_Nationality_POST	Adoption Birth Certificate Nationality POST	1646910237490	1646910237843	OK	 
REQUEST	1	adoption_350_Birth_Certificate_Nationality_POST	Adoption Birth Certificate Nationality POST Redirect 1	1646910237845	1646910237939	OK	 
GROUP	1	adoption_350_Birth_Certificate_Nationality_POST	1646910237489	1646910238120	626	OK
REQUEST	1	adoption_360_Certificate_Details	Adoption Certificate Details	1646910239130	1646910239225	OK	 
GROUP	1	adoption_360_Certificate_Details	1646910239129	1646910239362	229	OK
REQUEST	1	adoption_370_Certificate_Details_Name	Adoption Certificate Details Name	1646910240359	1646910240565	OK	 
REQUEST	1	adoption_370_Certificate_Details_Name	Adoption Certificate Details Name Redirect 1	1646910240567	1646910240628	OK	 
GROUP	1	adoption_370_Certificate_Details_Name	1646910240359	1646910242009	651	OK
REQUEST	1	adoption_380_Placement_Order	Adoption Placement Order Details	1646910242010	1646910242236	OK	 
GROUP	1	adoption_380_Placement_Order	1646910242009	1646910242395	383	OK
REQUEST	1	adoption_390_Certificate_Placement_Order_Number	Adoption Placement Order Number	1646910243400	1646910243575	OK	 
REQUEST	1	adoption_390_Certificate_Placement_Order_Number	Adoption Placement Order Number Redirect 1	1646910243576	1646910243760	OK	 
GROUP	1	adoption_390_Certificate_Placement_Order_Number	1646910243400	1646910243890	486	OK
REQUEST	1	adoption_400_Certificate_Placement_Court	Adoption Placement Court	1646910244889	1646910245127	OK	 
REQUEST	1	adoption_400_Certificate_Placement_Court	Adoption Placement Court Redirect 1	1646910245128	1646910245323	OK	 
GROUP	1	adoption_400_Certificate_Placement_Court	1646910244888	1646910245396	503	OK
REQUEST	1	adoption_410_Certificate_Placement_Date	Adoption Placement Date	1646910246390	1646910246587	OK	 
REQUEST	1	adoption_410_Certificate_Placement_Date	Adoption Placement Date Redirect 1	1646910246589	1646910247128	OK	 
GROUP	1	adoption_410_Certificate_Placement_Date	1646910246390	1646910247222	827	OK
REQUEST	1	adoption_420_Certificate_Placement_Summary	Adoption Placement Summary	1646910248228	1646910248445	OK	 
REQUEST	1	adoption_420_Certificate_Placement_Summary	Adoption Placement Summary Redirect 1	1646910248447	1646910248711	OK	 
REQUEST	1	adoption_420_Certificate_Placement_Summary	Adoption Placement Summary Redirect 2	1646910248712	1646910248913	OK	 
GROUP	1	adoption_420_Certificate_Placement_Summary	1646910248228	1646910249240	1006	OK
REQUEST	1	adoption_430_Certificate_Placement_Type_2	Adoption Placement Type 2	1646910250238	1646910250603	OK	 
REQUEST	1	adoption_430_Certificate_Placement_Type_2	Adoption Placement Type 2 Redirect 1	1646910250604	1646910251077	OK	 
GROUP	1	adoption_430_Certificate_Placement_Type_2	1646910250237	1646910251247	1005	OK
REQUEST	1	adoption_440_Certificate_Placement_Order_Number_2	Adoption Placement Order Number 2	1646910252249	1646910252542	OK	 
REQUEST	1	adoption_440_Certificate_Placement_Order_Number_2	Adoption Placement Order Number 2 Redirect 1	1646910252543	1646910253063	OK	 
GROUP	1	adoption_440_Certificate_Placement_Order_Number_2	1646910252248	1646910253157	904	OK
REQUEST	1	adoption_450_Certificate_Placement_Court_2	Adoption Placement Court 2	1646910254159	1646910254397	OK	 
REQUEST	1	adoption_450_Certificate_Placement_Court_2	Adoption Placement Court 2 Redirect 1	1646910254399	1646910254590	OK	 
GROUP	1	adoption_450_Certificate_Placement_Court_2	1646910254158	1646910254661	498	OK
REQUEST	1	adoption_460_Certificate_Placement_Date_2	Adoption Placement Date 2	1646910255670	1646910255880	OK	 
REQUEST	1	adoption_460_Certificate_Placement_Date_2	Adoption Placement Date 2 Redirect 1	1646910255881	1646910256042	OK	 
GROUP	1	adoption_460_Certificate_Placement_Date_2	1646910255669	1646910256164	490	OK
REQUEST	1	adoption_470_Certificate_Placement_Summary_2	Adoption Placement Summary 2	1646910257159	1646910257320	OK	 
REQUEST	1	adoption_470_Certificate_Placement_Summary_2	Adoption Placement Summary 2 Redirect 1	1646910257321	1646910257375	OK	 
GROUP	1	adoption_470_Certificate_Placement_Summary_2	1646910257158	1646910257490	327	OK
REQUEST	1	adoption_480_Birth_Mother	Adoption Mother's Details	1646910258489	1646910258538	OK	 
GROUP	1	adoption_480_Birth_Mother	1646910258489	1646910258676	185	OK
REQUEST	1	adoption_490_Birth_Mother_Name	Adoption Mother's Name	1646910259670	1646910260077	OK	 
REQUEST	1	adoption_490_Birth_Mother_Name	Adoption Mother's Name Redirect 1	1646910260079	1646910260125	OK	 
GROUP	1	adoption_490_Birth_Mother_Name	1646910259669	1646910260343	669	OK
REQUEST	1	adoption_495_Birth_Mother	Adoption Mother's Details	1646910261350	1646910261388	OK	 
GROUP	1	adoption_495_Birth_Mother	1646910261349	1646910261467	114	OK
REQUEST	1	adoption_500_Birth_Mother_Alive	Adoption Mother Still Alive?	1646910262480	1646910262667	OK	 
REQUEST	1	adoption_500_Birth_Mother_Alive	Adoption Mother Still Alive? Redirect 1	1646910262669	1646910262715	OK	 
GROUP	1	adoption_500_Birth_Mother_Alive	1646910262479	1646910262827	343	OK
REQUEST	1	adoption_510_Birth_Mother_Nationality_Add	Adoption Mother's Nationality Add	1646910263809	1646910264327	OK	 
REQUEST	1	adoption_510_Birth_Mother_Nationality_Add	Adoption Mother's Nationality Add Redirect 1	1646910264329	1646910264479	OK	 
GROUP	1	adoption_510_Birth_Mother_Nationality_Add	1646910263809	1646910264656	842	OK
REQUEST	1	adoption_520_Birth_Mother_Nationality_POSt	Adoption Mother's Nationality	1646910265660	1646910265953	OK	 
REQUEST	1	adoption_520_Birth_Mother_Nationality_POSt	Adoption Mother's Nationality Redirect 1	1646910265954	1646910266542	OK	 
GROUP	1	adoption_520_Birth_Mother_Nationality_POSt	1646910265659	1646910266774	1109	OK
REQUEST	1	adoption_530_Birth_Mother_Occupation	Adoption Mother's Occupation	1646910267780	1646910268272	OK	 
REQUEST	1	adoption_530_Birth_Mother_Occupation	Adoption Mother's Occupation Redirect 1	1646910268273	1646910268317	OK	 
GROUP	1	adoption_530_Birth_Mother_Occupation	1646910267779	1646910268457	674	OK
REQUEST	1	adoption_535_Birth_Mother_Occupation_Redirect	Adoption Mother's Details Redirect	1646910269458	1646910269511	OK	 
GROUP	1	adoption_535_Birth_Mother_Occupation_Redirect	1646910269457	1646910269580	118	OK
REQUEST	1	adoption_540_Birth_Mother_Occupation	Adoption Mother's Address Known	1646910270578	1646910270932	OK	 
REQUEST	1	adoption_540_Birth_Mother_Occupation	Adoption Mother's Address Known Redirect 1	1646910270933	1646910270981	OK	 
GROUP	1	adoption_540_Birth_Mother_Occupation	1646910270578	1646910271081	498	OK
REQUEST	1	adoption_550_Birth_Mother_Address_Manual	Adoption Mother's Address Manual	1646910272089	1646910272148	OK	 
GROUP	1	adoption_550_Birth_Mother_Address_Manual	1646910272088	1646910272239	146	OK
REQUEST	1	adoption_560_Birth_Mother_Address_POST	Adoption Mother's Address	1646910273238	1646910273437	OK	 
REQUEST	1	adoption_560_Birth_Mother_Address_POST	Adoption Mother's Address Redirect 1	1646910273439	1646910273480	OK	 
GROUP	1	adoption_560_Birth_Mother_Address_POST	1646910273238	1646910273703	460	OK
REQUEST	1	adoption_570_Birth_Father_Details	Adoption Father's Details	1646910274700	1646910274750	OK	 
GROUP	1	adoption_570_Birth_Father_Details	1646910274699	1646910274823	121	OK
REQUEST	1	adoption_580_Birth_Father_Details_POST	Adoption Father's Details On Certificate	1646910275820	1646910275995	OK	 
REQUEST	1	adoption_580_Birth_Father_Details_POST	Adoption Father's Details On Certificate Redirect 1	1646910275996	1646910276042	OK	 
GROUP	1	adoption_580_Birth_Father_Details_POST	1646910275819	1646910276592	769	OK
REQUEST	1	adoption_590_Birth_Father_Name	Adoption Father's Name	1646910277600	1646910277767	OK	 
REQUEST	1	adoption_590_Birth_Father_Name	Adoption Father's Name Redirect 1	1646910277768	1646910277810	OK	 
GROUP	1	adoption_590_Birth_Father_Name	1646910277599	1646910278090	485	OK
REQUEST	1	adoption_600_Birth_Father_Alive	Adoption Father Still alive?	1646910279088	1646910279533	OK	 
REQUEST	1	adoption_600_Birth_Father_Alive	Adoption Father Still alive? Redirect 1	1646910279535	1646910279578	OK	 
GROUP	1	adoption_600_Birth_Father_Alive	1646910279087	1646910279803	709	OK
REQUEST	1	adoption_610_Birth_Father_Nationality_Add	Adoption Father add Nationality	1646910280800	1646910281244	OK	 
REQUEST	1	adoption_610_Birth_Father_Nationality_Add	Adoption Father add Nationality Redirect 1	1646910281245	1646910281288	OK	 
GROUP	1	adoption_610_Birth_Father_Nationality_Add	1646910280799	1646910281411	607	OK
REQUEST	1	adoption_620_Birth_Father_Nationality_POST	Adoption Father's Nationality	1646910282417	1646910282746	OK	 
REQUEST	1	adoption_620_Birth_Father_Nationality_POST	Adoption Father's Nationality Redirect 1	1646910282748	1646910282778	OK	 
GROUP	1	adoption_620_Birth_Father_Nationality_POST	1646910282417	1646910283128	705	OK
REQUEST	1	adoption_630_Birth_Father_Occupation	Adoption Father's Occupation	1646910284129	1646910284299	OK	 
REQUEST	1	adoption_630_Birth_Father_Occupation	Adoption Father's Occupation Redirect 1	1646910284301	1646910284343	OK	 
GROUP	1	adoption_630_Birth_Father_Occupation	1646910284129	1646910284440	307	OK
REQUEST	1	adoption_640_Birth_Father_Occupation_Address_Known	Adoption Father's Address Known?	1646910285439	1646910285633	OK	 
REQUEST	1	adoption_640_Birth_Father_Occupation_Address_Known	Adoption Father's Address Known? Redirect 1	1646910285635	1646910285678	OK	 
GROUP	1	adoption_640_Birth_Father_Occupation_Address_Known	1646910285439	1646910285933	488	OK
REQUEST	1	adoption_640_Birth_Father_Occupation_Address_Manual	Adoption Father's Address Manual	1646910286929	1646910286974	OK	 
GROUP	1	adoption_640_Birth_Father_Occupation_Address_Manual	1646910286928	1646910287296	365	OK
REQUEST	1	adoption_640_Birth_Father_Occupation_Address_POST	Adoption Father's Address	1646910288299	1646910288477	OK	 
REQUEST	1	adoption_640_Birth_Father_Occupation_Address_POST	Adoption Father's Address Redirect 1	1646910288479	1646910288521	OK	 
GROUP	1	adoption_640_Birth_Father_Occupation_Address_POST	1646910288298	1646910288745	441	OK
REQUEST	1	adoption_650_Other_Parent_Exists	Adoption Other Parent	1646910289749	1646910289792	OK	 
GROUP	1	adoption_650_Other_Parent_Exists	1646910289749	1646910289863	111	OK
REQUEST	1	adoption_660_Other_Parent_Exists_POST	Adoption Other Parent Exists	1646910290859	1646910291046	OK	 
REQUEST	1	adoption_660_Other_Parent_Exists_POST	Adoption Other Parent Exists Redirect 1	1646910291047	1646910291086	OK	 
GROUP	1	adoption_660_Other_Parent_Exists_POST	1646910290859	1646910291170	307	OK
REQUEST	1	adoption_670_Other_Parent_Name	Adoption Other Parent Name	1646910292178	1646910292353	OK	 
REQUEST	1	adoption_670_Other_Parent_Name	Adoption Other Parent Name Redirect 1	1646910292354	1646910292442	OK	 
GROUP	1	adoption_670_Other_Parent_Name	1646910292178	1646910292508	327	OK
REQUEST	1	adoption_680_Other_Parent_Address_Known?	Adoption Other Parent Address known?	1646910293508	1646910293831	OK	 
REQUEST	1	adoption_680_Other_Parent_Address_Known?	Adoption Other Parent Address known? Redirect 1	1646910293832	1646910293866	OK	 
GROUP	1	adoption_680_Other_Parent_Address_Known?	1646910293507	1646910294059	547	OK
REQUEST	1	adoption_690_Other_Parent_Address_Manual	Adoption Other Parent Address Manual	1646910295058	1646910295268	OK	 
GROUP	1	adoption_690_Other_Parent_Address_Manual	1646910295058	1646910295447	387	OK
REQUEST	1	adoption_700_Other_Parent_Address_POST	Adoption Other Parent Address Manual	1646910296440	1646910296652	OK	 
REQUEST	1	adoption_700_Other_Parent_Address_POST	Adoption Other Parent Address Manual Redirect 1	1646910296653	1646910296695	OK	 
GROUP	1	adoption_700_Other_Parent_Address_POST	1646910296439	1646910296768	324	OK
REQUEST	1	adoption_710_Agency	Adoption Agency	1646910297778	1646910297968	OK	 
REQUEST	1	adoption_710_Agency	Adoption Agency Redirect 1	1646910297969	1646910298301	OK	 
GROUP	1	adoption_710_Agency	1646910297777	1646910298395	613	OK
REQUEST	1	adoption_720_Agency_Details	Adoption Agency Details	1646910299390	1646910299706	OK	 
REQUEST	1	adoption_720_Agency_Details	Adoption Agency Details Redirect 1	1646910299707	1646910299738	OK	 
GROUP	1	adoption_720_Agency_Details	1646910299389	1646910299814	421	OK
REQUEST	1	adoption_730_Other_Agency	Adoption Other Agency?	1646910300819	1646910301241	OK	 
REQUEST	1	adoption_730_Other_Agency	Adoption Other Agency? Redirect 1	1646910301243	1646910301435	OK	 
REQUEST	1	adoption_730_Other_Agency	Adoption Other Agency? Redirect 2	1646910301436	1646910301637	OK	 
GROUP	1	adoption_730_Other_Agency	1646910300818	1646910301717	892	OK
REQUEST	1	adoption_740_Other_Agency_Details	Adoption Other Agency Details	1646910302719	1646910302909	OK	 
REQUEST	1	adoption_740_Other_Agency_Details	Adoption Other Agency Details Redirect 1	1646910302911	1646910302960	OK	 
GROUP	1	adoption_740_Other_Agency_Details	1646910302718	1646910303038	314	OK
REQUEST	1	adoption_750_Social_Worker_Details	Adoption Social Worker Details	1646910304028	1646910304213	OK	 
REQUEST	1	adoption_750_Social_Worker_Details	Adoption Social Worker Details Redirect 1	1646910304214	1646910304250	OK	 
GROUP	1	adoption_750_Social_Worker_Details	1646910304027	1646910304376	343	OK
REQUEST	1	adoption_760_Sibling_Details	Adoption Sibling Details	1646910305379	1646910305433	OK	 
GROUP	1	adoption_760_Sibling_Details	1646910305379	1646910305516	134	OK
REQUEST	1	adoption_770_Sibling_Other?	Adoption Any Sibling?	1646910306517	1646910306831	OK	 
REQUEST	1	adoption_770_Sibling_Other?	Adoption Any Sibling? Redirect 1	1646910306832	1646910306867	OK	 
GROUP	1	adoption_770_Sibling_Other?	1646910306517	1646910307062	541	OK
REQUEST	1	adoption_780_Sibling_Court_Order_Exists?	Adoption Court Order Exists?	1646910308069	1646910308309	OK	 
REQUEST	1	adoption_780_Sibling_Court_Order_Exists?	Adoption Court Order Exists? Redirect 1	1646910308310	1646910308494	OK	 
GROUP	1	adoption_780_Sibling_Court_Order_Exists?	1646910308069	1646910308634	561	OK
REQUEST	1	adoption_790_Sibling_Name?	Adoption Sibling Name	1646910309630	1646910310048	OK	 
REQUEST	1	adoption_790_Sibling_Name?	Adoption Sibling Name Redirect 1	1646910310049	1646910310355	OK	 
REQUEST	1	adoption_790_Sibling_Name?	Adoption Sibling Name Redirect 2	1646910310356	1646910310838	OK	 
GROUP	1	adoption_790_Sibling_Name?	1646910309629	1646910310889	1254	OK
REQUEST	1	adoption_800_Sibling_Order_Type	Adoption Order Type?	1646910311900	1646910312128	OK	 
REQUEST	1	adoption_800_Sibling_Order_Type	Adoption Order Type? Redirect 1	1646910312129	1646910312599	OK	 
GROUP	1	adoption_800_Sibling_Order_Type	1646910311899	1646910312683	779	OK
REQUEST	1	adoption_810_Sibling_Order_Number	Adoption Order Number	1646910313678	1646910313880	OK	 
REQUEST	1	adoption_810_Sibling_Order_Number	Adoption Order Number Redirect 1	1646910313882	1646910313925	OK	 
GROUP	1	adoption_810_Sibling_Order_Number	1646910313678	1646910314043	361	OK
REQUEST	1	adoption_820_Sibling_New_Order?	Adoption Add New Order?	1646910315039	1646910315679	OK	 
REQUEST	1	adoption_820_Sibling_New_Order?	Adoption Add New Order? Redirect 1	1646910315681	1646910315716	OK	 
GROUP	1	adoption_820_Sibling_New_Order?	1646910315038	1646910315790	745	OK
REQUEST	1	adoption_830_Sibling_Select	Adoption Select Sibling	1646910316800	1646910316993	OK	 
REQUEST	1	adoption_830_Sibling_Select	Adoption Select Sibling Redirect 1	1646910316994	1646910317318	OK	 
REQUEST	1	adoption_830_Sibling_Select	Adoption Select Sibling Redirect 2	1646910317320	1646910317492	OK	 
GROUP	1	adoption_830_Sibling_Select	1646910316799	1646910317603	797	OK
REQUEST	1	adoption_840_Sibling_Select	Adoption Order Type	1646910318600	1646910318788	OK	 
REQUEST	1	adoption_840_Sibling_Select	Adoption Order Type Redirect 1	1646910318790	1646910318950	OK	 
GROUP	1	adoption_840_Sibling_Select	1646910318599	1646910319297	692	OK
REQUEST	1	adoption_850_Sibling_Select	Adoption Order Number	1646910320290	1646910320705	OK	 
REQUEST	1	adoption_850_Sibling_Select	Adoption Order Number Redirect 1	1646910320707	1646910320837	OK	 
GROUP	1	adoption_850_Sibling_Select	1646910320290	1646910320960	666	OK
REQUEST	1	adoption_855_Sibling_Select	Adoption Order Number	1646910321967	1646910322164	OK	 
REQUEST	1	adoption_855_Sibling_Select	Adoption Order Number Redirect 1	1646910322165	1646910322206	OK	 
GROUP	1	adoption_855_Sibling_Select	1646910321967	1646910322312	341	OK
REQUEST	1	adoption_860_Sibling_Select	Adoption Order Number	1646910322312	1646910322519	OK	 
REQUEST	1	adoption_860_Sibling_Select	Adoption Order Number Redirect 1	1646910322520	1646910322563	OK	 
GROUP	1	adoption_860_Sibling_Select	1646910322312	1646910322635	319	OK
REQUEST	1	adoption_861_Family_Court	Adoption Family Court Redirect	1646910323629	1646910323678	OK	 
GROUP	1	adoption_861_Family_Court	1646910323629	1646910323748	116	OK
REQUEST	1	adoption_862_Family_Court_POST	Adoption Family Court Redirect	1646910323748	1646910324179	OK	 
REQUEST	1	adoption_862_Family_Court_POST	Adoption Family Court Redirect Redirect 1	1646910324180	1646910324267	OK	 
GROUP	1	adoption_862_Family_Court_POST	1646910323748	1646910324335	583	OK
REQUEST	1	adoption_870_Upload_Document	Adoption Birth Certificate Details	1646910324335	1646910324991	OK	 
GROUP	1	adoption_870_Upload_Document	1646910324335	1646910325244	905	OK
REQUEST	1	adoption_885_Upload_Document_POST	Adoption Certificate Upload POST	1646910326250	1646910326739	OK	 
REQUEST	1	adoption_885_Upload_Document_POST	Adoption Certificate Upload POST Redirect 1	1646910326741	1646910326780	OK	 
GROUP	1	adoption_885_Upload_Document_POST	1646910326249	1646910327084	829	OK
REQUEST	1	adoption_905_Equality_Redirect	Adoption Review Equality	1646910328079	1646910328149	OK	 
GROUP	1	adoption_905_Equality_Redirect	1646910328079	1646910328449	365	OK
REQUEST	1	adoption_910_Check_Your_Answers	Adoption Review Check Your Answers	1646910329460	1646910329503	OK	 
REQUEST	1	adoption_910_Check_Your_Answers	Adoption Review Check Your Answers Redirect 1	1646910329505	1646910329557	OK	 
GROUP	1	adoption_910_Check_Your_Answers	1646910329459	1646910329625	161	OK
REQUEST	1	adoption_920_Statement	Adoption Review Statement of Truth	1646910330620	1646910330816	OK	 
REQUEST	1	adoption_920_Statement	Adoption Review Statement of Truth Redirect 1	1646910330818	1646910332345	OK	 
GROUP	1	adoption_920_Statement	1646910330619	1646910332567	1943	OK
REQUEST	1	adoption_930_Pay_By_Card	Adoption Pay by Card	1646910333569	1646910335648	OK	 
REQUEST	1	adoption_930_Pay_By_Card	Adoption Pay by Card Redirect 1	1646910335649	1646910335769	OK	 
REQUEST	1	adoption_930_Pay_By_Card	Adoption Pay by Card Redirect 2	1646910335770	1646910335859	OK	 
GROUP	1	adoption_930_Pay_By_Card	1646910333569	1646910335977	2400	OK
REQUEST	1	adoption_950_Card_Details	Adoption Pay by Card	1646910336970	1646910336994	KO	status.find.in(200,201,202,203,204,205,206,207,208,209,304), found 500
GROUP	1	adoption_950_Card_Details	1646910336967	1646910336999	24	KO
USER	LAU Simulation	1	END	1646910179692	1646910337005
