RUN	simulations.mainSimulation	mainsimulation	1646996360430	 	3.3.1
USER	LAU Simulation	1	START	1646996362794	1646996362794
REQUEST	1	AD_010_Homepage	Adoption Homepage	1646996362819	1646996366095	OK	 
REQUEST	1	AD_010_Homepage	Adoption Homepage Redirect 1	1646996366114	1646996366273	OK	 
REQUEST	1	AD_010_Homepage	Adoption Homepage Redirect 2	1646996366275	1646996366909	OK	 
GROUP	1	AD_010_Homepage	1646996362802	1646996368244	5313	OK
REQUEST	1	AD_020_Login	Adoption Login	1646996369262	1646996369715	OK	 
REQUEST	1	AD_020_Login	Adoption Login Redirect 1	1646996369719	1646996370109	OK	 
REQUEST	1	AD_020_Login	Adoption Login Redirect 2	1646996370111	1646996371425	OK	 
REQUEST	1	AD_020_Login	Adoption Login Redirect 3	1646996371427	1646996371737	OK	 
GROUP	1	AD_020_Login	1646996369259	1646996377774	8494	OK
REQUEST	1	AD_030_Apply_With	Adoption Applying With	1646996378780	1646996378854	OK	 
GROUP	1	AD_030_Apply_With	1646996378778	1646996378946	159	OK
REQUEST	1	AD_040_Applying_Post	Adoption Applying Post	1646996379949	1646996380296	OK	 
REQUEST	1	AD_040_Applying_Post	Adoption Applying Post Redirect 1	1646996380299	1646996380421	OK	 
GROUP	1	AD_040_Applying_Post	1646996379947	1646996380516	558	OK
REQUEST	1	AD_050_Applying_With_Redirect	Adoption Applying With Redirect	1646996381519	1646996381713	OK	 
GROUP	1	AD_050_Applying_With_Redirect	1646996381518	1646996381927	402	OK
REQUEST	1	AD_060_Date_Of_Move	Adoption Date Child Moved in 	1646996382938	1646996383050	OK	 
GROUP	1	AD_060_Date_Of_Move	1646996382937	1646996383142	200	OK
REQUEST	1	AD_070_Date_Of_Move_POST	Adoption Date Child Moved in Post	1646996384138	1646996385298	OK	 
REQUEST	1	AD_070_Date_Of_Move_POST	Adoption Date Child Moved in Post Redirect 1	1646996385300	1646996385588	OK	 
GROUP	1	AD_070_Date_Of_Move_POST	1646996384137	1646996385802	1657	OK
REQUEST	1	AD_080_Your_Details	Adoption Your Personal Details 	1646996385802	1646996386030	OK	 
GROUP	1	AD_080_Your_Details	1646996385802	1646996386320	505	OK
REQUEST	1	AD_090_Your_Details_POST	Adoption Your Personal Details Post	1646996387319	1646996387635	OK	 
REQUEST	1	AD_090_Your_Details_POST	Adoption Your Personal Details Post Redirect 1	1646996387637	1646996387705	OK	 
GROUP	1	AD_090_Your_Details_POST	1646996387318	1646996387791	465	OK
REQUEST	1	AD_100_Your_Details_Other_Name	Adoption Your Personal Details Other Name	1646996388789	1646996389404	OK	 
REQUEST	1	AD_100_Your_Details_Other_Name	Adoption Your Personal Details Other Name Redirect 1	1646996389405	1646996389499	OK	 
GROUP	1	AD_100_Your_Details_Other_Name	1646996388788	1646996389603	809	OK
REQUEST	1	AD_110_Your_Details_DoB	Adoption Your Personal Details DoB	1646996390608	1646996390694	OK	 
GROUP	1	AD_110_Your_Details_DoB	1646996390607	1646996390780	168	OK
REQUEST	1	AD_120_Your_Details_DoB_POST	Adoption Your Personal Details DoB POST	1646996391779	1646996392174	OK	 
REQUEST	1	AD_120_Your_Details_DoB_POST	Adoption Your Personal Details DoB POST Redirect 1	1646996392175	1646996392386	OK	 
GROUP	1	AD_120_Your_Details_DoB_POST	1646996391778	1646996392791	1007	OK
REQUEST	1	AD_130_Your_Details_Occupation	Adoption Your Personal Details Occupation	1646996393788	1646996394499	OK	 
REQUEST	1	AD_130_Your_Details_Occupation	Adoption Your Personal Details Occupation Redirect 1	1646996394501	1646996394598	OK	 
GROUP	1	AD_130_Your_Details_Occupation	1646996393787	1646996394676	882	OK
REQUEST	1	AD_140_Your_Contact	Adoption Your Contact Details LookUp	1646996395677	1646996395856	OK	 
GROUP	1	AD_140_Your_Contact	1646996395677	1646996396130	450	OK
REQUEST	1	AD_150_Your_Contact_Manual	Adoption Your Contact Details Manual	1646996397139	1646996397471	OK	 
GROUP	1	AD_150_Your_Contact_Manual	1646996397138	1646996397695	553	OK
REQUEST	1	AD_160_Your_Contact_POST	Adoption Your Contact Details Manual POST	1646996398688	1646996399081	OK	 
REQUEST	1	AD_160_Your_Contact_POST	Adoption Your Contact Details Manual POST Redirect 1	1646996399082	1646996399396	OK	 
GROUP	1	AD_160_Your_Contact_POST	1646996398687	1646996399691	1000	OK
REQUEST	1	AD_170_Your_Contact_POST	Adoption Your Contact Details POST	1646996400700	1646996401164	OK	 
REQUEST	1	AD_170_Your_Contact_POST	Adoption Your Contact Details POST Redirect 1	1646996401165	1646996401460	OK	 
GROUP	1	AD_170_Your_Contact_POST	1646996400699	1646996401719	1015	OK
REQUEST	1	AD_180_Second_Person	Adoption Second Personal Details	1646996402719	1646996402792	OK	 
GROUP	1	AD_180_Second_Person	1646996402718	1646996402879	156	OK
REQUEST	1	AD_190_Second_PersonPOST	Adoption Second Personal Details POST	1646996403880	1646996404560	OK	 
REQUEST	1	AD_190_Second_PersonPOST	Adoption Second Personal Details POST Redirect 1	1646996404561	1646996404790	OK	 
GROUP	1	AD_190_Second_PersonPOST	1646996403879	1646996404987	1104	OK
REQUEST	1	AD_200_Second_Other_Name	Adoption Second Other Name	1646996405980	1646996406377	OK	 
REQUEST	1	AD_200_Second_Other_Name	Adoption Second Other Name Redirect 1	1646996406379	1646996406463	OK	 
GROUP	1	AD_200_Second_Other_Name	1646996405979	1646996406590	604	OK
REQUEST	1	AD_210_Second_Other_Name_Redirect	Adoption Second Other Name Redirect	1646996407599	1646996407815	OK	 
REQUEST	1	AD_210_Second_Other_Name_Redirect	Adoption Second Other Name Redirect Redirect 1	1646996407817	1646996407903	OK	 
GROUP	1	AD_210_Second_Other_Name_Redirect	1646996407598	1646996407983	378	OK
REQUEST	1	AD_220_Second_DoB	Adoption Second DoB	1646996408979	1646996411598	OK	 
REQUEST	1	AD_220_Second_DoB	Adoption Second DoB Redirect 1	1646996411599	1646996412966	OK	 
GROUP	1	AD_220_Second_DoB	1646996408978	1646996413984	5000	OK
REQUEST	1	AD_230_Second_Occupation	Adoption Second Occupation	1646996414988	1646996415798	OK	 
REQUEST	1	AD_230_Second_Occupation	Adoption Second Occupation Redirect 1	1646996415800	1646996417301	OK	 
GROUP	1	AD_230_Second_Occupation	1646996414987	1646996417542	2548	OK
REQUEST	1	AD_240_Second_Contact_Same	Adoption Second Contact Details Same-Address	1646996418538	1646996418914	OK	 
GROUP	1	AD_240_Second_Contact_Same	1646996418538	1646996419088	546	OK
REQUEST	1	AD_250_Second_Contact_Same_POST	Adoption Second Contact Details Same-Address POST	1646996420098	1646996420629	OK	 
REQUEST	1	AD_250_Second_Contact_Same_POST	Adoption Second Contact Details Same-Address POST Redirect 1	1646996420631	1646996420886	OK	 
GROUP	1	AD_250_Second_Contact_Same_POST	1646996420098	1646996421169	1066	OK
REQUEST	1	AD_260_Second_Contact_Manual_Redirect	Adoption Second Contact Details manual redirect	1646996422168	1646996422464	OK	 
GROUP	1	AD_260_Second_Contact_Manual_Redirect	1646996422168	1646996422690	518	OK
REQUEST	1	AD_270_Second_Contact_Manual_POST	Adoption Second Contact Details manual POST	1646996423690	1646996424066	OK	 
REQUEST	1	AD_270_Second_Contact_Manual_POST	Adoption Second Contact Details manual POST Redirect 1	1646996424067	1646996424231	OK	 
GROUP	1	AD_270_Second_Contact_Manual_POST	1646996423689	1646996424312	617	OK
REQUEST	1	AD_280_Second_Contact_POST	Adoption Second Contact Details POST	1646996425310	1646996425629	OK	 
REQUEST	1	AD_280_Second_Contact_POST	Adoption Second Contact Details POST Redirect 1	1646996425631	1646996425706	OK	 
GROUP	1	AD_280_Second_Contact_POST	1646996425309	1646996425783	467	OK
REQUEST	1	AD_290_Birth_Certificate	Adoption Birth Certificate Details	1646996426778	1646996426995	OK	 
GROUP	1	AD_290_Birth_Certificate	1646996426778	1646996427242	461	OK
REQUEST	1	AD_300_Birth_Name	Adoption Birth Certificate Name	1646996428248	1646996428529	OK	 
REQUEST	1	AD_300_Birth_Name	Adoption Birth Certificate Name Redirect 1	1646996428531	1646996428705	OK	 
GROUP	1	AD_300_Birth_Name	1646996428247	1646996428787	533	OK
REQUEST	1	AD_360_Certificate_Details	Adoption Certificate Details	1646996429787	1646996429899	OK	 
GROUP	1	AD_360_Certificate_Details	1646996429787	1646996429982	191	OK
REQUEST	1	AD_370_Certificate_Name	Adoption Certificate Details Name	1646996430977	1646996431569	OK	 
REQUEST	1	AD_370_Certificate_Name	Adoption Certificate Details Name Redirect 1	1646996431571	1646996431711	OK	 
GROUP	1	AD_370_Certificate_Name	1646996430977	1646996431809	826	OK
REQUEST	1	AD_380_Placement_Order	Adoption Placement Order Details	1646996432819	1646996433442	OK	 
GROUP	1	AD_380_Placement_Order	1646996432819	1646996433580	757	OK
REQUEST	1	AD_390_Placement_Number	Adoption Placement Order Number	1646996434579	1646996434763	OK	 
REQUEST	1	AD_390_Placement_Number	Adoption Placement Order Number Redirect 1	1646996434765	1646996434982	OK	 
GROUP	1	AD_390_Placement_Number	1646996434578	1646996435137	553	OK
REQUEST	1	AD_400_Placement_Court	Adoption Placement Court	1646996436137	1646996436505	OK	 
REQUEST	1	AD_400_Placement_Court	Adoption Placement Court Redirect 1	1646996436507	1646996436776	OK	 
GROUP	1	AD_400_Placement_Court	1646996436137	1646996436914	772	OK
REQUEST	1	AD_410_Placement_Date	Adoption Placement Date	1646996437909	1646996438326	OK	 
REQUEST	1	AD_410_Placement_Date	Adoption Placement Date Redirect 1	1646996438327	1646996438739	OK	 
GROUP	1	AD_410_Placement_Date	1646996437908	1646996439100	1188	OK
REQUEST	1	AD_420_Placement_Summary	Adoption Placement Summary	1646996440109	1646996440346	OK	 
REQUEST	1	AD_420_Placement_Summary	Adoption Placement Summary Redirect 1	1646996440348	1646996440606	OK	 
REQUEST	1	AD_420_Placement_Summary	Adoption Placement Summary Redirect 2	1646996440607	1646996440841	OK	 
GROUP	1	AD_420_Placement_Summary	1646996440108	1646996440938	823	OK
REQUEST	1	AD_430_Placement_Type_2	Adoption Placement Type 2	1646996441938	1646996442331	OK	 
REQUEST	1	AD_430_Placement_Type_2	Adoption Placement Type 2 Redirect 1	1646996442332	1646996442719	OK	 
GROUP	1	AD_430_Placement_Type_2	1646996441938	1646996442811	869	OK
REQUEST	1	AD_440_Placement_Number_2	Adoption Placement Order Number 2	1646996443808	1646996444003	OK	 
REQUEST	1	AD_440_Placement_Number_2	Adoption Placement Order Number 2 Redirect 1	1646996444004	1646996444192	OK	 
GROUP	1	AD_440_Placement_Number_2	1646996443807	1646996444269	456	OK
REQUEST	1	AD_450_Placement_Court_2	Adoption Placement Court 2	1646996445270	1646996445600	OK	 
REQUEST	1	AD_450_Placement_Court_2	Adoption Placement Court 2 Redirect 1	1646996445602	1646996445986	OK	 
GROUP	1	AD_450_Placement_Court_2	1646996445269	1646996446082	807	OK
REQUEST	1	AD_460_Placement_Date_2	Adoption Placement Date 2	1646996447079	1646996447304	OK	 
REQUEST	1	AD_460_Placement_Date_2	Adoption Placement Date 2 Redirect 1	1646996447306	1646996447661	OK	 
GROUP	1	AD_460_Placement_Date_2	1646996447078	1646996447987	904	OK
REQUEST	1	AD_470_Placement_Summary_2	Adoption Placement Summary 2	1646996449000	1646996449231	OK	 
REQUEST	1	AD_470_Placement_Summary_2	Adoption Placement Summary 2 Redirect 1	1646996449233	1646996449328	OK	 
GROUP	1	AD_470_Placement_Summary_2	1646996448999	1646996449402	398	OK
REQUEST	1	AD_480_Birth_Mother	Adoption Mother's Details	1646996450398	1646996450511	OK	 
GROUP	1	AD_480_Birth_Mother	1646996450398	1646996450599	197	OK
REQUEST	1	AD_490_Mother_Name	Adoption Mother's Name	1646996451600	1646996451816	OK	 
REQUEST	1	AD_490_Mother_Name	Adoption Mother's Name Redirect 1	1646996451818	1646996451933	OK	 
GROUP	1	AD_490_Mother_Name	1646996451599	1646996452084	480	OK
REQUEST	1	AD_495_Mother_Alive_Redirect	Adoption Mother's Details	1646996453079	1646996453153	OK	 
GROUP	1	AD_495_Mother_Alive_Redirect	1646996453079	1646996453230	148	OK
REQUEST	1	AD_500_Mother_Alive	Adoption Mother Still Alive?	1646996454237	1646996454834	OK	 
REQUEST	1	AD_500_Mother_Alive	Adoption Mother Still Alive? Redirect 1	1646996454836	1646996455375	OK	 
GROUP	1	AD_500_Mother_Alive	1646996454236	1646996455526	1284	OK
REQUEST	1	AD_510_Mother_Nationality_Add	Adoption Mother's Nationality Add	1646996456517	1646996457782	OK	 
REQUEST	1	AD_510_Mother_Nationality_Add	Adoption Mother's Nationality Add Redirect 1	1646996457784	1646996458206	OK	 
GROUP	1	AD_510_Mother_Nationality_Add	1646996456516	1646996458457	1936	OK
REQUEST	1	AD_520_Mother_Nationality_POST	Adoption Mother's Nationality	1646996459468	1646996459766	OK	 
REQUEST	1	AD_520_Mother_Nationality_POST	Adoption Mother's Nationality Redirect 1	1646996459767	1646996460351	OK	 
GROUP	1	AD_520_Mother_Nationality_POST	1646996459468	1646996460573	1102	OK
REQUEST	1	AD_570_Father_Details	Adoption Father's Details	1646996461569	1646996461898	OK	 
GROUP	1	AD_570_Father_Details	1646996461568	1646996462111	539	OK
REQUEST	1	AD_580_Father_Details_POST	Adoption Father's Details On Certificate	1646996463110	1646996463299	OK	 
REQUEST	1	AD_580_Father_Details_POST	Adoption Father's Details On Certificate Redirect 1	1646996463300	1646996463395	OK	 
GROUP	1	AD_580_Father_Details_POST	1646996463109	1646996463675	561	OK
REQUEST	1	AD_590_Father_Name	Adoption Father's Name	1646996464677	1646996464994	OK	 
REQUEST	1	AD_590_Father_Name	Adoption Father's Name Redirect 1	1646996464995	1646996465074	OK	 
GROUP	1	AD_590_Father_Name	1646996464677	1646996465145	465	OK
REQUEST	1	AD_600_Father_Alive	Adoption Father Still alive?	1646996466137	1646996466589	OK	 
REQUEST	1	AD_600_Father_Alive	Adoption Father Still alive? Redirect 1	1646996466591	1646996467441	OK	 
GROUP	1	AD_600_Father_Alive	1646996466137	1646996467670	1528	OK
REQUEST	1	AD_610_Father_Nationality_Add	Adoption Father add Nationality	1646996468679	1646996469169	OK	 
REQUEST	1	AD_610_Father_Nationality_Add	Adoption Father add Nationality Redirect 1	1646996469170	1646996469283	OK	 
GROUP	1	AD_610_Father_Nationality_Add	1646996468679	1646996469417	735	OK
REQUEST	1	AD_620_Father_Nationality_POST	Adoption Father's Nationality	1646996470407	1646996470685	OK	 
REQUEST	1	AD_620_Father_Nationality_POST	Adoption Father's Nationality Redirect 1	1646996470686	1646996470754	OK	 
GROUP	1	AD_620_Father_Nationality_POST	1646996470407	1646996470834	423	OK
REQUEST	1	AD_630_Father_Occupation	Adoption Father's Occupation	1646996471837	1646996472124	OK	 
REQUEST	1	AD_630_Father_Occupation	Adoption Father's Occupation Redirect 1	1646996472125	1646996472308	OK	 
GROUP	1	AD_630_Father_Occupation	1646996471837	1646996472682	841	OK
REQUEST	1	AD_640_Father_Address_Known	Adoption Father's Address Known?	1646996473688	1646996474092	OK	 
REQUEST	1	AD_640_Father_Address_Known	Adoption Father's Address Known? Redirect 1	1646996474094	1646996474186	OK	 
GROUP	1	AD_640_Father_Address_Known	1646996473687	1646996474263	570	OK
REQUEST	1	AD_641_Father_Address_Manual	Adoption Father's Address Manual	1646996475270	1646996475416	OK	 
GROUP	1	AD_641_Father_Address_Manual	1646996475269	1646996475496	223	OK
REQUEST	1	AD_642_Father_Address_POST	Adoption Father's Address	1646996476488	1646996476686	OK	 
REQUEST	1	AD_642_Father_Address_POST	Adoption Father's Address Redirect 1	1646996476687	1646996476772	OK	 
GROUP	1	AD_642_Father_Address_POST	1646996476487	1646996476852	361	OK
REQUEST	1	AD_650_Other_Parent_Exists	Adoption Other Parent	1646996477858	1646996477992	OK	 
GROUP	1	AD_650_Other_Parent_Exists	1646996477858	1646996478143	283	OK
REQUEST	1	AD_660_Other_Exists_POST	Adoption Other Parent Exists	1646996479138	1646996479492	OK	 
REQUEST	1	AD_660_Other_Exists_POST	Adoption Other Parent Exists Redirect 1	1646996479494	1646996479589	OK	 
GROUP	1	AD_660_Other_Exists_POST	1646996479137	1646996479711	568	OK
REQUEST	1	AD_670_Other_Parent_Name	Adoption Other Parent Name	1646996480718	1646996480923	OK	 
REQUEST	1	AD_670_Other_Parent_Name	Adoption Other Parent Name Redirect 1	1646996480924	1646996480987	OK	 
GROUP	1	AD_670_Other_Parent_Name	1646996480717	1646996481081	359	OK
REQUEST	1	AD_680_Other_Parent_Address_Known	Adoption Other Parent Address known?	1646996482078	1646996482352	OK	 
REQUEST	1	AD_680_Other_Parent_Address_Known	Adoption Other Parent Address known? Redirect 1	1646996482353	1646996482610	OK	 
GROUP	1	AD_680_Other_Parent_Address_Known	1646996482077	1646996482704	622	OK
REQUEST	1	AD_690_Other_Parent_Address_Manual	Adoption Other Parent Address Manual	1646996483708	1646996483911	OK	 
GROUP	1	AD_690_Other_Parent_Address_Manual	1646996483708	1646996484248	537	OK
REQUEST	1	AD_700_Other_Parent_Address_POST	Adoption Other Parent Address Manual	1646996485250	1646996485490	OK	 
REQUEST	1	AD_700_Other_Parent_Address_POST	Adoption Other Parent Address Manual Redirect 1	1646996485491	1646996485552	OK	 
GROUP	1	AD_700_Other_Parent_Address_POST	1646996485249	1646996485625	371	OK
REQUEST	1	adoption_710_Agency	Adoption Agency	1646996486617	1646996486857	OK	 
REQUEST	1	adoption_710_Agency	Adoption Agency Redirect 1	1646996486858	1646996487296	OK	 
GROUP	1	adoption_710_Agency	1646996486616	1646996487408	788	OK
REQUEST	1	AD_720_Agency_Details	Adoption Agency Details	1646996488418	1646996488589	OK	 
REQUEST	1	AD_720_Agency_Details	Adoption Agency Details Redirect 1	1646996488590	1646996488649	OK	 
GROUP	1	AD_720_Agency_Details	1646996488417	1646996488724	303	OK
REQUEST	1	AD_730_Other_Agency	Adoption Other Agency?	1646996489718	1646996490329	OK	 
REQUEST	1	AD_730_Other_Agency	Adoption Other Agency? Redirect 1	1646996490330	1646996490610	OK	 
REQUEST	1	AD_730_Other_Agency	Adoption Other Agency? Redirect 2	1646996490611	1646996491307	OK	 
GROUP	1	AD_730_Other_Agency	1646996489718	1646996491531	1809	OK
REQUEST	1	AD_740_Other_Agency_Details	Adoption Other Agency Details	1646996492537	1646996492739	OK	 
REQUEST	1	AD_740_Other_Agency_Details	Adoption Other Agency Details Redirect 1	1646996492740	1646996492839	OK	 
GROUP	1	AD_740_Other_Agency_Details	1646996492536	1646996492922	382	OK
REQUEST	1	AD_750_Social_Worker_Details	Adoption Social Worker Details	1646996493917	1646996494442	OK	 
REQUEST	1	AD_750_Social_Worker_Details	Adoption Social Worker Details Redirect 1	1646996494444	1646996494575	OK	 
GROUP	1	AD_750_Social_Worker_Details	1646996493916	1646996494767	845	OK
USER	LAU Simulation	1	END	1646996362794	1646996495771
