RUN	simulations.mainSimulation	mainsimulation	1646906950473	 	3.3.1
USER	LAU Simulation	1	START	1646906951052	1646906951052
REQUEST	1	adoption_010_Homepage	Adoption Homepage	1646906951080	1646906951149	OK	 
REQUEST	1	adoption_010_Homepage	Adoption Homepage Redirect 1	1646906951169	1646906951198	OK	 
REQUEST	1	adoption_010_Homepage	Adoption Homepage Redirect 2	1646906951201	1646906951256	OK	 
GROUP	1	adoption_010_Homepage	1646906951061	1646906952546	1352	OK
REQUEST	1	Adoption_020_Login	Adoption Login	1646906953565	1646906953832	OK	 
REQUEST	1	Adoption_020_Login	Adoption Login Redirect 1	1646906953837	1646906954327	OK	 
REQUEST	1	Adoption_020_Login	Adoption Login Redirect 2	1646906954328	1646906957136	OK	 
REQUEST	1	Adoption_020_Login	Adoption Login Redirect 3	1646906957137	1646906957197	OK	 
GROUP	1	Adoption_020_Login	1646906953562	1646906958419	4837	OK
REQUEST	1	Adoption_030_Apply_With	Adoption Applying With	1646906959423	1646906959479	OK	 
GROUP	1	Adoption_030_Apply_With	1646906959421	1646906959603	171	OK
REQUEST	1	Adoption_040_Adoption_Applying_Post	Adoption Applying Post	1646906960615	1646906961034	OK	 
REQUEST	1	Adoption_040_Adoption_Applying_Post	Adoption Applying Post Redirect 1	1646906961035	1646906961079	OK	 
GROUP	1	Adoption_040_Adoption_Applying_Post	1646906960613	1646906961330	708	OK
REQUEST	1	Adoption_050_Adoption_Applying_With_Redirect	Adoption Applying With Redirect	1646906962323	1646906962489	OK	 
GROUP	1	Adoption_050_Adoption_Applying_With_Redirect	1646906962322	1646906962667	339	OK
REQUEST	1	Adoption_060_Date_Of_Move	Adoption Date Child Moved in 	1646906963672	1646906963714	OK	 
GROUP	1	Adoption_060_Date_Of_Move	1646906963672	1646906963943	268	OK
REQUEST	1	Adoption_070_Date_Of_Move_POST	Adoption Date Child Moved in Post	1646906964943	1646906965283	OK	 
REQUEST	1	Adoption_070_Date_Of_Move_POST	Adoption Date Child Moved in Post Redirect 1	1646906965285	1646906965322	OK	 
REQUEST	1	Adoption_070_Date_Of_Move_POST,Adoption_050_Adoption_Applying_With_Redirect	Adoption Applying With Redirect	1646906965456	1646906965493	OK	 
GROUP	1	Adoption_070_Date_Of_Move_POST,Adoption_050_Adoption_Applying_With_Redirect	1646906965455	1646906965579	112	OK
GROUP	1	Adoption_070_Date_Of_Move_POST	1646906964943	1646906966571	617	OK
REQUEST	1	Adoption_080_Your_Details	Adoption Your Personal Details 	1646906967581	1646906967630	OK	 
GROUP	1	Adoption_080_Your_Details	1646906967581	1646906967739	155	OK
REQUEST	1	Adoption_090_Your_Details_POST	Adoption Your Personal Details Post	1646906968733	1646906969073	OK	 
REQUEST	1	Adoption_090_Your_Details_POST	Adoption Your Personal Details Post Redirect 1	1646906969074	1646906969117	OK	 
GROUP	1	Adoption_090_Your_Details_POST	1646906968733	1646906969250	513	OK
REQUEST	1	Adoption_100_Your_Details_Other_Name	Adoption Your Personal Details Other Name	1646906970264	1646906970608	OK	 
REQUEST	1	Adoption_100_Your_Details_Other_Name	Adoption Your Personal Details Other Name Redirect 1	1646906970609	1646906970662	OK	 
GROUP	1	Adoption_100_Your_Details_Other_Name	1646906970263	1646906970794	525	OK
REQUEST	1	Adoption_110_Your_Details_DoB	Adoption Your Personal Details DoB	1646906971782	1646906971833	OK	 
GROUP	1	Adoption_110_Your_Details_DoB	1646906971782	1646906971906	120	OK
REQUEST	1	Adoption_120_Your_Details_DoB_POST	Adoption Your Personal Details DoB POST	1646906972911	1646906973810	OK	 
REQUEST	1	Adoption_120_Your_Details_DoB_POST	Adoption Your Personal Details DoB POST Redirect 1	1646906973811	1646906973897	OK	 
GROUP	1	Adoption_120_Your_Details_DoB_POST	1646906972911	1646906974043	1128	OK
REQUEST	1	Adoption_130_Your_Details_Occupation	Adoption Your Personal Details Occupation	1646906975042	1646906975314	OK	 
REQUEST	1	Adoption_130_Your_Details_Occupation	Adoption Your Personal Details Occupation Redirect 1	1646906975315	1646906975494	OK	 
GROUP	1	Adoption_130_Your_Details_Occupation	1646906975041	1646906975674	628	OK
REQUEST	1	Adoption_140_Your_Contact_Details	Adoption Your Contact Details LookUp	1646906976683	1646906976732	OK	 
GROUP	1	Adoption_140_Your_Contact_Details	1646906976683	1646906977097	411	OK
REQUEST	1	Adoption_150_Your_Contact_Details_Manual	Adoption Your Contact Details Manual	1646906978093	1646906978133	OK	 
GROUP	1	Adoption_150_Your_Contact_Details_Manual	1646906978092	1646906978257	160	OK
REQUEST	1	Adoption_160_Your_Contact_Details_Manual_POST	Adoption Your Contact Details Manual POST	1646906979252	1646906979448	OK	 
REQUEST	1	Adoption_160_Your_Contact_Details_Manual_POST	Adoption Your Contact Details Manual POST Redirect 1	1646906979450	1646906979493	OK	 
GROUP	1	Adoption_160_Your_Contact_Details_Manual_POST	1646906979252	1646906979647	389	OK
REQUEST	1	Adoption_170_Your_Contact_Details_POST	Adoption Your Contact Details POST	1646906980653	1646906981052	OK	 
REQUEST	1	Adoption_170_Your_Contact_Details_POST	Adoption Your Contact Details POST Redirect 1	1646906981054	1646906981097	OK	 
GROUP	1	Adoption_170_Your_Contact_Details_POST	1646906980652	1646906981189	531	OK
REQUEST	1	Adoption_180_Second_Personal_Details	Adoption Second Personal Details	1646906982183	1646906982231	OK	 
GROUP	1	Adoption_180_Second_Personal_Details	1646906982183	1646906982304	117	OK
REQUEST	1	Adoption_190_Second_Personal_Details_POST	Adoption Second Personal Details POST	1646906983312	1646906983535	OK	 
REQUEST	1	Adoption_190_Second_Personal_Details_POST	Adoption Second Personal Details POST Redirect 1	1646906983536	1646906983577	OK	 
GROUP	1	Adoption_190_Second_Personal_Details_POST	1646906983312	1646906983663	347	OK
REQUEST	1	Adoption_200_Second_Other_Name	Adoption Second Other Name	1646906984663	1646906984867	OK	 
REQUEST	1	Adoption_200_Second_Other_Name	Adoption Second Other Name Redirect 1	1646906984869	1646906984960	OK	 
GROUP	1	Adoption_200_Second_Other_Name	1646906984662	1646906985029	360	OK
REQUEST	1	Adoption_210_Second_Other_Name_Redirect	Adoption Second Other Name Redirect	1646906986022	1646906986365	OK	 
REQUEST	1	Adoption_210_Second_Other_Name_Redirect	Adoption Second Other Name Redirect Redirect 1	1646906986366	1646906986547	OK	 
GROUP	1	Adoption_210_Second_Other_Name_Redirect	1646906986021	1646906986852	826	OK
REQUEST	1	Adoption_220_Second_DoB	Adoption Second DoB	1646906987864	1646906988163	OK	 
REQUEST	1	Adoption_220_Second_DoB	Adoption Second DoB Redirect 1	1646906988164	1646906988321	OK	 
GROUP	1	Adoption_220_Second_DoB	1646906987864	1646906988678	810	OK
REQUEST	1	Adoption_230_Second_Occupation	Adoption Second Occupation	1646906989674	1646906990321	OK	 
REQUEST	1	Adoption_230_Second_Occupation	Adoption Second Occupation Redirect 1	1646906990323	1646906990364	OK	 
GROUP	1	Adoption_230_Second_Occupation	1646906989673	1646906990433	753	OK
REQUEST	1	Adoption_240_Second_Contact_Details_Same_Address	Adoption Second Contact Details Same-Address	1646906991431	1646906991489	OK	 
GROUP	1	Adoption_240_Second_Contact_Details_Same_Address	1646906991431	1646906992012	578	OK
REQUEST	1	Adoption_250_Second_Contact_Details_Same_Address_POST	Adoption Second Contact Details Same-Address POST	1646906993023	1646906993545	OK	 
REQUEST	1	Adoption_250_Second_Contact_Details_Same_Address_POST	Adoption Second Contact Details Same-Address POST Redirect 1	1646906993546	1646906993585	OK	 
GROUP	1	Adoption_250_Second_Contact_Details_Same_Address_POST	1646906993022	1646906993660	633	OK
REQUEST	1	Adoption_260_Second_Contact_Details_Manual_Redirect	Adoption Second Contact Details manual redirect	1646906994651	1646906994700	OK	 
GROUP	1	Adoption_260_Second_Contact_Details_Manual_Redirect	1646906994651	1646906995440	786	OK
REQUEST	1	Adoption_270_Second_Contact_Details_Manual_POST	Adoption Second Contact Details manual POST	1646906996443	1646906996822	OK	 
REQUEST	1	Adoption_270_Second_Contact_Details_Manual_POST	Adoption Second Contact Details manual POST Redirect 1	1646906996823	1646906996879	OK	 
GROUP	1	Adoption_270_Second_Contact_Details_Manual_POST	1646906996442	1646906997134	687	OK
REQUEST	1	Adoption_280_Second_Contact_Details__POST	Adoption Second Contact Details POST	1646906998133	1646906998460	OK	 
REQUEST	1	Adoption_280_Second_Contact_Details__POST	Adoption Second Contact Details POST Redirect 1	1646906998461	1646906998497	OK	 
GROUP	1	Adoption_280_Second_Contact_Details__POST	1646906998132	1646906998570	432	OK
REQUEST	1	adoption_290_Birth_Certificate	Adoption Birth Certificate Details	1646906999572	1646906999636	OK	 
GROUP	1	adoption_290_Birth_Certificate	1646906999571	1646906999896	321	OK
REQUEST	1	adoption_300_Birth_Certificate_Name	Adoption Birth Certificate Name	1646907000902	1646907001168	OK	 
REQUEST	1	adoption_300_Birth_Certificate_Name	Adoption Birth Certificate Name Redirect 1	1646907001170	1646907001340	OK	 
GROUP	1	adoption_300_Birth_Certificate_Name	1646907000902	1646907001681	773	OK
REQUEST	1	adoption_320_Birth_Certificate_DoB	Adoption Birth Certificate DoB	1646907002683	1646907002861	OK	 
REQUEST	1	adoption_320_Birth_Certificate_DoB	Adoption Birth Certificate DoB Redirect 1	1646907002862	1646907002914	OK	 
GROUP	1	adoption_320_Birth_Certificate_DoB	1646907002683	1646907003345	659	OK
REQUEST	1	adoption_330_Birth_Certificate_Sex	Adoption Birth Certificate Sex	1646907004343	1646907004706	OK	 
REQUEST	1	adoption_330_Birth_Certificate_Sex	Adoption Birth Certificate Sex Redirect 1	1646907004708	1646907004748	OK	 
GROUP	1	adoption_330_Birth_Certificate_Sex	1646907004343	1646907004816	468	OK
REQUEST	1	adoption_340_Birth_Certificate_Nationality_Add	Adoption Birth Certificate Nationality Add	1646907005813	1646907005983	OK	 
REQUEST	1	adoption_340_Birth_Certificate_Nationality_Add	Adoption Birth Certificate Nationality Add Redirect 1	1646907005985	1646907006058	OK	 
GROUP	1	adoption_340_Birth_Certificate_Nationality_Add	1646907005812	1646907006136	318	OK
REQUEST	1	adoption_350_Birth_Certificate_Nationality_POST	Adoption Birth Certificate Nationality POST	1646907007131	1646907007328	OK	 
REQUEST	1	adoption_350_Birth_Certificate_Nationality_POST	Adoption Birth Certificate Nationality POST Redirect 1	1646907007329	1646907007367	OK	 
GROUP	1	adoption_350_Birth_Certificate_Nationality_POST	1646907007130	1646907007445	310	OK
REQUEST	1	adoption_360_Certificate_Details	Adoption Certificate Details	1646907008454	1646907008501	OK	 
GROUP	1	adoption_360_Certificate_Details	1646907008453	1646907008643	186	OK
REQUEST	1	adoption_370_Certificate_Details_Name	Adoption Certificate Details Name	1646907009643	1646907009803	OK	 
REQUEST	1	adoption_370_Certificate_Details_Name	Adoption Certificate Details Name Redirect 1	1646907009805	1646907009845	OK	 
GROUP	1	adoption_370_Certificate_Details_Name	1646907009642	1646907010931	290	OK
REQUEST	1	adoption_380_Placement_Order	Adoption Placement Order Details	1646907010932	1646907011465	OK	 
GROUP	1	adoption_380_Placement_Order	1646907010931	1646907011594	659	OK
REQUEST	1	adoption_390_Certificate_Placement_Order_Number	Adoption Placement Order Number	1646907012603	1646907012812	OK	 
REQUEST	1	adoption_390_Certificate_Placement_Order_Number	Adoption Placement Order Number Redirect 1	1646907012813	1646907013500	OK	 
GROUP	1	adoption_390_Certificate_Placement_Order_Number	1646907012603	1646907013846	1239	OK
REQUEST	1	adoption_400_Certificate_Placement_Court	Adoption Placement Court	1646907014843	1646907015030	OK	 
REQUEST	1	adoption_400_Certificate_Placement_Court	Adoption Placement Court Redirect 1	1646907015032	1646907015221	OK	 
GROUP	1	adoption_400_Certificate_Placement_Court	1646907014843	1646907015373	525	OK
REQUEST	1	adoption_410_Certificate_Placement_Date	Adoption Placement Date	1646907016373	1646907016687	OK	 
REQUEST	1	adoption_410_Certificate_Placement_Date	Adoption Placement Date Redirect 1	1646907016688	1646907016856	OK	 
GROUP	1	adoption_410_Certificate_Placement_Date	1646907016372	1646907016926	549	OK
REQUEST	1	adoption_420_Certificate_Placement_Summary	Adoption Placement Summary	1646907017921	1646907018111	OK	 
REQUEST	1	adoption_420_Certificate_Placement_Summary	Adoption Placement Summary Redirect 1	1646907018112	1646907018288	OK	 
REQUEST	1	adoption_420_Certificate_Placement_Summary	Adoption Placement Summary Redirect 2	1646907018289	1646907018468	OK	 
GROUP	1	adoption_420_Certificate_Placement_Summary	1646907017921	1646907018552	626	OK
REQUEST	1	adoption_430_Certificate_Placement_Type_2	Adoption Placement Type 2	1646907019561	1646907019761	OK	 
REQUEST	1	adoption_430_Certificate_Placement_Type_2	Adoption Placement Type 2 Redirect 1	1646907019763	1646907020171	OK	 
GROUP	1	adoption_430_Certificate_Placement_Type_2	1646907019561	1646907020242	677	OK
REQUEST	1	adoption_440_Certificate_Placement_Order_Number_2	Adoption Placement Order Number 2	1646907021242	1646907021650	OK	 
REQUEST	1	adoption_440_Certificate_Placement_Order_Number_2	Adoption Placement Order Number 2 Redirect 1	1646907021652	1646907021821	OK	 
GROUP	1	adoption_440_Certificate_Placement_Order_Number_2	1646907021242	1646907021981	734	OK
REQUEST	1	adoption_450_Certificate_Placement_Court_2	Adoption Placement Court 2	1646907022983	1646907023240	OK	 
REQUEST	1	adoption_450_Certificate_Placement_Court_2	Adoption Placement Court 2 Redirect 1	1646907023242	1646907023447	OK	 
GROUP	1	adoption_450_Certificate_Placement_Court_2	1646907022983	1646907023569	580	OK
REQUEST	1	adoption_460_Certificate_Placement_Date_2	Adoption Placement Date 2	1646907024563	1646907024730	OK	 
REQUEST	1	adoption_460_Certificate_Placement_Date_2	Adoption Placement Date 2 Redirect 1	1646907024732	1646907024891	OK	 
GROUP	1	adoption_460_Certificate_Placement_Date_2	1646907024563	1646907025053	484	OK
REQUEST	1	adoption_470_Certificate_Placement_Summary_2	Adoption Placement Summary 2	1646907026063	1646907026247	OK	 
REQUEST	1	adoption_470_Certificate_Placement_Summary_2	Adoption Placement Summary 2 Redirect 1	1646907026248	1646907026405	OK	 
GROUP	1	adoption_470_Certificate_Placement_Summary_2	1646907026062	1646907026552	485	OK
REQUEST	1	adoption_480_Birth_Mother	Adoption Mother's Details	1646907027554	1646907027694	OK	 
GROUP	1	adoption_480_Birth_Mother	1646907027553	1646907027872	316	OK
REQUEST	1	adoption_490_Birth_Mother_Name	Adoption Mother's Name	1646907028873	1646907029049	OK	 
REQUEST	1	adoption_490_Birth_Mother_Name	Adoption Mother's Name Redirect 1	1646907029050	1646907029458	OK	 
GROUP	1	adoption_490_Birth_Mother_Name	1646907028872	1646907029770	894	OK
REQUEST	1	adoption_495_Birth_Mother	Adoption Mother's Details	1646907030763	1646907030821	OK	 
GROUP	1	adoption_495_Birth_Mother	1646907030762	1646907030911	145	OK
REQUEST	1	adoption_500_Birth_Mother_Alive	Adoption Mother Still Alive?	1646907031912	1646907032587	OK	 
REQUEST	1	adoption_500_Birth_Mother_Alive	Adoption Mother Still Alive? Redirect 1	1646907032589	1646907032643	OK	 
GROUP	1	adoption_500_Birth_Mother_Alive	1646907031912	1646907032717	800	OK
REQUEST	1	adoption_510_Birth_Mother_Nationality_Add	Adoption Mother's Nationality Add	1646907033713	1646907033915	OK	 
REQUEST	1	adoption_510_Birth_Mother_Nationality_Add	Adoption Mother's Nationality Add Redirect 1	1646907033916	1646907033971	OK	 
GROUP	1	adoption_510_Birth_Mother_Nationality_Add	1646907033712	1646907034283	566	OK
REQUEST	1	adoption_520_Birth_Mother_Nationality_POSt	Adoption Mother's Nationality	1646907035293	1646907035481	OK	 
REQUEST	1	adoption_520_Birth_Mother_Nationality_POSt	Adoption Mother's Nationality Redirect 1	1646907035482	1646907035520	OK	 
GROUP	1	adoption_520_Birth_Mother_Nationality_POSt	1646907035292	1646907035667	371	OK
REQUEST	1	adoption_530_Birth_Mother_Occupation	Adoption Mother's Occupation	1646907036662	1646907036851	OK	 
REQUEST	1	adoption_530_Birth_Mother_Occupation	Adoption Mother's Occupation Redirect 1	1646907036852	1646907036893	OK	 
GROUP	1	adoption_530_Birth_Mother_Occupation	1646907036661	1646907036987	321	OK
REQUEST	1	adoption_535_Birth_Mother_Occupation_Redirect	Adoption Mother's Details Redirect	1646907037992	1646907038033	OK	 
GROUP	1	adoption_535_Birth_Mother_Occupation_Redirect	1646907037992	1646907038099	105	OK
REQUEST	1	adoption_540_Birth_Mother_Occupation	Adoption Mother's Address Known	1646907039094	1646907039334	OK	 
REQUEST	1	adoption_540_Birth_Mother_Occupation	Adoption Mother's Address Known Redirect 1	1646907039335	1646907039485	OK	 
GROUP	1	adoption_540_Birth_Mother_Occupation	1646907039093	1646907039662	565	OK
REQUEST	1	adoption_550_Birth_Mother_Address_Manual	Adoption Mother's Address Manual	1646907040671	1646907040738	OK	 
GROUP	1	adoption_550_Birth_Mother_Address_Manual	1646907040671	1646907040877	204	OK
REQUEST	1	adoption_560_Birth_Mother_Address_POST	Adoption Mother's Address	1646907041871	1646907042084	OK	 
REQUEST	1	adoption_560_Birth_Mother_Address_POST	Adoption Mother's Address Redirect 1	1646907042085	1646907042129	OK	 
GROUP	1	adoption_560_Birth_Mother_Address_POST	1646907041871	1646907042255	381	OK
REQUEST	1	adoption_570_Birth_Father_Details	Adoption Father's Details	1646907043251	1646907043300	OK	 
GROUP	1	adoption_570_Birth_Father_Details	1646907043251	1646907043369	115	OK
REQUEST	1	adoption_580_Birth_Father_Details_POST	Adoption Father's Details On Certificate	1646907044371	1646907044736	OK	 
REQUEST	1	adoption_580_Birth_Father_Details_POST	Adoption Father's Details On Certificate Redirect 1	1646907044737	1646907044835	OK	 
GROUP	1	adoption_580_Birth_Father_Details_POST	1646907044370	1646907044905	531	OK
REQUEST	1	adoption_590_Birth_Father_Name	Adoption Father's Name	1646907045913	1646907046430	OK	 
REQUEST	1	adoption_590_Birth_Father_Name	Adoption Father's Name Redirect 1	1646907046431	1646907046469	OK	 
GROUP	1	adoption_590_Birth_Father_Name	1646907045913	1646907046539	623	OK
REQUEST	1	adoption_600_Birth_Father_Alive	Adoption Father Still alive?	1646907047534	1646907047702	OK	 
REQUEST	1	adoption_600_Birth_Father_Alive	Adoption Father Still alive? Redirect 1	1646907047704	1646907047751	OK	 
GROUP	1	adoption_600_Birth_Father_Alive	1646907047533	1646907047822	283	OK
REQUEST	1	adoption_610_Birth_Father_Nationality_Add	Adoption Father add Nationality	1646907048832	1646907049352	OK	 
REQUEST	1	adoption_610_Birth_Father_Nationality_Add	Adoption Father add Nationality Redirect 1	1646907049353	1646907049404	OK	 
GROUP	1	adoption_610_Birth_Father_Nationality_Add	1646907048832	1646907049473	637	OK
REQUEST	1	adoption_620_Birth_Father_Nationality_POST	Adoption Father's Nationality	1646907050471	1646907050888	OK	 
REQUEST	1	adoption_620_Birth_Father_Nationality_POST	Adoption Father's Nationality Redirect 1	1646907050889	1646907050948	OK	 
GROUP	1	adoption_620_Birth_Father_Nationality_POST	1646907050471	1646907051038	564	OK
REQUEST	1	adoption_630_Birth_Father_Occupation	Adoption Father's Occupation	1646907052034	1646907052212	OK	 
REQUEST	1	adoption_630_Birth_Father_Occupation	Adoption Father's Occupation Redirect 1	1646907052213	1646907052266	OK	 
GROUP	1	adoption_630_Birth_Father_Occupation	1646907052033	1646907052407	370	OK
REQUEST	1	adoption_640_Birth_Father_Occupation_Address_Known	Adoption Father's Address Known?	1646907053404	1646907053638	OK	 
REQUEST	1	adoption_640_Birth_Father_Occupation_Address_Known	Adoption Father's Address Known? Redirect 1	1646907053639	1646907053690	OK	 
GROUP	1	adoption_640_Birth_Father_Occupation_Address_Known	1646907053403	1646907053832	424	OK
REQUEST	1	adoption_640_Birth_Father_Occupation_Address_Manual	Adoption Father's Address Manual	1646907054842	1646907055009	OK	 
GROUP	1	adoption_640_Birth_Father_Occupation_Address_Manual	1646907054841	1646907055186	341	OK
REQUEST	1	adoption_640_Birth_Father_Occupation_Address_POST	Adoption Father's Address	1646907056182	1646907056372	OK	 
REQUEST	1	adoption_640_Birth_Father_Occupation_Address_POST	Adoption Father's Address Redirect 1	1646907056373	1646907056425	OK	 
GROUP	1	adoption_640_Birth_Father_Occupation_Address_POST	1646907056182	1646907056501	314	OK
REQUEST	1	adoption_650_Other_Parent_Exists	Adoption Other Parent	1646907057502	1646907057551	OK	 
GROUP	1	adoption_650_Other_Parent_Exists	1646907057502	1646907057642	137	OK
REQUEST	1	adoption_660_Other_Parent_Exists_POST	Adoption Other Parent Exists	1646907058643	1646907058977	OK	 
REQUEST	1	adoption_660_Other_Parent_Exists_POST	Adoption Other Parent Exists Redirect 1	1646907058979	1646907059025	OK	 
GROUP	1	adoption_660_Other_Parent_Exists_POST	1646907058643	1646907059096	448	OK
REQUEST	1	adoption_670_Other_Parent_Name	Adoption Other Parent Name	1646907060092	1646907060268	OK	 
REQUEST	1	adoption_670_Other_Parent_Name	Adoption Other Parent Name Redirect 1	1646907060269	1646907060373	OK	 
GROUP	1	adoption_670_Other_Parent_Name	1646907060091	1646907060447	351	OK
REQUEST	1	adoption_680_Other_Parent_Address_Known?	Adoption Other Parent Address known?	1646907061453	1646907061770	OK	 
REQUEST	1	adoption_680_Other_Parent_Address_Known?	Adoption Other Parent Address known? Redirect 1	1646907061772	1646907061819	OK	 
GROUP	1	adoption_680_Other_Parent_Address_Known?	1646907061453	1646907061963	506	OK
REQUEST	1	adoption_690_Other_Parent_Address_Manual	Adoption Other Parent Address Manual	1646907062963	1646907063014	OK	 
GROUP	1	adoption_690_Other_Parent_Address_Manual	1646907062962	1646907063087	121	OK
REQUEST	1	adoption_700_Other_Parent_Address_POST	Adoption Other Parent Address Manual	1646907064083	1646907064506	OK	 
REQUEST	1	adoption_700_Other_Parent_Address_POST	Adoption Other Parent Address Manual Redirect 1	1646907064508	1646907064544	OK	 
GROUP	1	adoption_700_Other_Parent_Address_POST	1646907064083	1646907064640	552	OK
REQUEST	1	adoption_710_Agency	Adoption Agency	1646907065643	1646907066280	OK	 
REQUEST	1	adoption_710_Agency	Adoption Agency Redirect 1	1646907066282	1646907066554	OK	 
GROUP	1	adoption_710_Agency	1646907065643	1646907066815	1167	OK
REQUEST	1	adoption_720_Agency_Details	Adoption Agency Details	1646907067813	1646907068078	OK	 
REQUEST	1	adoption_720_Agency_Details	Adoption Agency Details Redirect 1	1646907068080	1646907068227	OK	 
GROUP	1	adoption_720_Agency_Details	1646907067813	1646907068432	615	OK
REQUEST	1	adoption_730_Other_Agency	Adoption Other Agency?	1646907069443	1646907069629	OK	 
REQUEST	1	adoption_730_Other_Agency	Adoption Other Agency? Redirect 1	1646907069631	1646907069822	OK	 
REQUEST	1	adoption_730_Other_Agency	Adoption Other Agency? Redirect 2	1646907069823	1646907070092	OK	 
GROUP	1	adoption_730_Other_Agency	1646907069442	1646907070196	747	OK
REQUEST	1	adoption_740_Other_Agency_Details	Adoption Other Agency Details	1646907071193	1646907071387	OK	 
REQUEST	1	adoption_740_Other_Agency_Details	Adoption Other Agency Details Redirect 1	1646907071389	1646907071427	OK	 
GROUP	1	adoption_740_Other_Agency_Details	1646907071192	1646907071497	299	OK
REQUEST	1	adoption_750_Social_Worker_Details	Adoption Social Worker Details	1646907072494	1646907072677	OK	 
REQUEST	1	adoption_750_Social_Worker_Details	Adoption Social Worker Details Redirect 1	1646907072678	1646907072736	OK	 
GROUP	1	adoption_750_Social_Worker_Details	1646907072493	1646907072836	338	OK
REQUEST	1	adoption_760_Sibling_Details	Adoption Sibling Details	1646907073832	1646907073922	OK	 
GROUP	1	adoption_760_Sibling_Details	1646907073832	1646907073994	159	OK
REQUEST	1	adoption_770_Sibling_Other?	Adoption Any Sibling?	1646907075002	1646907075463	OK	 
REQUEST	1	adoption_770_Sibling_Other?	Adoption Any Sibling? Redirect 1	1646907075465	1646907075506	OK	 
GROUP	1	adoption_770_Sibling_Other?	1646907075002	1646907075844	838	OK
REQUEST	1	adoption_780_Sibling_Court_Order_Exists?	Adoption Court Order Exists?	1646907076843	1646907077307	OK	 
REQUEST	1	adoption_780_Sibling_Court_Order_Exists?	Adoption Court Order Exists? Redirect 1	1646907077308	1646907077823	OK	 
GROUP	1	adoption_780_Sibling_Court_Order_Exists?	1646907076842	1646907077900	1053	OK
REQUEST	1	adoption_790_Sibling_Name?	Adoption Sibling Name	1646907078894	1646907079110	OK	 
REQUEST	1	adoption_790_Sibling_Name?	Adoption Sibling Name Redirect 1	1646907079111	1646907079651	OK	 
REQUEST	1	adoption_790_Sibling_Name?	Adoption Sibling Name Redirect 2	1646907079652	1646907079824	OK	 
GROUP	1	adoption_790_Sibling_Name?	1646907078893	1646907079912	1013	OK
REQUEST	1	adoption_800_Sibling_Order_Type	Adoption Order Type?	1646907080924	1646907081397	OK	 
REQUEST	1	adoption_800_Sibling_Order_Type	Adoption Order Type? Redirect 1	1646907081399	1646907081596	OK	 
GROUP	1	adoption_800_Sibling_Order_Type	1646907080923	1646907081756	827	OK
REQUEST	1	adoption_810_Sibling_Order_Number	Adoption Order Number	1646907082753	1646907082924	OK	 
REQUEST	1	adoption_810_Sibling_Order_Number	Adoption Order Number Redirect 1	1646907082925	1646907083006	OK	 
GROUP	1	adoption_810_Sibling_Order_Number	1646907082752	1646907083073	317	OK
REQUEST	1	adoption_820_Sibling_New_Order?	Adoption Add New Order?	1646907084071	1646907084244	OK	 
REQUEST	1	adoption_820_Sibling_New_Order?	Adoption Add New Order? Redirect 1	1646907084245	1646907084287	OK	 
GROUP	1	adoption_820_Sibling_New_Order?	1646907084071	1646907084362	285	OK
REQUEST	1	adoption_830_Sibling_Select	Adoption Select Sibling	1646907085372	1646907085556	OK	 
REQUEST	1	adoption_830_Sibling_Select	Adoption Select Sibling Redirect 1	1646907085557	1646907085908	OK	 
REQUEST	1	adoption_830_Sibling_Select	Adoption Select Sibling Redirect 2	1646907085909	1646907086626	OK	 
GROUP	1	adoption_830_Sibling_Select	1646907085371	1646907086675	1298	OK
REQUEST	1	adoption_840_Sibling_Select	Adoption Order Type	1646907087671	1646907087827	OK	 
REQUEST	1	adoption_840_Sibling_Select	Adoption Order Type Redirect 1	1646907087829	1646907088418	OK	 
GROUP	1	adoption_840_Sibling_Select	1646907087671	1646907088503	827	OK
REQUEST	1	adoption_850_Sibling_Select	Adoption Order Number	1646907089503	1646907089693	OK	 
REQUEST	1	adoption_850_Sibling_Select	Adoption Order Number Redirect 1	1646907089694	1646907089735	OK	 
GROUP	1	adoption_850_Sibling_Select	1646907089503	1646907089787	280	OK
REQUEST	1	adoption_855_Sibling_Select	Adoption Order Number	1646907090783	1646907090969	OK	 
REQUEST	1	adoption_855_Sibling_Select	Adoption Order Number Redirect 1	1646907090971	1646907091130	OK	 
GROUP	1	adoption_855_Sibling_Select	1646907090783	1646907091241	453	OK
REQUEST	1	adoption_860_Sibling_Select	Adoption Order Number	1646907091242	1646907091540	OK	 
REQUEST	1	adoption_860_Sibling_Select	Adoption Order Number Redirect 1	1646907091541	1646907091614	OK	 
GROUP	1	adoption_860_Sibling_Select	1646907091241	1646907091683	437	OK
REQUEST	1	adoption_861_Family_Court	Adoption Family Court Redirect	1646907092692	1646907092921	OK	 
GROUP	1	adoption_861_Family_Court	1646907092692	1646907093068	373	OK
REQUEST	1	adoption_862_Family_Court_POST	Adoption Family Court Redirect	1646907093068	1646907093259	OK	 
REQUEST	1	adoption_862_Family_Court_POST	Adoption Family Court Redirect Redirect 1	1646907093261	1646907093569	OK	 
GROUP	1	adoption_862_Family_Court_POST	1646907093068	1646907093728	655	OK
REQUEST	1	adoption_870_Upload_Document	Adoption Birth Certificate Details	1646907093728	1646907093892	OK	 
GROUP	1	adoption_870_Upload_Document	1646907093728	1646907094094	363	OK
REQUEST	1	adoption_885_Upload_Document_POST	Adoption Certificate Upload POST	1646907095092	1646907095258	OK	 
REQUEST	1	adoption_885_Upload_Document_POST	Adoption Certificate Upload POST Redirect 1	1646907095259	1646907095312	OK	 
GROUP	1	adoption_885_Upload_Document_POST	1646907095092	1646907095386	291	OK
USER	LAU Simulation	1	END	1646906951052	1646907096387
