RUN	simulations.mainSimulation	mainsimulation	1647001399012	 	3.3.1
USER	LAU Simulation	1	START	1647001401584	1647001401584
REQUEST	1	AD_010_Homepage	Adoption Homepage	1647001401610	1647001404961	OK	 
REQUEST	1	AD_010_Homepage	Adoption Homepage Redirect 1	1647001404987	1647001405055	OK	 
REQUEST	1	AD_010_Homepage	Adoption Homepage Redirect 2	1647001405057	1647001405322	OK	 
GROUP	1	AD_010_Homepage	1647001401592	1647001407026	5297	OK
REQUEST	1	AD_020_Login	Adoption Login	1647001408054	1647001408493	OK	 
REQUEST	1	AD_020_Login	Adoption Login Redirect 1	1647001408498	1647001409210	OK	 
REQUEST	1	AD_020_Login	Adoption Login Redirect 2	1647001409211	1647001411364	OK	 
REQUEST	1	AD_020_Login	Adoption Login Redirect 3	1647001411365	1647001411434	OK	 
GROUP	1	AD_020_Login	1647001408049	1647001412782	4712	OK
REQUEST	1	AD_030_Apply_With	Adoption Applying With	1647001413779	1647001413908	OK	 
GROUP	1	AD_030_Apply_With	1647001413778	1647001414042	258	OK
REQUEST	1	AD_040_Applying_Post	Adoption Applying Post	1647001415051	1647001415456	OK	 
REQUEST	1	AD_040_Applying_Post	Adoption Applying Post Redirect 1	1647001415458	1647001415569	OK	 
GROUP	1	AD_040_Applying_Post	1647001415049	1647001415747	683	OK
REQUEST	1	AD_050_Applying_With_Redirect	Adoption Applying With Redirect	1647001416747	1647001416824	OK	 
GROUP	1	AD_050_Applying_With_Redirect	1647001416746	1647001416901	150	OK
REQUEST	1	AD_060_Date_Of_Move	Adoption Date Child Moved in 	1647001417899	1647001418371	OK	 
GROUP	1	AD_060_Date_Of_Move	1647001417898	1647001418637	733	OK
REQUEST	1	AD_070_Date_Of_Move_POST	Adoption Date Child Moved in Post	1647001419638	1647001420131	OK	 
REQUEST	1	AD_070_Date_Of_Move_POST	Adoption Date Child Moved in Post Redirect 1	1647001420132	1647001420202	OK	 
GROUP	1	AD_070_Date_Of_Move_POST	1647001419637	1647001420287	643	OK
REQUEST	1	AD_080_Your_Details	Adoption Your Personal Details 	1647001420288	1647001420340	OK	 
GROUP	1	AD_080_Your_Details	1647001420287	1647001420419	125	OK
REQUEST	1	AD_090_Your_Details_POST	Adoption Your Personal Details Post	1647001421419	1647001421907	OK	 
REQUEST	1	AD_090_Your_Details_POST	Adoption Your Personal Details Post Redirect 1	1647001421909	1647001422054	OK	 
GROUP	1	AD_090_Your_Details_POST	1647001421418	1647001422201	776	OK
REQUEST	1	AD_100_Your_Details_Other_Name	Adoption Your Personal Details Other Name	1647001423197	1647001423594	OK	 
REQUEST	1	AD_100_Your_Details_Other_Name	Adoption Your Personal Details Other Name Redirect 1	1647001423596	1647001423651	OK	 
GROUP	1	AD_100_Your_Details_Other_Name	1647001423196	1647001423707	504	OK
REQUEST	1	AD_110_Your_Details_DoB	Adoption Your Personal Details DoB	1647001424708	1647001425344	OK	 
GROUP	1	AD_110_Your_Details_DoB	1647001424707	1647001425672	960	OK
REQUEST	1	AD_120_Your_Details_DoB_POST	Adoption Your Personal Details DoB POST	1647001426679	1647001427093	OK	 
REQUEST	1	AD_120_Your_Details_DoB_POST	Adoption Your Personal Details DoB POST Redirect 1	1647001427095	1647001427245	OK	 
GROUP	1	AD_120_Your_Details_DoB_POST	1647001426678	1647001427421	737	OK
REQUEST	1	AD_130_Your_Details_Occupation	Adoption Your Personal Details Occupation	1647001428419	1647001429034	OK	 
REQUEST	1	AD_130_Your_Details_Occupation	Adoption Your Personal Details Occupation Redirect 1	1647001429035	1647001429296	OK	 
GROUP	1	AD_130_Your_Details_Occupation	1647001428418	1647001429408	984	OK
REQUEST	1	AD_140_Your_Contact	Adoption Your Contact Details LookUp	1647001430418	1647001430499	OK	 
GROUP	1	AD_140_Your_Contact	1647001430418	1647001430583	161	OK
REQUEST	1	AD_150_Your_Contact_Manual	Adoption Your Contact Details Manual	1647001431579	1647001431866	OK	 
GROUP	1	AD_150_Your_Contact_Manual	1647001431578	1647001431967	384	OK
REQUEST	1	AD_160_Your_Contact_POST	Adoption Your Contact Details Manual POST	1647001432970	1647001433162	OK	 
REQUEST	1	AD_160_Your_Contact_POST	Adoption Your Contact Details Manual POST Redirect 1	1647001433164	1647001433230	OK	 
GROUP	1	AD_160_Your_Contact_POST	1647001432969	1647001433310	335	OK
REQUEST	1	AD_170_Your_Contact_POST	Adoption Your Contact Details POST	1647001434309	1647001434501	OK	 
REQUEST	1	AD_170_Your_Contact_POST	Adoption Your Contact Details POST Redirect 1	1647001434503	1647001434619	OK	 
GROUP	1	AD_170_Your_Contact_POST	1647001434308	1647001434706	392	OK
REQUEST	1	AD_180_Second_Person	Adoption Second Personal Details	1647001435699	1647001435765	OK	 
GROUP	1	AD_180_Second_Person	1647001435699	1647001435842	139	OK
REQUEST	1	AD_190_Second_PersonPOST	Adoption Second Personal Details POST	1647001436848	1647001437677	OK	 
REQUEST	1	AD_190_Second_PersonPOST	Adoption Second Personal Details POST Redirect 1	1647001437678	1647001437741	OK	 
GROUP	1	AD_190_Second_PersonPOST	1647001436848	1647001437840	988	OK
REQUEST	1	AD_200_Second_Other_Name	Adoption Second Other Name	1647001438839	1647001439211	OK	 
REQUEST	1	AD_200_Second_Other_Name	Adoption Second Other Name Redirect 1	1647001439213	1647001439338	OK	 
GROUP	1	AD_200_Second_Other_Name	1647001438839	1647001439440	596	OK
REQUEST	1	AD_210_Second_Other_Name_Redirect	Adoption Second Other Name Redirect	1647001440447	1647001441347	OK	 
REQUEST	1	AD_210_Second_Other_Name_Redirect	Adoption Second Other Name Redirect Redirect 1	1647001441349	1647001441528	OK	 
GROUP	1	AD_210_Second_Other_Name_Redirect	1647001440447	1647001441707	1254	OK
REQUEST	1	AD_220_Second_DoB	Adoption Second DoB	1647001442708	1647001443308	OK	 
REQUEST	1	AD_220_Second_DoB	Adoption Second DoB Redirect 1	1647001443309	1647001443426	OK	 
GROUP	1	AD_220_Second_DoB	1647001442707	1647001443519	807	OK
REQUEST	1	AD_230_Second_Occupation	Adoption Second Occupation	1647001444519	1647001445050	OK	 
REQUEST	1	AD_230_Second_Occupation	Adoption Second Occupation Redirect 1	1647001445051	1647001445154	OK	 
GROUP	1	AD_230_Second_Occupation	1647001444518	1647001445230	707	OK
REQUEST	1	AD_240_Second_Contact_Same	Adoption Second Contact Details Same-Address	1647001446229	1647001446440	OK	 
GROUP	1	AD_240_Second_Contact_Same	1647001446229	1647001446526	293	OK
REQUEST	1	AD_250_Second_Contact_Same_POST	Adoption Second Contact Details Same-Address POST	1647001447519	1647001447811	OK	 
REQUEST	1	AD_250_Second_Contact_Same_POST	Adoption Second Contact Details Same-Address POST Redirect 1	1647001447813	1647001448044	OK	 
GROUP	1	AD_250_Second_Contact_Same_POST	1647001447519	1647001448177	654	OK
REQUEST	1	AD_260_Second_Contact_Manual_Redirect	Adoption Second Contact Details manual redirect	1647001449190	1647001449303	OK	 
GROUP	1	AD_260_Second_Contact_Manual_Redirect	1647001449189	1647001449409	216	OK
REQUEST	1	AD_270_Second_Contact_Manual_POST	Adoption Second Contact Details manual POST	1647001450408	1647001450784	OK	 
REQUEST	1	AD_270_Second_Contact_Manual_POST	Adoption Second Contact Details manual POST Redirect 1	1647001450786	1647001451005	OK	 
GROUP	1	AD_270_Second_Contact_Manual_POST	1647001450408	1647001451572	1159	OK
REQUEST	1	AD_280_Second_Contact_POST	Adoption Second Contact Details POST	1647001452567	1647001452786	OK	 
REQUEST	1	AD_280_Second_Contact_POST	Adoption Second Contact Details POST Redirect 1	1647001452787	1647001453144	OK	 
GROUP	1	AD_280_Second_Contact_POST	1647001452567	1647001453431	860	OK
REQUEST	1	AD_290_Birth_Certificate	Adoption Birth Certificate Details	1647001454437	1647001454787	OK	 
GROUP	1	AD_290_Birth_Certificate	1647001454437	1647001454911	471	OK
REQUEST	1	AD_300_Birth_Name	Adoption Birth Certificate Name	1647001455909	1647001456242	OK	 
REQUEST	1	AD_300_Birth_Name	Adoption Birth Certificate Name Redirect 1	1647001456243	1647001458533	OK	 
GROUP	1	AD_300_Birth_Name	1647001455909	1647001458622	2710	OK
REQUEST	1	AD_320_Birth_DoB	Adoption Birth Certificate DoB	1647001459619	1647001460143	OK	 
REQUEST	1	AD_320_Birth_DoB	Adoption Birth Certificate DoB Redirect 1	1647001460144	1647001460356	OK	 
GROUP	1	AD_320_Birth_DoB	1647001459618	1647001460493	870	OK
REQUEST	1	AD_330_Birth_Sex	Adoption Birth Certificate Sex	1647001461498	1647001461946	OK	 
REQUEST	1	AD_330_Birth_Sex	Adoption Birth Certificate Sex Redirect 1	1647001461947	1647001462071	OK	 
GROUP	1	AD_330_Birth_Sex	1647001461498	1647001462186	683	OK
REQUEST	1	AD_340_Birth_Nationality_Add	Adoption Birth Certificate Nationality Add	1647001463179	1647001463789	OK	 
REQUEST	1	AD_340_Birth_Nationality_Add	Adoption Birth Certificate Nationality Add Redirect 1	1647001463790	1647001468285	OK	 
GROUP	1	AD_340_Birth_Nationality_Add	1647001463178	1647001468376	5192	OK
REQUEST	1	AD_350_Birth_Nationality_POST	Adoption Birth Certificate Nationality POST	1647001469379	1647001469630	OK	 
REQUEST	1	AD_350_Birth_Nationality_POST	Adoption Birth Certificate Nationality POST Redirect 1	1647001469631	1647001469768	OK	 
GROUP	1	AD_350_Birth_Nationality_POST	1647001469379	1647001469930	547	OK
REQUEST	1	AD_360_Certificate_Details	Adoption Certificate Details	1647001470939	1647001471354	OK	 
GROUP	1	AD_360_Certificate_Details	1647001470939	1647001471747	805	OK
REQUEST	1	AD_370_Certificate_Name	Adoption Certificate Details Name	1647001472749	1647001473210	OK	 
REQUEST	1	AD_370_Certificate_Name	Adoption Certificate Details Name Redirect 1	1647001473211	1647001473527	OK	 
GROUP	1	AD_370_Certificate_Name	1647001472748	1647001473679	926	OK
REQUEST	1	AD_380_Placement_Order	Adoption Placement Order Details	1647001474679	1647001474957	OK	 
GROUP	1	AD_380_Placement_Order	1647001474678	1647001475053	371	OK
REQUEST	1	AD_390_Placement_Number	Adoption Placement Order Number	1647001476047	1647001476254	OK	 
REQUEST	1	AD_390_Placement_Number	Adoption Placement Order Number Redirect 1	1647001476255	1647001476917	OK	 
GROUP	1	AD_390_Placement_Number	1647001476047	1647001476996	945	OK
REQUEST	1	AD_400_Placement_Court	Adoption Placement Court	1647001477999	1647001478326	OK	 
REQUEST	1	AD_400_Placement_Court	Adoption Placement Court Redirect 1	1647001478328	1647001478565	OK	 
GROUP	1	AD_400_Placement_Court	1647001477999	1647001478712	708	OK
REQUEST	1	AD_410_Placement_Date	Adoption Placement Date	1647001479708	1647001480140	OK	 
REQUEST	1	AD_410_Placement_Date	Adoption Placement Date Redirect 1	1647001480140	1647001480630	OK	 
GROUP	1	AD_410_Placement_Date	1647001479708	1647001480743	1033	OK
REQUEST	1	AD_420_Placement_Summary	Adoption Placement Summary	1647001481748	1647001482050	OK	 
REQUEST	1	AD_420_Placement_Summary	Adoption Placement Summary Redirect 1	1647001482051	1647001482380	OK	 
REQUEST	1	AD_420_Placement_Summary	Adoption Placement Summary Redirect 2	1647001482381	1647001486062	OK	 
GROUP	1	AD_420_Placement_Summary	1647001481748	1647001486116	4363	OK
REQUEST	1	AD_430_Placement_Type_2	Adoption Placement Type 2	1647001487107	1647001487853	OK	 
REQUEST	1	AD_430_Placement_Type_2	Adoption Placement Type 2 Redirect 1	1647001487855	1647001488109	OK	 
GROUP	1	AD_430_Placement_Type_2	1647001487107	1647001488232	1120	OK
REQUEST	1	AD_440_Placement_Number_2	Adoption Placement Order Number 2	1647001489238	1647001489694	OK	 
REQUEST	1	AD_440_Placement_Number_2	Adoption Placement Order Number 2 Redirect 1	1647001489695	1647001494138	OK	 
GROUP	1	AD_440_Placement_Number_2	1647001489237	1647001495090	5849	OK
REQUEST	1	AD_450_Placement_Court_2	Adoption Placement Court 2	1647001496099	1647001497188	OK	 
REQUEST	1	AD_450_Placement_Court_2	Adoption Placement Court 2 Redirect 1	1647001497189	1647001498745	OK	 
GROUP	1	AD_450_Placement_Court_2	1647001496098	1647001499266	3163	OK
REQUEST	1	AD_460_Placement_Date_2	Adoption Placement Date 2	1647001500259	1647001500470	OK	 
REQUEST	1	AD_460_Placement_Date_2	Adoption Placement Date 2 Redirect 1	1647001500471	1647001500793	OK	 
GROUP	1	AD_460_Placement_Date_2	1647001500258	1647001500885	621	OK
REQUEST	1	AD_470_Placement_Summary_2	Adoption Placement Summary 2	1647001501888	1647001502332	OK	 
REQUEST	1	AD_470_Placement_Summary_2	Adoption Placement Summary 2 Redirect 1	1647001502332	1647001502629	OK	 
GROUP	1	AD_470_Placement_Summary_2	1647001501887	1647001502771	880	OK
REQUEST	1	AD_480_Birth_Mother	Adoption Mother's Details	1647001503778	1647001504073	OK	 
GROUP	1	AD_480_Birth_Mother	1647001503778	1647001504566	785	OK
REQUEST	1	AD_490_Mother_Name	Adoption Mother's Name	1647001505559	1647001506490	OK	 
REQUEST	1	AD_490_Mother_Name	Adoption Mother's Name Redirect 1	1647001506491	1647001508477	OK	 
GROUP	1	AD_490_Mother_Name	1647001505559	1647001508745	3184	OK
REQUEST	1	AD_495_Mother_Alive_Redirect	Adoption Mother's Details	1647001509749	1647001510106	OK	 
GROUP	1	AD_495_Mother_Alive_Redirect	1647001509749	1647001510289	537	OK
REQUEST	1	AD_500_Mother_Alive	Adoption Mother Still Alive?	1647001511297	1647001511938	OK	 
REQUEST	1	AD_500_Mother_Alive	Adoption Mother Still Alive? Redirect 1	1647001511939	1647001513306	OK	 
GROUP	1	AD_500_Mother_Alive	1647001511297	1647001513384	2082	OK
REQUEST	1	AD_510_Mother_Nationality_Add	Adoption Mother's Nationality Add	1647001514379	1647001514887	OK	 
REQUEST	1	AD_510_Mother_Nationality_Add	Adoption Mother's Nationality Add Redirect 1	1647001514888	1647001520117	OK	 
GROUP	1	AD_510_Mother_Nationality_Add	1647001514378	1647001520189	5807	OK
REQUEST	1	AD_520_Mother_Nationality_POST	Adoption Mother's Nationality	1647001521188	1647001521404	OK	 
REQUEST	1	AD_520_Mother_Nationality_POST	Adoption Mother's Nationality Redirect 1	1647001521406	1647001521650	OK	 
GROUP	1	AD_520_Mother_Nationality_POST	1647001521187	1647001521753	559	OK
REQUEST	1	AD_530_Mother_Occupation	Adoption Mother's Occupation	1647001522757	1647001523012	OK	 
REQUEST	1	AD_530_Mother_Occupation	Adoption Mother's Occupation Redirect 1	1647001523014	1647001523112	OK	 
GROUP	1	AD_530_Mother_Occupation	1647001522757	1647001523184	422	OK
REQUEST	1	AD_535_Mother_Occupation_Redirect	Adoption Mother's Details Redirect	1647001524180	1647001525596	OK	 
GROUP	1	AD_535_Mother_Occupation_Redirect	1647001524179	1647001526525	2342	OK
REQUEST	1	AD_540_Mother_Occupation	Adoption Mother's Address Known	1647001527527	1647001528341	OK	 
REQUEST	1	AD_540_Mother_Occupation	Adoption Mother's Address Known Redirect 1	1647001528342	1647001528616	OK	 
GROUP	1	AD_540_Mother_Occupation	1647001527526	1647001528681	1151	OK
REQUEST	1	AD_550_Mother_Address_Manual	Adoption Mother's Address Manual	1647001529688	1647001529775	OK	 
GROUP	1	AD_550_Mother_Address_Manual	1647001529688	1647001529917	226	OK
REQUEST	1	AD_560_Mother_Address_POST	Adoption Mother's Address	1647001530918	1647001531165	OK	 
REQUEST	1	AD_560_Mother_Address_POST	Adoption Mother's Address Redirect 1	1647001531167	1647001531394	OK	 
GROUP	1	AD_560_Mother_Address_POST	1647001530917	1647001531499	577	OK
REQUEST	1	AD_570_Father_Details	Adoption Father's Details	1647001532498	1647001532581	OK	 
GROUP	1	AD_570_Father_Details	1647001532498	1647001532651	150	OK
REQUEST	1	AD_580_Father_Details_POST	Adoption Father's Details On Certificate	1647001533649	1647001533933	OK	 
REQUEST	1	AD_580_Father_Details_POST	Adoption Father's Details On Certificate Redirect 1	1647001533934	1647001534490	OK	 
GROUP	1	AD_580_Father_Details_POST	1647001533649	1647001534611	958	OK
REQUEST	1	AD_590_Father_Name	Adoption Father's Name	1647001535609	1647001535981	OK	 
REQUEST	1	AD_590_Father_Name	Adoption Father's Name Redirect 1	1647001535982	1647001536086	OK	 
GROUP	1	AD_590_Father_Name	1647001535608	1647001536162	549	OK
REQUEST	1	AD_600_Father_Alive	Adoption Father Still alive?	1647001537168	1647001537414	OK	 
REQUEST	1	AD_600_Father_Alive	Adoption Father Still alive? Redirect 1	1647001537415	1647001537523	OK	 
GROUP	1	AD_600_Father_Alive	1647001537167	1647001537674	503	OK
REQUEST	1	AD_610_Father_Nationality_Add	Adoption Father add Nationality	1647001538668	1647001539176	OK	 
REQUEST	1	AD_610_Father_Nationality_Add	Adoption Father add Nationality Redirect 1	1647001539178	1647001539698	OK	 
GROUP	1	AD_610_Father_Nationality_Add	1647001538667	1647001540208	1534	OK
REQUEST	1	AD_620_Father_Nationality_POST	Adoption Father's Nationality	1647001541217	1647001541672	OK	 
REQUEST	1	AD_620_Father_Nationality_POST	Adoption Father's Nationality Redirect 1	1647001541673	1647001541766	OK	 
GROUP	1	AD_620_Father_Nationality_POST	1647001541216	1647001541846	625	OK
REQUEST	1	AD_630_Father_Occupation	Adoption Father's Occupation	1647001542838	1647001543253	OK	 
REQUEST	1	AD_630_Father_Occupation	Adoption Father's Occupation Redirect 1	1647001543254	1647001543659	OK	 
GROUP	1	AD_630_Father_Occupation	1647001542838	1647001543908	1066	OK
REQUEST	1	AD_640_Father_Address_Known	Adoption Father's Address Known?	1647001544920	1647001545607	OK	 
REQUEST	1	AD_640_Father_Address_Known	Adoption Father's Address Known? Redirect 1	1647001545608	1647001545673	OK	 
GROUP	1	AD_640_Father_Address_Known	1647001544919	1647001545748	824	OK
REQUEST	1	AD_641_Father_Address_Manual	Adoption Father's Address Manual	1647001546749	1647001546997	OK	 
GROUP	1	AD_641_Father_Address_Manual	1647001546748	1647001547071	318	OK
REQUEST	1	AD_642_Father_Address_POST	Adoption Father's Address	1647001548069	1647001548471	OK	 
REQUEST	1	AD_642_Father_Address_POST	Adoption Father's Address Redirect 1	1647001548472	1647001548586	OK	 
GROUP	1	AD_642_Father_Address_POST	1647001548068	1647001548676	602	OK
REQUEST	1	AD_650_Other_Parent_Exists	Adoption Other Parent	1647001549668	1647001549783	OK	 
GROUP	1	AD_650_Other_Parent_Exists	1647001549668	1647001549907	235	OK
REQUEST	1	AD_660_Other_Exists_POST	Adoption Other Parent Exists	1647001550908	1647001551144	OK	 
REQUEST	1	AD_660_Other_Exists_POST	Adoption Other Parent Exists Redirect 1	1647001551145	1647001551222	OK	 
GROUP	1	AD_660_Other_Exists_POST	1647001550908	1647001551283	371	OK
REQUEST	1	AD_670_Other_Parent_Name	Adoption Other Parent Name	1647001552289	1647001552792	OK	 
REQUEST	1	AD_670_Other_Parent_Name	Adoption Other Parent Name Redirect 1	1647001552794	1647001553371	OK	 
GROUP	1	AD_670_Other_Parent_Name	1647001552289	1647001553676	1381	OK
REQUEST	1	AD_680_Other_Parent_Address_Known	Adoption Other Parent Address known?	1647001554669	1647001555089	OK	 
REQUEST	1	AD_680_Other_Parent_Address_Known	Adoption Other Parent Address known? Redirect 1	1647001555090	1647001555149	OK	 
GROUP	1	AD_680_Other_Parent_Address_Known	1647001554668	1647001555220	548	OK
REQUEST	1	AD_690_Other_Parent_Address_Manual	Adoption Other Parent Address Manual	1647001556228	1647001556487	OK	 
GROUP	1	AD_690_Other_Parent_Address_Manual	1647001556228	1647001556714	483	OK
REQUEST	1	AD_700_Other_Parent_Address_POST	Adoption Other Parent Address Manual	1647001557709	1647001558343	OK	 
REQUEST	1	AD_700_Other_Parent_Address_POST	Adoption Other Parent Address Manual Redirect 1	1647001558344	1647001559032	OK	 
GROUP	1	AD_700_Other_Parent_Address_POST	1647001557708	1647001559141	1427	OK
REQUEST	1	adoption_710_Agency	Adoption Agency	1647001560146	1647001560759	OK	 
REQUEST	1	adoption_710_Agency	Adoption Agency Redirect 1	1647001560760	1647001561090	OK	 
GROUP	1	adoption_710_Agency	1647001560146	1647001561162	1013	OK
REQUEST	1	AD_720_Agency_Details	Adoption Agency Details	1647001562158	1647001562695	OK	 
REQUEST	1	AD_720_Agency_Details	Adoption Agency Details Redirect 1	1647001562696	1647001562971	OK	 
GROUP	1	AD_720_Agency_Details	1647001562158	1647001563394	1232	OK
REQUEST	1	AD_730_Other_Agency	Adoption Other Agency?	1647001564398	1647001565088	OK	 
REQUEST	1	AD_730_Other_Agency	Adoption Other Agency? Redirect 1	1647001565089	1647001565392	OK	 
REQUEST	1	AD_730_Other_Agency	Adoption Other Agency? Redirect 2	1647001565394	1647001565630	OK	 
GROUP	1	AD_730_Other_Agency	1647001564398	1647001565693	1289	OK
REQUEST	1	AD_740_Other_Agency_Details	Adoption Other Agency Details	1647001566698	1647001566960	OK	 
REQUEST	1	AD_740_Other_Agency_Details	Adoption Other Agency Details Redirect 1	1647001566961	1647001567222	OK	 
GROUP	1	AD_740_Other_Agency_Details	1647001566697	1647001567400	699	OK
REQUEST	1	AD_750_Social_Worker_Details	Adoption Social Worker Details	1647001568398	1647001570013	OK	 
REQUEST	1	AD_750_Social_Worker_Details	Adoption Social Worker Details Redirect 1	1647001570014	1647001571925	OK	 
GROUP	1	AD_750_Social_Worker_Details	1647001568398	1647001572021	3619	OK
REQUEST	1	AD_760_Sibling_Details	Adoption Sibling Details	1647001573019	1647001573104	OK	 
GROUP	1	AD_760_Sibling_Details	1647001573019	1647001573174	152	OK
REQUEST	1	AD_770_Sibling_Other	Adoption Any Sibling?	1647001574177	1647001574689	OK	 
REQUEST	1	AD_770_Sibling_Other	Adoption Any Sibling? Redirect 1	1647001574690	1647001574781	OK	 
GROUP	1	AD_770_Sibling_Other	1647001574177	1647001574850	669	OK
REQUEST	1	AD_780_Sibling_Order_Exists	Adoption Court Order Exists?	1647001575848	1647001576068	OK	 
REQUEST	1	AD_780_Sibling_Order_Exists	Adoption Court Order Exists? Redirect 1	1647001576069	1647001576332	OK	 
GROUP	1	AD_780_Sibling_Order_Exists	1647001575848	1647001576423	571	OK
REQUEST	1	AD_790_Sibling_Name	Adoption Sibling Name	1647001577429	1647001577628	OK	 
REQUEST	1	AD_790_Sibling_Name	Adoption Sibling Name Redirect 1	1647001577629	1647001577811	OK	 
REQUEST	1	AD_790_Sibling_Name	Adoption Sibling Name Redirect 2	1647001577812	1647001578349	OK	 
GROUP	1	AD_790_Sibling_Name	1647001577428	1647001578421	987	OK
REQUEST	1	AD_800_Sibling_Type	Adoption Order Type?	1647001579420	1647001579779	OK	 
REQUEST	1	AD_800_Sibling_Type	Adoption Order Type? Redirect 1	1647001579781	1647001582498	OK	 
GROUP	1	AD_800_Sibling_Type	1647001579419	1647001583438	4014	OK
REQUEST	1	AD_810_Sibling_Number	Adoption Order Number	1647001584438	1647001584726	OK	 
REQUEST	1	AD_810_Sibling_Number	Adoption Order Number Redirect 1	1647001584728	1647001584826	OK	 
GROUP	1	AD_810_Sibling_Number	1647001584437	1647001584903	461	OK
REQUEST	1	AD_820_Sibling_New_Order	Adoption Add New Order?	1647001585899	1647001586300	OK	 
REQUEST	1	AD_820_Sibling_New_Order	Adoption Add New Order? Redirect 1	1647001586301	1647001586404	OK	 
GROUP	1	AD_820_Sibling_New_Order	1647001585898	1647001586489	584	OK
REQUEST	1	AD_830_Sibling_Select	Adoption Select Sibling	1647001587497	1647001587729	OK	 
REQUEST	1	AD_830_Sibling_Select	Adoption Select Sibling Redirect 1	1647001587730	1647001588102	OK	 
REQUEST	1	AD_830_Sibling_Select	Adoption Select Sibling Redirect 2	1647001588104	1647001588386	OK	 
GROUP	1	AD_830_Sibling_Select	1647001587496	1647001588438	934	OK
REQUEST	1	AD_840_Sibling_Type_2	Adoption Order Type	1647001589438	1647001589938	OK	 
REQUEST	1	AD_840_Sibling_Type_2	Adoption Order Type Redirect 1	1647001589939	1647001590725	OK	 
GROUP	1	AD_840_Sibling_Type_2	1647001589437	1647001590797	1355	OK
REQUEST	1	AD_850_Sibling_Number_2t	Adoption Order Number	1647001591797	1647001592137	OK	 
REQUEST	1	AD_850_Sibling_Number_2t	Adoption Order Number Redirect 1	1647001592138	1647001592313	OK	 
GROUP	1	AD_850_Sibling_Number_2t	1647001591796	1647001592441	640	OK
REQUEST	1	AD_855_Sibling_Remove	Adoption Remove Placement Order	1647001593440	1647001593785	OK	 
REQUEST	1	AD_855_Sibling_Remove	Adoption Remove Placement Order Redirect 1	1647001593787	1647001594614	OK	 
GROUP	1	AD_855_Sibling_Remove	1647001593439	1647001594726	1281	OK
REQUEST	1	AD_860_Sibling_Summary	Adoption Order Summary	1647001595727	1647001596181	OK	 
REQUEST	1	AD_860_Sibling_Summary	Adoption Order Summary Redirect 1	1647001596182	1647001596478	OK	 
GROUP	1	AD_860_Sibling_Summary	1647001595727	1647001596638	907	OK
REQUEST	1	AD_861_Family_Court	Adoption Family Court Redirect	1647001597649	1647001597730	OK	 
GROUP	1	AD_861_Family_Court	1647001597649	1647001597811	159	OK
REQUEST	1	AD_862_Family_Court_POST	Adoption Family Court Redirect	1647001598808	1647001598985	OK	 
REQUEST	1	AD_862_Family_Court_POST	Adoption Family Court Redirect Redirect 1	1647001598986	1647001599092	OK	 
GROUP	1	AD_862_Family_Court_POST	1647001598807	1647001599202	391	OK
REQUEST	1	AD_870_Upload_Document	Adoption Birth Certificate Details	1647001600198	1647001600858	OK	 
GROUP	1	AD_870_Upload_Document	1647001600198	1647001601228	1026	OK
REQUEST	1	AD_880_Upload_Document	Adoption Certificate Upload	1647001602250	1647001605408	OK	 
GROUP	1	AD_880_Upload_Document	1647001602226	1647001605452	3158	OK
REQUEST	1	AD_885_Upload_Document_POST	Adoption Certificate Upload POST	1647001606407	1647001606840	OK	 
REQUEST	1	AD_885_Upload_Document_POST	Adoption Certificate Upload POST Redirect 1	1647001606841	1647001607112	OK	 
GROUP	1	AD_885_Upload_Document_POST	1647001606407	1647001607292	880	OK
REQUEST	1	AD_890_Equality	Adoption Review Equality	1647001608299	1647001610063	OK	 
REQUEST	1	AD_890_Equality	Adoption Review Equality Redirect 1	1647001610064	1647001611959	OK	 
REQUEST	1	AD_890_Equality	Adoption Review Equality Redirect 2	1647001611960	1647001612422	OK	 
GROUP	1	AD_890_Equality	1647001608299	1647001614394	6089	OK
REQUEST	1	AD_900_Equality	Adoption Review Equality	1647001615387	1647001615598	OK	 
REQUEST	1	AD_900_Equality	Adoption Review Equality Redirect 1	1647001615600	1647001615825	OK	 
GROUP	1	AD_900_Equality	1647001615387	1647001615903	509	OK
REQUEST	1	AD_905_Equality_Redirect	Adoption Review Equality	1647001616908	1647001617127	OK	 
GROUP	1	AD_905_Equality_Redirect	1647001616908	1647001617212	297	OK
REQUEST	1	AD_910_Check_Your_Answers	Adoption Review Check Your Answers	1647001618207	1647001618262	OK	 
REQUEST	1	AD_910_Check_Your_Answers	Adoption Review Check Your Answers Redirect 1	1647001618270	1647001618454	OK	 
GROUP	1	AD_910_Check_Your_Answers	1647001618206	1647001618544	326	OK
REQUEST	1	AD_920_Statement	Adoption Review Statement of Truth	1647001619547	1647001620569	OK	 
REQUEST	1	AD_920_Statement	Adoption Review Statement of Truth Redirect 1	1647001620570	1647001622224	OK	 
GROUP	1	AD_920_Statement	1647001619547	1647001622394	2844	OK
REQUEST	1	AD_930_Pay_By_Card	Adoption Pay by Card	1647001623387	1647001625069	OK	 
REQUEST	1	AD_930_Pay_By_Card	Adoption Pay by Card Redirect 1	1647001625071	1647001625224	OK	 
REQUEST	1	AD_930_Pay_By_Card	Adoption Pay by Card Redirect 2	1647001625225	1647001625332	OK	 
GROUP	1	AD_930_Pay_By_Card	1647001623387	1647001625507	2112	OK
REQUEST	1	AD_940_Check_Card_Details	Adoption Pay by Card	1647001626519	1647001626568	OK	 
GROUP	1	AD_940_Check_Card_Details	1647001626518	1647001626571	49	OK
REQUEST	1	AD_950_Card_Details	Adoption Pay by Card	1647001627570	1647001627716	OK	 
REQUEST	1	AD_950_Card_Details	Adoption Pay by Card Redirect 1	1647001627717	1647001627774	OK	 
GROUP	1	AD_950_Card_Details	1647001627569	1647001627779	204	OK
REQUEST	1	AD_960_Application Submit	Adoption Application Submit	1647001628778	1647001628908	OK	 
REQUEST	1	AD_960_Application Submit	Adoption Application Submit Redirect 1	1647001628909	1647001628949	OK	 
REQUEST	1	AD_960_Application Submit	Adoption Application Submit Redirect 2	1647001628950	1647001630493	OK	 
REQUEST	1	AD_960_Application Submit	Adoption Application Submit Redirect 3	1647001630494	1647001630572	OK	 
GROUP	1	AD_960_Application Submit	1647001628778	1647001630629	1846	OK
USER	LAU Simulation	1	END	1647001401584	1647001631630
