RUN	simulations.mainSimulation	mainsimulation	1647519935702	 	3.3.1
USER	LAU Simulation	1	START	1647519936245	1647519936245
REQUEST	1	AD_010_Homepage	Adoption Homepage	1647519936269	1647519936410	OK	 
REQUEST	1	AD_010_Homepage	Adoption Homepage Redirect 1	1647519936434	1647519936467	OK	 
REQUEST	1	AD_010_Homepage	Adoption Homepage Redirect 2	1647519936469	1647519936540	OK	 
GROUP	1	AD_010_Homepage	1647519936252	1647519936802	413	OK
REQUEST	1	AD_020_Login	Adoption Login	1647519937830	1647519938701	OK	 
REQUEST	1	AD_020_Login	Adoption Login Redirect 1	1647519938705	1647519939120	OK	 
REQUEST	1	AD_020_Login	Adoption Login Redirect 2	1647519939122	1647519946537	OK	 
REQUEST	1	AD_020_Login	Adoption Login Redirect 3	1647519946539	1647519946848	OK	 
GROUP	1	AD_020_Login	1647519937825	1647519948490	10643	OK
REQUEST	1	AD_030_Apply_With	Adoption Applying With	1647519949485	1647519949747	OK	 
GROUP	1	AD_030_Apply_With	1647519949484	1647519950531	1038	OK
REQUEST	1	AD_040_Applying_Post	Adoption Applying Post	1647519951537	1647519955028	OK	 
REQUEST	1	AD_040_Applying_Post	Adoption Applying Post Redirect 1	1647519955030	1647519955180	OK	 
GROUP	1	AD_040_Applying_Post	1647519951535	1647519955254	3711	OK
REQUEST	1	AD_050_Applying_With_Redirect	Adoption Applying With Redirect	1647519956257	1647519956470	OK	 
GROUP	1	AD_050_Applying_With_Redirect	1647519956256	1647519956548	287	OK
REQUEST	1	AD_060_Date_Of_Move	Adoption Date Child Moved in 	1647519957557	1647519957939	OK	 
GROUP	1	AD_060_Date_Of_Move	1647519957557	1647519958081	521	OK
REQUEST	1	AD_070_Date_Of_Move_POST	Adoption Date Child Moved in Post	1647519959077	1647519960661	OK	 
REQUEST	1	AD_070_Date_Of_Move_POST	Adoption Date Child Moved in Post Redirect 1	1647519960663	1647519961048	OK	 
GROUP	1	AD_070_Date_Of_Move_POST	1647519959076	1647519961102	2020	OK
REQUEST	1	AD_710_Agency	Adoption Agency	1647519961102	1647519963630	OK	 
REQUEST	1	AD_710_Agency	Adoption Agency Redirect 1	1647519963631	1647519966807	OK	 
GROUP	1	AD_710_Agency	1647519961102	1647519966932	5826	OK
REQUEST	1	AD_720_Agency_Details	Adoption Agency Details	1647519967926	1647519969670	OK	 
REQUEST	1	AD_720_Agency_Details	Adoption Agency Details Redirect 1	1647519969671	1647519970393	OK	 
GROUP	1	AD_720_Agency_Details	1647519967925	1647519970471	2540	OK
REQUEST	1	AD_730_Other_Agency	Adoption Other Agency?	1647519971476	1647519972138	OK	 
REQUEST	1	AD_730_Other_Agency	Adoption Other Agency? Redirect 1	1647519972139	1647519973801	OK	 
REQUEST	1	AD_730_Other_Agency	Adoption Other Agency? Redirect 2	1647519973803	1647519975669	OK	 
GROUP	1	AD_730_Other_Agency	1647519971475	1647519975901	4419	OK
REQUEST	1	AD_740_Other_Agency_Details	Adoption Other Agency Details	1647519976907	1647519977237	OK	 
REQUEST	1	AD_740_Other_Agency_Details	Adoption Other Agency Details Redirect 1	1647519977238	1647519977333	OK	 
GROUP	1	AD_740_Other_Agency_Details	1647519976906	1647519977399	487	OK
REQUEST	1	AD_750_Social_Worker_Details	Adoption Social Worker Details	1647519978398	1647519979604	OK	 
REQUEST	1	AD_750_Social_Worker_Details	Adoption Social Worker Details Redirect 1	1647519979606	1647519979998	OK	 
GROUP	1	AD_750_Social_Worker_Details	1647519978397	1647519980095	1691	OK
REQUEST	1	AD_080_Your_Details	Adoption Your Personal Details 	1647519981087	1647519981178	OK	 
GROUP	1	AD_080_Your_Details	1647519981086	1647519981285	195	OK
REQUEST	1	AD_090_Your_Details_POST	Adoption Your Personal Details Post	1647519982298	1647519983383	OK	 
REQUEST	1	AD_090_Your_Details_POST	Adoption Your Personal Details Post Redirect 1	1647519983385	1647519983759	OK	 
GROUP	1	AD_090_Your_Details_POST	1647519982297	1647519983939	1636	OK
REQUEST	1	AD_100_Your_Details_Other_Name	Adoption Your Personal Details Other Name	1647519984937	1647519985451	OK	 
REQUEST	1	AD_100_Your_Details_Other_Name	Adoption Your Personal Details Other Name Redirect 1	1647519985452	1647519985603	OK	 
GROUP	1	AD_100_Your_Details_Other_Name	1647519984936	1647519985692	751	OK
REQUEST	1	AD_110_Your_Details_DoB	Adoption Your Personal Details DoB	1647519986688	1647519986784	OK	 
GROUP	1	AD_110_Your_Details_DoB	1647519986687	1647519986867	175	OK
REQUEST	1	AD_120_Your_Details_DoB_POST	Adoption Your Personal Details DoB POST	1647519987877	1647519988309	OK	 
REQUEST	1	AD_120_Your_Details_DoB_POST	Adoption Your Personal Details DoB POST Redirect 1	1647519988311	1647519991482	OK	 
GROUP	1	AD_120_Your_Details_DoB_POST	1647519987877	1647519991576	3694	OK
REQUEST	1	AD_130_Your_Details_Occupation	Adoption Your Personal Details Occupation	1647519992577	1647519993530	OK	 
REQUEST	1	AD_130_Your_Details_Occupation	Adoption Your Personal Details Occupation Redirect 1	1647519993531	1647519993667	OK	 
GROUP	1	AD_130_Your_Details_Occupation	1647519992577	1647519993807	1226	OK
REQUEST	1	AD_140_Your_Contact	Adoption Your Contact Details LookUp	1647519994806	1647519994896	OK	 
GROUP	1	AD_140_Your_Contact	1647519994806	1647519994979	169	OK
REQUEST	1	AD_150_Your_Contact_Manual	Adoption Your Contact Details Manual	1647519995975	1647519996953	OK	 
GROUP	1	AD_150_Your_Contact_Manual	1647519995975	1647519997097	1119	OK
REQUEST	1	AD_160_Your_Contact_POST	Adoption Your Contact Details Manual POST	1647519998097	1647519999367	OK	 
REQUEST	1	AD_160_Your_Contact_POST	Adoption Your Contact Details Manual POST Redirect 1	1647519999368	1647519999465	OK	 
GROUP	1	AD_160_Your_Contact_POST	1647519998096	1647519999554	1454	OK
REQUEST	1	AD_170_Your_Contact_POST	Adoption Your Contact Details POST	1647520000546	1647520001824	OK	 
REQUEST	1	AD_170_Your_Contact_POST	Adoption Your Contact Details POST Redirect 1	1647520001826	1647520002587	OK	 
GROUP	1	AD_170_Your_Contact_POST	1647520000545	1647520002649	2098	OK
REQUEST	1	AD_180_Second_Person	Adoption Second Personal Details	1647520003658	1647520003737	OK	 
GROUP	1	AD_180_Second_Person	1647520003657	1647520003832	172	OK
REQUEST	1	AD_190_Second_PersonPOST	Adoption Second Personal Details POST	1647520004825	1647520005097	OK	 
REQUEST	1	AD_190_Second_PersonPOST	Adoption Second Personal Details POST Redirect 1	1647520005099	1647520005189	OK	 
GROUP	1	AD_190_Second_PersonPOST	1647520004825	1647520005250	420	OK
REQUEST	1	AD_200_Second_Other_Name	Adoption Second Other Name	1647520006256	1647520006573	OK	 
REQUEST	1	AD_200_Second_Other_Name	Adoption Second Other Name Redirect 1	1647520006574	1647520006681	OK	 
GROUP	1	AD_200_Second_Other_Name	1647520006256	1647520006733	473	OK
REQUEST	1	AD_210_Second_Other_Name_Redirect	Adoption Second Other Name Redirect	1647520007736	1647520007956	OK	 
REQUEST	1	AD_210_Second_Other_Name_Redirect	Adoption Second Other Name Redirect Redirect 1	1647520007958	1647520008053	OK	 
GROUP	1	AD_210_Second_Other_Name_Redirect	1647520007735	1647520008104	364	OK
REQUEST	1	AD_220_Second_DoB	Adoption Second DoB	1647520009098	1647520009394	OK	 
REQUEST	1	AD_220_Second_DoB	Adoption Second DoB Redirect 1	1647520009396	1647520009493	OK	 
GROUP	1	AD_220_Second_DoB	1647520009097	1647520009630	528	OK
REQUEST	1	AD_230_Second_Occupation	Adoption Second Occupation	1647520010635	1647520011961	OK	 
REQUEST	1	AD_230_Second_Occupation	Adoption Second Occupation Redirect 1	1647520011963	1647520012404	OK	 
GROUP	1	AD_230_Second_Occupation	1647520010635	1647520012771	2131	OK
REQUEST	1	AD_240_Second_Contact_Same	Adoption Second Contact Details Same-Address	1647520013777	1647520013867	OK	 
GROUP	1	AD_240_Second_Contact_Same	1647520013777	1647520013942	161	OK
REQUEST	1	AD_250_Second_Contact_Same_POST	Adoption Second Contact Details Same-Address POST	1647520014937	1647520015443	OK	 
REQUEST	1	AD_250_Second_Contact_Same_POST	Adoption Second Contact Details Same-Address POST Redirect 1	1647520015445	1647520015513	OK	 
GROUP	1	AD_250_Second_Contact_Same_POST	1647520014936	1647520015564	622	OK
REQUEST	1	AD_260_Second_Contact_Manual_Redirect	Adoption Second Contact Details manual redirect	1647520016565	1647520016894	OK	 
GROUP	1	AD_260_Second_Contact_Manual_Redirect	1647520016565	1647520016968	400	OK
REQUEST	1	AD_270_Second_Contact_Manual_POST	Adoption Second Contact Details manual POST	1647520017967	1647520018703	OK	 
REQUEST	1	AD_270_Second_Contact_Manual_POST	Adoption Second Contact Details manual POST Redirect 1	1647520018704	1647520018859	OK	 
GROUP	1	AD_270_Second_Contact_Manual_POST	1647520017966	1647520018937	966	OK
REQUEST	1	AD_280_Second_Contact_POST	Adoption Second Contact Details POST	1647520019947	1647520020454	OK	 
REQUEST	1	AD_280_Second_Contact_POST	Adoption Second Contact Details POST Redirect 1	1647520020455	1647520021075	OK	 
GROUP	1	AD_280_Second_Contact_POST	1647520019947	1647520021161	1210	OK
REQUEST	1	AD_290_Birth_Certificate	Adoption Birth Certificate Details	1647520022157	1647520022404	OK	 
GROUP	1	AD_290_Birth_Certificate	1647520022156	1647520022494	334	OK
REQUEST	1	AD_300_Birth_Name	Adoption Birth Certificate Name	1647520023486	1647520024153	OK	 
REQUEST	1	AD_300_Birth_Name	Adoption Birth Certificate Name Redirect 1	1647520024154	1647520024674	OK	 
GROUP	1	AD_300_Birth_Name	1647520023485	1647520024758	1268	OK
REQUEST	1	AD_320_Birth_DoB	Adoption Birth Certificate DoB	1647520025767	1647520025994	OK	 
REQUEST	1	AD_320_Birth_DoB	Adoption Birth Certificate DoB Redirect 1	1647520025995	1647520026088	OK	 
GROUP	1	AD_320_Birth_DoB	1647520025766	1647520026152	381	OK
REQUEST	1	AD_330_Birth_Sex	Adoption Birth Certificate Sex	1647520027146	1647520027731	OK	 
REQUEST	1	AD_330_Birth_Sex	Adoption Birth Certificate Sex Redirect 1	1647520027733	1647520028329	OK	 
GROUP	1	AD_330_Birth_Sex	1647520027146	1647520028405	1254	OK
REQUEST	1	AD_340_Birth_Nationality_Add	Adoption Birth Certificate Nationality Add	1647520029418	1647520029637	OK	 
REQUEST	1	AD_340_Birth_Nationality_Add	Adoption Birth Certificate Nationality Add Redirect 1	1647520029639	1647520030128	OK	 
GROUP	1	AD_340_Birth_Nationality_Add	1647520029417	1647520030175	753	OK
REQUEST	1	AD_350_Birth_Nationality_POST	Adoption Birth Certificate Nationality POST	1647520031176	1647520031390	OK	 
REQUEST	1	AD_350_Birth_Nationality_POST	Adoption Birth Certificate Nationality POST Redirect 1	1647520031391	1647520031485	OK	 
GROUP	1	AD_350_Birth_Nationality_POST	1647520031176	1647520031545	365	OK
REQUEST	1	AD_360_Certificate_Details	Adoption Certificate Details	1647520032536	1647520032930	OK	 
GROUP	1	AD_360_Certificate_Details	1647520032536	1647520033017	479	OK
REQUEST	1	AD_370_Certificate_Name	Adoption Certificate Details Name	1647520034025	1647520034249	OK	 
REQUEST	1	AD_370_Certificate_Name	Adoption Certificate Details Name Redirect 1	1647520034250	1647520034400	OK	 
GROUP	1	AD_370_Certificate_Name	1647520034025	1647520034456	428	OK
REQUEST	1	AD_380_Placement_Order	Adoption Placement Order Details	1647520035457	1647520036577	OK	 
GROUP	1	AD_380_Placement_Order	1647520035457	1647520036757	1296	OK
REQUEST	1	AD_390_Placement_Number	Adoption Placement Order Number	1647520037757	1647520037963	OK	 
REQUEST	1	AD_390_Placement_Number	Adoption Placement Order Number Redirect 1	1647520037964	1647520039042	OK	 
GROUP	1	AD_390_Placement_Number	1647520037757	1647520039143	1384	OK
REQUEST	1	AD_400_Placement_Court	Adoption Placement Court	1647520040137	1647520040633	OK	 
REQUEST	1	AD_400_Placement_Court	Adoption Placement Court Redirect 1	1647520040635	1647520040958	OK	 
GROUP	1	AD_400_Placement_Court	1647520040137	1647520041045	903	OK
REQUEST	1	AD_410_Placement_Date	Adoption Placement Date	1647520042037	1647520043091	OK	 
REQUEST	1	AD_410_Placement_Date	Adoption Placement Date Redirect 1	1647520043092	1647520043435	OK	 
GROUP	1	AD_410_Placement_Date	1647520042036	1647520043615	1574	OK
REQUEST	1	AD_420_Placement_Summary	Adoption Placement Summary	1647520044626	1647520044889	OK	 
REQUEST	1	AD_420_Placement_Summary	Adoption Placement Summary Redirect 1	1647520044890	1647520045139	OK	 
REQUEST	1	AD_420_Placement_Summary	Adoption Placement Summary Redirect 2	1647520045140	1647520045363	OK	 
GROUP	1	AD_420_Placement_Summary	1647520044626	1647520045579	948	OK
REQUEST	1	AD_430_Placement_Type_2	Adoption Placement Type 2	1647520046578	1647520048962	OK	 
REQUEST	1	AD_430_Placement_Type_2	Adoption Placement Type 2 Redirect 1	1647520048963	1647520049310	OK	 
GROUP	1	AD_430_Placement_Type_2	1647520046577	1647520049458	2876	OK
REQUEST	1	AD_440_Placement_Number_2	Adoption Placement Order Number 2	1647520050457	1647520050631	OK	 
REQUEST	1	AD_440_Placement_Number_2	Adoption Placement Order Number 2 Redirect 1	1647520050632	1647520051222	OK	 
GROUP	1	AD_440_Placement_Number_2	1647520050457	1647520051343	881	OK
REQUEST	1	AD_450_Placement_Court_2	Adoption Placement Court 2	1647520052347	1647520052631	OK	 
REQUEST	1	AD_450_Placement_Court_2	Adoption Placement Court 2 Redirect 1	1647520052632	1647520053058	OK	 
GROUP	1	AD_450_Placement_Court_2	1647520052347	1647520053134	783	OK
REQUEST	1	AD_460_Placement_Date_2	Adoption Placement Date 2	1647520054128	1647520054601	OK	 
REQUEST	1	AD_460_Placement_Date_2	Adoption Placement Date 2 Redirect 1	1647520054603	1647520054991	OK	 
GROUP	1	AD_460_Placement_Date_2	1647520054127	1647520055062	929	OK
REQUEST	1	AD_470_Placement_Summary_2	Adoption Placement Summary 2	1647520056067	1647520056322	OK	 
REQUEST	1	AD_470_Placement_Summary_2	Adoption Placement Summary 2 Redirect 1	1647520056323	1647520056421	OK	 
GROUP	1	AD_470_Placement_Summary_2	1647520056067	1647520056469	399	OK
REQUEST	1	AD_480_Birth_Mother	Adoption Mother's Details	1647520057467	1647520057981	OK	 
GROUP	1	AD_480_Birth_Mother	1647520057467	1647520058105	635	OK
REQUEST	1	AD_490_Mother_Name	Adoption Mother's Name	1647520059117	1647520059475	OK	 
REQUEST	1	AD_490_Mother_Name	Adoption Mother's Name Redirect 1	1647520059476	1647520059640	OK	 
GROUP	1	AD_490_Mother_Name	1647520059116	1647520059728	608	OK
REQUEST	1	AD_495_Mother_Alive_Redirect	Adoption Mother's Details	1647520060726	1647520061121	OK	 
GROUP	1	AD_495_Mother_Alive_Redirect	1647520060726	1647520061377	649	OK
REQUEST	1	AD_500_Mother_Alive	Adoption Mother Still Alive?	1647520062377	1647520062765	OK	 
REQUEST	1	AD_500_Mother_Alive	Adoption Mother Still Alive? Redirect 1	1647520062766	1647520063684	OK	 
GROUP	1	AD_500_Mother_Alive	1647520062377	1647520063779	1399	OK
REQUEST	1	AD_510_Mother_Nationality_Add	Adoption Mother's Nationality Add	1647520064777	1647520065516	OK	 
REQUEST	1	AD_510_Mother_Nationality_Add	Adoption Mother's Nationality Add Redirect 1	1647520065517	1647520065686	OK	 
GROUP	1	AD_510_Mother_Nationality_Add	1647520064777	1647520065793	1012	OK
REQUEST	1	AD_520_Mother_Nationality_POST	Adoption Mother's Nationality	1647520066786	1647520067359	OK	 
REQUEST	1	AD_520_Mother_Nationality_POST	Adoption Mother's Nationality Redirect 1	1647520067361	1647520067435	OK	 
GROUP	1	AD_520_Mother_Nationality_POST	1647520066786	1647520067510	719	OK
REQUEST	1	AD_530_Mother_Occupation	Adoption Mother's Occupation	1647520068518	1647520069304	OK	 
REQUEST	1	AD_530_Mother_Occupation	Adoption Mother's Occupation Redirect 1	1647520069305	1647520069706	OK	 
GROUP	1	AD_530_Mother_Occupation	1647520068517	1647520069759	1237	OK
REQUEST	1	AD_535_Mother_Occupation_Redirect	Adoption Mother's Details Redirect	1647520070757	1647520070858	OK	 
GROUP	1	AD_535_Mother_Occupation_Redirect	1647520070757	1647520070943	183	OK
REQUEST	1	AD_540_Mother_Occupation	Adoption Mother's Address Known	1647520071936	1647520072431	OK	 
REQUEST	1	AD_540_Mother_Occupation	Adoption Mother's Address Known Redirect 1	1647520072433	1647520072564	OK	 
GROUP	1	AD_540_Mother_Occupation	1647520071935	1647520072614	674	OK
REQUEST	1	AD_550_Mother_Address_Manual	Adoption Mother's Address Manual	1647520073617	1647520074413	OK	 
GROUP	1	AD_550_Mother_Address_Manual	1647520073617	1647520074625	1005	OK
REQUEST	1	AD_560_Mother_Address_POST	Adoption Mother's Address	1647520075627	1647520076635	OK	 
REQUEST	1	AD_560_Mother_Address_POST	Adoption Mother's Address Redirect 1	1647520076636	1647520076777	OK	 
GROUP	1	AD_560_Mother_Address_POST	1647520075626	1647520076831	1199	OK
REQUEST	1	AD_570_Father_Details	Adoption Father's Details	1647520077837	1647520078607	OK	 
GROUP	1	AD_570_Father_Details	1647520077837	1647520078672	831	OK
REQUEST	1	AD_580_Father_Details_POST	Adoption Father's Details On Certificate	1647520079667	1647520080016	OK	 
REQUEST	1	AD_580_Father_Details_POST	Adoption Father's Details On Certificate Redirect 1	1647520080017	1647520080711	OK	 
GROUP	1	AD_580_Father_Details_POST	1647520079666	1647520080819	1147	OK
REQUEST	1	AD_590_Father_Name	Adoption Father's Name	1647520081827	1647520082207	OK	 
REQUEST	1	AD_590_Father_Name	Adoption Father's Name Redirect 1	1647520082208	1647520082990	OK	 
GROUP	1	AD_590_Father_Name	1647520081826	1647520083077	1246	OK
REQUEST	1	AD_600_Father_Alive	Adoption Father Still alive?	1647520084078	1647520084563	OK	 
REQUEST	1	AD_600_Father_Alive	Adoption Father Still alive? Redirect 1	1647520084564	1647520084683	OK	 
GROUP	1	AD_600_Father_Alive	1647520084077	1647520084732	651	OK
REQUEST	1	AD_610_Father_Nationality_Add	Adoption Father add Nationality	1647520085727	1647520086287	OK	 
REQUEST	1	AD_610_Father_Nationality_Add	Adoption Father add Nationality Redirect 1	1647520086288	1647520086427	OK	 
GROUP	1	AD_610_Father_Nationality_Add	1647520085727	1647520086478	747	OK
REQUEST	1	AD_620_Father_Nationality_POST	Adoption Father's Nationality	1647520087485	1647520087919	OK	 
REQUEST	1	AD_620_Father_Nationality_POST	Adoption Father's Nationality Redirect 1	1647520087921	1647520088876	OK	 
GROUP	1	AD_620_Father_Nationality_POST	1647520087484	1647520089061	1571	OK
REQUEST	1	AD_630_Father_Occupation	Adoption Father's Occupation	1647520090057	1647520090707	OK	 
REQUEST	1	AD_630_Father_Occupation	Adoption Father's Occupation Redirect 1	1647520090708	1647520090820	OK	 
GROUP	1	AD_630_Father_Occupation	1647520090057	1647520090886	824	OK
REQUEST	1	AD_640_Father_Address_Known	Adoption Father's Address Known?	1647520091896	1647520092192	OK	 
REQUEST	1	AD_640_Father_Address_Known	Adoption Father's Address Known? Redirect 1	1647520092193	1647520092285	OK	 
GROUP	1	AD_640_Father_Address_Known	1647520091895	1647520092360	461	OK
REQUEST	1	AD_641_Father_Address_Manual	Adoption Father's Address Manual	1647520093357	1647520093433	OK	 
GROUP	1	AD_641_Father_Address_Manual	1647520093356	1647520093545	184	OK
REQUEST	1	AD_642_Father_Address_POST	Adoption Father's Address	1647520094546	1647520094905	OK	 
REQUEST	1	AD_642_Father_Address_POST	Adoption Father's Address Redirect 1	1647520094906	1647520095138	OK	 
GROUP	1	AD_642_Father_Address_POST	1647520094545	1647520095199	649	OK
REQUEST	1	AD_650_Other_Parent_Exists	Adoption Other Parent	1647520096196	1647520096398	OK	 
GROUP	1	AD_650_Other_Parent_Exists	1647520096195	1647520096479	281	OK
REQUEST	1	AD_660_Other_Exists_POST	Adoption Other Parent Exists	1647520097477	1647520097976	OK	 
REQUEST	1	AD_660_Other_Exists_POST	Adoption Other Parent Exists Redirect 1	1647520097978	1647520098128	OK	 
GROUP	1	AD_660_Other_Exists_POST	1647520097477	1647520098178	697	OK
REQUEST	1	AD_670_Other_Parent_Name	Adoption Other Parent Name	1647520099188	1647520099513	OK	 
REQUEST	1	AD_670_Other_Parent_Name	Adoption Other Parent Name Redirect 1	1647520099514	1647520099590	OK	 
GROUP	1	AD_670_Other_Parent_Name	1647520099187	1647520099643	452	OK
REQUEST	1	AD_680_Other_Parent_Address_Known	Adoption Other Parent Address known?	1647520100638	1647520101132	OK	 
REQUEST	1	AD_680_Other_Parent_Address_Known	Adoption Other Parent Address known? Redirect 1	1647520101133	1647520101602	OK	 
GROUP	1	AD_680_Other_Parent_Address_Known	1647520100637	1647520101779	1137	OK
REQUEST	1	AD_690_Other_Parent_Address_Manual	Adoption Other Parent Address Manual	1647520102778	1647520104049	OK	 
GROUP	1	AD_690_Other_Parent_Address_Manual	1647520102777	1647520104128	1348	OK
REQUEST	1	AD_700_Other_Parent_Address_POST	Adoption Other Parent Address Manual	1647520105137	1647520105451	OK	 
REQUEST	1	AD_700_Other_Parent_Address_POST	Adoption Other Parent Address Manual Redirect 1	1647520105453	1647520105559	OK	 
GROUP	1	AD_700_Other_Parent_Address_POST	1647520105137	1647520105658	517	OK
REQUEST	1	AD_760_Sibling_Details	Adoption Sibling Details	1647520106658	1647520107287	OK	 
GROUP	1	AD_760_Sibling_Details	1647520106657	1647520107350	689	OK
REQUEST	1	AD_770_Sibling_Other	Adoption Any Sibling?	1647520108346	1647520108559	OK	 
REQUEST	1	AD_770_Sibling_Other	Adoption Any Sibling? Redirect 1	1647520108560	1647520108699	OK	 
GROUP	1	AD_770_Sibling_Other	1647520108346	1647520108809	459	OK
REQUEST	1	AD_780_Sibling_Order_Exists	Adoption Court Order Exists?	1647520109806	1647520110059	OK	 
REQUEST	1	AD_780_Sibling_Order_Exists	Adoption Court Order Exists? Redirect 1	1647520110060	1647520110346	OK	 
GROUP	1	AD_780_Sibling_Order_Exists	1647520109805	1647520110396	586	OK
REQUEST	1	AD_790_Sibling_Name	Adoption Sibling Name	1647520111396	1647520112051	OK	 
REQUEST	1	AD_790_Sibling_Name	Adoption Sibling Name Redirect 1	1647520112052	1647520112414	OK	 
REQUEST	1	AD_790_Sibling_Name	Adoption Sibling Name Redirect 2	1647520112416	1647520113139	OK	 
GROUP	1	AD_790_Sibling_Name	1647520111396	1647520113219	1818	OK
REQUEST	1	AD_800_Sibling_Type	Adoption Order Type?	1647520114225	1647520114627	OK	 
REQUEST	1	AD_800_Sibling_Type	Adoption Order Type? Redirect 1	1647520114629	1647520115169	OK	 
GROUP	1	AD_800_Sibling_Type	1647520114225	1647520115322	1092	OK
REQUEST	1	AD_810_Sibling_Number	Adoption Order Number	1647520116318	1647520116533	OK	 
REQUEST	1	AD_810_Sibling_Number	Adoption Order Number Redirect 1	1647520116535	1647520116636	OK	 
GROUP	1	AD_810_Sibling_Number	1647520116317	1647520116714	391	OK
REQUEST	1	AD_820_Sibling_New_Order	Adoption Add New Order?	1647520117717	1647520118230	OK	 
REQUEST	1	AD_820_Sibling_New_Order	Adoption Add New Order? Redirect 1	1647520118232	1647520118763	OK	 
GROUP	1	AD_820_Sibling_New_Order	1647520117716	1647520118814	1091	OK
REQUEST	1	AD_830_Sibling_Select	Adoption Select Sibling	1647520119808	1647520120141	OK	 
REQUEST	1	AD_830_Sibling_Select	Adoption Select Sibling Redirect 1	1647520120142	1647520120606	OK	 
REQUEST	1	AD_830_Sibling_Select	Adoption Select Sibling Redirect 2	1647520120607	1647520120824	OK	 
GROUP	1	AD_830_Sibling_Select	1647520119807	1647520120894	1081	OK
REQUEST	1	AD_840_Sibling_Type_2	Adoption Order Type	1647520121895	1647520122115	OK	 
REQUEST	1	AD_840_Sibling_Type_2	Adoption Order Type Redirect 1	1647520122116	1647520122401	OK	 
GROUP	1	AD_840_Sibling_Type_2	1647520121895	1647520122459	560	OK
REQUEST	1	AD_850_Sibling_Number_2t	Adoption Order Number	1647520123467	1647520123932	OK	 
REQUEST	1	AD_850_Sibling_Number_2t	Adoption Order Number Redirect 1	1647520123934	1647520124202	OK	 
GROUP	1	AD_850_Sibling_Number_2t	1647520123466	1647520124295	823	OK
REQUEST	1	AD_855_Sibling_Remove	Adoption Remove Placement Order	1647520125298	1647520125624	OK	 
REQUEST	1	AD_855_Sibling_Remove	Adoption Remove Placement Order Redirect 1	1647520125625	1647520126810	OK	 
GROUP	1	AD_855_Sibling_Remove	1647520125297	1647520126991	1689	OK
REQUEST	1	AD_860_Sibling_Summary	Adoption Order Summary	1647520127987	1647520128320	OK	 
REQUEST	1	AD_860_Sibling_Summary	Adoption Order Summary Redirect 1	1647520128322	1647520128687	OK	 
GROUP	1	AD_860_Sibling_Summary	1647520127986	1647520128739	747	OK
REQUEST	1	AD_861_Family_Court	Adoption Family Court Redirect	1647520129747	1647520130146	OK	 
GROUP	1	AD_861_Family_Court	1647520129747	1647520130224	474	OK
REQUEST	1	AD_862_Family_Court_POST	Adoption Family Court Redirect	1647520131227	1647520131464	OK	 
REQUEST	1	AD_862_Family_Court_POST	Adoption Family Court Redirect Redirect 1	1647520131466	1647520131544	OK	 
GROUP	1	AD_862_Family_Court_POST	1647520131227	1647520131597	366	OK
REQUEST	1	AD_870_Upload_Document	Adoption Birth Certificate Details	1647520132597	1647520132738	OK	 
GROUP	1	AD_870_Upload_Document	1647520132597	1647520132790	189	OK
REQUEST	1	AD_880_Upload_Document	Adoption Certificate Upload	1647520133815	1647520138866	OK	 
GROUP	1	AD_880_Upload_Document	1647520133786	1647520138916	5051	OK
REQUEST	1	AD_885_Upload_Document_POST	Adoption Certificate Upload POST	1647520139866	1647520140145	OK	 
REQUEST	1	AD_885_Upload_Document_POST	Adoption Certificate Upload POST Redirect 1	1647520140146	1647520140365	OK	 
GROUP	1	AD_885_Upload_Document_POST	1647520139865	1647520140489	619	OK
REQUEST	1	AD_905_Equality_Redirect	Adoption Review Equality	1647520141488	1647520142706	OK	 
GROUP	1	AD_905_Equality_Redirect	1647520141487	1647520142843	1347	OK
REQUEST	1	AD_910_Check_Your_Answers	Adoption Review Check Your Answers	1647520143848	1647520143887	OK	 
REQUEST	1	AD_910_Check_Your_Answers	Adoption Review Check Your Answers Redirect 1	1647520143888	1647520143980	OK	 
GROUP	1	AD_910_Check_Your_Answers	1647520143847	1647520144077	226	OK
REQUEST	1	AD_920_Statement	Adoption Review Statement of Truth	1647520145077	1647520145489	OK	 
REQUEST	1	AD_920_Statement	Adoption Review Statement of Truth Redirect 1	1647520145491	1647520149522	OK	 
REQUEST	1	AD_920_Statement	Adoption Review Statement of Truth Redirect 2	1647520149523	1647520149635	OK	 
REQUEST	1	AD_920_Statement	Adoption Review Statement of Truth Redirect 3	1647520149638	1647520149711	OK	 
GROUP	1	AD_920_Statement	1647520145076	1647520149832	4745	OK
ERROR	Adoption Pay by Card: Failed to build request: No attribute named 'chargeId' is defined 	1647520150826
GROUP	1	AD_940_Check_Card_Details	1647520150825	1647520150829	0	KO
USER	LAU Simulation	1	END	1647519936245	1647520150833
