RUN	simulations.mainSimulation	mainsimulation	1646756254275	 	3.3.1
USER	LAU Simulation	1	START	1646756255303	1646756255303
REQUEST	1	adoption_010_Homepage	Adoption Homepage	1646756255325	1646756255664	OK	 
REQUEST	1	adoption_010_Homepage	Adoption Homepage Redirect 1	1646756255689	1646756255839	OK	 
REQUEST	1	adoption_010_Homepage	Adoption Homepage Redirect 2	1646756255841	1646756256697	OK	 
GROUP	1	adoption_010_Homepage	1646756255309	1646756258392	2948	OK
REQUEST	1	Adoption_020_Login	Adoption Login	1646756260413	1646756260637	OK	 
REQUEST	1	Adoption_020_Login	Adoption Login Redirect 1	1646756260642	1646756261051	OK	 
REQUEST	1	Adoption_020_Login	Adoption Login Redirect 2	1646756261053	1646756261665	OK	 
REQUEST	1	Adoption_020_Login	Adoption Login Redirect 3	1646756261667	1646756261718	OK	 
GROUP	1	Adoption_020_Login	1646756260407	1646756263199	2767	OK
REQUEST	1	Adoption_030_Apply_With	Adoption Applying With	1646756265205	1646756265255	OK	 
GROUP	1	Adoption_030_Apply_With	1646756265205	1646756265506	294	OK
REQUEST	1	Adoption_040_Adoption_Applying_Post	Adoption Applying Post	1646756267518	1646756268193	OK	 
REQUEST	1	Adoption_040_Adoption_Applying_Post	Adoption Applying Post Redirect 1	1646756268195	1646756268686	OK	 
GROUP	1	Adoption_040_Adoption_Applying_Post	1646756267516	1646756269167	1641	OK
REQUEST	1	Adoption_050_Adoption_Applying_With_Redirect	Adoption Applying With Redirect	1646756271168	1646756271277	OK	 
GROUP	1	Adoption_050_Adoption_Applying_With_Redirect	1646756271167	1646756271337	155	OK
REQUEST	1	adoption_480_Birth_Mother	Adoption Mother's Details	1646756273328	1646756273530	OK	 
GROUP	1	adoption_480_Birth_Mother	1646756273327	1646756273795	461	OK
REQUEST	1	adoption_490_Birth_Mother_Name	Adoption Mother's Name	1646756275798	1646756276988	OK	 
REQUEST	1	adoption_490_Birth_Mother_Name	Adoption Mother's Name Redirect 1	1646756276989	1646756277036	OK	 
GROUP	1	adoption_490_Birth_Mother_Name	1646756275797	1646756279894	4091	OK
REQUEST	1	adoption_495_Birth_Mother	Adoption Mother's Details	1646756281887	1646756281931	OK	 
GROUP	1	adoption_495_Birth_Mother	1646756281886	1646756282175	284	OK
REQUEST	1	adoption_500_Birth_Mother_Alive	Adoption Mother Still Alive?	1646756284176	1646756285115	OK	 
REQUEST	1	adoption_500_Birth_Mother_Alive	Adoption Mother Still Alive? Redirect 1	1646756285116	1646756285322	KO	substring(What is the nationality of the child's birth mother?).find.exists, found nothing
GROUP	1	adoption_500_Birth_Mother_Alive	1646756284176	1646756285327	1145	KO
USER	LAU Simulation	1	END	1646756255303	1646756285334
