RUN	simulations.mainSimulation	mainsimulation	1646753309200	 	3.3.1
USER	LAU Simulation	1	START	1646753309718	1646753309718
REQUEST	1	adoption_010_Homepage	Adoption Homepage	1646753309739	1646753309840	OK	 
REQUEST	1	adoption_010_Homepage	Adoption Homepage Redirect 1	1646753309866	1646753309898	OK	 
REQUEST	1	adoption_010_Homepage	Adoption Homepage Redirect 2	1646753309900	1646753309969	OK	 
GROUP	1	adoption_010_Homepage	1646753309725	1646753310197	339	OK
REQUEST	1	Adoption_020_Login	Adoption Login	1646753312218	1646753312425	OK	 
REQUEST	1	Adoption_020_Login	Adoption Login Redirect 1	1646753312429	1646753312593	OK	 
REQUEST	1	Adoption_020_Login	Adoption Login Redirect 2	1646753312595	1646753312953	OK	 
REQUEST	1	Adoption_020_Login	Adoption Login Redirect 3	1646753312955	1646753313008	OK	 
GROUP	1	Adoption_020_Login	1646753312213	1646753313194	957	OK
REQUEST	1	Adoption_030_Apply_With	Adoption Applying With	1646753315204	1646753315265	OK	 
GROUP	1	Adoption_030_Apply_With	1646753315203	1646753315320	110	OK
REQUEST	1	Adoption_040_Adoption_Applying_Post	Adoption Applying Post	1646753317316	1646753317970	OK	 
REQUEST	1	Adoption_040_Adoption_Applying_Post	Adoption Applying Post Redirect 1	1646753317973	1646753318019	OK	 
GROUP	1	Adoption_040_Adoption_Applying_Post	1646753317314	1646753318065	740	OK
REQUEST	1	Adoption_050_Adoption_Applying_With_Redirect	Adoption Applying With Redirect	1646753320075	1646753320114	OK	 
GROUP	1	Adoption_050_Adoption_Applying_With_Redirect	1646753320074	1646753320159	78	OK
REQUEST	1	adoption_380_Placement_Order	Adoption Placement Order Details	1646753322153	1646753322579	KO	substring(Ask the adoption agency or social worker).find.exists, found nothing
GROUP	1	adoption_380_Placement_Order	1646753322152	1646753322586	426	KO
USER	LAU Simulation	1	END	1646753309718	1646753322595
