RUN	simulations.mainSimulation	mainsimulation	1646841443287	 	3.3.1
USER	LAU Simulation	1	START	1646841443964	1646841443964
REQUEST	1	adoption_010_Homepage	Adoption Homepage	1646841443995	1646841447194	OK	 
REQUEST	1	adoption_010_Homepage	Adoption Homepage Redirect 1	1646841447222	1646841447277	OK	 
REQUEST	1	adoption_010_Homepage	Adoption Homepage Redirect 2	1646841447279	1646841447604	OK	 
GROUP	1	adoption_010_Homepage	1646841443972	1646841449442	5318	OK
REQUEST	1	Adoption_020_Login	Adoption Login	1646841450470	1646841450658	OK	 
REQUEST	1	Adoption_020_Login	Adoption Login Redirect 1	1646841450663	1646841451099	OK	 
REQUEST	1	Adoption_020_Login	Adoption Login Redirect 2	1646841451100	1646841452226	OK	 
REQUEST	1	Adoption_020_Login	Adoption Login Redirect 3	1646841452228	1646841452328	OK	 
GROUP	1	Adoption_020_Login	1646841450465	1646841453214	2726	OK
REQUEST	1	Adoption_030_Apply_With	Adoption Applying With	1646841454208	1646841454262	OK	 
GROUP	1	Adoption_030_Apply_With	1646841454205	1646841454333	117	OK
REQUEST	1	Adoption_040_Adoption_Applying_Post	Adoption Applying Post	1646841455337	1646841455774	OK	 
REQUEST	1	Adoption_040_Adoption_Applying_Post	Adoption Applying Post Redirect 1	1646841455778	1646841455841	OK	 
GROUP	1	Adoption_040_Adoption_Applying_Post	1646841455334	1646841455896	551	OK
REQUEST	1	Adoption_050_Adoption_Applying_With_Redirect	Adoption Applying With Redirect	1646841456905	1646841457055	OK	 
GROUP	1	Adoption_050_Adoption_Applying_With_Redirect	1646841456905	1646841457126	215	OK
REQUEST	1	Adoption_060_Date_Of_Move	Adoption Date Child Moved in 	1646841458125	1646841458364	OK	 
GROUP	1	Adoption_060_Date_Of_Move	1646841458124	1646841458646	518	OK
REQUEST	1	Adoption_070_Date_Of_Move_POST	Adoption Date Child Moved in Post	1646841459655	1646841460021	OK	 
REQUEST	1	Adoption_070_Date_Of_Move_POST	Adoption Date Child Moved in Post Redirect 1	1646841460023	1646841460089	OK	 
REQUEST	1	Adoption_070_Date_Of_Move_POST,Adoption_050_Adoption_Applying_With_Redirect	Adoption Applying With Redirect	1646841460229	1646841460268	OK	 
GROUP	1	Adoption_070_Date_Of_Move_POST,Adoption_050_Adoption_Applying_With_Redirect	1646841460229	1646841460346	112	OK
GROUP	1	Adoption_070_Date_Of_Move_POST	1646841459655	1646841461345	679	OK
REQUEST	1	adoption_290_Birth_Certificate	Adoption Birth Certificate Details	1646841462345	1646841462514	OK	 
GROUP	1	adoption_290_Birth_Certificate	1646841462345	1646841462692	342	OK
REQUEST	1	adoption_300_Birth_Certificate_Name	Adoption Birth Certificate Name	1646841463686	1646841464107	OK	 
REQUEST	1	adoption_300_Birth_Certificate_Name	Adoption Birth Certificate Name Redirect 1	1646841464109	1646841464149	OK	 
GROUP	1	adoption_300_Birth_Certificate_Name	1646841463685	1646841464229	536	OK
REQUEST	1	adoption_320_Birth_Certificate_DoB	Adoption Birth Certificate DoB	1646841465225	1646841465422	OK	 
REQUEST	1	adoption_320_Birth_Certificate_DoB	Adoption Birth Certificate DoB Redirect 1	1646841465424	1646841465486	OK	 
GROUP	1	adoption_320_Birth_Certificate_DoB	1646841465225	1646841465602	371	OK
REQUEST	1	adoption_330_Birth_Certificate_Sex	Adoption Birth Certificate Sex	1646841466604	1646841467156	OK	 
REQUEST	1	adoption_330_Birth_Certificate_Sex	Adoption Birth Certificate Sex Redirect 1	1646841467157	1646841467200	OK	 
GROUP	1	adoption_330_Birth_Certificate_Sex	1646841466604	1646841467282	673	OK
REQUEST	1	adoption_340_Birth_Certificate_Nationality_Add	Adoption Birth Certificate Nationality Add	1646841468287	1646841468733	OK	 
REQUEST	1	adoption_340_Birth_Certificate_Nationality_Add	Adoption Birth Certificate Nationality Add Redirect 1	1646841468734	1646841468779	OK	 
GROUP	1	adoption_340_Birth_Certificate_Nationality_Add	1646841468286	1646841468855	564	OK
REQUEST	1	adoption_350_Birth_Certificate_Nationality_POST	Adoption Birth Certificate Nationality POST	1646841469855	1646841470001	OK	 
REQUEST	1	adoption_350_Birth_Certificate_Nationality_POST	Adoption Birth Certificate Nationality POST Redirect 1	1646841470003	1646841470105	OK	 
GROUP	1	adoption_350_Birth_Certificate_Nationality_POST	1646841469855	1646841470228	367	OK
USER	LAU Simulation	1	END	1646841443964	1646841471228
