RUN	simulations.mainSimulation	mainsimulation	1646820554663	 	3.3.1
USER	LAU Simulation	1	START	1646820555249	1646820555249
REQUEST	1	adoption_010_Homepage	Adoption Homepage	1646820555277	1646820555412	OK	 
REQUEST	1	adoption_010_Homepage	Adoption Homepage Redirect 1	1646820555438	1646820555472	OK	 
REQUEST	1	adoption_010_Homepage	Adoption Homepage Redirect 2	1646820555475	1646820555553	OK	 
GROUP	1	adoption_010_Homepage	1646820555257	1646820555810	413	OK
REQUEST	1	Adoption_020_Login	Adoption Login	1646820557830	1646820558045	OK	 
REQUEST	1	Adoption_020_Login	Adoption Login Redirect 1	1646820558050	1646820558458	OK	 
REQUEST	1	Adoption_020_Login	Adoption Login Redirect 2	1646820558460	1646820558868	OK	 
REQUEST	1	Adoption_020_Login	Adoption Login Redirect 3	1646820558870	1646820558940	OK	 
GROUP	1	Adoption_020_Login	1646820557825	1646820559062	1212	OK
REQUEST	1	Adoption_030_Apply_With	Adoption Applying With	1646820561065	1646820561429	OK	 
GROUP	1	Adoption_030_Apply_With	1646820561064	1646820561504	430	OK
REQUEST	1	Adoption_040_Adoption_Applying_Post	Adoption Applying Post	1646820563515	1646820564603	OK	 
REQUEST	1	Adoption_040_Adoption_Applying_Post	Adoption Applying Post Redirect 1	1646820564604	1646820564674	OK	 
GROUP	1	Adoption_040_Adoption_Applying_Post	1646820563513	1646820564731	1205	OK
REQUEST	1	Adoption_050_Adoption_Applying_With_Redirect	Adoption Applying With Redirect	1646820566725	1646820566763	OK	 
GROUP	1	Adoption_050_Adoption_Applying_With_Redirect	1646820566724	1646820566836	107	OK
REQUEST	1	adoption_570_Birth_Father_Details	Adoption Father's Details	1646820568846	1646820568895	KO	substring(Is the birth father's name on the birth certificate?).find.exists, found nothing
GROUP	1	adoption_570_Birth_Father_Details	1646820568846	1646820568902	49	KO
USER	LAU Simulation	1	END	1646820555249	1646820568909
