RUN	simulations.mainSimulation	mainsimulation	1646840475933	 	3.3.1
USER	LAU Simulation	1	START	1646840476432	1646840476432
REQUEST	1	adoption_010_Homepage	Adoption Homepage	1646840476452	1646840476540	OK	 
REQUEST	1	adoption_010_Homepage	Adoption Homepage Redirect 1	1646840476560	1646840476589	OK	 
REQUEST	1	adoption_010_Homepage	Adoption Homepage Redirect 2	1646840476591	1646840476646	OK	 
GROUP	1	adoption_010_Homepage	1646840476438	1646840476923	361	OK
REQUEST	1	Adoption_020_Login	Adoption Login	1646840477945	1646840478278	OK	 
REQUEST	1	Adoption_020_Login	Adoption Login Redirect 1	1646840478283	1646840478688	OK	 
REQUEST	1	Adoption_020_Login	Adoption Login Redirect 2	1646840478690	1646840479302	OK	 
REQUEST	1	Adoption_020_Login	Adoption Login Redirect 3	1646840479304	1646840479357	OK	 
GROUP	1	Adoption_020_Login	1646840477942	1646840479591	1624	OK
REQUEST	1	Adoption_030_Apply_With	Adoption Applying With	1646840480591	1646840480635	OK	 
GROUP	1	Adoption_030_Apply_With	1646840480591	1646840480688	89	OK
REQUEST	1	Adoption_040_Adoption_Applying_Post	Adoption Applying Post	1646840481692	1646840482272	OK	 
REQUEST	1	Adoption_040_Adoption_Applying_Post	Adoption Applying Post Redirect 1	1646840482274	1646840482315	OK	 
GROUP	1	Adoption_040_Adoption_Applying_Post	1646840481690	1646840482373	666	OK
REQUEST	1	Adoption_050_Adoption_Applying_With_Redirect	Adoption Applying With Redirect	1646840483382	1646840483425	OK	 
GROUP	1	Adoption_050_Adoption_Applying_With_Redirect	1646840483382	1646840483659	273	OK
REQUEST	1	Adoption_060_Date_Of_Move	Adoption Date Child Moved in 	1646840484650	1646840484754	OK	 
GROUP	1	Adoption_060_Date_Of_Move	1646840484650	1646840484940	286	OK
REQUEST	1	Adoption_070_Date_Of_Move_POST	Adoption Date Child Moved in Post	1646840485942	1646840486429	OK	 
REQUEST	1	Adoption_070_Date_Of_Move_POST	Adoption Date Child Moved in Post Redirect 1	1646840486431	1646840486581	OK	 
REQUEST	1	Adoption_070_Date_Of_Move_POST,Adoption_050_Adoption_Applying_With_Redirect	Adoption Applying With Redirect	1646840486626	1646840486694	OK	 
GROUP	1	Adoption_070_Date_Of_Move_POST,Adoption_050_Adoption_Applying_With_Redirect	1646840486625	1646840486751	123	OK
GROUP	1	Adoption_070_Date_Of_Move_POST	1646840485941	1646840487760	800	OK
REQUEST	1	adoption_290_Birth_Certificate	Adoption Birth Certificate Details	1646840488763	1646840488805	OK	 
GROUP	1	adoption_290_Birth_Certificate	1646840488762	1646840489235	468	OK
REQUEST	1	adoption_300_Birth_Certificate_Name	Adoption Birth Certificate Name	1646840490233	1646840490668	OK	 
REQUEST	1	adoption_300_Birth_Certificate_Name	Adoption Birth Certificate Name Redirect 1	1646840490669	1646840490711	OK	 
GROUP	1	adoption_300_Birth_Certificate_Name	1646840490232	1646840490756	518	OK
REQUEST	1	adoption_320_Birth_Certificate_DoB	Adoption Birth Certificate DoB	1646840491753	1646840491792	OK	 
REQUEST	1	adoption_320_Birth_Certificate_DoB	Adoption Birth Certificate DoB Redirect 1	1646840491793	1646840491847	OK	 
GROUP	1	adoption_320_Birth_Certificate_DoB	1646840491752	1646840491891	134	OK
REQUEST	1	adoption_325_Birth_Certificate_DoB_Redirect	Adoption Birth Certificate Details Redirect	1646840492892	1646840492946	OK	 
GROUP	1	adoption_325_Birth_Certificate_DoB_Redirect	1646840492891	1646840493136	240	OK
REQUEST	1	adoption_330_Birth_Certificate_Sex	Adoption Birth Certificate Sex	1646840493137	1646840493535	OK	 
REQUEST	1	adoption_330_Birth_Certificate_Sex	Adoption Birth Certificate Sex Redirect 1	1646840493537	1646840493581	OK	 
GROUP	1	adoption_330_Birth_Certificate_Sex	1646840493136	1646840493763	621	OK
REQUEST	1	adoption_335_Birth_Certificate_Sex_Redirect	Adoption Birth Certificate Sex Redirect	1646840494762	1646840494801	OK	 
GROUP	1	adoption_335_Birth_Certificate_Sex_Redirect	1646840494761	1646840494847	81	OK
REQUEST	1	adoption_340_Birth_Certificate_Nationality_Add	Adoption Birth Certificate Nationality Add	1646840494847	1646840495007	OK	 
REQUEST	1	adoption_340_Birth_Certificate_Nationality_Add	Adoption Birth Certificate Nationality Add Redirect 1	1646840495008	1646840495054	OK	 
GROUP	1	adoption_340_Birth_Certificate_Nationality_Add	1646840494847	1646840495139	288	OK
REQUEST	1	adoption_350_Birth_Certificate_Nationality_POST	Adoption Birth Certificate Nationality POST	1646840496140	1646840496338	OK	 
REQUEST	1	adoption_350_Birth_Certificate_Nationality_POST	Adoption Birth Certificate Nationality POST Redirect 1	1646840496339	1646840496391	OK	 
GROUP	1	adoption_350_Birth_Certificate_Nationality_POST	1646840496140	1646840496435	290	OK
USER	LAU Simulation	1	END	1646840476432	1646840497435
