RUN	simulations.mainSimulation	mainsimulation	1646919814688	 	3.3.1
USER	LAU Simulation	1	START	1646919815267	1646919815267
REQUEST	1	adoption_010_Homepage	Adoption Homepage	1646919815292	1646919815363	OK	 
REQUEST	1	adoption_010_Homepage	Adoption Homepage Redirect 1	1646919815385	1646919815415	OK	 
REQUEST	1	adoption_010_Homepage	Adoption Homepage Redirect 2	1646919815417	1646919815519	OK	 
GROUP	1	adoption_010_Homepage	1646919815275	1646919818220	2816	OK
REQUEST	1	Adoption_020_Login	Adoption Login	1646919819239	1646919819423	OK	 
REQUEST	1	Adoption_020_Login	Adoption Login Redirect 1	1646919819428	1646919819741	OK	 
REQUEST	1	Adoption_020_Login	Adoption Login Redirect 2	1646919819742	1646919820118	OK	 
REQUEST	1	Adoption_020_Login	Adoption Login Redirect 3	1646919820120	1646919820455	OK	 
GROUP	1	Adoption_020_Login	1646919819233	1646919821492	2233	OK
REQUEST	1	Adoption_030_Apply_With	Adoption Applying With	1646919822503	1646919822557	OK	 
GROUP	1	Adoption_030_Apply_With	1646919822502	1646919822899	387	OK
REQUEST	1	Adoption_040_Adoption_Applying_Post	Adoption Applying Post	1646919823894	1646919824819	OK	 
REQUEST	1	Adoption_040_Adoption_Applying_Post	Adoption Applying Post Redirect 1	1646919824821	1646919824913	OK	 
GROUP	1	Adoption_040_Adoption_Applying_Post	1646919823893	1646919825586	1688	OK
REQUEST	1	Adoption_050_Adoption_Applying_With_Redirect	Adoption Applying With Redirect	1646919826592	1646919826820	OK	 
GROUP	1	Adoption_050_Adoption_Applying_With_Redirect	1646919826591	1646919827364	771	OK
REQUEST	1	adoption_870_Upload_Document	Adoption Birth Certificate Details	1646919828364	1646919828465	OK	 
GROUP	1	adoption_870_Upload_Document	1646919828363	1646919828541	174	OK
REQUEST	1	adoption_880_Upload_Document	Adoption Certificate Upload	1646919829547	1646919829643	KO	substring(2MB.pdf).find.exists, found nothing
GROUP	1	adoption_880_Upload_Document	1646919829544	1646919829650	96	KO
USER	LAU Simulation	1	END	1646919815267	1646919829657
