RUN	simulations.mainSimulation	mainsimulation	1648463341304	 	3.3.1
USER	LAU Simulation	1	START	1648463341901	1648463341901
REQUEST	1	AD_010_Homepage	Adoption Homepage	1648463341930	1648463342997	OK	 
REQUEST	1	AD_010_Homepage	Adoption Homepage Redirect 1	1648463343023	1648463343067	OK	 
REQUEST	1	AD_010_Homepage	Adoption Homepage Redirect 2	1648463343069	1648463343135	OK	 
GROUP	1	AD_010_Homepage	1648463341910	1648463343805	1752	OK
REQUEST	1	AD_020_Login	Adoption Login	1648463350826	1648463351586	OK	 
REQUEST	1	AD_020_Login	Adoption Login Redirect 1	1648463351590	1648463352610	OK	 
REQUEST	1	AD_020_Login	Adoption Login Redirect 2	1648463352612	1648463364791	OK	 
REQUEST	1	AD_020_Login	Adoption Login Redirect 3	1648463364793	1648463384819	OK	 
GROUP	1	AD_020_Login	1648463350821	1648463392250	41407	OK
REQUEST	1	AD_030_Apply_With	Adoption Applying With	1648463399260	1648463399297	OK	 
GROUP	1	AD_030_Apply_With	1648463399259	1648463401147	1882	OK
REQUEST	1	AD_040_Applying_Post	Adoption Applying Post	1648463408144	1648463410132	OK	 
REQUEST	1	AD_040_Applying_Post	Adoption Applying Post Redirect 1	1648463410134	1648463410574	OK	 
GROUP	1	AD_040_Applying_Post	1648463408142	1648463410806	2655	OK
REQUEST	1	AD_050_Applying_With_Redirect	Adoption Applying With Redirect	1648463417811	1648463417855	OK	 
GROUP	1	AD_050_Applying_With_Redirect	1648463417810	1648463417922	107	OK
REQUEST	1	AD_060_Date_Of_Move	Adoption Date Child Moved in 	1648463424920	1648463425161	OK	 
GROUP	1	AD_060_Date_Of_Move	1648463424920	1648463425270	346	OK
REQUEST	1	AD_070_Date_Of_Move_POST	Adoption Date Child Moved in Post	1648463432270	1648463436269	OK	 
REQUEST	1	AD_070_Date_Of_Move_POST	Adoption Date Child Moved in Post Redirect 1	1648463436270	1648463436467	OK	 
GROUP	1	AD_070_Date_Of_Move_POST	1648463432269	1648463436753	4478	OK
REQUEST	1	AD_710_Agency	Adoption Agency	1648463436753	1648463443335	OK	 
REQUEST	1	AD_710_Agency	Adoption Agency Redirect 1	1648463443337	1648463446417	OK	 
GROUP	1	AD_710_Agency	1648463436753	1648463446685	9927	OK
REQUEST	1	AD_720_Agency_Details	Adoption Agency Details	1648463453692	1648463455018	OK	 
REQUEST	1	AD_720_Agency_Details	Adoption Agency Details Redirect 1	1648463455020	1648463455100	OK	 
GROUP	1	AD_720_Agency_Details	1648463453691	1648463455164	1468	OK
REQUEST	1	AD_730_Other_Agency	Adoption Other Agency?	1648463462162	1648463466067	OK	 
REQUEST	1	AD_730_Other_Agency	Adoption Other Agency? Redirect 1	1648463466068	1648463467295	OK	 
REQUEST	1	AD_730_Other_Agency	Adoption Other Agency? Redirect 2	1648463467297	1648463470972	OK	 
GROUP	1	AD_730_Other_Agency	1648463462161	1648463471304	9136	OK
REQUEST	1	AD_740_Other_Agency_Details	Adoption Other Agency Details	1648463478303	1648463480760	OK	 
REQUEST	1	AD_740_Other_Agency_Details	Adoption Other Agency Details Redirect 1	1648463480761	1648463480886	OK	 
GROUP	1	AD_740_Other_Agency_Details	1648463478302	1648463480949	2642	OK
REQUEST	1	AD_750_Social_Worker_Details	Adoption Social Worker Details	1648463487951	1648463489200	OK	 
REQUEST	1	AD_750_Social_Worker_Details	Adoption Social Worker Details Redirect 1	1648463489201	1648463489252	OK	 
GROUP	1	AD_750_Social_Worker_Details	1648463487950	1648463489531	1575	OK
REQUEST	1	AD_080_Your_Details	Adoption Your Personal Details 	1648463496530	1648463496565	OK	 
GROUP	1	AD_080_Your_Details	1648463496530	1648463497287	754	OK
REQUEST	1	AD_090_Your_Details_POST	Adoption Your Personal Details Post	1648463504290	1648463506002	OK	 
REQUEST	1	AD_090_Your_Details_POST	Adoption Your Personal Details Post Redirect 1	1648463506004	1648463509791	OK	 
GROUP	1	AD_090_Your_Details_POST	1648463504289	1648463510449	6153	OK
REQUEST	1	AD_100_Your_Details_Other_Name	Adoption Your Personal Details Other Name	1648463517452	1648463521464	OK	 
REQUEST	1	AD_100_Your_Details_Other_Name	Adoption Your Personal Details Other Name Redirect 1	1648463521466	1648463523476	OK	 
GROUP	1	AD_100_Your_Details_Other_Name	1648463517452	1648463523628	6171	OK
REQUEST	1	AD_110_Your_Details_DoB	Adoption Your Personal Details DoB	1648463530622	1648463530673	OK	 
GROUP	1	AD_110_Your_Details_DoB	1648463530622	1648463531526	902	OK
REQUEST	1	AD_120_Your_Details_DoB_POST	Adoption Your Personal Details DoB POST	1648463538532	1648463540122	OK	 
REQUEST	1	AD_120_Your_Details_DoB_POST	Adoption Your Personal Details DoB POST Redirect 1	1648463540123	1648463540772	OK	 
GROUP	1	AD_120_Your_Details_DoB_POST	1648463538532	1648463541010	2474	OK
REQUEST	1	AD_130_Your_Details_Occupation	Adoption Your Personal Details Occupation	1648463548011	1648463549419	OK	 
REQUEST	1	AD_130_Your_Details_Occupation	Adoption Your Personal Details Occupation Redirect 1	1648463549421	1648463549577	OK	 
GROUP	1	AD_130_Your_Details_Occupation	1648463548010	1648463549637	1620	OK
REQUEST	1	AD_140_Your_Contact	Adoption Your Contact Details LookUp	1648463556631	1648463556704	OK	 
GROUP	1	AD_140_Your_Contact	1648463556631	1648463556770	136	OK
REQUEST	1	AD_150_Your_Contact_Manual	Adoption Your Contact Details Manual	1648463563772	1648463563819	OK	 
GROUP	1	AD_150_Your_Contact_Manual	1648463563772	1648463564069	293	OK
REQUEST	1	AD_160_Your_Contact_POST	Adoption Your Contact Details Manual POST	1648463571073	1648463573929	OK	 
REQUEST	1	AD_160_Your_Contact_POST	Adoption Your Contact Details Manual POST Redirect 1	1648463573930	1648463575634	OK	 
GROUP	1	AD_160_Your_Contact_POST	1648463571072	1648463575929	4852	OK
REQUEST	1	AD_170_Your_Contact_POST	Adoption Your Contact Details POST	1648463582920	1648463583722	OK	 
REQUEST	1	AD_170_Your_Contact_POST	Adoption Your Contact Details POST Redirect 1	1648463583723	1648463583840	OK	 
GROUP	1	AD_170_Your_Contact_POST	1648463582919	1648463583899	975	OK
REQUEST	1	AD_180_Second_Person	Adoption Second Personal Details	1648463590902	1648463592458	OK	 
GROUP	1	AD_180_Second_Person	1648463590901	1648463592791	1886	OK
REQUEST	1	AD_190_Second_PersonPOST	Adoption Second Personal Details POST	1648463599801	1648463600685	OK	 
REQUEST	1	AD_190_Second_PersonPOST	Adoption Second Personal Details POST Redirect 1	1648463600686	1648463602740	OK	 
GROUP	1	AD_190_Second_PersonPOST	1648463599801	1648463603071	3266	OK
REQUEST	1	AD_200_Second_Other_Name	Adoption Second Other Name	1648463610070	1648463611473	OK	 
REQUEST	1	AD_200_Second_Other_Name	Adoption Second Other Name Redirect 1	1648463611474	1648463611544	OK	 
GROUP	1	AD_200_Second_Other_Name	1648463610070	1648463611591	1517	OK
REQUEST	1	AD_210_Second_Other_Name_Redirect	Adoption Second Other Name Redirect	1648463618590	1648463622634	OK	 
REQUEST	1	AD_210_Second_Other_Name_Redirect	Adoption Second Other Name Redirect Redirect 1	1648463622636	1648463622683	OK	 
GROUP	1	AD_210_Second_Other_Name_Redirect	1648463618589	1648463622863	4269	OK
REQUEST	1	AD_220_Second_DoB	Adoption Second DoB	1648463629872	1648463631367	OK	 
REQUEST	1	AD_220_Second_DoB	Adoption Second DoB Redirect 1	1648463631368	1648463631697	OK	 
GROUP	1	AD_220_Second_DoB	1648463629871	1648463631773	1898	OK
REQUEST	1	AD_230_Second_Occupation	Adoption Second Occupation	1648463638772	1648463640246	OK	 
REQUEST	1	AD_230_Second_Occupation	Adoption Second Occupation Redirect 1	1648463640248	1648463640313	OK	 
GROUP	1	AD_230_Second_Occupation	1648463638771	1648463640534	1757	OK
USER	LAU Simulation	2	START	1648463641912	1648463641912
REQUEST	2	AD_010_Homepage	Adoption Homepage	1648463641913	1648463642304	OK	 
REQUEST	2	AD_010_Homepage	Adoption Homepage Redirect 1	1648463642305	1648463642337	OK	 
REQUEST	2	AD_010_Homepage	Adoption Homepage Redirect 2	1648463642338	1648463642568	OK	 
GROUP	2	AD_010_Homepage	1648463641913	1648463643409	1488	OK
REQUEST	1	AD_240_Second_Contact_Same	Adoption Second Contact Details Same-Address	1648463647532	1648463647585	OK	 
GROUP	1	AD_240_Second_Contact_Same	1648463647532	1648463650800	3264	OK
REQUEST	2	AD_020_Login	Adoption Login	1648463650432	1648463651305	OK	 
REQUEST	2	AD_020_Login	Adoption Login Redirect 1	1648463651307	1648463651715	OK	 
REQUEST	1	AD_250_Second_Contact_Same_POST	Adoption Second Contact Details Same-Address POST	1648463657790	1648463659087	OK	 
REQUEST	2	AD_020_Login	Adoption Login Redirect 2	1648463651716	1648463659179	OK	 
REQUEST	2	AD_020_Login	Adoption Login Redirect 3	1648463659180	1648463659225	OK	 
GROUP	2	AD_020_Login	1648463650432	1648463659331	8892	OK
REQUEST	1	AD_250_Second_Contact_Same_POST	Adoption Second Contact Details Same-Address POST Redirect 1	1648463659088	1648463659516	OK	 
GROUP	1	AD_250_Second_Contact_Same_POST	1648463657789	1648463659556	1763	OK
REQUEST	2	AD_030_Apply_With	Adoption Applying With	1648463666331	1648463666380	OK	 
GROUP	2	AD_030_Apply_With	1648463666330	1648463666437	102	OK
REQUEST	1	AD_260_Second_Contact_Manual_Redirect	Adoption Second Contact Details manual redirect	1648463666562	1648463667485	OK	 
GROUP	1	AD_260_Second_Contact_Manual_Redirect	1648463666561	1648463668308	1743	OK
REQUEST	2	AD_040_Applying_Post	Adoption Applying Post	1648463673431	1648463674140	OK	 
REQUEST	2	AD_040_Applying_Post	Adoption Applying Post Redirect 1	1648463674141	1648463674182	OK	 
GROUP	2	AD_040_Applying_Post	1648463673430	1648463674228	793	OK
REQUEST	1	AD_270_Second_Contact_Manual_POST	Adoption Second Contact Details manual POST	1648463675311	1648463676086	OK	 
REQUEST	1	AD_270_Second_Contact_Manual_POST	Adoption Second Contact Details manual POST Redirect 1	1648463676087	1648463676267	OK	 
GROUP	1	AD_270_Second_Contact_Manual_POST	1648463675310	1648463676598	1283	OK
REQUEST	2	AD_050_Applying_With_Redirect	Adoption Applying With Redirect	1648463681232	1648463681352	OK	 
GROUP	2	AD_050_Applying_With_Redirect	1648463681231	1648463681405	170	OK
REQUEST	1	AD_280_Second_Contact_POST	Adoption Second Contact Details POST	1648463683601	1648463684483	OK	 
REQUEST	1	AD_280_Second_Contact_POST	Adoption Second Contact Details POST Redirect 1	1648463684484	1648463684640	OK	 
GROUP	1	AD_280_Second_Contact_POST	1648463683600	1648463684755	1150	OK
REQUEST	2	AD_060_Date_Of_Move	Adoption Date Child Moved in 	1648463688409	1648463688451	OK	 
GROUP	2	AD_060_Date_Of_Move	1648463688409	1648463688503	92	OK
REQUEST	1	AD_290_Birth_Certificate	Adoption Birth Certificate Details	1648463691761	1648463691801	OK	 
GROUP	1	AD_290_Birth_Certificate	1648463691761	1648463692181	417	OK
REQUEST	2	AD_070_Date_Of_Move_POST	Adoption Date Child Moved in Post	1648463695512	1648463697487	OK	 
REQUEST	2	AD_070_Date_Of_Move_POST	Adoption Date Child Moved in Post Redirect 1	1648463697489	1648463697532	OK	 
GROUP	2	AD_070_Date_Of_Move_POST	1648463695511	1648463697582	2065	OK
REQUEST	2	AD_710_Agency	Adoption Agency	1648463697582	1648463699382	OK	 
REQUEST	1	AD_300_Birth_Name	Adoption Birth Certificate Name	1648463699182	1648463700047	OK	 
REQUEST	2	AD_710_Agency	Adoption Agency Redirect 1	1648463699383	1648463700844	OK	 
GROUP	2	AD_710_Agency	1648463697582	1648463700905	3319	OK
REQUEST	1	AD_300_Birth_Name	Adoption Birth Certificate Name Redirect 1	1648463700048	1648463701210	OK	 
GROUP	1	AD_300_Birth_Name	1648463699181	1648463701425	2240	OK
REQUEST	2	AD_720_Agency_Details	Adoption Agency Details	1648463707901	1648463709578	OK	 
REQUEST	2	AD_720_Agency_Details	Adoption Agency Details Redirect 1	1648463709579	1648463709729	OK	 
GROUP	2	AD_720_Agency_Details	1648463707901	1648463709782	1877	OK
REQUEST	1	AD_320_Birth_DoB	Adoption Birth Certificate DoB	1648463708421	1648463709940	OK	 
REQUEST	1	AD_320_Birth_DoB	Adoption Birth Certificate DoB Redirect 1	1648463709941	1648463710113	OK	 
GROUP	1	AD_320_Birth_DoB	1648463708420	1648463710236	1811	OK
REQUEST	2	AD_730_Other_Agency	Adoption Other Agency?	1648463716782	1648463717294	OK	 
REQUEST	1	AD_330_Birth_Sex	Adoption Birth Certificate Sex	1648463717241	1648463717864	OK	 
REQUEST	2	AD_730_Other_Agency	Adoption Other Agency? Redirect 1	1648463717296	1648463718276	OK	 
REQUEST	1	AD_330_Birth_Sex	Adoption Birth Certificate Sex Redirect 1	1648463717866	1648463718461	OK	 
GROUP	1	AD_330_Birth_Sex	1648463717241	1648463718689	1444	OK
REQUEST	2	AD_730_Other_Agency	Adoption Other Agency? Redirect 2	1648463718277	1648463720324	OK	 
GROUP	2	AD_730_Other_Agency	1648463716782	1648463720404	3616	OK
REQUEST	1	AD_340_Birth_Nationality_Add	Adoption Birth Certificate Nationality Add	1648463725690	1648463725944	OK	 
REQUEST	1	AD_340_Birth_Nationality_Add	Adoption Birth Certificate Nationality Add Redirect 1	1648463725945	1648463726043	OK	 
GROUP	1	AD_340_Birth_Nationality_Add	1648463725689	1648463726119	425	OK
REQUEST	2	AD_740_Other_Agency_Details	Adoption Other Agency Details	1648463727399	1648463728104	OK	 
REQUEST	2	AD_740_Other_Agency_Details	Adoption Other Agency Details Redirect 1	1648463728106	1648463728147	OK	 
GROUP	2	AD_740_Other_Agency_Details	1648463727399	1648463728194	789	OK
REQUEST	1	AD_350_Birth_Nationality_POST	Adoption Birth Certificate Nationality POST	1648463733121	1648463736501	OK	 
REQUEST	2	AD_750_Social_Worker_Details	Adoption Social Worker Details	1648463735200	1648463736505	OK	 
REQUEST	2	AD_750_Social_Worker_Details	Adoption Social Worker Details Redirect 1	1648463736506	1648463736544	OK	 
GROUP	2	AD_750_Social_Worker_Details	1648463735199	1648463736593	1388	OK
REQUEST	1	AD_350_Birth_Nationality_POST	Adoption Birth Certificate Nationality POST Redirect 1	1648463736502	1648463737147	OK	 
GROUP	1	AD_350_Birth_Nationality_POST	1648463733120	1648463737450	4326	OK
REQUEST	2	AD_080_Your_Details	Adoption Your Personal Details 	1648463743592	1648463743629	OK	 
GROUP	2	AD_080_Your_Details	1648463743592	1648463743676	80	OK
REQUEST	1	AD_360_Certificate_Details	Adoption Certificate Details	1648463744441	1648463744495	OK	 
GROUP	1	AD_360_Certificate_Details	1648463744441	1648463744750	306	OK
REQUEST	2	AD_090_Your_Details_POST	Adoption Your Personal Details Post	1648463750673	1648463751382	OK	 
REQUEST	2	AD_090_Your_Details_POST	Adoption Your Personal Details Post Redirect 1	1648463751384	1648463751426	OK	 
GROUP	2	AD_090_Your_Details_POST	1648463750672	1648463751474	796	OK
REQUEST	1	AD_370_Certificate_Name	Adoption Certificate Details Name	1648463751761	1648463752798	OK	 
REQUEST	1	AD_370_Certificate_Name	Adoption Certificate Details Name Redirect 1	1648463752799	1648463752873	OK	 
GROUP	1	AD_370_Certificate_Name	1648463751761	1648463752921	1157	OK
REQUEST	2	AD_100_Your_Details_Other_Name	Adoption Your Personal Details Other Name	1648463758482	1648463759329	OK	 
REQUEST	2	AD_100_Your_Details_Other_Name	Adoption Your Personal Details Other Name Redirect 1	1648463759331	1648463759410	OK	 
GROUP	2	AD_100_Your_Details_Other_Name	1648463758481	1648463759583	1096	OK
REQUEST	1	AD_380_Placement_Order	Adoption Placement Order Details	1648463759922	1648463761242	OK	 
GROUP	1	AD_380_Placement_Order	1648463759922	1648463761599	1674	OK
REQUEST	2	AD_110_Your_Details_DoB	Adoption Your Personal Details DoB	1648463766582	1648463766634	OK	 
GROUP	2	AD_110_Your_Details_DoB	1648463766581	1648463766685	100	OK
REQUEST	1	AD_390_Placement_Number	Adoption Placement Order Number	1648463768602	1648463769186	OK	 
REQUEST	1	AD_390_Placement_Number	Adoption Placement Order Number Redirect 1	1648463769187	1648463770815	OK	 
GROUP	1	AD_390_Placement_Number	1648463768602	1648463771230	2624	OK
REQUEST	2	AD_120_Your_Details_DoB_POST	Adoption Your Personal Details DoB POST	1648463773683	1648463774421	OK	 
REQUEST	2	AD_120_Your_Details_DoB_POST	Adoption Your Personal Details DoB POST Redirect 1	1648463774422	1648463774463	OK	 
GROUP	2	AD_120_Your_Details_DoB_POST	1648463773682	1648463774603	917	OK
REQUEST	1	AD_400_Placement_Court	Adoption Placement Court	1648463778222	1648463779202	OK	 
REQUEST	1	AD_400_Placement_Court	Adoption Placement Court Redirect 1	1648463779202	1648463781195	OK	 
GROUP	1	AD_400_Placement_Court	1648463778222	1648463781439	3215	OK
REQUEST	2	AD_130_Your_Details_Occupation	Adoption Your Personal Details Occupation	1648463781600	1648463782478	OK	 
REQUEST	2	AD_130_Your_Details_Occupation	Adoption Your Personal Details Occupation Redirect 1	1648463782479	1648463782533	OK	 
GROUP	2	AD_130_Your_Details_Occupation	1648463781599	1648463782585	981	OK
REQUEST	1	AD_410_Placement_Date	Adoption Placement Date	1648463788433	1648463788929	OK	 
REQUEST	2	AD_140_Your_Contact	Adoption Your Contact Details LookUp	1648463789592	1648463789636	OK	 
GROUP	2	AD_140_Your_Contact	1648463789592	1648463789681	85	OK
REQUEST	1	AD_410_Placement_Date	Adoption Placement Date Redirect 1	1648463788930	1648463790095	OK	 
GROUP	1	AD_410_Placement_Date	1648463788432	1648463790137	1701	OK
REQUEST	2	AD_150_Your_Contact_Manual	Adoption Your Contact Details Manual	1648463796681	1648463796732	OK	 
GROUP	2	AD_150_Your_Contact_Manual	1648463796681	1648463796782	97	OK
REQUEST	1	AD_420_Placement_Summary	Adoption Placement Summary	1648463797142	1648463797803	OK	 
REQUEST	1	AD_420_Placement_Summary	Adoption Placement Summary Redirect 1	1648463797804	1648463798801	OK	 
REQUEST	1	AD_420_Placement_Summary	Adoption Placement Summary Redirect 2	1648463798802	1648463799761	OK	 
GROUP	1	AD_420_Placement_Summary	1648463797142	1648463800298	3151	OK
REQUEST	2	AD_160_Your_Contact_POST	Adoption Your Contact Details Manual POST	1648463803780	1648463804494	OK	 
REQUEST	2	AD_160_Your_Contact_POST	Adoption Your Contact Details Manual POST Redirect 1	1648463804495	1648463804566	OK	 
GROUP	2	AD_160_Your_Contact_POST	1648463803780	1648463804619	836	OK
REQUEST	1	AD_430_Placement_Type_2	Adoption Placement Type 2	1648463807292	1648463808213	OK	 
REQUEST	1	AD_430_Placement_Type_2	Adoption Placement Type 2 Redirect 1	1648463808214	1648463810175	OK	 
GROUP	1	AD_430_Placement_Type_2	1648463807291	1648463810538	3243	OK
REQUEST	2	AD_170_Your_Contact_POST	Adoption Your Contact Details POST	1648463811609	1648463812312	OK	 
REQUEST	2	AD_170_Your_Contact_POST	Adoption Your Contact Details POST Redirect 1	1648463812313	1648463812485	OK	 
GROUP	2	AD_170_Your_Contact_POST	1648463811609	1648463812584	972	OK
REQUEST	1	AD_440_Placement_Number_2	Adoption Placement Order Number 2	1648463817542	1648463817914	OK	 
REQUEST	1	AD_440_Placement_Number_2	Adoption Placement Order Number 2 Redirect 1	1648463817915	1648463818437	OK	 
GROUP	1	AD_440_Placement_Number_2	1648463817542	1648463818865	1319	OK
REQUEST	2	AD_180_Second_Person	Adoption Second Personal Details	1648463819590	1648463819632	OK	 
GROUP	2	AD_180_Second_Person	1648463819590	1648463819683	90	OK
REQUEST	1	AD_450_Placement_Court_2	Adoption Placement Court 2	1648463825871	1648463826262	OK	 
REQUEST	2	AD_190_Second_PersonPOST	Adoption Second Personal Details POST	1648463826692	1648463827043	OK	 
REQUEST	1	AD_450_Placement_Court_2	Adoption Placement Court 2 Redirect 1	1648463826264	1648463827063	OK	 
REQUEST	2	AD_190_Second_PersonPOST	Adoption Second Personal Details POST Redirect 1	1648463827044	1648463827082	OK	 
GROUP	2	AD_190_Second_PersonPOST	1648463826691	1648463827149	454	OK
GROUP	1	AD_450_Placement_Court_2	1648463825871	1648463827191	1317	OK
REQUEST	1	AD_460_Placement_Date_2	Adoption Placement Date 2	1648463834192	1648463834727	OK	 
REQUEST	2	AD_200_Second_Other_Name	Adoption Second Other Name	1648463834141	1648463834779	OK	 
REQUEST	2	AD_200_Second_Other_Name	Adoption Second Other Name Redirect 1	1648463834780	1648463834821	OK	 
GROUP	2	AD_200_Second_Other_Name	1648463834141	1648463834890	745	OK
REQUEST	1	AD_460_Placement_Date_2	Adoption Placement Date 2 Redirect 1	1648463834729	1648463836136	OK	 
GROUP	1	AD_460_Placement_Date_2	1648463834192	1648463836388	2192	OK
REQUEST	2	AD_210_Second_Other_Name_Redirect	Adoption Second Other Name Redirect	1648463841901	1648463842586	OK	 
REQUEST	2	AD_210_Second_Other_Name_Redirect	Adoption Second Other Name Redirect Redirect 1	1648463842587	1648463842627	OK	 
GROUP	2	AD_210_Second_Other_Name_Redirect	1648463841900	1648463842667	762	OK
REQUEST	1	AD_470_Placement_Summary_2	Adoption Placement Summary 2	1648463843382	1648463843811	OK	 
REQUEST	1	AD_470_Placement_Summary_2	Adoption Placement Summary 2 Redirect 1	1648463843812	1648463844821	OK	 
GROUP	1	AD_470_Placement_Summary_2	1648463843381	1648463845126	1741	OK
REQUEST	2	AD_220_Second_DoB	Adoption Second DoB	1648463849661	1648463850414	OK	 
REQUEST	2	AD_220_Second_DoB	Adoption Second DoB Redirect 1	1648463850415	1648463850580	OK	 
GROUP	2	AD_220_Second_DoB	1648463849660	1648463850665	1000	OK
REQUEST	1	AD_480_Birth_Mother	Adoption Mother's Details	1648463852130	1648463852276	OK	 
GROUP	1	AD_480_Birth_Mother	1648463852130	1648463852632	500	OK
REQUEST	2	AD_230_Second_Occupation	Adoption Second Occupation	1648463857670	1648463858970	OK	 
REQUEST	2	AD_230_Second_Occupation	Adoption Second Occupation Redirect 1	1648463858971	1648463859014	OK	 
GROUP	2	AD_230_Second_Occupation	1648463857670	1648463859063	1390	OK
REQUEST	1	AD_490_Mother_Name	Adoption Mother's Name	1648463859631	1648463860188	OK	 
REQUEST	1	AD_490_Mother_Name	Adoption Mother's Name Redirect 1	1648463860189	1648463860485	OK	 
GROUP	1	AD_490_Mother_Name	1648463859631	1648463860918	1284	OK
REQUEST	2	AD_240_Second_Contact_Same	Adoption Second Contact Details Same-Address	1648463866060	1648463866106	OK	 
GROUP	2	AD_240_Second_Contact_Same	1648463866060	1648463866152	89	OK
REQUEST	1	AD_495_Mother_Alive_Redirect	Adoption Mother's Details	1648463867912	1648463867954	OK	 
GROUP	1	AD_495_Mother_Alive_Redirect	1648463867912	1648463868053	139	OK
REQUEST	2	AD_250_Second_Contact_Same_POST	Adoption Second Contact Details Same-Address POST	1648463873150	1648463874531	OK	 
REQUEST	2	AD_250_Second_Contact_Same_POST	Adoption Second Contact Details Same-Address POST Redirect 1	1648463874531	1648463874602	OK	 
GROUP	2	AD_250_Second_Contact_Same_POST	1648463873150	1648463874647	1494	OK
REQUEST	1	AD_500_Mother_Alive	Adoption Mother Still Alive?	1648463875060	1648463876351	OK	 
REQUEST	1	AD_500_Mother_Alive	Adoption Mother Still Alive? Redirect 1	1648463876353	1648463876580	OK	 
GROUP	1	AD_500_Mother_Alive	1648463875059	1648463876685	1621	OK
REQUEST	2	AD_260_Second_Contact_Manual_Redirect	Adoption Second Contact Details manual redirect	1648463881652	1648463881700	OK	 
GROUP	2	AD_260_Second_Contact_Manual_Redirect	1648463881651	1648463881747	94	OK
REQUEST	1	AD_510_Mother_Nationality_Add	Adoption Mother's Nationality Add	1648463883681	1648463884569	OK	 
REQUEST	1	AD_510_Mother_Nationality_Add	Adoption Mother's Nationality Add Redirect 1	1648463884570	1648463884642	OK	 
GROUP	1	AD_510_Mother_Nationality_Add	1648463883681	1648463884686	1002	OK
REQUEST	2	AD_270_Second_Contact_Manual_POST	Adoption Second Contact Details manual POST	1648463888741	1648463889038	OK	 
REQUEST	2	AD_270_Second_Contact_Manual_POST	Adoption Second Contact Details manual POST Redirect 1	1648463889039	1648463889132	OK	 
GROUP	2	AD_270_Second_Contact_Manual_POST	1648463888741	1648463889314	570	OK
REQUEST	1	AD_520_Mother_Nationality_POST	Adoption Mother's Nationality	1648463891692	1648463892587	OK	 
REQUEST	1	AD_520_Mother_Nationality_POST	Adoption Mother's Nationality Redirect 1	1648463892588	1648463892785	OK	 
GROUP	1	AD_520_Mother_Nationality_POST	1648463891692	1648463892979	1284	OK
REQUEST	2	AD_280_Second_Contact_POST	Adoption Second Contact Details POST	1648463896322	1648463897266	OK	 
REQUEST	2	AD_280_Second_Contact_POST	Adoption Second Contact Details POST Redirect 1	1648463897268	1648463897320	OK	 
GROUP	2	AD_280_Second_Contact_POST	1648463896321	1648463897375	1049	OK
REQUEST	1	AD_530_Mother_Occupation	Adoption Mother's Occupation	1648463899970	1648463900543	OK	 
REQUEST	1	AD_530_Mother_Occupation	Adoption Mother's Occupation Redirect 1	1648463900546	1648463900657	OK	 
GROUP	1	AD_530_Mother_Occupation	1648463899969	1648463900705	729	OK
REQUEST	2	AD_290_Birth_Certificate	Adoption Birth Certificate Details	1648463904371	1648463904647	OK	 
GROUP	2	AD_290_Birth_Certificate	1648463904371	1648463904800	427	OK
REQUEST	1	AD_535_Mother_Occupation_Redirect	Adoption Mother's Details Redirect	1648463907711	1648463907944	OK	 
GROUP	1	AD_535_Mother_Occupation_Redirect	1648463907711	1648463908108	394	OK
REQUEST	2	AD_300_Birth_Name	Adoption Birth Certificate Name	1648463911810	1648463912320	OK	 
REQUEST	2	AD_300_Birth_Name	Adoption Birth Certificate Name Redirect 1	1648463912321	1648463912370	OK	 
GROUP	2	AD_300_Birth_Name	1648463911809	1648463912458	645	OK
REQUEST	1	AD_540_Mother_Occupation	Adoption Mother's Address Known	1648463915112	1648463915563	OK	 
REQUEST	1	AD_540_Mother_Occupation	Adoption Mother's Address Known Redirect 1	1648463915565	1648463916126	OK	 
GROUP	1	AD_540_Mother_Occupation	1648463915112	1648463916408	1292	OK
REQUEST	2	AD_320_Birth_DoB	Adoption Birth Certificate DoB	1648463919452	1648463919794	OK	 
REQUEST	2	AD_320_Birth_DoB	Adoption Birth Certificate DoB Redirect 1	1648463919796	1648463919837	OK	 
GROUP	2	AD_320_Birth_DoB	1648463919451	1648463919881	425	OK
REQUEST	1	AD_550_Mother_Address_Manual	Adoption Mother's Address Manual	1648463923400	1648463923446	OK	 
GROUP	1	AD_550_Mother_Address_Manual	1648463923400	1648463923702	300	OK
REQUEST	2	AD_330_Birth_Sex	Adoption Birth Certificate Sex	1648463926882	1648463928129	OK	 
REQUEST	2	AD_330_Birth_Sex	Adoption Birth Certificate Sex Redirect 1	1648463928131	1648463928311	OK	 
GROUP	2	AD_330_Birth_Sex	1648463926881	1648463928355	1469	OK
REQUEST	1	AD_560_Mother_Address_POST	Adoption Mother's Address	1648463930710	1648463932082	OK	 
REQUEST	1	AD_560_Mother_Address_POST	Adoption Mother's Address Redirect 1	1648463932083	1648463932556	OK	 
GROUP	1	AD_560_Mother_Address_POST	1648463930710	1648463932904	2191	OK
REQUEST	2	AD_340_Birth_Nationality_Add	Adoption Birth Certificate Nationality Add	1648463935350	1648463936280	OK	 
REQUEST	2	AD_340_Birth_Nationality_Add	Adoption Birth Certificate Nationality Add Redirect 1	1648463936282	1648463936334	OK	 
GROUP	2	AD_340_Birth_Nationality_Add	1648463935349	1648463936376	1021	OK
REQUEST	1	AD_570_Father_Details	Adoption Father's Details	1648463939901	1648463939968	OK	 
GROUP	1	AD_570_Father_Details	1648463939900	1648463940019	115	OK
REQUEST	2	AD_350_Birth_Nationality_POST	Adoption Birth Certificate Nationality POST	1648463943380	1648463944165	OK	 
REQUEST	2	AD_350_Birth_Nationality_POST	Adoption Birth Certificate Nationality POST Redirect 1	1648463944166	1648463944204	OK	 
GROUP	2	AD_350_Birth_Nationality_POST	1648463943379	1648463944246	862	OK
REQUEST	1	AD_580_Father_Details_POST	Adoption Father's Details On Certificate	1648463947032	1648463948773	OK	 
REQUEST	1	AD_580_Father_Details_POST	Adoption Father's Details On Certificate Redirect 1	1648463948775	1648463948815	OK	 
GROUP	1	AD_580_Father_Details_POST	1648463947031	1648463949050	2013	OK
REQUEST	2	AD_360_Certificate_Details	Adoption Certificate Details	1648463951250	1648463951309	OK	 
GROUP	2	AD_360_Certificate_Details	1648463951250	1648463951348	95	OK
REQUEST	1	AD_590_Father_Name	Adoption Father's Name	1648463956041	1648463957784	OK	 
REQUEST	1	AD_590_Father_Name	Adoption Father's Name Redirect 1	1648463957785	1648463957895	OK	 
GROUP	1	AD_590_Father_Name	1648463956040	1648463958070	2026	OK
REQUEST	2	AD_370_Certificate_Name	Adoption Certificate Details Name	1648463958340	1648463959079	OK	 
REQUEST	2	AD_370_Certificate_Name	Adoption Certificate Details Name Redirect 1	1648463959080	1648463959116	OK	 
GROUP	2	AD_370_Certificate_Name	1648463958339	1648463959160	817	OK
REQUEST	1	AD_600_Father_Alive	Adoption Father Still alive?	1648463965062	1648463965411	OK	 
REQUEST	1	AD_600_Father_Alive	Adoption Father Still alive? Redirect 1	1648463965412	1648463966592	OK	 
REQUEST	2	AD_380_Placement_Order	Adoption Placement Order Details	1648463966171	1648463967040	OK	 
GROUP	2	AD_380_Placement_Order	1648463966171	1648463967076	903	OK
GROUP	1	AD_600_Father_Alive	1648463965062	1648463967313	2247	OK
REQUEST	2	AD_390_Placement_Number	Adoption Placement Order Number	1648463974072	1648463974910	OK	 
REQUEST	1	AD_610_Father_Nationality_Add	Adoption Father add Nationality	1648463974320	1648463974994	OK	 
REQUEST	1	AD_610_Father_Nationality_Add	Adoption Father add Nationality Redirect 1	1648463974995	1648463975160	OK	 
GROUP	1	AD_610_Father_Nationality_Add	1648463974320	1648463975207	883	OK
REQUEST	2	AD_390_Placement_Number	Adoption Placement Order Number Redirect 1	1648463974911	1648463975206	OK	 
GROUP	2	AD_390_Placement_Number	1648463974071	1648463975236	1161	OK
REQUEST	1	AD_620_Father_Nationality_POST	Adoption Father's Nationality	1648463982212	1648463982570	OK	 
REQUEST	2	AD_400_Placement_Court	Adoption Placement Court	1648463982242	1648463983178	OK	 
REQUEST	2	AD_400_Placement_Court	Adoption Placement Court Redirect 1	1648463983179	1648463983798	OK	 
GROUP	2	AD_400_Placement_Court	1648463982241	1648463983839	1594	OK
REQUEST	1	AD_620_Father_Nationality_POST	Adoption Father's Nationality Redirect 1	1648463982571	1648463986050	OK	 
GROUP	1	AD_620_Father_Nationality_POST	1648463982212	1648463986880	4666	OK
REQUEST	2	AD_410_Placement_Date	Adoption Placement Date	1648463990830	1648463991513	OK	 
REQUEST	2	AD_410_Placement_Date	Adoption Placement Date Redirect 1	1648463991514	1648463992304	OK	 
GROUP	2	AD_410_Placement_Date	1648463990830	1648463992351	1519	OK
REQUEST	1	AD_630_Father_Occupation	Adoption Father's Occupation	1648463993880	1648463994433	OK	 
REQUEST	1	AD_630_Father_Occupation	Adoption Father's Occupation Redirect 1	1648463994434	1648463995222	OK	 
GROUP	1	AD_630_Father_Occupation	1648463993880	1648463995402	1519	OK
REQUEST	2	AD_420_Placement_Summary	Adoption Placement Summary	1648463999361	1648464000279	OK	 
REQUEST	2	AD_420_Placement_Summary	Adoption Placement Summary Redirect 1	1648464000280	1648464000986	OK	 
REQUEST	2	AD_420_Placement_Summary	Adoption Placement Summary Redirect 2	1648464000987	1648464002413	OK	 
GROUP	2	AD_420_Placement_Summary	1648463999360	1648464002463	3098	OK
REQUEST	1	AD_640_Father_Address_Known	Adoption Father's Address Known?	1648464002401	1648464002942	OK	 
REQUEST	1	AD_640_Father_Address_Known	Adoption Father's Address Known? Redirect 1	1648464002943	1648464003150	OK	 
GROUP	1	AD_640_Father_Address_Known	1648464002401	1648464003206	802	OK
REQUEST	2	AD_430_Placement_Type_2	Adoption Placement Type 2	1648464009462	1648464010110	OK	 
REQUEST	2	AD_430_Placement_Type_2	Adoption Placement Type 2 Redirect 1	1648464010111	1648464010346	OK	 
GROUP	2	AD_430_Placement_Type_2	1648464009461	1648464010390	924	OK
REQUEST	1	AD_641_Father_Address_Manual	Adoption Father's Address Manual	1648464010201	1648464010843	OK	 
GROUP	1	AD_641_Father_Address_Manual	1648464010201	1648464010912	709	OK
REQUEST	2	AD_440_Placement_Number_2	Adoption Placement Order Number 2	1648464017401	1648464018134	OK	 
REQUEST	1	AD_642_Father_Address_POST	Adoption Father's Address	1648464017922	1648464018154	OK	 
REQUEST	2	AD_440_Placement_Number_2	Adoption Placement Order Number 2 Redirect 1	1648464018134	1648464018428	OK	 
GROUP	2	AD_440_Placement_Number_2	1648464017401	1648464018506	1104	OK
REQUEST	1	AD_642_Father_Address_POST	Adoption Father's Address Redirect 1	1648464018155	1648464019406	OK	 
GROUP	1	AD_642_Father_Address_POST	1648464017922	1648464020164	2239	OK
REQUEST	2	AD_450_Placement_Court_2	Adoption Placement Court 2	1648464025492	1648464026391	OK	 
REQUEST	1	AD_650_Other_Parent_Exists	Adoption Other Parent	1648464027160	1648464027221	OK	 
REQUEST	2	AD_450_Placement_Court_2	Adoption Placement Court 2 Redirect 1	1648464026393	1648464027391	OK	 
GROUP	2	AD_450_Placement_Court_2	1648464025491	1648464027434	1938	OK
GROUP	1	AD_650_Other_Parent_Exists	1648464027160	1648464027822	660	OK
REQUEST	2	AD_460_Placement_Date_2	Adoption Placement Date 2	1648464034441	1648464034791	OK	 
REQUEST	2	AD_460_Placement_Date_2	Adoption Placement Date 2 Redirect 1	1648464034793	1648464035179	OK	 
GROUP	2	AD_460_Placement_Date_2	1648464034441	1648464035227	782	OK
REQUEST	1	AD_660_Other_Exists_POST	Adoption Other Parent Exists	1648464034821	1648464035368	OK	 
REQUEST	1	AD_660_Other_Exists_POST	Adoption Other Parent Exists Redirect 1	1648464035369	1648464036632	OK	 
GROUP	1	AD_660_Other_Exists_POST	1648464034820	1648464037143	2319	OK
REQUEST	2	AD_470_Placement_Summary_2	Adoption Placement Summary 2	1648464042222	1648464042980	OK	 
REQUEST	2	AD_470_Placement_Summary_2	Adoption Placement Summary 2 Redirect 1	1648464042981	1648464043028	OK	 
GROUP	2	AD_470_Placement_Summary_2	1648464042222	1648464043075	850	OK
REQUEST	1	AD_670_Other_Parent_Name	Adoption Other Parent Name	1648464044142	1648464045046	OK	 
REQUEST	1	AD_670_Other_Parent_Name	Adoption Other Parent Name Redirect 1	1648464045048	1648464045421	OK	 
GROUP	1	AD_670_Other_Parent_Name	1648464044142	1648464045581	1435	OK
REQUEST	2	AD_480_Birth_Mother	Adoption Mother's Details	1648464050081	1648464050128	OK	 
GROUP	2	AD_480_Birth_Mother	1648464050081	1648464050174	91	OK
REQUEST	1	AD_680_Other_Parent_Address_Known	Adoption Other Parent Address known?	1648464052582	1648464053003	OK	 
REQUEST	1	AD_680_Other_Parent_Address_Known	Adoption Other Parent Address known? Redirect 1	1648464053004	1648464053289	OK	 
GROUP	1	AD_680_Other_Parent_Address_Known	1648464052582	1648464053340	755	OK
REQUEST	2	AD_490_Mother_Name	Adoption Mother's Name	1648464057171	1648464057372	OK	 
REQUEST	2	AD_490_Mother_Name	Adoption Mother's Name Redirect 1	1648464057374	1648464057410	OK	 
GROUP	2	AD_490_Mother_Name	1648464057171	1648464057456	280	OK
REQUEST	1	AD_690_Other_Parent_Address_Manual	Adoption Other Parent Address Manual	1648464060332	1648464060599	OK	 
GROUP	1	AD_690_Other_Parent_Address_Manual	1648464060332	1648464060750	415	OK
REQUEST	2	AD_495_Mother_Alive_Redirect	Adoption Mother's Details	1648464064452	1648464064503	OK	 
GROUP	2	AD_495_Mother_Alive_Redirect	1648464064452	1648464064546	91	OK
REQUEST	1	AD_700_Other_Parent_Address_POST	Adoption Other Parent Address Manual	1648464067760	1648464068886	OK	 
REQUEST	1	AD_700_Other_Parent_Address_POST	Adoption Other Parent Address Manual Redirect 1	1648464068888	1648464071573	OK	 
GROUP	1	AD_700_Other_Parent_Address_POST	1648464067760	1648464071661	3897	OK
REQUEST	2	AD_500_Mother_Alive	Adoption Mother Still Alive?	1648464071551	1648464072136	OK	 
REQUEST	2	AD_500_Mother_Alive	Adoption Mother Still Alive? Redirect 1	1648464072137	1648464072292	OK	 
GROUP	2	AD_500_Mother_Alive	1648464071551	1648464072465	911	OK
REQUEST	1	AD_760_Sibling_Details	Adoption Sibling Details	1648464078662	1648464078720	OK	 
GROUP	1	AD_760_Sibling_Details	1648464078661	1648464079436	772	OK
REQUEST	2	AD_510_Mother_Nationality_Add	Adoption Mother's Nationality Add	1648464079461	1648464081481	OK	 
REQUEST	2	AD_510_Mother_Nationality_Add	Adoption Mother's Nationality Add Redirect 1	1648464081482	1648464081536	OK	 
GROUP	2	AD_510_Mother_Nationality_Add	1648464079461	1648464081585	2121	OK
REQUEST	1	AD_770_Sibling_Other	Adoption Any Sibling?	1648464086432	1648464087318	OK	 
REQUEST	1	AD_770_Sibling_Other	Adoption Any Sibling? Redirect 1	1648464087319	1648464087887	OK	 
GROUP	1	AD_770_Sibling_Other	1648464086432	1648464088032	1597	OK
REQUEST	2	AD_520_Mother_Nationality_POST	Adoption Mother's Nationality	1648464088592	1648464090186	OK	 
REQUEST	2	AD_520_Mother_Nationality_POST	Adoption Mother's Nationality Redirect 1	1648464090187	1648464090226	OK	 
GROUP	2	AD_520_Mother_Nationality_POST	1648464088592	1648464090270	1675	OK
REQUEST	1	AD_780_Sibling_Order_Exists	Adoption Court Order Exists?	1648464095040	1648464096227	OK	 
REQUEST	2	AD_530_Mother_Occupation	Adoption Mother's Occupation	1648464097270	1648464097583	OK	 
REQUEST	1	AD_780_Sibling_Order_Exists	Adoption Court Order Exists? Redirect 1	1648464096228	1648464097584	OK	 
REQUEST	2	AD_530_Mother_Occupation	Adoption Mother's Occupation Redirect 1	1648464097584	1648464097622	OK	 
GROUP	1	AD_780_Sibling_Order_Exists	1648464095040	1648464097671	2629	OK
GROUP	2	AD_530_Mother_Occupation	1648464097270	1648464097814	541	OK
REQUEST	2	AD_535_Mother_Occupation_Redirect	Adoption Mother's Details Redirect	1648464104810	1648464104866	OK	 
GROUP	2	AD_535_Mother_Occupation_Redirect	1648464104809	1648464104934	122	OK
REQUEST	1	AD_790_Sibling_Name	Adoption Sibling Name	1648464104669	1648464105492	OK	 
REQUEST	1	AD_790_Sibling_Name	Adoption Sibling Name Redirect 1	1648464105493	1648464106672	OK	 
REQUEST	1	AD_790_Sibling_Name	Adoption Sibling Name Redirect 2	1648464106673	1648464107095	OK	 
GROUP	1	AD_790_Sibling_Name	1648464104669	1648464107154	2481	OK
REQUEST	2	AD_540_Mother_Occupation	Adoption Mother's Address Known	1648464111942	1648464112876	OK	 
REQUEST	2	AD_540_Mother_Occupation	Adoption Mother's Address Known Redirect 1	1648464112877	1648464112923	OK	 
GROUP	2	AD_540_Mother_Occupation	1648464111942	1648464112971	1026	OK
REQUEST	1	AD_800_Sibling_Type	Adoption Order Type?	1648464114152	1648464114556	OK	 
REQUEST	1	AD_800_Sibling_Type	Adoption Order Type? Redirect 1	1648464114557	1648464115332	OK	 
GROUP	1	AD_800_Sibling_Type	1648464114152	1648464115692	1537	OK
REQUEST	2	AD_550_Mother_Address_Manual	Adoption Mother's Address Manual	1648464119969	1648464120025	OK	 
GROUP	2	AD_550_Mother_Address_Manual	1648464119969	1648464120070	100	OK
REQUEST	1	AD_810_Sibling_Number	Adoption Order Number	1648464122691	1648464123896	OK	 
REQUEST	1	AD_810_Sibling_Number	Adoption Order Number Redirect 1	1648464123897	1648464126845	OK	 
GROUP	1	AD_810_Sibling_Number	1648464122690	1648464127363	4669	OK
REQUEST	2	AD_560_Mother_Address_POST	Adoption Mother's Address	1648464127062	1648464127828	OK	 
REQUEST	2	AD_560_Mother_Address_POST	Adoption Mother's Address Redirect 1	1648464127829	1648464127869	OK	 
GROUP	2	AD_560_Mother_Address_POST	1648464127061	1648464127922	858	OK
REQUEST	1	AD_820_Sibling_New_Order	Adoption Add New Order?	1648464134370	1648464134592	OK	 
REQUEST	2	AD_570_Father_Details	Adoption Father's Details	1648464134930	1648464134970	OK	 
GROUP	2	AD_570_Father_Details	1648464134930	1648464135017	84	OK
REQUEST	1	AD_820_Sibling_New_Order	Adoption Add New Order? Redirect 1	1648464134594	1648464135264	OK	 
GROUP	1	AD_820_Sibling_New_Order	1648464134370	1648464135495	1120	OK
REQUEST	2	AD_580_Father_Details_POST	Adoption Father's Details On Certificate	1648464142010	1648464143023	OK	 
REQUEST	2	AD_580_Father_Details_POST	Adoption Father's Details On Certificate Redirect 1	1648464143024	1648464143067	OK	 
GROUP	2	AD_580_Father_Details_POST	1648464142009	1648464143115	1102	OK
REQUEST	1	AD_830_Sibling_Select	Adoption Select Sibling	1648464142491	1648464143196	OK	 
REQUEST	1	AD_830_Sibling_Select	Adoption Select Sibling Redirect 1	1648464143197	1648464144355	OK	 
REQUEST	1	AD_830_Sibling_Select	Adoption Select Sibling Redirect 2	1648464144356	1648464144913	OK	 
GROUP	1	AD_830_Sibling_Select	1648464142491	1648464144994	2499	OK
REQUEST	2	AD_590_Father_Name	Adoption Father's Name	1648464150122	1648464150604	OK	 
REQUEST	2	AD_590_Father_Name	Adoption Father's Name Redirect 1	1648464150605	1648464150647	OK	 
GROUP	2	AD_590_Father_Name	1648464150121	1648464150784	658	OK
REQUEST	1	AD_840_Sibling_Type_2	Adoption Order Type	1648464151989	1648464152342	OK	 
REQUEST	1	AD_840_Sibling_Type_2	Adoption Order Type Redirect 1	1648464152343	1648464155767	OK	 
GROUP	1	AD_840_Sibling_Type_2	1648464151989	1648464156466	4473	OK
REQUEST	2	AD_600_Father_Alive	Adoption Father Still alive?	1648464157781	1648464158280	OK	 
REQUEST	2	AD_600_Father_Alive	Adoption Father Still alive? Redirect 1	1648464158281	1648464158326	OK	 
GROUP	2	AD_600_Father_Alive	1648464157781	1648464158379	596	OK
REQUEST	1	AD_850_Sibling_Number_2t	Adoption Order Number	1648464163471	1648464163919	OK	 
REQUEST	1	AD_850_Sibling_Number_2t	Adoption Order Number Redirect 1	1648464163920	1648464164377	OK	 
GROUP	1	AD_850_Sibling_Number_2t	1648464163471	1648464164556	1081	OK
REQUEST	2	AD_610_Father_Nationality_Add	Adoption Father add Nationality	1648464165380	1648464166677	OK	 
REQUEST	2	AD_610_Father_Nationality_Add	Adoption Father add Nationality Redirect 1	1648464166679	1648464166723	OK	 
GROUP	2	AD_610_Father_Nationality_Add	1648464165379	1648464166767	1382	OK
REQUEST	1	AD_855_Sibling_Remove	Adoption Remove Placement Order	1648464171553	1648464172002	OK	 
REQUEST	1	AD_855_Sibling_Remove	Adoption Remove Placement Order Redirect 1	1648464172002	1648464172064	OK	 
GROUP	1	AD_855_Sibling_Remove	1648464171552	1648464172126	572	OK
REQUEST	2	AD_620_Father_Nationality_POST	Adoption Father's Nationality	1648464173769	1648464174561	OK	 
REQUEST	2	AD_620_Father_Nationality_POST	Adoption Father's Nationality Redirect 1	1648464174562	1648464174595	OK	 
GROUP	2	AD_620_Father_Nationality_POST	1648464173769	1648464174637	865	OK
REQUEST	1	AD_860_Sibling_Summary	Adoption Order Summary	1648464179130	1648464179989	OK	 
REQUEST	1	AD_860_Sibling_Summary	Adoption Order Summary Redirect 1	1648464179989	1648464180047	OK	 
GROUP	1	AD_860_Sibling_Summary	1648464179129	1648464180145	1013	OK
REQUEST	2	AD_630_Father_Occupation	Adoption Father's Occupation	1648464181631	1648464182344	OK	 
REQUEST	2	AD_630_Father_Occupation	Adoption Father's Occupation Redirect 1	1648464182345	1648464182392	OK	 
GROUP	2	AD_630_Father_Occupation	1648464181631	1648464182436	803	OK
REQUEST	1	AD_861_Family_Court	Adoption Family Court Redirect	1648464187150	1648464187240	OK	 
GROUP	1	AD_861_Family_Court	1648464187150	1648464187287	136	OK
REQUEST	2	AD_640_Father_Address_Known	Adoption Father's Address Known?	1648464189439	1648464191048	OK	 
REQUEST	2	AD_640_Father_Address_Known	Adoption Father's Address Known? Redirect 1	1648464191049	1648464191095	OK	 
GROUP	2	AD_640_Father_Address_Known	1648464189439	1648464191138	1697	OK
REQUEST	1	AD_862_Family_Court_POST	Adoption Family Court Redirect	1648464194282	1648464194791	OK	 
REQUEST	1	AD_862_Family_Court_POST	Adoption Family Court Redirect Redirect 1	1648464194792	1648464194867	OK	 
GROUP	1	AD_862_Family_Court_POST	1648464194281	1648464194911	626	OK
REQUEST	2	AD_641_Father_Address_Manual	Adoption Father's Address Manual	1648464198140	1648464198200	OK	 
GROUP	2	AD_641_Father_Address_Manual	1648464198140	1648464198248	106	OK
REQUEST	1	AD_870_Upload_Document	Adoption Birth Certificate Details	1648464201922	1648464202275	OK	 
GROUP	1	AD_870_Upload_Document	1648464201921	1648464202430	506	OK
REQUEST	2	AD_642_Father_Address_POST	Adoption Father's Address	1648464205251	1648464205998	OK	 
REQUEST	2	AD_642_Father_Address_POST	Adoption Father's Address Redirect 1	1648464205999	1648464206057	OK	 
GROUP	2	AD_642_Father_Address_POST	1648464205251	1648464206101	846	OK
REQUEST	1	AD_880_Upload_Document	Adoption Certificate Upload	1648464209472	1648464212040	OK	 
GROUP	1	AD_880_Upload_Document	1648464209432	1648464212094	2568	OK
REQUEST	2	AD_650_Other_Parent_Exists	Adoption Other Parent	1648464213100	1648464213142	OK	 
GROUP	2	AD_650_Other_Parent_Exists	1648464213100	1648464213185	82	OK
REQUEST	2	AD_660_Other_Exists_POST	Adoption Other Parent Exists	1648464220181	1648464220641	OK	 
REQUEST	2	AD_660_Other_Exists_POST	Adoption Other Parent Exists Redirect 1	1648464220642	1648464220717	OK	 
GROUP	2	AD_660_Other_Exists_POST	1648464220181	1648464220823	639	OK
REQUEST	1	AD_885_Upload_Document_POST	Adoption Certificate Upload POST	1648464219032	1648464221564	OK	 
REQUEST	1	AD_885_Upload_Document_POST	Adoption Certificate Upload POST Redirect 1	1648464221565	1648464221865	OK	 
GROUP	1	AD_885_Upload_Document_POST	1648464219031	1648464221929	2893	OK
REQUEST	2	AD_670_Other_Parent_Name	Adoption Other Parent Name	1648464227830	1648464228731	OK	 
REQUEST	2	AD_670_Other_Parent_Name	Adoption Other Parent Name Redirect 1	1648464228732	1648464228911	OK	 
GROUP	2	AD_670_Other_Parent_Name	1648464227830	1648464229082	1248	OK
REQUEST	1	AD_905_Equality_Redirect	Adoption Review Equality	1648464228921	1648464229217	OK	 
GROUP	1	AD_905_Equality_Redirect	1648464228921	1648464229724	798	OK
REQUEST	2	AD_680_Other_Parent_Address_Known	Adoption Other Parent Address known?	1648464236081	1648464236615	OK	 
REQUEST	2	AD_680_Other_Parent_Address_Known	Adoption Other Parent Address known? Redirect 1	1648464236617	1648464236665	OK	 
GROUP	2	AD_680_Other_Parent_Address_Known	1648464236081	1648464236707	623	OK
REQUEST	1	AD_910_Check_Your_Answers	Adoption Review Check Your Answers	1648464236732	1648464236761	OK	 
REQUEST	1	AD_910_Check_Your_Answers	Adoption Review Check Your Answers Redirect 1	1648464236762	1648464236822	OK	 
GROUP	1	AD_910_Check_Your_Answers	1648464236732	1648464236858	124	OK
REQUEST	2	AD_690_Other_Parent_Address_Manual	Adoption Other Parent Address Manual	1648464243700	1648464243761	OK	 
GROUP	2	AD_690_Other_Parent_Address_Manual	1648464243699	1648464243805	102	OK
REQUEST	1	AD_920_Statement	Adoption Review Statement of Truth	1648464243861	1648464244871	OK	 
REQUEST	2	AD_700_Other_Parent_Address_POST	Adoption Other Parent Address Manual	1648464250812	1648464251464	OK	 
REQUEST	2	AD_700_Other_Parent_Address_POST	Adoption Other Parent Address Manual Redirect 1	1648464251465	1648464251509	OK	 
GROUP	2	AD_700_Other_Parent_Address_POST	1648464250812	1648464251554	739	OK
REQUEST	1	AD_920_Statement	Adoption Review Statement of Truth Redirect 1	1648464244873	1648464252283	OK	 
REQUEST	1	AD_920_Statement	Adoption Review Statement of Truth Redirect 2	1648464252284	1648464252398	OK	 
REQUEST	1	AD_920_Statement	Adoption Review Statement of Truth Redirect 3	1648464252400	1648464252499	OK	 
GROUP	1	AD_920_Statement	1648464243861	1648464252606	8734	OK
REQUEST	2	AD_760_Sibling_Details	Adoption Sibling Details	1648464258550	1648464258598	OK	 
GROUP	2	AD_760_Sibling_Details	1648464258550	1648464258643	91	OK
REQUEST	1	AD_940_Check_Card_Details	Adoption Pay by Card	1648464259601	1648464259648	OK	 
GROUP	1	AD_940_Check_Card_Details	1648464259601	1648464259651	47	OK
REQUEST	2	AD_770_Sibling_Other	Adoption Any Sibling?	1648464265652	1648464266562	OK	 
REQUEST	2	AD_770_Sibling_Other	Adoption Any Sibling? Redirect 1	1648464266563	1648464266599	OK	 
GROUP	2	AD_770_Sibling_Other	1648464265651	1648464266652	996	OK
REQUEST	1	AD_950_Card_Details	Adoption Pay by Card	1648464266642	1648464266794	OK	 
REQUEST	1	AD_950_Card_Details	Adoption Pay by Card Redirect 1	1648464266795	1648464266949	OK	 
GROUP	1	AD_950_Card_Details	1648464266641	1648464266953	307	OK
REQUEST	1	AD_960_Application Submit	Adoption Application Submit	1648464273961	1648464274083	OK	 
REQUEST	1	AD_960_Application Submit	Adoption Application Submit Redirect 1	1648464274085	1648464274126	OK	 
REQUEST	2	AD_780_Sibling_Order_Exists	Adoption Court Order Exists?	1648464273651	1648464274564	OK	 
REQUEST	2	AD_780_Sibling_Order_Exists	Adoption Court Order Exists? Redirect 1	1648464274565	1648464275015	OK	 
GROUP	2	AD_780_Sibling_Order_Exists	1648464273651	1648464275066	1411	OK
REQUEST	2	AD_790_Sibling_Name	Adoption Sibling Name	1648464282060	1648464282638	OK	 
REQUEST	2	AD_790_Sibling_Name	Adoption Sibling Name Redirect 1	1648464282639	1648464283309	OK	 
REQUEST	2	AD_790_Sibling_Name	Adoption Sibling Name Redirect 2	1648464283310	1648464283719	OK	 
GROUP	2	AD_790_Sibling_Name	1648464282059	1648464283763	1699	OK
REQUEST	1	AD_960_Application Submit	Adoption Application Submit Redirect 2	1648464274127	1648464288839	OK	 
REQUEST	2	AD_800_Sibling_Type	Adoption Order Type?	1648464290770	1648464291364	OK	 
REQUEST	2	AD_800_Sibling_Type	Adoption Order Type? Redirect 1	1648464291364	1648464291770	OK	 
GROUP	2	AD_800_Sibling_Type	1648464290770	1648464291818	1046	OK
REQUEST	1	AD_960_Application Submit	Adoption Application Submit Redirect 3	1648464288840	1648464292123	OK	 
GROUP	1	AD_960_Application Submit	1648464273961	1648464292303	18336	OK
USER	LAU Simulation	1	END	1648463341901	1648464299312
REQUEST	2	AD_810_Sibling_Number	Adoption Order Number	1648464298811	1648464299323	OK	 
REQUEST	2	AD_810_Sibling_Number	Adoption Order Number Redirect 1	1648464299324	1648464299361	OK	 
GROUP	2	AD_810_Sibling_Number	1648464298811	1648464299404	590	OK
REQUEST	2	AD_820_Sibling_New_Order	Adoption Add New Order?	1648464306412	1648464306758	OK	 
REQUEST	2	AD_820_Sibling_New_Order	Adoption Add New Order? Redirect 1	1648464306759	1648464306933	OK	 
GROUP	2	AD_820_Sibling_New_Order	1648464306411	1648464307111	696	OK
REQUEST	2	AD_830_Sibling_Select	Adoption Select Sibling	1648464314111	1648464315258	OK	 
REQUEST	2	AD_830_Sibling_Select	Adoption Select Sibling Redirect 1	1648464315259	1648464316179	OK	 
REQUEST	2	AD_830_Sibling_Select	Adoption Select Sibling Redirect 2	1648464316180	1648464316701	OK	 
GROUP	2	AD_830_Sibling_Select	1648464314110	1648464316749	2633	OK
REQUEST	2	AD_840_Sibling_Type_2	Adoption Order Type	1648464323740	1648464324371	OK	 
REQUEST	2	AD_840_Sibling_Type_2	Adoption Order Type Redirect 1	1648464324372	1648464324960	OK	 
GROUP	2	AD_840_Sibling_Type_2	1648464323740	1648464325005	1261	OK
REQUEST	2	AD_850_Sibling_Number_2t	Adoption Order Number	1648464332010	1648464335228	OK	 
REQUEST	2	AD_850_Sibling_Number_2t	Adoption Order Number Redirect 1	1648464335229	1648464335278	OK	 
GROUP	2	AD_850_Sibling_Number_2t	1648464332010	1648464335322	3309	OK
REQUEST	2	AD_855_Sibling_Remove	Adoption Remove Placement Order	1648464342332	1648464342700	OK	 
REQUEST	2	AD_855_Sibling_Remove	Adoption Remove Placement Order Redirect 1	1648464342702	1648464342741	OK	 
GROUP	2	AD_855_Sibling_Remove	1648464342331	1648464342799	463	OK
REQUEST	2	AD_860_Sibling_Summary	Adoption Order Summary	1648464349791	1648464350186	OK	 
REQUEST	2	AD_860_Sibling_Summary	Adoption Order Summary Redirect 1	1648464350187	1648464350229	OK	 
GROUP	2	AD_860_Sibling_Summary	1648464349791	1648464350281	486	OK
REQUEST	2	AD_861_Family_Court	Adoption Family Court Redirect	1648464357290	1648464357396	OK	 
GROUP	2	AD_861_Family_Court	1648464357289	1648464357588	295	OK
REQUEST	2	AD_862_Family_Court_POST	Adoption Family Court Redirect	1648464364580	1648464366252	OK	 
REQUEST	2	AD_862_Family_Court_POST	Adoption Family Court Redirect Redirect 1	1648464366253	1648464366306	OK	 
GROUP	2	AD_862_Family_Court_POST	1648464364580	1648464366363	1780	OK
REQUEST	2	AD_870_Upload_Document	Adoption Birth Certificate Details	1648464373372	1648464373507	OK	 
GROUP	2	AD_870_Upload_Document	1648464373372	1648464373607	232	OK
REQUEST	2	AD_880_Upload_Document	Adoption Certificate Upload	1648464380603	1648464383560	OK	 
GROUP	2	AD_880_Upload_Document	1648464380602	1648464383561	2957	OK
REQUEST	2	AD_885_Upload_Document_POST	Adoption Certificate Upload POST	1648464390561	1648464391546	OK	 
REQUEST	2	AD_885_Upload_Document_POST	Adoption Certificate Upload POST Redirect 1	1648464391547	1648464391595	OK	 
GROUP	2	AD_885_Upload_Document_POST	1648464390561	1648464391641	1078	OK
REQUEST	2	AD_905_Equality_Redirect	Adoption Review Equality	1648464398641	1648464398810	OK	 
GROUP	2	AD_905_Equality_Redirect	1648464398641	1648464398856	211	OK
REQUEST	2	AD_910_Check_Your_Answers	Adoption Review Check Your Answers	1648464405852	1648464405888	OK	 
REQUEST	2	AD_910_Check_Your_Answers	Adoption Review Check Your Answers Redirect 1	1648464405889	1648464405927	OK	 
GROUP	2	AD_910_Check_Your_Answers	1648464405852	1648464405974	119	OK
REQUEST	2	AD_920_Statement	Adoption Review Statement of Truth	1648464412982	1648464414482	OK	 
REQUEST	2	AD_920_Statement	Adoption Review Statement of Truth Redirect 1	1648464414483	1648464423082	OK	 
REQUEST	2	AD_920_Statement	Adoption Review Statement of Truth Redirect 2	1648464423082	1648464423409	OK	 
REQUEST	2	AD_920_Statement	Adoption Review Statement of Truth Redirect 3	1648464423410	1648464423545	OK	 
GROUP	2	AD_920_Statement	1648464412982	1648464423916	10927	OK
REQUEST	2	AD_940_Check_Card_Details	Adoption Pay by Card	1648464430911	1648464430960	OK	 
GROUP	2	AD_940_Check_Card_Details	1648464430911	1648464430962	49	OK
REQUEST	2	AD_950_Card_Details	Adoption Pay by Card	1648464437962	1648464438085	OK	 
REQUEST	2	AD_950_Card_Details	Adoption Pay by Card Redirect 1	1648464438086	1648464438135	OK	 
GROUP	2	AD_950_Card_Details	1648464437961	1648464438137	173	OK
REQUEST	2	AD_960_Application Submit	Adoption Application Submit	1648464445129	1648464445204	OK	 
REQUEST	2	AD_960_Application Submit	Adoption Application Submit Redirect 1	1648464445205	1648464445243	OK	 
REQUEST	2	AD_960_Application Submit	Adoption Application Submit Redirect 2	1648464445244	1648464460408	OK	 
REQUEST	2	AD_960_Application Submit	Adoption Application Submit Redirect 3	1648464460409	1648464460450	OK	 
GROUP	2	AD_960_Application Submit	1648464445129	1648464460497	15363	OK
USER	LAU Simulation	2	END	1648463641912	1648464467500
