RUN	simulations.mainSimulation	mainsimulation	1646846219763	 	3.3.1
USER	LAU Simulation	1	START	1646846220409	1646846220409
REQUEST	1	adoption_010_Homepage	Adoption Homepage	1646846220437	1646846220494	OK	 
REQUEST	1	adoption_010_Homepage	Adoption Homepage Redirect 1	1646846220521	1646846220550	OK	 
REQUEST	1	adoption_010_Homepage	Adoption Homepage Redirect 2	1646846220552	1646846221441	OK	 
GROUP	1	adoption_010_Homepage	1646846220417	1646846222360	1795	OK
REQUEST	1	Adoption_020_Login	Adoption Login	1646846223383	1646846223633	OK	 
REQUEST	1	Adoption_020_Login	Adoption Login Redirect 1	1646846223639	1646846224092	OK	 
REQUEST	1	Adoption_020_Login	Adoption Login Redirect 2	1646846224094	1646846225056	OK	 
REQUEST	1	Adoption_020_Login	Adoption Login Redirect 3	1646846225058	1646846225103	OK	 
GROUP	1	Adoption_020_Login	1646846223376	1646846227574	4168	OK
REQUEST	1	Adoption_030_Apply_With	Adoption Applying With	1646846228579	1646846228842	OK	 
GROUP	1	Adoption_030_Apply_With	1646846228576	1646846228988	401	OK
REQUEST	1	Adoption_040_Adoption_Applying_Post	Adoption Applying Post	1646846229999	1646846230396	OK	 
REQUEST	1	Adoption_040_Adoption_Applying_Post	Adoption Applying Post Redirect 1	1646846230398	1646846233429	OK	 
GROUP	1	Adoption_040_Adoption_Applying_Post	1646846229998	1646846233478	3471	OK
REQUEST	1	Adoption_050_Adoption_Applying_With_Redirect	Adoption Applying With Redirect	1646846234478	1646846234993	OK	 
GROUP	1	Adoption_050_Adoption_Applying_With_Redirect	1646846234477	1646846235118	634	OK
REQUEST	1	Adoption_060_Date_Of_Move	Adoption Date Child Moved in 	1646846236118	1646846236637	OK	 
GROUP	1	Adoption_060_Date_Of_Move	1646846236117	1646846236885	762	OK
REQUEST	1	Adoption_070_Date_Of_Move_POST	Adoption Date Child Moved in Post	1646846237879	1646846238848	OK	 
REQUEST	1	Adoption_070_Date_Of_Move_POST	Adoption Date Child Moved in Post Redirect 1	1646846238850	1646846238896	OK	 
REQUEST	1	Adoption_070_Date_Of_Move_POST,Adoption_050_Adoption_Applying_With_Redirect	Adoption Applying With Redirect	1646846239020	1646846239058	OK	 
GROUP	1	Adoption_070_Date_Of_Move_POST,Adoption_050_Adoption_Applying_With_Redirect	1646846239020	1646846239109	85	OK
GROUP	1	Adoption_070_Date_Of_Move_POST	1646846237878	1646846240118	1220	OK
REQUEST	1	adoption_760_Sibling_Details	Adoption Sibling Details	1646846241119	1646846241166	OK	 
GROUP	1	adoption_760_Sibling_Details	1646846241118	1646846241340	217	OK
REQUEST	1	adoption_770_Sibling_Other?	Adoption Any Sibling?	1646846242339	1646846242680	OK	 
REQUEST	1	adoption_770_Sibling_Other?	Adoption Any Sibling? Redirect 1	1646846242682	1646846242860	OK	 
GROUP	1	adoption_770_Sibling_Other?	1646846242338	1646846243037	692	OK
REQUEST	1	adoption_780_Sibling_Court_Order_Exists?	Adoption Court Order Exists?	1646846244038	1646846244514	OK	 
REQUEST	1	adoption_780_Sibling_Court_Order_Exists?	Adoption Court Order Exists? Redirect 1	1646846244516	1646846244923	OK	 
GROUP	1	adoption_780_Sibling_Court_Order_Exists?	1646846244038	1646846245085	1041	OK
REQUEST	1	adoption_790_Sibling_Name?	Adoption Sibling Name	1646846246077	1646846246356	OK	 
REQUEST	1	adoption_790_Sibling_Name?	Adoption Sibling Name Redirect 1	1646846246358	1646846247073	OK	 
REQUEST	1	adoption_790_Sibling_Name?	Adoption Sibling Name Redirect 2	1646846247075	1646846247663	OK	 
GROUP	1	adoption_790_Sibling_Name?	1646846246076	1646846247714	1629	OK
REQUEST	1	adoption_800_Sibling_Order_Type	Adoption Order Type?	1646846248716	1646846248954	OK	 
REQUEST	1	adoption_800_Sibling_Order_Type	Adoption Order Type? Redirect 1	1646846248955	1646846249205	OK	 
GROUP	1	adoption_800_Sibling_Order_Type	1646846248715	1646846249251	530	OK
REQUEST	1	adoption_810_Sibling_Order_Number	Adoption Order Number	1646846250256	1646846250609	OK	 
REQUEST	1	adoption_810_Sibling_Order_Number	Adoption Order Number Redirect 1	1646846250611	1646846250649	OK	 
GROUP	1	adoption_810_Sibling_Order_Number	1646846250255	1646846250719	458	OK
REQUEST	1	adoption_820_Sibling_New_Order?	Adoption Add New Order?	1646846251729	1646846251886	OK	 
REQUEST	1	adoption_820_Sibling_New_Order?	Adoption Add New Order? Redirect 1	1646846251888	1646846255374	OK	 
GROUP	1	adoption_820_Sibling_New_Order?	1646846251728	1646846255509	3773	OK
REQUEST	1	adoption_830_Sibling_Select	Adoption Select Sibling	1646846256508	1646846256980	OK	 
REQUEST	1	adoption_830_Sibling_Select	Adoption Select Sibling Redirect 1	1646846256981	1646846257415	OK	 
REQUEST	1	adoption_830_Sibling_Select	Adoption Select Sibling Redirect 2	1646846257416	1646846257624	OK	 
GROUP	1	adoption_830_Sibling_Select	1646846256508	1646846257665	1152	OK
REQUEST	1	adoption_840_Sibling_Select	Adoption Order Type	1646846258658	1646846258832	OK	 
REQUEST	1	adoption_840_Sibling_Select	Adoption Order Type Redirect 1	1646846258834	1646846259035	OK	 
GROUP	1	adoption_840_Sibling_Select	1646846258657	1646846259081	418	OK
REQUEST	1	adoption_850_Sibling_Select	Adoption Order Number	1646846260087	1646846260480	OK	 
REQUEST	1	adoption_850_Sibling_Select	Adoption Order Number Redirect 1	1646846260482	1646846260518	OK	 
GROUP	1	adoption_850_Sibling_Select	1646846260086	1646846260710	618	OK
REQUEST	1	adoption_850_Sibling_Select	Adoption Order Number	1646846261708	1646846261751	OK	 
REQUEST	1	adoption_850_Sibling_Select	Adoption Order Number Redirect 1	1646846261753	1646846261815	KO	substring(Orders already in place for siblings and half-siblings).find.exists, found nothing
GROUP	1	adoption_850_Sibling_Select	1646846261707	1646846261822	105	KO
USER	LAU Simulation	1	END	1646846220409	1646846261828
