RUN	simulations.mainSimulation	mainsimulation	1646842110484	 	3.3.1
USER	LAU Simulation	1	START	1646842111159	1646842111159
REQUEST	1	adoption_010_Homepage	Adoption Homepage	1646842111191	1646842111280	OK	 
REQUEST	1	adoption_010_Homepage	Adoption Homepage Redirect 1	1646842111306	1646842111332	OK	 
REQUEST	1	adoption_010_Homepage	Adoption Homepage Redirect 2	1646842111334	1646842111430	OK	 
GROUP	1	adoption_010_Homepage	1646842111169	1646842112041	722	OK
REQUEST	1	Adoption_020_Login	Adoption Login	1646842113067	1646842113422	OK	 
REQUEST	1	Adoption_020_Login	Adoption Login Redirect 1	1646842113427	1646842113849	OK	 
REQUEST	1	Adoption_020_Login	Adoption Login Redirect 2	1646842113851	1646842114288	OK	 
REQUEST	1	Adoption_020_Login	Adoption Login Redirect 3	1646842114290	1646842114377	OK	 
GROUP	1	Adoption_020_Login	1646842113063	1646842116370	3282	OK
REQUEST	1	Adoption_030_Apply_With	Adoption Applying With	1646842117363	1646842117442	OK	 
GROUP	1	Adoption_030_Apply_With	1646842117362	1646842117499	127	OK
REQUEST	1	Adoption_040_Adoption_Applying_Post	Adoption Applying Post	1646842118505	1646842119112	OK	 
REQUEST	1	Adoption_040_Adoption_Applying_Post	Adoption Applying Post Redirect 1	1646842119115	1646842119161	OK	 
GROUP	1	Adoption_040_Adoption_Applying_Post	1646842118503	1646842119258	745	OK
REQUEST	1	Adoption_050_Adoption_Applying_With_Redirect	Adoption Applying With Redirect	1646842120262	1646842120298	OK	 
GROUP	1	Adoption_050_Adoption_Applying_With_Redirect	1646842120261	1646842120347	80	OK
REQUEST	1	Adoption_060_Date_Of_Move	Adoption Date Child Moved in 	1646842121353	1646842121395	OK	 
GROUP	1	Adoption_060_Date_Of_Move	1646842121353	1646842121450	93	OK
REQUEST	1	Adoption_070_Date_Of_Move_POST	Adoption Date Child Moved in Post	1646842122442	1646842122978	OK	 
REQUEST	1	Adoption_070_Date_Of_Move_POST	Adoption Date Child Moved in Post Redirect 1	1646842122980	1646842123019	OK	 
REQUEST	1	Adoption_070_Date_Of_Move_POST,Adoption_050_Adoption_Applying_With_Redirect	Adoption Applying With Redirect	1646842123258	1646842123295	OK	 
GROUP	1	Adoption_070_Date_Of_Move_POST,Adoption_050_Adoption_Applying_With_Redirect	1646842123257	1646842123434	171	OK
GROUP	1	Adoption_070_Date_Of_Move_POST	1646842122441	1646842124442	979	OK
REQUEST	1	adoption_760_Sibling_Details	Adoption Sibling Details	1646842125444	1646842125480	OK	 
GROUP	1	adoption_760_Sibling_Details	1646842125443	1646842125538	89	OK
REQUEST	1	adoption_770_Sibling_Other?	Adoption Any Sibling?	1646842126533	1646842126775	OK	 
REQUEST	1	adoption_770_Sibling_Other?	Adoption Any Sibling? Redirect 1	1646842126783	1646842126846	OK	 
GROUP	1	adoption_770_Sibling_Other?	1646842126532	1646842127376	831	OK
REQUEST	1	adoption_780_Sibling_Court_Order_Exists?	Adoption Court Order Exists?	1646842128383	1646842128644	OK	 
REQUEST	1	adoption_780_Sibling_Court_Order_Exists?	Adoption Court Order Exists? Redirect 1	1646842128646	1646842128846	OK	 
GROUP	1	adoption_780_Sibling_Court_Order_Exists?	1646842128382	1646842129506	1118	OK
REQUEST	1	adoption_790_Sibling_Name?	Adoption Sibling Name	1646842130503	1646842130753	OK	 
REQUEST	1	adoption_790_Sibling_Name?	Adoption Sibling Name Redirect 1	1646842130755	1646842131125	OK	 
REQUEST	1	adoption_790_Sibling_Name?	Adoption Sibling Name Redirect 2	1646842131126	1646842131337	OK	 
GROUP	1	adoption_790_Sibling_Name?	1646842130503	1646842131379	870	OK
REQUEST	1	adoption_800_Sibling_Order_Type	Adoption Order Type?	1646842132374	1646842132733	OK	 
REQUEST	1	adoption_800_Sibling_Order_Type	Adoption Order Type? Redirect 1	1646842132735	1646842133177	OK	 
GROUP	1	adoption_800_Sibling_Order_Type	1646842132373	1646842133368	989	OK
REQUEST	1	adoption_810_Sibling_Order_Number	Adoption Order Number	1646842134373	1646842134740	OK	 
REQUEST	1	adoption_810_Sibling_Order_Number	Adoption Order Number Redirect 1	1646842134742	1646842134788	OK	 
GROUP	1	adoption_810_Sibling_Order_Number	1646842134373	1646842134872	494	OK
REQUEST	1	adoption_820_Sibling_New_Order?	Adoption Add New Order?	1646842135882	1646842136044	OK	 
REQUEST	1	adoption_820_Sibling_New_Order?	Adoption Add New Order? Redirect 1	1646842136046	1646842136085	OK	 
GROUP	1	adoption_820_Sibling_New_Order?	1646842135882	1646842136375	487	OK
REQUEST	1	adoption_830_Sibling_Select	Adoption Select Sibling	1646842137373	1646842137562	OK	 
REQUEST	1	adoption_830_Sibling_Select	Adoption Select Sibling Redirect 1	1646842137563	1646842137717	OK	 
REQUEST	1	adoption_830_Sibling_Select	Adoption Select Sibling Redirect 2	1646842137718	1646842137931	OK	 
GROUP	1	adoption_830_Sibling_Select	1646842137373	1646842137976	598	OK
REQUEST	1	adoption_840_Sibling_Select	Adoption Order Type	1646842138973	1646842139176	OK	 
REQUEST	1	adoption_840_Sibling_Select	Adoption Order Type Redirect 1	1646842139178	1646842139394	OK	 
GROUP	1	adoption_840_Sibling_Select	1646842138973	1646842139461	483	OK
REQUEST	1	adoption_850_Sibling_Select	Adoption Order Number	1646842140453	1646842140695	OK	 
REQUEST	1	adoption_850_Sibling_Select	Adoption Order Number Redirect 1	1646842140696	1646842140732	OK	 
GROUP	1	adoption_850_Sibling_Select	1646842140452	1646842140875	417	OK
REQUEST	1	adoption_860_Sibling_Select	Adoption Order Number	1646842141881	1646842142190	OK	 
REQUEST	1	adoption_860_Sibling_Select	Adoption Order Number Redirect 1	1646842142191	1646842142513	OK	 
GROUP	1	adoption_860_Sibling_Select	1646842141881	1646842142887	1002	OK
USER	LAU Simulation	1	END	1646842111159	1646842143886
