RUN	simulations.mainSimulation	mainsimulation	1647519379514	 	3.3.1
USER	LAU Simulation	1	START	1647519380128	1647519380128
REQUEST	1	AD_010_Homepage	Adoption Homepage	1647519380154	1647519380257	OK	 
REQUEST	1	AD_010_Homepage	Adoption Homepage Redirect 1	1647519380279	1647519380304	OK	 
REQUEST	1	AD_010_Homepage	Adoption Homepage Redirect 2	1647519380306	1647519380400	OK	 
GROUP	1	AD_010_Homepage	1647519380136	1647519380620	357	OK
REQUEST	1	AD_020_Login	Adoption Login	1647519381637	1647519382509	OK	 
REQUEST	1	AD_020_Login	Adoption Login Redirect 1	1647519382513	1647519383020	OK	 
REQUEST	1	AD_020_Login	Adoption Login Redirect 2	1647519383022	1647519391596	OK	 
REQUEST	1	AD_020_Login	Adoption Login Redirect 3	1647519391598	1647519391643	OK	 
GROUP	1	AD_020_Login	1647519381633	1647519391742	10088	OK
REQUEST	1	AD_030_Apply_With	Adoption Applying With	1647519392745	1647519392795	OK	 
GROUP	1	AD_030_Apply_With	1647519392744	1647519392847	97	OK
REQUEST	1	AD_040_Applying_Post	Adoption Applying Post	1647519393857	1647519397152	OK	 
REQUEST	1	AD_040_Applying_Post	Adoption Applying Post Redirect 1	1647519397154	1647519397192	OK	 
GROUP	1	AD_040_Applying_Post	1647519393855	1647519397244	3380	OK
REQUEST	1	AD_050_Applying_With_Redirect	Adoption Applying With Redirect	1647519398246	1647519398291	OK	 
GROUP	1	AD_050_Applying_With_Redirect	1647519398245	1647519398354	103	OK
REQUEST	1	AD_060_Date_Of_Move	Adoption Date Child Moved in 	1647519399346	1647519399401	OK	 
GROUP	1	AD_060_Date_Of_Move	1647519399345	1647519399447	97	OK
REQUEST	1	AD_070_Date_Of_Move_POST	Adoption Date Child Moved in Post	1647519400454	1647519402886	OK	 
REQUEST	1	AD_070_Date_Of_Move_POST	Adoption Date Child Moved in Post Redirect 1	1647519402888	1647519402927	OK	 
GROUP	1	AD_070_Date_Of_Move_POST	1647519400454	1647519402975	2515	OK
REQUEST	1	AD_710_Agency	Adoption Agency	1647519402975	1647519405591	OK	 
REQUEST	1	AD_710_Agency	Adoption Agency Redirect 1	1647519405592	1647519407392	OK	 
GROUP	1	AD_710_Agency	1647519402975	1647519407446	4466	OK
REQUEST	1	AD_720_Agency_Details	Adoption Agency Details	1647519408455	1647519411541	OK	 
REQUEST	1	AD_720_Agency_Details	Adoption Agency Details Redirect 1	1647519411542	1647519411579	OK	 
GROUP	1	AD_720_Agency_Details	1647519408455	1647519411633	3174	OK
REQUEST	1	AD_730_Other_Agency	Adoption Other Agency?	1647519412626	1647519414252	OK	 
REQUEST	1	AD_730_Other_Agency	Adoption Other Agency? Redirect 1	1647519414254	1647519414661	OK	 
REQUEST	1	AD_730_Other_Agency	Adoption Other Agency? Redirect 2	1647519414663	1647519415792	OK	 
GROUP	1	AD_730_Other_Agency	1647519412625	1647519415852	3219	OK
REQUEST	1	AD_740_Other_Agency_Details	Adoption Other Agency Details	1647519416856	1647519417836	OK	 
REQUEST	1	AD_740_Other_Agency_Details	Adoption Other Agency Details Redirect 1	1647519417838	1647519417882	OK	 
GROUP	1	AD_740_Other_Agency_Details	1647519416855	1647519417936	1074	OK
REQUEST	1	AD_750_Social_Worker_Details	Adoption Social Worker Details	1647519418937	1647519419474	OK	 
REQUEST	1	AD_750_Social_Worker_Details	Adoption Social Worker Details Redirect 1	1647519419476	1647519419518	OK	 
GROUP	1	AD_750_Social_Worker_Details	1647519418936	1647519419565	622	OK
REQUEST	1	AD_080_Your_Details	Adoption Your Personal Details 	1647519420566	1647519420611	OK	 
GROUP	1	AD_080_Your_Details	1647519420565	1647519420662	92	OK
REQUEST	1	AD_090_Your_Details_POST	Adoption Your Personal Details Post	1647519421654	1647519421850	OK	 
REQUEST	1	AD_090_Your_Details_POST	Adoption Your Personal Details Post Redirect 1	1647519421852	1647519421912	OK	 
GROUP	1	AD_090_Your_Details_POST	1647519421653	1647519421966	306	OK
REQUEST	1	AD_100_Your_Details_Other_Name	Adoption Your Personal Details Other Name	1647519422976	1647519423167	OK	 
REQUEST	1	AD_100_Your_Details_Other_Name	Adoption Your Personal Details Other Name Redirect 1	1647519423168	1647519423209	OK	 
GROUP	1	AD_100_Your_Details_Other_Name	1647519422975	1647519423257	277	OK
REQUEST	1	AD_110_Your_Details_DoB	Adoption Your Personal Details DoB	1647519424256	1647519424299	OK	 
GROUP	1	AD_110_Your_Details_DoB	1647519424255	1647519424345	86	OK
REQUEST	1	AD_120_Your_Details_DoB_POST	Adoption Your Personal Details DoB POST	1647519425354	1647519426335	OK	 
REQUEST	1	AD_120_Your_Details_DoB_POST	Adoption Your Personal Details DoB POST Redirect 1	1647519426336	1647519426376	OK	 
GROUP	1	AD_120_Your_Details_DoB_POST	1647519425354	1647519426431	1073	OK
REQUEST	1	AD_130_Your_Details_Occupation	Adoption Your Personal Details Occupation	1647519427424	1647519427660	OK	 
REQUEST	1	AD_130_Your_Details_Occupation	Adoption Your Personal Details Occupation Redirect 1	1647519427661	1647519427702	OK	 
GROUP	1	AD_130_Your_Details_Occupation	1647519427424	1647519427745	317	OK
REQUEST	1	AD_140_Your_Contact	Adoption Your Contact Details LookUp	1647519428743	1647519428791	OK	 
GROUP	1	AD_140_Your_Contact	1647519428743	1647519428838	92	OK
REQUEST	1	AD_150_Your_Contact_Manual	Adoption Your Contact Details Manual	1647519429843	1647519429892	OK	 
GROUP	1	AD_150_Your_Contact_Manual	1647519429843	1647519429943	98	OK
REQUEST	1	AD_160_Your_Contact_POST	Adoption Your Contact Details Manual POST	1647519430946	1647519431455	OK	 
REQUEST	1	AD_160_Your_Contact_POST	Adoption Your Contact Details Manual POST Redirect 1	1647519431456	1647519431501	OK	 
GROUP	1	AD_160_Your_Contact_POST	1647519430945	1647519431545	595	OK
REQUEST	1	AD_170_Your_Contact_POST	Adoption Your Contact Details POST	1647519432546	1647519434202	OK	 
REQUEST	1	AD_170_Your_Contact_POST	Adoption Your Contact Details POST Redirect 1	1647519434204	1647519434253	OK	 
GROUP	1	AD_170_Your_Contact_POST	1647519432545	1647519434304	1754	OK
REQUEST	1	AD_180_Second_Person	Adoption Second Personal Details	1647519435306	1647519435380	OK	 
GROUP	1	AD_180_Second_Person	1647519435305	1647519435437	128	OK
REQUEST	1	AD_190_Second_PersonPOST	Adoption Second Personal Details POST	1647519436434	1647519436651	OK	 
REQUEST	1	AD_190_Second_PersonPOST	Adoption Second Personal Details POST Redirect 1	1647519436652	1647519436695	OK	 
GROUP	1	AD_190_Second_PersonPOST	1647519436434	1647519436743	305	OK
REQUEST	1	AD_200_Second_Other_Name	Adoption Second Other Name	1647519437746	1647519437963	OK	 
REQUEST	1	AD_200_Second_Other_Name	Adoption Second Other Name Redirect 1	1647519437965	1647519438136	OK	 
GROUP	1	AD_200_Second_Other_Name	1647519437745	1647519438183	432	OK
REQUEST	1	AD_210_Second_Other_Name_Redirect	Adoption Second Other Name Redirect	1647519439186	1647519440363	OK	 
REQUEST	1	AD_210_Second_Other_Name_Redirect	Adoption Second Other Name Redirect Redirect 1	1647519440365	1647519440409	OK	 
GROUP	1	AD_210_Second_Other_Name_Redirect	1647519439185	1647519440465	1274	OK
REQUEST	1	AD_220_Second_DoB	Adoption Second DoB	1647519441465	1647519442557	OK	 
REQUEST	1	AD_220_Second_DoB	Adoption Second DoB Redirect 1	1647519442559	1647519442618	OK	 
GROUP	1	AD_220_Second_DoB	1647519441464	1647519442677	1208	OK
REQUEST	1	AD_230_Second_Occupation	Adoption Second Occupation	1647519443674	1647519443884	OK	 
REQUEST	1	AD_230_Second_Occupation	Adoption Second Occupation Redirect 1	1647519443886	1647519443932	OK	 
GROUP	1	AD_230_Second_Occupation	1647519443673	1647519443977	298	OK
REQUEST	1	AD_240_Second_Contact_Same	Adoption Second Contact Details Same-Address	1647519444976	1647519445019	OK	 
GROUP	1	AD_240_Second_Contact_Same	1647519444975	1647519445065	86	OK
REQUEST	1	AD_250_Second_Contact_Same_POST	Adoption Second Contact Details Same-Address POST	1647519446063	1647519447121	OK	 
REQUEST	1	AD_250_Second_Contact_Same_POST	Adoption Second Contact Details Same-Address POST Redirect 1	1647519447123	1647519447160	OK	 
GROUP	1	AD_250_Second_Contact_Same_POST	1647519446063	1647519447230	1162	OK
REQUEST	1	AD_260_Second_Contact_Manual_Redirect	Adoption Second Contact Details manual redirect	1647519448234	1647519448288	OK	 
GROUP	1	AD_260_Second_Contact_Manual_Redirect	1647519448234	1647519448339	102	OK
REQUEST	1	AD_270_Second_Contact_Manual_POST	Adoption Second Contact Details manual POST	1647519449335	1647519449785	OK	 
REQUEST	1	AD_270_Second_Contact_Manual_POST	Adoption Second Contact Details manual POST Redirect 1	1647519449786	1647519449875	OK	 
GROUP	1	AD_270_Second_Contact_Manual_POST	1647519449335	1647519449918	579	OK
REQUEST	1	AD_280_Second_Contact_POST	Adoption Second Contact Details POST	1647519450925	1647519451113	OK	 
REQUEST	1	AD_280_Second_Contact_POST	Adoption Second Contact Details POST Redirect 1	1647519451114	1647519451152	OK	 
GROUP	1	AD_280_Second_Contact_POST	1647519450925	1647519451193	265	OK
REQUEST	1	AD_290_Birth_Certificate	Adoption Birth Certificate Details	1647519452194	1647519452249	OK	 
GROUP	1	AD_290_Birth_Certificate	1647519452193	1647519452305	108	OK
REQUEST	1	AD_300_Birth_Name	Adoption Birth Certificate Name	1647519453306	1647519454257	OK	 
REQUEST	1	AD_300_Birth_Name	Adoption Birth Certificate Name Redirect 1	1647519454258	1647519454299	OK	 
GROUP	1	AD_300_Birth_Name	1647519453305	1647519454349	1040	OK
REQUEST	1	AD_320_Birth_DoB	Adoption Birth Certificate DoB	1647519455346	1647519455621	OK	 
REQUEST	1	AD_320_Birth_DoB	Adoption Birth Certificate DoB Redirect 1	1647519455622	1647519455663	OK	 
GROUP	1	AD_320_Birth_DoB	1647519455346	1647519455708	358	OK
REQUEST	1	AD_330_Birth_Sex	Adoption Birth Certificate Sex	1647519456705	1647519456919	OK	 
REQUEST	1	AD_330_Birth_Sex	Adoption Birth Certificate Sex Redirect 1	1647519456920	1647519456975	OK	 
GROUP	1	AD_330_Birth_Sex	1647519456705	1647519457017	309	OK
REQUEST	1	AD_340_Birth_Nationality_Add	Adoption Birth Certificate Nationality Add	1647519458026	1647519458488	OK	 
REQUEST	1	AD_340_Birth_Nationality_Add	Adoption Birth Certificate Nationality Add Redirect 1	1647519458489	1647519458532	OK	 
GROUP	1	AD_340_Birth_Nationality_Add	1647519458025	1647519458579	549	OK
REQUEST	1	AD_350_Birth_Nationality_POST	Adoption Birth Certificate Nationality POST	1647519459576	1647519460504	OK	 
REQUEST	1	AD_350_Birth_Nationality_POST	Adoption Birth Certificate Nationality POST Redirect 1	1647519460505	1647519460541	OK	 
GROUP	1	AD_350_Birth_Nationality_POST	1647519459575	1647519460592	1013	OK
REQUEST	1	AD_360_Certificate_Details	Adoption Certificate Details	1647519461585	1647519461626	OK	 
GROUP	1	AD_360_Certificate_Details	1647519461584	1647519461673	85	OK
REQUEST	1	AD_370_Certificate_Name	Adoption Certificate Details Name	1647519462675	1647519465819	OK	 
REQUEST	1	AD_370_Certificate_Name	Adoption Certificate Details Name Redirect 1	1647519465820	1647519465859	OK	 
GROUP	1	AD_370_Certificate_Name	1647519462674	1647519465901	3223	OK
REQUEST	1	AD_380_Placement_Order	Adoption Placement Order Details	1647519466906	1647519467193	OK	 
GROUP	1	AD_380_Placement_Order	1647519466905	1647519467244	335	OK
REQUEST	1	AD_390_Placement_Number	Adoption Placement Order Number	1647519468256	1647519468692	OK	 
REQUEST	1	AD_390_Placement_Number	Adoption Placement Order Number Redirect 1	1647519468693	1647519468931	OK	 
GROUP	1	AD_390_Placement_Number	1647519468255	1647519468973	713	OK
REQUEST	1	AD_400_Placement_Court	Adoption Placement Court	1647519469976	1647519470174	OK	 
REQUEST	1	AD_400_Placement_Court	Adoption Placement Court Redirect 1	1647519470175	1647519470470	OK	 
GROUP	1	AD_400_Placement_Court	1647519469975	1647519470530	550	OK
REQUEST	1	AD_410_Placement_Date	Adoption Placement Date	1647519471516	1647519471735	OK	 
REQUEST	1	AD_410_Placement_Date	Adoption Placement Date Redirect 1	1647519471736	1647519471925	OK	 
GROUP	1	AD_410_Placement_Date	1647519471515	1647519471971	451	OK
REQUEST	1	AD_420_Placement_Summary	Adoption Placement Summary	1647519472974	1647519473167	OK	 
REQUEST	1	AD_420_Placement_Summary	Adoption Placement Summary Redirect 1	1647519473169	1647519473541	OK	 
REQUEST	1	AD_420_Placement_Summary	Adoption Placement Summary Redirect 2	1647519473542	1647519473762	OK	 
GROUP	1	AD_420_Placement_Summary	1647519472974	1647519473818	838	OK
REQUEST	1	AD_430_Placement_Type_2	Adoption Placement Type 2	1647519474826	1647519475034	OK	 
REQUEST	1	AD_430_Placement_Type_2	Adoption Placement Type 2 Redirect 1	1647519475035	1647519475384	OK	 
GROUP	1	AD_430_Placement_Type_2	1647519474826	1647519475432	602	OK
REQUEST	1	AD_440_Placement_Number_2	Adoption Placement Order Number 2	1647519476424	1647519476627	OK	 
REQUEST	1	AD_440_Placement_Number_2	Adoption Placement Order Number 2 Redirect 1	1647519476629	1647519477021	OK	 
GROUP	1	AD_440_Placement_Number_2	1647519476424	1647519477081	653	OK
REQUEST	1	AD_450_Placement_Court_2	Adoption Placement Court 2	1647519478085	1647519478264	OK	 
REQUEST	1	AD_450_Placement_Court_2	Adoption Placement Court 2 Redirect 1	1647519478265	1647519478461	OK	 
GROUP	1	AD_450_Placement_Court_2	1647519478084	1647519478504	415	OK
REQUEST	1	AD_460_Placement_Date_2	Adoption Placement Date 2	1647519479506	1647519479889	OK	 
REQUEST	1	AD_460_Placement_Date_2	Adoption Placement Date 2 Redirect 1	1647519479891	1647519480081	OK	 
GROUP	1	AD_460_Placement_Date_2	1647519479506	1647519480134	623	OK
REQUEST	1	AD_470_Placement_Summary_2	Adoption Placement Summary 2	1647519481135	1647519481319	OK	 
REQUEST	1	AD_470_Placement_Summary_2	Adoption Placement Summary 2 Redirect 1	1647519481320	1647519481374	OK	 
GROUP	1	AD_470_Placement_Summary_2	1647519481134	1647519481424	285	OK
REQUEST	1	AD_480_Birth_Mother	Adoption Mother's Details	1647519482424	1647519482480	OK	 
GROUP	1	AD_480_Birth_Mother	1647519482424	1647519482563	136	OK
REQUEST	1	AD_490_Mother_Name	Adoption Mother's Name	1647519483554	1647519483751	OK	 
REQUEST	1	AD_490_Mother_Name	Adoption Mother's Name Redirect 1	1647519483752	1647519483789	OK	 
GROUP	1	AD_490_Mother_Name	1647519483554	1647519483834	276	OK
REQUEST	1	AD_495_Mother_Alive_Redirect	Adoption Mother's Details	1647519484846	1647519484895	OK	 
GROUP	1	AD_495_Mother_Alive_Redirect	1647519484845	1647519484946	97	OK
REQUEST	1	AD_500_Mother_Alive	Adoption Mother Still Alive?	1647519485945	1647519486135	OK	 
REQUEST	1	AD_500_Mother_Alive	Adoption Mother Still Alive? Redirect 1	1647519486136	1647519486178	OK	 
GROUP	1	AD_500_Mother_Alive	1647519485944	1647519486223	274	OK
REQUEST	1	AD_510_Mother_Nationality_Add	Adoption Mother's Nationality Add	1647519487215	1647519487423	OK	 
REQUEST	1	AD_510_Mother_Nationality_Add	Adoption Mother's Nationality Add Redirect 1	1647519487424	1647519487464	OK	 
GROUP	1	AD_510_Mother_Nationality_Add	1647519487215	1647519487513	294	OK
REQUEST	1	AD_520_Mother_Nationality_POST	Adoption Mother's Nationality	1647519488515	1647519488725	OK	 
REQUEST	1	AD_520_Mother_Nationality_POST	Adoption Mother's Nationality Redirect 1	1647519488726	1647519488774	OK	 
GROUP	1	AD_520_Mother_Nationality_POST	1647519488514	1647519488822	303	OK
REQUEST	1	AD_530_Mother_Occupation	Adoption Mother's Occupation	1647519489824	1647519489995	OK	 
REQUEST	1	AD_530_Mother_Occupation	Adoption Mother's Occupation Redirect 1	1647519489996	1647519490035	OK	 
GROUP	1	AD_530_Mother_Occupation	1647519489824	1647519490098	271	OK
REQUEST	1	AD_535_Mother_Occupation_Redirect	Adoption Mother's Details Redirect	1647519491104	1647519491156	OK	 
GROUP	1	AD_535_Mother_Occupation_Redirect	1647519491104	1647519491208	102	OK
REQUEST	1	AD_540_Mother_Occupation	Adoption Mother's Address Known	1647519492204	1647519492428	OK	 
REQUEST	1	AD_540_Mother_Occupation	Adoption Mother's Address Known Redirect 1	1647519492430	1647519492485	OK	 
GROUP	1	AD_540_Mother_Occupation	1647519492203	1647519492539	329	OK
REQUEST	1	AD_550_Mother_Address_Manual	Adoption Mother's Address Manual	1647519493544	1647519493605	OK	 
GROUP	1	AD_550_Mother_Address_Manual	1647519493543	1647519493658	111	OK
REQUEST	1	AD_560_Mother_Address_POST	Adoption Mother's Address	1647519494654	1647519494942	OK	 
REQUEST	1	AD_560_Mother_Address_POST	Adoption Mother's Address Redirect 1	1647519494943	1647519494985	OK	 
GROUP	1	AD_560_Mother_Address_POST	1647519494653	1647519495035	377	OK
REQUEST	1	AD_570_Father_Details	Adoption Father's Details	1647519496044	1647519496090	OK	 
GROUP	1	AD_570_Father_Details	1647519496044	1647519496143	95	OK
REQUEST	1	AD_580_Father_Details_POST	Adoption Father's Details On Certificate	1647519497135	1647519497604	OK	 
REQUEST	1	AD_580_Father_Details_POST	Adoption Father's Details On Certificate Redirect 1	1647519497606	1647519497661	OK	 
GROUP	1	AD_580_Father_Details_POST	1647519497135	1647519497710	570	OK
REQUEST	1	AD_590_Father_Name	Adoption Father's Name	1647519498716	1647519499038	OK	 
REQUEST	1	AD_590_Father_Name	Adoption Father's Name Redirect 1	1647519499039	1647519499080	OK	 
GROUP	1	AD_590_Father_Name	1647519498715	1647519499125	405	OK
REQUEST	1	AD_600_Father_Alive	Adoption Father Still alive?	1647519500126	1647519500471	OK	 
REQUEST	1	AD_600_Father_Alive	Adoption Father Still alive? Redirect 1	1647519500473	1647519500515	OK	 
GROUP	1	AD_600_Father_Alive	1647519500125	1647519500561	430	OK
REQUEST	1	AD_610_Father_Nationality_Add	Adoption Father add Nationality	1647519501555	1647519501802	OK	 
REQUEST	1	AD_610_Father_Nationality_Add	Adoption Father add Nationality Redirect 1	1647519501804	1647519501844	OK	 
GROUP	1	AD_610_Father_Nationality_Add	1647519501554	1647519501887	328	OK
REQUEST	1	AD_620_Father_Nationality_POST	Adoption Father's Nationality	1647519502895	1647519503236	OK	 
REQUEST	1	AD_620_Father_Nationality_POST	Adoption Father's Nationality Redirect 1	1647519503237	1647519503279	OK	 
GROUP	1	AD_620_Father_Nationality_POST	1647519502895	1647519503338	439	OK
REQUEST	1	AD_630_Father_Occupation	Adoption Father's Occupation	1647519504335	1647519504521	OK	 
REQUEST	1	AD_630_Father_Occupation	Adoption Father's Occupation Redirect 1	1647519504523	1647519504572	OK	 
GROUP	1	AD_630_Father_Occupation	1647519504335	1647519504619	279	OK
REQUEST	1	AD_640_Father_Address_Known	Adoption Father's Address Known?	1647519505616	1647519505850	OK	 
REQUEST	1	AD_640_Father_Address_Known	Adoption Father's Address Known? Redirect 1	1647519505851	1647519505897	OK	 
GROUP	1	AD_640_Father_Address_Known	1647519505616	1647519505949	329	OK
REQUEST	1	AD_641_Father_Address_Manual	Adoption Father's Address Manual	1647519506954	1647519507003	OK	 
GROUP	1	AD_641_Father_Address_Manual	1647519506953	1647519507057	100	OK
REQUEST	1	AD_642_Father_Address_POST	Adoption Father's Address	1647519508056	1647519508458	OK	 
REQUEST	1	AD_642_Father_Address_POST	Adoption Father's Address Redirect 1	1647519508459	1647519508506	OK	 
GROUP	1	AD_642_Father_Address_POST	1647519508056	1647519508551	491	OK
REQUEST	1	AD_650_Other_Parent_Exists	Adoption Other Parent	1647519509544	1647519509590	OK	 
GROUP	1	AD_650_Other_Parent_Exists	1647519509543	1647519509636	89	OK
REQUEST	1	AD_660_Other_Exists_POST	Adoption Other Parent Exists	1647519510644	1647519511122	OK	 
REQUEST	1	AD_660_Other_Exists_POST	Adoption Other Parent Exists Redirect 1	1647519511124	1647519511185	OK	 
GROUP	1	AD_660_Other_Exists_POST	1647519510643	1647519511234	585	OK
REQUEST	1	AD_670_Other_Parent_Name	Adoption Other Parent Name	1647519512236	1647519512554	OK	 
REQUEST	1	AD_670_Other_Parent_Name	Adoption Other Parent Name Redirect 1	1647519512556	1647519512613	OK	 
GROUP	1	AD_670_Other_Parent_Name	1647519512236	1647519512658	417	OK
REQUEST	1	AD_680_Other_Parent_Address_Known	Adoption Other Parent Address known?	1647519513655	1647519514062	OK	 
REQUEST	1	AD_680_Other_Parent_Address_Known	Adoption Other Parent Address known? Redirect 1	1647519514064	1647519514104	OK	 
GROUP	1	AD_680_Other_Parent_Address_Known	1647519513655	1647519514149	490	OK
REQUEST	1	AD_690_Other_Parent_Address_Manual	Adoption Other Parent Address Manual	1647519515156	1647519515205	OK	 
GROUP	1	AD_690_Other_Parent_Address_Manual	1647519515155	1647519515253	93	OK
REQUEST	1	AD_700_Other_Parent_Address_POST	Adoption Other Parent Address Manual	1647519516246	1647519516548	OK	 
REQUEST	1	AD_700_Other_Parent_Address_POST	Adoption Other Parent Address Manual Redirect 1	1647519516549	1647519516596	OK	 
GROUP	1	AD_700_Other_Parent_Address_POST	1647519516245	1647519516644	394	OK
REQUEST	1	AD_760_Sibling_Details	Adoption Sibling Details	1647519517654	1647519517704	OK	 
GROUP	1	AD_760_Sibling_Details	1647519517653	1647519517748	91	OK
REQUEST	1	AD_770_Sibling_Other	Adoption Any Sibling?	1647519518744	1647519519620	OK	 
REQUEST	1	AD_770_Sibling_Other	Adoption Any Sibling? Redirect 1	1647519519621	1647519519659	OK	 
GROUP	1	AD_770_Sibling_Other	1647519518744	1647519519703	955	OK
REQUEST	1	AD_780_Sibling_Order_Exists	Adoption Court Order Exists?	1647519520705	1647519520945	OK	 
REQUEST	1	AD_780_Sibling_Order_Exists	Adoption Court Order Exists? Redirect 1	1647519520946	1647519521477	OK	 
GROUP	1	AD_780_Sibling_Order_Exists	1647519520704	1647519521529	821	OK
REQUEST	1	AD_790_Sibling_Name	Adoption Sibling Name	1647519522525	1647519522729	OK	 
REQUEST	1	AD_790_Sibling_Name	Adoption Sibling Name Redirect 1	1647519522730	1647519522925	OK	 
REQUEST	1	AD_790_Sibling_Name	Adoption Sibling Name Redirect 2	1647519522926	1647519523204	OK	 
GROUP	1	AD_790_Sibling_Name	1647519522524	1647519523252	722	OK
REQUEST	1	AD_800_Sibling_Type	Adoption Order Type?	1647519524256	1647519524442	OK	 
REQUEST	1	AD_800_Sibling_Type	Adoption Order Type? Redirect 1	1647519524443	1647519525150	OK	 
GROUP	1	AD_800_Sibling_Type	1647519524255	1647519525193	933	OK
REQUEST	1	AD_810_Sibling_Number	Adoption Order Number	1647519526194	1647519526393	OK	 
REQUEST	1	AD_810_Sibling_Number	Adoption Order Number Redirect 1	1647519526394	1647519526438	OK	 
GROUP	1	AD_810_Sibling_Number	1647519526194	1647519526518	321	OK
REQUEST	1	AD_820_Sibling_New_Order	Adoption Add New Order?	1647519527526	1647519527914	OK	 
REQUEST	1	AD_820_Sibling_New_Order	Adoption Add New Order? Redirect 1	1647519527915	1647519527991	OK	 
GROUP	1	AD_820_Sibling_New_Order	1647519527526	1647519528052	520	OK
REQUEST	1	AD_830_Sibling_Select	Adoption Select Sibling	1647519529045	1647519530167	OK	 
REQUEST	1	AD_830_Sibling_Select	Adoption Select Sibling Redirect 1	1647519530168	1647519530577	OK	 
REQUEST	1	AD_830_Sibling_Select	Adoption Select Sibling Redirect 2	1647519530579	1647519531294	OK	 
GROUP	1	AD_830_Sibling_Select	1647519529044	1647519531340	2289	OK
REQUEST	1	AD_840_Sibling_Type_2	Adoption Order Type	1647519532344	1647519532538	OK	 
REQUEST	1	AD_840_Sibling_Type_2	Adoption Order Type Redirect 1	1647519532540	1647519533035	OK	 
GROUP	1	AD_840_Sibling_Type_2	1647519532344	1647519533081	732	OK
REQUEST	1	AD_850_Sibling_Number_2t	Adoption Order Number	1647519534074	1647519534267	OK	 
REQUEST	1	AD_850_Sibling_Number_2t	Adoption Order Number Redirect 1	1647519534268	1647519534319	OK	 
GROUP	1	AD_850_Sibling_Number_2t	1647519534074	1647519534367	289	OK
REQUEST	1	AD_855_Sibling_Remove	Adoption Remove Placement Order	1647519535373	1647519535563	OK	 
REQUEST	1	AD_855_Sibling_Remove	Adoption Remove Placement Order Redirect 1	1647519535565	1647519535618	OK	 
GROUP	1	AD_855_Sibling_Remove	1647519535373	1647519535661	283	OK
REQUEST	1	AD_860_Sibling_Summary	Adoption Order Summary	1647519536655	1647519536859	OK	 
REQUEST	1	AD_860_Sibling_Summary	Adoption Order Summary Redirect 1	1647519536861	1647519536904	OK	 
GROUP	1	AD_860_Sibling_Summary	1647519536655	1647519536955	295	OK
REQUEST	1	AD_861_Family_Court	Adoption Family Court Redirect	1647519537963	1647519538012	OK	 
GROUP	1	AD_861_Family_Court	1647519537963	1647519538059	93	OK
REQUEST	1	AD_862_Family_Court_POST	Adoption Family Court Redirect	1647519539055	1647519539229	OK	 
REQUEST	1	AD_862_Family_Court_POST	Adoption Family Court Redirect Redirect 1	1647519539230	1647519539269	OK	 
GROUP	1	AD_862_Family_Court_POST	1647519539054	1647519539335	276	OK
REQUEST	1	AD_870_Upload_Document	Adoption Birth Certificate Details	1647519540343	1647519540444	OK	 
GROUP	1	AD_870_Upload_Document	1647519540343	1647519540491	144	OK
REQUEST	1	AD_880_Upload_Document	Adoption Certificate Upload	1647519541513	1647519543889	OK	 
GROUP	1	AD_880_Upload_Document	1647519541485	1647519543936	2376	OK
REQUEST	1	AD_885_Upload_Document_POST	Adoption Certificate Upload POST	1647519544896	1647519545322	OK	 
REQUEST	1	AD_885_Upload_Document_POST	Adoption Certificate Upload POST Redirect 1	1647519545323	1647519545369	OK	 
GROUP	1	AD_885_Upload_Document_POST	1647519544895	1647519545424	524	OK
USER	LAU Simulation	1	END	1647519380128	1647519546429
