RUN	simulations.mainSimulation	mainsimulation	1646820761935	 	3.3.1
USER	LAU Simulation	1	START	1646820762448	1646820762448
REQUEST	1	adoption_010_Homepage	Adoption Homepage	1646820762472	1646820762558	OK	 
REQUEST	1	adoption_010_Homepage	Adoption Homepage Redirect 1	1646820762585	1646820762620	OK	 
REQUEST	1	adoption_010_Homepage	Adoption Homepage Redirect 2	1646820762622	1646820762677	OK	 
GROUP	1	adoption_010_Homepage	1646820762455	1646820762928	335	OK
REQUEST	1	Adoption_020_Login	Adoption Login	1646820764952	1646820765125	OK	 
REQUEST	1	Adoption_020_Login	Adoption Login Redirect 1	1646820765129	1646820765447	OK	 
REQUEST	1	Adoption_020_Login	Adoption Login Redirect 2	1646820765449	1646820766125	OK	 
REQUEST	1	Adoption_020_Login	Adoption Login Redirect 3	1646820766127	1646820766361	OK	 
GROUP	1	Adoption_020_Login	1646820764946	1646820766475	1504	OK
REQUEST	1	Adoption_030_Apply_With	Adoption Applying With	1646820768475	1646820768598	OK	 
GROUP	1	Adoption_030_Apply_With	1646820768475	1646820768689	205	OK
REQUEST	1	Adoption_040_Adoption_Applying_Post	Adoption Applying Post	1646820770697	1646820771492	OK	 
REQUEST	1	Adoption_040_Adoption_Applying_Post	Adoption Applying Post Redirect 1	1646820771494	1646820771557	OK	 
GROUP	1	Adoption_040_Adoption_Applying_Post	1646820770696	1646820771600	896	OK
REQUEST	1	Adoption_050_Adoption_Applying_With_Redirect	Adoption Applying With Redirect	1646820773598	1646820773650	OK	 
GROUP	1	Adoption_050_Adoption_Applying_With_Redirect	1646820773597	1646820773705	101	OK
REQUEST	1	adoption_570_Birth_Father_Details	Adoption Father's Details	1646820775718	1646820775758	KO	substring(Is the birth father's name on the birth certificate?).find.exists, found nothing
GROUP	1	adoption_570_Birth_Father_Details	1646820775717	1646820775766	40	KO
USER	LAU Simulation	1	END	1646820762448	1646820775775
