RUN	simulations.mainSimulation	mainsimulation	1646840003383	 	3.3.1
USER	LAU Simulation	1	START	1646840003991	1646840003991
REQUEST	1	adoption_010_Homepage	Adoption Homepage	1646840004011	1646840004085	OK	 
REQUEST	1	adoption_010_Homepage	Adoption Homepage Redirect 1	1646840004109	1646840004142	OK	 
REQUEST	1	adoption_010_Homepage	Adoption Homepage Redirect 2	1646840004144	1646840004347	OK	 
GROUP	1	adoption_010_Homepage	1646840003997	1646840005046	917	OK
REQUEST	1	Adoption_020_Login	Adoption Login	1646840006069	1646840006320	OK	 
REQUEST	1	Adoption_020_Login	Adoption Login Redirect 1	1646840006325	1646840006739	OK	 
REQUEST	1	Adoption_020_Login	Adoption Login Redirect 2	1646840006740	1646840008056	OK	 
REQUEST	1	Adoption_020_Login	Adoption Login Redirect 3	1646840008058	1646840008236	OK	 
GROUP	1	Adoption_020_Login	1646840006065	1646840015822	9735	OK
REQUEST	1	Adoption_030_Apply_With	Adoption Applying With	1646840016828	1646840016864	OK	 
GROUP	1	Adoption_030_Apply_With	1646840016826	1646840016924	89	OK
REQUEST	1	Adoption_040_Adoption_Applying_Post	Adoption Applying Post	1646840017928	1646840018250	OK	 
REQUEST	1	Adoption_040_Adoption_Applying_Post	Adoption Applying Post Redirect 1	1646840018251	1646840018291	OK	 
GROUP	1	Adoption_040_Adoption_Applying_Post	1646840017926	1646840018355	415	OK
REQUEST	1	Adoption_050_Adoption_Applying_With_Redirect	Adoption Applying With Redirect	1646840019358	1646840019403	OK	 
GROUP	1	Adoption_050_Adoption_Applying_With_Redirect	1646840019357	1646840019547	184	OK
REQUEST	1	Adoption_060_Date_Of_Move	Adoption Date Child Moved in 	1646840020547	1646840020783	OK	 
GROUP	1	Adoption_060_Date_Of_Move	1646840020546	1646840021470	918	OK
REQUEST	1	Adoption_070_Date_Of_Move_POST	Adoption Date Child Moved in Post	1646840022467	1646840022901	OK	 
REQUEST	1	Adoption_070_Date_Of_Move_POST	Adoption Date Child Moved in Post Redirect 1	1646840022902	1646840022955	OK	 
REQUEST	1	Adoption_070_Date_Of_Move_POST,Adoption_050_Adoption_Applying_With_Redirect	Adoption Applying With Redirect	1646840023116	1646840023157	OK	 
GROUP	1	Adoption_070_Date_Of_Move_POST,Adoption_050_Adoption_Applying_With_Redirect	1646840023116	1646840023357	237	OK
GROUP	1	Adoption_070_Date_Of_Move_POST	1646840022466	1646840024366	882	OK
REQUEST	1	Adoption_080_Your_Details	Adoption Your Personal Details 	1646840025365	1646840025408	OK	 
GROUP	1	Adoption_080_Your_Details	1646840025364	1646840025729	360	OK
REQUEST	1	Adoption_090_Your_Details_POST	Adoption Your Personal Details Post	1646840026727	1646840027098	OK	 
REQUEST	1	Adoption_090_Your_Details_POST	Adoption Your Personal Details Post Redirect 1	1646840027100	1646840027144	OK	 
GROUP	1	Adoption_090_Your_Details_POST	1646840026726	1646840027211	479	OK
REQUEST	1	Adoption_100_Your_Details_Other_Name	Adoption Your Personal Details Other Name	1646840028207	1646840028634	OK	 
REQUEST	1	Adoption_100_Your_Details_Other_Name	Adoption Your Personal Details Other Name Redirect 1	1646840028636	1646840028689	OK	 
GROUP	1	Adoption_100_Your_Details_Other_Name	1646840028206	1646840028778	564	OK
REQUEST	1	Adoption_110_Your_Details_DoB	Adoption Your Personal Details DoB	1646840029786	1646840029839	OK	 
GROUP	1	Adoption_110_Your_Details_DoB	1646840029785	1646840029960	170	OK
REQUEST	1	Adoption_120_Your_Details_DoB_POST	Adoption Your Personal Details DoB POST	1646840030956	1646840031297	OK	 
REQUEST	1	Adoption_120_Your_Details_DoB_POST	Adoption Your Personal Details DoB POST Redirect 1	1646840031298	1646840031347	OK	 
GROUP	1	Adoption_120_Your_Details_DoB_POST	1646840030955	1646840031397	437	OK
REQUEST	1	Adoption_130_Your_Details_Occupation	Adoption Your Personal Details Occupation	1646840032406	1646840032576	OK	 
REQUEST	1	Adoption_130_Your_Details_Occupation	Adoption Your Personal Details Occupation Redirect 1	1646840032578	1646840032648	OK	 
GROUP	1	Adoption_130_Your_Details_Occupation	1646840032406	1646840032827	416	OK
REQUEST	1	Adoption_140_Your_Contact_Details	Adoption Your Contact Details LookUp	1646840033826	1646840033969	OK	 
GROUP	1	Adoption_140_Your_Contact_Details	1646840033825	1646840034147	317	OK
REQUEST	1	Adoption_150_Your_Contact_Details_Manual	Adoption Your Contact Details Manual	1646840035147	1646840035197	OK	 
GROUP	1	Adoption_150_Your_Contact_Details_Manual	1646840035146	1646840035241	92	OK
REQUEST	1	Adoption_160_Your_Contact_Details_Manual_POST	Adoption Your Contact Details Manual POST	1646840036238	1646840036811	OK	 
REQUEST	1	Adoption_160_Your_Contact_Details_Manual_POST	Adoption Your Contact Details Manual POST Redirect 1	1646840036812	1646840036859	OK	 
GROUP	1	Adoption_160_Your_Contact_Details_Manual_POST	1646840036237	1646840036905	663	OK
REQUEST	1	Adoption_170_Your_Contact_Details_POST	Adoption Your Contact Details POST	1646840037916	1646840038096	OK	 
REQUEST	1	Adoption_170_Your_Contact_Details_POST	Adoption Your Contact Details POST Redirect 1	1646840038097	1646840038165	OK	 
GROUP	1	Adoption_170_Your_Contact_Details_POST	1646840037915	1646840038214	294	OK
REQUEST	1	Adoption_180_Second_Personal_Details	Adoption Second Personal Details	1646840039205	1646840039259	OK	 
GROUP	1	Adoption_180_Second_Personal_Details	1646840039205	1646840039354	147	OK
REQUEST	1	Adoption_190_Second_Personal_Details_POST	Adoption Second Personal Details POST	1646840040365	1646840040581	OK	 
REQUEST	1	Adoption_190_Second_Personal_Details_POST	Adoption Second Personal Details POST Redirect 1	1646840040582	1646840040619	OK	 
GROUP	1	Adoption_190_Second_Personal_Details_POST	1646840040364	1646840040668	300	OK
REQUEST	1	Adoption_200_Second_Other_Name	Adoption Second Other Name	1646840041666	1646840041830	OK	 
REQUEST	1	Adoption_200_Second_Other_Name	Adoption Second Other Name Redirect 1	1646840041832	1646840041920	OK	 
GROUP	1	Adoption_200_Second_Other_Name	1646840041665	1646840042124	453	OK
REQUEST	1	Adoption_210_Second_Other_Name_Redirect	Adoption Second Other Name Redirect	1646840043117	1646840043282	OK	 
REQUEST	1	Adoption_210_Second_Other_Name_Redirect	Adoption Second Other Name Redirect Redirect 1	1646840043284	1646840043856	OK	 
GROUP	1	Adoption_210_Second_Other_Name_Redirect	1646840043116	1646840043900	778	OK
REQUEST	1	Adoption_220_Second_DoB	Adoption Second DoB	1646840044907	1646840045328	OK	 
REQUEST	1	Adoption_220_Second_DoB	Adoption Second DoB Redirect 1	1646840045329	1646840045368	OK	 
GROUP	1	Adoption_220_Second_DoB	1646840044906	1646840045570	659	OK
REQUEST	1	Adoption_230_Second_Occupation	Adoption Second Occupation	1646840046565	1646840046827	OK	 
REQUEST	1	Adoption_230_Second_Occupation	Adoption Second Occupation Redirect 1	1646840046828	1646840046977	OK	 
GROUP	1	Adoption_230_Second_Occupation	1646840046564	1646840047150	581	OK
REQUEST	1	Adoption_240_Second_Contact_Details_Same_Address	Adoption Second Contact Details Same-Address	1646840048157	1646840048215	OK	 
GROUP	1	Adoption_240_Second_Contact_Details_Same_Address	1646840048156	1646840048261	101	OK
REQUEST	1	Adoption_250_Second_Contact_Details_Same_Address_POST	Adoption Second Contact Details Same-Address POST	1646840049257	1646840049451	OK	 
REQUEST	1	Adoption_250_Second_Contact_Details_Same_Address_POST	Adoption Second Contact Details Same-Address POST Redirect 1	1646840049453	1646840049487	OK	 
GROUP	1	Adoption_250_Second_Contact_Details_Same_Address_POST	1646840049257	1646840049535	273	OK
REQUEST	1	Adoption_260_Second_Contact_Details_Manual_Redirect	Adoption Second Contact Details manual redirect	1646840050545	1646840050585	OK	 
GROUP	1	Adoption_260_Second_Contact_Details_Manual_Redirect	1646840050545	1646840050629	81	OK
REQUEST	1	Adoption_270_Second_Contact_Details_Manual_POST	Adoption Second Contact Details manual POST	1646840051627	1646840051802	OK	 
REQUEST	1	Adoption_270_Second_Contact_Details_Manual_POST	Adoption Second Contact Details manual POST Redirect 1	1646840051804	1646840051849	OK	 
GROUP	1	Adoption_270_Second_Contact_Details_Manual_POST	1646840051627	1646840051987	355	OK
REQUEST	1	Adoption_280_Second_Contact_Details__POST	Adoption Second Contact Details POST	1646840052985	1646840053176	OK	 
REQUEST	1	Adoption_280_Second_Contact_Details__POST	Adoption Second Contact Details POST Redirect 1	1646840053178	1646840053208	OK	 
GROUP	1	Adoption_280_Second_Contact_Details__POST	1646840052985	1646840053296	305	OK
REQUEST	1	adoption_290_Birth_Certificate	Adoption Birth Certificate Details	1646840054296	1646840054340	OK	 
GROUP	1	adoption_290_Birth_Certificate	1646840054295	1646840054399	99	OK
REQUEST	1	adoption_300_Birth_Certificate_Name	Adoption Birth Certificate Name	1646840055394	1646840055593	OK	 
REQUEST	1	adoption_300_Birth_Certificate_Name	Adoption Birth Certificate Name Redirect 1	1646840055594	1646840055637	OK	 
GROUP	1	adoption_300_Birth_Certificate_Name	1646840055394	1646840055692	294	OK
REQUEST	1	adoption_320_Birth_Certificate_DoB	Adoption Birth Certificate DoB	1646840056696	1646840056733	OK	 
REQUEST	1	adoption_320_Birth_Certificate_DoB	Adoption Birth Certificate DoB Redirect 1	1646840056734	1646840056785	OK	 
GROUP	1	adoption_320_Birth_Certificate_DoB	1646840056696	1646840056835	135	OK
REQUEST	1	adoption_325_Birth_Certificate_DoB_Redirect	Adoption Birth Certificate Details Redirect	1646840057837	1646840058055	OK	 
GROUP	1	adoption_325_Birth_Certificate_DoB_Redirect	1646840057836	1646840058095	255	OK
REQUEST	1	adoption_330_Birth_Certificate_Sex	Adoption Birth Certificate Sex	1646840058095	1646840058550	OK	 
REQUEST	1	adoption_330_Birth_Certificate_Sex	Adoption Birth Certificate Sex Redirect 1	1646840058551	1646840058659	OK	 
GROUP	1	adoption_330_Birth_Certificate_Sex	1646840058095	1646840058699	600	OK
REQUEST	1	adoption_335_Birth_Certificate_Sex_Redirect	Adoption Birth Certificate Sex Redirect	1646840059696	1646840059977	OK	 
GROUP	1	adoption_335_Birth_Certificate_Sex_Redirect	1646840059695	1646840060019	320	OK
REQUEST	1	adoption_340_Birth_Certificate_Nationality_Add	Adoption Birth Certificate Nationality Add	1646840060020	1646840060330	OK	 
REQUEST	1	adoption_340_Birth_Certificate_Nationality_Add	Adoption Birth Certificate Nationality Add Redirect 1	1646840060331	1646840060481	OK	 
GROUP	1	adoption_340_Birth_Certificate_Nationality_Add	1646840060020	1646840060529	505	OK
REQUEST	1	adoption_350_Birth_Certificate_Nationality_POST	Adoption Birth Certificate Nationality POST	1646840061536	1646840061732	OK	 
REQUEST	1	adoption_350_Birth_Certificate_Nationality_POST	Adoption Birth Certificate Nationality POST Redirect 1	1646840061734	1646840061778	OK	 
GROUP	1	adoption_350_Birth_Certificate_Nationality_POST	1646840061536	1646840061834	293	OK
REQUEST	1	adoption_360_Certificate_Details	Adoption Certificate Details	1646840062835	1646840062882	OK	 
GROUP	1	adoption_360_Certificate_Details	1646840062835	1646840062920	83	OK
REQUEST	1	adoption_370_Certificate_Details_Name	Adoption Certificate Details Name	1646840063917	1646840064269	OK	 
REQUEST	1	adoption_370_Certificate_Details_Name	Adoption Certificate Details Name Redirect 1	1646840064270	1646840064315	OK	 
GROUP	1	adoption_370_Certificate_Details_Name	1646840063916	1646840065414	502	OK
REQUEST	1	adoption_380_Placement_Order	Adoption Placement Order Details	1646840065415	1646840065585	OK	 
GROUP	1	adoption_380_Placement_Order	1646840065414	1646840065630	212	OK
REQUEST	1	adoption_390_Certificate_Placement_Order_Number	Adoption Placement Order Number	1646840066634	1646840067034	OK	 
REQUEST	1	adoption_390_Certificate_Placement_Order_Number	Adoption Placement Order Number Redirect 1	1646840067035	1646840067214	OK	 
GROUP	1	adoption_390_Certificate_Placement_Order_Number	1646840066634	1646840067368	730	OK
REQUEST	1	adoption_400_Certificate_Placement_Court	Adoption Placement Court	1646840068375	1646840068547	OK	 
REQUEST	1	adoption_400_Certificate_Placement_Court	Adoption Placement Court Redirect 1	1646840068548	1646840068705	OK	 
GROUP	1	adoption_400_Certificate_Placement_Court	1646840068375	1646840068749	370	OK
REQUEST	1	adoption_410_Certificate_Placement_Date	Adoption Placement Date	1646840069745	1646840069912	OK	 
REQUEST	1	adoption_410_Certificate_Placement_Date	Adoption Placement Date Redirect 1	1646840069913	1646840070078	OK	 
GROUP	1	adoption_410_Certificate_Placement_Date	1646840069744	1646840070129	380	OK
REQUEST	1	adoption_420_Certificate_Placement_Summary	Adoption Placement Summary	1646840071136	1646840071322	OK	 
REQUEST	1	adoption_420_Certificate_Placement_Summary	Adoption Placement Summary Redirect 1	1646840071323	1646840071570	OK	 
REQUEST	1	adoption_420_Certificate_Placement_Summary	Adoption Placement Summary Redirect 2	1646840071571	1646840071845	OK	 
GROUP	1	adoption_420_Certificate_Placement_Summary	1646840071135	1646840071991	850	OK
REQUEST	1	adoption_430_Certificate_Placement_Type_2	Adoption Placement Type 2	1646840072987	1646840073338	OK	 
REQUEST	1	adoption_430_Certificate_Placement_Type_2	Adoption Placement Type 2 Redirect 1	1646840073339	1646840073540	OK	 
GROUP	1	adoption_430_Certificate_Placement_Type_2	1646840072986	1646840073595	604	OK
REQUEST	1	adoption_440_Certificate_Placement_Order_Number_2	Adoption Placement Order Number 2	1646840074606	1646840074775	OK	 
REQUEST	1	adoption_440_Certificate_Placement_Order_Number_2	Adoption Placement Order Number 2 Redirect 1	1646840074776	1646840075135	OK	 
GROUP	1	adoption_440_Certificate_Placement_Order_Number_2	1646840074605	1646840075304	694	OK
REQUEST	1	adoption_450_Certificate_Placement_Court_2	Adoption Placement Court 2	1646840076297	1646840076673	OK	 
REQUEST	1	adoption_450_Certificate_Placement_Court_2	Adoption Placement Court 2 Redirect 1	1646840076674	1646840077015	OK	 
GROUP	1	adoption_450_Certificate_Placement_Court_2	1646840076296	1646840077068	767	OK
REQUEST	1	adoption_460_Certificate_Placement_Date_2	Adoption Placement Date 2	1646840078067	1646840078233	OK	 
REQUEST	1	adoption_460_Certificate_Placement_Date_2	Adoption Placement Date 2 Redirect 1	1646840078234	1646840078420	OK	 
GROUP	1	adoption_460_Certificate_Placement_Date_2	1646840078067	1646840078472	401	OK
REQUEST	1	adoption_470_Certificate_Placement_Summary_2	Adoption Placement Summary 2	1646840079466	1646840079669	OK	 
REQUEST	1	adoption_470_Certificate_Placement_Summary_2	Adoption Placement Summary 2 Redirect 1	1646840079670	1646840079711	OK	 
GROUP	1	adoption_470_Certificate_Placement_Summary_2	1646840079466	1646840079962	492	OK
REQUEST	1	adoption_480_Birth_Mother	Adoption Mother's Details	1646840080967	1646840081028	OK	 
GROUP	1	adoption_480_Birth_Mother	1646840080967	1646840081195	225	OK
REQUEST	1	adoption_490_Birth_Mother_Name	Adoption Mother's Name	1646840082205	1646840082400	OK	 
REQUEST	1	adoption_490_Birth_Mother_Name	Adoption Mother's Name Redirect 1	1646840082401	1646840082446	OK	 
GROUP	1	adoption_490_Birth_Mother_Name	1646840082205	1646840082496	288	OK
REQUEST	1	adoption_495_Birth_Mother	Adoption Mother's Details	1646840083496	1646840083545	OK	 
GROUP	1	adoption_495_Birth_Mother	1646840083496	1646840083781	283	OK
REQUEST	1	adoption_500_Birth_Mother_Alive	Adoption Mother Still Alive?	1646840084775	1646840085173	OK	 
REQUEST	1	adoption_500_Birth_Mother_Alive	Adoption Mother Still Alive? Redirect 1	1646840085174	1646840085227	OK	 
GROUP	1	adoption_500_Birth_Mother_Alive	1646840084775	1646840085459	681	OK
REQUEST	1	adoption_510_Birth_Mother_Nationality_Add	Adoption Mother's Nationality Add	1646840086457	1646840086670	OK	 
REQUEST	1	adoption_510_Birth_Mother_Nationality_Add	Adoption Mother's Nationality Add Redirect 1	1646840086671	1646840086721	OK	 
GROUP	1	adoption_510_Birth_Mother_Nationality_Add	1646840086456	1646840087046	585	OK
REQUEST	1	adoption_520_Birth_Mother_Nationality_POSt	Adoption Mother's Nationality	1646840088058	1646840088255	OK	 
REQUEST	1	adoption_520_Birth_Mother_Nationality_POSt	Adoption Mother's Nationality Redirect 1	1646840088256	1646840088299	OK	 
GROUP	1	adoption_520_Birth_Mother_Nationality_POSt	1646840088057	1646840088345	284	OK
REQUEST	1	adoption_530_Birth_Mother_Occupation	Adoption Mother's Occupation	1646840089337	1646840089517	OK	 
REQUEST	1	adoption_530_Birth_Mother_Occupation	Adoption Mother's Occupation Redirect 1	1646840089518	1646840089556	OK	 
GROUP	1	adoption_530_Birth_Mother_Occupation	1646840089337	1646840089601	261	OK
REQUEST	1	adoption_535_Birth_Mother_Occupation_Redirect	Adoption Mother's Details Redirect	1646840090596	1646840090638	OK	 
GROUP	1	adoption_535_Birth_Mother_Occupation_Redirect	1646840090596	1646840090683	83	OK
REQUEST	1	adoption_540_Birth_Mother_Occupation	Adoption Mother's Address Known	1646840091685	1646840092118	OK	 
REQUEST	1	adoption_540_Birth_Mother_Occupation	Adoption Mother's Address Known Redirect 1	1646840092119	1646840092153	OK	 
GROUP	1	adoption_540_Birth_Mother_Occupation	1646840091684	1646840092233	545	OK
REQUEST	1	adoption_550_Birth_Mother_Address_Manual	Adoption Mother's Address Manual	1646840093235	1646840093281	OK	 
GROUP	1	adoption_550_Birth_Mother_Address_Manual	1646840093234	1646840093331	93	OK
REQUEST	1	adoption_560_Birth_Mother_Address_POST	Adoption Mother's Address	1646840094336	1646840094681	OK	 
REQUEST	1	adoption_560_Birth_Mother_Address_POST	Adoption Mother's Address Redirect 1	1646840094682	1646840094722	OK	 
GROUP	1	adoption_560_Birth_Mother_Address_POST	1646840094336	1646840094764	423	OK
REQUEST	1	adoption_570_Birth_Father_Details	Adoption Father's Details	1646840095756	1646840095802	OK	 
GROUP	1	adoption_570_Birth_Father_Details	1646840095756	1646840095964	206	OK
REQUEST	1	adoption_580_Birth_Father_Details_POST	Adoption Father's Details On Certificate	1646840096976	1646840097394	OK	 
REQUEST	1	adoption_580_Birth_Father_Details_POST	Adoption Father's Details On Certificate Redirect 1	1646840097395	1646840097539	OK	 
GROUP	1	adoption_580_Birth_Father_Details_POST	1646840096976	1646840097670	689	OK
REQUEST	1	adoption_590_Birth_Father_Name	Adoption Father's Name	1646840098665	1646840098837	OK	 
REQUEST	1	adoption_590_Birth_Father_Name	Adoption Father's Name Redirect 1	1646840098838	1646840098989	OK	 
GROUP	1	adoption_590_Birth_Father_Name	1646840098665	1646840099168	499	OK
REQUEST	1	adoption_600_Birth_Father_Alive	Adoption Father Still alive?	1646840100166	1646840100620	OK	 
REQUEST	1	adoption_600_Birth_Father_Alive	Adoption Father Still alive? Redirect 1	1646840100622	1646840100672	OK	 
GROUP	1	adoption_600_Birth_Father_Alive	1646840100166	1646840100718	547	OK
REQUEST	1	adoption_610_Birth_Father_Nationality_Add	Adoption Father add Nationality	1646840101717	1646840101906	OK	 
REQUEST	1	adoption_610_Birth_Father_Nationality_Add	Adoption Father add Nationality Redirect 1	1646840101908	1646840101956	OK	 
GROUP	1	adoption_610_Birth_Father_Nationality_Add	1646840101716	1646840101997	276	OK
REQUEST	1	adoption_620_Birth_Father_Nationality_POST	Adoption Father's Nationality	1646840103006	1646840103381	OK	 
REQUEST	1	adoption_620_Birth_Father_Nationality_POST	Adoption Father's Nationality Redirect 1	1646840103383	1646840103432	OK	 
GROUP	1	adoption_620_Birth_Father_Nationality_POST	1646840103006	1646840103483	472	OK
REQUEST	1	adoption_630_Birth_Father_Occupation	Adoption Father's Occupation	1646840104476	1646840104651	OK	 
REQUEST	1	adoption_630_Birth_Father_Occupation	Adoption Father's Occupation Redirect 1	1646840104652	1646840104690	OK	 
GROUP	1	adoption_630_Birth_Father_Occupation	1646840104476	1646840104756	276	OK
REQUEST	1	adoption_640_Birth_Father_Occupation_Address_Known	Adoption Father's Address Known?	1646840105765	1646840105924	OK	 
REQUEST	1	adoption_640_Birth_Father_Occupation_Address_Known	Adoption Father's Address Known? Redirect 1	1646840105925	1646840105969	OK	 
GROUP	1	adoption_640_Birth_Father_Occupation_Address_Known	1646840105764	1646840106011	242	OK
REQUEST	1	adoption_640_Birth_Father_Occupation_Address_Manual	Adoption Father's Address Manual	1646840107006	1646840107056	OK	 
GROUP	1	adoption_640_Birth_Father_Occupation_Address_Manual	1646840107005	1646840107113	105	OK
REQUEST	1	adoption_640_Birth_Father_Occupation_Address_POST	Adoption Father's Address	1646840108106	1646840108299	OK	 
REQUEST	1	adoption_640_Birth_Father_Occupation_Address_POST	Adoption Father's Address Redirect 1	1646840108300	1646840108343	OK	 
GROUP	1	adoption_640_Birth_Father_Occupation_Address_POST	1646840108106	1646840108391	282	OK
REQUEST	1	adoption_650_Other_Parent_Exists	Adoption Other Parent	1646840109395	1646840109446	OK	 
GROUP	1	adoption_650_Other_Parent_Exists	1646840109395	1646840109561	163	OK
REQUEST	1	adoption_660_Other_Parent_Exists_POST	Adoption Other Parent Exists	1646840110566	1646840110864	OK	 
REQUEST	1	adoption_660_Other_Parent_Exists_POST	Adoption Other Parent Exists Redirect 1	1646840110865	1646840111005	OK	 
GROUP	1	adoption_660_Other_Parent_Exists_POST	1646840110566	1646840111208	638	OK
REQUEST	1	adoption_670_Other_Parent_Name	Adoption Other Parent Name	1646840112204	1646840112501	OK	 
REQUEST	1	adoption_670_Other_Parent_Name	Adoption Other Parent Name Redirect 1	1646840112503	1646840112542	OK	 
GROUP	1	adoption_670_Other_Parent_Name	1646840112204	1646840112623	415	OK
REQUEST	1	adoption_680_Other_Parent_Address_Known?	Adoption Other Parent Address known?	1646840113626	1646840113932	OK	 
REQUEST	1	adoption_680_Other_Parent_Address_Known?	Adoption Other Parent Address known? Redirect 1	1646840113934	1646840113972	OK	 
GROUP	1	adoption_680_Other_Parent_Address_Known?	1646840113625	1646840114012	381	OK
REQUEST	1	adoption_690_Other_Parent_Address_Manual	Adoption Other Parent Address Manual	1646840115007	1646840115065	OK	 
GROUP	1	adoption_690_Other_Parent_Address_Manual	1646840115006	1646840115141	131	OK
REQUEST	1	adoption_700_Other_Parent_Address_POST	Adoption Other Parent Address Manual	1646840116146	1646840116337	OK	 
REQUEST	1	adoption_700_Other_Parent_Address_POST	Adoption Other Parent Address Manual Redirect 1	1646840116338	1646840116377	OK	 
GROUP	1	adoption_700_Other_Parent_Address_POST	1646840116146	1646840116424	274	OK
REQUEST	1	adoption_710_Agency	Adoption Agency	1646840117425	1646840117823	OK	 
REQUEST	1	adoption_710_Agency	Adoption Agency Redirect 1	1646840117824	1646840118035	OK	 
GROUP	1	adoption_710_Agency	1646840117425	1646840118096	667	OK
REQUEST	1	adoption_720_Agency_Details	Adoption Agency Details	1646840119096	1646840119304	OK	 
REQUEST	1	adoption_720_Agency_Details	Adoption Agency Details Redirect 1	1646840119305	1646840119346	OK	 
GROUP	1	adoption_720_Agency_Details	1646840119096	1646840119387	288	OK
REQUEST	1	adoption_730_Other_Agency	Adoption Other Agency?	1646840120385	1646840120577	OK	 
REQUEST	1	adoption_730_Other_Agency	Adoption Other Agency? Redirect 1	1646840120578	1646840120778	OK	 
REQUEST	1	adoption_730_Other_Agency	Adoption Other Agency? Redirect 2	1646840120779	1646840120941	OK	 
GROUP	1	adoption_730_Other_Agency	1646840120385	1646840120983	593	OK
REQUEST	1	adoption_740_Other_Agency_Details	Adoption Other Agency Details	1646840121985	1646840122163	OK	 
REQUEST	1	adoption_740_Other_Agency_Details	Adoption Other Agency Details Redirect 1	1646840122164	1646840122256	OK	 
GROUP	1	adoption_740_Other_Agency_Details	1646840121985	1646840122295	307	OK
REQUEST	1	adoption_750_Social_Worker_Details	Adoption Social Worker Details	1646840123297	1646840123688	OK	 
REQUEST	1	adoption_750_Social_Worker_Details	Adoption Social Worker Details Redirect 1	1646840123690	1646840123858	OK	 
GROUP	1	adoption_750_Social_Worker_Details	1646840123296	1646840124054	752	OK
REQUEST	1	adoption_760_Sibling_Details	Adoption Sibling Details	1646840125046	1646840125173	OK	 
GROUP	1	adoption_760_Sibling_Details	1646840125046	1646840125353	304	OK
REQUEST	1	adoption_770_Sibling_Other?	Adoption Any Sibling?	1646840126355	1646840126715	OK	 
REQUEST	1	adoption_770_Sibling_Other?	Adoption Any Sibling? Redirect 1	1646840126716	1646840126761	OK	 
GROUP	1	adoption_770_Sibling_Other?	1646840126354	1646840126816	458	OK
REQUEST	1	adoption_780_Sibling_Court_Order_Exists?	Adoption Court Order Exists?	1646840127826	1646840128022	OK	 
REQUEST	1	adoption_780_Sibling_Court_Order_Exists?	Adoption Court Order Exists? Redirect 1	1646840128024	1646840128385	OK	 
GROUP	1	adoption_780_Sibling_Court_Order_Exists?	1646840127825	1646840128513	682	OK
REQUEST	1	adoption_790_Sibling_Name?	Adoption Sibling Name	1646840129506	1646840129907	OK	 
REQUEST	1	adoption_790_Sibling_Name?	Adoption Sibling Name Redirect 1	1646840129908	1646840130111	OK	 
REQUEST	1	adoption_790_Sibling_Name?	Adoption Sibling Name Redirect 2	1646840130112	1646840130320	OK	 
GROUP	1	adoption_790_Sibling_Name?	1646840129506	1646840130375	864	OK
REQUEST	1	adoption_800_Sibling_Order_Type	Adoption Order Type?	1646840131387	1646840131564	OK	 
REQUEST	1	adoption_800_Sibling_Order_Type	Adoption Order Type? Redirect 1	1646840131565	1646840131860	OK	 
GROUP	1	adoption_800_Sibling_Order_Type	1646840131386	1646840131903	513	OK
REQUEST	1	adoption_810_Sibling_Order_Number	Adoption Order Number	1646840132896	1646840133286	OK	 
REQUEST	1	adoption_810_Sibling_Order_Number	Adoption Order Number Redirect 1	1646840133287	1646840133343	OK	 
GROUP	1	adoption_810_Sibling_Order_Number	1646840132896	1646840133434	535	OK
REQUEST	1	adoption_820_Sibling_New_Order?	Adoption Add New Order?	1646840134435	1646840134821	OK	 
REQUEST	1	adoption_820_Sibling_New_Order?	Adoption Add New Order? Redirect 1	1646840134823	1646840134871	OK	 
GROUP	1	adoption_820_Sibling_New_Order?	1646840134435	1646840135003	561	OK
REQUEST	1	adoption_830_Sibling_Select	Adoption Select Sibling	1646840135995	1646840136402	OK	 
REQUEST	1	adoption_830_Sibling_Select	Adoption Select Sibling Redirect 1	1646840136404	1646840136590	OK	 
REQUEST	1	adoption_830_Sibling_Select	Adoption Select Sibling Redirect 2	1646840136591	1646840136872	OK	 
GROUP	1	adoption_830_Sibling_Select	1646840135995	1646840137016	1016	OK
REQUEST	1	adoption_840_Sibling_Select	Adoption Order Type	1646840138027	1646840138510	OK	 
REQUEST	1	adoption_840_Sibling_Select	Adoption Order Type Redirect 1	1646840138511	1646840138697	OK	 
GROUP	1	adoption_840_Sibling_Select	1646840138027	1646840138887	856	OK
REQUEST	1	adoption_850_Sibling_Select	Adoption Order Number	1646840139885	1646840140072	OK	 
REQUEST	1	adoption_850_Sibling_Select	Adoption Order Number Redirect 1	1646840140074	1646840140123	OK	 
GROUP	1	adoption_850_Sibling_Select	1646840139885	1646840140197	307	OK
REQUEST	1	adoption_860_Sibling_Select	Adoption Order Number	1646840141197	1646840141377	OK	 
REQUEST	1	adoption_860_Sibling_Select	Adoption Order Number Redirect 1	1646840141378	1646840141431	OK	 
GROUP	1	adoption_860_Sibling_Select	1646840141197	1646840141652	451	OK
REQUEST	1	adoption_870_Upload_Document	Adoption Birth Certificate Details	1646840142645	1646840142717	OK	 
GROUP	1	adoption_870_Upload_Document	1646840142645	1646840142758	109	OK
REQUEST	1	adoption_885_Upload_Document_POST	Adoption Certificate Upload POST	1646840143767	1646840143949	OK	 
REQUEST	1	adoption_885_Upload_Document_POST	Adoption Certificate Upload POST Redirect 1	1646840143950	1646840143992	OK	 
GROUP	1	adoption_885_Upload_Document_POST	1646840143766	1646840144042	271	OK
REQUEST	1	adoption_905_Equality_Redirect	Adoption Review Equality	1646840145036	1646840145778	OK	 
REQUEST	1	adoption_905_Equality_Redirect	Adoption Review Equality Redirect 1	1646840145779	1646840146187	OK	 
REQUEST	1	adoption_905_Equality_Redirect	Adoption Review Equality Redirect 2	1646840146189	1646840146353	KO	substring(Application details).find.exists, found nothing
GROUP	1	adoption_905_Equality_Redirect	1646840145035	1646840146357	1314	KO
USER	LAU Simulation	1	END	1646840003991	1646840146363
