RUN	simulations.mainSimulation	mainsimulation	1646822111259	 	3.3.1
USER	LAU Simulation	1	START	1646822111801	1646822111801
REQUEST	1	adoption_010_Homepage	Adoption Homepage	1646822111825	1646822111899	OK	 
REQUEST	1	adoption_010_Homepage	Adoption Homepage Redirect 1	1646822111925	1646822111954	OK	 
REQUEST	1	adoption_010_Homepage	Adoption Homepage Redirect 2	1646822111956	1646822112013	OK	 
GROUP	1	adoption_010_Homepage	1646822111809	1646822112248	306	OK
REQUEST	1	Adoption_020_Login	Adoption Login	1646822114273	1646822114527	OK	 
REQUEST	1	Adoption_020_Login	Adoption Login Redirect 1	1646822114532	1646822114901	OK	 
REQUEST	1	Adoption_020_Login	Adoption Login Redirect 2	1646822114903	1646822115340	OK	 
REQUEST	1	Adoption_020_Login	Adoption Login Redirect 3	1646822115341	1646822115389	OK	 
GROUP	1	Adoption_020_Login	1646822114267	1646822115486	1195	OK
REQUEST	1	Adoption_030_Apply_With	Adoption Applying With	1646822117486	1646822117557	OK	 
GROUP	1	Adoption_030_Apply_With	1646822117485	1646822117613	117	OK
REQUEST	1	Adoption_040_Adoption_Applying_Post	Adoption Applying Post	1646822119619	1646822120037	OK	 
REQUEST	1	Adoption_040_Adoption_Applying_Post	Adoption Applying Post Redirect 1	1646822120039	1646822120087	OK	 
GROUP	1	Adoption_040_Adoption_Applying_Post	1646822119617	1646822120141	513	OK
REQUEST	1	Adoption_050_Adoption_Applying_With_Redirect	Adoption Applying With Redirect	1646822122138	1646822122179	OK	 
GROUP	1	Adoption_050_Adoption_Applying_With_Redirect	1646822122137	1646822122239	96	OK
REQUEST	1	adoption_650_Other_Parent_Exists	Adoption Other Parent	1646822124247	1646822124297	OK	 
GROUP	1	adoption_650_Other_Parent_Exists	1646822124246	1646822124380	128	OK
REQUEST	1	adoption_660_Other_Parent_Exists_POST	Adoption Other Parent Exists	1646822126377	1646822126705	OK	 
REQUEST	1	adoption_660_Other_Parent_Exists_POST	Adoption Other Parent Exists Redirect 1	1646822126707	1646822126751	OK	 
GROUP	1	adoption_660_Other_Parent_Exists_POST	1646822126376	1646822126808	425	OK
REQUEST	1	adoption_670_Other_Parent_Name	Adoption Other Parent Name	1646822128817	1646822129368	OK	 
REQUEST	1	adoption_670_Other_Parent_Name	Adoption Other Parent Name Redirect 1	1646822129370	1646822129417	OK	 
GROUP	1	adoption_670_Other_Parent_Name	1646822128816	1646822129469	646	OK
REQUEST	1	adoption_680_Other_Parent_Address_Known?	Adoption Other Parent Address known?	1646822131469	1646822131928	OK	 
REQUEST	1	adoption_680_Other_Parent_Address_Known?	Adoption Other Parent Address known? Redirect 1	1646822131930	1646822132008	OK	 
GROUP	1	adoption_680_Other_Parent_Address_Known?	1646822131468	1646822132073	599	OK
REQUEST	1	adoption_690_Other_Parent_Address_Manual	Adoption Other Parent Address Manual	1646822134066	1646822134112	OK	 
GROUP	1	adoption_690_Other_Parent_Address_Manual	1646822134066	1646822134158	89	OK
REQUEST	1	adoption_700_Other_Parent_Address_POST	Adoption Other Parent Address Manual	1646822136168	1646822136433	OK	 
REQUEST	1	adoption_700_Other_Parent_Address_POST	Adoption Other Parent Address Manual Redirect 1	1646822136435	1646822136501	OK	 
GROUP	1	adoption_700_Other_Parent_Address_POST	1646822136167	1646822136567	393	OK
USER	LAU Simulation	1	END	1646822111801	1646822138570
