RUN	simulations.mainSimulation	mainsimulation	1646751145928	 	3.3.1
USER	LAU Simulation	1	START	1646751146429	1646751146429
REQUEST	1	adoption_010_Homepage	Adoption Homepage	1646751146449	1646751146530	OK	 
REQUEST	1	adoption_010_Homepage	Adoption Homepage Redirect 1	1646751146555	1646751146580	OK	 
REQUEST	1	adoption_010_Homepage	Adoption Homepage Redirect 2	1646751146582	1646751146638	OK	 
GROUP	1	adoption_010_Homepage	1646751146435	1646751146872	315	OK
REQUEST	1	Adoption_020_Login	Adoption Login	1646751148901	1646751149063	OK	 
REQUEST	1	Adoption_020_Login	Adoption Login Redirect 1	1646751149068	1646751149265	OK	 
REQUEST	1	Adoption_020_Login	Adoption Login Redirect 2	1646751149267	1646751149653	OK	 
REQUEST	1	Adoption_020_Login	Adoption Login Redirect 3	1646751149655	1646751149700	OK	 
GROUP	1	Adoption_020_Login	1646751148895	1646751149794	873	OK
REQUEST	1	Adoption_030_Apply_With	Adoption Applying With	1646751151784	1646751151839	OK	 
GROUP	1	Adoption_030_Apply_With	1646751151784	1646751151885	92	OK
REQUEST	1	Adoption_040_Adoption_Applying_Post	Adoption Applying Post	1646751153895	1646751154155	OK	 
REQUEST	1	Adoption_040_Adoption_Applying_Post	Adoption Applying Post Redirect 1	1646751154157	1646751154206	OK	 
GROUP	1	Adoption_040_Adoption_Applying_Post	1646751153893	1646751154266	364	OK
REQUEST	1	Adoption_050_Adoption_Applying_With_Redirect	Adoption Applying With Redirect	1646751156275	1646751156324	OK	 
GROUP	1	Adoption_050_Adoption_Applying_With_Redirect	1646751156274	1646751156384	104	OK
REQUEST	1	adoption_290_Birth_Certificate	Adoption Birth Certificate Details	1646751158384	1646751158432	OK	 
GROUP	1	adoption_290_Birth_Certificate	1646751158383	1646751158482	94	OK
REQUEST	1	adoption_300_Birth_Certificate_Name	Adoption Birth Certificate Name	1646751160474	1646751161148	OK	 
REQUEST	1	adoption_300_Birth_Certificate_Name	Adoption Birth Certificate Name Redirect 1	1646751161150	1646751161194	KO	substring(What is the child's date of birth?).find.exists, found nothing
GROUP	1	adoption_300_Birth_Certificate_Name	1646751160474	1646751161199	718	KO
USER	LAU Simulation	1	END	1646751146429	1646751161206
