RUN	simulations.mainSimulation	mainsimulation	1646911025387	 	3.3.1
USER	LAU Simulation	1	START	1646911026206	1646911026206
REQUEST	1	adoption_010_Homepage	Adoption Homepage	1646911026238	1646911026319	OK	 
REQUEST	1	adoption_010_Homepage	Adoption Homepage Redirect 1	1646911026348	1646911026381	OK	 
REQUEST	1	adoption_010_Homepage	Adoption Homepage Redirect 2	1646911026383	1646911035325	OK	 
GROUP	1	adoption_010_Homepage	1646911026216	1646911037176	10305	OK
REQUEST	1	Adoption_020_Login	Adoption Login	1646911038201	1646911038572	OK	 
REQUEST	1	Adoption_020_Login	Adoption Login Redirect 1	1646911038577	1646911039075	OK	 
REQUEST	1	Adoption_020_Login	Adoption Login Redirect 2	1646911039077	1646911040391	OK	 
REQUEST	1	Adoption_020_Login	Adoption Login Redirect 3	1646911040392	1646911040582	OK	 
GROUP	1	Adoption_020_Login	1646911038196	1646911040835	2617	OK
REQUEST	1	Adoption_030_Apply_With	Adoption Applying With	1646911041839	1646911041896	OK	 
GROUP	1	Adoption_030_Apply_With	1646911041838	1646911041954	109	OK
REQUEST	1	Adoption_040_Adoption_Applying_Post	Adoption Applying Post	1646911042949	1646911043436	OK	 
REQUEST	1	Adoption_040_Adoption_Applying_Post	Adoption Applying Post Redirect 1	1646911043438	1646911043482	OK	 
GROUP	1	Adoption_040_Adoption_Applying_Post	1646911042947	1646911043527	571	OK
REQUEST	1	Adoption_050_Adoption_Applying_With_Redirect	Adoption Applying With Redirect	1646911044529	1646911044575	OK	 
GROUP	1	Adoption_050_Adoption_Applying_With_Redirect	1646911044528	1646911044624	90	OK
REQUEST	1	Adoption_060_Date_Of_Move	Adoption Date Child Moved in 	1646911045628	1646911045682	OK	 
GROUP	1	Adoption_060_Date_Of_Move	1646911045627	1646911045727	94	OK
REQUEST	1	Adoption_070_Date_Of_Move_POST	Adoption Date Child Moved in Post	1646911046738	1646911047323	OK	 
REQUEST	1	Adoption_070_Date_Of_Move_POST	Adoption Date Child Moved in Post Redirect 1	1646911047326	1646911047365	OK	 
REQUEST	1	Adoption_070_Date_Of_Move_POST,Adoption_050_Adoption_Applying_With_Redirect	Adoption Applying With Redirect	1646911047418	1646911047451	OK	 
GROUP	1	Adoption_070_Date_Of_Move_POST,Adoption_050_Adoption_Applying_With_Redirect	1646911047417	1646911047502	79	OK
GROUP	1	Adoption_070_Date_Of_Move_POST	1646911046737	1646911048498	749	OK
REQUEST	1	Adoption_080_Your_Details	Adoption Your Personal Details 	1646911049498	1646911049552	OK	 
GROUP	1	Adoption_080_Your_Details	1646911049497	1646911049605	102	OK
REQUEST	1	Adoption_090_Your_Details_POST	Adoption Your Personal Details Post	1646911050598	1646911050759	OK	 
REQUEST	1	Adoption_090_Your_Details_POST	Adoption Your Personal Details Post Redirect 1	1646911050761	1646911050809	OK	 
GROUP	1	Adoption_090_Your_Details_POST	1646911050597	1646911050863	260	OK
REQUEST	1	Adoption_100_Your_Details_Other_Name	Adoption Your Personal Details Other Name	1646911051868	1646911052305	OK	 
REQUEST	1	Adoption_100_Your_Details_Other_Name	Adoption Your Personal Details Other Name Redirect 1	1646911052307	1646911052350	OK	 
GROUP	1	Adoption_100_Your_Details_Other_Name	1646911051868	1646911052399	524	OK
REQUEST	1	Adoption_110_Your_Details_DoB	Adoption Your Personal Details DoB	1646911053408	1646911053562	OK	 
GROUP	1	Adoption_110_Your_Details_DoB	1646911053408	1646911053604	192	OK
REQUEST	1	Adoption_120_Your_Details_DoB_POST	Adoption Your Personal Details DoB POST	1646911054598	1646911054905	OK	 
REQUEST	1	Adoption_120_Your_Details_DoB_POST	Adoption Your Personal Details DoB POST Redirect 1	1646911054907	1646911055054	OK	 
GROUP	1	Adoption_120_Your_Details_DoB_POST	1646911054597	1646911055097	494	OK
REQUEST	1	Adoption_130_Your_Details_Occupation	Adoption Your Personal Details Occupation	1646911056106	1646911056510	OK	 
REQUEST	1	Adoption_130_Your_Details_Occupation	Adoption Your Personal Details Occupation Redirect 1	1646911056512	1646911056565	OK	 
GROUP	1	Adoption_130_Your_Details_Occupation	1646911056106	1646911056607	495	OK
REQUEST	1	Adoption_140_Your_Contact_Details	Adoption Your Contact Details LookUp	1646911057608	1646911057657	OK	 
GROUP	1	Adoption_140_Your_Contact_Details	1646911057608	1646911057701	90	OK
REQUEST	1	Adoption_150_Your_Contact_Details_Manual	Adoption Your Contact Details Manual	1646911058698	1646911058748	OK	 
GROUP	1	Adoption_150_Your_Contact_Details_Manual	1646911058697	1646911058792	90	OK
REQUEST	1	Adoption_160_Your_Contact_Details_Manual_POST	Adoption Your Contact Details Manual POST	1646911059788	1646911059994	OK	 
REQUEST	1	Adoption_160_Your_Contact_Details_Manual_POST	Adoption Your Contact Details Manual POST Redirect 1	1646911059995	1646911060034	OK	 
GROUP	1	Adoption_160_Your_Contact_Details_Manual_POST	1646911059787	1646911060088	296	OK
REQUEST	1	Adoption_170_Your_Contact_Details_POST	Adoption Your Contact Details POST	1646911061098	1646911061301	OK	 
REQUEST	1	Adoption_170_Your_Contact_Details_POST	Adoption Your Contact Details POST Redirect 1	1646911061302	1646911061353	OK	 
GROUP	1	Adoption_170_Your_Contact_Details_POST	1646911061097	1646911061404	301	OK
REQUEST	1	Adoption_180_Second_Personal_Details	Adoption Second Personal Details	1646911062398	1646911062451	OK	 
GROUP	1	Adoption_180_Second_Personal_Details	1646911062398	1646911062495	93	OK
REQUEST	1	Adoption_190_Second_Personal_Details_POST	Adoption Second Personal Details POST	1646911063487	1646911063665	OK	 
REQUEST	1	Adoption_190_Second_Personal_Details_POST	Adoption Second Personal Details POST Redirect 1	1646911063667	1646911063707	OK	 
GROUP	1	Adoption_190_Second_Personal_Details_POST	1646911063487	1646911063755	264	OK
REQUEST	1	Adoption_200_Second_Other_Name	Adoption Second Other Name	1646911064759	1646911064955	OK	 
REQUEST	1	Adoption_200_Second_Other_Name	Adoption Second Other Name Redirect 1	1646911064957	1646911065000	OK	 
GROUP	1	Adoption_200_Second_Other_Name	1646911064758	1646911065041	278	OK
REQUEST	1	Adoption_210_Second_Other_Name_Redirect	Adoption Second Other Name Redirect	1646911066048	1646911066420	OK	 
REQUEST	1	Adoption_210_Second_Other_Name_Redirect	Adoption Second Other Name Redirect Redirect 1	1646911066421	1646911066460	OK	 
GROUP	1	Adoption_210_Second_Other_Name_Redirect	1646911066047	1646911066514	462	OK
REQUEST	1	Adoption_220_Second_DoB	Adoption Second DoB	1646911067507	1646911067739	OK	 
REQUEST	1	Adoption_220_Second_DoB	Adoption Second DoB Redirect 1	1646911067740	1646911067839	OK	 
GROUP	1	Adoption_220_Second_DoB	1646911067507	1646911067880	370	OK
REQUEST	1	Adoption_230_Second_Occupation	Adoption Second Occupation	1646911068887	1646911069082	OK	 
REQUEST	1	Adoption_230_Second_Occupation	Adoption Second Occupation Redirect 1	1646911069083	1646911069125	OK	 
GROUP	1	Adoption_230_Second_Occupation	1646911068887	1646911069166	275	OK
REQUEST	1	Adoption_240_Second_Contact_Details_Same_Address	Adoption Second Contact Details Same-Address	1646911070157	1646911070211	OK	 
GROUP	1	Adoption_240_Second_Contact_Details_Same_Address	1646911070156	1646911070255	95	OK
REQUEST	1	Adoption_250_Second_Contact_Details_Same_Address_POST	Adoption Second Contact Details Same-Address POST	1646911071259	1646911071648	OK	 
REQUEST	1	Adoption_250_Second_Contact_Details_Same_Address_POST	Adoption Second Contact Details Same-Address POST Redirect 1	1646911071650	1646911071692	OK	 
GROUP	1	Adoption_250_Second_Contact_Details_Same_Address_POST	1646911071258	1646911071736	472	OK
REQUEST	1	Adoption_260_Second_Contact_Details_Manual_Redirect	Adoption Second Contact Details manual redirect	1646911072749	1646911072808	OK	 
GROUP	1	Adoption_260_Second_Contact_Details_Manual_Redirect	1646911072749	1646911072862	110	OK
REQUEST	1	Adoption_270_Second_Contact_Details_Manual_POST	Adoption Second Contact Details manual POST	1646911073859	1646911074412	OK	 
REQUEST	1	Adoption_270_Second_Contact_Details_Manual_POST	Adoption Second Contact Details manual POST Redirect 1	1646911074413	1646911074453	OK	 
GROUP	1	Adoption_270_Second_Contact_Details_Manual_POST	1646911073859	1646911074493	630	OK
REQUEST	1	Adoption_280_Second_Contact_Details__POST	Adoption Second Contact Details POST	1646911075486	1646911075674	OK	 
REQUEST	1	Adoption_280_Second_Contact_Details__POST	Adoption Second Contact Details POST Redirect 1	1646911075675	1646911075714	OK	 
GROUP	1	Adoption_280_Second_Contact_Details__POST	1646911075486	1646911075752	262	OK
REQUEST	1	adoption_290_Birth_Certificate	Adoption Birth Certificate Details	1646911076759	1646911076811	OK	 
GROUP	1	adoption_290_Birth_Certificate	1646911076759	1646911076884	121	OK
REQUEST	1	adoption_300_Birth_Certificate_Name	Adoption Birth Certificate Name	1646911077876	1646911078052	OK	 
REQUEST	1	adoption_300_Birth_Certificate_Name	Adoption Birth Certificate Name Redirect 1	1646911078053	1646911078097	OK	 
GROUP	1	adoption_300_Birth_Certificate_Name	1646911077876	1646911078138	259	OK
REQUEST	1	adoption_320_Birth_Certificate_DoB	Adoption Birth Certificate DoB	1646911079147	1646911079482	OK	 
REQUEST	1	adoption_320_Birth_Certificate_DoB	Adoption Birth Certificate DoB Redirect 1	1646911079484	1646911079532	OK	 
GROUP	1	adoption_320_Birth_Certificate_DoB	1646911079146	1646911079705	553	OK
REQUEST	1	adoption_330_Birth_Certificate_Sex	Adoption Birth Certificate Sex	1646911080697	1646911081020	OK	 
REQUEST	1	adoption_330_Birth_Certificate_Sex	Adoption Birth Certificate Sex Redirect 1	1646911081021	1646911081218	OK	 
GROUP	1	adoption_330_Birth_Certificate_Sex	1646911080697	1646911081380	679	OK
REQUEST	1	adoption_340_Birth_Certificate_Nationality_Add	Adoption Birth Certificate Nationality Add	1646911082389	1646911082575	OK	 
REQUEST	1	adoption_340_Birth_Certificate_Nationality_Add	Adoption Birth Certificate Nationality Add Redirect 1	1646911082577	1646911082626	OK	 
GROUP	1	adoption_340_Birth_Certificate_Nationality_Add	1646911082388	1646911082665	271	OK
REQUEST	1	adoption_350_Birth_Certificate_Nationality_POST	Adoption Birth Certificate Nationality POST	1646911083658	1646911083820	OK	 
REQUEST	1	adoption_350_Birth_Certificate_Nationality_POST	Adoption Birth Certificate Nationality POST Redirect 1	1646911083821	1646911083878	OK	 
GROUP	1	adoption_350_Birth_Certificate_Nationality_POST	1646911083657	1646911083930	268	OK
REQUEST	1	adoption_360_Certificate_Details	Adoption Certificate Details	1646911084939	1646911084983	OK	 
GROUP	1	adoption_360_Certificate_Details	1646911084939	1646911085037	96	OK
REQUEST	1	adoption_370_Certificate_Details_Name	Adoption Certificate Details Name	1646911086030	1646911086290	OK	 
REQUEST	1	adoption_370_Certificate_Details_Name	Adoption Certificate Details Name Redirect 1	1646911086291	1646911086359	OK	 
GROUP	1	adoption_370_Certificate_Details_Name	1646911086029	1646911087417	379	OK
REQUEST	1	adoption_380_Placement_Order	Adoption Placement Order Details	1646911087418	1646911087765	OK	 
GROUP	1	adoption_380_Placement_Order	1646911087418	1646911087864	443	OK
REQUEST	1	adoption_390_Certificate_Placement_Order_Number	Adoption Placement Order Number	1646911088868	1646911089029	OK	 
REQUEST	1	adoption_390_Certificate_Placement_Order_Number	Adoption Placement Order Number Redirect 1	1646911089031	1646911089211	OK	 
GROUP	1	adoption_390_Certificate_Placement_Order_Number	1646911088868	1646911089251	378	OK
REQUEST	1	adoption_400_Certificate_Placement_Court	Adoption Placement Court	1646911090247	1646911090424	OK	 
REQUEST	1	adoption_400_Certificate_Placement_Court	Adoption Placement Court Redirect 1	1646911090425	1646911090671	OK	 
GROUP	1	adoption_400_Certificate_Placement_Court	1646911090246	1646911090724	473	OK
REQUEST	1	adoption_410_Certificate_Placement_Date	Adoption Placement Date	1646911091728	1646911091896	OK	 
REQUEST	1	adoption_410_Certificate_Placement_Date	Adoption Placement Date Redirect 1	1646911091898	1646911092429	OK	 
GROUP	1	adoption_410_Certificate_Placement_Date	1646911091728	1646911092515	782	OK
REQUEST	1	adoption_420_Certificate_Placement_Summary	Adoption Placement Summary	1646911093518	1646911093883	OK	 
REQUEST	1	adoption_420_Certificate_Placement_Summary	Adoption Placement Summary Redirect 1	1646911093884	1646911094056	OK	 
REQUEST	1	adoption_420_Certificate_Placement_Summary	Adoption Placement Summary Redirect 2	1646911094057	1646911094379	OK	 
GROUP	1	adoption_420_Certificate_Placement_Summary	1646911093518	1646911094420	898	OK
REQUEST	1	adoption_430_Certificate_Placement_Type_2	Adoption Placement Type 2	1646911095418	1646911095711	OK	 
REQUEST	1	adoption_430_Certificate_Placement_Type_2	Adoption Placement Type 2 Redirect 1	1646911095713	1646911095884	OK	 
GROUP	1	adoption_430_Certificate_Placement_Type_2	1646911095418	1646911095926	503	OK
REQUEST	1	adoption_440_Certificate_Placement_Order_Number_2	Adoption Placement Order Number 2	1646911096929	1646911097105	OK	 
REQUEST	1	adoption_440_Certificate_Placement_Order_Number_2	Adoption Placement Order Number 2 Redirect 1	1646911097106	1646911097313	OK	 
GROUP	1	adoption_440_Certificate_Placement_Order_Number_2	1646911096928	1646911097350	417	OK
REQUEST	1	adoption_450_Certificate_Placement_Court_2	Adoption Placement Court 2	1646911098349	1646911098521	OK	 
REQUEST	1	adoption_450_Certificate_Placement_Court_2	Adoption Placement Court 2 Redirect 1	1646911098522	1646911099676	OK	 
GROUP	1	adoption_450_Certificate_Placement_Court_2	1646911098349	1646911099716	1363	OK
REQUEST	1	adoption_460_Certificate_Placement_Date_2	Adoption Placement Date 2	1646911100709	1646911100873	OK	 
REQUEST	1	adoption_460_Certificate_Placement_Date_2	Adoption Placement Date 2 Redirect 1	1646911100874	1646911101274	OK	 
GROUP	1	adoption_460_Certificate_Placement_Date_2	1646911100708	1646911101318	606	OK
REQUEST	1	adoption_470_Certificate_Placement_Summary_2	Adoption Placement Summary 2	1646911102327	1646911102509	OK	 
REQUEST	1	adoption_470_Certificate_Placement_Summary_2	Adoption Placement Summary 2 Redirect 1	1646911102510	1646911102544	OK	 
GROUP	1	adoption_470_Certificate_Placement_Summary_2	1646911102327	1646911102590	259	OK
REQUEST	1	adoption_480_Birth_Mother	Adoption Mother's Details	1646911103589	1646911103631	OK	 
GROUP	1	adoption_480_Birth_Mother	1646911103589	1646911103680	88	OK
REQUEST	1	adoption_490_Birth_Mother_Name	Adoption Mother's Name	1646911104678	1646911104835	OK	 
REQUEST	1	adoption_490_Birth_Mother_Name	Adoption Mother's Name Redirect 1	1646911104837	1646911104890	OK	 
GROUP	1	adoption_490_Birth_Mother_Name	1646911104678	1646911104934	252	OK
REQUEST	1	adoption_495_Birth_Mother	Adoption Mother's Details	1646911105938	1646911106000	OK	 
GROUP	1	adoption_495_Birth_Mother	1646911105937	1646911106072	131	OK
REQUEST	1	adoption_500_Birth_Mother_Alive	Adoption Mother Still Alive?	1646911107068	1646911107412	OK	 
REQUEST	1	adoption_500_Birth_Mother_Alive	Adoption Mother Still Alive? Redirect 1	1646911107413	1646911107576	OK	 
GROUP	1	adoption_500_Birth_Mother_Alive	1646911107067	1646911107758	688	OK
REQUEST	1	adoption_510_Birth_Mother_Nationality_Add	Adoption Mother's Nationality Add	1646911108769	1646911109126	OK	 
REQUEST	1	adoption_510_Birth_Mother_Nationality_Add	Adoption Mother's Nationality Add Redirect 1	1646911109127	1646911109169	OK	 
GROUP	1	adoption_510_Birth_Mother_Nationality_Add	1646911108768	1646911109213	440	OK
REQUEST	1	adoption_520_Birth_Mother_Nationality_POSt	Adoption Mother's Nationality	1646911110208	1646911110391	OK	 
REQUEST	1	adoption_520_Birth_Mother_Nationality_POSt	Adoption Mother's Nationality Redirect 1	1646911110392	1646911110446	OK	 
GROUP	1	adoption_520_Birth_Mother_Nationality_POSt	1646911110207	1646911110488	276	OK
REQUEST	1	adoption_530_Birth_Mother_Occupation	Adoption Mother's Occupation	1646911111479	1646911111891	OK	 
REQUEST	1	adoption_530_Birth_Mother_Occupation	Adoption Mother's Occupation Redirect 1	1646911111892	1646911111944	OK	 
GROUP	1	adoption_530_Birth_Mother_Occupation	1646911111479	1646911111992	509	OK
REQUEST	1	adoption_535_Birth_Mother_Occupation_Redirect	Adoption Mother's Details Redirect	1646911112999	1646911113041	OK	 
GROUP	1	adoption_535_Birth_Mother_Occupation_Redirect	1646911112999	1646911113082	81	OK
REQUEST	1	adoption_540_Birth_Mother_Occupation	Adoption Mother's Address Known	1646911114088	1646911114292	OK	 
REQUEST	1	adoption_540_Birth_Mother_Occupation	Adoption Mother's Address Known Redirect 1	1646911114294	1646911114336	OK	 
GROUP	1	adoption_540_Birth_Mother_Occupation	1646911114087	1646911114385	291	OK
REQUEST	1	adoption_550_Birth_Mother_Address_Manual	Adoption Mother's Address Manual	1646911115377	1646911115438	OK	 
GROUP	1	adoption_550_Birth_Mother_Address_Manual	1646911115377	1646911115478	98	OK
REQUEST	1	adoption_560_Birth_Mother_Address_POST	Adoption Mother's Address	1646911116488	1646911117112	OK	 
REQUEST	1	adoption_560_Birth_Mother_Address_POST	Adoption Mother's Address Redirect 1	1646911117113	1646911117153	OK	 
GROUP	1	adoption_560_Birth_Mother_Address_POST	1646911116487	1646911117251	759	OK
REQUEST	1	adoption_570_Birth_Father_Details	Adoption Father's Details	1646911118247	1646911118431	OK	 
GROUP	1	adoption_570_Birth_Father_Details	1646911118247	1646911118688	438	OK
REQUEST	1	adoption_580_Birth_Father_Details_POST	Adoption Father's Details On Certificate	1646911119689	1646911120212	OK	 
REQUEST	1	adoption_580_Birth_Father_Details_POST	Adoption Father's Details On Certificate Redirect 1	1646911120213	1646911120393	OK	 
GROUP	1	adoption_580_Birth_Father_Details_POST	1646911119688	1646911120433	740	OK
REQUEST	1	adoption_590_Birth_Father_Name	Adoption Father's Name	1646911121427	1646911121626	OK	 
REQUEST	1	adoption_590_Birth_Father_Name	Adoption Father's Name Redirect 1	1646911121627	1646911121664	OK	 
GROUP	1	adoption_590_Birth_Father_Name	1646911121427	1646911121708	278	OK
REQUEST	1	adoption_600_Birth_Father_Alive	Adoption Father Still alive?	1646911122718	1646911122914	OK	 
REQUEST	1	adoption_600_Birth_Father_Alive	Adoption Father Still alive? Redirect 1	1646911122915	1646911122967	OK	 
GROUP	1	adoption_600_Birth_Father_Alive	1646911122717	1646911123008	286	OK
REQUEST	1	adoption_610_Birth_Father_Nationality_Add	Adoption Father add Nationality	1646911124009	1646911124485	OK	 
REQUEST	1	adoption_610_Birth_Father_Nationality_Add	Adoption Father add Nationality Redirect 1	1646911124487	1646911124536	OK	 
GROUP	1	adoption_610_Birth_Father_Nationality_Add	1646911124008	1646911124579	564	OK
REQUEST	1	adoption_620_Birth_Father_Nationality_POST	Adoption Father's Nationality	1646911125579	1646911125919	OK	 
REQUEST	1	adoption_620_Birth_Father_Nationality_POST	Adoption Father's Nationality Redirect 1	1646911125920	1646911125967	OK	 
GROUP	1	adoption_620_Birth_Father_Nationality_POST	1646911125578	1646911126007	424	OK
REQUEST	1	adoption_630_Birth_Father_Occupation	Adoption Father's Occupation	1646911127009	1646911127455	OK	 
REQUEST	1	adoption_630_Birth_Father_Occupation	Adoption Father's Occupation Redirect 1	1646911127457	1646911127505	OK	 
GROUP	1	adoption_630_Birth_Father_Occupation	1646911127008	1646911127548	534	OK
REQUEST	1	adoption_640_Birth_Father_Occupation_Address_Known	Adoption Father's Address Known?	1646911128549	1646911128787	OK	 
REQUEST	1	adoption_640_Birth_Father_Occupation_Address_Known	Adoption Father's Address Known? Redirect 1	1646911128789	1646911128824	OK	 
GROUP	1	adoption_640_Birth_Father_Occupation_Address_Known	1646911128548	1646911128862	308	OK
REQUEST	1	adoption_640_Birth_Father_Occupation_Address_Manual	Adoption Father's Address Manual	1646911129858	1646911129915	OK	 
GROUP	1	adoption_640_Birth_Father_Occupation_Address_Manual	1646911129858	1646911129964	101	OK
REQUEST	1	adoption_640_Birth_Father_Occupation_Address_POST	Adoption Father's Address	1646911130968	1646911131167	OK	 
REQUEST	1	adoption_640_Birth_Father_Occupation_Address_POST	Adoption Father's Address Redirect 1	1646911131169	1646911131206	OK	 
GROUP	1	adoption_640_Birth_Father_Occupation_Address_POST	1646911130967	1646911131247	274	OK
REQUEST	1	adoption_650_Other_Parent_Exists	Adoption Other Parent	1646911132248	1646911132372	OK	 
GROUP	1	adoption_650_Other_Parent_Exists	1646911132248	1646911132516	265	OK
REQUEST	1	adoption_660_Other_Parent_Exists_POST	Adoption Other Parent Exists	1646911133518	1646911134049	OK	 
REQUEST	1	adoption_660_Other_Parent_Exists_POST	Adoption Other Parent Exists Redirect 1	1646911134050	1646911134201	OK	 
GROUP	1	adoption_660_Other_Parent_Exists_POST	1646911133517	1646911134370	848	OK
REQUEST	1	adoption_670_Other_Parent_Name	Adoption Other Parent Name	1646911135367	1646911135546	OK	 
REQUEST	1	adoption_670_Other_Parent_Name	Adoption Other Parent Name Redirect 1	1646911135547	1646911135594	OK	 
GROUP	1	adoption_670_Other_Parent_Name	1646911135366	1646911135641	271	OK
REQUEST	1	adoption_680_Other_Parent_Address_Known?	Adoption Other Parent Address known?	1646911136648	1646911136832	OK	 
REQUEST	1	adoption_680_Other_Parent_Address_Known?	Adoption Other Parent Address known? Redirect 1	1646911136833	1646911136882	OK	 
GROUP	1	adoption_680_Other_Parent_Address_Known?	1646911136648	1646911136922	270	OK
REQUEST	1	adoption_690_Other_Parent_Address_Manual	Adoption Other Parent Address Manual	1646911137917	1646911137957	OK	 
GROUP	1	adoption_690_Other_Parent_Address_Manual	1646911137917	1646911137995	76	OK
REQUEST	1	adoption_700_Other_Parent_Address_POST	Adoption Other Parent Address Manual	1646911138988	1646911139312	OK	 
REQUEST	1	adoption_700_Other_Parent_Address_POST	Adoption Other Parent Address Manual Redirect 1	1646911139313	1646911139361	OK	 
GROUP	1	adoption_700_Other_Parent_Address_POST	1646911138988	1646911139402	410	OK
REQUEST	1	adoption_710_Agency	Adoption Agency	1646911140409	1646911140757	OK	 
REQUEST	1	adoption_710_Agency	Adoption Agency Redirect 1	1646911140758	1646911140922	OK	 
GROUP	1	adoption_710_Agency	1646911140409	1646911140962	549	OK
REQUEST	1	adoption_720_Agency_Details	Adoption Agency Details	1646911141959	1646911142160	OK	 
REQUEST	1	adoption_720_Agency_Details	Adoption Agency Details Redirect 1	1646911142161	1646911142478	OK	 
GROUP	1	adoption_720_Agency_Details	1646911141958	1646911142526	563	OK
REQUEST	1	adoption_730_Other_Agency	Adoption Other Agency?	1646911143528	1646911143722	OK	 
REQUEST	1	adoption_730_Other_Agency	Adoption Other Agency? Redirect 1	1646911143723	1646911143891	OK	 
REQUEST	1	adoption_730_Other_Agency	Adoption Other Agency? Redirect 2	1646911143892	1646911144092	OK	 
GROUP	1	adoption_730_Other_Agency	1646911143528	1646911144144	611	OK
REQUEST	1	adoption_740_Other_Agency_Details	Adoption Other Agency Details	1646911145148	1646911145419	OK	 
REQUEST	1	adoption_740_Other_Agency_Details	Adoption Other Agency Details Redirect 1	1646911145420	1646911145513	OK	 
GROUP	1	adoption_740_Other_Agency_Details	1646911145147	1646911145687	536	OK
REQUEST	1	adoption_750_Social_Worker_Details	Adoption Social Worker Details	1646911146678	1646911146966	OK	 
REQUEST	1	adoption_750_Social_Worker_Details	Adoption Social Worker Details Redirect 1	1646911146967	1646911147164	OK	 
GROUP	1	adoption_750_Social_Worker_Details	1646911146678	1646911147325	643	OK
REQUEST	1	adoption_760_Sibling_Details	Adoption Sibling Details	1646911148329	1646911148378	OK	 
GROUP	1	adoption_760_Sibling_Details	1646911148328	1646911148420	88	OK
REQUEST	1	adoption_770_Sibling_Other?	Adoption Any Sibling?	1646911149429	1646911149880	OK	 
REQUEST	1	adoption_770_Sibling_Other?	Adoption Any Sibling? Redirect 1	1646911149882	1646911149943	OK	 
GROUP	1	adoption_770_Sibling_Other?	1646911149428	1646911149983	548	OK
REQUEST	1	adoption_780_Sibling_Court_Order_Exists?	Adoption Court Order Exists?	1646911150979	1646911151144	OK	 
REQUEST	1	adoption_780_Sibling_Court_Order_Exists?	Adoption Court Order Exists? Redirect 1	1646911151146	1646911151348	OK	 
GROUP	1	adoption_780_Sibling_Court_Order_Exists?	1646911150978	1646911151390	405	OK
REQUEST	1	adoption_790_Sibling_Name?	Adoption Sibling Name	1646911152397	1646911152931	OK	 
REQUEST	1	adoption_790_Sibling_Name?	Adoption Sibling Name Redirect 1	1646911152932	1646911153116	OK	 
REQUEST	1	adoption_790_Sibling_Name?	Adoption Sibling Name Redirect 2	1646911153117	1646911153320	OK	 
GROUP	1	adoption_790_Sibling_Name?	1646911152397	1646911153361	958	OK
REQUEST	1	adoption_800_Sibling_Order_Type	Adoption Order Type?	1646911154359	1646911154572	OK	 
REQUEST	1	adoption_800_Sibling_Order_Type	Adoption Order Type? Redirect 1	1646911154574	1646911154782	OK	 
GROUP	1	adoption_800_Sibling_Order_Type	1646911154358	1646911154823	459	OK
REQUEST	1	adoption_810_Sibling_Order_Number	Adoption Order Number	1646911155817	1646911156005	OK	 
REQUEST	1	adoption_810_Sibling_Order_Number	Adoption Order Number Redirect 1	1646911156006	1646911156049	OK	 
GROUP	1	adoption_810_Sibling_Order_Number	1646911155817	1646911156090	269	OK
REQUEST	1	adoption_820_Sibling_New_Order?	Adoption Add New Order?	1646911157098	1646911157259	OK	 
REQUEST	1	adoption_820_Sibling_New_Order?	Adoption Add New Order? Redirect 1	1646911157260	1646911157312	OK	 
GROUP	1	adoption_820_Sibling_New_Order?	1646911157098	1646911157357	255	OK
REQUEST	1	adoption_830_Sibling_Select	Adoption Select Sibling	1646911158358	1646911158679	OK	 
REQUEST	1	adoption_830_Sibling_Select	Adoption Select Sibling Redirect 1	1646911158681	1646911158916	OK	 
REQUEST	1	adoption_830_Sibling_Select	Adoption Select Sibling Redirect 2	1646911158917	1646911159190	OK	 
GROUP	1	adoption_830_Sibling_Select	1646911158357	1646911159343	979	OK
REQUEST	1	adoption_840_Sibling_Select	Adoption Order Type	1646911160338	1646911160530	OK	 
REQUEST	1	adoption_840_Sibling_Select	Adoption Order Type Redirect 1	1646911160532	1646911160872	OK	 
GROUP	1	adoption_840_Sibling_Select	1646911160338	1646911160915	572	OK
REQUEST	1	adoption_850_Sibling_Select	Adoption Order Number	1646911161919	1646911162270	OK	 
REQUEST	1	adoption_850_Sibling_Select	Adoption Order Number Redirect 1	1646911162271	1646911162317	OK	 
GROUP	1	adoption_850_Sibling_Select	1646911161919	1646911162357	434	OK
REQUEST	1	adoption_855_Sibling_Select	Adoption Order Number	1646911163359	1646911163602	OK	 
REQUEST	1	adoption_855_Sibling_Select	Adoption Order Number Redirect 1	1646911163604	1646911163663	OK	 
GROUP	1	adoption_855_Sibling_Select	1646911163359	1646911163702	338	OK
REQUEST	1	adoption_860_Sibling_Select	Adoption Order Number	1646911163702	1646911164011	OK	 
REQUEST	1	adoption_860_Sibling_Select	Adoption Order Number Redirect 1	1646911164013	1646911164051	OK	 
GROUP	1	adoption_860_Sibling_Select	1646911163702	1646911164093	386	OK
REQUEST	1	adoption_861_Family_Court	Adoption Family Court Redirect	1646911165088	1646911165131	OK	 
GROUP	1	adoption_861_Family_Court	1646911165088	1646911165171	80	OK
REQUEST	1	adoption_862_Family_Court_POST	Adoption Family Court Redirect	1646911165171	1646911165547	OK	 
REQUEST	1	adoption_862_Family_Court_POST	Adoption Family Court Redirect Redirect 1	1646911165548	1646911165586	OK	 
GROUP	1	adoption_862_Family_Court_POST	1646911165171	1646911165627	451	OK
REQUEST	1	adoption_870_Upload_Document	Adoption Birth Certificate Details	1646911165627	1646911165675	OK	 
GROUP	1	adoption_870_Upload_Document	1646911165627	1646911165710	79	OK
REQUEST	1	adoption_885_Upload_Document_POST	Adoption Certificate Upload POST	1646911166718	1646911166903	OK	 
REQUEST	1	adoption_885_Upload_Document_POST	Adoption Certificate Upload POST Redirect 1	1646911166905	1646911166946	OK	 
GROUP	1	adoption_885_Upload_Document_POST	1646911166717	1646911166990	266	OK
USER	LAU Simulation	1	END	1646911026206	1646911167991
