RUN	simulations.mainSimulation	mainsimulation	1646836281698	 	3.3.1
USER	LAU Simulation	1	START	1646836282292	1646836282292
REQUEST	1	adoption_010_Homepage	Adoption Homepage	1646836282312	1646836282390	OK	 
REQUEST	1	adoption_010_Homepage	Adoption Homepage Redirect 1	1646836282416	1646836282466	OK	 
REQUEST	1	adoption_010_Homepage	Adoption Homepage Redirect 2	1646836282469	1646836282528	OK	 
GROUP	1	adoption_010_Homepage	1646836282298	1646836282788	338	OK
REQUEST	1	Adoption_020_Login	Adoption Login	1646836284808	1646836285195	OK	 
REQUEST	1	Adoption_020_Login	Adoption Login Redirect 1	1646836285200	1646836285605	OK	 
REQUEST	1	Adoption_020_Login	Adoption Login Redirect 2	1646836285607	1646836285912	OK	 
REQUEST	1	Adoption_020_Login	Adoption Login Redirect 3	1646836285914	1646836285960	OK	 
GROUP	1	Adoption_020_Login	1646836284802	1646836286068	1241	OK
REQUEST	1	Adoption_030_Apply_With	Adoption Applying With	1646836288075	1646836288151	OK	 
GROUP	1	Adoption_030_Apply_With	1646836288072	1646836288210	127	OK
REQUEST	1	Adoption_040_Adoption_Applying_Post	Adoption Applying Post	1646836290214	1646836290930	OK	 
REQUEST	1	Adoption_040_Adoption_Applying_Post	Adoption Applying Post Redirect 1	1646836290931	1646836290991	OK	 
GROUP	1	Adoption_040_Adoption_Applying_Post	1646836290212	1646836291066	845	OK
REQUEST	1	Adoption_050_Adoption_Applying_With_Redirect	Adoption Applying With Redirect	1646836293073	1646836293113	OK	 
GROUP	1	Adoption_050_Adoption_Applying_With_Redirect	1646836293072	1646836293159	81	OK
REQUEST	1	Adoption_060_Date_Of_Move	Adoption Date Child Moved in 	1646836295153	1646836295222	OK	 
GROUP	1	Adoption_060_Date_Of_Move	1646836295153	1646836295271	114	OK
REQUEST	1	Adoption_070_Date_Of_Move_POST	Adoption Date Child Moved in Post	1646836297273	1646836297585	OK	 
REQUEST	1	Adoption_070_Date_Of_Move_POST	Adoption Date Child Moved in Post Redirect 1	1646836297587	1646836297626	OK	 
REQUEST	1	Adoption_070_Date_Of_Move_POST,Adoption_050_Adoption_Applying_With_Redirect	Adoption Applying With Redirect	1646836297684	1646836297740	OK	 
GROUP	1	Adoption_070_Date_Of_Move_POST,Adoption_050_Adoption_Applying_With_Redirect	1646836297684	1646836297786	97	OK
GROUP	1	Adoption_070_Date_Of_Move_POST	1646836297272	1646836299791	501	OK
REQUEST	1	Adoption_080_Your_Details	Adoption Your Personal Details 	1646836301793	1646836301847	OK	 
GROUP	1	Adoption_080_Your_Details	1646836301792	1646836301932	134	OK
REQUEST	1	Adoption_090_Your_Details_POST	Adoption Your Personal Details Post	1646836303932	1646836304467	OK	 
REQUEST	1	Adoption_090_Your_Details_POST	Adoption Your Personal Details Post Redirect 1	1646836304468	1646836304511	OK	 
GROUP	1	Adoption_090_Your_Details_POST	1646836303931	1646836304560	623	OK
REQUEST	1	Adoption_100_Your_Details_Other_Name	Adoption Your Personal Details Other Name	1646836306554	1646836306780	OK	 
REQUEST	1	Adoption_100_Your_Details_Other_Name	Adoption Your Personal Details Other Name Redirect 1	1646836306782	1646836306832	OK	 
GROUP	1	Adoption_100_Your_Details_Other_Name	1646836306553	1646836306899	338	OK
REQUEST	1	Adoption_110_Your_Details_DoB	Adoption Your Personal Details DoB	1646836308903	1646836308975	OK	 
GROUP	1	Adoption_110_Your_Details_DoB	1646836308902	1646836309019	112	OK
REQUEST	1	Adoption_120_Your_Details_DoB_POST	Adoption Your Personal Details DoB POST	1646836311024	1646836311294	OK	 
REQUEST	1	Adoption_120_Your_Details_DoB_POST	Adoption Your Personal Details DoB POST Redirect 1	1646836311295	1646836311340	OK	 
GROUP	1	Adoption_120_Your_Details_DoB_POST	1646836311023	1646836311381	352	OK
REQUEST	1	Adoption_130_Your_Details_Occupation	Adoption Your Personal Details Occupation	1646836313383	1646836313552	OK	 
REQUEST	1	Adoption_130_Your_Details_Occupation	Adoption Your Personal Details Occupation Redirect 1	1646836313554	1646836313591	OK	 
GROUP	1	Adoption_130_Your_Details_Occupation	1646836313383	1646836313633	244	OK
REQUEST	1	Adoption_140_Your_Contact_Details	Adoption Your Contact Details LookUp	1646836315632	1646836316018	OK	 
GROUP	1	Adoption_140_Your_Contact_Details	1646836315631	1646836316061	425	OK
REQUEST	1	Adoption_150_Your_Contact_Details_Manual	Adoption Your Contact Details Manual	1646836318063	1646836318101	OK	 
GROUP	1	Adoption_150_Your_Contact_Details_Manual	1646836318062	1646836318143	76	OK
REQUEST	1	Adoption_160_Your_Contact_Details_Manual_POST	Adoption Your Contact Details Manual POST	1646836320144	1646836320522	OK	 
REQUEST	1	Adoption_160_Your_Contact_Details_Manual_POST	Adoption Your Contact Details Manual POST Redirect 1	1646836320524	1646836320571	OK	 
GROUP	1	Adoption_160_Your_Contact_Details_Manual_POST	1646836320143	1646836320615	465	OK
REQUEST	1	Adoption_170_Your_Contact_Details_POST	Adoption Your Contact Details POST	1646836322612	1646836322781	OK	 
REQUEST	1	Adoption_170_Your_Contact_Details_POST	Adoption Your Contact Details POST Redirect 1	1646836322783	1646836322832	OK	 
GROUP	1	Adoption_170_Your_Contact_Details_POST	1646836322611	1646836322923	304	OK
REQUEST	1	Adoption_180_Second_Personal_Details	Adoption Second Personal Details	1646836324932	1646836324978	OK	 
GROUP	1	Adoption_180_Second_Personal_Details	1646836324931	1646836325087	151	OK
REQUEST	1	Adoption_190_Second_Personal_Details_POST	Adoption Second Personal Details POST	1646836327081	1646836327315	OK	 
REQUEST	1	Adoption_190_Second_Personal_Details_POST	Adoption Second Personal Details POST Redirect 1	1646836327317	1646836327363	OK	 
GROUP	1	Adoption_190_Second_Personal_Details_POST	1646836327081	1646836327408	322	OK
REQUEST	1	Adoption_200_Second_Other_Name	Adoption Second Other Name	1646836329403	1646836329848	OK	 
REQUEST	1	Adoption_200_Second_Other_Name	Adoption Second Other Name Redirect 1	1646836329850	1646836329907	OK	 
GROUP	1	Adoption_200_Second_Other_Name	1646836329402	1646836329975	566	OK
REQUEST	1	Adoption_210_Second_Other_Name_Redirect	Adoption Second Other Name Redirect	1646836331982	1646836332810	OK	 
REQUEST	1	Adoption_210_Second_Other_Name_Redirect	Adoption Second Other Name Redirect Redirect 1	1646836332812	1646836332860	OK	 
GROUP	1	Adoption_210_Second_Other_Name_Redirect	1646836331982	1646836332915	927	OK
REQUEST	1	Adoption_220_Second_DoB	Adoption Second DoB	1646836334913	1646836335370	OK	 
REQUEST	1	Adoption_220_Second_DoB	Adoption Second DoB Redirect 1	1646836335372	1646836335427	OK	 
GROUP	1	Adoption_220_Second_DoB	1646836334912	1646836335501	582	OK
REQUEST	1	Adoption_230_Second_Occupation	Adoption Second Occupation	1646836337511	1646836337930	OK	 
REQUEST	1	Adoption_230_Second_Occupation	Adoption Second Occupation Redirect 1	1646836337931	1646836337991	OK	 
GROUP	1	Adoption_230_Second_Occupation	1646836337511	1646836338043	527	OK
REQUEST	1	Adoption_240_Second_Contact_Details_Same_Address	Adoption Second Contact Details Same-Address	1646836340044	1646836340099	OK	 
GROUP	1	Adoption_240_Second_Contact_Details_Same_Address	1646836340043	1646836340198	150	OK
REQUEST	1	Adoption_250_Second_Contact_Details_Same_Address_POST	Adoption Second Contact Details Same-Address POST	1646836342193	1646836342845	OK	 
REQUEST	1	Adoption_250_Second_Contact_Details_Same_Address_POST	Adoption Second Contact Details Same-Address POST Redirect 1	1646836342847	1646836342894	OK	 
GROUP	1	Adoption_250_Second_Contact_Details_Same_Address_POST	1646836342192	1646836342936	737	OK
REQUEST	1	Adoption_260_Second_Contact_Details_Manual_Redirect	Adoption Second Contact Details manual redirect	1646836344933	1646836344984	OK	 
GROUP	1	Adoption_260_Second_Contact_Details_Manual_Redirect	1646836344933	1646836345030	93	OK
REQUEST	1	Adoption_270_Second_Contact_Details_Manual_POST	Adoption Second Contact Details manual POST	1646836347042	1646836347217	OK	 
REQUEST	1	Adoption_270_Second_Contact_Details_Manual_POST	Adoption Second Contact Details manual POST Redirect 1	1646836347218	1646836347255	OK	 
GROUP	1	Adoption_270_Second_Contact_Details_Manual_POST	1646836347041	1646836347353	306	OK
REQUEST	1	Adoption_280_Second_Contact_Details__POST	Adoption Second Contact Details POST	1646836349343	1646836349545	OK	 
REQUEST	1	Adoption_280_Second_Contact_Details__POST	Adoption Second Contact Details POST Redirect 1	1646836349547	1646836349599	OK	 
GROUP	1	Adoption_280_Second_Contact_Details__POST	1646836349343	1646836349653	304	OK
REQUEST	1	adoption_290_Birth_Certificate	Adoption Birth Certificate Details	1646836351653	1646836351703	OK	 
GROUP	1	adoption_290_Birth_Certificate	1646836351653	1646836351750	93	OK
REQUEST	1	adoption_300_Birth_Certificate_Name	Adoption Birth Certificate Name	1646836353753	1646836354007	OK	 
REQUEST	1	adoption_300_Birth_Certificate_Name	Adoption Birth Certificate Name Redirect 1	1646836354009	1646836354057	OK	 
GROUP	1	adoption_300_Birth_Certificate_Name	1646836353752	1646836354111	352	OK
REQUEST	1	adoption_320_Birth_Certificate_DoB	Adoption Birth Certificate DoB	1646836356103	1646836356142	OK	 
REQUEST	1	adoption_320_Birth_Certificate_DoB	Adoption Birth Certificate DoB Redirect 1	1646836356144	1646836356200	OK	 
GROUP	1	adoption_320_Birth_Certificate_DoB	1646836356102	1646836356253	145	OK
REQUEST	1	adoption_325_Birth_Certificate_DoB_Redirect	Adoption Birth Certificate Details Redirect	1646836358263	1646836358306	OK	 
GROUP	1	adoption_325_Birth_Certificate_DoB_Redirect	1646836358262	1646836358359	92	OK
REQUEST	1	adoption_330_Birth_Certificate_Sex	Adoption Birth Certificate Sex	1646836358359	1646836358819	OK	 
REQUEST	1	adoption_330_Birth_Certificate_Sex	Adoption Birth Certificate Sex Redirect 1	1646836358821	1646836358857	OK	 
GROUP	1	adoption_330_Birth_Certificate_Sex	1646836358359	1646836358919	555	OK
REQUEST	1	adoption_335_Birth_Certificate_Sex_Redirect	Adoption Birth Certificate Sex Redirect	1646836360913	1646836360967	OK	 
GROUP	1	adoption_335_Birth_Certificate_Sex_Redirect	1646836360912	1646836361045	128	OK
REQUEST	1	adoption_340_Birth_Certificate_Nationality_Add	Adoption Birth Certificate Nationality Add	1646836361045	1646836361584	OK	 
REQUEST	1	adoption_340_Birth_Certificate_Nationality_Add	Adoption Birth Certificate Nationality Add Redirect 1	1646836361585	1646836361646	OK	 
GROUP	1	adoption_340_Birth_Certificate_Nationality_Add	1646836361045	1646836361793	743	OK
REQUEST	1	adoption_350_Birth_Certificate_Nationality_POST	Adoption Birth Certificate Nationality POST	1646836363801	1646836364247	OK	 
REQUEST	1	adoption_350_Birth_Certificate_Nationality_POST	Adoption Birth Certificate Nationality POST Redirect 1	1646836364248	1646836364280	OK	 
GROUP	1	adoption_350_Birth_Certificate_Nationality_POST	1646836363801	1646836364322	516	OK
REQUEST	1	adoption_360_Certificate_Details	Adoption Certificate Details	1646836366322	1646836366370	OK	 
GROUP	1	adoption_360_Certificate_Details	1646836366322	1646836366411	85	OK
REQUEST	1	adoption_370_Certificate_Details_Name	Adoption Certificate Details Name	1646836368413	1646836368854	OK	 
REQUEST	1	adoption_370_Certificate_Details_Name	Adoption Certificate Details Name Redirect 1	1646836368856	1646836368901	OK	 
GROUP	1	adoption_370_Certificate_Details_Name	1646836368412	1646836370943	524	OK
REQUEST	1	adoption_380_Placement_Order	Adoption Placement Order Details	1646836370943	1646836371415	OK	 
GROUP	1	adoption_380_Placement_Order	1646836370943	1646836371458	511	OK
REQUEST	1	adoption_390_Certificate_Placement_Order_Number	Adoption Placement Order Number	1646836373452	1646836373872	OK	 
REQUEST	1	adoption_390_Certificate_Placement_Order_Number	Adoption Placement Order Number Redirect 1	1646836373873	1646836374066	OK	 
GROUP	1	adoption_390_Certificate_Placement_Order_Number	1646836373451	1646836374107	651	OK
REQUEST	1	adoption_400_Certificate_Placement_Court	Adoption Placement Court	1646836376111	1646836376303	OK	 
REQUEST	1	adoption_400_Certificate_Placement_Court	Adoption Placement Court Redirect 1	1646836376304	1646836376492	OK	 
GROUP	1	adoption_400_Certificate_Placement_Court	1646836376111	1646836376535	421	OK
REQUEST	1	adoption_410_Certificate_Placement_Date	Adoption Placement Date	1646836378542	1646836378739	OK	 
REQUEST	1	adoption_410_Certificate_Placement_Date	Adoption Placement Date Redirect 1	1646836378740	1646836379094	OK	 
GROUP	1	adoption_410_Certificate_Placement_Date	1646836378541	1646836379138	591	OK
REQUEST	1	adoption_420_Certificate_Placement_Summary	Adoption Placement Summary	1646836381133	1646836381315	OK	 
REQUEST	1	adoption_420_Certificate_Placement_Summary	Adoption Placement Summary Redirect 1	1646836381317	1646836381503	OK	 
REQUEST	1	adoption_420_Certificate_Placement_Summary	Adoption Placement Summary Redirect 2	1646836381504	1646836381715	OK	 
GROUP	1	adoption_420_Certificate_Placement_Summary	1646836381133	1646836381760	620	OK
REQUEST	1	adoption_430_Certificate_Placement_Type_2	Adoption Placement Type 2	1646836383763	1646836383942	OK	 
REQUEST	1	adoption_430_Certificate_Placement_Type_2	Adoption Placement Type 2 Redirect 1	1646836383943	1646836384121	OK	 
GROUP	1	adoption_430_Certificate_Placement_Type_2	1646836383762	1646836384173	406	OK
REQUEST	1	adoption_440_Certificate_Placement_Order_Number_2	Adoption Placement Order Number 2	1646836386183	1646836386361	OK	 
REQUEST	1	adoption_440_Certificate_Placement_Order_Number_2	Adoption Placement Order Number 2 Redirect 1	1646836386363	1646836386693	OK	 
GROUP	1	adoption_440_Certificate_Placement_Order_Number_2	1646836386183	1646836386734	546	OK
REQUEST	1	adoption_450_Certificate_Placement_Court_2	Adoption Placement Court 2	1646836388732	1646836389129	OK	 
REQUEST	1	adoption_450_Certificate_Placement_Court_2	Adoption Placement Court 2 Redirect 1	1646836389131	1646836389327	OK	 
GROUP	1	adoption_450_Certificate_Placement_Court_2	1646836388732	1646836389370	633	OK
REQUEST	1	adoption_460_Certificate_Placement_Date_2	Adoption Placement Date 2	1646836391363	1646836391600	OK	 
REQUEST	1	adoption_460_Certificate_Placement_Date_2	Adoption Placement Date 2 Redirect 1	1646836391602	1646836391772	OK	 
GROUP	1	adoption_460_Certificate_Placement_Date_2	1646836391363	1646836391943	575	OK
REQUEST	1	adoption_470_Certificate_Placement_Summary_2	Adoption Placement Summary 2	1646836393951	1646836394248	OK	 
REQUEST	1	adoption_470_Certificate_Placement_Summary_2	Adoption Placement Summary 2 Redirect 1	1646836394250	1646836394319	OK	 
GROUP	1	adoption_470_Certificate_Placement_Summary_2	1646836393950	1646836394358	403	OK
REQUEST	1	adoption_480_Birth_Mother	Adoption Mother's Details	1646836396351	1646836396391	OK	 
GROUP	1	adoption_480_Birth_Mother	1646836396351	1646836396431	77	OK
REQUEST	1	adoption_490_Birth_Mother_Name	Adoption Mother's Name	1646836398443	1646836399062	OK	 
REQUEST	1	adoption_490_Birth_Mother_Name	Adoption Mother's Name Redirect 1	1646836399064	1646836399109	OK	 
GROUP	1	adoption_490_Birth_Mother_Name	1646836398442	1646836399149	702	OK
REQUEST	1	adoption_495_Birth_Mother	Adoption Mother's Details	1646836401134	1646836401188	OK	 
GROUP	1	adoption_495_Birth_Mother	1646836401133	1646836401240	102	OK
REQUEST	1	adoption_500_Birth_Mother_Alive	Adoption Mother Still Alive?	1646836403243	1646836403669	OK	 
REQUEST	1	adoption_500_Birth_Mother_Alive	Adoption Mother Still Alive? Redirect 1	1646836403671	1646836403719	OK	 
GROUP	1	adoption_500_Birth_Mother_Alive	1646836403243	1646836403759	512	OK
REQUEST	1	adoption_510_Birth_Mother_Nationality_Add	Adoption Mother's Nationality Add	1646836405763	1646836406025	OK	 
REQUEST	1	adoption_510_Birth_Mother_Nationality_Add	Adoption Mother's Nationality Add Redirect 1	1646836406026	1646836406069	OK	 
GROUP	1	adoption_510_Birth_Mother_Nationality_Add	1646836405762	1646836406111	344	OK
REQUEST	1	adoption_520_Birth_Mother_Nationality_POSt	Adoption Mother's Nationality	1646836408102	1646836408287	OK	 
REQUEST	1	adoption_520_Birth_Mother_Nationality_POSt	Adoption Mother's Nationality Redirect 1	1646836408288	1646836408320	OK	 
GROUP	1	adoption_520_Birth_Mother_Nationality_POSt	1646836408101	1646836408361	255	OK
REQUEST	1	adoption_530_Birth_Mother_Occupation	Adoption Mother's Occupation	1646836410363	1646836410837	OK	 
REQUEST	1	adoption_530_Birth_Mother_Occupation	Adoption Mother's Occupation Redirect 1	1646836410839	1646836410884	OK	 
GROUP	1	adoption_530_Birth_Mother_Occupation	1646836410363	1646836410929	562	OK
REQUEST	1	adoption_535_Birth_Mother_Occupation_Redirect	Adoption Mother's Details Redirect	1646836412932	1646836412979	OK	 
GROUP	1	adoption_535_Birth_Mother_Occupation_Redirect	1646836412931	1646836413021	86	OK
REQUEST	1	adoption_540_Birth_Mother_Occupation	Adoption Mother's Address Known	1646836415033	1646836415343	OK	 
REQUEST	1	adoption_540_Birth_Mother_Occupation	Adoption Mother's Address Known Redirect 1	1646836415344	1646836415385	OK	 
GROUP	1	adoption_540_Birth_Mother_Occupation	1646836415032	1646836415449	413	OK
REQUEST	1	adoption_550_Birth_Mother_Address_Manual	Adoption Mother's Address Manual	1646836417443	1646836417501	OK	 
GROUP	1	adoption_550_Birth_Mother_Address_Manual	1646836417443	1646836417541	96	OK
REQUEST	1	adoption_560_Birth_Mother_Address_POST	Adoption Mother's Address	1646836419554	1646836419998	OK	 
REQUEST	1	adoption_560_Birth_Mother_Address_POST	Adoption Mother's Address Redirect 1	1646836419999	1646836420043	OK	 
GROUP	1	adoption_560_Birth_Mother_Address_POST	1646836419553	1646836420085	527	OK
REQUEST	1	adoption_570_Birth_Father_Details	Adoption Father's Details	1646836422073	1646836422142	OK	 
GROUP	1	adoption_570_Birth_Father_Details	1646836422072	1646836422184	109	OK
REQUEST	1	adoption_580_Birth_Father_Details_POST	Adoption Father's Details On Certificate	1646836424191	1646836424364	OK	 
REQUEST	1	adoption_580_Birth_Father_Details_POST	Adoption Father's Details On Certificate Redirect 1	1646836424365	1646836424400	OK	 
GROUP	1	adoption_580_Birth_Father_Details_POST	1646836424191	1646836424444	248	OK
REQUEST	1	adoption_590_Birth_Father_Name	Adoption Father's Name	1646836426443	1646836426662	OK	 
REQUEST	1	adoption_590_Birth_Father_Name	Adoption Father's Name Redirect 1	1646836426663	1646836426698	OK	 
GROUP	1	adoption_590_Birth_Father_Name	1646836426442	1646836426744	297	OK
REQUEST	1	adoption_600_Birth_Father_Alive	Adoption Father Still alive?	1646836428743	1646836429097	OK	 
REQUEST	1	adoption_600_Birth_Father_Alive	Adoption Father Still alive? Redirect 1	1646836429098	1646836429134	OK	 
GROUP	1	adoption_600_Birth_Father_Alive	1646836428742	1646836429178	432	OK
REQUEST	1	adoption_610_Birth_Father_Nationality_Add	Adoption Father add Nationality	1646836431173	1646836431366	OK	 
REQUEST	1	adoption_610_Birth_Father_Nationality_Add	Adoption Father add Nationality Redirect 1	1646836431367	1646836431423	OK	 
GROUP	1	adoption_610_Birth_Father_Nationality_Add	1646836431172	1646836431464	288	OK
REQUEST	1	adoption_620_Birth_Father_Nationality_POST	Adoption Father's Nationality	1646836433473	1646836433878	OK	 
REQUEST	1	adoption_620_Birth_Father_Nationality_POST	Adoption Father's Nationality Redirect 1	1646836433879	1646836433918	OK	 
GROUP	1	adoption_620_Birth_Father_Nationality_POST	1646836433472	1646836433964	487	OK
REQUEST	1	adoption_630_Birth_Father_Occupation	Adoption Father's Occupation	1646836435963	1646836436151	OK	 
REQUEST	1	adoption_630_Birth_Father_Occupation	Adoption Father's Occupation Redirect 1	1646836436152	1646836436197	OK	 
GROUP	1	adoption_630_Birth_Father_Occupation	1646836435963	1646836436260	294	OK
REQUEST	1	adoption_640_Birth_Father_Occupation_Address_Known	Adoption Father's Address Known?	1646836438251	1646836438436	OK	 
REQUEST	1	adoption_640_Birth_Father_Occupation_Address_Known	Adoption Father's Address Known? Redirect 1	1646836438437	1646836438474	OK	 
GROUP	1	adoption_640_Birth_Father_Occupation_Address_Known	1646836438251	1646836438531	277	OK
REQUEST	1	adoption_640_Birth_Father_Occupation_Address_Manual	Adoption Father's Address Manual	1646836440543	1646836440595	OK	 
GROUP	1	adoption_640_Birth_Father_Occupation_Address_Manual	1646836440542	1646836440649	104	OK
REQUEST	1	adoption_640_Birth_Father_Occupation_Address_POST	Adoption Father's Address	1646836442641	1646836442888	OK	 
REQUEST	1	adoption_640_Birth_Father_Occupation_Address_POST	Adoption Father's Address Redirect 1	1646836442889	1646836442923	OK	 
GROUP	1	adoption_640_Birth_Father_Occupation_Address_POST	1646836442640	1646836443002	358	OK
REQUEST	1	adoption_650_Other_Parent_Exists	Adoption Other Parent	1646836445013	1646836445072	OK	 
GROUP	1	adoption_650_Other_Parent_Exists	1646836445012	1646836445170	155	OK
REQUEST	1	adoption_660_Other_Parent_Exists_POST	Adoption Other Parent Exists	1646836447163	1646836447598	OK	 
REQUEST	1	adoption_660_Other_Parent_Exists_POST	Adoption Other Parent Exists Redirect 1	1646836447600	1646836447643	OK	 
GROUP	1	adoption_660_Other_Parent_Exists_POST	1646836447163	1646836447691	525	OK
REQUEST	1	adoption_670_Other_Parent_Name	Adoption Other Parent Name	1646836449701	1646836449907	OK	 
REQUEST	1	adoption_670_Other_Parent_Name	Adoption Other Parent Name Redirect 1	1646836449909	1646836449956	OK	 
GROUP	1	adoption_670_Other_Parent_Name	1646836449701	1646836450015	309	OK
REQUEST	1	adoption_680_Other_Parent_Address_Known?	Adoption Other Parent Address known?	1646836452012	1646836452196	OK	 
REQUEST	1	adoption_680_Other_Parent_Address_Known?	Adoption Other Parent Address known? Redirect 1	1646836452198	1646836452236	OK	 
GROUP	1	adoption_680_Other_Parent_Address_Known?	1646836452012	1646836452293	277	OK
REQUEST	1	adoption_690_Other_Parent_Address_Manual	Adoption Other Parent Address Manual	1646836454293	1646836454346	OK	 
GROUP	1	adoption_690_Other_Parent_Address_Manual	1646836454293	1646836454387	91	OK
REQUEST	1	adoption_700_Other_Parent_Address_POST	Adoption Other Parent Address Manual	1646836456383	1646836456743	OK	 
REQUEST	1	adoption_700_Other_Parent_Address_POST	Adoption Other Parent Address Manual Redirect 1	1646836456744	1646836456778	OK	 
GROUP	1	adoption_700_Other_Parent_Address_POST	1646836456383	1646836456819	432	OK
REQUEST	1	adoption_710_Agency	Adoption Agency	1646836458813	1646836458995	OK	 
REQUEST	1	adoption_710_Agency	Adoption Agency Redirect 1	1646836458997	1646836459272	OK	 
GROUP	1	adoption_710_Agency	1646836458813	1646836459309	491	OK
REQUEST	1	adoption_720_Agency_Details	Adoption Agency Details	1646836461313	1646836461627	OK	 
REQUEST	1	adoption_720_Agency_Details	Adoption Agency Details Redirect 1	1646836461628	1646836461663	OK	 
GROUP	1	adoption_720_Agency_Details	1646836461312	1646836461748	432	OK
REQUEST	1	adoption_730_Other_Agency	Adoption Other Agency?	1646836463754	1646836463918	OK	 
REQUEST	1	adoption_730_Other_Agency	Adoption Other Agency? Redirect 1	1646836463920	1646836464289	OK	 
REQUEST	1	adoption_730_Other_Agency	Adoption Other Agency? Redirect 2	1646836464290	1646836464700	OK	 
GROUP	1	adoption_730_Other_Agency	1646836463753	1646836464756	997	OK
REQUEST	1	adoption_740_Other_Agency_Details	Adoption Other Agency Details	1646836466754	1646836467088	OK	 
REQUEST	1	adoption_740_Other_Agency_Details	Adoption Other Agency Details Redirect 1	1646836467089	1646836467125	OK	 
GROUP	1	adoption_740_Other_Agency_Details	1646836466753	1646836467166	409	OK
REQUEST	1	adoption_750_Social_Worker_Details	Adoption Social Worker Details	1646836469173	1646836469409	OK	 
REQUEST	1	adoption_750_Social_Worker_Details	Adoption Social Worker Details Redirect 1	1646836469411	1646836469446	OK	 
GROUP	1	adoption_750_Social_Worker_Details	1646836469173	1646836469579	401	OK
REQUEST	1	adoption_760_Sibling_Details	Adoption Sibling Details	1646836471572	1646836471614	OK	 
GROUP	1	adoption_760_Sibling_Details	1646836471571	1646836471660	86	OK
REQUEST	1	adoption_770_Sibling_Other?	Adoption Any Sibling?	1646836473661	1646836474119	OK	 
REQUEST	1	adoption_770_Sibling_Other?	Adoption Any Sibling? Redirect 1	1646836474121	1646836474157	OK	 
GROUP	1	adoption_770_Sibling_Other?	1646836473660	1646836474263	597	OK
REQUEST	1	adoption_780_Sibling_Court_Order_Exists?	Adoption Court Order Exists?	1646836476273	1646836476618	OK	 
REQUEST	1	adoption_780_Sibling_Court_Order_Exists?	Adoption Court Order Exists? Redirect 1	1646836476619	1646836476810	OK	 
GROUP	1	adoption_780_Sibling_Court_Order_Exists?	1646836476272	1646836476900	623	OK
REQUEST	1	adoption_790_Sibling_Name?	Adoption Sibling Name	1646836478893	1646836479078	OK	 
REQUEST	1	adoption_790_Sibling_Name?	Adoption Sibling Name Redirect 1	1646836479080	1646836479293	OK	 
REQUEST	1	adoption_790_Sibling_Name?	Adoption Sibling Name Redirect 2	1646836479294	1646836479547	OK	 
GROUP	1	adoption_790_Sibling_Name?	1646836478892	1646836479643	744	OK
REQUEST	1	adoption_800_Sibling_Order_Type	Adoption Order Type?	1646836481653	1646836482052	OK	 
REQUEST	1	adoption_800_Sibling_Order_Type	Adoption Order Type? Redirect 1	1646836482053	1646836482250	OK	 
GROUP	1	adoption_800_Sibling_Order_Type	1646836481652	1646836482302	646	OK
REQUEST	1	adoption_810_Sibling_Order_Number	Adoption Order Number	1646836484303	1646836484564	OK	 
REQUEST	1	adoption_810_Sibling_Order_Number	Adoption Order Number Redirect 1	1646836484565	1646836484657	OK	 
GROUP	1	adoption_810_Sibling_Order_Number	1646836484302	1646836484694	388	OK
REQUEST	1	adoption_820_Sibling_New_Order?	Adoption Add New Order?	1646836486692	1646836487125	OK	 
REQUEST	1	adoption_820_Sibling_New_Order?	Adoption Add New Order? Redirect 1	1646836487127	1646836487174	OK	 
GROUP	1	adoption_820_Sibling_New_Order?	1646836486692	1646836487272	574	OK
REQUEST	1	adoption_830_Sibling_Select	Adoption Select Sibling	1646836489273	1646836489458	OK	 
REQUEST	1	adoption_830_Sibling_Select	Adoption Select Sibling Redirect 1	1646836489459	1646836489889	OK	 
REQUEST	1	adoption_830_Sibling_Select	Adoption Select Sibling Redirect 2	1646836489890	1646836490075	OK	 
GROUP	1	adoption_830_Sibling_Select	1646836489273	1646836490115	837	OK
REQUEST	1	adoption_840_Sibling_Select	Adoption Order Type	1646836492113	1646836492279	OK	 
REQUEST	1	adoption_840_Sibling_Select	Adoption Order Type Redirect 1	1646836492281	1646836492552	OK	 
GROUP	1	adoption_840_Sibling_Select	1646836492112	1646836492628	511	OK
REQUEST	1	adoption_850_Sibling_Select	Adoption Order Number	1646836494623	1646836494906	OK	 
REQUEST	1	adoption_850_Sibling_Select	Adoption Order Number Redirect 1	1646836494907	1646836494968	OK	 
GROUP	1	adoption_850_Sibling_Select	1646836494622	1646836495018	391	OK
REQUEST	1	adoption_860_Sibling_Select	Adoption Order Number	1646836497022	1646836497374	OK	 
REQUEST	1	adoption_860_Sibling_Select	Adoption Order Number Redirect 1	1646836497376	1646836497410	OK	 
GROUP	1	adoption_860_Sibling_Select	1646836497022	1646836497470	444	OK
REQUEST	1	adoption_870_Upload_Document	Adoption Birth Certificate Details	1646836499471	1646836499549	OK	 
GROUP	1	adoption_870_Upload_Document	1646836499471	1646836499591	117	OK
REQUEST	1	adoption_885_Upload_Document_POST	Adoption Certificate Upload POST	1646836501582	1646836501972	OK	 
REQUEST	1	adoption_885_Upload_Document_POST	Adoption Certificate Upload POST Redirect 1	1646836501973	1646836502005	OK	 
GROUP	1	adoption_885_Upload_Document_POST	1646836501582	1646836502053	468	OK
REQUEST	1	adoption_890_Equality	Adoption Review Equality	1646836504063	1646836505044	OK	 
REQUEST	1	adoption_890_Equality	Adoption Review Equality Redirect 1	1646836505046	1646836505453	OK	 
REQUEST	1	adoption_890_Equality	Adoption Review Equality Redirect 2	1646836505455	1646836505592	OK	 
GROUP	1	adoption_890_Equality	1646836504062	1646836505734	1664	OK
USER	LAU Simulation	1	END	1646836282292	1646836507734
