RUN	simulations.mainSimulation	mainsimulation	1646837600267	 	3.3.1
USER	LAU Simulation	1	START	1646837601165	1646837601165
REQUEST	1	adoption_010_Homepage	Adoption Homepage	1646837601186	1646837601519	OK	 
REQUEST	1	adoption_010_Homepage	Adoption Homepage Redirect 1	1646837601548	1646837601579	OK	 
REQUEST	1	adoption_010_Homepage	Adoption Homepage Redirect 2	1646837601581	1646837601738	OK	 
GROUP	1	adoption_010_Homepage	1646837601172	1646837602206	903	OK
REQUEST	1	Adoption_020_Login	Adoption Login	1646837604229	1646837604523	OK	 
REQUEST	1	Adoption_020_Login	Adoption Login Redirect 1	1646837604527	1646837604932	OK	 
REQUEST	1	Adoption_020_Login	Adoption Login Redirect 2	1646837604933	1646837606066	OK	 
REQUEST	1	Adoption_020_Login	Adoption Login Redirect 3	1646837606068	1646837606110	OK	 
GROUP	1	Adoption_020_Login	1646837604223	1646837606448	2202	OK
REQUEST	1	Adoption_030_Apply_With	Adoption Applying With	1646837608458	1646837608508	OK	 
GROUP	1	Adoption_030_Apply_With	1646837608456	1646837608763	297	OK
REQUEST	1	Adoption_040_Adoption_Applying_Post	Adoption Applying Post	1646837610758	1646837611187	OK	 
REQUEST	1	Adoption_040_Adoption_Applying_Post	Adoption Applying Post Redirect 1	1646837611188	1646837611230	OK	 
GROUP	1	Adoption_040_Adoption_Applying_Post	1646837610756	1646837611446	682	OK
REQUEST	1	Adoption_050_Adoption_Applying_With_Redirect	Adoption Applying With Redirect	1646837613457	1646837613515	OK	 
GROUP	1	Adoption_050_Adoption_Applying_With_Redirect	1646837613456	1646837613665	202	OK
REQUEST	1	Adoption_060_Date_Of_Move	Adoption Date Child Moved in 	1646837615665	1646837615709	OK	 
GROUP	1	Adoption_060_Date_Of_Move	1646837615664	1646837615883	213	OK
REQUEST	1	Adoption_070_Date_Of_Move_POST	Adoption Date Child Moved in Post	1646837617877	1646837618243	OK	 
REQUEST	1	Adoption_070_Date_Of_Move_POST	Adoption Date Child Moved in Post Redirect 1	1646837618245	1646837618292	OK	 
REQUEST	1	Adoption_070_Date_Of_Move_POST,Adoption_050_Adoption_Applying_With_Redirect	Adoption Applying With Redirect	1646837618344	1646837618379	OK	 
GROUP	1	Adoption_070_Date_Of_Move_POST,Adoption_050_Adoption_Applying_With_Redirect	1646837618344	1646837618428	74	OK
GROUP	1	Adoption_070_Date_Of_Move_POST	1646837617876	1646837620434	534	OK
REQUEST	1	Adoption_080_Your_Details	Adoption Your Personal Details 	1646837622436	1646837622478	OK	 
GROUP	1	Adoption_080_Your_Details	1646837622435	1646837622563	122	OK
REQUEST	1	Adoption_090_Your_Details_POST	Adoption Your Personal Details Post	1646837624554	1646837625031	OK	 
REQUEST	1	Adoption_090_Your_Details_POST	Adoption Your Personal Details Post Redirect 1	1646837625033	1646837625133	OK	 
GROUP	1	Adoption_090_Your_Details_POST	1646837624553	1646837625293	733	OK
REQUEST	1	Adoption_100_Your_Details_Other_Name	Adoption Your Personal Details Other Name	1646837627304	1646837627604	OK	 
REQUEST	1	Adoption_100_Your_Details_Other_Name	Adoption Your Personal Details Other Name Redirect 1	1646837627605	1646837627653	OK	 
GROUP	1	Adoption_100_Your_Details_Other_Name	1646837627303	1646837627699	391	OK
REQUEST	1	Adoption_110_Your_Details_DoB	Adoption Your Personal Details DoB	1646837629695	1646837629741	OK	 
GROUP	1	Adoption_110_Your_Details_DoB	1646837629695	1646837629794	95	OK
REQUEST	1	Adoption_120_Your_Details_DoB_POST	Adoption Your Personal Details DoB POST	1646837631794	1646837631949	OK	 
REQUEST	1	Adoption_120_Your_Details_DoB_POST	Adoption Your Personal Details DoB POST Redirect 1	1646837631950	1646837631997	OK	 
GROUP	1	Adoption_120_Your_Details_DoB_POST	1646837631794	1646837632182	384	OK
REQUEST	1	Adoption_130_Your_Details_Occupation	Adoption Your Personal Details Occupation	1646837634176	1646837634729	OK	 
REQUEST	1	Adoption_130_Your_Details_Occupation	Adoption Your Personal Details Occupation Redirect 1	1646837634730	1646837634769	OK	 
GROUP	1	Adoption_130_Your_Details_Occupation	1646837634176	1646837634839	659	OK
REQUEST	1	Adoption_140_Your_Contact_Details	Adoption Your Contact Details LookUp	1646837636844	1646837636878	OK	 
GROUP	1	Adoption_140_Your_Contact_Details	1646837636843	1646837636923	76	OK
REQUEST	1	Adoption_150_Your_Contact_Details_Manual	Adoption Your Contact Details Manual	1646837638916	1646837639023	OK	 
GROUP	1	Adoption_150_Your_Contact_Details_Manual	1646837638915	1646837639172	252	OK
REQUEST	1	Adoption_160_Your_Contact_Details_Manual_POST	Adoption Your Contact Details Manual POST	1646837641176	1646837641692	OK	 
REQUEST	1	Adoption_160_Your_Contact_Details_Manual_POST	Adoption Your Contact Details Manual POST Redirect 1	1646837641694	1646837641745	OK	 
GROUP	1	Adoption_160_Your_Contact_Details_Manual_POST	1646837641176	1646837641787	606	OK
REQUEST	1	Adoption_170_Your_Contact_Details_POST	Adoption Your Contact Details POST	1646837643797	1646837644149	OK	 
REQUEST	1	Adoption_170_Your_Contact_Details_POST	Adoption Your Contact Details POST Redirect 1	1646837644151	1646837644211	OK	 
GROUP	1	Adoption_170_Your_Contact_Details_POST	1646837643796	1646837644369	566	OK
REQUEST	1	Adoption_180_Second_Personal_Details	Adoption Second Personal Details	1646837646367	1646837646421	OK	 
GROUP	1	Adoption_180_Second_Personal_Details	1646837646366	1646837646569	200	OK
REQUEST	1	Adoption_190_Second_Personal_Details_POST	Adoption Second Personal Details POST	1646837648567	1646837648863	OK	 
REQUEST	1	Adoption_190_Second_Personal_Details_POST	Adoption Second Personal Details POST Redirect 1	1646837648865	1646837648914	OK	 
GROUP	1	Adoption_190_Second_Personal_Details_POST	1646837648566	1646837648964	393	OK
REQUEST	1	Adoption_200_Second_Other_Name	Adoption Second Other Name	1646837650976	1646837651282	OK	 
REQUEST	1	Adoption_200_Second_Other_Name	Adoption Second Other Name Redirect 1	1646837651283	1646837651322	OK	 
GROUP	1	Adoption_200_Second_Other_Name	1646837650976	1646837651542	562	OK
REQUEST	1	Adoption_210_Second_Other_Name_Redirect	Adoption Second Other Name Redirect	1646837653527	1646837653772	OK	 
REQUEST	1	Adoption_210_Second_Other_Name_Redirect	Adoption Second Other Name Redirect Redirect 1	1646837653773	1646837653821	OK	 
GROUP	1	Adoption_210_Second_Other_Name_Redirect	1646837653526	1646837653862	330	OK
REQUEST	1	Adoption_220_Second_DoB	Adoption Second DoB	1646837655867	1646837656335	OK	 
REQUEST	1	Adoption_220_Second_DoB	Adoption Second DoB Redirect 1	1646837656336	1646837656378	OK	 
GROUP	1	Adoption_220_Second_DoB	1646837655866	1646837656666	795	OK
REQUEST	1	Adoption_230_Second_Occupation	Adoption Second Occupation	1646837658677	1646837659100	OK	 
REQUEST	1	Adoption_230_Second_Occupation	Adoption Second Occupation Redirect 1	1646837659101	1646837659139	OK	 
GROUP	1	Adoption_230_Second_Occupation	1646837658676	1646837659185	504	OK
REQUEST	1	Adoption_240_Second_Contact_Details_Same_Address	Adoption Second Contact Details Same-Address	1646837661185	1646837661224	OK	 
GROUP	1	Adoption_240_Second_Contact_Details_Same_Address	1646837661184	1646837661266	78	OK
REQUEST	1	Adoption_250_Second_Contact_Details_Same_Address_POST	Adoption Second Contact Details Same-Address POST	1646837663266	1646837663439	OK	 
REQUEST	1	Adoption_250_Second_Contact_Details_Same_Address_POST	Adoption Second Contact Details Same-Address POST Redirect 1	1646837663441	1646837663475	OK	 
GROUP	1	Adoption_250_Second_Contact_Details_Same_Address_POST	1646837663266	1646837663514	242	OK
REQUEST	1	Adoption_260_Second_Contact_Details_Manual_Redirect	Adoption Second Contact Details manual redirect	1646837665515	1646837665681	OK	 
GROUP	1	Adoption_260_Second_Contact_Details_Manual_Redirect	1646837665514	1646837666087	569	OK
REQUEST	1	Adoption_270_Second_Contact_Details_Manual_POST	Adoption Second Contact Details manual POST	1646837668085	1646837668282	OK	 
REQUEST	1	Adoption_270_Second_Contact_Details_Manual_POST	Adoption Second Contact Details manual POST Redirect 1	1646837668283	1646837668324	OK	 
GROUP	1	Adoption_270_Second_Contact_Details_Manual_POST	1646837668085	1646837668510	421	OK
REQUEST	1	Adoption_280_Second_Contact_Details__POST	Adoption Second Contact Details POST	1646837670505	1646837670680	OK	 
REQUEST	1	Adoption_280_Second_Contact_Details__POST	Adoption Second Contact Details POST Redirect 1	1646837670682	1646837670733	OK	 
GROUP	1	Adoption_280_Second_Contact_Details__POST	1646837670504	1646837670778	267	OK
REQUEST	1	adoption_290_Birth_Certificate	Adoption Birth Certificate Details	1646837672786	1646837672838	OK	 
GROUP	1	adoption_290_Birth_Certificate	1646837672785	1646837672945	156	OK
REQUEST	1	adoption_300_Birth_Certificate_Name	Adoption Birth Certificate Name	1646837674944	1646837675499	OK	 
REQUEST	1	adoption_300_Birth_Certificate_Name	Adoption Birth Certificate Name Redirect 1	1646837675500	1646837675549	OK	 
GROUP	1	adoption_300_Birth_Certificate_Name	1646837674944	1646837675997	1049	OK
REQUEST	1	adoption_320_Birth_Certificate_DoB	Adoption Birth Certificate DoB	1646837677996	1646837678044	OK	 
REQUEST	1	adoption_320_Birth_Certificate_DoB	Adoption Birth Certificate DoB Redirect 1	1646837678045	1646837678184	OK	 
GROUP	1	adoption_320_Birth_Certificate_DoB	1646837677996	1646837678229	228	OK
REQUEST	1	adoption_325_Birth_Certificate_DoB_Redirect	Adoption Birth Certificate Details Redirect	1646837680226	1646837680268	OK	 
GROUP	1	adoption_325_Birth_Certificate_DoB_Redirect	1646837680225	1646837680769	539	OK
REQUEST	1	adoption_330_Birth_Certificate_Sex	Adoption Birth Certificate Sex	1646837680769	1646837681217	OK	 
REQUEST	1	adoption_330_Birth_Certificate_Sex	Adoption Birth Certificate Sex Redirect 1	1646837681219	1646837681257	OK	 
GROUP	1	adoption_330_Birth_Certificate_Sex	1646837680769	1646837681587	814	OK
REQUEST	1	adoption_335_Birth_Certificate_Sex_Redirect	Adoption Birth Certificate Sex Redirect	1646837683586	1646837683645	OK	 
GROUP	1	adoption_335_Birth_Certificate_Sex_Redirect	1646837683585	1646837683822	233	OK
REQUEST	1	adoption_340_Birth_Certificate_Nationality_Add	Adoption Birth Certificate Nationality Add	1646837683822	1646837683993	OK	 
REQUEST	1	adoption_340_Birth_Certificate_Nationality_Add	Adoption Birth Certificate Nationality Add Redirect 1	1646837683993	1646837684047	OK	 
GROUP	1	adoption_340_Birth_Certificate_Nationality_Add	1646837683822	1646837684105	280	OK
REQUEST	1	adoption_350_Birth_Certificate_Nationality_POST	Adoption Birth Certificate Nationality POST	1646837686116	1646837686463	OK	 
REQUEST	1	adoption_350_Birth_Certificate_Nationality_POST	Adoption Birth Certificate Nationality POST Redirect 1	1646837686464	1646837686500	OK	 
GROUP	1	adoption_350_Birth_Certificate_Nationality_POST	1646837686115	1646837686556	435	OK
REQUEST	1	adoption_360_Certificate_Details	Adoption Certificate Details	1646837688556	1646837688613	OK	 
GROUP	1	adoption_360_Certificate_Details	1646837688556	1646837688782	223	OK
REQUEST	1	adoption_370_Certificate_Details_Name	Adoption Certificate Details Name	1646837690776	1646837691252	OK	 
REQUEST	1	adoption_370_Certificate_Details_Name	Adoption Certificate Details Name Redirect 1	1646837691253	1646837691290	OK	 
GROUP	1	adoption_370_Certificate_Details_Name	1646837690775	1646837693455	680	OK
REQUEST	1	adoption_380_Placement_Order	Adoption Placement Order Details	1646837693456	1646837693829	OK	 
GROUP	1	adoption_380_Placement_Order	1646837693455	1646837694517	1058	OK
REQUEST	1	adoption_390_Certificate_Placement_Order_Number	Adoption Placement Order Number	1646837696526	1646837696703	OK	 
REQUEST	1	adoption_390_Certificate_Placement_Order_Number	Adoption Placement Order Number Redirect 1	1646837696705	1646837697050	OK	 
GROUP	1	adoption_390_Certificate_Placement_Order_Number	1646837696525	1646837697209	678	OK
REQUEST	1	adoption_400_Certificate_Placement_Court	Adoption Placement Court	1646837699204	1646837699400	OK	 
REQUEST	1	adoption_400_Certificate_Placement_Court	Adoption Placement Court Redirect 1	1646837699401	1646837699588	OK	 
GROUP	1	adoption_400_Certificate_Placement_Court	1646837699204	1646837700110	902	OK
REQUEST	1	adoption_410_Certificate_Placement_Date	Adoption Placement Date	1646837702116	1646837702301	OK	 
REQUEST	1	adoption_410_Certificate_Placement_Date	Adoption Placement Date Redirect 1	1646837702302	1646837702474	OK	 
GROUP	1	adoption_410_Certificate_Placement_Date	1646837702116	1646837702753	633	OK
REQUEST	1	adoption_420_Certificate_Placement_Summary	Adoption Placement Summary	1646837704746	1646837704941	OK	 
REQUEST	1	adoption_420_Certificate_Placement_Summary	Adoption Placement Summary Redirect 1	1646837704942	1646837705144	OK	 
REQUEST	1	adoption_420_Certificate_Placement_Summary	Adoption Placement Summary Redirect 2	1646837705145	1646837705324	OK	 
GROUP	1	adoption_420_Certificate_Placement_Summary	1646837704745	1646837705450	699	OK
REQUEST	1	adoption_430_Certificate_Placement_Type_2	Adoption Placement Type 2	1646837707455	1646837707679	OK	 
REQUEST	1	adoption_430_Certificate_Placement_Type_2	Adoption Placement Type 2 Redirect 1	1646837707681	1646837707854	OK	 
GROUP	1	adoption_430_Certificate_Placement_Type_2	1646837707455	1646837708019	559	OK
REQUEST	1	adoption_440_Certificate_Placement_Order_Number_2	Adoption Placement Order Number 2	1646837710014	1646837710401	OK	 
REQUEST	1	adoption_440_Certificate_Placement_Order_Number_2	Adoption Placement Order Number 2 Redirect 1	1646837710403	1646837710568	OK	 
GROUP	1	adoption_440_Certificate_Placement_Order_Number_2	1646837710014	1646837711272	1253	OK
REQUEST	1	adoption_450_Certificate_Placement_Court_2	Adoption Placement Court 2	1646837713275	1646837713678	OK	 
REQUEST	1	adoption_450_Certificate_Placement_Court_2	Adoption Placement Court 2 Redirect 1	1646837713680	1646837713865	OK	 
GROUP	1	adoption_450_Certificate_Placement_Court_2	1646837713274	1646837714057	777	OK
REQUEST	1	adoption_460_Certificate_Placement_Date_2	Adoption Placement Date 2	1646837716066	1646837716272	OK	 
REQUEST	1	adoption_460_Certificate_Placement_Date_2	Adoption Placement Date 2 Redirect 1	1646837716273	1646837721071	OK	 
GROUP	1	adoption_460_Certificate_Placement_Date_2	1646837716065	1646837721205	5136	OK
REQUEST	1	adoption_470_Certificate_Placement_Summary_2	Adoption Placement Summary 2	1646837723206	1646837723773	OK	 
REQUEST	1	adoption_470_Certificate_Placement_Summary_2	Adoption Placement Summary 2 Redirect 1	1646837723774	1646837723819	OK	 
GROUP	1	adoption_470_Certificate_Placement_Summary_2	1646837723206	1646837724017	807	OK
REQUEST	1	adoption_480_Birth_Mother	Adoption Mother's Details	1646837726015	1646837726068	OK	 
GROUP	1	adoption_480_Birth_Mother	1646837726015	1646837726119	101	OK
REQUEST	1	adoption_490_Birth_Mother_Name	Adoption Mother's Name	1646837728114	1646837728323	OK	 
REQUEST	1	adoption_490_Birth_Mother_Name	Adoption Mother's Name Redirect 1	1646837728324	1646837728362	OK	 
GROUP	1	adoption_490_Birth_Mother_Name	1646837728114	1646837728402	285	OK
REQUEST	1	adoption_495_Birth_Mother	Adoption Mother's Details	1646837730405	1646837730461	OK	 
GROUP	1	adoption_495_Birth_Mother	1646837730404	1646837730593	186	OK
REQUEST	1	adoption_500_Birth_Mother_Alive	Adoption Mother Still Alive?	1646837732586	1646837733169	OK	 
REQUEST	1	adoption_500_Birth_Mother_Alive	Adoption Mother Still Alive? Redirect 1	1646837733171	1646837733236	OK	 
GROUP	1	adoption_500_Birth_Mother_Alive	1646837732585	1646837733345	754	OK
REQUEST	1	adoption_510_Birth_Mother_Nationality_Add	Adoption Mother's Nationality Add	1646837735356	1646837735674	OK	 
REQUEST	1	adoption_510_Birth_Mother_Nationality_Add	Adoption Mother's Nationality Add Redirect 1	1646837735675	1646837735723	OK	 
GROUP	1	adoption_510_Birth_Mother_Nationality_Add	1646837735355	1646837736175	815	OK
REQUEST	1	adoption_520_Birth_Mother_Nationality_POSt	Adoption Mother's Nationality	1646837738174	1646837738475	OK	 
REQUEST	1	adoption_520_Birth_Mother_Nationality_POSt	Adoption Mother's Nationality Redirect 1	1646837738476	1646837738515	OK	 
GROUP	1	adoption_520_Birth_Mother_Nationality_POSt	1646837738174	1646837738589	412	OK
REQUEST	1	adoption_530_Birth_Mother_Occupation	Adoption Mother's Occupation	1646837740585	1646837741018	OK	 
REQUEST	1	adoption_530_Birth_Mother_Occupation	Adoption Mother's Occupation Redirect 1	1646837741020	1646837741074	OK	 
GROUP	1	adoption_530_Birth_Mother_Occupation	1646837740584	1646837741128	538	OK
REQUEST	1	adoption_535_Birth_Mother_Occupation_Redirect	Adoption Mother's Details Redirect	1646837743136	1646837743182	OK	 
GROUP	1	adoption_535_Birth_Mother_Occupation_Redirect	1646837743135	1646837743374	234	OK
REQUEST	1	adoption_540_Birth_Mother_Occupation	Adoption Mother's Address Known	1646837745376	1646837746199	OK	 
REQUEST	1	adoption_540_Birth_Mother_Occupation	Adoption Mother's Address Known Redirect 1	1646837746200	1646837746238	OK	 
GROUP	1	adoption_540_Birth_Mother_Occupation	1646837745375	1646837746343	964	OK
REQUEST	1	adoption_550_Birth_Mother_Address_Manual	Adoption Mother's Address Manual	1646837748335	1646837748387	OK	 
GROUP	1	adoption_550_Birth_Mother_Address_Manual	1646837748335	1646837748465	127	OK
REQUEST	1	adoption_560_Birth_Mother_Address_POST	Adoption Mother's Address	1646837750466	1646837750780	OK	 
REQUEST	1	adoption_560_Birth_Mother_Address_POST	Adoption Mother's Address Redirect 1	1646837750781	1646837750837	OK	 
GROUP	1	adoption_560_Birth_Mother_Address_POST	1646837750465	1646837751468	998	OK
REQUEST	1	adoption_570_Birth_Father_Details	Adoption Father's Details	1646837753476	1646837753525	OK	 
GROUP	1	adoption_570_Birth_Father_Details	1646837753476	1646837753575	97	OK
REQUEST	1	adoption_580_Birth_Father_Details_POST	Adoption Father's Details On Certificate	1646837755575	1646837755774	OK	 
REQUEST	1	adoption_580_Birth_Father_Details_POST	Adoption Father's Details On Certificate Redirect 1	1646837755775	1646837755809	OK	 
GROUP	1	adoption_580_Birth_Father_Details_POST	1646837755575	1646837755858	279	OK
REQUEST	1	adoption_590_Birth_Father_Name	Adoption Father's Name	1646837757854	1646837758519	OK	 
REQUEST	1	adoption_590_Birth_Father_Name	Adoption Father's Name Redirect 1	1646837758520	1646837758676	OK	 
GROUP	1	adoption_590_Birth_Father_Name	1646837757853	1646837758853	995	OK
REQUEST	1	adoption_600_Birth_Father_Alive	Adoption Father Still alive?	1646837760856	1646837761027	OK	 
REQUEST	1	adoption_600_Birth_Father_Alive	Adoption Father Still alive? Redirect 1	1646837761029	1646837761080	OK	 
GROUP	1	adoption_600_Birth_Father_Alive	1646837760856	1646837761129	268	OK
REQUEST	1	adoption_610_Birth_Father_Nationality_Add	Adoption Father add Nationality	1646837763127	1646837763546	OK	 
REQUEST	1	adoption_610_Birth_Father_Nationality_Add	Adoption Father add Nationality Redirect 1	1646837763547	1646837763593	OK	 
GROUP	1	adoption_610_Birth_Father_Nationality_Add	1646837763126	1646837763636	505	OK
REQUEST	1	adoption_620_Birth_Father_Nationality_POST	Adoption Father's Nationality	1646837765645	1646837765822	OK	 
REQUEST	1	adoption_620_Birth_Father_Nationality_POST	Adoption Father's Nationality Redirect 1	1646837765824	1646837765859	OK	 
GROUP	1	adoption_620_Birth_Father_Nationality_POST	1646837765645	1646837765905	256	OK
REQUEST	1	adoption_630_Birth_Father_Occupation	Adoption Father's Occupation	1646837767907	1646837768256	OK	 
REQUEST	1	adoption_630_Birth_Father_Occupation	Adoption Father's Occupation Redirect 1	1646837768257	1646837768295	OK	 
GROUP	1	adoption_630_Birth_Father_Occupation	1646837767906	1646837768358	447	OK
REQUEST	1	adoption_640_Birth_Father_Occupation_Address_Known	Adoption Father's Address Known?	1646837770354	1646837770739	OK	 
REQUEST	1	adoption_640_Birth_Father_Occupation_Address_Known	Adoption Father's Address Known? Redirect 1	1646837770740	1646837770775	OK	 
GROUP	1	adoption_640_Birth_Father_Occupation_Address_Known	1646837770354	1646837771012	654	OK
REQUEST	1	adoption_640_Birth_Father_Occupation_Address_Manual	Adoption Father's Address Manual	1646837773006	1646837773216	OK	 
GROUP	1	adoption_640_Birth_Father_Occupation_Address_Manual	1646837773006	1646837773395	387	OK
REQUEST	1	adoption_640_Birth_Father_Occupation_Address_POST	Adoption Father's Address	1646837775405	1646837775850	OK	 
REQUEST	1	adoption_640_Birth_Father_Occupation_Address_POST	Adoption Father's Address Redirect 1	1646837775852	1646837775904	OK	 
GROUP	1	adoption_640_Birth_Father_Occupation_Address_POST	1646837775405	1646837776382	972	OK
REQUEST	1	adoption_650_Other_Parent_Exists	Adoption Other Parent	1646837778375	1646837778419	OK	 
GROUP	1	adoption_650_Other_Parent_Exists	1646837778375	1646837778656	278	OK
REQUEST	1	adoption_660_Other_Parent_Exists_POST	Adoption Other Parent Exists	1646837780655	1646837780862	OK	 
REQUEST	1	adoption_660_Other_Parent_Exists_POST	Adoption Other Parent Exists Redirect 1	1646837780864	1646837780911	OK	 
GROUP	1	adoption_660_Other_Parent_Exists_POST	1646837780654	1646837781071	411	OK
REQUEST	1	adoption_670_Other_Parent_Name	Adoption Other Parent Name	1646837783074	1646837783287	OK	 
REQUEST	1	adoption_670_Other_Parent_Name	Adoption Other Parent Name Redirect 1	1646837783289	1646837783334	OK	 
GROUP	1	adoption_670_Other_Parent_Name	1646837783073	1646837783749	670	OK
REQUEST	1	adoption_680_Other_Parent_Address_Known?	Adoption Other Parent Address known?	1646837785746	1646837786404	OK	 
REQUEST	1	adoption_680_Other_Parent_Address_Known?	Adoption Other Parent Address known? Redirect 1	1646837786405	1646837786555	OK	 
GROUP	1	adoption_680_Other_Parent_Address_Known?	1646837785745	1646837786599	849	OK
REQUEST	1	adoption_690_Other_Parent_Address_Manual	Adoption Other Parent Address Manual	1646837788604	1646837788647	OK	 
GROUP	1	adoption_690_Other_Parent_Address_Manual	1646837788603	1646837788769	162	OK
REQUEST	1	adoption_700_Other_Parent_Address_POST	Adoption Other Parent Address Manual	1646837790767	1646837791148	OK	 
REQUEST	1	adoption_700_Other_Parent_Address_POST	Adoption Other Parent Address Manual Redirect 1	1646837791150	1646837791187	OK	 
GROUP	1	adoption_700_Other_Parent_Address_POST	1646837790766	1646837791235	463	OK
REQUEST	1	adoption_710_Agency	Adoption Agency	1646837793247	1646837793429	OK	 
REQUEST	1	adoption_710_Agency	Adoption Agency Redirect 1	1646837793430	1646837793856	OK	 
GROUP	1	adoption_710_Agency	1646837793246	1646837793906	656	OK
REQUEST	1	adoption_720_Agency_Details	Adoption Agency Details	1646837795906	1646837796082	OK	 
REQUEST	1	adoption_720_Agency_Details	Adoption Agency Details Redirect 1	1646837796083	1646837796119	OK	 
GROUP	1	adoption_720_Agency_Details	1646837795905	1646837796350	440	OK
REQUEST	1	adoption_730_Other_Agency	Adoption Other Agency?	1646837798345	1646837798692	OK	 
REQUEST	1	adoption_730_Other_Agency	Adoption Other Agency? Redirect 1	1646837798693	1646837798906	OK	 
REQUEST	1	adoption_730_Other_Agency	Adoption Other Agency? Redirect 2	1646837798907	1646837799090	OK	 
GROUP	1	adoption_730_Other_Agency	1646837798345	1646837799234	883	OK
REQUEST	1	adoption_740_Other_Agency_Details	Adoption Other Agency Details	1646837801225	1646837801406	OK	 
REQUEST	1	adoption_740_Other_Agency_Details	Adoption Other Agency Details Redirect 1	1646837801407	1646837801453	OK	 
GROUP	1	adoption_740_Other_Agency_Details	1646837801224	1646837801597	369	OK
REQUEST	1	adoption_750_Social_Worker_Details	Adoption Social Worker Details	1646837803606	1646837803771	OK	 
REQUEST	1	adoption_750_Social_Worker_Details	Adoption Social Worker Details Redirect 1	1646837803772	1646837803825	OK	 
GROUP	1	adoption_750_Social_Worker_Details	1646837803605	1646837804244	633	OK
REQUEST	1	adoption_760_Sibling_Details	Adoption Sibling Details	1646837806234	1646837806278	OK	 
GROUP	1	adoption_760_Sibling_Details	1646837806234	1646837806340	103	OK
REQUEST	1	adoption_770_Sibling_Other?	Adoption Any Sibling?	1646837808345	1646837808704	OK	 
REQUEST	1	adoption_770_Sibling_Other?	Adoption Any Sibling? Redirect 1	1646837808705	1646837808742	OK	 
GROUP	1	adoption_770_Sibling_Other?	1646837808344	1646837808790	442	OK
REQUEST	1	adoption_780_Sibling_Court_Order_Exists?	Adoption Court Order Exists?	1646837810795	1646837811065	OK	 
REQUEST	1	adoption_780_Sibling_Court_Order_Exists?	Adoption Court Order Exists? Redirect 1	1646837811066	1646837811250	OK	 
GROUP	1	adoption_780_Sibling_Court_Order_Exists?	1646837810794	1646837812105	1306	OK
REQUEST	1	adoption_790_Sibling_Name?	Adoption Sibling Name	1646837814117	1646837814451	OK	 
REQUEST	1	adoption_790_Sibling_Name?	Adoption Sibling Name Redirect 1	1646837814453	1646837814745	OK	 
REQUEST	1	adoption_790_Sibling_Name?	Adoption Sibling Name Redirect 2	1646837814746	1646837814914	OK	 
GROUP	1	adoption_790_Sibling_Name?	1646837814116	1646837814963	840	OK
REQUEST	1	adoption_800_Sibling_Order_Type	Adoption Order Type?	1646837816956	1646837817342	OK	 
REQUEST	1	adoption_800_Sibling_Order_Type	Adoption Order Type? Redirect 1	1646837817344	1646837817546	OK	 
GROUP	1	adoption_800_Sibling_Order_Type	1646837816955	1646837817794	833	OK
REQUEST	1	adoption_810_Sibling_Order_Number	Adoption Order Number	1646837819796	1646837819971	OK	 
REQUEST	1	adoption_810_Sibling_Order_Number	Adoption Order Number Redirect 1	1646837819972	1646837820019	OK	 
GROUP	1	adoption_810_Sibling_Order_Number	1646837819795	1646837820343	543	OK
REQUEST	1	adoption_820_Sibling_New_Order?	Adoption Add New Order?	1646837822335	1646837822743	OK	 
REQUEST	1	adoption_820_Sibling_New_Order?	Adoption Add New Order? Redirect 1	1646837822745	1646837822782	OK	 
GROUP	1	adoption_820_Sibling_New_Order?	1646837822334	1646837823415	1073	OK
REQUEST	1	adoption_830_Sibling_Select	Adoption Select Sibling	1646837825425	1646837825621	OK	 
REQUEST	1	adoption_830_Sibling_Select	Adoption Select Sibling Redirect 1	1646837825623	1646837825823	OK	 
REQUEST	1	adoption_830_Sibling_Select	Adoption Select Sibling Redirect 2	1646837825824	1646837826229	OK	 
GROUP	1	adoption_830_Sibling_Select	1646837825425	1646837826277	846	OK
REQUEST	1	adoption_840_Sibling_Select	Adoption Order Type	1646837828275	1646837828451	OK	 
REQUEST	1	adoption_840_Sibling_Select	Adoption Order Type Redirect 1	1646837828452	1646837829065	OK	 
GROUP	1	adoption_840_Sibling_Select	1646837828275	1646837829105	826	OK
REQUEST	1	adoption_850_Sibling_Select	Adoption Order Number	1646837831104	1646837831378	OK	 
REQUEST	1	adoption_850_Sibling_Select	Adoption Order Number Redirect 1	1646837831379	1646837831417	OK	 
GROUP	1	adoption_850_Sibling_Select	1646837831104	1646837831462	354	OK
REQUEST	1	adoption_860_Sibling_Select	Adoption Order Number	1646837833457	1646837833623	OK	 
REQUEST	1	adoption_860_Sibling_Select	Adoption Order Number Redirect 1	1646837833625	1646837833690	OK	 
GROUP	1	adoption_860_Sibling_Select	1646837833456	1646837833729	268	OK
REQUEST	1	adoption_870_Upload_Document	Adoption Birth Certificate Details	1646837835736	1646837835853	OK	 
GROUP	1	adoption_870_Upload_Document	1646837835736	1646837836027	288	OK
REQUEST	1	adoption_885_Upload_Document_POST	Adoption Certificate Upload POST	1646837838025	1646837838252	OK	 
REQUEST	1	adoption_885_Upload_Document_POST	Adoption Certificate Upload POST Redirect 1	1646837838254	1646837838588	OK	 
GROUP	1	adoption_885_Upload_Document_POST	1646837838025	1646837839164	1134	OK
REQUEST	1	adoption_890_Equality	Adoption Review Equality	1646837841166	1646837841779	OK	 
REQUEST	1	adoption_890_Equality	Adoption Review Equality Redirect 1	1646837841780	1646837842111	OK	 
REQUEST	1	adoption_890_Equality	Adoption Review Equality Redirect 2	1646837842112	1646837842220	OK	 
GROUP	1	adoption_890_Equality	1646837841165	1646837842875	1703	OK
REQUEST	1	adoption_900_Equality	Adoption Review Equality	1646837844876	1646837844933	KO	status.find.in(200,201,202,203,204,205,206,207,208,209,304), found 404
GROUP	1	adoption_900_Equality	1646837844875	1646837844943	57	KO
USER	LAU Simulation	1	END	1646837601165	1646837844949
