RUN	simulations.mainSimulation	mainsimulation	1646753089086	 	3.3.1
USER	LAU Simulation	1	START	1646753089601	1646753089601
REQUEST	1	adoption_010_Homepage	Adoption Homepage	1646753089622	1646753089713	OK	 
REQUEST	1	adoption_010_Homepage	Adoption Homepage Redirect 1	1646753089734	1646753089760	OK	 
REQUEST	1	adoption_010_Homepage	Adoption Homepage Redirect 2	1646753089761	1646753089817	OK	 
GROUP	1	adoption_010_Homepage	1646753089607	1646753090031	307	OK
REQUEST	1	Adoption_020_Login	Adoption Login	1646753092056	1646753092485	OK	 
REQUEST	1	Adoption_020_Login	Adoption Login Redirect 1	1646753092490	1646753092893	OK	 
REQUEST	1	Adoption_020_Login	Adoption Login Redirect 2	1646753092895	1646753093303	OK	 
REQUEST	1	Adoption_020_Login	Adoption Login Redirect 3	1646753093305	1646753093345	OK	 
GROUP	1	Adoption_020_Login	1646753092051	1646753093444	1369	OK
REQUEST	1	Adoption_030_Apply_With	Adoption Applying With	1646753095451	1646753095495	OK	 
GROUP	1	Adoption_030_Apply_With	1646753095450	1646753095547	87	OK
REQUEST	1	Adoption_040_Adoption_Applying_Post	Adoption Applying Post	1646753097543	1646753097828	OK	 
REQUEST	1	Adoption_040_Adoption_Applying_Post	Adoption Applying Post Redirect 1	1646753097830	1646753097871	OK	 
GROUP	1	Adoption_040_Adoption_Applying_Post	1646753097540	1646753097921	365	OK
REQUEST	1	Adoption_050_Adoption_Applying_With_Redirect	Adoption Applying With Redirect	1646753099931	1646753099976	OK	 
GROUP	1	Adoption_050_Adoption_Applying_With_Redirect	1646753099930	1646753100019	83	OK
REQUEST	1	adoption_380_Placement_Order	Adoption Placement Order Details	1646753102013	1646753102577	KO	substring(This is on the top right of the order).find.exists, found nothing
GROUP	1	adoption_380_Placement_Order	1646753102012	1646753102582	564	KO
USER	LAU Simulation	1	END	1646753089601	1646753102589
