RUN	simulations.mainSimulation	mainsimulation	1646997947398	 	3.3.1
USER	LAU Simulation	1	START	1646997949748	1646997949748
REQUEST	1	AD_010_Homepage	Adoption Homepage	1646997949774	1646997954454	OK	 
REQUEST	1	AD_010_Homepage	Adoption Homepage Redirect 1	1646997954480	1646997954523	OK	 
REQUEST	1	AD_010_Homepage	Adoption Homepage Redirect 2	1646997954524	1646997954762	OK	 
GROUP	1	AD_010_Homepage	1646997949756	1646997956302	6410	OK
REQUEST	1	AD_020_Login	Adoption Login	1646997957321	1646997957661	OK	 
REQUEST	1	AD_020_Login	Adoption Login Redirect 1	1646997957665	1646997958580	OK	 
REQUEST	1	AD_020_Login	Adoption Login Redirect 2	1646997958581	1646997960616	OK	 
REQUEST	1	AD_020_Login	Adoption Login Redirect 3	1646997960618	1646997960709	OK	 
GROUP	1	AD_020_Login	1646997957315	1646997961829	4491	OK
REQUEST	1	AD_030_Apply_With	Adoption Applying With	1646997962837	1646997962955	OK	 
GROUP	1	AD_030_Apply_With	1646997962835	1646997963070	226	OK
REQUEST	1	AD_040_Applying_Post	Adoption Applying Post	1646997964077	1646997964928	OK	 
REQUEST	1	AD_040_Applying_Post	Adoption Applying Post Redirect 1	1646997964930	1646997965069	OK	 
GROUP	1	AD_040_Applying_Post	1646997964076	1646997965121	1037	OK
REQUEST	1	AD_050_Applying_With_Redirect	Adoption Applying With Redirect	1646997966117	1646997968047	OK	 
GROUP	1	AD_050_Applying_With_Redirect	1646997966116	1646997968623	2501	OK
REQUEST	1	AD_060_Date_Of_Move	Adoption Date Child Moved in 	1646997969627	1646997969769	OK	 
GROUP	1	AD_060_Date_Of_Move	1646997969626	1646997969840	208	OK
REQUEST	1	AD_070_Date_Of_Move_POST	Adoption Date Child Moved in Post	1646997970838	1646997971359	OK	 
REQUEST	1	AD_070_Date_Of_Move_POST	Adoption Date Child Moved in Post Redirect 1	1646997971361	1646997971529	OK	 
GROUP	1	AD_070_Date_Of_Move_POST	1646997970837	1646997971607	761	OK
REQUEST	1	AD_080_Your_Details	Adoption Your Personal Details 	1646997971608	1646997971680	OK	 
GROUP	1	AD_080_Your_Details	1646997971607	1646997971758	145	OK
REQUEST	1	AD_090_Your_Details_POST	Adoption Your Personal Details Post	1646997972766	1646997973532	OK	 
REQUEST	1	AD_090_Your_Details_POST	Adoption Your Personal Details Post Redirect 1	1646997973534	1646997975497	OK	 
GROUP	1	AD_090_Your_Details_POST	1646997972765	1646997975679	2907	OK
REQUEST	1	AD_100_Your_Details_Other_Name	Adoption Your Personal Details Other Name	1646997976678	1646997977409	OK	 
REQUEST	1	AD_100_Your_Details_Other_Name	Adoption Your Personal Details Other Name Redirect 1	1646997977411	1646997977546	OK	 
GROUP	1	AD_100_Your_Details_Other_Name	1646997976677	1646997977634	949	OK
REQUEST	1	AD_110_Your_Details_DoB	Adoption Your Personal Details DoB	1646997978624	1646997978732	OK	 
GROUP	1	AD_110_Your_Details_DoB	1646997978624	1646997978833	205	OK
REQUEST	1	AD_120_Your_Details_DoB_POST	Adoption Your Personal Details DoB POST	1646997979836	1646997980394	OK	 
REQUEST	1	AD_120_Your_Details_DoB_POST	Adoption Your Personal Details DoB POST Redirect 1	1646997980396	1646997980525	OK	 
GROUP	1	AD_120_Your_Details_DoB_POST	1646997979835	1646997980579	738	OK
REQUEST	1	AD_130_Your_Details_Occupation	Adoption Your Personal Details Occupation	1646997981588	1646997982709	OK	 
REQUEST	1	AD_130_Your_Details_Occupation	Adoption Your Personal Details Occupation Redirect 1	1646997982711	1646997983027	OK	 
GROUP	1	AD_130_Your_Details_Occupation	1646997981587	1646997983388	1793	OK
REQUEST	1	AD_140_Your_Contact	Adoption Your Contact Details LookUp	1646997984385	1646997984550	OK	 
GROUP	1	AD_140_Your_Contact	1646997984385	1646997984650	261	OK
REQUEST	1	AD_150_Your_Contact_Manual	Adoption Your Contact Details Manual	1646997985646	1646997985765	OK	 
GROUP	1	AD_150_Your_Contact_Manual	1646997985646	1646997985888	238	OK
REQUEST	1	AD_160_Your_Contact_POST	Adoption Your Contact Details Manual POST	1646997986896	1646997987255	OK	 
REQUEST	1	AD_160_Your_Contact_POST	Adoption Your Contact Details Manual POST Redirect 1	1646997987257	1646997987551	OK	 
GROUP	1	AD_160_Your_Contact_POST	1646997986896	1646997987641	739	OK
REQUEST	1	AD_170_Your_Contact_POST	Adoption Your Contact Details POST	1646997988637	1646997989194	OK	 
REQUEST	1	AD_170_Your_Contact_POST	Adoption Your Contact Details POST Redirect 1	1646997989195	1646997990676	OK	 
GROUP	1	AD_170_Your_Contact_POST	1646997988636	1646997991062	2420	OK
REQUEST	1	AD_180_Second_Person	Adoption Second Personal Details	1646997992058	1646997992135	OK	 
GROUP	1	AD_180_Second_Person	1646997992057	1646997992188	126	OK
REQUEST	1	AD_190_Second_PersonPOST	Adoption Second Personal Details POST	1646997993198	1646997993706	OK	 
REQUEST	1	AD_190_Second_PersonPOST	Adoption Second Personal Details POST Redirect 1	1646997993708	1646997993961	OK	 
GROUP	1	AD_190_Second_PersonPOST	1646997993197	1646997994121	917	OK
REQUEST	1	AD_200_Second_Other_Name	Adoption Second Other Name	1646997995115	1646997995384	OK	 
REQUEST	1	AD_200_Second_Other_Name	Adoption Second Other Name Redirect 1	1646997995386	1646997995459	OK	 
GROUP	1	AD_200_Second_Other_Name	1646997995115	1646997995513	392	OK
REQUEST	1	AD_210_Second_Other_Name_Redirect	Adoption Second Other Name Redirect	1646997996515	1646997996880	OK	 
REQUEST	1	AD_210_Second_Other_Name_Redirect	Adoption Second Other Name Redirect Redirect 1	1646997996881	1646997996946	OK	 
GROUP	1	AD_210_Second_Other_Name_Redirect	1646997996515	1646997997037	518	OK
REQUEST	1	AD_220_Second_DoB	Adoption Second DoB	1646997998036	1646997998223	OK	 
REQUEST	1	AD_220_Second_DoB	Adoption Second DoB Redirect 1	1646997998225	1646997998300	OK	 
GROUP	1	AD_220_Second_DoB	1646997998035	1646997998351	310	OK
REQUEST	1	AD_230_Second_Occupation	Adoption Second Occupation	1646997999356	1646997999568	OK	 
REQUEST	1	AD_230_Second_Occupation	Adoption Second Occupation Redirect 1	1646997999570	1646997999690	OK	 
GROUP	1	AD_230_Second_Occupation	1646997999355	1646997999757	395	OK
REQUEST	1	AD_240_Second_Contact_Same	Adoption Second Contact Details Same-Address	1646998000757	1646998000895	OK	 
GROUP	1	AD_240_Second_Contact_Same	1646998000756	1646998000952	191	OK
REQUEST	1	AD_250_Second_Contact_Same_POST	Adoption Second Contact Details Same-Address POST	1646998001947	1646998002353	OK	 
REQUEST	1	AD_250_Second_Contact_Same_POST	Adoption Second Contact Details Same-Address POST Redirect 1	1646998002355	1646998002621	OK	 
GROUP	1	AD_250_Second_Contact_Same_POST	1646998001946	1646998002711	759	OK
REQUEST	1	AD_260_Second_Contact_Manual_Redirect	Adoption Second Contact Details manual redirect	1646998003714	1646998004280	OK	 
GROUP	1	AD_260_Second_Contact_Manual_Redirect	1646998003714	1646998004601	883	OK
REQUEST	1	AD_270_Second_Contact_Manual_POST	Adoption Second Contact Details manual POST	1646998005605	1646998005799	OK	 
REQUEST	1	AD_270_Second_Contact_Manual_POST	Adoption Second Contact Details manual POST Redirect 1	1646998005801	1646998005871	OK	 
GROUP	1	AD_270_Second_Contact_Manual_POST	1646998005605	1646998005953	342	OK
REQUEST	1	AD_280_Second_Contact_POST	Adoption Second Contact Details POST	1646998006945	1646998007147	OK	 
REQUEST	1	AD_280_Second_Contact_POST	Adoption Second Contact Details POST Redirect 1	1646998007149	1646998007304	OK	 
GROUP	1	AD_280_Second_Contact_POST	1646998006944	1646998007378	427	OK
REQUEST	1	AD_290_Birth_Certificate	Adoption Birth Certificate Details	1646998008385	1646998008482	OK	 
GROUP	1	AD_290_Birth_Certificate	1646998008384	1646998008545	157	OK
REQUEST	1	AD_300_Birth_Name	Adoption Birth Certificate Name	1646998009556	1646998009741	OK	 
REQUEST	1	AD_300_Birth_Name	Adoption Birth Certificate Name Redirect 1	1646998009742	1646998009855	OK	 
GROUP	1	AD_300_Birth_Name	1646998009556	1646998009909	348	OK
REQUEST	1	AD_320_Birth_DoB	Adoption Birth Certificate DoB	1646998010905	1646998011752	OK	 
REQUEST	1	AD_320_Birth_DoB	Adoption Birth Certificate DoB Redirect 1	1646998011753	1646998012087	OK	 
GROUP	1	AD_320_Birth_DoB	1646998010904	1646998012144	1234	OK
REQUEST	1	AD_330_Birth_Sex	Adoption Birth Certificate Sex	1646998013136	1646998013520	OK	 
REQUEST	1	AD_330_Birth_Sex	Adoption Birth Certificate Sex Redirect 1	1646998013522	1646998013730	OK	 
GROUP	1	AD_330_Birth_Sex	1646998013135	1646998013841	692	OK
REQUEST	1	AD_340_Birth_Nationality_Add	Adoption Birth Certificate Nationality Add	1646998014846	1646998015077	OK	 
REQUEST	1	AD_340_Birth_Nationality_Add	Adoption Birth Certificate Nationality Add Redirect 1	1646998015078	1646998015156	OK	 
GROUP	1	AD_340_Birth_Nationality_Add	1646998014845	1646998015201	350	OK
REQUEST	1	AD_350_Birth_Nationality_POST	Adoption Birth Certificate Nationality POST	1646998016207	1646998016426	OK	 
REQUEST	1	AD_350_Birth_Nationality_POST	Adoption Birth Certificate Nationality POST Redirect 1	1646998016427	1646998016548	OK	 
GROUP	1	AD_350_Birth_Nationality_POST	1646998016206	1646998016650	439	OK
REQUEST	1	AD_360_Certificate_Details	Adoption Certificate Details	1646998017647	1646998017782	OK	 
GROUP	1	AD_360_Certificate_Details	1646998017647	1646998017882	233	OK
REQUEST	1	AD_370_Certificate_Name	Adoption Certificate Details Name	1646998018886	1646998019368	OK	 
REQUEST	1	AD_370_Certificate_Name	Adoption Certificate Details Name Redirect 1	1646998019369	1646998019624	OK	 
GROUP	1	AD_370_Certificate_Name	1646998018886	1646998019699	809	OK
REQUEST	1	AD_380_Placement_Order	Adoption Placement Order Details	1646998020697	1646998021524	OK	 
GROUP	1	AD_380_Placement_Order	1646998020697	1646998021820	1121	OK
REQUEST	1	AD_390_Placement_Number	Adoption Placement Order Number	1646998022817	1646998023010	OK	 
REQUEST	1	AD_390_Placement_Number	Adoption Placement Order Number Redirect 1	1646998023011	1646998023404	OK	 
GROUP	1	AD_390_Placement_Number	1646998022816	1646998023473	652	OK
REQUEST	1	AD_400_Placement_Court	Adoption Placement Court	1646998024475	1646998024700	OK	 
REQUEST	1	AD_400_Placement_Court	Adoption Placement Court Redirect 1	1646998024702	1646998025055	OK	 
GROUP	1	AD_400_Placement_Court	1646998024474	1646998025132	652	OK
REQUEST	1	AD_410_Placement_Date	Adoption Placement Date	1646998026136	1646998026346	OK	 
REQUEST	1	AD_410_Placement_Date	Adoption Placement Date Redirect 1	1646998026348	1646998026681	OK	 
GROUP	1	AD_410_Placement_Date	1646998026136	1646998026756	616	OK
REQUEST	1	AD_420_Placement_Summary	Adoption Placement Summary	1646998027757	1646998027941	OK	 
REQUEST	1	AD_420_Placement_Summary	Adoption Placement Summary Redirect 1	1646998027942	1646998028163	OK	 
REQUEST	1	AD_420_Placement_Summary	Adoption Placement Summary Redirect 2	1646998028164	1646998028437	OK	 
GROUP	1	AD_420_Placement_Summary	1646998027756	1646998028503	741	OK
REQUEST	1	AD_430_Placement_Type_2	Adoption Placement Type 2	1646998029496	1646998029730	OK	 
REQUEST	1	AD_430_Placement_Type_2	Adoption Placement Type 2 Redirect 1	1646998029732	1646998029963	OK	 
GROUP	1	AD_430_Placement_Type_2	1646998029496	1646998030072	571	OK
REQUEST	1	AD_440_Placement_Number_2	Adoption Placement Order Number 2	1646998031078	1646998031429	OK	 
REQUEST	1	AD_440_Placement_Number_2	Adoption Placement Order Number 2 Redirect 1	1646998031431	1646998031983	OK	 
GROUP	1	AD_440_Placement_Number_2	1646998031077	1646998032334	1251	OK
REQUEST	1	AD_450_Placement_Court_2	Adoption Placement Court 2	1646998033335	1646998033632	OK	 
REQUEST	1	AD_450_Placement_Court_2	Adoption Placement Court 2 Redirect 1	1646998033633	1646998034188	OK	 
GROUP	1	AD_450_Placement_Court_2	1646998033335	1646998034486	1148	OK
REQUEST	1	AD_460_Placement_Date_2	Adoption Placement Date 2	1646998035486	1646998035849	OK	 
REQUEST	1	AD_460_Placement_Date_2	Adoption Placement Date 2 Redirect 1	1646998035851	1646998036292	OK	 
GROUP	1	AD_460_Placement_Date_2	1646998035485	1646998036347	855	OK
REQUEST	1	AD_470_Placement_Summary_2	Adoption Placement Summary 2	1646998037357	1646998037564	OK	 
REQUEST	1	AD_470_Placement_Summary_2	Adoption Placement Summary 2 Redirect 1	1646998037566	1646998037699	OK	 
GROUP	1	AD_470_Placement_Summary_2	1646998037356	1646998037768	406	OK
REQUEST	1	AD_480_Birth_Mother	Adoption Mother's Details	1646998038767	1646998039161	OK	 
GROUP	1	AD_480_Birth_Mother	1646998038767	1646998039439	670	OK
REQUEST	1	AD_490_Mother_Name	Adoption Mother's Name	1646998040438	1646998041118	OK	 
REQUEST	1	AD_490_Mother_Name	Adoption Mother's Name Redirect 1	1646998041119	1646998041183	OK	 
GROUP	1	AD_490_Mother_Name	1646998040437	1646998041233	792	OK
REQUEST	1	AD_495_Mother_Alive_Redirect	Adoption Mother's Details	1646998042225	1646998042318	OK	 
GROUP	1	AD_495_Mother_Alive_Redirect	1646998042225	1646998042370	142	OK
REQUEST	1	AD_500_Mother_Alive	Adoption Mother Still Alive?	1646998043378	1646998043580	OK	 
REQUEST	1	AD_500_Mother_Alive	Adoption Mother Still Alive? Redirect 1	1646998043581	1646998043677	OK	 
GROUP	1	AD_500_Mother_Alive	1646998043377	1646998043760	379	OK
REQUEST	1	AD_510_Mother_Nationality_Add	Adoption Mother's Nationality Add	1646998044755	1646998045163	OK	 
REQUEST	1	AD_510_Mother_Nationality_Add	Adoption Mother's Nationality Add Redirect 1	1646998045164	1646998045239	OK	 
GROUP	1	AD_510_Mother_Nationality_Add	1646998044755	1646998045294	536	OK
REQUEST	1	AD_520_Mother_Nationality_POST	Adoption Mother's Nationality	1646998046295	1646998046594	OK	 
REQUEST	1	AD_520_Mother_Nationality_POST	Adoption Mother's Nationality Redirect 1	1646998046595	1646998046769	OK	 
GROUP	1	AD_520_Mother_Nationality_POST	1646998046294	1646998046817	519	OK
REQUEST	1	AD_530_Mother_Occupation	Adoption Mother's Occupation	1646998047826	1646998048082	OK	 
REQUEST	1	AD_530_Mother_Occupation	Adoption Mother's Occupation Redirect 1	1646998048083	1646998048341	OK	 
GROUP	1	AD_530_Mother_Occupation	1646998047826	1646998048511	681	OK
REQUEST	1	AD_535_Mother_Occupation_Redirect	Adoption Mother's Details Redirect	1646998049505	1646998049660	OK	 
GROUP	1	AD_535_Mother_Occupation_Redirect	1646998049505	1646998049777	270	OK
REQUEST	1	AD_540_Mother_Occupation	Adoption Mother's Address Known	1646998050776	1646998050994	OK	 
REQUEST	1	AD_540_Mother_Occupation	Adoption Mother's Address Known Redirect 1	1646998050995	1646998051126	OK	 
GROUP	1	AD_540_Mother_Occupation	1646998050775	1646998051185	406	OK
REQUEST	1	AD_550_Mother_Address_Manual	Adoption Mother's Address Manual	1646998052175	1646998052635	OK	 
GROUP	1	AD_550_Mother_Address_Manual	1646998052174	1646998052707	529	OK
REQUEST	1	AD_560_Mother_Address_POST	Adoption Mother's Address	1646998053727	1646998054162	OK	 
REQUEST	1	AD_560_Mother_Address_POST	Adoption Mother's Address Redirect 1	1646998054162	1646998054942	OK	 
GROUP	1	AD_560_Mother_Address_POST	1646998053726	1646998055018	1288	OK
REQUEST	1	AD_570_Father_Details	Adoption Father's Details	1646998056017	1646998056307	OK	 
GROUP	1	AD_570_Father_Details	1646998056016	1646998056357	337	OK
REQUEST	1	AD_580_Father_Details_POST	Adoption Father's Details On Certificate	1646998057355	1646998058052	OK	 
REQUEST	1	AD_580_Father_Details_POST	Adoption Father's Details On Certificate Redirect 1	1646998058053	1646998058169	OK	 
GROUP	1	AD_580_Father_Details_POST	1646998057355	1646998058244	886	OK
REQUEST	1	AD_590_Father_Name	Adoption Father's Name	1646998059246	1646998059692	OK	 
REQUEST	1	AD_590_Father_Name	Adoption Father's Name Redirect 1	1646998059694	1646998059898	OK	 
GROUP	1	AD_590_Father_Name	1646998059245	1646998060046	795	OK
REQUEST	1	AD_600_Father_Alive	Adoption Father Still alive?	1646998061046	1646998061337	OK	 
REQUEST	1	AD_600_Father_Alive	Adoption Father Still alive? Redirect 1	1646998061338	1646998061440	OK	 
GROUP	1	AD_600_Father_Alive	1646998061046	1646998061598	549	OK
REQUEST	1	AD_610_Father_Nationality_Add	Adoption Father add Nationality	1646998062597	1646998062796	OK	 
REQUEST	1	AD_610_Father_Nationality_Add	Adoption Father add Nationality Redirect 1	1646998062798	1646998062889	OK	 
GROUP	1	AD_610_Father_Nationality_Add	1646998062597	1646998063038	436	OK
REQUEST	1	AD_620_Father_Nationality_POST	Adoption Father's Nationality	1646998064036	1646998064460	OK	 
REQUEST	1	AD_620_Father_Nationality_POST	Adoption Father's Nationality Redirect 1	1646998064461	1646998064743	OK	 
GROUP	1	AD_620_Father_Nationality_POST	1646998064036	1646998064903	863	OK
REQUEST	1	AD_630_Father_Occupation	Adoption Father's Occupation	1646998065895	1646998066556	OK	 
REQUEST	1	AD_630_Father_Occupation	Adoption Father's Occupation Redirect 1	1646998066558	1646998066646	OK	 
GROUP	1	AD_630_Father_Occupation	1646998065894	1646998066694	794	OK
REQUEST	1	AD_640_Father_Address_Known	Adoption Father's Address Known?	1646998067697	1646998068088	OK	 
REQUEST	1	AD_640_Father_Address_Known	Adoption Father's Address Known? Redirect 1	1646998068089	1646998068151	OK	 
GROUP	1	AD_640_Father_Address_Known	1646998067696	1646998068200	498	OK
REQUEST	1	AD_641_Father_Address_Manual	Adoption Father's Address Manual	1646998069206	1646998069297	OK	 
GROUP	1	AD_641_Father_Address_Manual	1646998069205	1646998069393	184	OK
REQUEST	1	AD_642_Father_Address_POST	Adoption Father's Address	1646998070395	1646998070813	OK	 
REQUEST	1	AD_642_Father_Address_POST	Adoption Father's Address Redirect 1	1646998070814	1646998071051	OK	 
GROUP	1	AD_642_Father_Address_POST	1646998070395	1646998071163	764	OK
REQUEST	1	AD_650_Other_Parent_Exists	Adoption Other Parent	1646998072156	1646998072415	OK	 
GROUP	1	AD_650_Other_Parent_Exists	1646998072156	1646998072540	381	OK
REQUEST	1	AD_660_Other_Exists_POST	Adoption Other Parent Exists	1646998073547	1646998073987	OK	 
REQUEST	1	AD_660_Other_Exists_POST	Adoption Other Parent Exists Redirect 1	1646998073988	1646998074397	OK	 
GROUP	1	AD_660_Other_Exists_POST	1646998073547	1646998074637	1087	OK
REQUEST	1	AD_670_Other_Parent_Name	Adoption Other Parent Name	1646998075637	1646998076322	OK	 
REQUEST	1	AD_670_Other_Parent_Name	Adoption Other Parent Name Redirect 1	1646998076323	1646998076644	OK	 
GROUP	1	AD_670_Other_Parent_Name	1646998075636	1646998076820	1180	OK
REQUEST	1	AD_680_Other_Parent_Address_Known	Adoption Other Parent Address known?	1646998077826	1646998078244	OK	 
REQUEST	1	AD_680_Other_Parent_Address_Known	Adoption Other Parent Address known? Redirect 1	1646998078246	1646998078321	OK	 
GROUP	1	AD_680_Other_Parent_Address_Known	1646998077825	1646998078368	537	OK
REQUEST	1	AD_690_Other_Parent_Address_Manual	Adoption Other Parent Address Manual	1646998079366	1646998079444	OK	 
GROUP	1	AD_690_Other_Parent_Address_Manual	1646998079365	1646998079499	130	OK
REQUEST	1	AD_700_Other_Parent_Address_POST	Adoption Other Parent Address Manual	1646998080497	1646998080979	OK	 
REQUEST	1	AD_700_Other_Parent_Address_POST	Adoption Other Parent Address Manual Redirect 1	1646998080980	1646998081503	OK	 
GROUP	1	AD_700_Other_Parent_Address_POST	1646998080496	1646998081588	1088	OK
REQUEST	1	adoption_710_Agency	Adoption Agency	1646998082595	1646998082873	OK	 
REQUEST	1	adoption_710_Agency	Adoption Agency Redirect 1	1646998082874	1646998083221	OK	 
GROUP	1	adoption_710_Agency	1646998082595	1646998083276	678	OK
REQUEST	1	AD_720_Agency_Details	Adoption Agency Details	1646998084276	1646998084637	OK	 
REQUEST	1	AD_720_Agency_Details	Adoption Agency Details Redirect 1	1646998084638	1646998084915	OK	 
GROUP	1	AD_720_Agency_Details	1646998084275	1646998085437	1157	OK
REQUEST	1	AD_730_Other_Agency	Adoption Other Agency?	1646998086437	1646998087199	OK	 
REQUEST	1	AD_730_Other_Agency	Adoption Other Agency? Redirect 1	1646998087201	1646998087448	OK	 
REQUEST	1	AD_730_Other_Agency	Adoption Other Agency? Redirect 2	1646998087449	1646998088140	OK	 
GROUP	1	AD_730_Other_Agency	1646998086436	1646998088203	1760	OK
REQUEST	1	AD_740_Other_Agency_Details	Adoption Other Agency Details	1646998089195	1646998091385	OK	 
REQUEST	1	AD_740_Other_Agency_Details	Adoption Other Agency Details Redirect 1	1646998091387	1646998093187	OK	 
GROUP	1	AD_740_Other_Agency_Details	1646998089195	1646998153197	63997	OK
REQUEST	1	AD_750_Social_Worker_Details	Adoption Social Worker Details	1646998154206	1646998155128	OK	 
REQUEST	1	AD_750_Social_Worker_Details	Adoption Social Worker Details Redirect 1	1646998155129	1646998155381	OK	 
GROUP	1	AD_750_Social_Worker_Details	1646998154205	1646998155562	1352	OK
REQUEST	1	AD_760_Sibling_Details	Adoption Sibling Details	1646998156555	1646998156698	OK	 
GROUP	1	AD_760_Sibling_Details	1646998156554	1646998156793	236	OK
REQUEST	1	AD_770_Sibling_Other	Adoption Any Sibling?	1646998157797	1646998158434	OK	 
REQUEST	1	AD_770_Sibling_Other	Adoption Any Sibling? Redirect 1	1646998158435	1646998158630	OK	 
GROUP	1	AD_770_Sibling_Other	1646998157797	1646998158842	1042	OK
REQUEST	1	AD_780_Sibling_Order_Exists	Adoption Court Order Exists?	1646998159846	1646998160405	OK	 
REQUEST	1	AD_780_Sibling_Order_Exists	Adoption Court Order Exists? Redirect 1	1646998160407	1646998161326	OK	 
GROUP	1	AD_780_Sibling_Order_Exists	1646998159845	1646998161596	1746	OK
REQUEST	1	AD_790_Sibling_Name	Adoption Sibling Name	1646998162596	1646998163215	OK	 
REQUEST	1	AD_790_Sibling_Name	Adoption Sibling Name Redirect 1	1646998163216	1646998163608	OK	 
REQUEST	1	AD_790_Sibling_Name	Adoption Sibling Name Redirect 2	1646998163609	1646998163850	OK	 
GROUP	1	AD_790_Sibling_Name	1646998162596	1646998163930	1329	OK
REQUEST	1	AD_800_Sibling_Type	Adoption Order Type?	1646998164927	1646998165431	OK	 
REQUEST	1	AD_800_Sibling_Type	Adoption Order Type? Redirect 1	1646998165432	1646998165779	OK	 
GROUP	1	AD_800_Sibling_Type	1646998164927	1646998165898	968	OK
REQUEST	1	AD_810_Sibling_Number	Adoption Order Number	1646998166906	1646998167171	OK	 
REQUEST	1	AD_810_Sibling_Number	Adoption Order Number Redirect 1	1646998167171	1646998167325	OK	 
GROUP	1	AD_810_Sibling_Number	1646998166905	1646998167536	628	OK
REQUEST	1	AD_820_Sibling_New_Order	Adoption Add New Order?	1646998168536	1646998168729	OK	 
REQUEST	1	AD_820_Sibling_New_Order	Adoption Add New Order? Redirect 1	1646998168731	1646998168798	OK	 
GROUP	1	AD_820_Sibling_New_Order	1646998168535	1646998168851	310	OK
REQUEST	1	AD_830_Sibling_Select	Adoption Select Sibling	1646998169847	1646998170092	OK	 
REQUEST	1	AD_830_Sibling_Select	Adoption Select Sibling Redirect 1	1646998170093	1646998170551	OK	 
REQUEST	1	AD_830_Sibling_Select	Adoption Select Sibling Redirect 2	1646998170552	1646998170912	OK	 
GROUP	1	AD_830_Sibling_Select	1646998169846	1646998171095	1243	OK
REQUEST	1	AD_840_Sibling_Type_2	Adoption Order Type	1646998172106	1646998172360	OK	 
REQUEST	1	AD_840_Sibling_Type_2	Adoption Order Type Redirect 1	1646998172361	1646998172621	OK	 
GROUP	1	AD_840_Sibling_Type_2	1646998172106	1646998172694	585	OK
REQUEST	1	AD_850_Sibling_Number_2t	Adoption Order Number	1646998173677	1646998174188	OK	 
REQUEST	1	AD_850_Sibling_Number_2t	Adoption Order Number Redirect 1	1646998174190	1646998174926	OK	 
GROUP	1	AD_850_Sibling_Number_2t	1646998173676	1646998175252	1571	OK
REQUEST	1	AD_855_Sibling_Remove	Adoption Remove Placement Order	1646998176257	1646998176465	OK	 
REQUEST	1	AD_855_Sibling_Remove	Adoption Remove Placement Order Redirect 1	1646998176466	1646998176543	OK	 
GROUP	1	AD_855_Sibling_Remove	1646998176256	1646998176613	353	OK
REQUEST	1	AD_860_Sibling_Summary	Adoption Order Summary	1646998177616	1646998177840	OK	 
REQUEST	1	AD_860_Sibling_Summary	Adoption Order Summary Redirect 1	1646998177841	1646998177925	OK	 
GROUP	1	AD_860_Sibling_Summary	1646998177616	1646998178077	458	OK
REQUEST	1	AD_861_Family_Court	Adoption Family Court Redirect	1646998179086	1646998179233	OK	 
GROUP	1	AD_861_Family_Court	1646998179086	1646998179314	225	OK
REQUEST	1	AD_862_Family_Court_POST	Adoption Family Court Redirect	1646998180307	1646998180651	OK	 
REQUEST	1	AD_862_Family_Court_POST	Adoption Family Court Redirect Redirect 1	1646998180653	1646998180782	OK	 
GROUP	1	AD_862_Family_Court_POST	1646998180306	1646998180917	605	OK
REQUEST	1	AD_870_Upload_Document	Adoption Birth Certificate Details	1646998181917	1646998182003	OK	 
GROUP	1	AD_870_Upload_Document	1646998181917	1646998182079	159	OK
REQUEST	1	AD_880_Upload_Document	Adoption Certificate Upload	1646998183102	1646998188978	OK	 
GROUP	1	AD_880_Upload_Document	1646998183077	1646998189020	5876	OK
REQUEST	1	AD_885_Upload_Document_POST	Adoption Certificate Upload POST	1646998189975	1646998190246	OK	 
REQUEST	1	AD_885_Upload_Document_POST	Adoption Certificate Upload POST Redirect 1	1646998190247	1646998190713	OK	 
GROUP	1	AD_885_Upload_Document_POST	1646998189975	1646998191288	1308	OK
REQUEST	1	AD_890_Equality	Adoption Review Equality	1646998192297	1646998193119	OK	 
REQUEST	1	AD_890_Equality	Adoption Review Equality Redirect 1	1646998193120	1646998193591	OK	 
REQUEST	1	AD_890_Equality	Adoption Review Equality Redirect 2	1646998193592	1646998193704	OK	 
GROUP	1	AD_890_Equality	1646998192297	1646998194902	2601	OK
REQUEST	1	AD_900_Equality	Adoption Review Equality	1646998195897	1646998196023	KO	status.find.in(200,201,202,203,204,205,206,207,208,209,304), found 500
GROUP	1	AD_900_Equality	1646998195897	1646998196026	126	KO
USER	LAU Simulation	1	END	1646997949748	1646998196032
