RUN	simulations.mainSimulation	mainsimulation	1646844919992	 	3.3.1
USER	LAU Simulation	1	START	1646844920710	1646844920710
REQUEST	1	adoption_010_Homepage	Adoption Homepage	1646844920731	1646844921115	OK	 
REQUEST	1	adoption_010_Homepage	Adoption Homepage Redirect 1	1646844921141	1646844921171	OK	 
REQUEST	1	adoption_010_Homepage	Adoption Homepage Redirect 2	1646844921173	1646844921269	OK	 
GROUP	1	adoption_010_Homepage	1646844920717	1646844922117	1225	OK
REQUEST	1	Adoption_020_Login	Adoption Login	1646844923137	1646844923336	OK	 
REQUEST	1	Adoption_020_Login	Adoption Login Redirect 1	1646844923342	1646844923694	OK	 
REQUEST	1	Adoption_020_Login	Adoption Login Redirect 2	1646844923695	1646844924877	OK	 
REQUEST	1	Adoption_020_Login	Adoption Login Redirect 3	1646844924878	1646844924925	OK	 
GROUP	1	Adoption_020_Login	1646844923131	1646844926705	3548	OK
REQUEST	1	Adoption_030_Apply_With	Adoption Applying With	1646844927713	1646844927779	OK	 
GROUP	1	Adoption_030_Apply_With	1646844927711	1646844927850	127	OK
REQUEST	1	Adoption_040_Adoption_Applying_Post	Adoption Applying Post	1646844928853	1646844929332	OK	 
REQUEST	1	Adoption_040_Adoption_Applying_Post	Adoption Applying Post Redirect 1	1646844929334	1646844929370	OK	 
GROUP	1	Adoption_040_Adoption_Applying_Post	1646844928851	1646844929419	555	OK
REQUEST	1	Adoption_050_Adoption_Applying_With_Redirect	Adoption Applying With Redirect	1646844930421	1646844930454	OK	 
GROUP	1	Adoption_050_Adoption_Applying_With_Redirect	1646844930420	1646844930513	86	OK
REQUEST	1	Adoption_060_Date_Of_Move	Adoption Date Child Moved in 	1646844931523	1646844931573	OK	 
GROUP	1	Adoption_060_Date_Of_Move	1646844931522	1646844931622	94	OK
REQUEST	1	Adoption_070_Date_Of_Move_POST	Adoption Date Child Moved in Post	1646844932621	1646844933019	OK	 
REQUEST	1	Adoption_070_Date_Of_Move_POST	Adoption Date Child Moved in Post Redirect 1	1646844933021	1646844933073	OK	 
REQUEST	1	Adoption_070_Date_Of_Move_POST,Adoption_050_Adoption_Applying_With_Redirect	Adoption Applying With Redirect	1646844933242	1646844933283	OK	 
GROUP	1	Adoption_070_Date_Of_Move_POST,Adoption_050_Adoption_Applying_With_Redirect	1646844933241	1646844933375	128	OK
GROUP	1	Adoption_070_Date_Of_Move_POST	1646844932620	1646844934372	742	OK
REQUEST	1	adoption_760_Sibling_Details	Adoption Sibling Details	1646844935371	1646844935419	OK	 
GROUP	1	adoption_760_Sibling_Details	1646844935370	1646844935509	133	OK
REQUEST	1	adoption_770_Sibling_Other?	Adoption Any Sibling?	1646844936502	1646844936716	OK	 
REQUEST	1	adoption_770_Sibling_Other?	Adoption Any Sibling? Redirect 1	1646844936718	1646844936757	OK	 
GROUP	1	adoption_770_Sibling_Other?	1646844936501	1646844936804	296	OK
REQUEST	1	adoption_780_Sibling_Court_Order_Exists?	Adoption Court Order Exists?	1646844937812	1646844938344	OK	 
REQUEST	1	adoption_780_Sibling_Court_Order_Exists?	Adoption Court Order Exists? Redirect 1	1646844938346	1646844938840	OK	 
GROUP	1	adoption_780_Sibling_Court_Order_Exists?	1646844937812	1646844938932	1115	OK
REQUEST	1	adoption_790_Sibling_Name?	Adoption Sibling Name	1646844939933	1646844940513	OK	 
REQUEST	1	adoption_790_Sibling_Name?	Adoption Sibling Name Redirect 1	1646844940514	1646844940870	OK	 
REQUEST	1	adoption_790_Sibling_Name?	Adoption Sibling Name Redirect 2	1646844940871	1646844941076	OK	 
GROUP	1	adoption_790_Sibling_Name?	1646844939932	1646844941407	1468	OK
REQUEST	1	adoption_800_Sibling_Order_Type	Adoption Order Type?	1646844942402	1646844942614	OK	 
REQUEST	1	adoption_800_Sibling_Order_Type	Adoption Order Type? Redirect 1	1646844942615	1646844942970	OK	 
GROUP	1	adoption_800_Sibling_Order_Type	1646844942401	1646844943183	776	OK
REQUEST	1	adoption_810_Sibling_Order_Number	Adoption Order Number	1646844944193	1646844944356	OK	 
REQUEST	1	adoption_810_Sibling_Order_Number	Adoption Order Number Redirect 1	1646844944358	1646844944405	OK	 
GROUP	1	adoption_810_Sibling_Order_Number	1646844944192	1646844944581	382	OK
REQUEST	1	adoption_860_Sibling_Select	Adoption Order Number	1646844945572	1646844945744	OK	 
REQUEST	1	adoption_860_Sibling_Select	Adoption Order Number Redirect 1	1646844945745	1646844945784	OK	 
GROUP	1	adoption_860_Sibling_Select	1646844945571	1646844945833	256	OK
USER	LAU Simulation	1	END	1646844920710	1646844946846
