RUN	simulations.mainSimulation	mainsimulation	1646754475180	 	3.3.1
USER	LAU Simulation	1	START	1646754475715	1646754475715
REQUEST	1	adoption_010_Homepage	Adoption Homepage	1646754475740	1646754475837	OK	 
REQUEST	1	adoption_010_Homepage	Adoption Homepage Redirect 1	1646754475859	1646754475887	OK	 
REQUEST	1	adoption_010_Homepage	Adoption Homepage Redirect 2	1646754475889	1646754475945	OK	 
GROUP	1	adoption_010_Homepage	1646754475722	1646754476153	310	OK
REQUEST	1	Adoption_020_Login	Adoption Login	1646754478180	1646754478371	OK	 
REQUEST	1	Adoption_020_Login	Adoption Login Redirect 1	1646754478376	1646754478774	OK	 
REQUEST	1	Adoption_020_Login	Adoption Login Redirect 2	1646754478776	1646754479184	OK	 
REQUEST	1	Adoption_020_Login	Adoption Login Redirect 3	1646754479186	1646754479236	OK	 
GROUP	1	Adoption_020_Login	1646754478174	1646754479331	1130	OK
REQUEST	1	Adoption_030_Apply_With	Adoption Applying With	1646754481325	1646754481364	OK	 
GROUP	1	Adoption_030_Apply_With	1646754481324	1646754481413	79	OK
REQUEST	1	Adoption_040_Adoption_Applying_Post	Adoption Applying Post	1646754483417	1646754483791	OK	 
REQUEST	1	Adoption_040_Adoption_Applying_Post	Adoption Applying Post Redirect 1	1646754483793	1646754483836	OK	 
GROUP	1	Adoption_040_Adoption_Applying_Post	1646754483415	1646754483888	463	OK
REQUEST	1	Adoption_050_Adoption_Applying_With_Redirect	Adoption Applying With Redirect	1646754485893	1646754485943	OK	 
GROUP	1	Adoption_050_Adoption_Applying_With_Redirect	1646754485893	1646754486002	103	OK
REQUEST	1	adoption_380_Placement_Order	Adoption Placement Order Details	1646754488006	1646754488400	OK	 
GROUP	1	adoption_380_Placement_Order	1646754488005	1646754488448	437	OK
REQUEST	1	adoption_390_Certificate_Placement_Order_Number	Adoption Placement Order Number	1646754490445	1646754490754	OK	 
REQUEST	1	adoption_390_Certificate_Placement_Order_Number	Adoption Placement Order Number Redirect 1	1646754490756	1646754491267	OK	 
GROUP	1	adoption_390_Certificate_Placement_Order_Number	1646754490444	1646754491310	859	OK
REQUEST	1	adoption_400_Certificate_Placement_Court	Adoption Placement Court	1646754493316	1646754493827	OK	 
REQUEST	1	adoption_400_Certificate_Placement_Court	Adoption Placement Court Redirect 1	1646754493829	1646754494053	OK	 
GROUP	1	adoption_400_Certificate_Placement_Court	1646754493315	1646754494109	779	OK
REQUEST	1	adoption_410_Certificate_Placement_Date	Adoption Placement Date	1646754496106	1646754496386	OK	 
REQUEST	1	adoption_410_Certificate_Placement_Date	Adoption Placement Date Redirect 1	1646754496388	1646754496564	KO	substring(Do you want to add another order??).find.exists, found nothing
GROUP	1	adoption_410_Certificate_Placement_Date	1646754496105	1646754496570	456	KO
USER	LAU Simulation	1	END	1646754475715	1646754496578
