RUN	simulations.mainSimulation	mainsimulation	1646905461452	 	3.3.1
USER	LAU Simulation	1	START	1646905462049	1646905462049
REQUEST	1	adoption_010_Homepage	Adoption Homepage	1646905462075	1646905463587	OK	 
REQUEST	1	adoption_010_Homepage	Adoption Homepage Redirect 1	1646905463613	1646905463648	OK	 
REQUEST	1	adoption_010_Homepage	Adoption Homepage Redirect 2	1646905463651	1646905463754	OK	 
GROUP	1	adoption_010_Homepage	1646905462057	1646905464505	2309	OK
REQUEST	1	Adoption_020_Login	Adoption Login	1646905465532	1646905465741	OK	 
REQUEST	1	Adoption_020_Login	Adoption Login Redirect 1	1646905465746	1646905466148	OK	 
REQUEST	1	Adoption_020_Login	Adoption Login Redirect 2	1646905466150	1646905467377	OK	 
REQUEST	1	Adoption_020_Login	Adoption Login Redirect 3	1646905467379	1646905467514	OK	 
GROUP	1	Adoption_020_Login	1646905465528	1646905468701	3150	OK
REQUEST	1	Adoption_030_Apply_With	Adoption Applying With	1646905469699	1646905469825	OK	 
GROUP	1	Adoption_030_Apply_With	1646905469697	1646905469880	173	OK
REQUEST	1	Adoption_040_Adoption_Applying_Post	Adoption Applying Post	1646905470889	1646905471303	OK	 
REQUEST	1	Adoption_040_Adoption_Applying_Post	Adoption Applying Post Redirect 1	1646905471304	1646905471524	OK	 
GROUP	1	Adoption_040_Adoption_Applying_Post	1646905470887	1646905471617	723	OK
REQUEST	1	Adoption_050_Adoption_Applying_With_Redirect	Adoption Applying With Redirect	1646905472618	1646905472690	OK	 
GROUP	1	Adoption_050_Adoption_Applying_With_Redirect	1646905472617	1646905472814	191	OK
REQUEST	1	Adoption_060_Date_Of_Move	Adoption Date Child Moved in 	1646905473809	1646905473973	OK	 
GROUP	1	Adoption_060_Date_Of_Move	1646905473808	1646905474028	214	OK
REQUEST	1	Adoption_070_Date_Of_Move_POST	Adoption Date Child Moved in Post	1646905475038	1646905475876	OK	 
REQUEST	1	Adoption_070_Date_Of_Move_POST	Adoption Date Child Moved in Post Redirect 1	1646905475878	1646905478028	OK	 
REQUEST	1	Adoption_070_Date_Of_Move_POST,Adoption_050_Adoption_Applying_With_Redirect	Adoption Applying With Redirect	1646905478086	1646905478186	OK	 
GROUP	1	Adoption_070_Date_Of_Move_POST,Adoption_050_Adoption_Applying_With_Redirect	1646905478085	1646905478230	140	OK
GROUP	1	Adoption_070_Date_Of_Move_POST	1646905475038	1646905479229	3180	OK
REQUEST	1	Adoption_080_Your_Details	Adoption Your Personal Details 	1646905480230	1646905480490	OK	 
GROUP	1	Adoption_080_Your_Details	1646905480229	1646905480697	462	OK
REQUEST	1	Adoption_090_Your_Details_POST	Adoption Your Personal Details Post	1646905481698	1646905482095	OK	 
REQUEST	1	Adoption_090_Your_Details_POST	Adoption Your Personal Details Post Redirect 1	1646905482097	1646905482144	OK	 
GROUP	1	Adoption_090_Your_Details_POST	1646905481697	1646905482270	560	OK
REQUEST	1	Adoption_100_Your_Details_Other_Name	Adoption Your Personal Details Other Name	1646905483268	1646905483863	OK	 
REQUEST	1	Adoption_100_Your_Details_Other_Name	Adoption Your Personal Details Other Name Redirect 1	1646905483864	1646905483969	OK	 
GROUP	1	Adoption_100_Your_Details_Other_Name	1646905483267	1646905484249	975	OK
REQUEST	1	Adoption_110_Your_Details_DoB	Adoption Your Personal Details DoB	1646905485250	1646905485471	OK	 
GROUP	1	Adoption_110_Your_Details_DoB	1646905485250	1646905485651	398	OK
REQUEST	1	Adoption_120_Your_Details_DoB_POST	Adoption Your Personal Details DoB POST	1646905486651	1646905486836	OK	 
REQUEST	1	Adoption_120_Your_Details_DoB_POST	Adoption Your Personal Details DoB POST Redirect 1	1646905486837	1646905486984	OK	 
GROUP	1	Adoption_120_Your_Details_DoB_POST	1646905486650	1646905487063	408	OK
REQUEST	1	Adoption_130_Your_Details_Occupation	Adoption Your Personal Details Occupation	1646905488059	1646905488470	OK	 
REQUEST	1	Adoption_130_Your_Details_Occupation	Adoption Your Personal Details Occupation Redirect 1	1646905488472	1646905488574	OK	 
GROUP	1	Adoption_130_Your_Details_Occupation	1646905488058	1646905488621	556	OK
REQUEST	1	Adoption_140_Your_Contact_Details	Adoption Your Contact Details LookUp	1646905489619	1646905491693	OK	 
GROUP	1	Adoption_140_Your_Contact_Details	1646905489618	1646905492061	2439	OK
REQUEST	1	Adoption_150_Your_Contact_Details_Manual	Adoption Your Contact Details Manual	1646905493069	1646905493769	OK	 
GROUP	1	Adoption_150_Your_Contact_Details_Manual	1646905493069	1646905493911	838	OK
REQUEST	1	Adoption_160_Your_Contact_Details_Manual_POST	Adoption Your Contact Details Manual POST	1646905494909	1646905495536	OK	 
REQUEST	1	Adoption_160_Your_Contact_Details_Manual_POST	Adoption Your Contact Details Manual POST Redirect 1	1646905495538	1646905495580	OK	 
GROUP	1	Adoption_160_Your_Contact_Details_Manual_POST	1646905494909	1646905496017	1103	OK
REQUEST	1	Adoption_170_Your_Contact_Details_POST	Adoption Your Contact Details POST	1646905497010	1646905497250	OK	 
REQUEST	1	Adoption_170_Your_Contact_Details_POST	Adoption Your Contact Details POST Redirect 1	1646905497252	1646905497524	OK	 
GROUP	1	Adoption_170_Your_Contact_Details_POST	1646905497009	1646905497784	769	OK
REQUEST	1	Adoption_180_Second_Personal_Details	Adoption Second Personal Details	1646905498788	1646905498978	OK	 
GROUP	1	Adoption_180_Second_Personal_Details	1646905498787	1646905499166	374	OK
REQUEST	1	Adoption_190_Second_Personal_Details_POST	Adoption Second Personal Details POST	1646905500168	1646905500605	OK	 
REQUEST	1	Adoption_190_Second_Personal_Details_POST	Adoption Second Personal Details POST Redirect 1	1646905500606	1646905500662	OK	 
GROUP	1	Adoption_190_Second_Personal_Details_POST	1646905500168	1646905500874	703	OK
REQUEST	1	Adoption_200_Second_Other_Name	Adoption Second Other Name	1646905501879	1646905502051	OK	 
REQUEST	1	Adoption_200_Second_Other_Name	Adoption Second Other Name Redirect 1	1646905502053	1646905502411	OK	 
GROUP	1	Adoption_200_Second_Other_Name	1646905501879	1646905502620	735	OK
REQUEST	1	Adoption_210_Second_Other_Name_Redirect	Adoption Second Other Name Redirect	1646905503619	1646905504037	OK	 
REQUEST	1	Adoption_210_Second_Other_Name_Redirect	Adoption Second Other Name Redirect Redirect 1	1646905504038	1646905504093	OK	 
GROUP	1	Adoption_210_Second_Other_Name_Redirect	1646905503618	1646905504160	537	OK
REQUEST	1	Adoption_220_Second_DoB	Adoption Second DoB	1646905505160	1646905505470	OK	 
REQUEST	1	Adoption_220_Second_DoB	Adoption Second DoB Redirect 1	1646905505472	1646905505538	OK	 
GROUP	1	Adoption_220_Second_DoB	1646905505159	1646905505581	415	OK
REQUEST	1	Adoption_230_Second_Occupation	Adoption Second Occupation	1646905506579	1646905507052	OK	 
REQUEST	1	Adoption_230_Second_Occupation	Adoption Second Occupation Redirect 1	1646905507053	1646905507177	OK	 
GROUP	1	Adoption_230_Second_Occupation	1646905506579	1646905507275	691	OK
REQUEST	1	Adoption_240_Second_Contact_Details_Same_Address	Adoption Second Contact Details Same-Address	1646905508279	1646905508434	OK	 
GROUP	1	Adoption_240_Second_Contact_Details_Same_Address	1646905508279	1646905508512	230	OK
REQUEST	1	Adoption_250_Second_Contact_Details_Same_Address_POST	Adoption Second Contact Details Same-Address POST	1646905509509	1646905509974	OK	 
REQUEST	1	Adoption_250_Second_Contact_Details_Same_Address_POST	Adoption Second Contact Details Same-Address POST Redirect 1	1646905509976	1646905510024	OK	 
GROUP	1	Adoption_250_Second_Contact_Details_Same_Address_POST	1646905509509	1646905510074	560	OK
REQUEST	1	Adoption_260_Second_Contact_Details_Manual_Redirect	Adoption Second Contact Details manual redirect	1646905511080	1646905511185	OK	 
GROUP	1	Adoption_260_Second_Contact_Details_Manual_Redirect	1646905511079	1646905511333	249	OK
REQUEST	1	Adoption_270_Second_Contact_Details_Manual_POST	Adoption Second Contact Details manual POST	1646905512328	1646905512701	OK	 
REQUEST	1	Adoption_270_Second_Contact_Details_Manual_POST	Adoption Second Contact Details manual POST Redirect 1	1646905512703	1646905512990	OK	 
GROUP	1	Adoption_270_Second_Contact_Details_Manual_POST	1646905512328	1646905513047	714	OK
REQUEST	1	Adoption_280_Second_Contact_Details__POST	Adoption Second Contact Details POST	1646905514058	1646905514257	OK	 
REQUEST	1	Adoption_280_Second_Contact_Details__POST	Adoption Second Contact Details POST Redirect 1	1646905514259	1646905514308	OK	 
GROUP	1	Adoption_280_Second_Contact_Details__POST	1646905514058	1646905514355	291	OK
REQUEST	1	adoption_290_Birth_Certificate	Adoption Birth Certificate Details	1646905515350	1646905515400	OK	 
GROUP	1	adoption_290_Birth_Certificate	1646905515350	1646905515613	261	OK
REQUEST	1	adoption_300_Birth_Certificate_Name	Adoption Birth Certificate Name	1646905516609	1646905516773	OK	 
REQUEST	1	adoption_300_Birth_Certificate_Name	Adoption Birth Certificate Name Redirect 1	1646905516774	1646905516831	OK	 
GROUP	1	adoption_300_Birth_Certificate_Name	1646905516608	1646905516874	261	OK
REQUEST	1	adoption_320_Birth_Certificate_DoB	Adoption Birth Certificate DoB	1646905517879	1646905518268	OK	 
REQUEST	1	adoption_320_Birth_Certificate_DoB	Adoption Birth Certificate DoB Redirect 1	1646905518269	1646905518333	OK	 
GROUP	1	adoption_320_Birth_Certificate_DoB	1646905517878	1646905518376	493	OK
REQUEST	1	adoption_330_Birth_Certificate_Sex	Adoption Birth Certificate Sex	1646905519370	1646905519571	OK	 
REQUEST	1	adoption_330_Birth_Certificate_Sex	Adoption Birth Certificate Sex Redirect 1	1646905519573	1646905519611	OK	 
GROUP	1	adoption_330_Birth_Certificate_Sex	1646905519369	1646905519655	280	OK
REQUEST	1	adoption_340_Birth_Certificate_Nationality_Add	Adoption Birth Certificate Nationality Add	1646905520657	1646905520833	OK	 
REQUEST	1	adoption_340_Birth_Certificate_Nationality_Add	Adoption Birth Certificate Nationality Add Redirect 1	1646905520834	1646905520920	OK	 
GROUP	1	adoption_340_Birth_Certificate_Nationality_Add	1646905520657	1646905521010	349	OK
REQUEST	1	adoption_350_Birth_Certificate_Nationality_POST	Adoption Birth Certificate Nationality POST	1646905522020	1646905522547	OK	 
REQUEST	1	adoption_350_Birth_Certificate_Nationality_POST	Adoption Birth Certificate Nationality POST Redirect 1	1646905522548	1646905522583	OK	 
GROUP	1	adoption_350_Birth_Certificate_Nationality_POST	1646905522019	1646905522628	604	OK
REQUEST	1	adoption_360_Certificate_Details	Adoption Certificate Details	1646905523628	1646905523780	OK	 
GROUP	1	adoption_360_Certificate_Details	1646905523628	1646905524015	384	OK
REQUEST	1	adoption_370_Certificate_Details_Name	Adoption Certificate Details Name	1646905525008	1646905525500	OK	 
REQUEST	1	adoption_370_Certificate_Details_Name	Adoption Certificate Details Name Redirect 1	1646905525501	1646905525839	OK	 
GROUP	1	adoption_370_Certificate_Details_Name	1646905525007	1646905526999	977	OK
REQUEST	1	adoption_380_Placement_Order	Adoption Placement Order Details	1646905526999	1646905527260	OK	 
GROUP	1	adoption_380_Placement_Order	1646905526999	1646905527306	304	OK
REQUEST	1	adoption_390_Certificate_Placement_Order_Number	Adoption Placement Order Number	1646905528300	1646905528512	OK	 
REQUEST	1	adoption_390_Certificate_Placement_Order_Number	Adoption Placement Order Number Redirect 1	1646905528513	1646905528728	OK	 
GROUP	1	adoption_390_Certificate_Placement_Order_Number	1646905528299	1646905528779	474	OK
REQUEST	1	adoption_400_Certificate_Placement_Court	Adoption Placement Court	1646905529777	1646905529947	OK	 
REQUEST	1	adoption_400_Certificate_Placement_Court	Adoption Placement Court Redirect 1	1646905529949	1646905530255	OK	 
GROUP	1	adoption_400_Certificate_Placement_Court	1646905529777	1646905530304	522	OK
REQUEST	1	adoption_410_Certificate_Placement_Date	Adoption Placement Date	1646905531309	1646905531785	OK	 
REQUEST	1	adoption_410_Certificate_Placement_Date	Adoption Placement Date Redirect 1	1646905531787	1646905531965	OK	 
GROUP	1	adoption_410_Certificate_Placement_Date	1646905531308	1646905532009	695	OK
REQUEST	1	adoption_420_Certificate_Placement_Summary	Adoption Placement Summary	1646905533009	1646905533233	OK	 
REQUEST	1	adoption_420_Certificate_Placement_Summary	Adoption Placement Summary Redirect 1	1646905533235	1646905533731	OK	 
REQUEST	1	adoption_420_Certificate_Placement_Summary	Adoption Placement Summary Redirect 2	1646905533732	1646905534045	OK	 
GROUP	1	adoption_420_Certificate_Placement_Summary	1646905533008	1646905534088	1073	OK
REQUEST	1	adoption_430_Certificate_Placement_Type_2	Adoption Placement Type 2	1646905535079	1646905535888	OK	 
REQUEST	1	adoption_430_Certificate_Placement_Type_2	Adoption Placement Type 2 Redirect 1	1646905535889	1646905538307	OK	 
GROUP	1	adoption_430_Certificate_Placement_Type_2	1646905535079	1646905538684	3601	OK
REQUEST	1	adoption_440_Certificate_Placement_Order_Number_2	Adoption Placement Order Number 2	1646905539688	1646905540369	OK	 
REQUEST	1	adoption_440_Certificate_Placement_Order_Number_2	Adoption Placement Order Number 2 Redirect 1	1646905540370	1646905540574	OK	 
GROUP	1	adoption_440_Certificate_Placement_Order_Number_2	1646905539687	1646905540678	986	OK
REQUEST	1	adoption_450_Certificate_Placement_Court_2	Adoption Placement Court 2	1646905541690	1646905541860	OK	 
REQUEST	1	adoption_450_Certificate_Placement_Court_2	Adoption Placement Court 2 Redirect 1	1646905541861	1646905542226	OK	 
GROUP	1	adoption_450_Certificate_Placement_Court_2	1646905541689	1646905542325	631	OK
REQUEST	1	adoption_460_Certificate_Placement_Date_2	Adoption Placement Date 2	1646905543318	1646905543499	OK	 
REQUEST	1	adoption_460_Certificate_Placement_Date_2	Adoption Placement Date 2 Redirect 1	1646905543500	1646905543698	OK	 
GROUP	1	adoption_460_Certificate_Placement_Date_2	1646905543317	1646905543746	424	OK
REQUEST	1	adoption_470_Certificate_Placement_Summary_2	Adoption Placement Summary 2	1646905544750	1646905544963	OK	 
REQUEST	1	adoption_470_Certificate_Placement_Summary_2	Adoption Placement Summary 2 Redirect 1	1646905544964	1646905545135	OK	 
GROUP	1	adoption_470_Certificate_Placement_Summary_2	1646905544749	1646905545175	421	OK
REQUEST	1	adoption_480_Birth_Mother	Adoption Mother's Details	1646905546169	1646905546227	OK	 
GROUP	1	adoption_480_Birth_Mother	1646905546169	1646905546274	102	OK
REQUEST	1	adoption_490_Birth_Mother_Name	Adoption Mother's Name	1646905547278	1646905547597	OK	 
REQUEST	1	adoption_490_Birth_Mother_Name	Adoption Mother's Name Redirect 1	1646905547598	1646905547668	OK	 
GROUP	1	adoption_490_Birth_Mother_Name	1646905547277	1646905547711	429	OK
REQUEST	1	adoption_495_Birth_Mother	Adoption Mother's Details	1646905548719	1646905548801	OK	 
GROUP	1	adoption_495_Birth_Mother	1646905548718	1646905548846	124	OK
REQUEST	1	adoption_500_Birth_Mother_Alive	Adoption Mother Still Alive?	1646905549840	1646905550165	OK	 
REQUEST	1	adoption_500_Birth_Mother_Alive	Adoption Mother Still Alive? Redirect 1	1646905550166	1646905550349	OK	 
GROUP	1	adoption_500_Birth_Mother_Alive	1646905549839	1646905550495	651	OK
REQUEST	1	adoption_510_Birth_Mother_Nationality_Add	Adoption Mother's Nationality Add	1646905551500	1646905551844	OK	 
REQUEST	1	adoption_510_Birth_Mother_Nationality_Add	Adoption Mother's Nationality Add Redirect 1	1646905551846	1646905552033	OK	 
GROUP	1	adoption_510_Birth_Mother_Nationality_Add	1646905551499	1646905552076	571	OK
REQUEST	1	adoption_520_Birth_Mother_Nationality_POSt	Adoption Mother's Nationality	1646905553069	1646905553801	OK	 
REQUEST	1	adoption_520_Birth_Mother_Nationality_POSt	Adoption Mother's Nationality Redirect 1	1646905553803	1646905553890	OK	 
GROUP	1	adoption_520_Birth_Mother_Nationality_POSt	1646905553068	1646905553937	864	OK
REQUEST	1	adoption_530_Birth_Mother_Occupation	Adoption Mother's Occupation	1646905554937	1646905555337	OK	 
REQUEST	1	adoption_530_Birth_Mother_Occupation	Adoption Mother's Occupation Redirect 1	1646905555338	1646905555385	OK	 
GROUP	1	adoption_530_Birth_Mother_Occupation	1646905554937	1646905555445	505	OK
REQUEST	1	adoption_535_Birth_Mother_Occupation_Redirect	Adoption Mother's Details Redirect	1646905556450	1646905556505	OK	 
GROUP	1	adoption_535_Birth_Mother_Occupation_Redirect	1646905556449	1646905556550	97	OK
REQUEST	1	adoption_540_Birth_Mother_Occupation	Adoption Mother's Address Known	1646905557557	1646905557726	OK	 
REQUEST	1	adoption_540_Birth_Mother_Occupation	Adoption Mother's Address Known Redirect 1	1646905557728	1646905557869	OK	 
GROUP	1	adoption_540_Birth_Mother_Occupation	1646905557557	1646905557917	356	OK
REQUEST	1	adoption_550_Birth_Mother_Address_Manual	Adoption Mother's Address Manual	1646905558919	1646905559058	OK	 
GROUP	1	adoption_550_Birth_Mother_Address_Manual	1646905558918	1646905559105	183	OK
REQUEST	1	adoption_560_Birth_Mother_Address_POST	Adoption Mother's Address	1646905560099	1646905560280	OK	 
REQUEST	1	adoption_560_Birth_Mother_Address_POST	Adoption Mother's Address Redirect 1	1646905560282	1646905560388	OK	 
GROUP	1	adoption_560_Birth_Mother_Address_POST	1646905560098	1646905560435	331	OK
REQUEST	1	adoption_570_Birth_Father_Details	Adoption Father's Details	1646905561437	1646905561527	OK	 
GROUP	1	adoption_570_Birth_Father_Details	1646905561437	1646905561576	137	OK
REQUEST	1	adoption_580_Birth_Father_Details_POST	Adoption Father's Details On Certificate	1646905562569	1646905562803	OK	 
REQUEST	1	adoption_580_Birth_Father_Details_POST	Adoption Father's Details On Certificate Redirect 1	1646905562804	1646905562877	OK	 
GROUP	1	adoption_580_Birth_Father_Details_POST	1646905562568	1646905563063	491	OK
REQUEST	1	adoption_590_Birth_Father_Name	Adoption Father's Name	1646905564069	1646905564355	OK	 
REQUEST	1	adoption_590_Birth_Father_Name	Adoption Father's Name Redirect 1	1646905564357	1646905564510	OK	 
GROUP	1	adoption_590_Birth_Father_Name	1646905564069	1646905564678	604	OK
REQUEST	1	adoption_600_Birth_Father_Alive	Adoption Father Still alive?	1646905565690	1646905566289	OK	 
REQUEST	1	adoption_600_Birth_Father_Alive	Adoption Father Still alive? Redirect 1	1646905566290	1646905566369	OK	 
GROUP	1	adoption_600_Birth_Father_Alive	1646905565689	1646905566441	747	OK
REQUEST	1	adoption_610_Birth_Father_Nationality_Add	Adoption Father add Nationality	1646905567439	1646905567651	OK	 
REQUEST	1	adoption_610_Birth_Father_Nationality_Add	Adoption Father add Nationality Redirect 1	1646905567652	1646905567724	OK	 
GROUP	1	adoption_610_Birth_Father_Nationality_Add	1646905567439	1646905567774	330	OK
REQUEST	1	adoption_620_Birth_Father_Nationality_POST	Adoption Father's Nationality	1646905568768	1646905569112	OK	 
REQUEST	1	adoption_620_Birth_Father_Nationality_POST	Adoption Father's Nationality Redirect 1	1646905569113	1646905569211	OK	 
GROUP	1	adoption_620_Birth_Father_Nationality_POST	1646905568767	1646905569281	509	OK
REQUEST	1	adoption_630_Birth_Father_Occupation	Adoption Father's Occupation	1646905570288	1646905570799	OK	 
REQUEST	1	adoption_630_Birth_Father_Occupation	Adoption Father's Occupation Redirect 1	1646905570800	1646905571239	OK	 
GROUP	1	adoption_630_Birth_Father_Occupation	1646905570288	1646905571357	1065	OK
REQUEST	1	adoption_640_Birth_Father_Occupation_Address_Known	Adoption Father's Address Known?	1646905572357	1646905572566	OK	 
REQUEST	1	adoption_640_Birth_Father_Occupation_Address_Known	Adoption Father's Address Known? Redirect 1	1646905572567	1646905572619	OK	 
GROUP	1	adoption_640_Birth_Father_Occupation_Address_Known	1646905572357	1646905572669	308	OK
REQUEST	1	adoption_640_Birth_Father_Occupation_Address_Manual	Adoption Father's Address Manual	1646905573670	1646905573722	OK	 
GROUP	1	adoption_640_Birth_Father_Occupation_Address_Manual	1646905573669	1646905573782	110	OK
REQUEST	1	adoption_640_Birth_Father_Occupation_Address_POST	Adoption Father's Address	1646905574778	1646905575517	OK	 
REQUEST	1	adoption_640_Birth_Father_Occupation_Address_POST	Adoption Father's Address Redirect 1	1646905575518	1646905576195	OK	 
GROUP	1	adoption_640_Birth_Father_Occupation_Address_POST	1646905574777	1646905576355	1573	OK
REQUEST	1	adoption_650_Other_Parent_Exists	Adoption Other Parent	1646905577350	1646905577521	OK	 
GROUP	1	adoption_650_Other_Parent_Exists	1646905577350	1646905577680	327	OK
REQUEST	1	adoption_660_Other_Parent_Exists_POST	Adoption Other Parent Exists	1646905578688	1646905579142	OK	 
REQUEST	1	adoption_660_Other_Parent_Exists_POST	Adoption Other Parent Exists Redirect 1	1646905579142	1646905579204	OK	 
GROUP	1	adoption_660_Other_Parent_Exists_POST	1646905578687	1646905579251	560	OK
REQUEST	1	adoption_670_Other_Parent_Name	Adoption Other Parent Name	1646905580250	1646905580732	OK	 
REQUEST	1	adoption_670_Other_Parent_Name	Adoption Other Parent Name Redirect 1	1646905580734	1646905580800	OK	 
GROUP	1	adoption_670_Other_Parent_Name	1646905580249	1646905580844	589	OK
REQUEST	1	adoption_680_Other_Parent_Address_Known?	Adoption Other Parent Address known?	1646905581838	1646905582032	OK	 
REQUEST	1	adoption_680_Other_Parent_Address_Known?	Adoption Other Parent Address known? Redirect 1	1646905582033	1646905582135	OK	 
GROUP	1	adoption_680_Other_Parent_Address_Known?	1646905581838	1646905582184	342	OK
REQUEST	1	adoption_690_Other_Parent_Address_Manual	Adoption Other Parent Address Manual	1646905583189	1646905583259	OK	 
GROUP	1	adoption_690_Other_Parent_Address_Manual	1646905583189	1646905583308	117	OK
REQUEST	1	adoption_700_Other_Parent_Address_POST	Adoption Other Parent Address Manual	1646905584310	1646905584725	OK	 
REQUEST	1	adoption_700_Other_Parent_Address_POST	Adoption Other Parent Address Manual Redirect 1	1646905584726	1646905584767	OK	 
GROUP	1	adoption_700_Other_Parent_Address_POST	1646905584309	1646905584810	496	OK
REQUEST	1	adoption_710_Agency	Adoption Agency	1646905585809	1646905585975	OK	 
REQUEST	1	adoption_710_Agency	Adoption Agency Redirect 1	1646905585977	1646905586198	OK	 
GROUP	1	adoption_710_Agency	1646905585808	1646905586244	430	OK
REQUEST	1	adoption_720_Agency_Details	Adoption Agency Details	1646905587250	1646905587797	OK	 
REQUEST	1	adoption_720_Agency_Details	Adoption Agency Details Redirect 1	1646905587798	1646905587878	OK	 
GROUP	1	adoption_720_Agency_Details	1646905587249	1646905587919	666	OK
REQUEST	1	adoption_730_Other_Agency	Adoption Other Agency?	1646905588919	1646905589198	OK	 
REQUEST	1	adoption_730_Other_Agency	Adoption Other Agency? Redirect 1	1646905589199	1646905589508	OK	 
REQUEST	1	adoption_730_Other_Agency	Adoption Other Agency? Redirect 2	1646905589509	1646905589847	OK	 
GROUP	1	adoption_730_Other_Agency	1646905588919	1646905589972	1048	OK
REQUEST	1	adoption_740_Other_Agency_Details	Adoption Other Agency Details	1646905590970	1646905591223	OK	 
REQUEST	1	adoption_740_Other_Agency_Details	Adoption Other Agency Details Redirect 1	1646905591225	1646905591269	OK	 
GROUP	1	adoption_740_Other_Agency_Details	1646905590969	1646905591312	338	OK
REQUEST	1	adoption_750_Social_Worker_Details	Adoption Social Worker Details	1646905592308	1646905592520	OK	 
REQUEST	1	adoption_750_Social_Worker_Details	Adoption Social Worker Details Redirect 1	1646905592522	1646905592648	OK	 
GROUP	1	adoption_750_Social_Worker_Details	1646905592307	1646905592691	378	OK
REQUEST	1	adoption_760_Sibling_Details	Adoption Sibling Details	1646905593700	1646905594403	OK	 
GROUP	1	adoption_760_Sibling_Details	1646905593700	1646905594584	881	OK
REQUEST	1	adoption_770_Sibling_Other?	Adoption Any Sibling?	1646905595579	1646905595887	OK	 
REQUEST	1	adoption_770_Sibling_Other?	Adoption Any Sibling? Redirect 1	1646905595888	1646905595952	OK	 
GROUP	1	adoption_770_Sibling_Other?	1646905595579	1646905596018	436	OK
REQUEST	1	adoption_780_Sibling_Court_Order_Exists?	Adoption Court Order Exists?	1646905597018	1646905597320	OK	 
REQUEST	1	adoption_780_Sibling_Court_Order_Exists?	Adoption Court Order Exists? Redirect 1	1646905597321	1646905597510	OK	 
GROUP	1	adoption_780_Sibling_Court_Order_Exists?	1646905597018	1646905597557	535	OK
REQUEST	1	adoption_790_Sibling_Name?	Adoption Sibling Name	1646905598559	1646905598959	OK	 
REQUEST	1	adoption_790_Sibling_Name?	Adoption Sibling Name Redirect 1	1646905598960	1646905599144	OK	 
REQUEST	1	adoption_790_Sibling_Name?	Adoption Sibling Name Redirect 2	1646905599145	1646905599566	OK	 
GROUP	1	adoption_790_Sibling_Name?	1646905598559	1646905599736	1172	OK
REQUEST	1	adoption_800_Sibling_Order_Type	Adoption Order Type?	1646905600730	1646905600914	OK	 
REQUEST	1	adoption_800_Sibling_Order_Type	Adoption Order Type? Redirect 1	1646905600916	1646905601254	OK	 
GROUP	1	adoption_800_Sibling_Order_Type	1646905600729	1646905601522	788	OK
REQUEST	1	adoption_810_Sibling_Order_Number	Adoption Order Number	1646905602530	1646905602696	OK	 
REQUEST	1	adoption_810_Sibling_Order_Number	Adoption Order Number Redirect 1	1646905602697	1646905602753	OK	 
GROUP	1	adoption_810_Sibling_Order_Number	1646905602529	1646905602860	326	OK
REQUEST	1	adoption_820_Sibling_New_Order?	Adoption Add New Order?	1646905603859	1646905604386	OK	 
REQUEST	1	adoption_820_Sibling_New_Order?	Adoption Add New Order? Redirect 1	1646905604387	1646905604433	OK	 
GROUP	1	adoption_820_Sibling_New_Order?	1646905603859	1646905604479	614	OK
REQUEST	1	adoption_830_Sibling_Select	Adoption Select Sibling	1646905605479	1646905606102	OK	 
REQUEST	1	adoption_830_Sibling_Select	Adoption Select Sibling Redirect 1	1646905606103	1646905606536	OK	 
REQUEST	1	adoption_830_Sibling_Select	Adoption Select Sibling Redirect 2	1646905606537	1646905606773	OK	 
GROUP	1	adoption_830_Sibling_Select	1646905605478	1646905606827	1343	OK
REQUEST	1	adoption_840_Sibling_Select	Adoption Order Type	1646905607840	1646905608278	OK	 
REQUEST	1	adoption_840_Sibling_Select	Adoption Order Type Redirect 1	1646905608279	1646905608670	OK	 
GROUP	1	adoption_840_Sibling_Select	1646905607839	1646905608779	935	OK
REQUEST	1	adoption_850_Sibling_Select	Adoption Order Number	1646905609780	1646905610120	OK	 
REQUEST	1	adoption_850_Sibling_Select	Adoption Order Number Redirect 1	1646905610122	1646905610180	OK	 
GROUP	1	adoption_850_Sibling_Select	1646905609779	1646905610353	568	OK
REQUEST	1	adoption_855_Sibling_Select	Adoption Order Number	1646905611350	1646905611656	OK	 
REQUEST	1	adoption_855_Sibling_Select	Adoption Order Number Redirect 1	1646905611657	1646905611771	OK	 
GROUP	1	adoption_855_Sibling_Select	1646905611349	1646905611824	470	OK
REQUEST	1	adoption_860_Sibling_Select	Adoption Order Number	1646905611824	1646905611988	OK	 
REQUEST	1	adoption_860_Sibling_Select	Adoption Order Number Redirect 1	1646905611989	1646905612131	OK	 
GROUP	1	adoption_860_Sibling_Select	1646905611824	1646905612207	378	OK
REQUEST	1	adoption_861_Family_Court	Adoption Family Court Redirect	1646905613199	1646905613270	OK	 
GROUP	1	adoption_861_Family_Court	1646905613199	1646905613317	115	OK
REQUEST	1	adoption_862_Family_Court_POST	Adoption Family Court Redirect	1646905613318	1646905613493	OK	 
REQUEST	1	adoption_862_Family_Court_POST	Adoption Family Court Redirect Redirect 1	1646905613494	1646905613542	OK	 
GROUP	1	adoption_862_Family_Court_POST	1646905613317	1646905613591	268	OK
REQUEST	1	adoption_870_Upload_Document	Adoption Birth Certificate Details	1646905613591	1646905613655	OK	 
GROUP	1	adoption_870_Upload_Document	1646905613591	1646905613698	104	OK
REQUEST	1	adoption_885_Upload_Document_POST	Adoption Certificate Upload POST	1646905614707	1646905615188	OK	 
REQUEST	1	adoption_885_Upload_Document_POST	Adoption Certificate Upload POST Redirect 1	1646905615189	1646905615871	OK	 
GROUP	1	adoption_885_Upload_Document_POST	1646905614707	1646905615981	1270	OK
USER	LAU Simulation	1	END	1646905462049	1646905616983
