RUN	simulations.mainSimulation	mainsimulation	1646754135457	 	3.3.1
USER	LAU Simulation	1	START	1646754136059	1646754136059
REQUEST	1	adoption_010_Homepage	Adoption Homepage	1646754136097	1646754136163	OK	 
REQUEST	1	adoption_010_Homepage	Adoption Homepage Redirect 1	1646754136189	1646754136217	OK	 
REQUEST	1	adoption_010_Homepage	Adoption Homepage Redirect 2	1646754136219	1646754136276	OK	 
GROUP	1	adoption_010_Homepage	1646754136071	1646754136523	322	OK
REQUEST	1	Adoption_020_Login	Adoption Login	1646754138549	1646754138904	OK	 
REQUEST	1	Adoption_020_Login	Adoption Login Redirect 1	1646754138908	1646754139211	OK	 
REQUEST	1	Adoption_020_Login	Adoption Login Redirect 2	1646754139212	1646754139600	OK	 
REQUEST	1	Adoption_020_Login	Adoption Login Redirect 3	1646754139602	1646754139639	OK	 
GROUP	1	Adoption_020_Login	1646754138544	1646754139741	1174	OK
REQUEST	1	Adoption_030_Apply_With	Adoption Applying With	1646754141744	1646754141795	OK	 
GROUP	1	Adoption_030_Apply_With	1646754141743	1646754141842	90	OK
REQUEST	1	Adoption_040_Adoption_Applying_Post	Adoption Applying Post	1646754143844	1646754144228	OK	 
REQUEST	1	Adoption_040_Adoption_Applying_Post	Adoption Applying Post Redirect 1	1646754144230	1646754144267	OK	 
GROUP	1	Adoption_040_Adoption_Applying_Post	1646754143842	1646754144311	461	OK
REQUEST	1	Adoption_050_Adoption_Applying_With_Redirect	Adoption Applying With Redirect	1646754146303	1646754146347	OK	 
GROUP	1	Adoption_050_Adoption_Applying_With_Redirect	1646754146302	1646754146407	98	OK
REQUEST	1	adoption_380_Placement_Order	Adoption Placement Order Details	1646754148415	1646754149041	KO	substring(The child's details).find.exists, found nothing
GROUP	1	adoption_380_Placement_Order	1646754148414	1646754149047	626	KO
USER	LAU Simulation	1	END	1646754136059	1646754149055
