RUN	simulations.mainSimulation	mainsimulation	1646825666111	 	3.3.1
USER	LAU Simulation	1	START	1646825666761	1646825666761
REQUEST	1	adoption_010_Homepage	Adoption Homepage	1646825666789	1646825666893	OK	 
REQUEST	1	adoption_010_Homepage	Adoption Homepage Redirect 1	1646825666922	1646825666954	OK	 
REQUEST	1	adoption_010_Homepage	Adoption Homepage Redirect 2	1646825666956	1646825667011	OK	 
GROUP	1	adoption_010_Homepage	1646825666770	1646825667270	349	OK
REQUEST	1	Adoption_020_Login	Adoption Login	1646825669297	1646825669470	OK	 
REQUEST	1	Adoption_020_Login	Adoption Login Redirect 1	1646825669475	1646825669830	OK	 
REQUEST	1	Adoption_020_Login	Adoption Login Redirect 2	1646825669832	1646825670202	OK	 
REQUEST	1	Adoption_020_Login	Adoption Login Redirect 3	1646825670204	1646825670257	OK	 
GROUP	1	Adoption_020_Login	1646825669291	1646825670385	1066	OK
REQUEST	1	Adoption_030_Apply_With	Adoption Applying With	1646825672393	1646825672482	OK	 
GROUP	1	Adoption_030_Apply_With	1646825672392	1646825672533	131	OK
REQUEST	1	Adoption_040_Adoption_Applying_Post	Adoption Applying Post	1646825674535	1646825674913	OK	 
REQUEST	1	Adoption_040_Adoption_Applying_Post	Adoption Applying Post Redirect 1	1646825674916	1646825674962	OK	 
GROUP	1	Adoption_040_Adoption_Applying_Post	1646825674533	1646825675011	467	OK
REQUEST	1	Adoption_050_Adoption_Applying_With_Redirect	Adoption Applying With Redirect	1646825677013	1646825677061	OK	 
GROUP	1	Adoption_050_Adoption_Applying_With_Redirect	1646825677012	1646825677107	89	OK
REQUEST	1	adoption_760_Sibling_Details	Adoption Sibling Details	1646825679103	1646825679138	OK	 
GROUP	1	adoption_760_Sibling_Details	1646825679102	1646825679197	89	OK
REQUEST	1	adoption_770_Sibling_Other?	Adoption Any Sibling?	1646825681192	1646825681392	OK	 
REQUEST	1	adoption_770_Sibling_Other?	Adoption Any Sibling? Redirect 1	1646825681394	1646825681439	OK	 
GROUP	1	adoption_770_Sibling_Other?	1646825681191	1646825681491	293	OK
REQUEST	1	adoption_780_Sibling_Court_Order_Exists?	Adoption Court Order Exists?	1646825683501	1646825683823	OK	 
REQUEST	1	adoption_780_Sibling_Court_Order_Exists?	Adoption Court Order Exists? Redirect 1	1646825683824	1646825683879	KO	substring(Which siblings or half siblings have a court order in place?).find.exists, found nothing
GROUP	1	adoption_780_Sibling_Court_Order_Exists?	1646825683500	1646825683886	377	KO
USER	LAU Simulation	1	END	1646825666761	1646825683893
