RUN	simulations.mainSimulation	mainsimulation	1646750572564	 	3.3.1
USER	LAU Simulation	1	START	1646750573051	1646750573051
REQUEST	1	adoption_010_Homepage	Adoption Homepage	1646750573072	1646750573144	OK	 
REQUEST	1	adoption_010_Homepage	Adoption Homepage Redirect 1	1646750573171	1646750573204	OK	 
REQUEST	1	adoption_010_Homepage	Adoption Homepage Redirect 2	1646750573206	1646750573266	OK	 
GROUP	1	adoption_010_Homepage	1646750573058	1646750573486	298	OK
REQUEST	1	Adoption_020_Login	Adoption Login	1646750575509	1646750575698	OK	 
REQUEST	1	Adoption_020_Login	Adoption Login Redirect 1	1646750575702	1646750576121	OK	 
REQUEST	1	Adoption_020_Login	Adoption Login Redirect 2	1646750576123	1646750576313	OK	 
REQUEST	1	Adoption_020_Login	Adoption Login Redirect 3	1646750576315	1646750576349	OK	 
GROUP	1	Adoption_020_Login	1646750575503	1646750576449	921	OK
REQUEST	1	Adoption_030_Apply_With	Adoption Applying With	1646750578455	1646750578611	OK	 
GROUP	1	Adoption_030_Apply_With	1646750578454	1646750578791	327	OK
REQUEST	1	Adoption_040_Adoption_Applying_Post	Adoption Applying Post	1646750580796	1646750581510	OK	 
REQUEST	1	Adoption_040_Adoption_Applying_Post	Adoption Applying Post Redirect 1	1646750581512	1646750581549	OK	 
GROUP	1	Adoption_040_Adoption_Applying_Post	1646750580794	1646750581601	796	OK
REQUEST	1	Adoption_050_Adoption_Applying_With_Redirect	Adoption Applying With Redirect	1646750583595	1646750583637	OK	 
GROUP	1	Adoption_050_Adoption_Applying_With_Redirect	1646750583594	1646750583682	81	OK
REQUEST	1	Adoption_180_Second_Personal_Details	Adoption Second Personal Details	1646750585693	1646750585745	OK	 
GROUP	1	Adoption_180_Second_Personal_Details	1646750585692	1646750585790	92	OK
REQUEST	1	Adoption_190_Second_Personal_Details_POST	Adoption Second Personal Details POST	1646750587782	1646750588203	OK	 
REQUEST	1	Adoption_190_Second_Personal_Details_POST	Adoption Second Personal Details POST Redirect 1	1646750588205	1646750588264	OK	 
GROUP	1	Adoption_190_Second_Personal_Details_POST	1646750587781	1646750588313	525	OK
REQUEST	1	Adoption_200_Second_Other_Name	Adoption Second Other Name	1646750590324	1646750590542	OK	 
REQUEST	1	Adoption_200_Second_Other_Name	Adoption Second Other Name Redirect 1	1646750590544	1646750590594	OK	 
GROUP	1	Adoption_200_Second_Other_Name	1646750590323	1646750590643	312	OK
REQUEST	1	Adoption_210_Second_Other_Name_Redirect	Adoption Second Other Name Redirect	1646750592645	1646750592852	OK	 
REQUEST	1	Adoption_210_Second_Other_Name_Redirect	Adoption Second Other Name Redirect Redirect 1	1646750592853	1646750592909	OK	 
GROUP	1	Adoption_210_Second_Other_Name_Redirect	1646750592644	1646750592964	313	OK
REQUEST	1	Adoption_220_Second_DoB	Adoption Second DoB	1646750594964	1646750595164	OK	 
REQUEST	1	Adoption_220_Second_DoB	Adoption Second DoB Redirect 1	1646750595165	1646750595213	OK	 
GROUP	1	Adoption_220_Second_DoB	1646750594964	1646750595256	287	OK
REQUEST	1	Adoption_230_Second_Occupation	Adoption Second Occupation	1646750597252	1646750597726	OK	 
REQUEST	1	Adoption_230_Second_Occupation	Adoption Second Occupation Redirect 1	1646750597728	1646750597764	OK	 
GROUP	1	Adoption_230_Second_Occupation	1646750597251	1646750597811	553	OK
USER	LAU Simulation	1	END	1646750573051	1646750599804
