RUN	simulations.mainSimulation	mainsimulation	1647000421431	 	3.3.1
USER	LAU Simulation	1	START	1647000423809	1647000423809
REQUEST	1	AD_010_Homepage	Adoption Homepage	1647000423831	1647000427335	OK	 
REQUEST	1	AD_010_Homepage	Adoption Homepage Redirect 1	1647000427360	1647000427609	OK	 
REQUEST	1	AD_010_Homepage	Adoption Homepage Redirect 2	1647000427612	1647000427957	OK	 
GROUP	1	AD_010_Homepage	1647000423816	1647000429329	5378	OK
REQUEST	1	AD_020_Login	Adoption Login	1647000430348	1647000430591	OK	 
REQUEST	1	AD_020_Login	Adoption Login Redirect 1	1647000430595	1647000431187	OK	 
REQUEST	1	AD_020_Login	Adoption Login Redirect 2	1647000431189	1647000432516	OK	 
REQUEST	1	AD_020_Login	Adoption Login Redirect 3	1647000432517	1647000432738	OK	 
GROUP	1	AD_020_Login	1647000430344	1647000433674	3309	OK
REQUEST	1	AD_030_Apply_With	Adoption Applying With	1647000434684	1647000434874	OK	 
GROUP	1	AD_030_Apply_With	1647000434683	1647000434924	234	OK
REQUEST	1	AD_040_Applying_Post	Adoption Applying Post	1647000435926	1647000436655	OK	 
REQUEST	1	AD_040_Applying_Post	Adoption Applying Post Redirect 1	1647000436656	1647000436745	OK	 
GROUP	1	AD_040_Applying_Post	1647000435924	1647000436824	893	OK
REQUEST	1	AD_050_Applying_With_Redirect	Adoption Applying With Redirect	1647000437825	1647000437979	OK	 
GROUP	1	AD_050_Applying_With_Redirect	1647000437824	1647000438130	300	OK
REQUEST	1	AD_060_Date_Of_Move	Adoption Date Child Moved in 	1647000439124	1647000439389	OK	 
GROUP	1	AD_060_Date_Of_Move	1647000439123	1647000439724	596	OK
REQUEST	1	AD_070_Date_Of_Move_POST	Adoption Date Child Moved in Post	1647000440734	1647000441287	OK	 
REQUEST	1	AD_070_Date_Of_Move_POST	Adoption Date Child Moved in Post Redirect 1	1647000441289	1647000441598	OK	 
GROUP	1	AD_070_Date_Of_Move_POST	1647000440733	1647000441809	1069	OK
REQUEST	1	AD_080_Your_Details	Adoption Your Personal Details 	1647000441809	1647000442040	OK	 
GROUP	1	AD_080_Your_Details	1647000441809	1647000442258	446	OK
REQUEST	1	AD_090_Your_Details_POST	Adoption Your Personal Details Post	1647000443255	1647000443578	OK	 
REQUEST	1	AD_090_Your_Details_POST	Adoption Your Personal Details Post Redirect 1	1647000443580	1647000443703	OK	 
GROUP	1	AD_090_Your_Details_POST	1647000443254	1647000443807	546	OK
REQUEST	1	AD_100_Your_Details_Other_Name	Adoption Your Personal Details Other Name	1647000444805	1647000445625	OK	 
REQUEST	1	AD_100_Your_Details_Other_Name	Adoption Your Personal Details Other Name Redirect 1	1647000445627	1647000446383	OK	 
GROUP	1	AD_100_Your_Details_Other_Name	1647000444804	1647000446569	1758	OK
REQUEST	1	AD_110_Your_Details_DoB	Adoption Your Personal Details DoB	1647000447574	1647000447748	OK	 
GROUP	1	AD_110_Your_Details_DoB	1647000447574	1647000447866	289	OK
REQUEST	1	AD_120_Your_Details_DoB_POST	Adoption Your Personal Details DoB POST	1647000448865	1647000449165	OK	 
REQUEST	1	AD_120_Your_Details_DoB_POST	Adoption Your Personal Details DoB POST Redirect 1	1647000449167	1647000449231	OK	 
GROUP	1	AD_120_Your_Details_DoB_POST	1647000448864	1647000449329	458	OK
REQUEST	1	AD_130_Your_Details_Occupation	Adoption Your Personal Details Occupation	1647000450325	1647000450849	OK	 
REQUEST	1	AD_130_Your_Details_Occupation	Adoption Your Personal Details Occupation Redirect 1	1647000450851	1647000450982	OK	 
GROUP	1	AD_130_Your_Details_Occupation	1647000450324	1647000451065	735	OK
REQUEST	1	AD_140_Your_Contact	Adoption Your Contact Details LookUp	1647000452075	1647000452385	OK	 
GROUP	1	AD_140_Your_Contact	1647000452074	1647000452640	561	OK
REQUEST	1	AD_150_Your_Contact_Manual	Adoption Your Contact Details Manual	1647000453633	1647000453866	OK	 
GROUP	1	AD_150_Your_Contact_Manual	1647000453632	1647000454065	429	OK
REQUEST	1	AD_160_Your_Contact_POST	Adoption Your Contact Details Manual POST	1647000455074	1647000455602	OK	 
REQUEST	1	AD_160_Your_Contact_POST	Adoption Your Contact Details Manual POST Redirect 1	1647000455603	1647000455681	OK	 
GROUP	1	AD_160_Your_Contact_POST	1647000455074	1647000455785	707	OK
REQUEST	1	AD_170_Your_Contact_POST	Adoption Your Contact Details POST	1647000456783	1647000457505	OK	 
REQUEST	1	AD_170_Your_Contact_POST	Adoption Your Contact Details POST Redirect 1	1647000457507	1647000457768	OK	 
GROUP	1	AD_170_Your_Contact_POST	1647000456782	1647000458327	1539	OK
REQUEST	1	AD_180_Second_Person	Adoption Second Personal Details	1647000459325	1647000459509	OK	 
GROUP	1	AD_180_Second_Person	1647000459324	1647000459604	276	OK
REQUEST	1	AD_190_Second_PersonPOST	Adoption Second Personal Details POST	1647000460615	1647000460820	OK	 
REQUEST	1	AD_190_Second_PersonPOST	Adoption Second Personal Details POST Redirect 1	1647000460821	1647000460888	OK	 
GROUP	1	AD_190_Second_PersonPOST	1647000460614	1647000460965	347	OK
REQUEST	1	AD_200_Second_Other_Name	Adoption Second Other Name	1647000461964	1647000462266	OK	 
REQUEST	1	AD_200_Second_Other_Name	Adoption Second Other Name Redirect 1	1647000462267	1647000462376	OK	 
GROUP	1	AD_200_Second_Other_Name	1647000461963	1647000462472	504	OK
REQUEST	1	AD_210_Second_Other_Name_Redirect	Adoption Second Other Name Redirect	1647000463465	1647000463654	OK	 
REQUEST	1	AD_210_Second_Other_Name_Redirect	Adoption Second Other Name Redirect Redirect 1	1647000463656	1647000463743	OK	 
GROUP	1	AD_210_Second_Other_Name_Redirect	1647000463464	1647000463925	455	OK
REQUEST	1	AD_220_Second_DoB	Adoption Second DoB	1647000464934	1647000465388	OK	 
REQUEST	1	AD_220_Second_DoB	Adoption Second DoB Redirect 1	1647000465389	1647000465456	OK	 
GROUP	1	AD_220_Second_DoB	1647000464933	1647000465554	616	OK
REQUEST	1	AD_230_Second_Occupation	Adoption Second Occupation	1647000466554	1647000466752	OK	 
REQUEST	1	AD_230_Second_Occupation	Adoption Second Occupation Redirect 1	1647000466753	1647000466828	OK	 
GROUP	1	AD_230_Second_Occupation	1647000466553	1647000467053	495	OK
REQUEST	1	AD_240_Second_Contact_Same	Adoption Second Contact Details Same-Address	1647000468054	1647000468278	OK	 
GROUP	1	AD_240_Second_Contact_Same	1647000468054	1647000468455	398	OK
REQUEST	1	AD_250_Second_Contact_Same_POST	Adoption Second Contact Details Same-Address POST	1647000469453	1647000469838	OK	 
REQUEST	1	AD_250_Second_Contact_Same_POST	Adoption Second Contact Details Same-Address POST Redirect 1	1647000469839	1647000470152	OK	 
GROUP	1	AD_250_Second_Contact_Same_POST	1647000469453	1647000470470	1013	OK
REQUEST	1	AD_260_Second_Contact_Manual_Redirect	Adoption Second Contact Details manual redirect	1647000471463	1647000471683	OK	 
GROUP	1	AD_260_Second_Contact_Manual_Redirect	1647000471462	1647000472086	620	OK
REQUEST	1	AD_270_Second_Contact_Manual_POST	Adoption Second Contact Details manual POST	1647000473095	1647000473785	OK	 
REQUEST	1	AD_270_Second_Contact_Manual_POST	Adoption Second Contact Details manual POST Redirect 1	1647000473787	1647000474041	OK	 
GROUP	1	AD_270_Second_Contact_Manual_POST	1647000473094	1647000474155	1056	OK
REQUEST	1	AD_280_Second_Contact_POST	Adoption Second Contact Details POST	1647000475154	1647000475526	OK	 
REQUEST	1	AD_280_Second_Contact_POST	Adoption Second Contact Details POST Redirect 1	1647000475528	1647000475734	OK	 
GROUP	1	AD_280_Second_Contact_POST	1647000475153	1647000476201	1042	OK
REQUEST	1	AD_290_Birth_Certificate	Adoption Birth Certificate Details	1647000477195	1647000477313	OK	 
GROUP	1	AD_290_Birth_Certificate	1647000477194	1647000477395	196	OK
REQUEST	1	AD_300_Birth_Name	Adoption Birth Certificate Name	1647000478402	1647000478905	OK	 
REQUEST	1	AD_300_Birth_Name	Adoption Birth Certificate Name Redirect 1	1647000478906	1647000478981	OK	 
GROUP	1	AD_300_Birth_Name	1647000478402	1647000479067	661	OK
REQUEST	1	AD_320_Birth_DoB	Adoption Birth Certificate DoB	1647000480065	1647000480438	OK	 
REQUEST	1	AD_320_Birth_DoB	Adoption Birth Certificate DoB Redirect 1	1647000480440	1647000480777	OK	 
GROUP	1	AD_320_Birth_DoB	1647000480064	1647000481009	939	OK
REQUEST	1	AD_330_Birth_Sex	Adoption Birth Certificate Sex	1647000482014	1647000482628	OK	 
REQUEST	1	AD_330_Birth_Sex	Adoption Birth Certificate Sex Redirect 1	1647000482629	1647000482862	OK	 
GROUP	1	AD_330_Birth_Sex	1647000482014	1647000483035	1017	OK
REQUEST	1	AD_340_Birth_Nationality_Add	Adoption Birth Certificate Nationality Add	1647000484034	1647000484417	OK	 
REQUEST	1	AD_340_Birth_Nationality_Add	Adoption Birth Certificate Nationality Add Redirect 1	1647000484419	1647000484892	OK	 
GROUP	1	AD_340_Birth_Nationality_Add	1647000484033	1647000484996	958	OK
REQUEST	1	AD_350_Birth_Nationality_POST	Adoption Birth Certificate Nationality POST	1647000485995	1647000486687	OK	 
REQUEST	1	AD_350_Birth_Nationality_POST	Adoption Birth Certificate Nationality POST Redirect 1	1647000486689	1647000489113	OK	 
GROUP	1	AD_350_Birth_Nationality_POST	1647000485994	1647000490784	4783	OK
REQUEST	1	AD_360_Certificate_Details	Adoption Certificate Details	1647000491794	1647000491854	OK	 
GROUP	1	AD_360_Certificate_Details	1647000491793	1647000491930	133	OK
REQUEST	1	AD_370_Certificate_Name	Adoption Certificate Details Name	1647000492924	1647000493446	OK	 
REQUEST	1	AD_370_Certificate_Name	Adoption Certificate Details Name Redirect 1	1647000493447	1647000493687	OK	 
GROUP	1	AD_370_Certificate_Name	1647000492923	1647000494272	1343	OK
REQUEST	1	AD_380_Placement_Order	Adoption Placement Order Details	1647000495265	1647000496348	OK	 
GROUP	1	AD_380_Placement_Order	1647000495264	1647000497063	1795	OK
REQUEST	1	AD_390_Placement_Number	Adoption Placement Order Number	1647000498074	1647000498865	OK	 
REQUEST	1	AD_390_Placement_Number	Adoption Placement Order Number Redirect 1	1647000498866	1647000499990	OK	 
GROUP	1	AD_390_Placement_Number	1647000498074	1647000500136	2059	OK
REQUEST	1	AD_400_Placement_Court	Adoption Placement Court	1647000501133	1647000501434	OK	 
REQUEST	1	AD_400_Placement_Court	Adoption Placement Court Redirect 1	1647000501435	1647000501748	OK	 
GROUP	1	AD_400_Placement_Court	1647000501133	1647000502062	925	OK
REQUEST	1	AD_410_Placement_Date	Adoption Placement Date	1647000503055	1647000503335	OK	 
REQUEST	1	AD_410_Placement_Date	Adoption Placement Date Redirect 1	1647000503337	1647000503678	OK	 
GROUP	1	AD_410_Placement_Date	1647000503054	1647000503820	760	OK
REQUEST	1	AD_420_Placement_Summary	Adoption Placement Summary	1647000504823	1647000505579	OK	 
REQUEST	1	AD_420_Placement_Summary	Adoption Placement Summary Redirect 1	1647000505581	1647000506140	OK	 
REQUEST	1	AD_420_Placement_Summary	Adoption Placement Summary Redirect 2	1647000506141	1647000506549	OK	 
GROUP	1	AD_420_Placement_Summary	1647000504822	1647000506656	1827	OK
REQUEST	1	AD_430_Placement_Type_2	Adoption Placement Type 2	1647000507666	1647000507844	OK	 
REQUEST	1	AD_430_Placement_Type_2	Adoption Placement Type 2 Redirect 1	1647000507846	1647000508286	OK	 
GROUP	1	AD_430_Placement_Type_2	1647000507665	1647000508354	682	OK
REQUEST	1	AD_440_Placement_Number_2	Adoption Placement Order Number 2	1647000509353	1647000509548	OK	 
REQUEST	1	AD_440_Placement_Number_2	Adoption Placement Order Number 2 Redirect 1	1647000509549	1647000510073	OK	 
GROUP	1	AD_440_Placement_Number_2	1647000509353	1647000510345	989	OK
REQUEST	1	AD_450_Placement_Court_2	Adoption Placement Court 2	1647000511343	1647000511570	OK	 
REQUEST	1	AD_450_Placement_Court_2	Adoption Placement Court 2 Redirect 1	1647000511571	1647000512330	OK	 
GROUP	1	AD_450_Placement_Court_2	1647000511342	1647000513232	1885	OK
REQUEST	1	AD_460_Placement_Date_2	Adoption Placement Date 2	1647000514244	1647000514689	OK	 
REQUEST	1	AD_460_Placement_Date_2	Adoption Placement Date 2 Redirect 1	1647000514690	1647000515038	OK	 
GROUP	1	AD_460_Placement_Date_2	1647000514244	1647000515338	1089	OK
REQUEST	1	AD_470_Placement_Summary_2	Adoption Placement Summary 2	1647000516325	1647000516870	OK	 
REQUEST	1	AD_470_Placement_Summary_2	Adoption Placement Summary 2 Redirect 1	1647000516871	1647000517032	OK	 
GROUP	1	AD_470_Placement_Summary_2	1647000516324	1647000517274	944	OK
REQUEST	1	AD_480_Birth_Mother	Adoption Mother's Details	1647000518283	1647000518366	OK	 
GROUP	1	AD_480_Birth_Mother	1647000518283	1647000518460	174	OK
REQUEST	1	AD_490_Mother_Name	Adoption Mother's Name	1647000519455	1647000519928	OK	 
REQUEST	1	AD_490_Mother_Name	Adoption Mother's Name Redirect 1	1647000519929	1647000520136	OK	 
GROUP	1	AD_490_Mother_Name	1647000519454	1647000520232	773	OK
REQUEST	1	AD_495_Mother_Alive_Redirect	Adoption Mother's Details	1647000521233	1647000521312	OK	 
GROUP	1	AD_495_Mother_Alive_Redirect	1647000521232	1647000521439	202	OK
REQUEST	1	AD_500_Mother_Alive	Adoption Mother Still Alive?	1647000522445	1647000523117	OK	 
REQUEST	1	AD_500_Mother_Alive	Adoption Mother Still Alive? Redirect 1	1647000523119	1647000523535	OK	 
GROUP	1	AD_500_Mother_Alive	1647000522445	1647000523819	1368	OK
REQUEST	1	AD_510_Mother_Nationality_Add	Adoption Mother's Nationality Add	1647000524813	1647000525289	OK	 
REQUEST	1	AD_510_Mother_Nationality_Add	Adoption Mother's Nationality Add Redirect 1	1647000525290	1647000525350	OK	 
GROUP	1	AD_510_Mother_Nationality_Add	1647000524812	1647000525431	613	OK
REQUEST	1	AD_520_Mother_Nationality_POST	Adoption Mother's Nationality	1647000526432	1647000526961	OK	 
REQUEST	1	AD_520_Mother_Nationality_POST	Adoption Mother's Nationality Redirect 1	1647000526963	1647000527847	OK	 
GROUP	1	AD_520_Mother_Nationality_POST	1647000526432	1647000528126	1689	OK
REQUEST	1	AD_530_Mother_Occupation	Adoption Mother's Occupation	1647000529135	1647000529491	OK	 
REQUEST	1	AD_530_Mother_Occupation	Adoption Mother's Occupation Redirect 1	1647000529492	1647000529793	OK	 
GROUP	1	AD_530_Mother_Occupation	1647000529134	1647000530054	915	OK
REQUEST	1	AD_535_Mother_Occupation_Redirect	Adoption Mother's Details Redirect	1647000531055	1647000531135	OK	 
GROUP	1	AD_535_Mother_Occupation_Redirect	1647000531055	1647000531207	149	OK
REQUEST	1	AD_540_Mother_Occupation	Adoption Mother's Address Known	1647000532203	1647000532503	OK	 
REQUEST	1	AD_540_Mother_Occupation	Adoption Mother's Address Known Redirect 1	1647000532504	1647000532669	OK	 
GROUP	1	AD_540_Mother_Occupation	1647000532202	1647000532811	603	OK
REQUEST	1	AD_550_Mother_Address_Manual	Adoption Mother's Address Manual	1647000533804	1647000534240	OK	 
GROUP	1	AD_550_Mother_Address_Manual	1647000533804	1647000534442	636	OK
REQUEST	1	AD_560_Mother_Address_POST	Adoption Mother's Address	1647000535444	1647000535635	OK	 
REQUEST	1	AD_560_Mother_Address_POST	Adoption Mother's Address Redirect 1	1647000535637	1647000535728	OK	 
GROUP	1	AD_560_Mother_Address_POST	1647000535443	1647000536157	707	OK
REQUEST	1	AD_570_Father_Details	Adoption Father's Details	1647000537163	1647000537247	OK	 
GROUP	1	AD_570_Father_Details	1647000537163	1647000537319	153	OK
REQUEST	1	AD_580_Father_Details_POST	Adoption Father's Details On Certificate	1647000538315	1647000538809	OK	 
REQUEST	1	AD_580_Father_Details_POST	Adoption Father's Details On Certificate Redirect 1	1647000538810	1647000539036	OK	 
GROUP	1	AD_580_Father_Details_POST	1647000538315	1647000539526	1207	OK
REQUEST	1	AD_590_Father_Name	Adoption Father's Name	1647000540534	1647000541187	OK	 
REQUEST	1	AD_590_Father_Name	Adoption Father's Name Redirect 1	1647000541189	1647000541545	OK	 
GROUP	1	AD_590_Father_Name	1647000540533	1647000541780	1241	OK
REQUEST	1	AD_600_Father_Alive	Adoption Father Still alive?	1647000542774	1647000543080	OK	 
REQUEST	1	AD_600_Father_Alive	Adoption Father Still alive? Redirect 1	1647000543082	1647000543166	OK	 
GROUP	1	AD_600_Father_Alive	1647000542774	1647000543240	462	OK
REQUEST	1	AD_610_Father_Nationality_Add	Adoption Father add Nationality	1647000544243	1647000544508	OK	 
REQUEST	1	AD_610_Father_Nationality_Add	Adoption Father add Nationality Redirect 1	1647000544510	1647000544579	OK	 
GROUP	1	AD_610_Father_Nationality_Add	1647000544243	1647000544656	408	OK
REQUEST	1	AD_620_Father_Nationality_POST	Adoption Father's Nationality	1647000545655	1647000546223	OK	 
REQUEST	1	AD_620_Father_Nationality_POST	Adoption Father's Nationality Redirect 1	1647000546224	1647000546434	OK	 
GROUP	1	AD_620_Father_Nationality_POST	1647000545654	1647000546601	935	OK
REQUEST	1	AD_630_Father_Occupation	Adoption Father's Occupation	1647000547605	1647000548065	OK	 
REQUEST	1	AD_630_Father_Occupation	Adoption Father's Occupation Redirect 1	1647000548066	1647000548150	OK	 
GROUP	1	AD_630_Father_Occupation	1647000547605	1647000548321	712	OK
REQUEST	1	AD_640_Father_Address_Known	Adoption Father's Address Known?	1647000549314	1647000549518	OK	 
REQUEST	1	AD_640_Father_Address_Known	Adoption Father's Address Known? Redirect 1	1647000549519	1647000549591	OK	 
GROUP	1	AD_640_Father_Address_Known	1647000549313	1647000549662	344	OK
REQUEST	1	AD_641_Father_Address_Manual	Adoption Father's Address Manual	1647000550674	1647000551126	OK	 
GROUP	1	AD_641_Father_Address_Manual	1647000550674	1647000551426	749	OK
REQUEST	1	AD_642_Father_Address_POST	Adoption Father's Address	1647000552425	1647000553027	OK	 
REQUEST	1	AD_642_Father_Address_POST	Adoption Father's Address Redirect 1	1647000553028	1647000553298	OK	 
GROUP	1	AD_642_Father_Address_POST	1647000552424	1647000553747	1318	OK
REQUEST	1	AD_650_Other_Parent_Exists	Adoption Other Parent	1647000554744	1647000554948	OK	 
GROUP	1	AD_650_Other_Parent_Exists	1647000554744	1647000555064	317	OK
REQUEST	1	AD_660_Other_Exists_POST	Adoption Other Parent Exists	1647000556064	1647000556674	OK	 
REQUEST	1	AD_660_Other_Exists_POST	Adoption Other Parent Exists Redirect 1	1647000556675	1647000556927	OK	 
GROUP	1	AD_660_Other_Exists_POST	1647000556064	1647000557038	971	OK
REQUEST	1	AD_670_Other_Parent_Name	Adoption Other Parent Name	1647000558035	1647000558316	OK	 
REQUEST	1	AD_670_Other_Parent_Name	Adoption Other Parent Name Redirect 1	1647000558317	1647000558580	OK	 
GROUP	1	AD_670_Other_Parent_Name	1647000558034	1647000558747	708	OK
REQUEST	1	AD_680_Other_Parent_Address_Known	Adoption Other Parent Address known?	1647000559755	1647000560252	OK	 
REQUEST	1	AD_680_Other_Parent_Address_Known	Adoption Other Parent Address known? Redirect 1	1647000560252	1647000560333	OK	 
GROUP	1	AD_680_Other_Parent_Address_Known	1647000559754	1647000560513	756	OK
REQUEST	1	AD_690_Other_Parent_Address_Manual	Adoption Other Parent Address Manual	1647000561514	1647000561709	OK	 
GROUP	1	AD_690_Other_Parent_Address_Manual	1647000561513	1647000561847	330	OK
REQUEST	1	AD_700_Other_Parent_Address_POST	Adoption Other Parent Address Manual	1647000562844	1647000563112	OK	 
REQUEST	1	AD_700_Other_Parent_Address_POST	Adoption Other Parent Address Manual Redirect 1	1647000563113	1647000563269	OK	 
GROUP	1	AD_700_Other_Parent_Address_POST	1647000562844	1647000563345	497	OK
REQUEST	1	adoption_710_Agency	Adoption Agency	1647000564344	1647000564922	OK	 
REQUEST	1	adoption_710_Agency	Adoption Agency Redirect 1	1647000564923	1647000565404	OK	 
GROUP	1	adoption_710_Agency	1647000564344	1647000565572	1224	OK
REQUEST	1	AD_720_Agency_Details	Adoption Agency Details	1647000566564	1647000566784	OK	 
REQUEST	1	AD_720_Agency_Details	Adoption Agency Details Redirect 1	1647000566785	1647000566872	OK	 
GROUP	1	AD_720_Agency_Details	1647000566564	1647000567009	442	OK
REQUEST	1	AD_730_Other_Agency	Adoption Other Agency?	1647000568015	1647000568292	OK	 
REQUEST	1	AD_730_Other_Agency	Adoption Other Agency? Redirect 1	1647000568294	1647000568555	OK	 
REQUEST	1	AD_730_Other_Agency	Adoption Other Agency? Redirect 2	1647000568556	1647000569092	OK	 
GROUP	1	AD_730_Other_Agency	1647000568014	1647000569248	1227	OK
REQUEST	1	AD_740_Other_Agency_Details	Adoption Other Agency Details	1647000570253	1647000570462	OK	 
REQUEST	1	AD_740_Other_Agency_Details	Adoption Other Agency Details Redirect 1	1647000570463	1647000570652	OK	 
GROUP	1	AD_740_Other_Agency_Details	1647000570252	1647000570790	533	OK
REQUEST	1	AD_750_Social_Worker_Details	Adoption Social Worker Details	1647000571783	1647000571975	OK	 
REQUEST	1	AD_750_Social_Worker_Details	Adoption Social Worker Details Redirect 1	1647000571976	1647000572066	OK	 
GROUP	1	AD_750_Social_Worker_Details	1647000571783	1647000572142	356	OK
REQUEST	1	AD_760_Sibling_Details	Adoption Sibling Details	1647000573144	1647000573465	OK	 
GROUP	1	AD_760_Sibling_Details	1647000573144	1647000573763	616	OK
REQUEST	1	AD_770_Sibling_Other	Adoption Any Sibling?	1647000574773	1647000574987	OK	 
REQUEST	1	AD_770_Sibling_Other	Adoption Any Sibling? Redirect 1	1647000574989	1647000575126	OK	 
GROUP	1	AD_770_Sibling_Other	1647000574773	1647000575250	473	OK
REQUEST	1	AD_780_Sibling_Order_Exists	Adoption Court Order Exists?	1647000576244	1647000576714	OK	 
REQUEST	1	AD_780_Sibling_Order_Exists	Adoption Court Order Exists? Redirect 1	1647000576715	1647000577031	OK	 
GROUP	1	AD_780_Sibling_Order_Exists	1647000576244	1647000577215	968	OK
REQUEST	1	AD_790_Sibling_Name	Adoption Sibling Name	1647000578213	1647000578402	OK	 
REQUEST	1	AD_790_Sibling_Name	Adoption Sibling Name Redirect 1	1647000578402	1647000578580	OK	 
REQUEST	1	AD_790_Sibling_Name	Adoption Sibling Name Redirect 2	1647000578581	1647000579013	OK	 
GROUP	1	AD_790_Sibling_Name	1647000578212	1647000579157	941	OK
REQUEST	1	AD_800_Sibling_Type	Adoption Order Type?	1647000580164	1647000580407	OK	 
REQUEST	1	AD_800_Sibling_Type	Adoption Order Type? Redirect 1	1647000580408	1647000580912	OK	 
GROUP	1	AD_800_Sibling_Type	1647000580164	1647000580973	806	OK
REQUEST	1	AD_810_Sibling_Number	Adoption Order Number	1647000581973	1647000582710	OK	 
REQUEST	1	AD_810_Sibling_Number	Adoption Order Number Redirect 1	1647000582712	1647000583055	OK	 
GROUP	1	AD_810_Sibling_Number	1647000581973	1647000583314	1337	OK
REQUEST	1	AD_820_Sibling_New_Order	Adoption Add New Order?	1647000584314	1647000584515	OK	 
REQUEST	1	AD_820_Sibling_New_Order	Adoption Add New Order? Redirect 1	1647000584516	1647000584593	OK	 
GROUP	1	AD_820_Sibling_New_Order	1647000584314	1647000584683	365	OK
REQUEST	1	AD_830_Sibling_Select	Adoption Select Sibling	1647000585684	1647000585879	OK	 
REQUEST	1	AD_830_Sibling_Select	Adoption Select Sibling Redirect 1	1647000585880	1647000586296	OK	 
REQUEST	1	AD_830_Sibling_Select	Adoption Select Sibling Redirect 2	1647000586297	1647000586556	OK	 
GROUP	1	AD_830_Sibling_Select	1647000585683	1647000586666	977	OK
REQUEST	1	AD_840_Sibling_Type_2	Adoption Order Type	1647000587664	1647000588234	OK	 
REQUEST	1	AD_840_Sibling_Type_2	Adoption Order Type Redirect 1	1647000588235	1647000588887	OK	 
GROUP	1	AD_840_Sibling_Type_2	1647000587664	1647000589189	1522	OK
REQUEST	1	AD_850_Sibling_Number_2t	Adoption Order Number	1647000590184	1647000590368	OK	 
REQUEST	1	AD_850_Sibling_Number_2t	Adoption Order Number Redirect 1	1647000590370	1647000591373	OK	 
GROUP	1	AD_850_Sibling_Number_2t	1647000590183	1647000591529	1341	OK
REQUEST	1	AD_855_Sibling_Remove	Adoption Remove Placement Order	1647000592535	1647000593183	OK	 
REQUEST	1	AD_855_Sibling_Remove	Adoption Remove Placement Order Redirect 1	1647000593184	1647000593486	OK	 
GROUP	1	AD_855_Sibling_Remove	1647000592535	1647000593660	1122	OK
REQUEST	1	AD_860_Sibling_Summary	Adoption Order Summary	1647000594653	1647000595142	OK	 
REQUEST	1	AD_860_Sibling_Summary	Adoption Order Summary Redirect 1	1647000595143	1647000595725	OK	 
GROUP	1	AD_860_Sibling_Summary	1647000594653	1647000595877	1221	OK
REQUEST	1	AD_861_Family_Court	Adoption Family Court Redirect	1647000596882	1647000597010	OK	 
GROUP	1	AD_861_Family_Court	1647000596882	1647000597116	231	OK
REQUEST	1	AD_862_Family_Court_POST	Adoption Family Court Redirect	1647000598122	1647000598344	OK	 
REQUEST	1	AD_862_Family_Court_POST	Adoption Family Court Redirect Redirect 1	1647000598345	1647000598450	OK	 
GROUP	1	AD_862_Family_Court_POST	1647000598122	1647000598555	429	OK
REQUEST	1	AD_870_Upload_Document	Adoption Birth Certificate Details	1647000599553	1647000600144	OK	 
GROUP	1	AD_870_Upload_Document	1647000599553	1647000601989	2434	OK
REQUEST	1	AD_880_Upload_Document	Adoption Certificate Upload	1647000603010	1647000608441	OK	 
GROUP	1	AD_880_Upload_Document	1647000602985	1647000608484	5431	OK
REQUEST	1	AD_885_Upload_Document_POST	Adoption Certificate Upload POST	1647000609445	1647000610120	OK	 
REQUEST	1	AD_885_Upload_Document_POST	Adoption Certificate Upload POST Redirect 1	1647000610121	1647000610614	OK	 
GROUP	1	AD_885_Upload_Document_POST	1647000609444	1647000610821	1372	OK
REQUEST	1	AD_905_Equality_Redirect	Adoption Review Equality	1647000611815	1647000612215	OK	 
GROUP	1	AD_905_Equality_Redirect	1647000611814	1647000612370	551	OK
REQUEST	1	AD_910_Check_Your_Answers	Adoption Review Check Your Answers	1647000613375	1647000613428	OK	 
REQUEST	1	AD_910_Check_Your_Answers	Adoption Review Check Your Answers Redirect 1	1647000613429	1647000613532	OK	 
GROUP	1	AD_910_Check_Your_Answers	1647000613374	1647000613646	267	OK
REQUEST	1	AD_920_Statement	Adoption Review Statement of Truth	1647000614655	1647000614980	OK	 
REQUEST	1	AD_920_Statement	Adoption Review Statement of Truth Redirect 1	1647000614981	1647000615913	OK	 
GROUP	1	AD_920_Statement	1647000614654	1647000616051	1393	OK
REQUEST	1	AD_930_Pay_By_Card	Adoption Pay by Card	1647000617045	1647000619572	OK	 
REQUEST	1	AD_930_Pay_By_Card	Adoption Pay by Card Redirect 1	1647000619573	1647000619949	OK	 
REQUEST	1	AD_930_Pay_By_Card	Adoption Pay by Card Redirect 2	1647000619950	1647000620109	OK	 
GROUP	1	AD_930_Pay_By_Card	1647000617045	1647000620276	3223	OK
REQUEST	1	AD_940_Check_Card_Details	Adoption Pay by Card	1647000621282	1647000621338	OK	 
GROUP	1	AD_940_Check_Card_Details	1647000621282	1647000621340	56	OK
REQUEST	1	AD_950_Card_Details	Adoption Pay by Card	1647000622334	1647000622479	OK	 
REQUEST	1	AD_950_Card_Details	Adoption Pay by Card Redirect 1	1647000622481	1647000622536	OK	 
GROUP	1	AD_950_Card_Details	1647000622333	1647000622541	201	OK
REQUEST	1	AD_960_Application Submit	Adoption Application Submit	1647000623534	1647000623663	OK	 
REQUEST	1	AD_960_Application Submit	Adoption Application Submit Redirect 1	1647000623665	1647000623707	OK	 
REQUEST	1	AD_960_Application Submit	Adoption Application Submit Redirect 2	1647000623708	1647000626153	OK	 
REQUEST	1	AD_960_Application Submit	Adoption Application Submit Redirect 3	1647000626154	1647000626313	OK	 
GROUP	1	AD_960_Application Submit	1647000623534	1647000626418	2877	OK
USER	LAU Simulation	1	END	1647000423809	1647000627425
