RUN	simulations.mainSimulation	mainsimulation	1646998268978	 	3.3.1
USER	LAU Simulation	1	START	1646998271348	1646998271348
REQUEST	1	AD_010_Homepage	Adoption Homepage	1646998271373	1646998274511	OK	 
REQUEST	1	AD_010_Homepage	Adoption Homepage Redirect 1	1646998274537	1646998274610	OK	 
REQUEST	1	AD_010_Homepage	Adoption Homepage Redirect 2	1646998274612	1646998274810	OK	 
GROUP	1	AD_010_Homepage	1646998271355	1646998276074	4582	OK
REQUEST	1	AD_020_Login	Adoption Login	1646998277103	1646998277357	OK	 
REQUEST	1	AD_020_Login	Adoption Login Redirect 1	1646998277361	1646998277873	OK	 
REQUEST	1	AD_020_Login	Adoption Login Redirect 2	1646998277875	1646998279309	OK	 
REQUEST	1	AD_020_Login	Adoption Login Redirect 3	1646998279310	1646998279567	OK	 
GROUP	1	AD_020_Login	1646998277091	1646998281275	4155	OK
REQUEST	1	AD_030_Apply_With	Adoption Applying With	1646998282281	1646998282425	OK	 
GROUP	1	AD_030_Apply_With	1646998282280	1646998282698	408	OK
REQUEST	1	AD_040_Applying_Post	Adoption Applying Post	1646998283693	1646998283977	OK	 
REQUEST	1	AD_040_Applying_Post	Adoption Applying Post Redirect 1	1646998283979	1646998287908	OK	 
GROUP	1	AD_040_Applying_Post	1646998283691	1646998288129	4430	OK
REQUEST	1	AD_050_Applying_With_Redirect	Adoption Applying With Redirect	1646998289133	1646998289378	OK	 
GROUP	1	AD_050_Applying_With_Redirect	1646998289132	1646998289461	324	OK
REQUEST	1	AD_060_Date_Of_Move	Adoption Date Child Moved in 	1646998290473	1646998290692	OK	 
GROUP	1	AD_060_Date_Of_Move	1646998290472	1646998290950	472	OK
REQUEST	1	AD_070_Date_Of_Move_POST	Adoption Date Child Moved in Post	1646998291941	1646998292379	OK	 
REQUEST	1	AD_070_Date_Of_Move_POST	Adoption Date Child Moved in Post Redirect 1	1646998292380	1646998292460	OK	 
GROUP	1	AD_070_Date_Of_Move_POST	1646998291941	1646998292539	593	OK
REQUEST	1	AD_080_Your_Details	Adoption Your Personal Details 	1646998292540	1646998292595	OK	 
GROUP	1	AD_080_Your_Details	1646998292539	1646998292667	124	OK
REQUEST	1	AD_090_Your_Details_POST	Adoption Your Personal Details Post	1646998293671	1646998294356	OK	 
REQUEST	1	AD_090_Your_Details_POST	Adoption Your Personal Details Post Redirect 1	1646998294358	1646998294496	OK	 
GROUP	1	AD_090_Your_Details_POST	1646998293671	1646998294880	1203	OK
REQUEST	1	AD_100_Your_Details_Other_Name	Adoption Your Personal Details Other Name	1646998295883	1646998296062	OK	 
REQUEST	1	AD_100_Your_Details_Other_Name	Adoption Your Personal Details Other Name Redirect 1	1646998296064	1646998296202	OK	 
GROUP	1	AD_100_Your_Details_Other_Name	1646998295882	1646998296328	438	OK
REQUEST	1	AD_110_Your_Details_DoB	Adoption Your Personal Details DoB	1646998297322	1646998297623	OK	 
GROUP	1	AD_110_Your_Details_DoB	1646998297322	1646998297856	530	OK
REQUEST	1	AD_120_Your_Details_DoB_POST	Adoption Your Personal Details DoB POST	1646998298863	1646998299280	OK	 
REQUEST	1	AD_120_Your_Details_DoB_POST	Adoption Your Personal Details DoB POST Redirect 1	1646998299281	1646998299548	OK	 
GROUP	1	AD_120_Your_Details_DoB_POST	1646998298862	1646998299727	860	OK
REQUEST	1	AD_130_Your_Details_Occupation	Adoption Your Personal Details Occupation	1646998300722	1646998301363	OK	 
REQUEST	1	AD_130_Your_Details_Occupation	Adoption Your Personal Details Occupation Redirect 1	1646998301363	1646998301682	OK	 
GROUP	1	AD_130_Your_Details_Occupation	1646998300721	1646998302040	1314	OK
REQUEST	1	AD_140_Your_Contact	Adoption Your Contact Details LookUp	1646998303042	1646998303161	OK	 
GROUP	1	AD_140_Your_Contact	1646998303042	1646998303259	213	OK
REQUEST	1	AD_150_Your_Contact_Manual	Adoption Your Contact Details Manual	1646998304263	1646998304765	OK	 
GROUP	1	AD_150_Your_Contact_Manual	1646998304262	1646998305080	813	OK
REQUEST	1	AD_160_Your_Contact_POST	Adoption Your Contact Details Manual POST	1646998306073	1646998306542	OK	 
REQUEST	1	AD_160_Your_Contact_POST	Adoption Your Contact Details Manual POST Redirect 1	1646998306544	1646998306783	OK	 
GROUP	1	AD_160_Your_Contact_POST	1646998306072	1646998306859	781	OK
REQUEST	1	AD_170_Your_Contact_POST	Adoption Your Contact Details POST	1646998307862	1646998308591	OK	 
REQUEST	1	AD_170_Your_Contact_POST	Adoption Your Contact Details POST Redirect 1	1646998308593	1646998308680	OK	 
GROUP	1	AD_170_Your_Contact_POST	1646998307861	1646998308753	886	OK
REQUEST	1	AD_180_Second_Person	Adoption Second Personal Details	1646998309763	1646998309981	OK	 
GROUP	1	AD_180_Second_Person	1646998309762	1646998310236	469	OK
REQUEST	1	AD_190_Second_PersonPOST	Adoption Second Personal Details POST	1646998311233	1646998311621	OK	 
REQUEST	1	AD_190_Second_PersonPOST	Adoption Second Personal Details POST Redirect 1	1646998311623	1646998311856	OK	 
GROUP	1	AD_190_Second_PersonPOST	1646998311232	1646998312000	762	OK
REQUEST	1	AD_200_Second_Other_Name	Adoption Second Other Name	1646998313001	1646998313295	OK	 
REQUEST	1	AD_200_Second_Other_Name	Adoption Second Other Name Redirect 1	1646998313297	1646998313653	OK	 
GROUP	1	AD_200_Second_Other_Name	1646998313001	1646998313770	763	OK
REQUEST	1	AD_210_Second_Other_Name_Redirect	Adoption Second Other Name Redirect	1646998314770	1646998315188	OK	 
REQUEST	1	AD_210_Second_Other_Name_Redirect	Adoption Second Other Name Redirect Redirect 1	1646998315189	1646998315252	OK	 
GROUP	1	AD_210_Second_Other_Name_Redirect	1646998314770	1646998315322	548	OK
REQUEST	1	AD_220_Second_DoB	Adoption Second DoB	1646998316322	1646998316785	OK	 
REQUEST	1	AD_220_Second_DoB	Adoption Second DoB Redirect 1	1646998316786	1646998317075	OK	 
GROUP	1	AD_220_Second_DoB	1646998316321	1646998317158	833	OK
REQUEST	1	AD_230_Second_Occupation	Adoption Second Occupation	1646998318153	1646998318523	OK	 
REQUEST	1	AD_230_Second_Occupation	Adoption Second Occupation Redirect 1	1646998318524	1646998318729	OK	 
GROUP	1	AD_230_Second_Occupation	1646998318153	1646998318822	664	OK
REQUEST	1	AD_240_Second_Contact_Same	Adoption Second Contact Details Same-Address	1646998319831	1646998319905	OK	 
GROUP	1	AD_240_Second_Contact_Same	1646998319830	1646998319988	153	OK
REQUEST	1	AD_250_Second_Contact_Same_POST	Adoption Second Contact Details Same-Address POST	1646998320982	1646998321160	OK	 
REQUEST	1	AD_250_Second_Contact_Same_POST	Adoption Second Contact Details Same-Address POST Redirect 1	1646998321162	1646998321227	OK	 
GROUP	1	AD_250_Second_Contact_Same_POST	1646998320982	1646998321316	330	OK
REQUEST	1	AD_260_Second_Contact_Manual_Redirect	Adoption Second Contact Details manual redirect	1646998322321	1646998322413	OK	 
GROUP	1	AD_260_Second_Contact_Manual_Redirect	1646998322320	1646998322491	167	OK
REQUEST	1	AD_270_Second_Contact_Manual_POST	Adoption Second Contact Details manual POST	1646998323492	1646998323851	OK	 
REQUEST	1	AD_270_Second_Contact_Manual_POST	Adoption Second Contact Details manual POST Redirect 1	1646998323852	1646998323933	OK	 
GROUP	1	AD_270_Second_Contact_Manual_POST	1646998323491	1646998324057	561	OK
REQUEST	1	AD_280_Second_Contact_POST	Adoption Second Contact Details POST	1646998325053	1646998325448	OK	 
REQUEST	1	AD_280_Second_Contact_POST	Adoption Second Contact Details POST Redirect 1	1646998325449	1646998325713	OK	 
GROUP	1	AD_280_Second_Contact_POST	1646998325053	1646998325855	798	OK
REQUEST	1	AD_290_Birth_Certificate	Adoption Birth Certificate Details	1646998326862	1646998327272	OK	 
GROUP	1	AD_290_Birth_Certificate	1646998326862	1646998327426	561	OK
REQUEST	1	AD_300_Birth_Name	Adoption Birth Certificate Name	1646998328421	1646998328794	OK	 
REQUEST	1	AD_300_Birth_Name	Adoption Birth Certificate Name Redirect 1	1646998328795	1646998328876	OK	 
GROUP	1	AD_300_Birth_Name	1646998328421	1646998329036	611	OK
REQUEST	1	AD_320_Birth_DoB	Adoption Birth Certificate DoB	1646998330042	1646998330449	OK	 
REQUEST	1	AD_320_Birth_DoB	Adoption Birth Certificate DoB Redirect 1	1646998330450	1646998330664	OK	 
GROUP	1	AD_320_Birth_DoB	1646998330041	1646998330818	772	OK
REQUEST	1	AD_330_Birth_Sex	Adoption Birth Certificate Sex	1646998331813	1646998331983	OK	 
REQUEST	1	AD_330_Birth_Sex	Adoption Birth Certificate Sex Redirect 1	1646998331984	1646998332086	OK	 
GROUP	1	AD_330_Birth_Sex	1646998331812	1646998332159	343	OK
REQUEST	1	AD_340_Birth_Nationality_Add	Adoption Birth Certificate Nationality Add	1646998333163	1646998333535	OK	 
REQUEST	1	AD_340_Birth_Nationality_Add	Adoption Birth Certificate Nationality Add Redirect 1	1646998333536	1646998334092	OK	 
GROUP	1	AD_340_Birth_Nationality_Add	1646998333162	1646998334179	1012	OK
REQUEST	1	AD_350_Birth_Nationality_POST	Adoption Birth Certificate Nationality POST	1646998335181	1646998335623	OK	 
REQUEST	1	AD_350_Birth_Nationality_POST	Adoption Birth Certificate Nationality POST Redirect 1	1646998335625	1646998335776	OK	 
GROUP	1	AD_350_Birth_Nationality_POST	1646998335180	1646998335861	675	OK
REQUEST	1	AD_360_Certificate_Details	Adoption Certificate Details	1646998336872	1646998336972	OK	 
GROUP	1	AD_360_Certificate_Details	1646998336871	1646998337076	200	OK
REQUEST	1	AD_370_Certificate_Name	Adoption Certificate Details Name	1646998338073	1646998338592	OK	 
REQUEST	1	AD_370_Certificate_Name	Adoption Certificate Details Name Redirect 1	1646998338593	1646998338698	OK	 
GROUP	1	AD_370_Certificate_Name	1646998338072	1646998338756	678	OK
REQUEST	1	AD_380_Placement_Order	Adoption Placement Order Details	1646998339753	1646998340282	OK	 
GROUP	1	AD_380_Placement_Order	1646998339753	1646998340635	879	OK
REQUEST	1	AD_390_Placement_Number	Adoption Placement Order Number	1646998341632	1646998342044	OK	 
REQUEST	1	AD_390_Placement_Number	Adoption Placement Order Number Redirect 1	1646998342046	1646998342319	OK	 
GROUP	1	AD_390_Placement_Number	1646998341632	1646998342513	876	OK
REQUEST	1	AD_400_Placement_Court	Adoption Placement Court	1646998343522	1646998343970	OK	 
REQUEST	1	AD_400_Placement_Court	Adoption Placement Court Redirect 1	1646998343972	1646998344357	OK	 
GROUP	1	AD_400_Placement_Court	1646998343521	1646998344433	906	OK
REQUEST	1	AD_410_Placement_Date	Adoption Placement Date	1646998345432	1646998346175	OK	 
REQUEST	1	AD_410_Placement_Date	Adoption Placement Date Redirect 1	1646998346176	1646998346585	OK	 
GROUP	1	AD_410_Placement_Date	1646998345432	1646998348735	3300	OK
REQUEST	1	AD_420_Placement_Summary	Adoption Placement Summary	1646998349733	1646998349942	OK	 
REQUEST	1	AD_420_Placement_Summary	Adoption Placement Summary Redirect 1	1646998349943	1646998350372	OK	 
REQUEST	1	AD_420_Placement_Summary	Adoption Placement Summary Redirect 2	1646998350373	1646998350678	OK	 
GROUP	1	AD_420_Placement_Summary	1646998349733	1646998350807	1069	OK
REQUEST	1	AD_430_Placement_Type_2	Adoption Placement Type 2	1646998351802	1646998352354	OK	 
REQUEST	1	AD_430_Placement_Type_2	Adoption Placement Type 2 Redirect 1	1646998352355	1646998352981	OK	 
GROUP	1	AD_430_Placement_Type_2	1646998351802	1646998353283	1477	OK
REQUEST	1	AD_440_Placement_Number_2	Adoption Placement Order Number 2	1646998354292	1646998354843	OK	 
REQUEST	1	AD_440_Placement_Number_2	Adoption Placement Order Number 2 Redirect 1	1646998354844	1646998355120	OK	 
GROUP	1	AD_440_Placement_Number_2	1646998354291	1646998355210	915	OK
REQUEST	1	AD_450_Placement_Court_2	Adoption Placement Court 2	1646998356211	1646998356412	OK	 
REQUEST	1	AD_450_Placement_Court_2	Adoption Placement Court 2 Redirect 1	1646998356414	1646998356766	OK	 
GROUP	1	AD_450_Placement_Court_2	1646998356211	1646998357328	1112	OK
REQUEST	1	AD_460_Placement_Date_2	Adoption Placement Date 2	1646998358320	1646998358694	OK	 
REQUEST	1	AD_460_Placement_Date_2	Adoption Placement Date 2 Redirect 1	1646998358695	1646998359067	OK	 
GROUP	1	AD_460_Placement_Date_2	1646998358320	1646998359153	829	OK
REQUEST	1	AD_470_Placement_Summary_2	Adoption Placement Summary 2	1646998360162	1646998360610	OK	 
REQUEST	1	AD_470_Placement_Summary_2	Adoption Placement Summary 2 Redirect 1	1646998360611	1646998360953	OK	 
GROUP	1	AD_470_Placement_Summary_2	1646998360161	1646998361537	1370	OK
REQUEST	1	AD_480_Birth_Mother	Adoption Mother's Details	1646998362532	1646998362762	OK	 
GROUP	1	AD_480_Birth_Mother	1646998362532	1646998362872	337	OK
REQUEST	1	AD_490_Mother_Name	Adoption Mother's Name	1646998363883	1646998364602	OK	 
REQUEST	1	AD_490_Mother_Name	Adoption Mother's Name Redirect 1	1646998364604	1646998364740	OK	 
GROUP	1	AD_490_Mother_Name	1646998363882	1646998364825	937	OK
REQUEST	1	AD_495_Mother_Alive_Redirect	Adoption Mother's Details	1646998365822	1646998366032	OK	 
GROUP	1	AD_495_Mother_Alive_Redirect	1646998365822	1646998366135	310	OK
REQUEST	1	AD_500_Mother_Alive	Adoption Mother Still Alive?	1646998367132	1646998367691	OK	 
REQUEST	1	AD_500_Mother_Alive	Adoption Mother Still Alive? Redirect 1	1646998367692	1646998368228	OK	 
GROUP	1	AD_500_Mother_Alive	1646998367132	1646998368381	1246	OK
REQUEST	1	AD_510_Mother_Nationality_Add	Adoption Mother's Nationality Add	1646998369381	1646998369766	OK	 
REQUEST	1	AD_510_Mother_Nationality_Add	Adoption Mother's Nationality Add Redirect 1	1646998369767	1646998369874	OK	 
GROUP	1	AD_510_Mother_Nationality_Add	1646998369380	1646998370010	625	OK
REQUEST	1	AD_520_Mother_Nationality_POST	Adoption Mother's Nationality	1646998371002	1646998371198	OK	 
REQUEST	1	AD_520_Mother_Nationality_POST	Adoption Mother's Nationality Redirect 1	1646998371199	1646998371274	OK	 
GROUP	1	AD_520_Mother_Nationality_POST	1646998371002	1646998371379	373	OK
REQUEST	1	AD_530_Mother_Occupation	Adoption Mother's Occupation	1646998372382	1646998372635	OK	 
REQUEST	1	AD_530_Mother_Occupation	Adoption Mother's Occupation Redirect 1	1646998372636	1646998372742	OK	 
GROUP	1	AD_530_Mother_Occupation	1646998372381	1646998372906	520	OK
REQUEST	1	AD_535_Mother_Occupation_Redirect	Adoption Mother's Details Redirect	1646998373913	1646998374006	OK	 
GROUP	1	AD_535_Mother_Occupation_Redirect	1646998373912	1646998374088	172	OK
REQUEST	1	AD_540_Mother_Occupation	Adoption Mother's Address Known	1646998375081	1646998375662	OK	 
REQUEST	1	AD_540_Mother_Occupation	Adoption Mother's Address Known Redirect 1	1646998375664	1646998375785	OK	 
GROUP	1	AD_540_Mother_Occupation	1646998375080	1646998375877	791	OK
REQUEST	1	AD_550_Mother_Address_Manual	Adoption Mother's Address Manual	1646998376882	1646998377121	OK	 
GROUP	1	AD_550_Mother_Address_Manual	1646998376881	1646998377238	353	OK
REQUEST	1	AD_560_Mother_Address_POST	Adoption Mother's Address	1646998378242	1646998379125	OK	 
REQUEST	1	AD_560_Mother_Address_POST	Adoption Mother's Address Redirect 1	1646998379126	1646998379363	OK	 
GROUP	1	AD_560_Mother_Address_POST	1646998378241	1646998379452	1206	OK
REQUEST	1	AD_570_Father_Details	Adoption Father's Details	1646998380461	1646998380672	OK	 
GROUP	1	AD_570_Father_Details	1646998380461	1646998381072	608	OK
REQUEST	1	AD_580_Father_Details_POST	Adoption Father's Details On Certificate	1646998382073	1646998382545	OK	 
REQUEST	1	AD_580_Father_Details_POST	Adoption Father's Details On Certificate Redirect 1	1646998382546	1646998382887	OK	 
GROUP	1	AD_580_Father_Details_POST	1646998382072	1646998383504	1427	OK
REQUEST	1	AD_590_Father_Name	Adoption Father's Name	1646998384503	1646998385056	OK	 
REQUEST	1	AD_590_Father_Name	Adoption Father's Name Redirect 1	1646998385057	1646998385325	OK	 
GROUP	1	AD_590_Father_Name	1646998384503	1646998385398	890	OK
REQUEST	1	AD_600_Father_Alive	Adoption Father Still alive?	1646998386393	1646998386827	OK	 
REQUEST	1	AD_600_Father_Alive	Adoption Father Still alive? Redirect 1	1646998386828	1646998386900	OK	 
GROUP	1	AD_600_Father_Alive	1646998386392	1646998386974	578	OK
REQUEST	1	AD_610_Father_Nationality_Add	Adoption Father add Nationality	1646998387972	1646998388247	OK	 
REQUEST	1	AD_610_Father_Nationality_Add	Adoption Father add Nationality Redirect 1	1646998388248	1646998388446	OK	 
GROUP	1	AD_610_Father_Nationality_Add	1646998387971	1646998388747	771	OK
REQUEST	1	AD_620_Father_Nationality_POST	Adoption Father's Nationality	1646998389753	1646998390455	OK	 
REQUEST	1	AD_620_Father_Nationality_POST	Adoption Father's Nationality Redirect 1	1646998390456	1646998391114	OK	 
GROUP	1	AD_620_Father_Nationality_POST	1646998389752	1646998391853	2096	OK
REQUEST	1	AD_630_Father_Occupation	Adoption Father's Occupation	1646998392852	1646998393185	OK	 
REQUEST	1	AD_630_Father_Occupation	Adoption Father's Occupation Redirect 1	1646998393186	1646998393355	OK	 
GROUP	1	AD_630_Father_Occupation	1646998392852	1646998393446	590	OK
REQUEST	1	AD_640_Father_Address_Known	Adoption Father's Address Known?	1646998394442	1646998394745	OK	 
REQUEST	1	AD_640_Father_Address_Known	Adoption Father's Address Known? Redirect 1	1646998394747	1646998394911	OK	 
GROUP	1	AD_640_Father_Address_Known	1646998394442	1646998395062	615	OK
REQUEST	1	AD_641_Father_Address_Manual	Adoption Father's Address Manual	1646998396062	1646998396401	OK	 
GROUP	1	AD_641_Father_Address_Manual	1646998396062	1646998396499	434	OK
REQUEST	1	AD_642_Father_Address_POST	Adoption Father's Address	1646998397502	1646998397785	OK	 
REQUEST	1	AD_642_Father_Address_POST	Adoption Father's Address Redirect 1	1646998397787	1646998397902	OK	 
GROUP	1	AD_642_Father_Address_POST	1646998397502	1646998397981	474	OK
REQUEST	1	AD_650_Other_Parent_Exists	Adoption Other Parent	1646998398982	1646998399093	OK	 
GROUP	1	AD_650_Other_Parent_Exists	1646998398982	1646998399187	202	OK
REQUEST	1	AD_660_Other_Exists_POST	Adoption Other Parent Exists	1646998400182	1646998400597	OK	 
REQUEST	1	AD_660_Other_Exists_POST	Adoption Other Parent Exists Redirect 1	1646998400599	1646998400695	OK	 
GROUP	1	AD_660_Other_Exists_POST	1646998400182	1646998400782	595	OK
REQUEST	1	AD_670_Other_Parent_Name	Adoption Other Parent Name	1646998401791	1646998402166	OK	 
REQUEST	1	AD_670_Other_Parent_Name	Adoption Other Parent Name Redirect 1	1646998402168	1646998402638	OK	 
GROUP	1	AD_670_Other_Parent_Name	1646998401791	1646998402757	961	OK
REQUEST	1	AD_680_Other_Parent_Address_Known	Adoption Other Parent Address known?	1646998403752	1646998404030	OK	 
REQUEST	1	AD_680_Other_Parent_Address_Known	Adoption Other Parent Address known? Redirect 1	1646998404031	1646998404087	OK	 
GROUP	1	AD_680_Other_Parent_Address_Known	1646998403752	1646998404159	404	OK
REQUEST	1	AD_690_Other_Parent_Address_Manual	Adoption Other Parent Address Manual	1646998405161	1646998405259	OK	 
GROUP	1	AD_690_Other_Parent_Address_Manual	1646998405161	1646998405350	186	OK
REQUEST	1	AD_700_Other_Parent_Address_POST	Adoption Other Parent Address Manual	1646998406341	1646998406608	OK	 
REQUEST	1	AD_700_Other_Parent_Address_POST	Adoption Other Parent Address Manual Redirect 1	1646998406609	1646998406717	OK	 
GROUP	1	AD_700_Other_Parent_Address_POST	1646998406340	1646998406795	450	OK
REQUEST	1	adoption_710_Agency	Adoption Agency	1646998407803	1646998408447	OK	 
REQUEST	1	adoption_710_Agency	Adoption Agency Redirect 1	1646998408448	1646998409346	OK	 
GROUP	1	adoption_710_Agency	1646998407802	1646998409525	1718	OK
REQUEST	1	AD_720_Agency_Details	Adoption Agency Details	1646998410531	1646998410747	OK	 
REQUEST	1	AD_720_Agency_Details	Adoption Agency Details Redirect 1	1646998410749	1646998410806	OK	 
GROUP	1	AD_720_Agency_Details	1646998410530	1646998410881	345	OK
REQUEST	1	AD_730_Other_Agency	Adoption Other Agency?	1646998411882	1646998412221	OK	 
REQUEST	1	AD_730_Other_Agency	Adoption Other Agency? Redirect 1	1646998412222	1646998412422	OK	 
REQUEST	1	AD_730_Other_Agency	Adoption Other Agency? Redirect 2	1646998412423	1646998413036	OK	 
GROUP	1	AD_730_Other_Agency	1646998411882	1646998413112	1225	OK
REQUEST	1	AD_740_Other_Agency_Details	Adoption Other Agency Details	1646998414112	1646998414461	OK	 
REQUEST	1	AD_740_Other_Agency_Details	Adoption Other Agency Details Redirect 1	1646998414462	1646998414578	OK	 
GROUP	1	AD_740_Other_Agency_Details	1646998414112	1646998414674	558	OK
REQUEST	1	AD_750_Social_Worker_Details	Adoption Social Worker Details	1646998415672	1646998416116	OK	 
REQUEST	1	AD_750_Social_Worker_Details	Adoption Social Worker Details Redirect 1	1646998416117	1646998416199	OK	 
GROUP	1	AD_750_Social_Worker_Details	1646998415672	1646998416299	623	OK
REQUEST	1	AD_760_Sibling_Details	Adoption Sibling Details	1646998417291	1646998417372	OK	 
GROUP	1	AD_760_Sibling_Details	1646998417291	1646998417460	166	OK
REQUEST	1	AD_770_Sibling_Other	Adoption Any Sibling?	1646998418473	1646998418980	OK	 
REQUEST	1	AD_770_Sibling_Other	Adoption Any Sibling? Redirect 1	1646998418981	1646998419541	OK	 
GROUP	1	AD_770_Sibling_Other	1646998418472	1646998419650	1174	OK
REQUEST	1	AD_780_Sibling_Order_Exists	Adoption Court Order Exists?	1646998420641	1646998421128	OK	 
REQUEST	1	AD_780_Sibling_Order_Exists	Adoption Court Order Exists? Redirect 1	1646998421128	1646998421381	OK	 
GROUP	1	AD_780_Sibling_Order_Exists	1646998420641	1646998421858	1215	OK
REQUEST	1	AD_790_Sibling_Name	Adoption Sibling Name	1646998422862	1646998423168	OK	 
REQUEST	1	AD_790_Sibling_Name	Adoption Sibling Name Redirect 1	1646998423169	1646998423630	OK	 
REQUEST	1	AD_790_Sibling_Name	Adoption Sibling Name Redirect 2	1646998423631	1646998424220	OK	 
GROUP	1	AD_790_Sibling_Name	1646998422862	1646998424390	1524	OK
REQUEST	1	AD_800_Sibling_Type	Adoption Order Type?	1646998425401	1646998425614	OK	 
REQUEST	1	AD_800_Sibling_Type	Adoption Order Type? Redirect 1	1646998425616	1646998426456	OK	 
GROUP	1	AD_800_Sibling_Type	1646998425400	1646998426647	1241	OK
REQUEST	1	AD_810_Sibling_Number	Adoption Order Number	1646998427642	1646998428036	OK	 
REQUEST	1	AD_810_Sibling_Number	Adoption Order Number Redirect 1	1646998428037	1646998428173	OK	 
GROUP	1	AD_810_Sibling_Number	1646998427641	1646998428260	614	OK
REQUEST	1	AD_820_Sibling_New_Order	Adoption Add New Order?	1646998429252	1646998429505	OK	 
REQUEST	1	AD_820_Sibling_New_Order	Adoption Add New Order? Redirect 1	1646998429507	1646998429886	OK	 
GROUP	1	AD_820_Sibling_New_Order	1646998429251	1646998430011	753	OK
REQUEST	1	AD_830_Sibling_Select	Adoption Select Sibling	1646998431023	1646998431371	OK	 
REQUEST	1	AD_830_Sibling_Select	Adoption Select Sibling Redirect 1	1646998431372	1646998431585	OK	 
REQUEST	1	AD_830_Sibling_Select	Adoption Select Sibling Redirect 2	1646998431586	1646998431842	OK	 
GROUP	1	AD_830_Sibling_Select	1646998431023	1646998432077	1049	OK
REQUEST	1	AD_840_Sibling_Type_2	Adoption Order Type	1646998433073	1646998433352	OK	 
REQUEST	1	AD_840_Sibling_Type_2	Adoption Order Type Redirect 1	1646998433354	1646998433931	OK	 
GROUP	1	AD_840_Sibling_Type_2	1646998433072	1646998434032	955	OK
REQUEST	1	AD_850_Sibling_Number_2t	Adoption Order Number	1646998435041	1646998435365	OK	 
REQUEST	1	AD_850_Sibling_Number_2t	Adoption Order Number Redirect 1	1646998435366	1646998435626	OK	 
GROUP	1	AD_850_Sibling_Number_2t	1646998435041	1646998435860	816	OK
REQUEST	1	AD_855_Sibling_Remove	Adoption Remove Placement Order	1646998436852	1646998437186	OK	 
REQUEST	1	AD_855_Sibling_Remove	Adoption Remove Placement Order Redirect 1	1646998437187	1646998437340	OK	 
GROUP	1	AD_855_Sibling_Remove	1646998436851	1646998437659	804	OK
REQUEST	1	AD_860_Sibling_Summary	Adoption Order Summary	1646998438663	1646998438948	OK	 
REQUEST	1	AD_860_Sibling_Summary	Adoption Order Summary Redirect 1	1646998438949	1646998439139	OK	 
GROUP	1	AD_860_Sibling_Summary	1646998438662	1646998439242	576	OK
REQUEST	1	AD_861_Family_Court	Adoption Family Court Redirect	1646998440241	1646998440604	OK	 
GROUP	1	AD_861_Family_Court	1646998440241	1646998440699	456	OK
REQUEST	1	AD_862_Family_Court_POST	Adoption Family Court Redirect	1646998441692	1646998442326	OK	 
REQUEST	1	AD_862_Family_Court_POST	Adoption Family Court Redirect Redirect 1	1646998442327	1646998442413	OK	 
GROUP	1	AD_862_Family_Court_POST	1646998441692	1646998442502	806	OK
REQUEST	1	AD_870_Upload_Document	Adoption Birth Certificate Details	1646998443502	1646998443724	OK	 
GROUP	1	AD_870_Upload_Document	1646998443501	1646998443859	353	OK
REQUEST	1	AD_880_Upload_Document	Adoption Certificate Upload	1646998444887	1646998452893	OK	 
GROUP	1	AD_880_Upload_Document	1646998444863	1646998452946	8006	OK
REQUEST	1	AD_885_Upload_Document_POST	Adoption Certificate Upload POST	1646998453891	1646998454187	OK	 
REQUEST	1	AD_885_Upload_Document_POST	Adoption Certificate Upload POST Redirect 1	1646998454188	1646998454414	OK	 
GROUP	1	AD_885_Upload_Document_POST	1646998453890	1646998454495	600	OK
REQUEST	1	AD_890_Equality	Adoption Review Equality	1646998455501	1646998456603	OK	 
REQUEST	1	AD_890_Equality	Adoption Review Equality Redirect 1	1646998456604	1646998457483	OK	 
REQUEST	1	AD_890_Equality	Adoption Review Equality Redirect 2	1646998457484	1646998457679	OK	 
GROUP	1	AD_890_Equality	1646998455501	1646998462206	6701	OK
REQUEST	1	AD_900_Equality	Adoption Review Equality	1646998463200	1646998463441	KO	status.find.in(200,201,202,203,204,205,206,207,208,209,304), found 500
GROUP	1	AD_900_Equality	1646998463200	1646998463445	241	KO
USER	LAU Simulation	1	END	1646998271348	1646998463450
