RUN	simulations.mainSimulation	mainsimulation	1646908537401	 	3.3.1
USER	LAU Simulation	1	START	1646908537970	1646908537970
REQUEST	1	adoption_010_Homepage	Adoption Homepage	1646908537996	1646908538574	OK	 
REQUEST	1	adoption_010_Homepage	Adoption Homepage Redirect 1	1646908538600	1646908538632	OK	 
REQUEST	1	adoption_010_Homepage	Adoption Homepage Redirect 2	1646908538633	1646908538735	OK	 
GROUP	1	adoption_010_Homepage	1646908537979	1646908539232	1122	OK
REQUEST	1	Adoption_020_Login	Adoption Login	1646908540253	1646908540446	OK	 
REQUEST	1	Adoption_020_Login	Adoption Login Redirect 1	1646908540451	1646908541088	OK	 
REQUEST	1	Adoption_020_Login	Adoption Login Redirect 2	1646908541090	1646908544269	OK	 
REQUEST	1	Adoption_020_Login	Adoption Login Redirect 3	1646908544271	1646908545603	OK	 
GROUP	1	Adoption_020_Login	1646908540249	1646908546163	5891	OK
REQUEST	1	Adoption_030_Apply_With	Adoption Applying With	1646908547171	1646908547284	OK	 
GROUP	1	Adoption_030_Apply_With	1646908547169	1646908547354	175	OK
REQUEST	1	Adoption_040_Adoption_Applying_Post	Adoption Applying Post	1646908548350	1646908549137	OK	 
REQUEST	1	Adoption_040_Adoption_Applying_Post	Adoption Applying Post Redirect 1	1646908549138	1646908549184	OK	 
GROUP	1	Adoption_040_Adoption_Applying_Post	1646908548348	1646908549232	875	OK
REQUEST	1	Adoption_050_Adoption_Applying_With_Redirect	Adoption Applying With Redirect	1646908550240	1646908550282	OK	 
GROUP	1	Adoption_050_Adoption_Applying_With_Redirect	1646908550239	1646908550553	307	OK
REQUEST	1	Adoption_060_Date_Of_Move	Adoption Date Child Moved in 	1646908551550	1646908551594	OK	 
GROUP	1	Adoption_060_Date_Of_Move	1646908551549	1646908551651	96	OK
REQUEST	1	Adoption_070_Date_Of_Move_POST	Adoption Date Child Moved in Post	1646908552660	1646908553013	OK	 
REQUEST	1	Adoption_070_Date_Of_Move_POST	Adoption Date Child Moved in Post Redirect 1	1646908553015	1646908553056	OK	 
REQUEST	1	Adoption_070_Date_Of_Move_POST,Adoption_050_Adoption_Applying_With_Redirect	Adoption Applying With Redirect	1646908553158	1646908553194	OK	 
GROUP	1	Adoption_070_Date_Of_Move_POST,Adoption_050_Adoption_Applying_With_Redirect	1646908553157	1646908553227	65	OK
GROUP	1	Adoption_070_Date_Of_Move_POST	1646908552659	1646908554217	549	OK
REQUEST	1	Adoption_080_Your_Details	Adoption Your Personal Details 	1646908555231	1646908555486	OK	 
GROUP	1	Adoption_080_Your_Details	1646908555230	1646908555697	460	OK
REQUEST	1	Adoption_090_Your_Details_POST	Adoption Your Personal Details Post	1646908556691	1646908557056	OK	 
REQUEST	1	Adoption_090_Your_Details_POST	Adoption Your Personal Details Post Redirect 1	1646908557058	1646908557098	OK	 
GROUP	1	Adoption_090_Your_Details_POST	1646908556690	1646908557181	484	OK
REQUEST	1	Adoption_100_Your_Details_Other_Name	Adoption Your Personal Details Other Name	1646908558180	1646908558431	OK	 
REQUEST	1	Adoption_100_Your_Details_Other_Name	Adoption Your Personal Details Other Name Redirect 1	1646908558433	1646908558471	OK	 
GROUP	1	Adoption_100_Your_Details_Other_Name	1646908558179	1646908558517	331	OK
REQUEST	1	Adoption_110_Your_Details_DoB	Adoption Your Personal Details DoB	1646908559510	1646908559557	OK	 
GROUP	1	Adoption_110_Your_Details_DoB	1646908559509	1646908559738	225	OK
REQUEST	1	Adoption_120_Your_Details_DoB_POST	Adoption Your Personal Details DoB POST	1646908560751	1646908561113	OK	 
REQUEST	1	Adoption_120_Your_Details_DoB_POST	Adoption Your Personal Details DoB POST Redirect 1	1646908561115	1646908561155	OK	 
GROUP	1	Adoption_120_Your_Details_DoB_POST	1646908560750	1646908561238	482	OK
REQUEST	1	Adoption_130_Your_Details_Occupation	Adoption Your Personal Details Occupation	1646908562238	1646908562435	OK	 
REQUEST	1	Adoption_130_Your_Details_Occupation	Adoption Your Personal Details Occupation Redirect 1	1646908562437	1646908562471	OK	 
GROUP	1	Adoption_130_Your_Details_Occupation	1646908562238	1646908563800	1556	OK
REQUEST	1	Adoption_140_Your_Contact_Details	Adoption Your Contact Details LookUp	1646908564800	1646908564845	OK	 
GROUP	1	Adoption_140_Your_Contact_Details	1646908564800	1646908566651	1848	OK
REQUEST	1	Adoption_150_Your_Contact_Details_Manual	Adoption Your Contact Details Manual	1646908567648	1646908567812	OK	 
GROUP	1	Adoption_150_Your_Contact_Details_Manual	1646908567647	1646908568493	841	OK
REQUEST	1	Adoption_160_Your_Contact_Details_Manual_POST	Adoption Your Contact Details Manual POST	1646908569489	1646908569669	OK	 
REQUEST	1	Adoption_160_Your_Contact_Details_Manual_POST	Adoption Your Contact Details Manual POST Redirect 1	1646908569671	1646908569806	OK	 
GROUP	1	Adoption_160_Your_Contact_Details_Manual_POST	1646908569488	1646908569958	463	OK
REQUEST	1	Adoption_170_Your_Contact_Details_POST	Adoption Your Contact Details POST	1646908570971	1646908571174	OK	 
REQUEST	1	Adoption_170_Your_Contact_Details_POST	Adoption Your Contact Details POST Redirect 1	1646908571175	1646908571224	OK	 
GROUP	1	Adoption_170_Your_Contact_Details_POST	1646908570970	1646908571337	362	OK
REQUEST	1	Adoption_180_Second_Personal_Details	Adoption Second Personal Details	1646908572328	1646908572375	OK	 
GROUP	1	Adoption_180_Second_Personal_Details	1646908572327	1646908572426	92	OK
REQUEST	1	Adoption_190_Second_Personal_Details_POST	Adoption Second Personal Details POST	1646908573430	1646908573761	OK	 
REQUEST	1	Adoption_190_Second_Personal_Details_POST	Adoption Second Personal Details POST Redirect 1	1646908573762	1646908573804	OK	 
GROUP	1	Adoption_190_Second_Personal_Details_POST	1646908573429	1646908573869	435	OK
REQUEST	1	Adoption_200_Second_Other_Name	Adoption Second Other Name	1646908574868	1646908575182	OK	 
REQUEST	1	Adoption_200_Second_Other_Name	Adoption Second Other Name Redirect 1	1646908575184	1646908575229	OK	 
GROUP	1	Adoption_200_Second_Other_Name	1646908574868	1646908575335	462	OK
REQUEST	1	Adoption_210_Second_Other_Name_Redirect	Adoption Second Other Name Redirect	1646908576338	1646908576568	OK	 
REQUEST	1	Adoption_210_Second_Other_Name_Redirect	Adoption Second Other Name Redirect Redirect 1	1646908576570	1646908576611	OK	 
GROUP	1	Adoption_210_Second_Other_Name_Redirect	1646908576338	1646908576773	431	OK
REQUEST	1	Adoption_220_Second_DoB	Adoption Second DoB	1646908577769	1646908577959	OK	 
REQUEST	1	Adoption_220_Second_DoB	Adoption Second DoB Redirect 1	1646908577961	1646908578017	OK	 
GROUP	1	Adoption_220_Second_DoB	1646908577768	1646908578063	289	OK
REQUEST	1	Adoption_230_Second_Occupation	Adoption Second Occupation	1646908579068	1646908579260	OK	 
REQUEST	1	Adoption_230_Second_Occupation	Adoption Second Occupation Redirect 1	1646908579262	1646908579368	OK	 
GROUP	1	Adoption_230_Second_Occupation	1646908579068	1646908579415	342	OK
REQUEST	1	Adoption_240_Second_Contact_Details_Same_Address	Adoption Second Contact Details Same-Address	1646908580408	1646908580851	OK	 
GROUP	1	Adoption_240_Second_Contact_Details_Same_Address	1646908580408	1646908581083	672	OK
REQUEST	1	Adoption_250_Second_Contact_Details_Same_Address_POST	Adoption Second Contact Details Same-Address POST	1646908582089	1646908582452	OK	 
REQUEST	1	Adoption_250_Second_Contact_Details_Same_Address_POST	Adoption Second Contact Details Same-Address POST Redirect 1	1646908582454	1646908582633	OK	 
GROUP	1	Adoption_250_Second_Contact_Details_Same_Address_POST	1646908582088	1646908582677	582	OK
REQUEST	1	Adoption_260_Second_Contact_Details_Manual_Redirect	Adoption Second Contact Details manual redirect	1646908583669	1646908583710	OK	 
GROUP	1	Adoption_260_Second_Contact_Details_Manual_Redirect	1646908583668	1646908583758	85	OK
REQUEST	1	Adoption_270_Second_Contact_Details_Manual_POST	Adoption Second Contact Details manual POST	1646908584770	1646908585331	OK	 
REQUEST	1	Adoption_270_Second_Contact_Details_Manual_POST	Adoption Second Contact Details manual POST Redirect 1	1646908585332	1646908585373	OK	 
GROUP	1	Adoption_270_Second_Contact_Details_Manual_POST	1646908584769	1646908585457	683	OK
REQUEST	1	Adoption_280_Second_Contact_Details__POST	Adoption Second Contact Details POST	1646908586458	1646908586693	OK	 
REQUEST	1	Adoption_280_Second_Contact_Details__POST	Adoption Second Contact Details POST Redirect 1	1646908586694	1646908586804	OK	 
GROUP	1	Adoption_280_Second_Contact_Details__POST	1646908586458	1646908586863	400	OK
REQUEST	1	adoption_290_Birth_Certificate	Adoption Birth Certificate Details	1646908587859	1646908587899	OK	 
GROUP	1	adoption_290_Birth_Certificate	1646908587858	1646908587941	78	OK
REQUEST	1	adoption_300_Birth_Certificate_Name	Adoption Birth Certificate Name	1646908588950	1646908589137	OK	 
REQUEST	1	adoption_300_Birth_Certificate_Name	Adoption Birth Certificate Name Redirect 1	1646908589138	1646908589442	OK	 
GROUP	1	adoption_300_Birth_Certificate_Name	1646908588949	1646908589497	543	OK
REQUEST	1	adoption_320_Birth_Certificate_DoB	Adoption Birth Certificate DoB	1646908590489	1646908590710	OK	 
REQUEST	1	adoption_320_Birth_Certificate_DoB	Adoption Birth Certificate DoB Redirect 1	1646908590712	1646908590749	OK	 
GROUP	1	adoption_320_Birth_Certificate_DoB	1646908590488	1646908590796	302	OK
REQUEST	1	adoption_330_Birth_Certificate_Sex	Adoption Birth Certificate Sex	1646908591800	1646908592192	OK	 
REQUEST	1	adoption_330_Birth_Certificate_Sex	Adoption Birth Certificate Sex Redirect 1	1646908592194	1646908592237	OK	 
GROUP	1	adoption_330_Birth_Certificate_Sex	1646908591799	1646908592285	480	OK
REQUEST	1	adoption_340_Birth_Certificate_Nationality_Add	Adoption Birth Certificate Nationality Add	1646908593289	1646908593639	OK	 
REQUEST	1	adoption_340_Birth_Certificate_Nationality_Add	Adoption Birth Certificate Nationality Add Redirect 1	1646908593640	1646908596633	OK	 
GROUP	1	adoption_340_Birth_Certificate_Nationality_Add	1646908593289	1646908596716	3423	OK
REQUEST	1	adoption_350_Birth_Certificate_Nationality_POST	Adoption Birth Certificate Nationality POST	1646908597710	1646908597901	OK	 
REQUEST	1	adoption_350_Birth_Certificate_Nationality_POST	Adoption Birth Certificate Nationality POST Redirect 1	1646908597902	1646908597942	OK	 
GROUP	1	adoption_350_Birth_Certificate_Nationality_POST	1646908597710	1646908597984	270	OK
REQUEST	1	adoption_360_Certificate_Details	Adoption Certificate Details	1646908598988	1646908599036	OK	 
GROUP	1	adoption_360_Certificate_Details	1646908598988	1646908599124	132	OK
REQUEST	1	adoption_370_Certificate_Details_Name	Adoption Certificate Details Name	1646908600119	1646908600539	OK	 
REQUEST	1	adoption_370_Certificate_Details_Name	Adoption Certificate Details Name Redirect 1	1646908600541	1646908600578	OK	 
GROUP	1	adoption_370_Certificate_Details_Name	1646908600118	1646908601629	504	OK
REQUEST	1	adoption_380_Placement_Order	Adoption Placement Order Details	1646908601629	1646908601808	OK	 
GROUP	1	adoption_380_Placement_Order	1646908601629	1646908602184	552	OK
REQUEST	1	adoption_390_Certificate_Placement_Order_Number	Adoption Placement Order Number	1646908603188	1646908603544	OK	 
REQUEST	1	adoption_390_Certificate_Placement_Order_Number	Adoption Placement Order Number Redirect 1	1646908603546	1646908603749	OK	 
GROUP	1	adoption_390_Certificate_Placement_Order_Number	1646908603188	1646908603817	624	OK
REQUEST	1	adoption_400_Certificate_Placement_Court	Adoption Placement Court	1646908604821	1646908604995	OK	 
REQUEST	1	adoption_400_Certificate_Placement_Court	Adoption Placement Court Redirect 1	1646908604997	1646908605299	OK	 
GROUP	1	adoption_400_Certificate_Placement_Court	1646908604820	1646908605405	579	OK
REQUEST	1	adoption_410_Certificate_Placement_Date	Adoption Placement Date	1646908606401	1646908606801	OK	 
REQUEST	1	adoption_410_Certificate_Placement_Date	Adoption Placement Date Redirect 1	1646908606802	1646908607175	OK	 
GROUP	1	adoption_410_Certificate_Placement_Date	1646908606400	1646908607353	949	OK
REQUEST	1	adoption_420_Certificate_Placement_Summary	Adoption Placement Summary	1646908608360	1646908608643	OK	 
REQUEST	1	adoption_420_Certificate_Placement_Summary	Adoption Placement Summary Redirect 1	1646908608644	1646908609071	OK	 
REQUEST	1	adoption_420_Certificate_Placement_Summary	Adoption Placement Summary Redirect 2	1646908609073	1646908609410	OK	 
GROUP	1	adoption_420_Certificate_Placement_Summary	1646908608359	1646908609677	1312	OK
REQUEST	1	adoption_430_Certificate_Placement_Type_2	Adoption Placement Type 2	1646908610669	1646908610836	OK	 
REQUEST	1	adoption_430_Certificate_Placement_Type_2	Adoption Placement Type 2 Redirect 1	1646908610838	1646908611135	OK	 
GROUP	1	adoption_430_Certificate_Placement_Type_2	1646908610669	1646908611389	715	OK
REQUEST	1	adoption_440_Certificate_Placement_Order_Number_2	Adoption Placement Order Number 2	1646908612398	1646908612574	OK	 
REQUEST	1	adoption_440_Certificate_Placement_Order_Number_2	Adoption Placement Order Number 2 Redirect 1	1646908612575	1646908612764	OK	 
GROUP	1	adoption_440_Certificate_Placement_Order_Number_2	1646908612397	1646908612820	418	OK
REQUEST	1	adoption_450_Certificate_Placement_Court_2	Adoption Placement Court 2	1646908613818	1646908613977	OK	 
REQUEST	1	adoption_450_Certificate_Placement_Court_2	Adoption Placement Court 2 Redirect 1	1646908613979	1646908614228	OK	 
GROUP	1	adoption_450_Certificate_Placement_Court_2	1646908613818	1646908614272	449	OK
REQUEST	1	adoption_460_Certificate_Placement_Date_2	Adoption Placement Date 2	1646908615271	1646908615495	OK	 
REQUEST	1	adoption_460_Certificate_Placement_Date_2	Adoption Placement Date 2 Redirect 1	1646908615496	1646908615683	OK	 
GROUP	1	adoption_460_Certificate_Placement_Date_2	1646908615270	1646908615806	531	OK
REQUEST	1	adoption_470_Certificate_Placement_Summary_2	Adoption Placement Summary 2	1646908616810	1646908617127	OK	 
REQUEST	1	adoption_470_Certificate_Placement_Summary_2	Adoption Placement Summary 2 Redirect 1	1646908617128	1646908617242	OK	 
GROUP	1	adoption_470_Certificate_Placement_Summary_2	1646908616809	1646908617821	1007	OK
REQUEST	1	adoption_480_Birth_Mother	Adoption Mother's Details	1646908618820	1646908618864	OK	 
GROUP	1	adoption_480_Birth_Mother	1646908618819	1646908618910	87	OK
REQUEST	1	adoption_490_Birth_Mother_Name	Adoption Mother's Name	1646908619918	1646908620357	OK	 
REQUEST	1	adoption_490_Birth_Mother_Name	Adoption Mother's Name Redirect 1	1646908620358	1646908620510	OK	 
GROUP	1	adoption_490_Birth_Mother_Name	1646908619918	1646908620686	764	OK
REQUEST	1	adoption_495_Birth_Mother	Adoption Mother's Details	1646908621680	1646908621822	OK	 
GROUP	1	adoption_495_Birth_Mother	1646908621679	1646908621973	290	OK
REQUEST	1	adoption_500_Birth_Mother_Alive	Adoption Mother Still Alive?	1646908622980	1646908623181	OK	 
REQUEST	1	adoption_500_Birth_Mother_Alive	Adoption Mother Still Alive? Redirect 1	1646908623182	1646908623229	OK	 
GROUP	1	adoption_500_Birth_Mother_Alive	1646908622979	1646908623333	350	OK
REQUEST	1	adoption_510_Birth_Mother_Nationality_Add	Adoption Mother's Nationality Add	1646908624329	1646908624667	OK	 
REQUEST	1	adoption_510_Birth_Mother_Nationality_Add	Adoption Mother's Nationality Add Redirect 1	1646908624669	1646908624730	OK	 
GROUP	1	adoption_510_Birth_Mother_Nationality_Add	1646908624328	1646908624770	437	OK
REQUEST	1	adoption_520_Birth_Mother_Nationality_POSt	Adoption Mother's Nationality	1646908625778	1646908626011	OK	 
REQUEST	1	adoption_520_Birth_Mother_Nationality_POSt	Adoption Mother's Nationality Redirect 1	1646908626013	1646908626065	OK	 
GROUP	1	adoption_520_Birth_Mother_Nationality_POSt	1646908625778	1646908626128	345	OK
REQUEST	1	adoption_530_Birth_Mother_Occupation	Adoption Mother's Occupation	1646908627130	1646908627332	OK	 
REQUEST	1	adoption_530_Birth_Mother_Occupation	Adoption Mother's Occupation Redirect 1	1646908627334	1646908627449	OK	 
GROUP	1	adoption_530_Birth_Mother_Occupation	1646908627129	1646908627612	477	OK
REQUEST	1	adoption_535_Birth_Mother_Occupation_Redirect	Adoption Mother's Details Redirect	1646908628608	1646908628709	OK	 
GROUP	1	adoption_535_Birth_Mother_Occupation_Redirect	1646908628608	1646908628826	216	OK
REQUEST	1	adoption_540_Birth_Mother_Occupation	Adoption Mother's Address Known	1646908629819	1646908630040	OK	 
REQUEST	1	adoption_540_Birth_Mother_Occupation	Adoption Mother's Address Known Redirect 1	1646908630041	1646908630085	OK	 
GROUP	1	adoption_540_Birth_Mother_Occupation	1646908629818	1646908630164	342	OK
REQUEST	1	adoption_550_Birth_Mother_Address_Manual	Adoption Mother's Address Manual	1646908631170	1646908631214	OK	 
GROUP	1	adoption_550_Birth_Mother_Address_Manual	1646908631169	1646908631304	130	OK
REQUEST	1	adoption_560_Birth_Mother_Address_POST	Adoption Mother's Address	1646908632301	1646908632546	OK	 
REQUEST	1	adoption_560_Birth_Mother_Address_POST	Adoption Mother's Address Redirect 1	1646908632547	1646908632638	OK	 
GROUP	1	adoption_560_Birth_Mother_Address_POST	1646908632300	1646908632809	504	OK
REQUEST	1	adoption_570_Birth_Father_Details	Adoption Father's Details	1646908633818	1646908633937	OK	 
GROUP	1	adoption_570_Birth_Father_Details	1646908633818	1646908634114	293	OK
REQUEST	1	adoption_580_Birth_Father_Details_POST	Adoption Father's Details On Certificate	1646908635110	1646908635337	OK	 
REQUEST	1	adoption_580_Birth_Father_Details_POST	Adoption Father's Details On Certificate Redirect 1	1646908635338	1646908635383	OK	 
GROUP	1	adoption_580_Birth_Father_Details_POST	1646908635109	1646908635423	309	OK
REQUEST	1	adoption_590_Birth_Father_Name	Adoption Father's Name	1646908636418	1646908636605	OK	 
REQUEST	1	adoption_590_Birth_Father_Name	Adoption Father's Name Redirect 1	1646908636607	1646908636755	OK	 
GROUP	1	adoption_590_Birth_Father_Name	1646908636418	1646908636863	441	OK
REQUEST	1	adoption_600_Birth_Father_Alive	Adoption Father Still alive?	1646908637870	1646908638062	OK	 
REQUEST	1	adoption_600_Birth_Father_Alive	Adoption Father Still alive? Redirect 1	1646908638063	1646908638126	OK	 
GROUP	1	adoption_600_Birth_Father_Alive	1646908637870	1646908638169	295	OK
REQUEST	1	adoption_610_Birth_Father_Nationality_Add	Adoption Father add Nationality	1646908639171	1646908639602	OK	 
REQUEST	1	adoption_610_Birth_Father_Nationality_Add	Adoption Father add Nationality Redirect 1	1646908639603	1646908639642	OK	 
GROUP	1	adoption_610_Birth_Father_Nationality_Add	1646908639170	1646908639816	641	OK
REQUEST	1	adoption_620_Birth_Father_Nationality_POST	Adoption Father's Nationality	1646908640809	1646908641174	OK	 
REQUEST	1	adoption_620_Birth_Father_Nationality_POST	Adoption Father's Nationality Redirect 1	1646908641175	1646908641213	OK	 
GROUP	1	adoption_620_Birth_Father_Nationality_POST	1646908640809	1646908641311	499	OK
REQUEST	1	adoption_630_Birth_Father_Occupation	Adoption Father's Occupation	1646908642319	1646908642506	OK	 
REQUEST	1	adoption_630_Birth_Father_Occupation	Adoption Father's Occupation Redirect 1	1646908642508	1646908642550	OK	 
GROUP	1	adoption_630_Birth_Father_Occupation	1646908642318	1646908642600	276	OK
REQUEST	1	adoption_640_Birth_Father_Occupation_Address_Known	Adoption Father's Address Known?	1646908643600	1646908643782	OK	 
REQUEST	1	adoption_640_Birth_Father_Occupation_Address_Known	Adoption Father's Address Known? Redirect 1	1646908643783	1646908643853	OK	 
GROUP	1	adoption_640_Birth_Father_Occupation_Address_Known	1646908643599	1646908643897	293	OK
REQUEST	1	adoption_640_Birth_Father_Occupation_Address_Manual	Adoption Father's Address Manual	1646908644891	1646908644985	OK	 
GROUP	1	adoption_640_Birth_Father_Occupation_Address_Manual	1646908644890	1646908645274	379	OK
REQUEST	1	adoption_640_Birth_Father_Occupation_Address_POST	Adoption Father's Address	1646908646280	1646908646693	OK	 
REQUEST	1	adoption_640_Birth_Father_Occupation_Address_POST	Adoption Father's Address Redirect 1	1646908646694	1646908646730	OK	 
GROUP	1	adoption_640_Birth_Father_Occupation_Address_POST	1646908646280	1646908646860	576	OK
REQUEST	1	adoption_650_Other_Parent_Exists	Adoption Other Parent	1646908647859	1646908647990	OK	 
GROUP	1	adoption_650_Other_Parent_Exists	1646908647858	1646908648215	354	OK
REQUEST	1	adoption_660_Other_Parent_Exists_POST	Adoption Other Parent Exists	1646908649219	1646908649394	OK	 
REQUEST	1	adoption_660_Other_Parent_Exists_POST	Adoption Other Parent Exists Redirect 1	1646908649395	1646908649439	OK	 
GROUP	1	adoption_660_Other_Parent_Exists_POST	1646908649219	1646908649553	330	OK
REQUEST	1	adoption_670_Other_Parent_Name	Adoption Other Parent Name	1646908650549	1646908650968	OK	 
REQUEST	1	adoption_670_Other_Parent_Name	Adoption Other Parent Name Redirect 1	1646908650970	1646908651005	OK	 
GROUP	1	adoption_670_Other_Parent_Name	1646908650549	1646908651143	589	OK
REQUEST	1	adoption_680_Other_Parent_Address_Known?	Adoption Other Parent Address known?	1646908652150	1646908652586	OK	 
REQUEST	1	adoption_680_Other_Parent_Address_Known?	Adoption Other Parent Address known? Redirect 1	1646908652588	1646908652621	OK	 
GROUP	1	adoption_680_Other_Parent_Address_Known?	1646908652149	1646908652793	639	OK
REQUEST	1	adoption_690_Other_Parent_Address_Manual	Adoption Other Parent Address Manual	1646908653790	1646908653840	OK	 
GROUP	1	adoption_690_Other_Parent_Address_Manual	1646908653790	1646908654180	388	OK
REQUEST	1	adoption_700_Other_Parent_Address_POST	Adoption Other Parent Address Manual	1646908655180	1646908655519	OK	 
REQUEST	1	adoption_700_Other_Parent_Address_POST	Adoption Other Parent Address Manual Redirect 1	1646908655521	1646908655560	OK	 
GROUP	1	adoption_700_Other_Parent_Address_POST	1646908655179	1646908655610	424	OK
REQUEST	1	adoption_710_Agency	Adoption Agency	1646908656610	1646908657009	OK	 
REQUEST	1	adoption_710_Agency	Adoption Agency Redirect 1	1646908657011	1646908657241	OK	 
GROUP	1	adoption_710_Agency	1646908656609	1646908657447	832	OK
REQUEST	1	adoption_720_Agency_Details	Adoption Agency Details	1646908658448	1646908658906	OK	 
REQUEST	1	adoption_720_Agency_Details	Adoption Agency Details Redirect 1	1646908658907	1646908659036	OK	 
GROUP	1	adoption_720_Agency_Details	1646908658447	1646908659871	1419	OK
REQUEST	1	adoption_730_Other_Agency	Adoption Other Agency?	1646908660881	1646908661175	OK	 
REQUEST	1	adoption_730_Other_Agency	Adoption Other Agency? Redirect 1	1646908661177	1646908661336	OK	 
REQUEST	1	adoption_730_Other_Agency	Adoption Other Agency? Redirect 2	1646908661337	1646908661931	OK	 
GROUP	1	adoption_730_Other_Agency	1646908660880	1646908662004	1117	OK
REQUEST	1	adoption_740_Other_Agency_Details	Adoption Other Agency Details	1646908662999	1646908663359	OK	 
REQUEST	1	adoption_740_Other_Agency_Details	Adoption Other Agency Details Redirect 1	1646908663360	1646908663398	OK	 
GROUP	1	adoption_740_Other_Agency_Details	1646908662998	1646908663445	442	OK
REQUEST	1	adoption_750_Social_Worker_Details	Adoption Social Worker Details	1646908664440	1646908664642	OK	 
REQUEST	1	adoption_750_Social_Worker_Details	Adoption Social Worker Details Redirect 1	1646908664644	1646908664688	OK	 
GROUP	1	adoption_750_Social_Worker_Details	1646908664440	1646908664733	288	OK
REQUEST	1	adoption_760_Sibling_Details	Adoption Sibling Details	1646908665738	1646908665785	OK	 
GROUP	1	adoption_760_Sibling_Details	1646908665738	1646908665867	127	OK
REQUEST	1	adoption_770_Sibling_Other?	Adoption Any Sibling?	1646908666860	1646908667352	OK	 
REQUEST	1	adoption_770_Sibling_Other?	Adoption Any Sibling? Redirect 1	1646908667353	1646908667417	OK	 
GROUP	1	adoption_770_Sibling_Other?	1646908666860	1646908667507	644	OK
REQUEST	1	adoption_780_Sibling_Court_Order_Exists?	Adoption Court Order Exists?	1646908668511	1646908668679	OK	 
REQUEST	1	adoption_780_Sibling_Court_Order_Exists?	Adoption Court Order Exists? Redirect 1	1646908668680	1646908668846	OK	 
GROUP	1	adoption_780_Sibling_Court_Order_Exists?	1646908668510	1646908668929	414	OK
REQUEST	1	adoption_790_Sibling_Name?	Adoption Sibling Name	1646908669938	1646908670353	OK	 
REQUEST	1	adoption_790_Sibling_Name?	Adoption Sibling Name Redirect 1	1646908670355	1646908670553	OK	 
REQUEST	1	adoption_790_Sibling_Name?	Adoption Sibling Name Redirect 2	1646908670554	1646908670748	OK	 
GROUP	1	adoption_790_Sibling_Name?	1646908669938	1646908670796	852	OK
REQUEST	1	adoption_800_Sibling_Order_Type	Adoption Order Type?	1646908671790	1646908672047	OK	 
REQUEST	1	adoption_800_Sibling_Order_Type	Adoption Order Type? Redirect 1	1646908672048	1646908672532	OK	 
GROUP	1	adoption_800_Sibling_Order_Type	1646908671790	1646908672713	919	OK
REQUEST	1	adoption_810_Sibling_Order_Number	Adoption Order Number	1646908673718	1646908674075	OK	 
REQUEST	1	adoption_810_Sibling_Order_Number	Adoption Order Number Redirect 1	1646908674076	1646908674120	OK	 
GROUP	1	adoption_810_Sibling_Order_Number	1646908673718	1646908674380	658	OK
REQUEST	1	adoption_820_Sibling_New_Order?	Adoption Add New Order?	1646908675381	1646908675570	OK	 
REQUEST	1	adoption_820_Sibling_New_Order?	Adoption Add New Order? Redirect 1	1646908675571	1646908675612	OK	 
GROUP	1	adoption_820_Sibling_New_Order?	1646908675380	1646908675702	316	OK
REQUEST	1	adoption_830_Sibling_Select	Adoption Select Sibling	1646908676699	1646908676977	OK	 
REQUEST	1	adoption_830_Sibling_Select	Adoption Select Sibling Redirect 1	1646908676979	1646908677142	OK	 
REQUEST	1	adoption_830_Sibling_Select	Adoption Select Sibling Redirect 2	1646908677143	1646908678246	OK	 
GROUP	1	adoption_830_Sibling_Select	1646908676699	1646908678456	1751	OK
REQUEST	1	adoption_840_Sibling_Select	Adoption Order Type	1646908679449	1646908679722	OK	 
REQUEST	1	adoption_840_Sibling_Select	Adoption Order Type Redirect 1	1646908679724	1646908679894	OK	 
GROUP	1	adoption_840_Sibling_Select	1646908679449	1646908679937	483	OK
REQUEST	1	adoption_850_Sibling_Select	Adoption Order Number	1646908680940	1646908681149	OK	 
REQUEST	1	adoption_850_Sibling_Select	Adoption Order Number Redirect 1	1646908681150	1646908681200	OK	 
GROUP	1	adoption_850_Sibling_Select	1646908680940	1646908681355	411	OK
REQUEST	1	adoption_855_Sibling_Select	Adoption Order Number	1646908682360	1646908682729	OK	 
REQUEST	1	adoption_855_Sibling_Select	Adoption Order Number Redirect 1	1646908682731	1646908682775	OK	 
GROUP	1	adoption_855_Sibling_Select	1646908682359	1646908682818	453	OK
REQUEST	1	adoption_860_Sibling_Select	Adoption Order Number	1646908682818	1646908682973	OK	 
REQUEST	1	adoption_860_Sibling_Select	Adoption Order Number Redirect 1	1646908682973	1646908683095	OK	 
GROUP	1	adoption_860_Sibling_Select	1646908682818	1646908683137	315	OK
REQUEST	1	adoption_861_Family_Court	Adoption Family Court Redirect	1646908684131	1646908684371	OK	 
GROUP	1	adoption_861_Family_Court	1646908684130	1646908684543	409	OK
REQUEST	1	adoption_862_Family_Court_POST	Adoption Family Court Redirect	1646908684543	1646908684893	OK	 
REQUEST	1	adoption_862_Family_Court_POST	Adoption Family Court Redirect Redirect 1	1646908684894	1646908685060	OK	 
GROUP	1	adoption_862_Family_Court_POST	1646908684543	1646908685385	838	OK
REQUEST	1	adoption_870_Upload_Document	Adoption Birth Certificate Details	1646908685385	1646908685544	OK	 
GROUP	1	adoption_870_Upload_Document	1646908685385	1646908685712	324	OK
REQUEST	1	adoption_885_Upload_Document_POST	Adoption Certificate Upload POST	1646908686718	1646908687002	OK	 
REQUEST	1	adoption_885_Upload_Document_POST	Adoption Certificate Upload POST Redirect 1	1646908687004	1646908687064	OK	 
GROUP	1	adoption_885_Upload_Document_POST	1646908686718	1646908687546	823	OK
REQUEST	1	adoption_890_Equality	Adoption Review Equality	1646908688538	1646908688623	OK	 
REQUEST	1	adoption_890_Equality	Adoption Review Equality Redirect 1	1646908688625	1646908688701	OK	 
GROUP	1	adoption_890_Equality	1646908688537	1646908689821	1278	OK
REQUEST	1	adoption_900_Equality	Adoption Review Equality	1646908690829	1646908690903	KO	substring(Application details).find.exists, found nothing
GROUP	1	adoption_900_Equality	1646908690829	1646908690908	74	KO
USER	LAU Simulation	1	END	1646908537970	1646908690914
