RUN	simulations.mainSimulation	mainsimulation	1646905252054	 	3.3.1
USER	LAU Simulation	1	START	1646905252635	1646905252635
REQUEST	1	adoption_010_Homepage	Adoption Homepage	1646905252656	1646905252735	OK	 
REQUEST	1	adoption_010_Homepage	Adoption Homepage Redirect 1	1646905252760	1646905252791	OK	 
REQUEST	1	adoption_010_Homepage	Adoption Homepage Redirect 2	1646905252794	1646905252848	OK	 
GROUP	1	adoption_010_Homepage	1646905252641	1646905254168	1400	OK
REQUEST	1	Adoption_020_Login	Adoption Login	1646905255183	1646905255513	OK	 
REQUEST	1	Adoption_020_Login	Adoption Login Redirect 1	1646905255518	1646905255923	OK	 
REQUEST	1	Adoption_020_Login	Adoption Login Redirect 2	1646905255924	1646905257253	OK	 
REQUEST	1	Adoption_020_Login	Adoption Login Redirect 3	1646905257255	1646905257305	OK	 
GROUP	1	Adoption_020_Login	1646905255179	1646905258271	3071	OK
REQUEST	1	Adoption_030_Apply_With	Adoption Applying With	1646905259281	1646905259345	OK	 
GROUP	1	Adoption_030_Apply_With	1646905259279	1646905259567	278	OK
REQUEST	1	Adoption_040_Adoption_Applying_Post	Adoption Applying Post	1646905260572	1646905261173	OK	 
REQUEST	1	Adoption_040_Adoption_Applying_Post	Adoption Applying Post Redirect 1	1646905261174	1646905261374	OK	 
GROUP	1	Adoption_040_Adoption_Applying_Post	1646905260570	1646905261710	1133	OK
REQUEST	1	Adoption_050_Adoption_Applying_With_Redirect	Adoption Applying With Redirect	1646905262711	1646905262761	OK	 
GROUP	1	Adoption_050_Adoption_Applying_With_Redirect	1646905262710	1646905262813	98	OK
REQUEST	1	Adoption_060_Date_Of_Move	Adoption Date Child Moved in 	1646905263812	1646905263864	OK	 
GROUP	1	Adoption_060_Date_Of_Move	1646905263811	1646905263947	131	OK
REQUEST	1	Adoption_070_Date_Of_Move_POST	Adoption Date Child Moved in Post	1646905264952	1646905265172	OK	 
REQUEST	1	Adoption_070_Date_Of_Move_POST	Adoption Date Child Moved in Post Redirect 1	1646905265174	1646905265233	OK	 
REQUEST	1	Adoption_070_Date_Of_Move_POST,Adoption_050_Adoption_Applying_With_Redirect	Adoption Applying With Redirect	1646905265372	1646905265421	OK	 
GROUP	1	Adoption_070_Date_Of_Move_POST,Adoption_050_Adoption_Applying_With_Redirect	1646905265371	1646905265745	370	OK
GROUP	1	Adoption_070_Date_Of_Move_POST	1646905264951	1646905266740	783	OK
REQUEST	1	Adoption_080_Your_Details	Adoption Your Personal Details 	1646905267752	1646905267808	OK	 
GROUP	1	Adoption_080_Your_Details	1646905267751	1646905268107	350	OK
REQUEST	1	Adoption_090_Your_Details_POST	Adoption Your Personal Details Post	1646905269101	1646905269337	OK	 
REQUEST	1	Adoption_090_Your_Details_POST	Adoption Your Personal Details Post Redirect 1	1646905269338	1646905269375	OK	 
GROUP	1	Adoption_090_Your_Details_POST	1646905269100	1646905269417	311	OK
REQUEST	1	Adoption_100_Your_Details_Other_Name	Adoption Your Personal Details Other Name	1646905270411	1646905270770	OK	 
REQUEST	1	Adoption_100_Your_Details_Other_Name	Adoption Your Personal Details Other Name Redirect 1	1646905270772	1646905270845	OK	 
GROUP	1	Adoption_100_Your_Details_Other_Name	1646905270410	1646905270892	475	OK
REQUEST	1	Adoption_110_Your_Details_DoB	Adoption Your Personal Details DoB	1646905271899	1646905272015	OK	 
GROUP	1	Adoption_110_Your_Details_DoB	1646905271899	1646905272076	173	OK
REQUEST	1	Adoption_120_Your_Details_DoB_POST	Adoption Your Personal Details DoB POST	1646905273070	1646905273515	OK	 
REQUEST	1	Adoption_120_Your_Details_DoB_POST	Adoption Your Personal Details DoB POST Redirect 1	1646905273517	1646905273679	OK	 
GROUP	1	Adoption_120_Your_Details_DoB_POST	1646905273069	1646905273726	650	OK
REQUEST	1	Adoption_130_Your_Details_Occupation	Adoption Your Personal Details Occupation	1646905274730	1646905275124	OK	 
REQUEST	1	Adoption_130_Your_Details_Occupation	Adoption Your Personal Details Occupation Redirect 1	1646905275126	1646905275168	OK	 
GROUP	1	Adoption_130_Your_Details_Occupation	1646905274729	1646905275251	515	OK
REQUEST	1	Adoption_140_Your_Contact_Details	Adoption Your Contact Details LookUp	1646905276261	1646905276314	OK	 
GROUP	1	Adoption_140_Your_Contact_Details	1646905276260	1646905276364	100	OK
REQUEST	1	Adoption_150_Your_Contact_Details_Manual	Adoption Your Contact Details Manual	1646905277359	1646905277413	OK	 
GROUP	1	Adoption_150_Your_Contact_Details_Manual	1646905277359	1646905277764	403	OK
REQUEST	1	Adoption_160_Your_Contact_Details_Manual_POST	Adoption Your Contact Details Manual POST	1646905278761	1646905279228	OK	 
REQUEST	1	Adoption_160_Your_Contact_Details_Manual_POST	Adoption Your Contact Details Manual POST Redirect 1	1646905279230	1646905279271	OK	 
GROUP	1	Adoption_160_Your_Contact_Details_Manual_POST	1646905278760	1646905279360	593	OK
REQUEST	1	Adoption_170_Your_Contact_Details_POST	Adoption Your Contact Details POST	1646905280371	1646905280531	OK	 
REQUEST	1	Adoption_170_Your_Contact_Details_POST	Adoption Your Contact Details POST Redirect 1	1646905280532	1646905280575	OK	 
GROUP	1	Adoption_170_Your_Contact_Details_POST	1646905280371	1646905280620	244	OK
REQUEST	1	Adoption_180_Second_Personal_Details	Adoption Second Personal Details	1646905281621	1646905281670	OK	 
GROUP	1	Adoption_180_Second_Personal_Details	1646905281620	1646905282059	435	OK
REQUEST	1	Adoption_190_Second_Personal_Details_POST	Adoption Second Personal Details POST	1646905283051	1646905283256	OK	 
REQUEST	1	Adoption_190_Second_Personal_Details_POST	Adoption Second Personal Details POST Redirect 1	1646905283257	1646905283299	OK	 
GROUP	1	Adoption_190_Second_Personal_Details_POST	1646905283050	1646905283486	431	OK
REQUEST	1	Adoption_200_Second_Other_Name	Adoption Second Other Name	1646905284481	1646905284644	OK	 
REQUEST	1	Adoption_200_Second_Other_Name	Adoption Second Other Name Redirect 1	1646905284645	1646905284703	OK	 
GROUP	1	Adoption_200_Second_Other_Name	1646905284480	1646905284747	261	OK
REQUEST	1	Adoption_210_Second_Other_Name_Redirect	Adoption Second Other Name Redirect	1646905285750	1646905286178	OK	 
REQUEST	1	Adoption_210_Second_Other_Name_Redirect	Adoption Second Other Name Redirect Redirect 1	1646905286180	1646905286359	OK	 
GROUP	1	Adoption_210_Second_Other_Name_Redirect	1646905285749	1646905286509	754	OK
REQUEST	1	Adoption_220_Second_DoB	Adoption Second DoB	1646905287519	1646905287739	OK	 
REQUEST	1	Adoption_220_Second_DoB	Adoption Second DoB Redirect 1	1646905287741	1646905288052	OK	 
GROUP	1	Adoption_220_Second_DoB	1646905287518	1646905288103	579	OK
REQUEST	1	Adoption_230_Second_Occupation	Adoption Second Occupation	1646905289100	1646905289269	OK	 
REQUEST	1	Adoption_230_Second_Occupation	Adoption Second Occupation Redirect 1	1646905289270	1646905289319	OK	 
GROUP	1	Adoption_230_Second_Occupation	1646905289099	1646905289438	334	OK
REQUEST	1	Adoption_240_Second_Contact_Details_Same_Address	Adoption Second Contact Details Same-Address	1646905290430	1646905290475	OK	 
GROUP	1	Adoption_240_Second_Contact_Details_Same_Address	1646905290429	1646905290550	117	OK
REQUEST	1	Adoption_250_Second_Contact_Details_Same_Address_POST	Adoption Second Contact Details Same-Address POST	1646905291560	1646905291729	OK	 
REQUEST	1	Adoption_250_Second_Contact_Details_Same_Address_POST	Adoption Second Contact Details Same-Address POST Redirect 1	1646905291730	1646905291776	OK	 
GROUP	1	Adoption_250_Second_Contact_Details_Same_Address_POST	1646905291560	1646905291824	260	OK
REQUEST	1	Adoption_260_Second_Contact_Details_Manual_Redirect	Adoption Second Contact Details manual redirect	1646905292820	1646905292870	OK	 
GROUP	1	Adoption_260_Second_Contact_Details_Manual_Redirect	1646905292820	1646905292916	92	OK
REQUEST	1	Adoption_270_Second_Contact_Details_Manual_POST	Adoption Second Contact Details manual POST	1646905293920	1646905294424	OK	 
REQUEST	1	Adoption_270_Second_Contact_Details_Manual_POST	Adoption Second Contact Details manual POST Redirect 1	1646905294425	1646905294702	OK	 
GROUP	1	Adoption_270_Second_Contact_Details_Manual_POST	1646905293920	1646905294876	951	OK
REQUEST	1	Adoption_280_Second_Contact_Details__POST	Adoption Second Contact Details POST	1646905295870	1646905296166	OK	 
REQUEST	1	Adoption_280_Second_Contact_Details__POST	Adoption Second Contact Details POST Redirect 1	1646905296167	1646905296200	OK	 
GROUP	1	Adoption_280_Second_Contact_Details__POST	1646905295870	1646905296247	373	OK
REQUEST	1	adoption_290_Birth_Certificate	Adoption Birth Certificate Details	1646905297251	1646905297299	OK	 
GROUP	1	adoption_290_Birth_Certificate	1646905297251	1646905297483	230	OK
REQUEST	1	adoption_300_Birth_Certificate_Name	Adoption Birth Certificate Name	1646905298490	1646905298783	OK	 
REQUEST	1	adoption_300_Birth_Certificate_Name	Adoption Birth Certificate Name Redirect 1	1646905298785	1646905298885	OK	 
GROUP	1	adoption_300_Birth_Certificate_Name	1646905298490	1646905299064	569	OK
REQUEST	1	adoption_320_Birth_Certificate_DoB	Adoption Birth Certificate DoB	1646905300059	1646905300365	OK	 
REQUEST	1	adoption_320_Birth_Certificate_DoB	Adoption Birth Certificate DoB Redirect 1	1646905300367	1646905300554	OK	 
GROUP	1	adoption_320_Birth_Certificate_DoB	1646905300058	1646905300736	672	OK
REQUEST	1	adoption_330_Birth_Certificate_Sex	Adoption Birth Certificate Sex	1646905301729	1646905301883	OK	 
REQUEST	1	adoption_330_Birth_Certificate_Sex	Adoption Birth Certificate Sex Redirect 1	1646905301884	1646905301949	OK	 
GROUP	1	adoption_330_Birth_Certificate_Sex	1646905301729	1646905301998	265	OK
REQUEST	1	adoption_340_Birth_Certificate_Nationality_Add	Adoption Birth Certificate Nationality Add	1646905303000	1646905303435	OK	 
REQUEST	1	adoption_340_Birth_Certificate_Nationality_Add	Adoption Birth Certificate Nationality Add Redirect 1	1646905303436	1646905303638	OK	 
GROUP	1	adoption_340_Birth_Certificate_Nationality_Add	1646905302999	1646905303737	733	OK
REQUEST	1	adoption_350_Birth_Certificate_Nationality_POST	Adoption Birth Certificate Nationality POST	1646905304742	1646905304922	OK	 
REQUEST	1	adoption_350_Birth_Certificate_Nationality_POST	Adoption Birth Certificate Nationality POST Redirect 1	1646905304923	1646905304972	OK	 
GROUP	1	adoption_350_Birth_Certificate_Nationality_POST	1646905304741	1646905305057	311	OK
REQUEST	1	adoption_360_Certificate_Details	Adoption Certificate Details	1646905306061	1646905306113	OK	 
GROUP	1	adoption_360_Certificate_Details	1646905306061	1646905306162	98	OK
REQUEST	1	adoption_370_Certificate_Details_Name	Adoption Certificate Details Name	1646905307159	1646905307346	OK	 
REQUEST	1	adoption_370_Certificate_Details_Name	Adoption Certificate Details Name Redirect 1	1646905307348	1646905307401	OK	 
GROUP	1	adoption_370_Certificate_Details_Name	1646905307159	1646905308691	517	OK
REQUEST	1	adoption_380_Placement_Order	Adoption Placement Order Details	1646905308692	1646905308972	OK	 
GROUP	1	adoption_380_Placement_Order	1646905308691	1646905309084	390	OK
REQUEST	1	adoption_390_Certificate_Placement_Order_Number	Adoption Placement Order Number	1646905310079	1646905310414	OK	 
REQUEST	1	adoption_390_Certificate_Placement_Order_Number	Adoption Placement Order Number Redirect 1	1646905310416	1646905311015	OK	 
GROUP	1	adoption_390_Certificate_Placement_Order_Number	1646905310078	1646905311242	1158	OK
REQUEST	1	adoption_400_Certificate_Placement_Court	Adoption Placement Court	1646905312240	1646905312752	OK	 
REQUEST	1	adoption_400_Certificate_Placement_Court	Adoption Placement Court Redirect 1	1646905312753	1646905313018	OK	 
GROUP	1	adoption_400_Certificate_Placement_Court	1646905312239	1646905313231	987	OK
REQUEST	1	adoption_410_Certificate_Placement_Date	Adoption Placement Date	1646905314230	1646905314597	OK	 
REQUEST	1	adoption_410_Certificate_Placement_Date	Adoption Placement Date Redirect 1	1646905314598	1646905314867	OK	 
GROUP	1	adoption_410_Certificate_Placement_Date	1646905314229	1646905314944	710	OK
REQUEST	1	adoption_420_Certificate_Placement_Summary	Adoption Placement Summary	1646905315951	1646905316164	OK	 
REQUEST	1	adoption_420_Certificate_Placement_Summary	Adoption Placement Summary Redirect 1	1646905316166	1646905316440	OK	 
REQUEST	1	adoption_420_Certificate_Placement_Summary	Adoption Placement Summary Redirect 2	1646905316441	1646905316613	OK	 
GROUP	1	adoption_420_Certificate_Placement_Summary	1646905315951	1646905316656	699	OK
REQUEST	1	adoption_430_Certificate_Placement_Type_2	Adoption Placement Type 2	1646905317652	1646905317827	OK	 
REQUEST	1	adoption_430_Certificate_Placement_Type_2	Adoption Placement Type 2 Redirect 1	1646905317828	1646905318592	OK	 
GROUP	1	adoption_430_Certificate_Placement_Type_2	1646905317651	1646905318678	1023	OK
REQUEST	1	adoption_440_Certificate_Placement_Order_Number_2	Adoption Placement Order Number 2	1646905319680	1646905320128	OK	 
REQUEST	1	adoption_440_Certificate_Placement_Order_Number_2	Adoption Placement Order Number 2 Redirect 1	1646905320129	1646905320345	OK	 
GROUP	1	adoption_440_Certificate_Placement_Order_Number_2	1646905319679	1646905320417	734	OK
REQUEST	1	adoption_450_Certificate_Placement_Court_2	Adoption Placement Court 2	1646905321410	1646905321597	OK	 
REQUEST	1	adoption_450_Certificate_Placement_Court_2	Adoption Placement Court 2 Redirect 1	1646905321598	1646905321793	OK	 
GROUP	1	adoption_450_Certificate_Placement_Court_2	1646905321410	1646905321928	515	OK
REQUEST	1	adoption_460_Certificate_Placement_Date_2	Adoption Placement Date 2	1646905322931	1646905323105	OK	 
REQUEST	1	adoption_460_Certificate_Placement_Date_2	Adoption Placement Date 2 Redirect 1	1646905323106	1646905323360	OK	 
GROUP	1	adoption_460_Certificate_Placement_Date_2	1646905322930	1646905323459	524	OK
REQUEST	1	adoption_470_Certificate_Placement_Summary_2	Adoption Placement Summary 2	1646905324470	1646905324794	OK	 
REQUEST	1	adoption_470_Certificate_Placement_Summary_2	Adoption Placement Summary 2 Redirect 1	1646905324796	1646905324884	OK	 
GROUP	1	adoption_470_Certificate_Placement_Summary_2	1646905324469	1646905325065	590	OK
REQUEST	1	adoption_480_Birth_Mother	Adoption Mother's Details	1646905326059	1646905326199	OK	 
GROUP	1	adoption_480_Birth_Mother	1646905326059	1646905326347	285	OK
REQUEST	1	adoption_490_Birth_Mother_Name	Adoption Mother's Name	1646905327349	1646905327552	OK	 
REQUEST	1	adoption_490_Birth_Mother_Name	Adoption Mother's Name Redirect 1	1646905327554	1646905327613	OK	 
GROUP	1	adoption_490_Birth_Mother_Name	1646905327349	1646905327727	373	OK
REQUEST	1	adoption_495_Birth_Mother	Adoption Mother's Details	1646905328720	1646905328768	OK	 
GROUP	1	adoption_495_Birth_Mother	1646905328720	1646905328813	90	OK
REQUEST	1	adoption_500_Birth_Mother_Alive	Adoption Mother Still Alive?	1646905329820	1646905330190	OK	 
REQUEST	1	adoption_500_Birth_Mother_Alive	Adoption Mother Still Alive? Redirect 1	1646905330191	1646905330242	OK	 
GROUP	1	adoption_500_Birth_Mother_Alive	1646905329820	1646905330282	458	OK
REQUEST	1	adoption_510_Birth_Mother_Nationality_Add	Adoption Mother's Nationality Add	1646905331281	1646905331595	OK	 
REQUEST	1	adoption_510_Birth_Mother_Nationality_Add	Adoption Mother's Nationality Add Redirect 1	1646905331597	1646905331830	OK	 
GROUP	1	adoption_510_Birth_Mother_Nationality_Add	1646905331280	1646905331892	606	OK
REQUEST	1	adoption_520_Birth_Mother_Nationality_POSt	Adoption Mother's Nationality	1646905332901	1646905333279	OK	 
REQUEST	1	adoption_520_Birth_Mother_Nationality_POSt	Adoption Mother's Nationality Redirect 1	1646905333280	1646905333317	OK	 
GROUP	1	adoption_520_Birth_Mother_Nationality_POSt	1646905332900	1646905333361	456	OK
REQUEST	1	adoption_530_Birth_Mother_Occupation	Adoption Mother's Occupation	1646905334359	1646905334551	OK	 
REQUEST	1	adoption_530_Birth_Mother_Occupation	Adoption Mother's Occupation Redirect 1	1646905334552	1646905334602	OK	 
GROUP	1	adoption_530_Birth_Mother_Occupation	1646905334358	1646905334692	329	OK
REQUEST	1	adoption_535_Birth_Mother_Occupation_Redirect	Adoption Mother's Details Redirect	1646905335689	1646905335733	OK	 
GROUP	1	adoption_535_Birth_Mother_Occupation_Redirect	1646905335688	1646905335802	111	OK
REQUEST	1	adoption_540_Birth_Mother_Occupation	Adoption Mother's Address Known	1646905336812	1646905336980	OK	 
REQUEST	1	adoption_540_Birth_Mother_Occupation	Adoption Mother's Address Known Redirect 1	1646905336982	1646905337019	OK	 
GROUP	1	adoption_540_Birth_Mother_Occupation	1646905336811	1646905337122	306	OK
REQUEST	1	adoption_550_Birth_Mother_Address_Manual	Adoption Mother's Address Manual	1646905338121	1646905338178	OK	 
GROUP	1	adoption_550_Birth_Mother_Address_Manual	1646905338120	1646905338224	100	OK
REQUEST	1	adoption_560_Birth_Mother_Address_POST	Adoption Mother's Address	1646905339220	1646905339401	OK	 
REQUEST	1	adoption_560_Birth_Mother_Address_POST	Adoption Mother's Address Redirect 1	1646905339403	1646905339454	OK	 
GROUP	1	adoption_560_Birth_Mother_Address_POST	1646905339220	1646905339536	311	OK
REQUEST	1	adoption_570_Birth_Father_Details	Adoption Father's Details	1646905340529	1646905340565	OK	 
GROUP	1	adoption_570_Birth_Father_Details	1646905340528	1646905340630	98	OK
REQUEST	1	adoption_580_Birth_Father_Details_POST	Adoption Father's Details On Certificate	1646905341640	1646905341947	OK	 
REQUEST	1	adoption_580_Birth_Father_Details_POST	Adoption Father's Details On Certificate Redirect 1	1646905341949	1646905341990	OK	 
GROUP	1	adoption_580_Birth_Father_Details_POST	1646905341640	1646905342037	392	OK
REQUEST	1	adoption_590_Birth_Father_Name	Adoption Father's Name	1646905343029	1646905343439	OK	 
REQUEST	1	adoption_590_Birth_Father_Name	Adoption Father's Name Redirect 1	1646905343441	1646905343480	OK	 
GROUP	1	adoption_590_Birth_Father_Name	1646905343028	1646905343797	763	OK
REQUEST	1	adoption_600_Birth_Father_Alive	Adoption Father Still alive?	1646905344802	1646905344980	OK	 
REQUEST	1	adoption_600_Birth_Father_Alive	Adoption Father Still alive? Redirect 1	1646905344982	1646905345040	OK	 
GROUP	1	adoption_600_Birth_Father_Alive	1646905344801	1646905345183	376	OK
REQUEST	1	adoption_610_Birth_Father_Nationality_Add	Adoption Father add Nationality	1646905346190	1646905346579	OK	 
REQUEST	1	adoption_610_Birth_Father_Nationality_Add	Adoption Father add Nationality Redirect 1	1646905346581	1646905346624	OK	 
GROUP	1	adoption_610_Birth_Father_Nationality_Add	1646905346189	1646905346667	473	OK
REQUEST	1	adoption_620_Birth_Father_Nationality_POST	Adoption Father's Nationality	1646905347661	1646905348184	OK	 
REQUEST	1	adoption_620_Birth_Father_Nationality_POST	Adoption Father's Nationality Redirect 1	1646905348185	1646905348252	OK	 
GROUP	1	adoption_620_Birth_Father_Nationality_POST	1646905347660	1646905348296	631	OK
REQUEST	1	adoption_630_Birth_Father_Occupation	Adoption Father's Occupation	1646905349299	1646905349635	OK	 
REQUEST	1	adoption_630_Birth_Father_Occupation	Adoption Father's Occupation Redirect 1	1646905349637	1646905349678	OK	 
GROUP	1	adoption_630_Birth_Father_Occupation	1646905349298	1646905349719	414	OK
REQUEST	1	adoption_640_Birth_Father_Occupation_Address_Known	Adoption Father's Address Known?	1646905350732	1646905350910	OK	 
REQUEST	1	adoption_640_Birth_Father_Occupation_Address_Known	Adoption Father's Address Known? Redirect 1	1646905350912	1646905350954	OK	 
GROUP	1	adoption_640_Birth_Father_Occupation_Address_Known	1646905350731	1646905350995	259	OK
REQUEST	1	adoption_640_Birth_Father_Occupation_Address_Manual	Adoption Father's Address Manual	1646905351991	1646905352047	OK	 
GROUP	1	adoption_640_Birth_Father_Occupation_Address_Manual	1646905351990	1646905352112	118	OK
REQUEST	1	adoption_640_Birth_Father_Occupation_Address_POST	Adoption Father's Address	1646905353110	1646905353406	OK	 
REQUEST	1	adoption_640_Birth_Father_Occupation_Address_POST	Adoption Father's Address Redirect 1	1646905353407	1646905353456	OK	 
GROUP	1	adoption_640_Birth_Father_Occupation_Address_POST	1646905353110	1646905353503	388	OK
REQUEST	1	adoption_650_Other_Parent_Exists	Adoption Other Parent	1646905354499	1646905354552	OK	 
GROUP	1	adoption_650_Other_Parent_Exists	1646905354499	1646905354784	282	OK
REQUEST	1	adoption_660_Other_Parent_Exists_POST	Adoption Other Parent Exists	1646905355791	1646905356343	OK	 
REQUEST	1	adoption_660_Other_Parent_Exists_POST	Adoption Other Parent Exists Redirect 1	1646905356345	1646905356376	OK	 
GROUP	1	adoption_660_Other_Parent_Exists_POST	1646905355791	1646905356527	731	OK
REQUEST	1	adoption_670_Other_Parent_Name	Adoption Other Parent Name	1646905357521	1646905358015	OK	 
REQUEST	1	adoption_670_Other_Parent_Name	Adoption Other Parent Name Redirect 1	1646905358016	1646905358077	OK	 
GROUP	1	adoption_670_Other_Parent_Name	1646905357521	1646905358125	600	OK
REQUEST	1	adoption_680_Other_Parent_Address_Known?	Adoption Other Parent Address known?	1646905359129	1646905359314	OK	 
REQUEST	1	adoption_680_Other_Parent_Address_Known?	Adoption Other Parent Address known? Redirect 1	1646905359315	1646905359386	OK	 
GROUP	1	adoption_680_Other_Parent_Address_Known?	1646905359129	1646905359424	291	OK
REQUEST	1	adoption_690_Other_Parent_Address_Manual	Adoption Other Parent Address Manual	1646905360420	1646905360624	OK	 
GROUP	1	adoption_690_Other_Parent_Address_Manual	1646905360420	1646905360802	379	OK
REQUEST	1	adoption_700_Other_Parent_Address_POST	Adoption Other Parent Address Manual	1646905361810	1646905361994	OK	 
REQUEST	1	adoption_700_Other_Parent_Address_POST	Adoption Other Parent Address Manual Redirect 1	1646905361995	1646905362034	OK	 
GROUP	1	adoption_700_Other_Parent_Address_POST	1646905361810	1646905362086	272	OK
REQUEST	1	adoption_710_Agency	Adoption Agency	1646905363080	1646905363259	OK	 
REQUEST	1	adoption_710_Agency	Adoption Agency Redirect 1	1646905363260	1646905363467	OK	 
GROUP	1	adoption_710_Agency	1646905363080	1646905363507	423	OK
REQUEST	1	adoption_720_Agency_Details	Adoption Agency Details	1646905364501	1646905364875	OK	 
REQUEST	1	adoption_720_Agency_Details	Adoption Agency Details Redirect 1	1646905364876	1646905364979	OK	 
GROUP	1	adoption_720_Agency_Details	1646905364501	1646905365023	517	OK
REQUEST	1	adoption_730_Other_Agency	Adoption Other Agency?	1646905366029	1646905366482	OK	 
REQUEST	1	adoption_730_Other_Agency	Adoption Other Agency? Redirect 1	1646905366483	1646905366656	OK	 
REQUEST	1	adoption_730_Other_Agency	Adoption Other Agency? Redirect 2	1646905366658	1646905366923	OK	 
GROUP	1	adoption_730_Other_Agency	1646905366029	1646905367243	1208	OK
REQUEST	1	adoption_740_Other_Agency_Details	Adoption Other Agency Details	1646905368240	1646905368529	OK	 
REQUEST	1	adoption_740_Other_Agency_Details	Adoption Other Agency Details Redirect 1	1646905368531	1646905368574	OK	 
GROUP	1	adoption_740_Other_Agency_Details	1646905368239	1646905368712	467	OK
REQUEST	1	adoption_750_Social_Worker_Details	Adoption Social Worker Details	1646905369720	1646905370034	OK	 
REQUEST	1	adoption_750_Social_Worker_Details	Adoption Social Worker Details Redirect 1	1646905370035	1646905370084	OK	 
GROUP	1	adoption_750_Social_Worker_Details	1646905369720	1646905370125	400	OK
REQUEST	1	adoption_760_Sibling_Details	Adoption Sibling Details	1646905371122	1646905371165	OK	 
GROUP	1	adoption_760_Sibling_Details	1646905371121	1646905371253	128	OK
REQUEST	1	adoption_770_Sibling_Other?	Adoption Any Sibling?	1646905372252	1646905372440	OK	 
REQUEST	1	adoption_770_Sibling_Other?	Adoption Any Sibling? Redirect 1	1646905372441	1646905372490	OK	 
GROUP	1	adoption_770_Sibling_Other?	1646905372251	1646905372614	359	OK
REQUEST	1	adoption_780_Sibling_Court_Order_Exists?	Adoption Court Order Exists?	1646905373620	1646905373987	OK	 
REQUEST	1	adoption_780_Sibling_Court_Order_Exists?	Adoption Court Order Exists? Redirect 1	1646905373989	1646905374399	OK	 
GROUP	1	adoption_780_Sibling_Court_Order_Exists?	1646905373620	1646905374441	816	OK
REQUEST	1	adoption_790_Sibling_Name?	Adoption Sibling Name	1646905375440	1646905375630	OK	 
REQUEST	1	adoption_790_Sibling_Name?	Adoption Sibling Name Redirect 1	1646905375631	1646905375807	OK	 
REQUEST	1	adoption_790_Sibling_Name?	Adoption Sibling Name Redirect 2	1646905375808	1646905376000	OK	 
GROUP	1	adoption_790_Sibling_Name?	1646905375439	1646905376041	596	OK
REQUEST	1	adoption_800_Sibling_Order_Type	Adoption Order Type?	1646905377041	1646905377470	OK	 
REQUEST	1	adoption_800_Sibling_Order_Type	Adoption Order Type? Redirect 1	1646905377472	1646905377790	OK	 
GROUP	1	adoption_800_Sibling_Order_Type	1646905377040	1646905378172	1126	OK
REQUEST	1	adoption_810_Sibling_Order_Number	Adoption Order Number	1646905379170	1646905379354	OK	 
REQUEST	1	adoption_810_Sibling_Order_Number	Adoption Order Number Redirect 1	1646905379356	1646905379394	OK	 
GROUP	1	adoption_810_Sibling_Order_Number	1646905379170	1646905379659	484	OK
REQUEST	1	adoption_820_Sibling_New_Order?	Adoption Add New Order?	1646905380670	1646905381204	OK	 
REQUEST	1	adoption_820_Sibling_New_Order?	Adoption Add New Order? Redirect 1	1646905381206	1646905381385	OK	 
GROUP	1	adoption_820_Sibling_New_Order?	1646905380670	1646905381537	859	OK
REQUEST	1	adoption_830_Sibling_Select	Adoption Select Sibling	1646905382520	1646905382709	OK	 
REQUEST	1	adoption_830_Sibling_Select	Adoption Select Sibling Redirect 1	1646905382710	1646905382886	OK	 
REQUEST	1	adoption_830_Sibling_Select	Adoption Select Sibling Redirect 2	1646905382888	1646905383181	OK	 
GROUP	1	adoption_830_Sibling_Select	1646905382520	1646905383227	702	OK
REQUEST	1	adoption_840_Sibling_Select	Adoption Order Type	1646905384230	1646905384532	OK	 
REQUEST	1	adoption_840_Sibling_Select	Adoption Order Type Redirect 1	1646905384534	1646905385050	OK	 
GROUP	1	adoption_840_Sibling_Select	1646905384229	1646905385141	907	OK
REQUEST	1	adoption_850_Sibling_Select	Adoption Order Number	1646905386149	1646905386481	OK	 
REQUEST	1	adoption_850_Sibling_Select	Adoption Order Number Redirect 1	1646905386482	1646905386581	OK	 
GROUP	1	adoption_850_Sibling_Select	1646905386149	1646905386672	519	OK
REQUEST	1	adoption_860_Sibling_Select	Adoption Order Number	1646905387670	1646905388119	OK	 
REQUEST	1	adoption_860_Sibling_Select	Adoption Order Number Redirect 1	1646905388120	1646905388164	OK	 
GROUP	1	adoption_860_Sibling_Select	1646905387670	1646905388218	543	OK
REQUEST	1	adoption_861_Family_Court	Adoption Family Court Redirect	1646905389211	1646905389266	OK	 
GROUP	1	adoption_861_Family_Court	1646905389210	1646905389309	96	OK
REQUEST	1	adoption_862_Family_Court_POST	Adoption Family Court Redirect	1646905389309	1646905389758	OK	 
REQUEST	1	adoption_862_Family_Court_POST	Adoption Family Court Redirect Redirect 1	1646905389759	1646905389858	OK	 
GROUP	1	adoption_862_Family_Court_POST	1646905389309	1646905389956	644	OK
REQUEST	1	adoption_870_Upload_Document	Adoption Birth Certificate Details	1646905389956	1646905390476	OK	 
GROUP	1	adoption_870_Upload_Document	1646905389956	1646905390673	713	OK
REQUEST	1	adoption_885_Upload_Document_POST	Adoption Certificate Upload POST	1646905391682	1646905392175	OK	 
REQUEST	1	adoption_885_Upload_Document_POST	Adoption Certificate Upload POST Redirect 1	1646905392177	1646905392219	OK	 
GROUP	1	adoption_885_Upload_Document_POST	1646905391681	1646905392325	639	OK
USER	LAU Simulation	1	END	1646905252635	1646905393324
