RUN	simulations.mainSimulation	mainsimulation	1646750329055	 	3.3.1
USER	LAU Simulation	1	START	1646750329595	1646750329595
REQUEST	1	adoption_010_Homepage	Adoption Homepage	1646750329617	1646750329703	OK	 
REQUEST	1	adoption_010_Homepage	Adoption Homepage Redirect 1	1646750329724	1646750329757	OK	 
REQUEST	1	adoption_010_Homepage	Adoption Homepage Redirect 2	1646750329758	1646750329817	OK	 
GROUP	1	adoption_010_Homepage	1646750329602	1646750330064	342	OK
REQUEST	1	Adoption_020_Login	Adoption Login	1646750332086	1646750332265	OK	 
REQUEST	1	Adoption_020_Login	Adoption Login Redirect 1	1646750332270	1646750332720	OK	 
REQUEST	1	Adoption_020_Login	Adoption Login Redirect 2	1646750332722	1646750333130	OK	 
REQUEST	1	Adoption_020_Login	Adoption Login Redirect 3	1646750333131	1646750333165	OK	 
GROUP	1	Adoption_020_Login	1646750332081	1646750333271	1166	OK
REQUEST	1	Adoption_030_Apply_With	Adoption Applying With	1646750335281	1646750335351	OK	 
GROUP	1	Adoption_030_Apply_With	1646750335281	1646750335396	109	OK
REQUEST	1	Adoption_040_Adoption_Applying_Post	Adoption Applying Post	1646750337392	1646750338045	OK	 
REQUEST	1	Adoption_040_Adoption_Applying_Post	Adoption Applying Post Redirect 1	1646750338047	1646750338095	OK	 
GROUP	1	Adoption_040_Adoption_Applying_Post	1646750337390	1646750338149	749	OK
REQUEST	1	Adoption_050_Adoption_Applying_With_Redirect	Adoption Applying With Redirect	1646750340143	1646750340186	OK	 
GROUP	1	Adoption_050_Adoption_Applying_With_Redirect	1646750340143	1646750340229	81	OK
REQUEST	1	Adoption_180_Second_Personal_Details	Adoption Second Personal Details	1646750342233	1646750342276	KO	substring(What's your full name?).find.exists, found nothing
GROUP	1	Adoption_180_Second_Personal_Details	1646750342232	1646750342282	43	KO
USER	LAU Simulation	1	END	1646750329595	1646750342289
