RUN	simulations.mainSimulation	mainsimulation	1646834486921	 	3.3.1
USER	LAU Simulation	1	START	1646834487471	1646834487471
REQUEST	1	adoption_010_Homepage	Adoption Homepage	1646834487492	1646834487568	OK	 
REQUEST	1	adoption_010_Homepage	Adoption Homepage Redirect 1	1646834487596	1646834487625	OK	 
REQUEST	1	adoption_010_Homepage	Adoption Homepage Redirect 2	1646834487628	1646834487722	OK	 
GROUP	1	adoption_010_Homepage	1646834487477	1646834487954	339	OK
REQUEST	1	Adoption_020_Login	Adoption Login	1646834489976	1646834490151	OK	 
REQUEST	1	Adoption_020_Login	Adoption Login Redirect 1	1646834490155	1646834490643	OK	 
REQUEST	1	Adoption_020_Login	Adoption Login Redirect 2	1646834490645	1646834491155	OK	 
REQUEST	1	Adoption_020_Login	Adoption Login Redirect 3	1646834491158	1646834491225	OK	 
GROUP	1	Adoption_020_Login	1646834489970	1646834491335	1338	OK
REQUEST	1	Adoption_030_Apply_With	Adoption Applying With	1646834493340	1646834493407	OK	 
GROUP	1	Adoption_030_Apply_With	1646834493339	1646834493456	107	OK
REQUEST	1	Adoption_040_Adoption_Applying_Post	Adoption Applying Post	1646834495460	1646834496275	OK	 
REQUEST	1	Adoption_040_Adoption_Applying_Post	Adoption Applying Post Redirect 1	1646834496277	1646834496310	OK	 
GROUP	1	Adoption_040_Adoption_Applying_Post	1646834495458	1646834496366	898	OK
REQUEST	1	Adoption_050_Adoption_Applying_With_Redirect	Adoption Applying With Redirect	1646834498360	1646834498405	OK	 
GROUP	1	Adoption_050_Adoption_Applying_With_Redirect	1646834498359	1646834498448	83	OK
REQUEST	1	adoption_480_Birth_Mother	Adoption Mother's Details	1646834500451	1646834500497	OK	 
GROUP	1	adoption_480_Birth_Mother	1646834500450	1646834500547	85	OK
REQUEST	1	adoption_490_Birth_Mother_Name	Adoption Mother's Name	1646834502550	1646834503136	OK	 
REQUEST	1	adoption_490_Birth_Mother_Name	Adoption Mother's Name Redirect 1	1646834503138	1646834503181	OK	 
GROUP	1	adoption_490_Birth_Mother_Name	1646834502550	1646834503223	669	OK
REQUEST	1	adoption_495_Birth_Mother	Adoption Mother's Details	1646834505231	1646834505290	OK	 
GROUP	1	adoption_495_Birth_Mother	1646834505230	1646834505337	101	OK
REQUEST	1	adoption_500_Birth_Mother_Alive	Adoption Mother Still Alive?	1646834507331	1646834507745	OK	 
REQUEST	1	adoption_500_Birth_Mother_Alive	Adoption Mother Still Alive? Redirect 1	1646834507746	1646834507802	OK	 
GROUP	1	adoption_500_Birth_Mother_Alive	1646834507330	1646834507856	519	OK
REQUEST	1	adoption_510_Birth_Mother_Nationality_Add	Adoption Mother's Nationality Add	1646834509859	1646834510066	OK	 
REQUEST	1	adoption_510_Birth_Mother_Nationality_Add	Adoption Mother's Nationality Add Redirect 1	1646834510068	1646834510120	OK	 
GROUP	1	adoption_510_Birth_Mother_Nationality_Add	1646834509858	1646834510164	298	OK
REQUEST	1	adoption_520_Birth_Mother_Nationality_POSt	Adoption Mother's Nationality	1646834512161	1646834512360	OK	 
REQUEST	1	adoption_520_Birth_Mother_Nationality_POSt	Adoption Mother's Nationality Redirect 1	1646834512361	1646834512401	OK	 
GROUP	1	adoption_520_Birth_Mother_Nationality_POSt	1646834512160	1646834512443	276	OK
REQUEST	1	adoption_530_Birth_Mother_Occupation	Adoption Mother's Occupation	1646834514451	1646834514620	OK	 
REQUEST	1	adoption_530_Birth_Mother_Occupation	Adoption Mother's Occupation Redirect 1	1646834514622	1646834514665	OK	 
GROUP	1	adoption_530_Birth_Mother_Occupation	1646834514450	1646834514715	259	OK
REQUEST	1	adoption_535_Birth_Mother_Occupation_Redirect	Adoption Mother's Details Redirect	1646834516710	1646834516759	OK	 
GROUP	1	adoption_535_Birth_Mother_Occupation_Redirect	1646834516709	1646834516819	104	OK
REQUEST	1	adoption_540_Birth_Mother_Occupation	Adoption Mother's Address Known	1646834518819	1646834519036	OK	 
REQUEST	1	adoption_540_Birth_Mother_Occupation	Adoption Mother's Address Known Redirect 1	1646834519038	1646834519078	OK	 
GROUP	1	adoption_540_Birth_Mother_Occupation	1646834518819	1646834519125	301	OK
REQUEST	1	adoption_550_Birth_Mother_Address_Manual	Adoption Mother's Address Manual	1646834521131	1646834521189	OK	 
GROUP	1	adoption_550_Birth_Mother_Address_Manual	1646834521131	1646834521238	103	OK
REQUEST	1	adoption_560_Birth_Mother_Address_POST	Adoption Mother's Address	1646834523231	1646834523615	OK	 
REQUEST	1	adoption_560_Birth_Mother_Address_POST	Adoption Mother's Address Redirect 1	1646834523617	1646834523662	OK	 
GROUP	1	adoption_560_Birth_Mother_Address_POST	1646834523230	1646834523706	470	OK
USER	LAU Simulation	1	END	1646834487471	1646834525712
