RUN	simulations.mainSimulation	mainsimulation	1646834091836	 	3.3.1
USER	LAU Simulation	1	START	1646834092361	1646834092361
REQUEST	1	adoption_010_Homepage	Adoption Homepage	1646834092384	1646834092453	OK	 
REQUEST	1	adoption_010_Homepage	Adoption Homepage Redirect 1	1646834092478	1646834092510	OK	 
REQUEST	1	adoption_010_Homepage	Adoption Homepage Redirect 2	1646834092512	1646834092590	OK	 
GROUP	1	adoption_010_Homepage	1646834092368	1646834092839	334	OK
REQUEST	1	Adoption_020_Login	Adoption Login	1646834094866	1646834095181	OK	 
REQUEST	1	Adoption_020_Login	Adoption Login Redirect 1	1646834095185	1646834095693	OK	 
REQUEST	1	Adoption_020_Login	Adoption Login Redirect 2	1646834095695	1646834096000	OK	 
REQUEST	1	Adoption_020_Login	Adoption Login Redirect 3	1646834096002	1646834096042	OK	 
GROUP	1	Adoption_020_Login	1646834094861	1646834096152	1267	OK
REQUEST	1	Adoption_030_Apply_With	Adoption Applying With	1646834098152	1646834098197	OK	 
GROUP	1	Adoption_030_Apply_With	1646834098151	1646834098247	86	OK
REQUEST	1	Adoption_040_Adoption_Applying_Post	Adoption Applying Post	1646834100253	1646834100917	OK	 
REQUEST	1	Adoption_040_Adoption_Applying_Post	Adoption Applying Post Redirect 1	1646834100919	1646834100960	OK	 
GROUP	1	Adoption_040_Adoption_Applying_Post	1646834100251	1646834101006	745	OK
REQUEST	1	Adoption_050_Adoption_Applying_With_Redirect	Adoption Applying With Redirect	1646834103001	1646834103049	OK	 
GROUP	1	Adoption_050_Adoption_Applying_With_Redirect	1646834103000	1646834103106	100	OK
REQUEST	1	adoption_360_Certificate_Details	Adoption Certificate Details	1646834105111	1646834105158	OK	 
GROUP	1	adoption_360_Certificate_Details	1646834105110	1646834105204	88	OK
REQUEST	1	adoption_370_Certificate_Details_Name	Adoption Certificate Details Name	1646834107202	1646834107673	OK	 
REQUEST	1	adoption_370_Certificate_Details_Name	Adoption Certificate Details Name Redirect 1	1646834107675	1646834107724	OK	 
GROUP	1	adoption_370_Certificate_Details_Name	1646834107201	1646834109789	567	OK
USER	LAU Simulation	1	END	1646834092361	1646834109793
