RUN	simulations.mainSimulation	mainsimulation	1646909333882	 	3.3.1
USER	LAU Simulation	1	START	1646909334508	1646909334508
REQUEST	1	adoption_010_Homepage	Adoption Homepage	1646909334530	1646909335217	OK	 
REQUEST	1	adoption_010_Homepage	Adoption Homepage Redirect 1	1646909335243	1646909335279	OK	 
REQUEST	1	adoption_010_Homepage	Adoption Homepage Redirect 2	1646909335281	1646909335355	OK	 
GROUP	1	adoption_010_Homepage	1646909334515	1646909336116	1465	OK
REQUEST	1	Adoption_020_Login	Adoption Login	1646909337135	1646909337453	OK	 
REQUEST	1	Adoption_020_Login	Adoption Login Redirect 1	1646909337459	1646909337966	OK	 
REQUEST	1	Adoption_020_Login	Adoption Login Redirect 2	1646909337967	1646909339267	OK	 
REQUEST	1	Adoption_020_Login	Adoption Login Redirect 3	1646909339269	1646909339932	OK	 
GROUP	1	Adoption_020_Login	1646909337130	1646909341227	4074	OK
REQUEST	1	Adoption_030_Apply_With	Adoption Applying With	1646909342233	1646909342328	OK	 
GROUP	1	Adoption_030_Apply_With	1646909342231	1646909342442	201	OK
REQUEST	1	Adoption_040_Adoption_Applying_Post	Adoption Applying Post	1646909343451	1646909343869	OK	 
REQUEST	1	Adoption_040_Adoption_Applying_Post	Adoption Applying Post Redirect 1	1646909343871	1646909343966	OK	 
GROUP	1	Adoption_040_Adoption_Applying_Post	1646909343449	1646909344056	597	OK
REQUEST	1	Adoption_050_Adoption_Applying_With_Redirect	Adoption Applying With Redirect	1646909345051	1646909345263	OK	 
GROUP	1	Adoption_050_Adoption_Applying_With_Redirect	1646909345050	1646909345423	367	OK
REQUEST	1	Adoption_060_Date_Of_Move	Adoption Date Child Moved in 	1646909346430	1646909346699	OK	 
GROUP	1	Adoption_060_Date_Of_Move	1646909346429	1646909346959	525	OK
REQUEST	1	Adoption_070_Date_Of_Move_POST	Adoption Date Child Moved in Post	1646909347961	1646909348501	OK	 
REQUEST	1	Adoption_070_Date_Of_Move_POST	Adoption Date Child Moved in Post Redirect 1	1646909348503	1646909348732	OK	 
REQUEST	1	Adoption_070_Date_Of_Move_POST,Adoption_050_Adoption_Applying_With_Redirect	Adoption Applying With Redirect	1646909348892	1646909349082	OK	 
GROUP	1	Adoption_070_Date_Of_Move_POST,Adoption_050_Adoption_Applying_With_Redirect	1646909348891	1646909349215	319	OK
GROUP	1	Adoption_070_Date_Of_Move_POST	1646909347960	1646909350209	1242	OK
REQUEST	1	Adoption_080_Your_Details	Adoption Your Personal Details 	1646909351220	1646909351572	OK	 
GROUP	1	Adoption_080_Your_Details	1646909351219	1646909352267	1042	OK
REQUEST	1	Adoption_090_Your_Details_POST	Adoption Your Personal Details Post	1646909353261	1646909353924	OK	 
REQUEST	1	Adoption_090_Your_Details_POST	Adoption Your Personal Details Post Redirect 1	1646909353926	1646909354076	OK	 
GROUP	1	Adoption_090_Your_Details_POST	1646909353260	1646909354161	894	OK
REQUEST	1	Adoption_100_Your_Details_Other_Name	Adoption Your Personal Details Other Name	1646909355161	1646909355578	OK	 
REQUEST	1	Adoption_100_Your_Details_Other_Name	Adoption Your Personal Details Other Name Redirect 1	1646909355580	1646909355705	OK	 
GROUP	1	Adoption_100_Your_Details_Other_Name	1646909355161	1646909355844	677	OK
REQUEST	1	Adoption_110_Your_Details_DoB	Adoption Your Personal Details DoB	1646909356841	1646909357141	OK	 
GROUP	1	Adoption_110_Your_Details_DoB	1646909356841	1646909357270	425	OK
REQUEST	1	Adoption_120_Your_Details_DoB_POST	Adoption Your Personal Details DoB POST	1646909358280	1646909358760	OK	 
REQUEST	1	Adoption_120_Your_Details_DoB_POST	Adoption Your Personal Details DoB POST Redirect 1	1646909358762	1646909358870	OK	 
GROUP	1	Adoption_120_Your_Details_DoB_POST	1646909358279	1646909358962	677	OK
REQUEST	1	Adoption_130_Your_Details_Occupation	Adoption Your Personal Details Occupation	1646909359962	1646909360356	OK	 
REQUEST	1	Adoption_130_Your_Details_Occupation	Adoption Your Personal Details Occupation Redirect 1	1646909360357	1646909360955	OK	 
GROUP	1	Adoption_130_Your_Details_Occupation	1646909359961	1646909361469	1502	OK
REQUEST	1	Adoption_140_Your_Contact_Details	Adoption Your Contact Details LookUp	1646909362470	1646909362539	OK	 
GROUP	1	Adoption_140_Your_Contact_Details	1646909362469	1646909362617	144	OK
REQUEST	1	Adoption_150_Your_Contact_Details_Manual	Adoption Your Contact Details Manual	1646909363609	1646909363696	OK	 
GROUP	1	Adoption_150_Your_Contact_Details_Manual	1646909363608	1646909363837	225	OK
REQUEST	1	Adoption_160_Your_Contact_Details_Manual_POST	Adoption Your Contact Details Manual POST	1646909364841	1646909365111	OK	 
REQUEST	1	Adoption_160_Your_Contact_Details_Manual_POST	Adoption Your Contact Details Manual POST Redirect 1	1646909365112	1646909365193	OK	 
GROUP	1	Adoption_160_Your_Contact_Details_Manual_POST	1646909364840	1646909365344	499	OK
REQUEST	1	Adoption_170_Your_Contact_Details_POST	Adoption Your Contact Details POST	1646909366351	1646909366825	OK	 
REQUEST	1	Adoption_170_Your_Contact_Details_POST	Adoption Your Contact Details POST Redirect 1	1646909366826	1646909366978	OK	 
GROUP	1	Adoption_170_Your_Contact_Details_POST	1646909366350	1646909367082	726	OK
REQUEST	1	Adoption_180_Second_Personal_Details	Adoption Second Personal Details	1646909368079	1646909368300	OK	 
GROUP	1	Adoption_180_Second_Personal_Details	1646909368079	1646909368489	408	OK
REQUEST	1	Adoption_190_Second_Personal_Details_POST	Adoption Second Personal Details POST	1646909369483	1646909369913	OK	 
REQUEST	1	Adoption_190_Second_Personal_Details_POST	Adoption Second Personal Details POST Redirect 1	1646909369914	1646909369984	OK	 
GROUP	1	Adoption_190_Second_Personal_Details_POST	1646909369482	1646909370062	575	OK
REQUEST	1	Adoption_200_Second_Other_Name	Adoption Second Other Name	1646909371071	1646909371458	OK	 
REQUEST	1	Adoption_200_Second_Other_Name	Adoption Second Other Name Redirect 1	1646909371460	1646909371574	OK	 
GROUP	1	Adoption_200_Second_Other_Name	1646909371070	1646909371682	605	OK
REQUEST	1	Adoption_210_Second_Other_Name_Redirect	Adoption Second Other Name Redirect	1646909372690	1646909372917	OK	 
REQUEST	1	Adoption_210_Second_Other_Name_Redirect	Adoption Second Other Name Redirect Redirect 1	1646909372984	1646909373125	OK	 
GROUP	1	Adoption_210_Second_Other_Name_Redirect	1646909372690	1646909373211	451	OK
REQUEST	1	Adoption_220_Second_DoB	Adoption Second DoB	1646909374201	1646909375069	OK	 
REQUEST	1	Adoption_220_Second_DoB	Adoption Second DoB Redirect 1	1646909375070	1646909375126	OK	 
GROUP	1	Adoption_220_Second_DoB	1646909374201	1646909375190	986	OK
REQUEST	1	Adoption_230_Second_Occupation	Adoption Second Occupation	1646909376189	1646909376389	OK	 
REQUEST	1	Adoption_230_Second_Occupation	Adoption Second Occupation Redirect 1	1646909376390	1646909376468	OK	 
GROUP	1	Adoption_230_Second_Occupation	1646909376189	1646909376536	344	OK
REQUEST	1	Adoption_240_Second_Contact_Details_Same_Address	Adoption Second Contact Details Same-Address	1646909377531	1646909377644	OK	 
GROUP	1	Adoption_240_Second_Contact_Details_Same_Address	1646909377530	1646909377815	282	OK
REQUEST	1	Adoption_250_Second_Contact_Details_Same_Address_POST	Adoption Second Contact Details Same-Address POST	1646909378820	1646909379331	OK	 
REQUEST	1	Adoption_250_Second_Contact_Details_Same_Address_POST	Adoption Second Contact Details Same-Address POST Redirect 1	1646909379332	1646909379471	OK	 
GROUP	1	Adoption_250_Second_Contact_Details_Same_Address_POST	1646909378819	1646909379650	828	OK
REQUEST	1	Adoption_260_Second_Contact_Details_Manual_Redirect	Adoption Second Contact Details manual redirect	1646909380661	1646909380940	OK	 
GROUP	1	Adoption_260_Second_Contact_Details_Manual_Redirect	1646909380661	1646909381139	476	OK
REQUEST	1	Adoption_270_Second_Contact_Details_Manual_POST	Adoption Second Contact Details manual POST	1646909382140	1646909382342	OK	 
REQUEST	1	Adoption_270_Second_Contact_Details_Manual_POST	Adoption Second Contact Details manual POST Redirect 1	1646909382343	1646909382444	OK	 
GROUP	1	Adoption_270_Second_Contact_Details_Manual_POST	1646909382140	1646909382649	507	OK
REQUEST	1	Adoption_280_Second_Contact_Details__POST	Adoption Second Contact Details POST	1646909383640	1646909383816	OK	 
REQUEST	1	Adoption_280_Second_Contact_Details__POST	Adoption Second Contact Details POST Redirect 1	1646909383818	1646909383904	OK	 
GROUP	1	Adoption_280_Second_Contact_Details__POST	1646909383640	1646909383994	349	OK
REQUEST	1	adoption_290_Birth_Certificate	Adoption Birth Certificate Details	1646909384991	1646909385136	OK	 
GROUP	1	adoption_290_Birth_Certificate	1646909384991	1646909385336	342	OK
REQUEST	1	adoption_300_Birth_Certificate_Name	Adoption Birth Certificate Name	1646909386342	1646909386572	OK	 
REQUEST	1	adoption_300_Birth_Certificate_Name	Adoption Birth Certificate Name Redirect 1	1646909386573	1646909386695	OK	 
GROUP	1	adoption_300_Birth_Certificate_Name	1646909386341	1646909386844	498	OK
REQUEST	1	adoption_320_Birth_Certificate_DoB	Adoption Birth Certificate DoB	1646909387841	1646909388039	OK	 
REQUEST	1	adoption_320_Birth_Certificate_DoB	Adoption Birth Certificate DoB Redirect 1	1646909388040	1646909388097	OK	 
GROUP	1	adoption_320_Birth_Certificate_DoB	1646909387841	1646909388173	329	OK
REQUEST	1	adoption_330_Birth_Certificate_Sex	Adoption Birth Certificate Sex	1646909389182	1646909389372	OK	 
REQUEST	1	adoption_330_Birth_Certificate_Sex	Adoption Birth Certificate Sex Redirect 1	1646909389374	1646909389445	OK	 
GROUP	1	adoption_330_Birth_Certificate_Sex	1646909389181	1646909389521	334	OK
REQUEST	1	adoption_340_Birth_Certificate_Nationality_Add	Adoption Birth Certificate Nationality Add	1646909390519	1646909390914	OK	 
REQUEST	1	adoption_340_Birth_Certificate_Nationality_Add	Adoption Birth Certificate Nationality Add Redirect 1	1646909390915	1646909391103	OK	 
GROUP	1	adoption_340_Birth_Certificate_Nationality_Add	1646909390518	1646909391195	672	OK
REQUEST	1	adoption_350_Birth_Certificate_Nationality_POST	Adoption Birth Certificate Nationality POST	1646909392192	1646909392656	OK	 
REQUEST	1	adoption_350_Birth_Certificate_Nationality_POST	Adoption Birth Certificate Nationality POST Redirect 1	1646909392657	1646909392988	OK	 
GROUP	1	adoption_350_Birth_Certificate_Nationality_POST	1646909392191	1646909393175	979	OK
REQUEST	1	adoption_360_Certificate_Details	Adoption Certificate Details	1646909394170	1646909394273	OK	 
GROUP	1	adoption_360_Certificate_Details	1646909394170	1646909394409	236	OK
REQUEST	1	adoption_370_Certificate_Details_Name	Adoption Certificate Details Name	1646909395420	1646909395704	OK	 
REQUEST	1	adoption_370_Certificate_Details_Name	Adoption Certificate Details Name Redirect 1	1646909395705	1646909395821	OK	 
GROUP	1	adoption_370_Certificate_Details_Name	1646909395419	1646909396981	561	OK
REQUEST	1	adoption_380_Placement_Order	Adoption Placement Order Details	1646909396981	1646909397183	OK	 
GROUP	1	adoption_380_Placement_Order	1646909396981	1646909397336	352	OK
REQUEST	1	adoption_390_Certificate_Placement_Order_Number	Adoption Placement Order Number	1646909398329	1646909398563	OK	 
REQUEST	1	adoption_390_Certificate_Placement_Order_Number	Adoption Placement Order Number Redirect 1	1646909398565	1646909398894	OK	 
GROUP	1	adoption_390_Certificate_Placement_Order_Number	1646909398329	1646909398967	634	OK
REQUEST	1	adoption_400_Certificate_Placement_Court	Adoption Placement Court	1646909399970	1646909400325	OK	 
REQUEST	1	adoption_400_Certificate_Placement_Court	Adoption Placement Court Redirect 1	1646909400326	1646909400664	OK	 
GROUP	1	adoption_400_Certificate_Placement_Court	1646909399969	1646909400822	848	OK
REQUEST	1	adoption_410_Certificate_Placement_Date	Adoption Placement Date	1646909401830	1646909402234	OK	 
REQUEST	1	adoption_410_Certificate_Placement_Date	Adoption Placement Date Redirect 1	1646909402235	1646909402552	OK	 
GROUP	1	adoption_410_Certificate_Placement_Date	1646909401829	1646909402685	851	OK
REQUEST	1	adoption_420_Certificate_Placement_Summary	Adoption Placement Summary	1646909403679	1646909404065	OK	 
REQUEST	1	adoption_420_Certificate_Placement_Summary	Adoption Placement Summary Redirect 1	1646909404066	1646909404510	OK	 
REQUEST	1	adoption_420_Certificate_Placement_Summary	Adoption Placement Summary Redirect 2	1646909404511	1646909404947	OK	 
GROUP	1	adoption_420_Certificate_Placement_Summary	1646909403679	1646909405127	1444	OK
REQUEST	1	adoption_430_Certificate_Placement_Type_2	Adoption Placement Type 2	1646909406129	1646909406470	OK	 
REQUEST	1	adoption_430_Certificate_Placement_Type_2	Adoption Placement Type 2 Redirect 1	1646909406471	1646909406783	OK	 
GROUP	1	adoption_430_Certificate_Placement_Type_2	1646909406129	1646909406837	702	OK
REQUEST	1	adoption_440_Certificate_Placement_Order_Number_2	Adoption Placement Order Number 2	1646909407830	1646909408006	OK	 
REQUEST	1	adoption_440_Certificate_Placement_Order_Number_2	Adoption Placement Order Number 2 Redirect 1	1646909408007	1646909408417	OK	 
GROUP	1	adoption_440_Certificate_Placement_Order_Number_2	1646909407829	1646909408627	793	OK
REQUEST	1	adoption_450_Certificate_Placement_Court_2	Adoption Placement Court 2	1646909409629	1646909409804	OK	 
REQUEST	1	adoption_450_Certificate_Placement_Court_2	Adoption Placement Court 2 Redirect 1	1646909409806	1646909410019	OK	 
GROUP	1	adoption_450_Certificate_Placement_Court_2	1646909409629	1646909410077	442	OK
REQUEST	1	adoption_460_Certificate_Placement_Date_2	Adoption Placement Date 2	1646909411079	1646909411574	OK	 
REQUEST	1	adoption_460_Certificate_Placement_Date_2	Adoption Placement Date 2 Redirect 1	1646909411575	1646909412420	OK	 
GROUP	1	adoption_460_Certificate_Placement_Date_2	1646909411079	1646909412648	1564	OK
REQUEST	1	adoption_470_Certificate_Placement_Summary_2	Adoption Placement Summary 2	1646909413650	1646909413861	OK	 
REQUEST	1	adoption_470_Certificate_Placement_Summary_2	Adoption Placement Summary 2 Redirect 1	1646909413863	1646909414018	OK	 
GROUP	1	adoption_470_Certificate_Placement_Summary_2	1646909413649	1646909414121	465	OK
REQUEST	1	adoption_480_Birth_Mother	Adoption Mother's Details	1646909415132	1646909415201	OK	 
GROUP	1	adoption_480_Birth_Mother	1646909415131	1646909415275	141	OK
REQUEST	1	adoption_490_Birth_Mother_Name	Adoption Mother's Name	1646909416271	1646909416577	OK	 
REQUEST	1	adoption_490_Birth_Mother_Name	Adoption Mother's Name Redirect 1	1646909416578	1646909416852	OK	 
GROUP	1	adoption_490_Birth_Mother_Name	1646909416270	1646909417067	792	OK
REQUEST	1	adoption_495_Birth_Mother	Adoption Mother's Details	1646909418059	1646909418310	OK	 
GROUP	1	adoption_495_Birth_Mother	1646909418059	1646909418663	601	OK
REQUEST	1	adoption_500_Birth_Mother_Alive	Adoption Mother Still Alive?	1646909419671	1646909419895	OK	 
REQUEST	1	adoption_500_Birth_Mother_Alive	Adoption Mother Still Alive? Redirect 1	1646909419896	1646909419976	OK	 
GROUP	1	adoption_500_Birth_Mother_Alive	1646909419671	1646909420076	402	OK
REQUEST	1	adoption_510_Birth_Mother_Nationality_Add	Adoption Mother's Nationality Add	1646909421072	1646909421523	OK	 
REQUEST	1	adoption_510_Birth_Mother_Nationality_Add	Adoption Mother's Nationality Add Redirect 1	1646909421524	1646909421611	OK	 
GROUP	1	adoption_510_Birth_Mother_Nationality_Add	1646909421071	1646909421661	585	OK
REQUEST	1	adoption_520_Birth_Mother_Nationality_POSt	Adoption Mother's Nationality	1646909422671	1646909422871	OK	 
REQUEST	1	adoption_520_Birth_Mother_Nationality_POSt	Adoption Mother's Nationality Redirect 1	1646909422872	1646909423103	OK	 
GROUP	1	adoption_520_Birth_Mother_Nationality_POSt	1646909422671	1646909423300	626	OK
REQUEST	1	adoption_530_Birth_Mother_Occupation	Adoption Mother's Occupation	1646909424299	1646909424552	OK	 
REQUEST	1	adoption_530_Birth_Mother_Occupation	Adoption Mother's Occupation Redirect 1	1646909424553	1646909424988	OK	 
GROUP	1	adoption_530_Birth_Mother_Occupation	1646909424299	1646909425405	1103	OK
REQUEST	1	adoption_535_Birth_Mother_Occupation_Redirect	Adoption Mother's Details Redirect	1646909426400	1646909426666	OK	 
GROUP	1	adoption_535_Birth_Mother_Occupation_Redirect	1646909426399	1646909427095	692	OK
REQUEST	1	adoption_540_Birth_Mother_Occupation	Adoption Mother's Address Known	1646909428102	1646909428295	OK	 
REQUEST	1	adoption_540_Birth_Mother_Occupation	Adoption Mother's Address Known Redirect 1	1646909428296	1646909428370	OK	 
GROUP	1	adoption_540_Birth_Mother_Occupation	1646909428101	1646909428465	359	OK
REQUEST	1	adoption_550_Birth_Mother_Address_Manual	Adoption Mother's Address Manual	1646909429461	1646909429826	OK	 
GROUP	1	adoption_550_Birth_Mother_Address_Manual	1646909429461	1646909429914	451	OK
REQUEST	1	adoption_560_Birth_Mother_Address_POST	Adoption Mother's Address	1646909430910	1646909431136	OK	 
REQUEST	1	adoption_560_Birth_Mother_Address_POST	Adoption Mother's Address Redirect 1	1646909431137	1646909431316	OK	 
GROUP	1	adoption_560_Birth_Mother_Address_POST	1646909430910	1646909431493	579	OK
REQUEST	1	adoption_570_Birth_Father_Details	Adoption Father's Details	1646909432499	1646909432720	OK	 
GROUP	1	adoption_570_Birth_Father_Details	1646909432498	1646909432966	464	OK
REQUEST	1	adoption_580_Birth_Father_Details_POST	Adoption Father's Details On Certificate	1646909433960	1646909434322	OK	 
REQUEST	1	adoption_580_Birth_Father_Details_POST	Adoption Father's Details On Certificate Redirect 1	1646909434323	1646909434380	OK	 
GROUP	1	adoption_580_Birth_Father_Details_POST	1646909433960	1646909434448	485	OK
REQUEST	1	adoption_590_Birth_Father_Name	Adoption Father's Name	1646909435451	1646909435962	OK	 
REQUEST	1	adoption_590_Birth_Father_Name	Adoption Father's Name Redirect 1	1646909435963	1646909436047	OK	 
GROUP	1	adoption_590_Birth_Father_Name	1646909435450	1646909436116	662	OK
REQUEST	1	adoption_600_Birth_Father_Alive	Adoption Father Still alive?	1646909437120	1646909437394	OK	 
REQUEST	1	adoption_600_Birth_Father_Alive	Adoption Father Still alive? Redirect 1	1646909437396	1646909437501	OK	 
GROUP	1	adoption_600_Birth_Father_Alive	1646909437120	1646909437585	461	OK
REQUEST	1	adoption_610_Birth_Father_Nationality_Add	Adoption Father add Nationality	1646909438582	1646909438863	OK	 
REQUEST	1	adoption_610_Birth_Father_Nationality_Add	Adoption Father add Nationality Redirect 1	1646909438865	1646909439029	OK	 
GROUP	1	adoption_610_Birth_Father_Nationality_Add	1646909438582	1646909439160	572	OK
REQUEST	1	adoption_620_Birth_Father_Nationality_POST	Adoption Father's Nationality	1646909440161	1646909440364	OK	 
REQUEST	1	adoption_620_Birth_Father_Nationality_POST	Adoption Father's Nationality Redirect 1	1646909440366	1646909440408	OK	 
GROUP	1	adoption_620_Birth_Father_Nationality_POST	1646909440161	1646909440489	323	OK
REQUEST	1	adoption_630_Birth_Father_Occupation	Adoption Father's Occupation	1646909441502	1646909441683	OK	 
REQUEST	1	adoption_630_Birth_Father_Occupation	Adoption Father's Occupation Redirect 1	1646909441684	1646909441758	OK	 
GROUP	1	adoption_630_Birth_Father_Occupation	1646909441501	1646909441813	307	OK
REQUEST	1	adoption_640_Birth_Father_Occupation_Address_Known	Adoption Father's Address Known?	1646909442802	1646909443196	OK	 
REQUEST	1	adoption_640_Birth_Father_Occupation_Address_Known	Adoption Father's Address Known? Redirect 1	1646909443197	1646909443371	OK	 
GROUP	1	adoption_640_Birth_Father_Occupation_Address_Known	1646909442801	1646909443520	715	OK
REQUEST	1	adoption_640_Birth_Father_Occupation_Address_Manual	Adoption Father's Address Manual	1646909444529	1646909445153	OK	 
GROUP	1	adoption_640_Birth_Father_Occupation_Address_Manual	1646909444529	1646909445487	954	OK
REQUEST	1	adoption_640_Birth_Father_Occupation_Address_POST	Adoption Father's Address	1646909446481	1646909446861	OK	 
REQUEST	1	adoption_640_Birth_Father_Occupation_Address_POST	Adoption Father's Address Redirect 1	1646909446862	1646909446966	OK	 
GROUP	1	adoption_640_Birth_Father_Occupation_Address_POST	1646909446481	1646909447016	530	OK
REQUEST	1	adoption_650_Other_Parent_Exists	Adoption Other Parent	1646909448009	1646909448375	OK	 
GROUP	1	adoption_650_Other_Parent_Exists	1646909448009	1646909448446	434	OK
REQUEST	1	adoption_660_Other_Parent_Exists_POST	Adoption Other Parent Exists	1646909449451	1646909450137	OK	 
REQUEST	1	adoption_660_Other_Parent_Exists_POST	Adoption Other Parent Exists Redirect 1	1646909450138	1646909450344	OK	 
GROUP	1	adoption_660_Other_Parent_Exists_POST	1646909449450	1646909450600	1145	OK
REQUEST	1	adoption_670_Other_Parent_Name	Adoption Other Parent Name	1646909451601	1646909451821	OK	 
REQUEST	1	adoption_670_Other_Parent_Name	Adoption Other Parent Name Redirect 1	1646909451822	1646909452044	OK	 
GROUP	1	adoption_670_Other_Parent_Name	1646909451601	1646909452119	515	OK
REQUEST	1	adoption_680_Other_Parent_Address_Known?	Adoption Other Parent Address known?	1646909453121	1646909453307	OK	 
REQUEST	1	adoption_680_Other_Parent_Address_Known?	Adoption Other Parent Address known? Redirect 1	1646909453309	1646909453365	OK	 
GROUP	1	adoption_680_Other_Parent_Address_Known?	1646909453121	1646909453441	316	OK
REQUEST	1	adoption_690_Other_Parent_Address_Manual	Adoption Other Parent Address Manual	1646909454441	1646909454517	OK	 
GROUP	1	adoption_690_Other_Parent_Address_Manual	1646909454441	1646909454591	148	OK
REQUEST	1	adoption_700_Other_Parent_Address_POST	Adoption Other Parent Address Manual	1646909455591	1646909455817	OK	 
REQUEST	1	adoption_700_Other_Parent_Address_POST	Adoption Other Parent Address Manual Redirect 1	1646909455819	1646909456101	OK	 
GROUP	1	adoption_700_Other_Parent_Address_POST	1646909455590	1646909456376	781	OK
REQUEST	1	adoption_710_Agency	Adoption Agency	1646909457381	1646909458013	OK	 
REQUEST	1	adoption_710_Agency	Adoption Agency Redirect 1	1646909458014	1646909458283	OK	 
GROUP	1	adoption_710_Agency	1646909457381	1646909458354	970	OK
REQUEST	1	adoption_720_Agency_Details	Adoption Agency Details	1646909459352	1646909459562	OK	 
REQUEST	1	adoption_720_Agency_Details	Adoption Agency Details Redirect 1	1646909459563	1646909459632	OK	 
GROUP	1	adoption_720_Agency_Details	1646909459351	1646909459708	353	OK
REQUEST	1	adoption_730_Other_Agency	Adoption Other Agency?	1646909460701	1646909461151	OK	 
REQUEST	1	adoption_730_Other_Agency	Adoption Other Agency? Redirect 1	1646909461152	1646909461458	OK	 
REQUEST	1	adoption_730_Other_Agency	Adoption Other Agency? Redirect 2	1646909461459	1646909464838	OK	 
GROUP	1	adoption_730_Other_Agency	1646909460701	1646909464888	4182	OK
REQUEST	1	adoption_740_Other_Agency_Details	Adoption Other Agency Details	1646909465891	1646909466267	OK	 
REQUEST	1	adoption_740_Other_Agency_Details	Adoption Other Agency Details Redirect 1	1646909466268	1646909466359	OK	 
GROUP	1	adoption_740_Other_Agency_Details	1646909465890	1646909466478	583	OK
REQUEST	1	adoption_750_Social_Worker_Details	Adoption Social Worker Details	1646909467480	1646909467806	OK	 
REQUEST	1	adoption_750_Social_Worker_Details	Adoption Social Worker Details Redirect 1	1646909467807	1646909467938	OK	 
GROUP	1	adoption_750_Social_Worker_Details	1646909467480	1646909468056	572	OK
REQUEST	1	adoption_760_Sibling_Details	Adoption Sibling Details	1646909469059	1646909469204	OK	 
GROUP	1	adoption_760_Sibling_Details	1646909469058	1646909469383	321	OK
REQUEST	1	adoption_770_Sibling_Other?	Adoption Any Sibling?	1646909470381	1646909470863	OK	 
REQUEST	1	adoption_770_Sibling_Other?	Adoption Any Sibling? Redirect 1	1646909470865	1646909471015	OK	 
GROUP	1	adoption_770_Sibling_Other?	1646909470381	1646909471094	708	OK
REQUEST	1	adoption_780_Sibling_Court_Order_Exists?	Adoption Court Order Exists?	1646909472099	1646909472399	OK	 
REQUEST	1	adoption_780_Sibling_Court_Order_Exists?	Adoption Court Order Exists? Redirect 1	1646909472400	1646909472694	OK	 
GROUP	1	adoption_780_Sibling_Court_Order_Exists?	1646909472099	1646909472807	703	OK
REQUEST	1	adoption_790_Sibling_Name?	Adoption Sibling Name	1646909473800	1646909474203	OK	 
REQUEST	1	adoption_790_Sibling_Name?	Adoption Sibling Name Redirect 1	1646909474203	1646909474974	OK	 
REQUEST	1	adoption_790_Sibling_Name?	Adoption Sibling Name Redirect 2	1646909474975	1646909475408	OK	 
GROUP	1	adoption_790_Sibling_Name?	1646909473800	1646909475463	1659	OK
REQUEST	1	adoption_800_Sibling_Order_Type	Adoption Order Type?	1646909476470	1646909477401	OK	 
REQUEST	1	adoption_800_Sibling_Order_Type	Adoption Order Type? Redirect 1	1646909477402	1646909479276	OK	 
GROUP	1	adoption_800_Sibling_Order_Type	1646909476470	1646909480132	3658	OK
REQUEST	1	adoption_810_Sibling_Order_Number	Adoption Order Number	1646909481129	1646909481572	OK	 
REQUEST	1	adoption_810_Sibling_Order_Number	Adoption Order Number Redirect 1	1646909481573	1646909481877	OK	 
GROUP	1	adoption_810_Sibling_Order_Number	1646909481129	1646909482113	980	OK
REQUEST	1	adoption_820_Sibling_New_Order?	Adoption Add New Order?	1646909483121	1646909483507	OK	 
REQUEST	1	adoption_820_Sibling_New_Order?	Adoption Add New Order? Redirect 1	1646909483508	1646909484107	OK	 
GROUP	1	adoption_820_Sibling_New_Order?	1646909483120	1646909484253	1126	OK
REQUEST	1	adoption_830_Sibling_Select	Adoption Select Sibling	1646909485251	1646909485493	OK	 
REQUEST	1	adoption_830_Sibling_Select	Adoption Select Sibling Redirect 1	1646909485494	1646909485717	OK	 
REQUEST	1	adoption_830_Sibling_Select	Adoption Select Sibling Redirect 2	1646909485719	1646909485927	OK	 
GROUP	1	adoption_830_Sibling_Select	1646909485251	1646909485975	717	OK
REQUEST	1	adoption_840_Sibling_Select	Adoption Order Type	1646909486970	1646909487200	OK	 
REQUEST	1	adoption_840_Sibling_Select	Adoption Order Type Redirect 1	1646909487201	1646909487501	OK	 
GROUP	1	adoption_840_Sibling_Select	1646909486969	1646909487576	602	OK
REQUEST	1	adoption_850_Sibling_Select	Adoption Order Number	1646909488580	1646909488951	OK	 
REQUEST	1	adoption_850_Sibling_Select	Adoption Order Number Redirect 1	1646909488953	1646909489042	OK	 
GROUP	1	adoption_850_Sibling_Select	1646909488579	1646909489122	537	OK
REQUEST	1	adoption_855_Sibling_Select	Adoption Order Number	1646909490120	1646909490339	OK	 
REQUEST	1	adoption_855_Sibling_Select	Adoption Order Number Redirect 1	1646909490341	1646909490416	OK	 
GROUP	1	adoption_855_Sibling_Select	1646909490120	1646909490486	362	OK
REQUEST	1	adoption_860_Sibling_Select	Adoption Order Number	1646909490486	1646909490949	OK	 
REQUEST	1	adoption_860_Sibling_Select	Adoption Order Number Redirect 1	1646909490950	1646909491049	OK	 
GROUP	1	adoption_860_Sibling_Select	1646909490486	1646909491154	664	OK
REQUEST	1	adoption_861_Family_Court	Adoption Family Court Redirect	1646909492161	1646909492264	OK	 
GROUP	1	adoption_861_Family_Court	1646909492161	1646909492350	186	OK
REQUEST	1	adoption_862_Family_Court_POST	Adoption Family Court Redirect	1646909492350	1646909492519	OK	 
REQUEST	1	adoption_862_Family_Court_POST	Adoption Family Court Redirect Redirect 1	1646909492520	1646909492618	OK	 
GROUP	1	adoption_862_Family_Court_POST	1646909492350	1646909492739	385	OK
REQUEST	1	adoption_870_Upload_Document	Adoption Birth Certificate Details	1646909492739	1646909493089	OK	 
GROUP	1	adoption_870_Upload_Document	1646909492739	1646909493251	508	OK
REQUEST	1	adoption_885_Upload_Document_POST	Adoption Certificate Upload POST	1646909494252	1646909494578	OK	 
REQUEST	1	adoption_885_Upload_Document_POST	Adoption Certificate Upload POST Redirect 1	1646909494579	1646909494844	OK	 
GROUP	1	adoption_885_Upload_Document_POST	1646909494251	1646909494932	676	OK
REQUEST	1	adoption_890_Equality	Adoption Review Equality	1646909495932	1646909496158	KO	j.n.UnknownHostException: adoption-web.aat.platform.hmcts.netreview-pay-submit: nodename nor servname provided, or not known
GROUP	1	adoption_890_Equality	1646909495932	1646909496164	226	KO
USER	LAU Simulation	1	END	1646909334508	1646909496169
