RUN	simulations.mainSimulation	mainsimulation	1646827043225	 	3.3.1
USER	LAU Simulation	1	START	1646827043941	1646827043941
REQUEST	1	adoption_010_Homepage	Adoption Homepage	1646827043973	1646827044075	OK	 
REQUEST	1	adoption_010_Homepage	Adoption Homepage Redirect 1	1646827044109	1646827044137	OK	 
REQUEST	1	adoption_010_Homepage	Adoption Homepage Redirect 2	1646827044139	1646827044202	OK	 
GROUP	1	adoption_010_Homepage	1646827043950	1646827044538	387	OK
REQUEST	1	Adoption_020_Login	Adoption Login	1646827046560	1646827046747	OK	 
REQUEST	1	Adoption_020_Login	Adoption Login Redirect 1	1646827046754	1646827047112	OK	 
REQUEST	1	Adoption_020_Login	Adoption Login Redirect 2	1646827047114	1646827047441	OK	 
REQUEST	1	Adoption_020_Login	Adoption Login Redirect 3	1646827047443	1646827047495	OK	 
GROUP	1	Adoption_020_Login	1646827046554	1646827047743	1155	OK
REQUEST	1	Adoption_030_Apply_With	Adoption Applying With	1646827049744	1646827049787	OK	 
GROUP	1	Adoption_030_Apply_With	1646827049743	1646827049845	87	OK
REQUEST	1	Adoption_040_Adoption_Applying_Post	Adoption Applying Post	1646827051856	1646827052466	OK	 
REQUEST	1	Adoption_040_Adoption_Applying_Post	Adoption Applying Post Redirect 1	1646827052469	1646827052508	OK	 
GROUP	1	Adoption_040_Adoption_Applying_Post	1646827051854	1646827052557	692	OK
REQUEST	1	Adoption_050_Adoption_Applying_With_Redirect	Adoption Applying With Redirect	1646827054554	1646827054591	OK	 
GROUP	1	Adoption_050_Adoption_Applying_With_Redirect	1646827054554	1646827054639	79	OK
REQUEST	1	Adoption_080_Your_Details	Adoption Your Personal Details 	1646827056644	1646827056694	OK	 
GROUP	1	Adoption_080_Your_Details	1646827056644	1646827056742	94	OK
REQUEST	1	Adoption_090_Your_Details_POST	Adoption Your Personal Details Post	1646827058735	1646827059074	OK	 
REQUEST	1	Adoption_090_Your_Details_POST	Adoption Your Personal Details Post Redirect 1	1646827059075	1646827059129	OK	 
GROUP	1	Adoption_090_Your_Details_POST	1646827058734	1646827059172	432	OK
REQUEST	1	Adoption_100_Your_Details_Other_Name	Adoption Your Personal Details Other Name	1646827061175	1646827061596	OK	 
REQUEST	1	Adoption_100_Your_Details_Other_Name	Adoption Your Personal Details Other Name Redirect 1	1646827061598	1646827061653	OK	 
GROUP	1	Adoption_100_Your_Details_Other_Name	1646827061175	1646827061696	512	OK
REQUEST	1	Adoption_110_Your_Details_DoB	Adoption Your Personal Details DoB	1646827063704	1646827063740	OK	 
GROUP	1	Adoption_110_Your_Details_DoB	1646827063704	1646827063783	75	OK
REQUEST	1	Adoption_120_Your_Details_DoB_POST	Adoption Your Personal Details DoB POST	1646827065774	1646827066009	OK	 
REQUEST	1	Adoption_120_Your_Details_DoB_POST	Adoption Your Personal Details DoB POST Redirect 1	1646827066011	1646827066067	OK	 
GROUP	1	Adoption_120_Your_Details_DoB_POST	1646827065773	1646827066123	340	OK
REQUEST	1	Adoption_130_Your_Details_Occupation	Adoption Your Personal Details Occupation	1646827068125	1646827068346	OK	 
REQUEST	1	Adoption_130_Your_Details_Occupation	Adoption Your Personal Details Occupation Redirect 1	1646827068348	1646827068393	OK	 
GROUP	1	Adoption_130_Your_Details_Occupation	1646827068125	1646827068439	307	OK
USER	LAU Simulation	1	END	1646827043941	1646827070447
