RUN	uk.gov.hmcts.reform.LandA.performance.simulations.mainSimulation	mainsimulation	1645176515367	 	3.3.1
USER	LAU Simulation	1	START	1645176516044	1645176516044
REQUEST	1	LAU_020_Homepage	LAU Homepage	1645176516065	1645176516148	OK	 
REQUEST	1	LAU_020_Homepage	LAU Homepage Redirect 1	1645176516156	1645176516211	OK	 
REQUEST	1	LAU_020_Homepage	LAU Homepage Redirect 2	1645176516212	1645176516273	OK	 
GROUP	1	LAU_020_Homepage	1645176516047	1645176516487	327	OK
REQUEST	1	LAU_030_Login	LAU Login	1645176521514	1645176522517	OK	 
REQUEST	1	LAU_030_Login	LAU Login Redirect 1	1645176522520	1645176523234	OK	 
REQUEST	1	LAU_030_Login	LAU Login Redirect 2	1645176523237	1645176523274	OK	 
GROUP	1	LAU_030_Login	1645176521510	1645176523568	2039	OK
REQUEST	1	LAU_040_CaseAuditSearch	LAU Case Audit Search	1645176528585	1645176529378	OK	 
REQUEST	1	LAU_040_CaseAuditSearch	LAU Case Audit Search Redirect 1	1645176529379	1645176529465	OK	 
GROUP	1	LAU_040_CaseAuditSearch	1645176528582	1645176529726	1126	OK
REQUEST	1	LAU_050_CaseAuditPage2	LAU Case Audit Page 2	1645176534728	1645176535419	OK	 
REQUEST	1	LAU_050_CaseAuditPage2	LAU Case Audit Page 2 Redirect 1	1645176535420	1645176535500	OK	 
GROUP	1	LAU_050_CaseAuditPage2	1645176534728	1645176535757	1021	OK
REQUEST	1	LAU_060_CaseActivityDownload	Case Activity CSV Download	1645176540758	1645176542069	OK	 
GROUP	1	LAU_060_CaseActivityDownload	1645176540757	1645176542074	1311	OK
REQUEST	1	LAU_070_CaseSearchDownload	Case Search CSV Download	1645176547057	1645176577100	KO	substring(Case Ref).find.exists, found nothing
GROUP	1	LAU_070_CaseSearchDownload	1645176547055	1645176577128	30043	KO
REQUEST	1	LAU_080_LogonAuditSearch	LAU Logon Audit Search	1645176582122	1645176583220	OK	 
REQUEST	1	LAU_080_LogonAuditSearch	LAU Logon Audit Search Redirect 1	1645176583223	1645176583329	OK	 
GROUP	1	LAU_080_LogonAuditSearch	1645176582118	1645176584888	2747	OK
REQUEST	1	LAU_090_LogonAuditPage2	LAU Logon Audit Page 2	1645176589886	1645176590564	OK	 
REQUEST	1	LAU_090_LogonAuditPage2	LAU Logon Audit Page 2 Redirect 1	1645176590565	1645176590654	OK	 
GROUP	1	LAU_090_LogonAuditPage2	1645176589885	1645176590912	1018	OK
REQUEST	1	LAU_100_LogonActivityDownload	Logon Activity CSV Download	1645176595908	1645176596569	OK	 
GROUP	1	LAU_100_LogonActivityDownload	1645176595906	1645176596571	661	OK
USER	LAU Simulation	1	END	1645176516044	1645176601595
