RUN	simulations.mainSimulation	mainsimulation	1646919019160	 	3.3.1
USER	LAU Simulation	1	START	1646919019772	1646919019772
REQUEST	1	adoption_010_Homepage	Adoption Homepage	1646919019794	1646919021374	OK	 
REQUEST	1	adoption_010_Homepage	Adoption Homepage Redirect 1	1646919021399	1646919021514	OK	 
REQUEST	1	adoption_010_Homepage	Adoption Homepage Redirect 2	1646919021516	1646919022034	OK	 
GROUP	1	adoption_010_Homepage	1646919019779	1646919022442	2527	OK
REQUEST	1	Adoption_020_Login	Adoption Login	1646919023460	1646919023643	OK	 
REQUEST	1	Adoption_020_Login	Adoption Login Redirect 1	1646919023648	1646919023819	OK	 
REQUEST	1	Adoption_020_Login	Adoption Login Redirect 2	1646919023821	1646919024229	OK	 
REQUEST	1	Adoption_020_Login	Adoption Login Redirect 3	1646919024231	1646919024352	OK	 
GROUP	1	Adoption_020_Login	1646919023457	1646919026729	3249	OK
REQUEST	1	Adoption_030_Apply_With	Adoption Applying With	1646919027738	1646919027801	OK	 
GROUP	1	Adoption_030_Apply_With	1646919027737	1646919027853	106	OK
REQUEST	1	Adoption_040_Adoption_Applying_Post	Adoption Applying Post	1646919028849	1646919029395	OK	 
REQUEST	1	Adoption_040_Adoption_Applying_Post	Adoption Applying Post Redirect 1	1646919029397	1646919029432	OK	 
GROUP	1	Adoption_040_Adoption_Applying_Post	1646919028847	1646919030606	1753	OK
REQUEST	1	Adoption_050_Adoption_Applying_With_Redirect	Adoption Applying With Redirect	1646919031615	1646919031659	OK	 
GROUP	1	Adoption_050_Adoption_Applying_With_Redirect	1646919031615	1646919034546	2930	OK
REQUEST	1	adoption_870_Upload_Document	Adoption Birth Certificate Details	1646919035535	1646919035586	OK	 
GROUP	1	adoption_870_Upload_Document	1646919035535	1646919035740	201	OK
REQUEST	1	adoption_880_Upload_Document	Adoption Certificate Upload	1646919036773	1646919037106	KO	regex(documents/([0-9a-z-]+?)/binary).find.exists, found nothing
GROUP	1	adoption_880_Upload_Document	1646919036747	1646919037128	333	KO
USER	LAU Simulation	1	END	1646919019772	1646919037135
