RUN	simulations.mainSimulation	mainsimulation	1646919852762	 	3.3.1
USER	LAU Simulation	1	START	1646919853659	1646919853659
REQUEST	1	adoption_010_Homepage	Adoption Homepage	1646919853684	1646919853754	OK	 
REQUEST	1	adoption_010_Homepage	Adoption Homepage Redirect 1	1646919853779	1646919853807	OK	 
REQUEST	1	adoption_010_Homepage	Adoption Homepage Redirect 2	1646919853810	1646919854753	OK	 
GROUP	1	adoption_010_Homepage	1646919853667	1646919857839	4038	OK
REQUEST	1	Adoption_020_Login	Adoption Login	1646919858862	1646919859120	OK	 
REQUEST	1	Adoption_020_Login	Adoption Login Redirect 1	1646919859123	1646919859472	OK	 
REQUEST	1	Adoption_020_Login	Adoption Login Redirect 2	1646919859474	1646919859984	OK	 
REQUEST	1	Adoption_020_Login	Adoption Login Redirect 3	1646919859986	1646919860038	OK	 
GROUP	1	Adoption_020_Login	1646919858859	1646919860130	1251	OK
REQUEST	1	Adoption_030_Apply_With	Adoption Applying With	1646919861137	1646919861179	OK	 
GROUP	1	Adoption_030_Apply_With	1646919861137	1646919861253	109	OK
REQUEST	1	Adoption_040_Adoption_Applying_Post	Adoption Applying Post	1646919862250	1646919863158	OK	 
REQUEST	1	Adoption_040_Adoption_Applying_Post	Adoption Applying Post Redirect 1	1646919863160	1646919863197	OK	 
GROUP	1	Adoption_040_Adoption_Applying_Post	1646919862249	1646919863281	1026	OK
REQUEST	1	Adoption_050_Adoption_Applying_With_Redirect	Adoption Applying With Redirect	1646919864277	1646919864375	OK	 
GROUP	1	Adoption_050_Adoption_Applying_With_Redirect	1646919864277	1646919864592	314	OK
REQUEST	1	adoption_870_Upload_Document	Adoption Birth Certificate Details	1646919865599	1646919865681	OK	 
GROUP	1	adoption_870_Upload_Document	1646919865599	1646919865828	226	OK
REQUEST	1	adoption_880_Upload_Document	Adoption Certificate Upload	1646919866819	1646919866924	KO	status.find.in(200,201,202,203,204,205,206,207,208,209,304), found 500
GROUP	1	adoption_880_Upload_Document	1646919866817	1646919866928	105	KO
USER	LAU Simulation	1	END	1646919853659	1646919866934
