RUN	simulations.mainSimulation	mainsimulation	1646929132883	 	3.3.1
USER	LAU Simulation	1	START	1646929133566	1646929133566
REQUEST	1	adoption_010_Homepage	Adoption Homepage	1646929133594	1646929137857	OK	 
REQUEST	1	adoption_010_Homepage	Adoption Homepage Redirect 1	1646929137885	1646929137917	OK	 
REQUEST	1	adoption_010_Homepage	Adoption Homepage Redirect 2	1646929137918	1646929138991	OK	 
GROUP	1	adoption_010_Homepage	1646929133574	1646929160581	26859	OK
REQUEST	1	Adoption_020_Login	Adoption Login	1646929161611	1646929161787	OK	 
REQUEST	1	Adoption_020_Login	Adoption Login Redirect 1	1646929161792	1646929161984	OK	 
REQUEST	1	Adoption_020_Login	Adoption Login Redirect 2	1646929161986	1646929162869	OK	 
REQUEST	1	Adoption_020_Login	Adoption Login Redirect 3	1646929162870	1646929162917	OK	 
GROUP	1	Adoption_020_Login	1646929161605	1646929171476	9848	OK
REQUEST	1	Adoption_030_Apply_With	Adoption Applying With	1646929172476	1646929172519	OK	 
GROUP	1	Adoption_030_Apply_With	1646929172474	1646929173023	541	OK
REQUEST	1	Adoption_040_Adoption_Applying_Post	Adoption Applying Post	1646929174016	1646929174231	OK	 
REQUEST	1	Adoption_040_Adoption_Applying_Post	Adoption Applying Post Redirect 1	1646929174233	1646929174273	OK	 
GROUP	1	Adoption_040_Adoption_Applying_Post	1646929174014	1646929174595	573	OK
REQUEST	1	Adoption_050_Adoption_Applying_With_Redirect	Adoption Applying With Redirect	1646929175603	1646929175638	OK	 
GROUP	1	Adoption_050_Adoption_Applying_With_Redirect	1646929175603	1646929175832	224	OK
REQUEST	1	Adoption_060_Date_Of_Move	Adoption Date Child Moved in 	1646929176834	1646929176877	OK	 
GROUP	1	Adoption_060_Date_Of_Move	1646929176833	1646929177015	177	OK
REQUEST	1	Adoption_070_Date_Of_Move_POST	Adoption Date Child Moved in Post	1646929178015	1646929178309	OK	 
REQUEST	1	Adoption_070_Date_Of_Move_POST	Adoption Date Child Moved in Post Redirect 1	1646929178310	1646929178482	OK	 
REQUEST	1	Adoption_070_Date_Of_Move_POST,Adoption_050_Adoption_Applying_With_Redirect	Adoption Applying With Redirect	1646929178715	1646929178985	OK	 
GROUP	1	Adoption_070_Date_Of_Move_POST,Adoption_050_Adoption_Applying_With_Redirect	1646929178714	1646929179470	752	OK
GROUP	1	Adoption_070_Date_Of_Move_POST	1646929178014	1646929180473	1446	OK
REQUEST	1	Adoption_080_Your_Details	Adoption Your Personal Details 	1646929181473	1646929181519	OK	 
GROUP	1	Adoption_080_Your_Details	1646929181473	1646929181848	370	OK
REQUEST	1	Adoption_090_Your_Details_POST	Adoption Your Personal Details Post	1646929182844	1646929183098	OK	 
REQUEST	1	Adoption_090_Your_Details_POST	Adoption Your Personal Details Post Redirect 1	1646929183100	1646929183157	OK	 
GROUP	1	Adoption_090_Your_Details_POST	1646929182843	1646929183234	385	OK
REQUEST	1	Adoption_100_Your_Details_Other_Name	Adoption Your Personal Details Other Name	1646929184243	1646929184854	OK	 
REQUEST	1	Adoption_100_Your_Details_Other_Name	Adoption Your Personal Details Other Name Redirect 1	1646929184855	1646929184905	OK	 
GROUP	1	Adoption_100_Your_Details_Other_Name	1646929184242	1646929185306	1057	OK
REQUEST	1	Adoption_110_Your_Details_DoB	Adoption Your Personal Details DoB	1646929186305	1646929186341	OK	 
GROUP	1	Adoption_110_Your_Details_DoB	1646929186304	1646929186441	133	OK
REQUEST	1	Adoption_120_Your_Details_DoB_POST	Adoption Your Personal Details DoB POST	1646929187433	1646929187627	OK	 
REQUEST	1	Adoption_120_Your_Details_DoB_POST	Adoption Your Personal Details DoB POST Redirect 1	1646929187628	1646929187695	OK	 
GROUP	1	Adoption_120_Your_Details_DoB_POST	1646929187432	1646929189378	1941	OK
REQUEST	1	Adoption_130_Your_Details_Occupation	Adoption Your Personal Details Occupation	1646929190384	1646929190642	OK	 
REQUEST	1	Adoption_130_Your_Details_Occupation	Adoption Your Personal Details Occupation Redirect 1	1646929190644	1646929190715	OK	 
GROUP	1	Adoption_130_Your_Details_Occupation	1646929190383	1646929190963	573	OK
REQUEST	1	Adoption_140_Your_Contact_Details	Adoption Your Contact Details LookUp	1646929191964	1646929192131	OK	 
GROUP	1	Adoption_140_Your_Contact_Details	1646929191964	1646929192312	346	OK
REQUEST	1	Adoption_150_Your_Contact_Details_Manual	Adoption Your Contact Details Manual	1646929193313	1646929193373	OK	 
GROUP	1	Adoption_150_Your_Contact_Details_Manual	1646929193312	1646929193517	201	OK
REQUEST	1	Adoption_160_Your_Contact_Details_Manual_POST	Adoption Your Contact Details Manual POST	1646929194525	1646929194870	OK	 
REQUEST	1	Adoption_160_Your_Contact_Details_Manual_POST	Adoption Your Contact Details Manual POST Redirect 1	1646929194872	1646929194919	OK	 
GROUP	1	Adoption_160_Your_Contact_Details_Manual_POST	1646929194524	1646929195328	797	OK
REQUEST	1	Adoption_170_Your_Contact_Details_POST	Adoption Your Contact Details POST	1646929196324	1646929196566	OK	 
REQUEST	1	Adoption_170_Your_Contact_Details_POST	Adoption Your Contact Details POST Redirect 1	1646929196567	1646929196661	OK	 
GROUP	1	Adoption_170_Your_Contact_Details_POST	1646929196324	1646929198684	2356	OK
REQUEST	1	Adoption_180_Second_Personal_Details	Adoption Second Personal Details	1646929199692	1646929199734	OK	 
GROUP	1	Adoption_180_Second_Personal_Details	1646929199692	1646929199851	157	OK
REQUEST	1	Adoption_190_Second_Personal_Details_POST	Adoption Second Personal Details POST	1646929200844	1646929201008	OK	 
REQUEST	1	Adoption_190_Second_Personal_Details_POST	Adoption Second Personal Details POST Redirect 1	1646929201009	1646929201052	OK	 
GROUP	1	Adoption_190_Second_Personal_Details_POST	1646929200844	1646929201814	966	OK
REQUEST	1	Adoption_200_Second_Other_Name	Adoption Second Other Name	1646929202814	1646929203127	OK	 
REQUEST	1	Adoption_200_Second_Other_Name	Adoption Second Other Name Redirect 1	1646929203129	1646929203175	OK	 
GROUP	1	Adoption_200_Second_Other_Name	1646929202814	1646929203609	789	OK
REQUEST	1	Adoption_210_Second_Other_Name_Redirect	Adoption Second Other Name Redirect	1646929204604	1646929205091	OK	 
REQUEST	1	Adoption_210_Second_Other_Name_Redirect	Adoption Second Other Name Redirect Redirect 1	1646929205092	1646929205138	OK	 
GROUP	1	Adoption_210_Second_Other_Name_Redirect	1646929204603	1646929205184	574	OK
REQUEST	1	Adoption_220_Second_DoB	Adoption Second DoB	1646929206194	1646929206398	OK	 
REQUEST	1	Adoption_220_Second_DoB	Adoption Second DoB Redirect 1	1646929206399	1646929207053	OK	 
GROUP	1	Adoption_220_Second_DoB	1646929206194	1646929207371	1173	OK
REQUEST	1	Adoption_230_Second_Occupation	Adoption Second Occupation	1646929208362	1646929209372	OK	 
REQUEST	1	Adoption_230_Second_Occupation	Adoption Second Occupation Redirect 1	1646929209373	1646929209406	OK	 
GROUP	1	Adoption_230_Second_Occupation	1646929208362	1646929210329	1963	OK
REQUEST	1	Adoption_240_Second_Contact_Details_Same_Address	Adoption Second Contact Details Same-Address	1646929211332	1646929211373	OK	 
GROUP	1	Adoption_240_Second_Contact_Details_Same_Address	1646929211332	1646929212314	979	OK
REQUEST	1	Adoption_250_Second_Contact_Details_Same_Address_POST	Adoption Second Contact Details Same-Address POST	1646929213324	1646929213529	OK	 
REQUEST	1	Adoption_250_Second_Contact_Details_Same_Address_POST	Adoption Second Contact Details Same-Address POST Redirect 1	1646929213530	1646929213568	OK	 
GROUP	1	Adoption_250_Second_Contact_Details_Same_Address_POST	1646929213324	1646929213677	350	OK
REQUEST	1	Adoption_260_Second_Contact_Details_Manual_Redirect	Adoption Second Contact Details manual redirect	1646929214673	1646929214718	OK	 
GROUP	1	Adoption_260_Second_Contact_Details_Manual_Redirect	1646929214673	1646929214777	101	OK
REQUEST	1	Adoption_270_Second_Contact_Details_Manual_POST	Adoption Second Contact Details manual POST	1646929215774	1646929215953	OK	 
REQUEST	1	Adoption_270_Second_Contact_Details_Manual_POST	Adoption Second Contact Details manual POST Redirect 1	1646929215954	1646929216000	OK	 
GROUP	1	Adoption_270_Second_Contact_Details_Manual_POST	1646929215773	1646929216111	331	OK
REQUEST	1	Adoption_280_Second_Contact_Details__POST	Adoption Second Contact Details POST	1646929217113	1646929217368	OK	 
REQUEST	1	Adoption_280_Second_Contact_Details__POST	Adoption Second Contact Details POST Redirect 1	1646929217370	1646929217404	OK	 
GROUP	1	Adoption_280_Second_Contact_Details__POST	1646929217113	1646929217560	442	OK
REQUEST	1	adoption_290_Birth_Certificate	Adoption Birth Certificate Details	1646929218564	1646929218601	OK	 
GROUP	1	adoption_290_Birth_Certificate	1646929218563	1646929218720	153	OK
REQUEST	1	adoption_300_Birth_Certificate_Name	Adoption Birth Certificate Name	1646929219712	1646929219904	OK	 
REQUEST	1	adoption_300_Birth_Certificate_Name	Adoption Birth Certificate Name Redirect 1	1646929219905	1646929220040	OK	 
GROUP	1	adoption_300_Birth_Certificate_Name	1646929219712	1646929220362	646	OK
REQUEST	1	adoption_320_Birth_Certificate_DoB	Adoption Birth Certificate DoB	1646929221362	1646929221719	OK	 
REQUEST	1	adoption_320_Birth_Certificate_DoB	Adoption Birth Certificate DoB Redirect 1	1646929221721	1646929221771	OK	 
GROUP	1	adoption_320_Birth_Certificate_DoB	1646929221362	1646929221903	536	OK
REQUEST	1	adoption_330_Birth_Certificate_Sex	Adoption Birth Certificate Sex	1646929222903	1646929223070	OK	 
REQUEST	1	adoption_330_Birth_Certificate_Sex	Adoption Birth Certificate Sex Redirect 1	1646929223071	1646929223114	OK	 
GROUP	1	adoption_330_Birth_Certificate_Sex	1646929222903	1646929223190	284	OK
REQUEST	1	adoption_340_Birth_Certificate_Nationality_Add	Adoption Birth Certificate Nationality Add	1646929224194	1646929224409	OK	 
REQUEST	1	adoption_340_Birth_Certificate_Nationality_Add	Adoption Birth Certificate Nationality Add Redirect 1	1646929224411	1646929224460	OK	 
GROUP	1	adoption_340_Birth_Certificate_Nationality_Add	1646929224193	1646929224641	442	OK
REQUEST	1	adoption_350_Birth_Certificate_Nationality_POST	Adoption Birth Certificate Nationality POST	1646929225644	1646929225907	OK	 
REQUEST	1	adoption_350_Birth_Certificate_Nationality_POST	Adoption Birth Certificate Nationality POST Redirect 1	1646929225909	1646929225941	OK	 
GROUP	1	adoption_350_Birth_Certificate_Nationality_POST	1646929225643	1646929226060	411	OK
REQUEST	1	adoption_360_Certificate_Details	Adoption Certificate Details	1646929227065	1646929227104	OK	 
GROUP	1	adoption_360_Certificate_Details	1646929227064	1646929227186	118	OK
REQUEST	1	adoption_370_Certificate_Details_Name	Adoption Certificate Details Name	1646929228185	1646929228495	OK	 
REQUEST	1	adoption_370_Certificate_Details_Name	Adoption Certificate Details Name Redirect 1	1646929228497	1646929228531	OK	 
GROUP	1	adoption_370_Certificate_Details_Name	1646929228184	1646929229754	568	OK
REQUEST	1	adoption_380_Placement_Order	Adoption Placement Order Details	1646929229754	1646929230029	OK	 
GROUP	1	adoption_380_Placement_Order	1646929229754	1646929230205	449	OK
REQUEST	1	adoption_390_Certificate_Placement_Order_Number	Adoption Placement Order Number	1646929231213	1646929231477	OK	 
REQUEST	1	adoption_390_Certificate_Placement_Order_Number	Adoption Placement Order Number Redirect 1	1646929231478	1646929231657	OK	 
GROUP	1	adoption_390_Certificate_Placement_Order_Number	1646929231213	1646929233299	2082	OK
REQUEST	1	adoption_400_Certificate_Placement_Court	Adoption Placement Court	1646929234294	1646929234711	OK	 
REQUEST	1	adoption_400_Certificate_Placement_Court	Adoption Placement Court Redirect 1	1646929234712	1646929235068	OK	 
GROUP	1	adoption_400_Certificate_Placement_Court	1646929234293	1646929235282	984	OK
REQUEST	1	adoption_410_Certificate_Placement_Date	Adoption Placement Date	1646929236283	1646929236580	OK	 
REQUEST	1	adoption_410_Certificate_Placement_Date	Adoption Placement Date Redirect 1	1646929236581	1646929248325	OK	 
GROUP	1	adoption_410_Certificate_Placement_Date	1646929236283	1646929251582	15296	OK
REQUEST	1	adoption_420_Certificate_Placement_Summary	Adoption Placement Summary	1646929252592	1646929253076	OK	 
REQUEST	1	adoption_420_Certificate_Placement_Summary	Adoption Placement Summary Redirect 1	1646929253077	1646929253262	OK	 
REQUEST	1	adoption_420_Certificate_Placement_Summary	Adoption Placement Summary Redirect 2	1646929253264	1646929253456	OK	 
GROUP	1	adoption_420_Certificate_Placement_Summary	1646929252592	1646929253655	1057	OK
REQUEST	1	adoption_430_Certificate_Placement_Type_2	Adoption Placement Type 2	1646929254655	1646929254813	OK	 
REQUEST	1	adoption_430_Certificate_Placement_Type_2	Adoption Placement Type 2 Redirect 1	1646929254814	1646929255002	OK	 
GROUP	1	adoption_430_Certificate_Placement_Type_2	1646929254655	1646929255181	522	OK
REQUEST	1	adoption_440_Certificate_Placement_Order_Number_2	Adoption Placement Order Number 2	1646929256174	1646929256339	OK	 
REQUEST	1	adoption_440_Certificate_Placement_Order_Number_2	Adoption Placement Order Number 2 Redirect 1	1646929256340	1646929256503	OK	 
GROUP	1	adoption_440_Certificate_Placement_Order_Number_2	1646929256174	1646929256820	643	OK
REQUEST	1	adoption_450_Certificate_Placement_Court_2	Adoption Placement Court 2	1646929257814	1646929257987	OK	 
REQUEST	1	adoption_450_Certificate_Placement_Court_2	Adoption Placement Court 2 Redirect 1	1646929257988	1646929258307	OK	 
GROUP	1	adoption_450_Certificate_Placement_Court_2	1646929257813	1646929258468	650	OK
REQUEST	1	adoption_460_Certificate_Placement_Date_2	Adoption Placement Date 2	1646929259473	1646929259677	OK	 
REQUEST	1	adoption_460_Certificate_Placement_Date_2	Adoption Placement Date 2 Redirect 1	1646929259679	1646929260487	OK	 
GROUP	1	adoption_460_Certificate_Placement_Date_2	1646929259473	1646929260605	1128	OK
REQUEST	1	adoption_470_Certificate_Placement_Summary_2	Adoption Placement Summary 2	1646929261614	1646929262025	OK	 
REQUEST	1	adoption_470_Certificate_Placement_Summary_2	Adoption Placement Summary 2 Redirect 1	1646929262026	1646929262189	OK	 
GROUP	1	adoption_470_Certificate_Placement_Summary_2	1646929261613	1646929262351	733	OK
REQUEST	1	adoption_480_Birth_Mother	Adoption Mother's Details	1646929263343	1646929263418	OK	 
GROUP	1	adoption_480_Birth_Mother	1646929263342	1646929263554	208	OK
REQUEST	1	adoption_490_Birth_Mother_Name	Adoption Mother's Name	1646929264563	1646929264757	OK	 
REQUEST	1	adoption_490_Birth_Mother_Name	Adoption Mother's Name Redirect 1	1646929264758	1646929264810	OK	 
GROUP	1	adoption_490_Birth_Mother_Name	1646929264563	1646929265137	571	OK
REQUEST	1	adoption_495_Birth_Mother	Adoption Mother's Details	1646929266134	1646929266182	OK	 
GROUP	1	adoption_495_Birth_Mother	1646929266133	1646929266445	308	OK
REQUEST	1	adoption_500_Birth_Mother_Alive	Adoption Mother Still Alive?	1646929267443	1646929267620	OK	 
REQUEST	1	adoption_500_Birth_Mother_Alive	Adoption Mother Still Alive? Redirect 1	1646929267621	1646929267657	OK	 
GROUP	1	adoption_500_Birth_Mother_Alive	1646929267442	1646929267938	492	OK
REQUEST	1	adoption_510_Birth_Mother_Nationality_Add	Adoption Mother's Nationality Add	1646929268943	1646929269134	OK	 
REQUEST	1	adoption_510_Birth_Mother_Nationality_Add	Adoption Mother's Nationality Add Redirect 1	1646929269136	1646929269177	OK	 
GROUP	1	adoption_510_Birth_Mother_Nationality_Add	1646929268942	1646929269335	387	OK
REQUEST	1	adoption_520_Birth_Mother_Nationality_POSt	Adoption Mother's Nationality	1646929270335	1646929270516	OK	 
REQUEST	1	adoption_520_Birth_Mother_Nationality_POSt	Adoption Mother's Nationality Redirect 1	1646929270516	1646929270555	OK	 
GROUP	1	adoption_520_Birth_Mother_Nationality_POSt	1646929270334	1646929270946	609	OK
REQUEST	1	adoption_530_Birth_Mother_Occupation	Adoption Mother's Occupation	1646929271943	1646929272105	OK	 
REQUEST	1	adoption_530_Birth_Mother_Occupation	Adoption Mother's Occupation Redirect 1	1646929272106	1646929272145	OK	 
GROUP	1	adoption_530_Birth_Mother_Occupation	1646929271943	1646929272184	238	OK
REQUEST	1	adoption_535_Birth_Mother_Occupation_Redirect	Adoption Mother's Details Redirect	1646929273193	1646929273229	OK	 
GROUP	1	adoption_535_Birth_Mother_Occupation_Redirect	1646929273192	1646929273315	120	OK
REQUEST	1	adoption_540_Birth_Mother_Occupation	Adoption Mother's Address Known	1646929274314	1646929274503	OK	 
REQUEST	1	adoption_540_Birth_Mother_Occupation	Adoption Mother's Address Known Redirect 1	1646929274504	1646929274552	OK	 
GROUP	1	adoption_540_Birth_Mother_Occupation	1646929274314	1646929274640	322	OK
REQUEST	1	adoption_550_Birth_Mother_Address_Manual	Adoption Mother's Address Manual	1646929275634	1646929275735	OK	 
GROUP	1	adoption_550_Birth_Mother_Address_Manual	1646929275634	1646929275879	242	OK
REQUEST	1	adoption_560_Birth_Mother_Address_POST	Adoption Mother's Address	1646929276882	1646929277057	OK	 
REQUEST	1	adoption_560_Birth_Mother_Address_POST	Adoption Mother's Address Redirect 1	1646929277058	1646929277248	OK	 
GROUP	1	adoption_560_Birth_Mother_Address_POST	1646929276882	1646929277839	953	OK
REQUEST	1	adoption_570_Birth_Father_Details	Adoption Father's Details	1646929278834	1646929278875	OK	 
GROUP	1	adoption_570_Birth_Father_Details	1646929278834	1646929278943	107	OK
REQUEST	1	adoption_580_Birth_Father_Details_POST	Adoption Father's Details On Certificate	1646929279954	1646929280412	OK	 
REQUEST	1	adoption_580_Birth_Father_Details_POST	Adoption Father's Details On Certificate Redirect 1	1646929280413	1646929280462	OK	 
GROUP	1	adoption_580_Birth_Father_Details_POST	1646929279953	1646929280667	710	OK
REQUEST	1	adoption_590_Birth_Father_Name	Adoption Father's Name	1646929281663	1646929282038	OK	 
REQUEST	1	adoption_590_Birth_Father_Name	Adoption Father's Name Redirect 1	1646929282039	1646929282076	OK	 
GROUP	1	adoption_590_Birth_Father_Name	1646929281663	1646929282831	1164	OK
REQUEST	1	adoption_600_Birth_Father_Alive	Adoption Father Still alive?	1646929283823	1646929284306	OK	 
REQUEST	1	adoption_600_Birth_Father_Alive	Adoption Father Still alive? Redirect 1	1646929284307	1646929284346	OK	 
GROUP	1	adoption_600_Birth_Father_Alive	1646929283822	1646929288307	4481	OK
REQUEST	1	adoption_610_Birth_Father_Nationality_Add	Adoption Father add Nationality	1646929289313	1646929289715	OK	 
REQUEST	1	adoption_610_Birth_Father_Nationality_Add	Adoption Father add Nationality Redirect 1	1646929289716	1646929289759	OK	 
GROUP	1	adoption_610_Birth_Father_Nationality_Add	1646929289312	1646929290911	1595	OK
REQUEST	1	adoption_620_Birth_Father_Nationality_POST	Adoption Father's Nationality	1646929291914	1646929292160	OK	 
REQUEST	1	adoption_620_Birth_Father_Nationality_POST	Adoption Father's Nationality Redirect 1	1646929292161	1646929292197	OK	 
GROUP	1	adoption_620_Birth_Father_Nationality_POST	1646929291913	1646929292372	454	OK
REQUEST	1	adoption_630_Birth_Father_Occupation	Adoption Father's Occupation	1646929293363	1646929293605	OK	 
REQUEST	1	adoption_630_Birth_Father_Occupation	Adoption Father's Occupation Redirect 1	1646929293606	1646929293655	OK	 
GROUP	1	adoption_630_Birth_Father_Occupation	1646929293362	1646929293919	553	OK
REQUEST	1	adoption_640_Birth_Father_Occupation_Address_Known	Adoption Father's Address Known?	1646929294923	1646929295089	OK	 
REQUEST	1	adoption_640_Birth_Father_Occupation_Address_Known	Adoption Father's Address Known? Redirect 1	1646929295091	1646929295127	OK	 
GROUP	1	adoption_640_Birth_Father_Occupation_Address_Known	1646929294923	1646929295588	660	OK
REQUEST	1	adoption_640_Birth_Father_Occupation_Address_Manual	Adoption Father's Address Manual	1646929296593	1646929296647	OK	 
GROUP	1	adoption_640_Birth_Father_Occupation_Address_Manual	1646929296592	1646929299310	2714	OK
REQUEST	1	adoption_640_Birth_Father_Occupation_Address_POST	Adoption Father's Address	1646929300314	1646929300505	OK	 
REQUEST	1	adoption_640_Birth_Father_Occupation_Address_POST	Adoption Father's Address Redirect 1	1646929300507	1646929300548	OK	 
GROUP	1	adoption_640_Birth_Father_Occupation_Address_POST	1646929300313	1646929300953	635	OK
REQUEST	1	adoption_650_Other_Parent_Exists	Adoption Other Parent	1646929301954	1646929301995	OK	 
GROUP	1	adoption_650_Other_Parent_Exists	1646929301954	1646929302211	254	OK
REQUEST	1	adoption_660_Other_Parent_Exists_POST	Adoption Other Parent Exists	1646929303204	1646929303472	OK	 
REQUEST	1	adoption_660_Other_Parent_Exists_POST	Adoption Other Parent Exists Redirect 1	1646929303474	1646929303514	OK	 
GROUP	1	adoption_660_Other_Parent_Exists_POST	1646929303204	1646929303833	624	OK
REQUEST	1	adoption_670_Other_Parent_Name	Adoption Other Parent Name	1646929304833	1646929305224	OK	 
REQUEST	1	adoption_670_Other_Parent_Name	Adoption Other Parent Name Redirect 1	1646929305225	1646929305363	OK	 
GROUP	1	adoption_670_Other_Parent_Name	1646929304833	1646929305545	708	OK
REQUEST	1	adoption_680_Other_Parent_Address_Known?	Adoption Other Parent Address known?	1646929306553	1646929306755	OK	 
REQUEST	1	adoption_680_Other_Parent_Address_Known?	Adoption Other Parent Address known? Redirect 1	1646929306756	1646929306808	OK	 
GROUP	1	adoption_680_Other_Parent_Address_Known?	1646929306553	1646929307055	499	OK
REQUEST	1	adoption_690_Other_Parent_Address_Manual	Adoption Other Parent Address Manual	1646929308055	1646929308097	OK	 
GROUP	1	adoption_690_Other_Parent_Address_Manual	1646929308054	1646929308516	459	OK
REQUEST	1	adoption_700_Other_Parent_Address_POST	Adoption Other Parent Address Manual	1646929309514	1646929309743	OK	 
REQUEST	1	adoption_700_Other_Parent_Address_POST	Adoption Other Parent Address Manual Redirect 1	1646929309744	1646929309783	OK	 
GROUP	1	adoption_700_Other_Parent_Address_POST	1646929309513	1646929309881	363	OK
REQUEST	1	adoption_710_Agency	Adoption Agency	1646929310874	1646929311292	OK	 
REQUEST	1	adoption_710_Agency	Adoption Agency Redirect 1	1646929311293	1646929311612	OK	 
GROUP	1	adoption_710_Agency	1646929310874	1646929311655	778	OK
REQUEST	1	adoption_720_Agency_Details	Adoption Agency Details	1646929312664	1646929313184	OK	 
REQUEST	1	adoption_720_Agency_Details	Adoption Agency Details Redirect 1	1646929313185	1646929313261	OK	 
GROUP	1	adoption_720_Agency_Details	1646929312664	1646929313460	792	OK
REQUEST	1	adoption_730_Other_Agency	Adoption Other Agency?	1646929314453	1646929315167	OK	 
REQUEST	1	adoption_730_Other_Agency	Adoption Other Agency? Redirect 1	1646929315168	1646929315348	OK	 
REQUEST	1	adoption_730_Other_Agency	Adoption Other Agency? Redirect 2	1646929315349	1646929315555	OK	 
GROUP	1	adoption_730_Other_Agency	1646929314453	1646929315950	1492	OK
REQUEST	1	adoption_740_Other_Agency_Details	Adoption Other Agency Details	1646929316953	1646929317185	OK	 
REQUEST	1	adoption_740_Other_Agency_Details	Adoption Other Agency Details Redirect 1	1646929317186	1646929317344	OK	 
GROUP	1	adoption_740_Other_Agency_Details	1646929316953	1646929317512	555	OK
REQUEST	1	adoption_750_Social_Worker_Details	Adoption Social Worker Details	1646929318514	1646929318891	OK	 
REQUEST	1	adoption_750_Social_Worker_Details	Adoption Social Worker Details Redirect 1	1646929318892	1646929319019	OK	 
GROUP	1	adoption_750_Social_Worker_Details	1646929318514	1646929319166	648	OK
REQUEST	1	adoption_760_Sibling_Details	Adoption Sibling Details	1646929320175	1646929320483	OK	 
GROUP	1	adoption_760_Sibling_Details	1646929320174	1646929320742	564	OK
REQUEST	1	adoption_770_Sibling_Other?	Adoption Any Sibling?	1646929321734	1646929322612	OK	 
REQUEST	1	adoption_770_Sibling_Other?	Adoption Any Sibling? Redirect 1	1646929322613	1646929322671	OK	 
GROUP	1	adoption_770_Sibling_Other?	1646929321734	1646929323297	1560	OK
REQUEST	1	adoption_780_Sibling_Court_Order_Exists?	Adoption Court Order Exists?	1646929324304	1646929324677	OK	 
REQUEST	1	adoption_780_Sibling_Court_Order_Exists?	Adoption Court Order Exists? Redirect 1	1646929324678	1646929324955	OK	 
GROUP	1	adoption_780_Sibling_Court_Order_Exists?	1646929324303	1646929324999	692	OK
REQUEST	1	adoption_790_Sibling_Name?	Adoption Sibling Name	1646929325995	1646929326222	OK	 
REQUEST	1	adoption_790_Sibling_Name?	Adoption Sibling Name Redirect 1	1646929326223	1646929326403	OK	 
REQUEST	1	adoption_790_Sibling_Name?	Adoption Sibling Name Redirect 2	1646929326404	1646929326578	OK	 
GROUP	1	adoption_790_Sibling_Name?	1646929325994	1646929326656	657	OK
REQUEST	1	adoption_800_Sibling_Order_Type	Adoption Order Type?	1646929327654	1646929327831	OK	 
REQUEST	1	adoption_800_Sibling_Order_Type	Adoption Order Type? Redirect 1	1646929327831	1646929328010	OK	 
GROUP	1	adoption_800_Sibling_Order_Type	1646929327653	1646929328135	478	OK
REQUEST	1	adoption_810_Sibling_Order_Number	Adoption Order Number	1646929329143	1646929329475	OK	 
REQUEST	1	adoption_810_Sibling_Order_Number	Adoption Order Number Redirect 1	1646929329476	1646929329512	OK	 
GROUP	1	adoption_810_Sibling_Order_Number	1646929329143	1646929329864	718	OK
REQUEST	1	adoption_820_Sibling_New_Order?	Adoption Add New Order?	1646929330864	1646929331194	OK	 
REQUEST	1	adoption_820_Sibling_New_Order?	Adoption Add New Order? Redirect 1	1646929331195	1646929331371	OK	 
GROUP	1	adoption_820_Sibling_New_Order?	1646929330863	1646929331549	680	OK
REQUEST	1	adoption_830_Sibling_Select	Adoption Select Sibling	1646929332544	1646929332732	OK	 
REQUEST	1	adoption_830_Sibling_Select	Adoption Select Sibling Redirect 1	1646929332733	1646929332962	OK	 
REQUEST	1	adoption_830_Sibling_Select	Adoption Select Sibling Redirect 2	1646929332963	1646929333252	OK	 
GROUP	1	adoption_830_Sibling_Select	1646929332543	1646929333432	884	OK
REQUEST	1	adoption_840_Sibling_Select	Adoption Order Type	1646929334442	1646929335088	OK	 
REQUEST	1	adoption_840_Sibling_Select	Adoption Order Type Redirect 1	1646929335089	1646929335499	OK	 
GROUP	1	adoption_840_Sibling_Select	1646929334442	1646929335867	1421	OK
REQUEST	1	adoption_850_Sibling_Select	Adoption Order Number	1646929336865	1646929337042	OK	 
REQUEST	1	adoption_850_Sibling_Select	Adoption Order Number Redirect 1	1646929337044	1646929337089	OK	 
GROUP	1	adoption_850_Sibling_Select	1646929336864	1646929337500	630	OK
REQUEST	1	adoption_855_Sibling_Select	Adoption Order Number	1646929338494	1646929338657	OK	 
REQUEST	1	adoption_855_Sibling_Select	Adoption Order Number Redirect 1	1646929338657	1646929338708	OK	 
GROUP	1	adoption_855_Sibling_Select	1646929338494	1646929338879	382	OK
REQUEST	1	adoption_860_Sibling_Select	Adoption Order Number	1646929338879	1646929339268	OK	 
REQUEST	1	adoption_860_Sibling_Select	Adoption Order Number Redirect 1	1646929339269	1646929339318	OK	 
GROUP	1	adoption_860_Sibling_Select	1646929338879	1646929339390	507	OK
REQUEST	1	adoption_861_Family_Court	Adoption Family Court Redirect	1646929340394	1646929340440	OK	 
GROUP	1	adoption_861_Family_Court	1646929340394	1646929340488	91	OK
REQUEST	1	adoption_862_Family_Court_POST	Adoption Family Court Redirect	1646929340488	1646929340857	OK	 
REQUEST	1	adoption_862_Family_Court_POST	Adoption Family Court Redirect Redirect 1	1646929340858	1646929340901	OK	 
GROUP	1	adoption_862_Family_Court_POST	1646929340488	1646929341028	536	OK
REQUEST	1	adoption_870_Upload_Document	Adoption Birth Certificate Details	1646929341029	1646929341077	OK	 
GROUP	1	adoption_870_Upload_Document	1646929341029	1646929341192	160	OK
REQUEST	1	adoption_880_Upload_Document	Adoption Certificate Upload	1646929342219	1646929344708	OK	 
GROUP	1	adoption_880_Upload_Document	1646929342192	1646929345703	2489	OK
REQUEST	1	adoption_885_Upload_Document_POST	Adoption Certificate Upload POST	1646929345704	1646929345899	OK	 
REQUEST	1	adoption_885_Upload_Document_POST	Adoption Certificate Upload POST Redirect 1	1646929345900	1646929346328	OK	 
GROUP	1	adoption_885_Upload_Document_POST	1646929345703	1646929346455	748	OK
REQUEST	1	adoption_905_Equality_Redirect	Adoption Review Equality	1646929347462	1646929348405	OK	 
GROUP	1	adoption_905_Equality_Redirect	1646929347462	1646929348472	1005	OK
REQUEST	1	adoption_910_Check_Your_Answers	Adoption Review Check Your Answers	1646929349463	1646929349619	OK	 
REQUEST	1	adoption_910_Check_Your_Answers	Adoption Review Check Your Answers Redirect 1	1646929349620	1646929349668	OK	 
GROUP	1	adoption_910_Check_Your_Answers	1646929349463	1646929349799	333	OK
REQUEST	1	adoption_920_Statement	Adoption Review Statement of Truth	1646929350803	1646929351394	OK	 
REQUEST	1	adoption_920_Statement	Adoption Review Statement of Truth Redirect 1	1646929351395	1646929351764	OK	 
GROUP	1	adoption_920_Statement	1646929350802	1646929351948	1141	OK
REQUEST	1	adoption_930_Pay_By_Card	Adoption Pay by Card	1646929352952	1646929355128	OK	 
REQUEST	1	adoption_930_Pay_By_Card	Adoption Pay by Card Redirect 1	1646929355130	1646929355229	OK	 
REQUEST	1	adoption_930_Pay_By_Card	Adoption Pay by Card Redirect 2	1646929355230	1646929355308	OK	 
GROUP	1	adoption_930_Pay_By_Card	1646929352952	1646929355413	2451	OK
REQUEST	1	adoption_940_Check_Card_Details	Adoption Pay by Card	1646929356413	1646929356506	OK	 
GROUP	1	adoption_940_Check_Card_Details	1646929356412	1646929356508	93	OK
REQUEST	1	adoption_950_Card_Details	Adoption Pay by Card	1646929356508	1646929356688	OK	 
REQUEST	1	adoption_950_Card_Details	Adoption Pay by Card Redirect 1	1646929356689	1646929356877	OK	 
GROUP	1	adoption_950_Card_Details	1646929356508	1646929356882	369	OK
REQUEST	1	adoption_960_Application Submit	Adoption Application Submit	1646929357872	1646929358045	OK	 
REQUEST	1	adoption_960_Application Submit	Adoption Application Submit Redirect 1	1646929358047	1646929358079	OK	 
REQUEST	1	adoption_960_Application Submit	Adoption Application Submit Redirect 2	1646929358079	1646929359894	OK	 
REQUEST	1	adoption_960_Application Submit	Adoption Application Submit Redirect 3	1646929359895	1646929359936	OK	 
GROUP	1	adoption_960_Application Submit	1646929357872	1646929360210	2333	OK
USER	LAU Simulation	1	END	1646929133566	1646929361217
