RUN	simulations.mainSimulation	mainsimulation	1646754279703	 	3.3.1
USER	LAU Simulation	1	START	1646754280247	1646754280247
REQUEST	1	adoption_010_Homepage	Adoption Homepage	1646754280275	1646754280341	OK	 
REQUEST	1	adoption_010_Homepage	Adoption Homepage Redirect 1	1646754280361	1646754280390	OK	 
REQUEST	1	adoption_010_Homepage	Adoption Homepage Redirect 2	1646754280393	1646754280461	OK	 
GROUP	1	adoption_010_Homepage	1646754280256	1646754280682	306	OK
REQUEST	1	Adoption_020_Login	Adoption Login	1646754282709	1646754282896	OK	 
REQUEST	1	Adoption_020_Login	Adoption Login Redirect 1	1646754282900	1646754283102	OK	 
REQUEST	1	Adoption_020_Login	Adoption Login Redirect 2	1646754283103	1646754283452	OK	 
REQUEST	1	Adoption_020_Login	Adoption Login Redirect 3	1646754283454	1646754283488	OK	 
GROUP	1	Adoption_020_Login	1646754282704	1646754283584	856	OK
REQUEST	1	Adoption_030_Apply_With	Adoption Applying With	1646754285585	1646754285646	OK	 
GROUP	1	Adoption_030_Apply_With	1646754285584	1646754285700	106	OK
REQUEST	1	Adoption_040_Adoption_Applying_Post	Adoption Applying Post	1646754287694	1646754288095	OK	 
REQUEST	1	Adoption_040_Adoption_Applying_Post	Adoption Applying Post Redirect 1	1646754288097	1646754288139	OK	 
GROUP	1	Adoption_040_Adoption_Applying_Post	1646754287692	1646754288190	490	OK
REQUEST	1	Adoption_050_Adoption_Applying_With_Redirect	Adoption Applying With Redirect	1646754290193	1646754290234	OK	 
GROUP	1	Adoption_050_Adoption_Applying_With_Redirect	1646754290192	1646754290281	83	OK
REQUEST	1	adoption_380_Placement_Order	Adoption Placement Order Details	1646754292283	1646754292814	OK	 
GROUP	1	adoption_380_Placement_Order	1646754292282	1646754292886	599	OK
REQUEST	1	adoption_390_Certificate_Placement_Order_Number	Adoption Placement Order Number	1646754294893	1646754295168	OK	 
REQUEST	1	adoption_390_Certificate_Placement_Order_Number	Adoption Placement Order Number Redirect 1	1646754295170	1646754295476	OK	 
GROUP	1	adoption_390_Certificate_Placement_Order_Number	1646754294892	1646754295523	623	OK
REQUEST	1	adoption_400_Certificate_Placement_Court	Adoption Placement Court	1646754297524	1646754297704	OK	 
REQUEST	1	adoption_400_Certificate_Placement_Court	Adoption Placement Court Redirect 1	1646754297706	1646754298037	KO	substring(What date is on the placement order??).find.exists, found nothing
GROUP	1	adoption_400_Certificate_Placement_Court	1646754297523	1646754298051	511	KO
USER	LAU Simulation	1	END	1646754280247	1646754298058
