RUN	simulations.mainSimulation	mainsimulation	1646750091816	 	3.3.1
USER	LAU Simulation	1	START	1646750092308	1646750092308
REQUEST	1	adoption_010_Homepage	Adoption Homepage	1646750092333	1646750092409	OK	 
REQUEST	1	adoption_010_Homepage	Adoption Homepage Redirect 1	1646750092429	1646750092467	OK	 
REQUEST	1	adoption_010_Homepage	Adoption Homepage Redirect 2	1646750092470	1646750092534	OK	 
GROUP	1	adoption_010_Homepage	1646750092316	1646750092762	317	OK
REQUEST	1	Adoption_020_Login	Adoption Login	1646750094787	1646750094963	OK	 
REQUEST	1	Adoption_020_Login	Adoption Login Redirect 1	1646750094968	1646750095362	OK	 
REQUEST	1	Adoption_020_Login	Adoption Login Redirect 2	1646750095364	1646750095771	OK	 
REQUEST	1	Adoption_020_Login	Adoption Login Redirect 3	1646750095773	1646750095809	OK	 
GROUP	1	Adoption_020_Login	1646750094782	1646750095911	1103	OK
REQUEST	1	Adoption_030_Apply_With	Adoption Applying With	1646750097922	1646750098012	OK	 
GROUP	1	Adoption_030_Apply_With	1646750097921	1646750098069	138	OK
REQUEST	1	Adoption_040_Adoption_Applying_Post	Adoption Applying Post	1646750100064	1646750100584	OK	 
REQUEST	1	Adoption_040_Adoption_Applying_Post	Adoption Applying Post Redirect 1	1646750100586	1646750100629	OK	 
GROUP	1	Adoption_040_Adoption_Applying_Post	1646750100062	1646750100688	616	OK
REQUEST	1	Adoption_050_Adoption_Applying_With_Redirect	Adoption Applying With Redirect	1646750102681	1646750102728	OK	 
GROUP	1	Adoption_050_Adoption_Applying_With_Redirect	1646750102680	1646750102774	87	OK
REQUEST	1	Adoption_140_Your_Contact_Details	Adoption Your Contact Details LookUp	1646750104783	1646750104834	OK	 
GROUP	1	Adoption_140_Your_Contact_Details	1646750104782	1646750104883	95	OK
USER	LAU Simulation	1	END	1646750092308	1646750106885
