RUN	simulations.mainSimulation	mainsimulation	1646904689718	 	3.3.1
USER	LAU Simulation	1	START	1646904690266	1646904690266
REQUEST	1	adoption_010_Homepage	Adoption Homepage	1646904690288	1646904690401	OK	 
REQUEST	1	adoption_010_Homepage	Adoption Homepage Redirect 1	1646904690425	1646904690456	OK	 
REQUEST	1	adoption_010_Homepage	Adoption Homepage Redirect 2	1646904690458	1646904690524	OK	 
GROUP	1	adoption_010_Homepage	1646904690272	1646904691087	667	OK
REQUEST	1	Adoption_020_Login	Adoption Login	1646904692115	1646904692318	OK	 
REQUEST	1	Adoption_020_Login	Adoption Login Redirect 1	1646904692322	1646904692648	OK	 
REQUEST	1	Adoption_020_Login	Adoption Login Redirect 2	1646904692650	1646904699810	OK	 
REQUEST	1	Adoption_020_Login	Adoption Login Redirect 3	1646904699812	1646904702953	OK	 
GROUP	1	Adoption_020_Login	1646904692110	1646904703645	11513	OK
REQUEST	1	Adoption_030_Apply_With	Adoption Applying With	1646904704640	1646904704708	OK	 
GROUP	1	Adoption_030_Apply_With	1646904704638	1646904704793	146	OK
REQUEST	1	Adoption_040_Adoption_Applying_Post	Adoption Applying Post	1646904705802	1646904706450	OK	 
REQUEST	1	Adoption_040_Adoption_Applying_Post	Adoption Applying Post Redirect 1	1646904706452	1646904706496	OK	 
GROUP	1	Adoption_040_Adoption_Applying_Post	1646904705800	1646904706652	843	OK
REQUEST	1	Adoption_050_Adoption_Applying_With_Redirect	Adoption Applying With Redirect	1646904707651	1646904707685	OK	 
GROUP	1	Adoption_050_Adoption_Applying_With_Redirect	1646904707650	1646904707765	109	OK
REQUEST	1	Adoption_060_Date_Of_Move	Adoption Date Child Moved in 	1646904708770	1646904708839	OK	 
GROUP	1	Adoption_060_Date_Of_Move	1646904708769	1646904708919	144	OK
REQUEST	1	Adoption_070_Date_Of_Move_POST	Adoption Date Child Moved in Post	1646904709918	1646904710264	OK	 
REQUEST	1	Adoption_070_Date_Of_Move_POST	Adoption Date Child Moved in Post Redirect 1	1646904710266	1646904710544	OK	 
REQUEST	1	Adoption_070_Date_Of_Move_POST,Adoption_050_Adoption_Applying_With_Redirect	Adoption Applying With Redirect	1646904710631	1646904710803	OK	 
GROUP	1	Adoption_070_Date_Of_Move_POST,Adoption_050_Adoption_Applying_With_Redirect	1646904710631	1646904710891	256	OK
GROUP	1	Adoption_070_Date_Of_Move_POST	1646904709918	1646904711889	962	OK
REQUEST	1	Adoption_080_Your_Details	Adoption Your Personal Details 	1646904712888	1646904713041	OK	 
GROUP	1	Adoption_080_Your_Details	1646904712888	1646904713182	290	OK
REQUEST	1	Adoption_090_Your_Details_POST	Adoption Your Personal Details Post	1646904714190	1646904714642	OK	 
REQUEST	1	Adoption_090_Your_Details_POST	Adoption Your Personal Details Post Redirect 1	1646904714644	1646904714687	OK	 
GROUP	1	Adoption_090_Your_Details_POST	1646904714189	1646904714768	572	OK
REQUEST	1	Adoption_100_Your_Details_Other_Name	Adoption Your Personal Details Other Name	1646904715769	1646904716075	OK	 
REQUEST	1	Adoption_100_Your_Details_Other_Name	Adoption Your Personal Details Other Name Redirect 1	1646904716077	1646904716164	OK	 
GROUP	1	Adoption_100_Your_Details_Other_Name	1646904715768	1646904716233	458	OK
REQUEST	1	Adoption_110_Your_Details_DoB	Adoption Your Personal Details DoB	1646904717228	1646904717289	OK	 
GROUP	1	Adoption_110_Your_Details_DoB	1646904717227	1646904717367	136	OK
REQUEST	1	Adoption_120_Your_Details_DoB_POST	Adoption Your Personal Details DoB POST	1646904718360	1646904718589	OK	 
REQUEST	1	Adoption_120_Your_Details_DoB_POST	Adoption Your Personal Details DoB POST Redirect 1	1646904718590	1646904718631	OK	 
GROUP	1	Adoption_120_Your_Details_DoB_POST	1646904718360	1646904718702	337	OK
REQUEST	1	Adoption_130_Your_Details_Occupation	Adoption Your Personal Details Occupation	1646904719711	1646904720171	OK	 
REQUEST	1	Adoption_130_Your_Details_Occupation	Adoption Your Personal Details Occupation Redirect 1	1646904720173	1646904721827	OK	 
GROUP	1	Adoption_130_Your_Details_Occupation	1646904719710	1646904721910	2193	OK
REQUEST	1	Adoption_140_Your_Contact_Details	Adoption Your Contact Details LookUp	1646904722910	1646904723049	OK	 
GROUP	1	Adoption_140_Your_Contact_Details	1646904722909	1646904723246	333	OK
REQUEST	1	Adoption_150_Your_Contact_Details_Manual	Adoption Your Contact Details Manual	1646904724250	1646904724484	OK	 
GROUP	1	Adoption_150_Your_Contact_Details_Manual	1646904724249	1646904724703	449	OK
REQUEST	1	Adoption_160_Your_Contact_Details_Manual_POST	Adoption Your Contact Details Manual POST	1646904725699	1646904726065	OK	 
REQUEST	1	Adoption_160_Your_Contact_Details_Manual_POST	Adoption Your Contact Details Manual POST Redirect 1	1646904726067	1646904726110	OK	 
GROUP	1	Adoption_160_Your_Contact_Details_Manual_POST	1646904725699	1646904726186	481	OK
REQUEST	1	Adoption_170_Your_Contact_Details_POST	Adoption Your Contact Details POST	1646904727190	1646904727540	OK	 
REQUEST	1	Adoption_170_Your_Contact_Details_POST	Adoption Your Contact Details POST Redirect 1	1646904727542	1646904727647	OK	 
GROUP	1	Adoption_170_Your_Contact_Details_POST	1646904727189	1646904727725	530	OK
REQUEST	1	Adoption_180_Second_Personal_Details	Adoption Second Personal Details	1646904728720	1646904728796	OK	 
GROUP	1	Adoption_180_Second_Personal_Details	1646904728719	1646904728874	150	OK
REQUEST	1	Adoption_190_Second_Personal_Details_POST	Adoption Second Personal Details POST	1646904729879	1646904730411	OK	 
REQUEST	1	Adoption_190_Second_Personal_Details_POST	Adoption Second Personal Details POST Redirect 1	1646904730412	1646904730455	OK	 
GROUP	1	Adoption_190_Second_Personal_Details_POST	1646904729878	1646904730714	831	OK
REQUEST	1	Adoption_200_Second_Other_Name	Adoption Second Other Name	1646904731721	1646904731922	OK	 
REQUEST	1	Adoption_200_Second_Other_Name	Adoption Second Other Name Redirect 1	1646904731923	1646904732058	OK	 
GROUP	1	Adoption_200_Second_Other_Name	1646904731720	1646904732147	422	OK
REQUEST	1	Adoption_210_Second_Other_Name_Redirect	Adoption Second Other Name Redirect	1646904733141	1646904733370	OK	 
REQUEST	1	Adoption_210_Second_Other_Name_Redirect	Adoption Second Other Name Redirect Redirect 1	1646904733371	1646904733433	OK	 
GROUP	1	Adoption_210_Second_Other_Name_Redirect	1646904733140	1646904733705	559	OK
REQUEST	1	Adoption_220_Second_DoB	Adoption Second DoB	1646904734710	1646904735019	OK	 
REQUEST	1	Adoption_220_Second_DoB	Adoption Second DoB Redirect 1	1646904735020	1646904735124	OK	 
GROUP	1	Adoption_220_Second_DoB	1646904734710	1646904735196	482	OK
REQUEST	1	Adoption_230_Second_Occupation	Adoption Second Occupation	1646904736190	1646904736541	OK	 
REQUEST	1	Adoption_230_Second_Occupation	Adoption Second Occupation Redirect 1	1646904736542	1646904736633	OK	 
GROUP	1	Adoption_230_Second_Occupation	1646904736189	1646904736810	616	OK
REQUEST	1	Adoption_240_Second_Contact_Details_Same_Address	Adoption Second Contact Details Same-Address	1646904737819	1646904737937	OK	 
GROUP	1	Adoption_240_Second_Contact_Details_Same_Address	1646904737819	1646904738116	294	OK
REQUEST	1	Adoption_250_Second_Contact_Details_Same_Address_POST	Adoption Second Contact Details Same-Address POST	1646904739110	1646904739297	OK	 
REQUEST	1	Adoption_250_Second_Contact_Details_Same_Address_POST	Adoption Second Contact Details Same-Address POST Redirect 1	1646904739299	1646904739434	OK	 
GROUP	1	Adoption_250_Second_Contact_Details_Same_Address_POST	1646904739109	1646904739576	461	OK
REQUEST	1	Adoption_260_Second_Contact_Details_Manual_Redirect	Adoption Second Contact Details manual redirect	1646904740579	1646904740686	OK	 
GROUP	1	Adoption_260_Second_Contact_Details_Manual_Redirect	1646904740579	1646904740774	191	OK
REQUEST	1	Adoption_270_Second_Contact_Details_Manual_POST	Adoption Second Contact Details manual POST	1646904741769	1646904741947	OK	 
REQUEST	1	Adoption_270_Second_Contact_Details_Manual_POST	Adoption Second Contact Details manual POST Redirect 1	1646904741948	1646904741987	OK	 
GROUP	1	Adoption_270_Second_Contact_Details_Manual_POST	1646904741769	1646904742062	289	OK
REQUEST	1	Adoption_280_Second_Contact_Details__POST	Adoption Second Contact Details POST	1646904743070	1646904743406	OK	 
REQUEST	1	Adoption_280_Second_Contact_Details__POST	Adoption Second Contact Details POST Redirect 1	1646904743408	1646904743690	OK	 
GROUP	1	Adoption_280_Second_Contact_Details__POST	1646904743069	1646904743765	690	OK
REQUEST	1	adoption_290_Birth_Certificate	Adoption Birth Certificate Details	1646904744760	1646904744830	OK	 
GROUP	1	adoption_290_Birth_Certificate	1646904744759	1646904744901	138	OK
REQUEST	1	adoption_300_Birth_Certificate_Name	Adoption Birth Certificate Name	1646904745910	1646904746181	OK	 
REQUEST	1	adoption_300_Birth_Certificate_Name	Adoption Birth Certificate Name Redirect 1	1646904746182	1646904746266	OK	 
GROUP	1	adoption_300_Birth_Certificate_Name	1646904745909	1646904746408	495	OK
REQUEST	1	adoption_320_Birth_Certificate_DoB	Adoption Birth Certificate DoB	1646904747409	1646904747600	OK	 
REQUEST	1	adoption_320_Birth_Certificate_DoB	Adoption Birth Certificate DoB Redirect 1	1646904747602	1646904747723	OK	 
GROUP	1	adoption_320_Birth_Certificate_DoB	1646904747408	1646904747818	404	OK
REQUEST	1	adoption_330_Birth_Certificate_Sex	Adoption Birth Certificate Sex	1646904748809	1646904748999	OK	 
REQUEST	1	adoption_330_Birth_Certificate_Sex	Adoption Birth Certificate Sex Redirect 1	1646904749000	1646904749059	OK	 
GROUP	1	adoption_330_Birth_Certificate_Sex	1646904748808	1646904749336	523	OK
REQUEST	1	adoption_340_Birth_Certificate_Nationality_Add	Adoption Birth Certificate Nationality Add	1646904750340	1646904750672	OK	 
REQUEST	1	adoption_340_Birth_Certificate_Nationality_Add	Adoption Birth Certificate Nationality Add Redirect 1	1646904750674	1646904750841	OK	 
GROUP	1	adoption_340_Birth_Certificate_Nationality_Add	1646904750340	1646904750943	598	OK
REQUEST	1	adoption_350_Birth_Certificate_Nationality_POST	Adoption Birth Certificate Nationality POST	1646904751950	1646904752222	OK	 
REQUEST	1	adoption_350_Birth_Certificate_Nationality_POST	Adoption Birth Certificate Nationality POST Redirect 1	1646904752223	1646904752280	OK	 
GROUP	1	adoption_350_Birth_Certificate_Nationality_POST	1646904751949	1646904752354	400	OK
REQUEST	1	adoption_360_Certificate_Details	Adoption Certificate Details	1646904753348	1646904753388	OK	 
GROUP	1	adoption_360_Certificate_Details	1646904753347	1646904753553	201	OK
REQUEST	1	adoption_370_Certificate_Details_Name	Adoption Certificate Details Name	1646904754560	1646904754751	OK	 
REQUEST	1	adoption_370_Certificate_Details_Name	Adoption Certificate Details Name Redirect 1	1646904754753	1646904755154	OK	 
GROUP	1	adoption_370_Certificate_Details_Name	1646904754559	1646904756239	675	OK
REQUEST	1	adoption_380_Placement_Order	Adoption Placement Order Details	1646904756240	1646904756753	OK	 
GROUP	1	adoption_380_Placement_Order	1646904756240	1646904756849	606	OK
REQUEST	1	adoption_390_Certificate_Placement_Order_Number	Adoption Placement Order Number	1646904757850	1646904758240	OK	 
REQUEST	1	adoption_390_Certificate_Placement_Order_Number	Adoption Placement Order Number Redirect 1	1646904758241	1646904758440	OK	 
GROUP	1	adoption_390_Certificate_Placement_Order_Number	1646904757849	1646904758513	659	OK
REQUEST	1	adoption_400_Certificate_Placement_Court	Adoption Placement Court	1646904759510	1646904759711	OK	 
REQUEST	1	adoption_400_Certificate_Placement_Court	Adoption Placement Court Redirect 1	1646904759713	1646904759919	OK	 
GROUP	1	adoption_400_Certificate_Placement_Court	1646904759510	1646904760000	485	OK
REQUEST	1	adoption_410_Certificate_Placement_Date	Adoption Placement Date	1646904761010	1646904761246	OK	 
REQUEST	1	adoption_410_Certificate_Placement_Date	Adoption Placement Date Redirect 1	1646904761247	1646904761643	OK	 
GROUP	1	adoption_410_Certificate_Placement_Date	1646904761010	1646904761727	713	OK
REQUEST	1	adoption_420_Certificate_Placement_Summary	Adoption Placement Summary	1646904762719	1646904763018	OK	 
REQUEST	1	adoption_420_Certificate_Placement_Summary	Adoption Placement Summary Redirect 1	1646904763020	1646904763498	OK	 
REQUEST	1	adoption_420_Certificate_Placement_Summary	Adoption Placement Summary Redirect 2	1646904763499	1646904764124	OK	 
GROUP	1	adoption_420_Certificate_Placement_Summary	1646904762719	1646904764304	1580	OK
REQUEST	1	adoption_430_Certificate_Placement_Type_2	Adoption Placement Type 2	1646904765300	1646904765497	OK	 
REQUEST	1	adoption_430_Certificate_Placement_Type_2	Adoption Placement Type 2 Redirect 1	1646904765498	1646904765701	OK	 
GROUP	1	adoption_430_Certificate_Placement_Type_2	1646904765300	1646904765778	474	OK
REQUEST	1	adoption_440_Certificate_Placement_Order_Number_2	Adoption Placement Order Number 2	1646904766791	1646904766980	OK	 
REQUEST	1	adoption_440_Certificate_Placement_Order_Number_2	Adoption Placement Order Number 2 Redirect 1	1646904766981	1646904767420	OK	 
GROUP	1	adoption_440_Certificate_Placement_Order_Number_2	1646904766790	1646904767539	744	OK
REQUEST	1	adoption_450_Certificate_Placement_Court_2	Adoption Placement Court 2	1646904768540	1646904768722	OK	 
REQUEST	1	adoption_450_Certificate_Placement_Court_2	Adoption Placement Court 2 Redirect 1	1646904768724	1646904768913	OK	 
GROUP	1	adoption_450_Certificate_Placement_Court_2	1646904768539	1646904769049	503	OK
REQUEST	1	adoption_460_Certificate_Placement_Date_2	Adoption Placement Date 2	1646904770049	1646904770236	OK	 
REQUEST	1	adoption_460_Certificate_Placement_Date_2	Adoption Placement Date 2 Redirect 1	1646904770238	1646904770484	OK	 
GROUP	1	adoption_460_Certificate_Placement_Date_2	1646904770049	1646904770568	513	OK
REQUEST	1	adoption_470_Certificate_Placement_Summary_2	Adoption Placement Summary 2	1646904771559	1646904771742	OK	 
REQUEST	1	adoption_470_Certificate_Placement_Summary_2	Adoption Placement Summary 2 Redirect 1	1646904771744	1646904771786	OK	 
GROUP	1	adoption_470_Certificate_Placement_Summary_2	1646904771559	1646904771857	293	OK
REQUEST	1	adoption_480_Birth_Mother	Adoption Mother's Details	1646904772860	1646904772907	OK	 
GROUP	1	adoption_480_Birth_Mother	1646904772859	1646904773091	227	OK
REQUEST	1	adoption_490_Birth_Mother_Name	Adoption Mother's Name	1646904774090	1646904774383	OK	 
REQUEST	1	adoption_490_Birth_Mother_Name	Adoption Mother's Name Redirect 1	1646904774385	1646904774453	OK	 
GROUP	1	adoption_490_Birth_Mother_Name	1646904774089	1646904774524	430	OK
REQUEST	1	adoption_495_Birth_Mother	Adoption Mother's Details	1646904775529	1646904775838	OK	 
GROUP	1	adoption_495_Birth_Mother	1646904775529	1646904776038	506	OK
REQUEST	1	adoption_500_Birth_Mother_Alive	Adoption Mother Still Alive?	1646904777039	1646904777329	OK	 
REQUEST	1	adoption_500_Birth_Mother_Alive	Adoption Mother Still Alive? Redirect 1	1646904777330	1646904777489	OK	 
GROUP	1	adoption_500_Birth_Mother_Alive	1646904777038	1646904777669	627	OK
REQUEST	1	adoption_510_Birth_Mother_Nationality_Add	Adoption Mother's Nationality Add	1646904778669	1646904778861	OK	 
REQUEST	1	adoption_510_Birth_Mother_Nationality_Add	Adoption Mother's Nationality Add Redirect 1	1646904778862	1646904779148	OK	 
GROUP	1	adoption_510_Birth_Mother_Nationality_Add	1646904778669	1646904779233	560	OK
REQUEST	1	adoption_520_Birth_Mother_Nationality_POSt	Adoption Mother's Nationality	1646904780229	1646904780420	OK	 
REQUEST	1	adoption_520_Birth_Mother_Nationality_POSt	Adoption Mother's Nationality Redirect 1	1646904780421	1646904780465	OK	 
GROUP	1	adoption_520_Birth_Mother_Nationality_POSt	1646904780228	1646904780541	309	OK
REQUEST	1	adoption_530_Birth_Mother_Occupation	Adoption Mother's Occupation	1646904781548	1646904781983	OK	 
REQUEST	1	adoption_530_Birth_Mother_Occupation	Adoption Mother's Occupation Redirect 1	1646904781984	1646904782122	OK	 
GROUP	1	adoption_530_Birth_Mother_Occupation	1646904781548	1646904782203	652	OK
REQUEST	1	adoption_535_Birth_Mother_Occupation_Redirect	Adoption Mother's Details Redirect	1646904783200	1646904783279	OK	 
GROUP	1	adoption_535_Birth_Mother_Occupation_Redirect	1646904783199	1646904783359	156	OK
REQUEST	1	adoption_540_Birth_Mother_Occupation	Adoption Mother's Address Known	1646904784369	1646904784682	OK	 
REQUEST	1	adoption_540_Birth_Mother_Occupation	Adoption Mother's Address Known Redirect 1	1646904784684	1646904784721	OK	 
GROUP	1	adoption_540_Birth_Mother_Occupation	1646904784369	1646904784834	460	OK
REQUEST	1	adoption_550_Birth_Mother_Address_Manual	Adoption Mother's Address Manual	1646904785829	1646904785878	OK	 
GROUP	1	adoption_550_Birth_Mother_Address_Manual	1646904785829	1646904785996	164	OK
REQUEST	1	adoption_560_Birth_Mother_Address_POST	Adoption Mother's Address	1646904786989	1646904787447	OK	 
REQUEST	1	adoption_560_Birth_Mother_Address_POST	Adoption Mother's Address Redirect 1	1646904787448	1646904787845	OK	 
GROUP	1	adoption_560_Birth_Mother_Address_POST	1646904786989	1646904787920	928	OK
REQUEST	1	adoption_570_Birth_Father_Details	Adoption Father's Details	1646904788928	1646904789188	OK	 
GROUP	1	adoption_570_Birth_Father_Details	1646904788928	1646904789358	426	OK
REQUEST	1	adoption_580_Birth_Father_Details_POST	Adoption Father's Details On Certificate	1646904790360	1646904790857	OK	 
REQUEST	1	adoption_580_Birth_Father_Details_POST	Adoption Father's Details On Certificate Redirect 1	1646904790858	1646904791007	OK	 
GROUP	1	adoption_580_Birth_Father_Details_POST	1646904790359	1646904791125	761	OK
REQUEST	1	adoption_590_Birth_Father_Name	Adoption Father's Name	1646904792121	1646904792295	OK	 
REQUEST	1	adoption_590_Birth_Father_Name	Adoption Father's Name Redirect 1	1646904792297	1646904792544	OK	 
GROUP	1	adoption_590_Birth_Father_Name	1646904792120	1646904792742	616	OK
REQUEST	1	adoption_600_Birth_Father_Alive	Adoption Father Still alive?	1646904793740	1646904794172	OK	 
REQUEST	1	adoption_600_Birth_Father_Alive	Adoption Father Still alive? Redirect 1	1646904794173	1646904794226	OK	 
GROUP	1	adoption_600_Birth_Father_Alive	1646904793739	1646904794300	557	OK
REQUEST	1	adoption_610_Birth_Father_Nationality_Add	Adoption Father add Nationality	1646904795309	1646904795540	OK	 
REQUEST	1	adoption_610_Birth_Father_Nationality_Add	Adoption Father add Nationality Redirect 1	1646904795541	1646904796306	OK	 
GROUP	1	adoption_610_Birth_Father_Nationality_Add	1646904795309	1646904796417	1104	OK
REQUEST	1	adoption_620_Birth_Father_Nationality_POST	Adoption Father's Nationality	1646904797408	1646904797591	OK	 
REQUEST	1	adoption_620_Birth_Father_Nationality_POST	Adoption Father's Nationality Redirect 1	1646904797592	1646904797628	OK	 
GROUP	1	adoption_620_Birth_Father_Nationality_POST	1646904797407	1646904797694	283	OK
REQUEST	1	adoption_630_Birth_Father_Occupation	Adoption Father's Occupation	1646904798700	1646904799018	OK	 
REQUEST	1	adoption_630_Birth_Father_Occupation	Adoption Father's Occupation Redirect 1	1646904799019	1646904799101	OK	 
GROUP	1	adoption_630_Birth_Father_Occupation	1646904798700	1646904799171	467	OK
REQUEST	1	adoption_640_Birth_Father_Occupation_Address_Known	Adoption Father's Address Known?	1646904800173	1646904800355	OK	 
REQUEST	1	adoption_640_Birth_Father_Occupation_Address_Known	Adoption Father's Address Known? Redirect 1	1646904800356	1646904800402	OK	 
GROUP	1	adoption_640_Birth_Father_Occupation_Address_Known	1646904800172	1646904800475	298	OK
REQUEST	1	adoption_640_Birth_Father_Occupation_Address_Manual	Adoption Father's Address Manual	1646904801469	1646904801583	OK	 
GROUP	1	adoption_640_Birth_Father_Occupation_Address_Manual	1646904801469	1646904801804	332	OK
REQUEST	1	adoption_640_Birth_Father_Occupation_Address_POST	Adoption Father's Address	1646904802810	1646904803135	OK	 
REQUEST	1	adoption_640_Birth_Father_Occupation_Address_POST	Adoption Father's Address Redirect 1	1646904803136	1646904803349	OK	 
GROUP	1	adoption_640_Birth_Father_Occupation_Address_POST	1646904802809	1646904803496	681	OK
REQUEST	1	adoption_650_Other_Parent_Exists	Adoption Other Parent	1646904804489	1646904804551	OK	 
GROUP	1	adoption_650_Other_Parent_Exists	1646904804488	1646904804627	135	OK
REQUEST	1	adoption_660_Other_Parent_Exists_POST	Adoption Other Parent Exists	1646904805630	1646904806129	OK	 
REQUEST	1	adoption_660_Other_Parent_Exists_POST	Adoption Other Parent Exists Redirect 1	1646904806130	1646904806183	OK	 
GROUP	1	adoption_660_Other_Parent_Exists_POST	1646904805630	1646904806305	670	OK
REQUEST	1	adoption_670_Other_Parent_Name	Adoption Other Parent Name	1646904807309	1646904807508	OK	 
REQUEST	1	adoption_670_Other_Parent_Name	Adoption Other Parent Name Redirect 1	1646904807516	1646904807579	OK	 
GROUP	1	adoption_670_Other_Parent_Name	1646904807309	1646904807657	338	OK
REQUEST	1	adoption_680_Other_Parent_Address_Known?	Adoption Other Parent Address known?	1646904808660	1646904809100	OK	 
REQUEST	1	adoption_680_Other_Parent_Address_Known?	Adoption Other Parent Address known? Redirect 1	1646904809101	1646904809141	OK	 
GROUP	1	adoption_680_Other_Parent_Address_Known?	1646904808660	1646904809296	633	OK
REQUEST	1	adoption_690_Other_Parent_Address_Manual	Adoption Other Parent Address Manual	1646904810289	1646904810344	OK	 
GROUP	1	adoption_690_Other_Parent_Address_Manual	1646904810288	1646904810420	128	OK
REQUEST	1	adoption_700_Other_Parent_Address_POST	Adoption Other Parent Address Manual	1646904811429	1646904811608	OK	 
REQUEST	1	adoption_700_Other_Parent_Address_POST	Adoption Other Parent Address Manual Redirect 1	1646904811610	1646904811771	OK	 
GROUP	1	adoption_700_Other_Parent_Address_POST	1646904811429	1646904811844	411	OK
REQUEST	1	adoption_710_Agency	Adoption Agency	1646904812839	1646904813251	OK	 
REQUEST	1	adoption_710_Agency	Adoption Agency Redirect 1	1646904813252	1646904813662	OK	 
GROUP	1	adoption_710_Agency	1646904812839	1646904813763	921	OK
REQUEST	1	adoption_720_Agency_Details	Adoption Agency Details	1646904814769	1646904815078	OK	 
REQUEST	1	adoption_720_Agency_Details	Adoption Agency Details Redirect 1	1646904815079	1646904815188	OK	 
GROUP	1	adoption_720_Agency_Details	1646904814768	1646904815516	745	OK
REQUEST	1	adoption_730_Other_Agency	Adoption Other Agency?	1646904816508	1646904816685	OK	 
REQUEST	1	adoption_730_Other_Agency	Adoption Other Agency? Redirect 1	1646904816686	1646904817089	OK	 
REQUEST	1	adoption_730_Other_Agency	Adoption Other Agency? Redirect 2	1646904817090	1646904818066	OK	 
GROUP	1	adoption_730_Other_Agency	1646904816508	1646904818444	1931	OK
REQUEST	1	adoption_740_Other_Agency_Details	Adoption Other Agency Details	1646904819450	1646904819807	OK	 
REQUEST	1	adoption_740_Other_Agency_Details	Adoption Other Agency Details Redirect 1	1646904819808	1646904819852	OK	 
GROUP	1	adoption_740_Other_Agency_Details	1646904819449	1646904819931	478	OK
REQUEST	1	adoption_750_Social_Worker_Details	Adoption Social Worker Details	1646904820928	1646904821302	OK	 
REQUEST	1	adoption_750_Social_Worker_Details	Adoption Social Worker Details Redirect 1	1646904821304	1646904821410	OK	 
GROUP	1	adoption_750_Social_Worker_Details	1646904820928	1646904821481	548	OK
REQUEST	1	adoption_760_Sibling_Details	Adoption Sibling Details	1646904822490	1646904822573	OK	 
GROUP	1	adoption_760_Sibling_Details	1646904822490	1646904822652	160	OK
REQUEST	1	adoption_770_Sibling_Other?	Adoption Any Sibling?	1646904823648	1646904823856	OK	 
REQUEST	1	adoption_770_Sibling_Other?	Adoption Any Sibling? Redirect 1	1646904823857	1646904823902	OK	 
GROUP	1	adoption_770_Sibling_Other?	1646904823648	1646904823984	332	OK
REQUEST	1	adoption_780_Sibling_Court_Order_Exists?	Adoption Court Order Exists?	1646904824980	1646904825433	OK	 
REQUEST	1	adoption_780_Sibling_Court_Order_Exists?	Adoption Court Order Exists? Redirect 1	1646904825434	1646904825842	OK	 
GROUP	1	adoption_780_Sibling_Court_Order_Exists?	1646904824979	1646904825920	936	OK
REQUEST	1	adoption_790_Sibling_Name?	Adoption Sibling Name	1646904826931	1646904827312	OK	 
REQUEST	1	adoption_790_Sibling_Name?	Adoption Sibling Name Redirect 1	1646904827312	1646904827538	OK	 
REQUEST	1	adoption_790_Sibling_Name?	Adoption Sibling Name Redirect 2	1646904827539	1646904827806	OK	 
GROUP	1	adoption_790_Sibling_Name?	1646904826930	1646904827894	960	OK
REQUEST	1	adoption_800_Sibling_Order_Type	Adoption Order Type?	1646904828888	1646904829196	OK	 
REQUEST	1	adoption_800_Sibling_Order_Type	Adoption Order Type? Redirect 1	1646904829196	1646904829688	OK	 
GROUP	1	adoption_800_Sibling_Order_Type	1646904828888	1646904829868	977	OK
REQUEST	1	adoption_810_Sibling_Order_Number	Adoption Order Number	1646904830858	1646904831036	OK	 
REQUEST	1	adoption_810_Sibling_Order_Number	Adoption Order Number Redirect 1	1646904831037	1646904831165	OK	 
GROUP	1	adoption_810_Sibling_Order_Number	1646904830857	1646904831239	377	OK
REQUEST	1	adoption_820_Sibling_New_Order?	Adoption Add New Order?	1646904832251	1646904832482	OK	 
REQUEST	1	adoption_820_Sibling_New_Order?	Adoption Add New Order? Redirect 1	1646904832483	1646904832530	OK	 
GROUP	1	adoption_820_Sibling_New_Order?	1646904832250	1646904832609	353	OK
REQUEST	1	adoption_830_Sibling_Select	Adoption Select Sibling	1646904833610	1646904833847	OK	 
REQUEST	1	adoption_830_Sibling_Select	Adoption Select Sibling Redirect 1	1646904833848	1646904834062	OK	 
REQUEST	1	adoption_830_Sibling_Select	Adoption Select Sibling Redirect 2	1646904834064	1646904834281	OK	 
GROUP	1	adoption_830_Sibling_Select	1646904833609	1646904834354	739	OK
REQUEST	1	adoption_840_Sibling_Select	Adoption Order Type	1646904835349	1646904835552	OK	 
REQUEST	1	adoption_840_Sibling_Select	Adoption Order Type Redirect 1	1646904835553	1646904835728	OK	 
GROUP	1	adoption_840_Sibling_Select	1646904835348	1646904835808	456	OK
REQUEST	1	adoption_850_Sibling_Select	Adoption Order Number	1646904836819	1646904837031	OK	 
REQUEST	1	adoption_850_Sibling_Select	Adoption Order Number Redirect 1	1646904837032	1646904837151	OK	 
GROUP	1	adoption_850_Sibling_Select	1646904836819	1646904837220	398	OK
REQUEST	1	adoption_851_Sibling_New_Order?	Adoption Add New Order?	1646904838220	1646904838417	OK	 
REQUEST	1	adoption_851_Sibling_New_Order?	Adoption Add New Order? Redirect 1	1646904838419	1646904838463	OK	 
GROUP	1	adoption_851_Sibling_New_Order?	1646904838220	1646904838532	308	OK
REQUEST	1	adoption_852_Sibling_Select	Adoption Select Sibling	1646904839531	1646904839778	OK	 
REQUEST	1	adoption_852_Sibling_Select	Adoption Select Sibling Redirect 1	1646904839780	1646904840022	OK	 
REQUEST	1	adoption_852_Sibling_Select	Adoption Select Sibling Redirect 2	1646904840023	1646904840566	OK	 
GROUP	1	adoption_852_Sibling_Select	1646904839530	1646904840622	1086	OK
REQUEST	1	adoption_853_Sibling_Select	Adoption Order Type	1646904841621	1646904842152	OK	 
REQUEST	1	adoption_853_Sibling_Select	Adoption Order Type Redirect 1	1646904842153	1646904842727	OK	 
GROUP	1	adoption_853_Sibling_Select	1646904841620	1646904843059	1434	OK
REQUEST	1	adoption_854_Sibling_Select	Adoption Order Number	1646904844059	1646904844263	OK	 
REQUEST	1	adoption_854_Sibling_Select	Adoption Order Number Redirect 1	1646904844264	1646904844301	OK	 
GROUP	1	adoption_854_Sibling_Select	1646904844059	1646904844382	320	OK
REQUEST	1	adoption_855_Sibling_Select	Adoption Order Number	1646904845380	1646904845541	OK	 
REQUEST	1	adoption_855_Sibling_Select	Adoption Order Number Redirect 1	1646904845542	1646904845632	OK	 
GROUP	1	adoption_855_Sibling_Select	1646904845380	1646904845701	317	OK
REQUEST	1	adoption_860_Sibling_Select	Adoption Order Number	1646904845702	1646904845894	OK	 
REQUEST	1	adoption_860_Sibling_Select	Adoption Order Number Redirect 1	1646904845895	1646904845972	OK	 
GROUP	1	adoption_860_Sibling_Select	1646904845701	1646904846046	341	OK
REQUEST	1	adoption_861_Family_Court	Adoption Family Court Redirect	1646904847038	1646904847110	OK	 
GROUP	1	adoption_861_Family_Court	1646904847038	1646904847187	147	OK
REQUEST	1	adoption_862_Family_Court_POST	Adoption Family Court Redirect	1646904847187	1646904847402	OK	 
REQUEST	1	adoption_862_Family_Court_POST	Adoption Family Court Redirect Redirect 1	1646904847403	1646904847449	OK	 
GROUP	1	adoption_862_Family_Court_POST	1646904847187	1646904847527	337	OK
REQUEST	1	adoption_870_Upload_Document	Adoption Birth Certificate Details	1646904847528	1646904847584	OK	 
GROUP	1	adoption_870_Upload_Document	1646904847527	1646904847653	123	OK
REQUEST	1	adoption_885_Upload_Document_POST	Adoption Certificate Upload POST	1646904848659	1646904848827	OK	 
REQUEST	1	adoption_885_Upload_Document_POST	Adoption Certificate Upload POST Redirect 1	1646904848828	1646904848891	OK	 
GROUP	1	adoption_885_Upload_Document_POST	1646904848658	1646904848968	307	OK
USER	LAU Simulation	1	END	1646904690266	1646904849972
