RUN	uk.gov.hmcts.reform.LandA.performance.simulations.mainSimulation	mainsimulation	1645190194505	 	3.3.1
USER	LAU Simulation	1	START	1645190196517	1645190196517
REQUEST	1	LAU_020_Homepage	LAU Homepage	1645190196555	1645190196706	OK	 
REQUEST	1	LAU_020_Homepage	LAU Homepage Redirect 1	1645190196748	1645190196785	OK	 
REQUEST	1	LAU_020_Homepage	LAU Homepage Redirect 2	1645190196786	1645190196865	OK	 
GROUP	1	LAU_020_Homepage	1645190196524	1645190197515	536	OK
REQUEST	1	LAU_030_Login	LAU Login	1645190202640	1645190203599	OK	 
REQUEST	1	LAU_030_Login	LAU Login Redirect 1	1645190203618	1645190204090	OK	 
REQUEST	1	LAU_030_Login	LAU Login Redirect 2	1645190204099	1645190204148	OK	 
GROUP	1	LAU_030_Login	1645190202596	1645190204505	1814	OK
REQUEST	1	LAU_040_CaseAuditSearch	LAU Case Audit Search	1645190209504	1645190210541	OK	 
REQUEST	1	LAU_040_CaseAuditSearch	LAU Case Audit Search Redirect 1	1645190210543	1645190210615	OK	 
GROUP	1	LAU_040_CaseAuditSearch	1645190209503	1645190210883	1354	OK
REQUEST	1	LAU_050_CaseAuditPage2	LAU Case Audit Page 2	1645190215891	1645190216480	OK	 
REQUEST	1	LAU_050_CaseAuditPage2	LAU Case Audit Page 2 Redirect 1	1645190216481	1645190216560	OK	 
GROUP	1	LAU_050_CaseAuditPage2	1645190215890	1645190216828	925	OK
REQUEST	1	LAU_060_CaseActivityDownload	Case Activity CSV Download	1645190221828	1645190222080	OK	 
GROUP	1	LAU_060_CaseActivityDownload	1645190221828	1645190222083	252	OK
REQUEST	1	LAU_070_CaseSearchDownload	Case Search CSV Download	1645190227081	1645190227728	OK	 
GROUP	1	LAU_070_CaseSearchDownload	1645190227079	1645190227731	647	OK
REQUEST	1	LAU_080_LogonAuditSearch	LAU Logon Audit Search	1645190232731	1645190233478	OK	 
REQUEST	1	LAU_080_LogonAuditSearch	LAU Logon Audit Search Redirect 1	1645190233479	1645190233564	OK	 
GROUP	1	LAU_080_LogonAuditSearch	1645190232729	1645190233802	1053	OK
REQUEST	1	LAU_090_LogonAuditPage2	LAU Logon Audit Page 2	1645190238811	1645190239283	OK	 
REQUEST	1	LAU_090_LogonAuditPage2	LAU Logon Audit Page 2 Redirect 1	1645190239284	1645190239366	OK	 
GROUP	1	LAU_090_LogonAuditPage2	1645190238810	1645190239621	802	OK
REQUEST	1	LAU_100_LogonActivityDownload	Logon Activity CSV Download	1645190244620	1645190245254	OK	 
GROUP	1	LAU_100_LogonActivityDownload	1645190244619	1645190245255	634	OK
REQUEST	1	LAU_040_CaseAuditSearch	LAU Case Audit Search	1645190250251	1645190250989	OK	 
REQUEST	1	LAU_040_CaseAuditSearch	LAU Case Audit Search Redirect 1	1645190250990	1645190251062	OK	 
GROUP	1	LAU_040_CaseAuditSearch	1645190250250	1645190251327	1066	OK
REQUEST	1	LAU_050_CaseAuditPage2	LAU Case Audit Page 2	1645190256328	1645190256927	OK	 
REQUEST	1	LAU_050_CaseAuditPage2	LAU Case Audit Page 2 Redirect 1	1645190256928	1645190257024	OK	 
GROUP	1	LAU_050_CaseAuditPage2	1645190256328	1645190257292	953	OK
REQUEST	1	LAU_060_CaseActivityDownload	Case Activity CSV Download	1645190262291	1645190263179	OK	 
GROUP	1	LAU_060_CaseActivityDownload	1645190262290	1645190263180	888	OK
REQUEST	1	LAU_070_CaseSearchDownload	Case Search CSV Download	1645190268189	1645190268582	OK	 
GROUP	1	LAU_070_CaseSearchDownload	1645190268189	1645190268584	393	OK
REQUEST	1	LAU_080_LogonAuditSearch	LAU Logon Audit Search	1645190273579	1645190274096	OK	 
REQUEST	1	LAU_080_LogonAuditSearch	LAU Logon Audit Search Redirect 1	1645190274097	1645190274197	OK	 
GROUP	1	LAU_080_LogonAuditSearch	1645190273578	1645190274542	949	OK
REQUEST	1	LAU_090_LogonAuditPage2	LAU Logon Audit Page 2	1645190279541	1645190280274	OK	 
REQUEST	1	LAU_090_LogonAuditPage2	LAU Logon Audit Page 2 Redirect 1	1645190280275	1645190280366	OK	 
GROUP	1	LAU_090_LogonAuditPage2	1645190279540	1645190280619	1066	OK
REQUEST	1	LAU_100_LogonActivityDownload	Logon Activity CSV Download	1645190285608	1645190286113	OK	 
GROUP	1	LAU_100_LogonActivityDownload	1645190285608	1645190286115	505	OK
REQUEST	1	LAU_040_CaseAuditSearch	LAU Case Audit Search	1645190291125	1645190291537	OK	 
REQUEST	1	LAU_040_CaseAuditSearch	LAU Case Audit Search Redirect 1	1645190291538	1645190291633	OK	 
GROUP	1	LAU_040_CaseAuditSearch	1645190291124	1645190291951	815	OK
REQUEST	1	LAU_050_CaseAuditPage2	LAU Case Audit Page 2	1645190296962	1645190297477	OK	 
REQUEST	1	LAU_050_CaseAuditPage2	LAU Case Audit Page 2 Redirect 1	1645190297479	1645190297569	OK	 
GROUP	1	LAU_050_CaseAuditPage2	1645190296960	1645190297992	1018	OK
REQUEST	1	LAU_060_CaseActivityDownload	Case Activity CSV Download	1645190302999	1645190303532	OK	 
GROUP	1	LAU_060_CaseActivityDownload	1645190302991	1645190303544	533	OK
REQUEST	1	LAU_070_CaseSearchDownload	Case Search CSV Download	1645190308552	1645190309386	OK	 
GROUP	1	LAU_070_CaseSearchDownload	1645190308531	1645190309394	834	OK
REQUEST	1	LAU_080_LogonAuditSearch	LAU Logon Audit Search	1645190314436	1645190315183	OK	 
REQUEST	1	LAU_080_LogonAuditSearch	LAU Logon Audit Search Redirect 1	1645190315192	1645190315285	OK	 
GROUP	1	LAU_080_LogonAuditSearch	1645190314396	1645190315714	1228	OK
REQUEST	1	LAU_090_LogonAuditPage2	LAU Logon Audit Page 2	1645190320712	1645190321397	OK	 
REQUEST	1	LAU_090_LogonAuditPage2	LAU Logon Audit Page 2 Redirect 1	1645190321397	1645190321492	OK	 
GROUP	1	LAU_090_LogonAuditPage2	1645190320711	1645190324511	3794	OK
REQUEST	1	LAU_100_LogonActivityDownload	Logon Activity CSV Download	1645190329518	1645190329938	OK	 
GROUP	1	LAU_100_LogonActivityDownload	1645190329518	1645190329939	420	OK
REQUEST	1	LAU_040_CaseAuditSearch	LAU Case Audit Search	1645190334939	1645190335569	OK	 
REQUEST	1	LAU_040_CaseAuditSearch	LAU Case Audit Search Redirect 1	1645190335569	1645190335669	OK	 
GROUP	1	LAU_040_CaseAuditSearch	1645190334938	1645190335970	1025	OK
REQUEST	1	LAU_050_CaseAuditPage2	LAU Case Audit Page 2	1645190340971	1645190341177	OK	 
REQUEST	1	LAU_050_CaseAuditPage2	LAU Case Audit Page 2 Redirect 1	1645190341178	1645190341271	OK	 
GROUP	1	LAU_050_CaseAuditPage2	1645190340970	1645190341571	553	OK
REQUEST	1	LAU_060_CaseActivityDownload	Case Activity CSV Download	1645190346568	1645190347246	OK	 
GROUP	1	LAU_060_CaseActivityDownload	1645190346568	1645190347247	678	OK
REQUEST	1	LAU_070_CaseSearchDownload	Case Search CSV Download	1645190352240	1645190352876	OK	 
GROUP	1	LAU_070_CaseSearchDownload	1645190352240	1645190352877	636	OK
REQUEST	1	LAU_080_LogonAuditSearch	LAU Logon Audit Search	1645190357882	1645190358608	OK	 
REQUEST	1	LAU_080_LogonAuditSearch	LAU Logon Audit Search Redirect 1	1645190358609	1645190358692	OK	 
GROUP	1	LAU_080_LogonAuditSearch	1645190357881	1645190358938	1046	OK
REQUEST	1	LAU_090_LogonAuditPage2	LAU Logon Audit Page 2	1645190363938	1645190364651	OK	 
REQUEST	1	LAU_090_LogonAuditPage2	LAU Logon Audit Page 2 Redirect 1	1645190364652	1645190364772	OK	 
GROUP	1	LAU_090_LogonAuditPage2	1645190363938	1645190365050	1107	OK
REQUEST	1	LAU_100_LogonActivityDownload	Logon Activity CSV Download	1645190370058	1645190370797	OK	 
GROUP	1	LAU_100_LogonActivityDownload	1645190370058	1645190370797	739	OK
REQUEST	1	LAU_040_CaseAuditSearch	LAU Case Audit Search	1645190375791	1645190376630	OK	 
REQUEST	1	LAU_040_CaseAuditSearch	LAU Case Audit Search Redirect 1	1645190376631	1645190376706	OK	 
GROUP	1	LAU_040_CaseAuditSearch	1645190375790	1645190376939	1141	OK
REQUEST	1	LAU_050_CaseAuditPage2	LAU Case Audit Page 2	1645190381938	1645190382082	OK	 
REQUEST	1	LAU_050_CaseAuditPage2	LAU Case Audit Page 2 Redirect 1	1645190382083	1645190382162	OK	 
GROUP	1	LAU_050_CaseAuditPage2	1645190381938	1645190382439	492	OK
REQUEST	1	LAU_060_CaseActivityDownload	Case Activity CSV Download	1645190387448	1645190387678	OK	 
GROUP	1	LAU_060_CaseActivityDownload	1645190387448	1645190387680	230	OK
REQUEST	1	LAU_070_CaseSearchDownload	Case Search CSV Download	1645190392669	1645190393467	OK	 
GROUP	1	LAU_070_CaseSearchDownload	1645190392669	1645190393469	798	OK
REQUEST	1	LAU_080_LogonAuditSearch	LAU Logon Audit Search	1645190398461	1645190399260	OK	 
REQUEST	1	LAU_080_LogonAuditSearch	LAU Logon Audit Search Redirect 1	1645190399261	1645190399364	OK	 
GROUP	1	LAU_080_LogonAuditSearch	1645190398460	1645190399773	1301	OK
REQUEST	1	LAU_090_LogonAuditPage2	LAU Logon Audit Page 2	1645190404778	1645190405611	OK	 
REQUEST	1	LAU_090_LogonAuditPage2	LAU Logon Audit Page 2 Redirect 1	1645190405611	1645190405701	OK	 
GROUP	1	LAU_090_LogonAuditPage2	1645190404778	1645190406019	1227	OK
REQUEST	1	LAU_100_LogonActivityDownload	Logon Activity CSV Download	1645190411021	1645190411960	OK	 
GROUP	1	LAU_100_LogonActivityDownload	1645190411020	1645190411961	939	OK
USER	LAU Simulation	1	END	1645190196517	1645190416978
USER	LAU Simulation	2	START	1645191196949	1645191196949
REQUEST	2	LAU_020_Homepage	LAU Homepage	1645191197430	1645191197583	OK	 
REQUEST	2	LAU_020_Homepage	LAU Homepage Redirect 1	1645191197584	1645191197607	OK	 
REQUEST	2	LAU_020_Homepage	LAU Homepage Redirect 2	1645191197607	1645191197666	OK	 
GROUP	2	LAU_020_Homepage	1645191197417	1645191197839	374	OK
REQUEST	2	LAU_030_Login	LAU Login	1645191202850	1645191203447	OK	 
REQUEST	2	LAU_030_Login	LAU Login Redirect 1	1645191203448	1645191203867	OK	 
REQUEST	2	LAU_030_Login	LAU Login Redirect 2	1645191203868	1645191203935	OK	 
GROUP	2	LAU_030_Login	1645191202849	1645191204235	1379	OK
REQUEST	2	LAU_040_CaseAuditSearch	LAU Case Audit Search	1645191209258	1645191210185	OK	 
REQUEST	2	LAU_040_CaseAuditSearch	LAU Case Audit Search Redirect 1	1645191210208	1645191210394	OK	 
GROUP	2	LAU_040_CaseAuditSearch	1645191209255	1645191211206	1589	OK
REQUEST	2	LAU_050_CaseAuditPage2	LAU Case Audit Page 2	1645191216199	1645191216737	OK	 
REQUEST	2	LAU_050_CaseAuditPage2	LAU Case Audit Page 2 Redirect 1	1645191216743	1645191216798	OK	 
GROUP	2	LAU_050_CaseAuditPage2	1645191216199	1645191217162	833	OK
REQUEST	2	LAU_060_CaseActivityDownload	Case Activity CSV Download	1645191222170	1645191222288	OK	 
GROUP	2	LAU_060_CaseActivityDownload	1645191222170	1645191222290	118	OK
REQUEST	2	LAU_070_CaseSearchDownload	Case Search CSV Download	1645191227288	1645191227383	OK	 
GROUP	2	LAU_070_CaseSearchDownload	1645191227288	1645191227422	95	OK
REQUEST	2	LAU_080_LogonAuditSearch	LAU Logon Audit Search	1645191232382	1645191233020	OK	 
REQUEST	2	LAU_080_LogonAuditSearch	LAU Logon Audit Search Redirect 1	1645191233020	1645191233110	OK	 
GROUP	2	LAU_080_LogonAuditSearch	1645191232381	1645191233397	976	OK
REQUEST	2	LAU_090_LogonAuditPage2	LAU Logon Audit Page 2	1645191238389	1645191238898	OK	 
REQUEST	2	LAU_090_LogonAuditPage2	LAU Logon Audit Page 2 Redirect 1	1645191238899	1645191238984	OK	 
GROUP	2	LAU_090_LogonAuditPage2	1645191238389	1645191239231	823	OK
REQUEST	2	LAU_100_LogonActivityDownload	Logon Activity CSV Download	1645191244241	1645191244759	OK	 
GROUP	2	LAU_100_LogonActivityDownload	1645191244241	1645191244888	518	OK
REQUEST	2	LAU_040_CaseAuditSearch	LAU Case Audit Search	1645191249751	1645191250231	OK	 
REQUEST	2	LAU_040_CaseAuditSearch	LAU Case Audit Search Redirect 1	1645191250231	1645191250337	OK	 
GROUP	2	LAU_040_CaseAuditSearch	1645191249749	1645191250694	888	OK
REQUEST	2	LAU_050_CaseAuditPage2	LAU Case Audit Page 2	1645191255702	1645191256128	OK	 
REQUEST	2	LAU_050_CaseAuditPage2	LAU Case Audit Page 2 Redirect 1	1645191256129	1645191256228	OK	 
GROUP	2	LAU_050_CaseAuditPage2	1645191255699	1645191256547	818	OK
REQUEST	2	LAU_060_CaseActivityDownload	Case Activity CSV Download	1645191261550	1645191262028	OK	 
GROUP	2	LAU_060_CaseActivityDownload	1645191261549	1645191262062	478	OK
REQUEST	2	LAU_070_CaseSearchDownload	Case Search CSV Download	1645191267030	1645191267388	OK	 
GROUP	2	LAU_070_CaseSearchDownload	1645191267029	1645191267401	358	OK
REQUEST	2	LAU_080_LogonAuditSearch	LAU Logon Audit Search	1645191272390	1645191273087	OK	 
REQUEST	2	LAU_080_LogonAuditSearch	LAU Logon Audit Search Redirect 1	1645191273095	1645191273203	OK	 
GROUP	2	LAU_080_LogonAuditSearch	1645191272389	1645191273577	1027	OK
REQUEST	2	LAU_090_LogonAuditPage2	LAU Logon Audit Page 2	1645191278579	1645191279101	OK	 
REQUEST	2	LAU_090_LogonAuditPage2	LAU Logon Audit Page 2 Redirect 1	1645191279102	1645191279206	OK	 
GROUP	2	LAU_090_LogonAuditPage2	1645191278578	1645191279893	957	OK
REQUEST	2	LAU_100_LogonActivityDownload	Logon Activity CSV Download	1645191284890	1645191285556	OK	 
GROUP	2	LAU_100_LogonActivityDownload	1645191284889	1645191285566	666	OK
REQUEST	2	LAU_040_CaseAuditSearch	LAU Case Audit Search	1645191290562	1645191291019	OK	 
REQUEST	2	LAU_040_CaseAuditSearch	LAU Case Audit Search Redirect 1	1645191291020	1645191291101	OK	 
GROUP	2	LAU_040_CaseAuditSearch	1645191290561	1645191291418	829	OK
REQUEST	2	LAU_050_CaseAuditPage2	LAU Case Audit Page 2	1645191296420	1645191296513	OK	 
REQUEST	2	LAU_050_CaseAuditPage2	LAU Case Audit Page 2 Redirect 1	1645191296514	1645191296595	OK	 
GROUP	2	LAU_050_CaseAuditPage2	1645191296420	1645191296893	443	OK
REQUEST	2	LAU_060_CaseActivityDownload	Case Activity CSV Download	1645191301890	1645191302100	OK	 
GROUP	2	LAU_060_CaseActivityDownload	1645191301890	1645191302100	210	OK
REQUEST	2	LAU_070_CaseSearchDownload	Case Search CSV Download	1645191307111	1645191307549	OK	 
GROUP	2	LAU_070_CaseSearchDownload	1645191307111	1645191307551	438	OK
REQUEST	2	LAU_080_LogonAuditSearch	LAU Logon Audit Search	1645191312542	1645191312918	OK	 
REQUEST	2	LAU_080_LogonAuditSearch	LAU Logon Audit Search Redirect 1	1645191312927	1645191312994	OK	 
GROUP	2	LAU_080_LogonAuditSearch	1645191312541	1645191313375	689	OK
REQUEST	2	LAU_090_LogonAuditPage2	LAU Logon Audit Page 2	1645191318369	1645191318981	OK	 
REQUEST	2	LAU_090_LogonAuditPage2	LAU Logon Audit Page 2 Redirect 1	1645191318982	1645191319054	OK	 
GROUP	2	LAU_090_LogonAuditPage2	1645191318368	1645191319475	946	OK
REQUEST	2	LAU_100_LogonActivityDownload	Logon Activity CSV Download	1645191324479	1645191324728	OK	 
GROUP	2	LAU_100_LogonActivityDownload	1645191324478	1645191324730	249	OK
REQUEST	2	LAU_040_CaseAuditSearch	LAU Case Audit Search	1645191329741	1645191330219	OK	 
REQUEST	2	LAU_040_CaseAuditSearch	LAU Case Audit Search Redirect 1	1645191330221	1645191330347	OK	 
GROUP	2	LAU_040_CaseAuditSearch	1645191329740	1645191331137	1132	OK
REQUEST	2	LAU_050_CaseAuditPage2	LAU Case Audit Page 2	1645191336130	1645191336262	OK	 
REQUEST	2	LAU_050_CaseAuditPage2	LAU Case Audit Page 2 Redirect 1	1645191336263	1645191336356	OK	 
GROUP	2	LAU_050_CaseAuditPage2	1645191336130	1645191336602	452	OK
REQUEST	2	LAU_060_CaseActivityDownload	Case Activity CSV Download	1645191341613	1645191342114	OK	 
GROUP	2	LAU_060_CaseActivityDownload	1645191341601	1645191342115	501	OK
REQUEST	2	LAU_070_CaseSearchDownload	Case Search CSV Download	1645191347110	1645191347649	OK	 
GROUP	2	LAU_070_CaseSearchDownload	1645191347109	1645191347654	539	OK
REQUEST	2	LAU_080_LogonAuditSearch	LAU Logon Audit Search	1645191352660	1645191353275	OK	 
REQUEST	2	LAU_080_LogonAuditSearch	LAU Logon Audit Search Redirect 1	1645191353276	1645191353353	OK	 
GROUP	2	LAU_080_LogonAuditSearch	1645191352659	1645191353667	987	OK
REQUEST	2	LAU_090_LogonAuditPage2	LAU Logon Audit Page 2	1645191358661	1645191358885	OK	 
REQUEST	2	LAU_090_LogonAuditPage2	LAU Logon Audit Page 2 Redirect 1	1645191358886	1645191358960	OK	 
GROUP	2	LAU_090_LogonAuditPage2	1645191358661	1645191359298	561	OK
REQUEST	2	LAU_100_LogonActivityDownload	Logon Activity CSV Download	1645191364302	1645191364755	OK	 
GROUP	2	LAU_100_LogonActivityDownload	1645191364299	1645191364762	453	OK
REQUEST	2	LAU_040_CaseAuditSearch	LAU Case Audit Search	1645191369762	1645191370111	OK	 
REQUEST	2	LAU_040_CaseAuditSearch	LAU Case Audit Search Redirect 1	1645191370111	1645191370272	OK	 
GROUP	2	LAU_040_CaseAuditSearch	1645191369761	1645191370631	783	OK
REQUEST	2	LAU_050_CaseAuditPage2	LAU Case Audit Page 2	1645191375630	1645191376064	OK	 
REQUEST	2	LAU_050_CaseAuditPage2	LAU Case Audit Page 2 Redirect 1	1645191376065	1645191376161	OK	 
GROUP	2	LAU_050_CaseAuditPage2	1645191375628	1645191376436	781	OK
REQUEST	2	LAU_060_CaseActivityDownload	Case Activity CSV Download	1645191381441	1645191381961	OK	 
GROUP	2	LAU_060_CaseActivityDownload	1645191381441	1645191381967	520	OK
REQUEST	2	LAU_070_CaseSearchDownload	Case Search CSV Download	1645191386949	1645191387196	OK	 
GROUP	2	LAU_070_CaseSearchDownload	1645191386949	1645191387203	247	OK
REQUEST	2	LAU_080_LogonAuditSearch	LAU Logon Audit Search	1645191392210	1645191392740	OK	 
REQUEST	2	LAU_080_LogonAuditSearch	LAU Logon Audit Search Redirect 1	1645191392741	1645191392824	OK	 
GROUP	2	LAU_080_LogonAuditSearch	1645191392210	1645191393173	864	OK
REQUEST	2	LAU_090_LogonAuditPage2	LAU Logon Audit Page 2	1645191398170	1645191398312	OK	 
REQUEST	2	LAU_090_LogonAuditPage2	LAU Logon Audit Page 2 Redirect 1	1645191398313	1645191398378	OK	 
GROUP	2	LAU_090_LogonAuditPage2	1645191398169	1645191398711	516	OK
REQUEST	2	LAU_100_LogonActivityDownload	Logon Activity CSV Download	1645191403710	1645191403872	OK	 
GROUP	2	LAU_100_LogonActivityDownload	1645191403709	1645191403872	162	OK
USER	LAU Simulation	2	END	1645191196949	1645191408873
USER	LAU Simulation	3	START	1645192196510	1645192196510
REQUEST	3	LAU_020_Homepage	LAU Homepage	1645192196521	1645192196652	OK	 
REQUEST	3	LAU_020_Homepage	LAU Homepage Redirect 1	1645192196654	1645192196672	OK	 
REQUEST	3	LAU_020_Homepage	LAU Homepage Redirect 2	1645192196672	1645192196735	OK	 
GROUP	3	LAU_020_Homepage	1645192196518	1645192197123	499	OK
REQUEST	3	LAU_030_Login	LAU Login	1645192202141	1645192202621	OK	 
REQUEST	3	LAU_030_Login	LAU Login Redirect 1	1645192202621	1645192203000	OK	 
REQUEST	3	LAU_030_Login	LAU Login Redirect 2	1645192203001	1645192203063	OK	 
GROUP	3	LAU_030_Login	1645192202140	1645192203361	1216	OK
REQUEST	3	LAU_040_CaseAuditSearch	LAU Case Audit Search	1645192208370	1645192209131	OK	 
REQUEST	3	LAU_040_CaseAuditSearch	LAU Case Audit Search Redirect 1	1645192209143	1645192209241	OK	 
GROUP	3	LAU_040_CaseAuditSearch	1645192208369	1645192209686	1209	OK
REQUEST	3	LAU_050_CaseAuditPage2	LAU Case Audit Page 2	1645192214681	1645192215750	OK	 
REQUEST	3	LAU_050_CaseAuditPage2	LAU Case Audit Page 2 Redirect 1	1645192215751	1645192215824	OK	 
GROUP	3	LAU_050_CaseAuditPage2	1645192214680	1645192216140	1441	OK
REQUEST	3	LAU_060_CaseActivityDownload	Case Activity CSV Download	1645192221140	1645192221684	OK	 
GROUP	3	LAU_060_CaseActivityDownload	1645192221140	1645192221685	544	OK
REQUEST	3	LAU_070_CaseSearchDownload	Case Search CSV Download	1645192226710	1645192227638	OK	 
GROUP	3	LAU_070_CaseSearchDownload	1645192226692	1645192227676	928	OK
REQUEST	3	LAU_080_LogonAuditSearch	LAU Logon Audit Search	1645192232634	1645192233401	OK	 
REQUEST	3	LAU_080_LogonAuditSearch	LAU Logon Audit Search Redirect 1	1645192233402	1645192233492	OK	 
GROUP	3	LAU_080_LogonAuditSearch	1645192232631	1645192233877	1116	OK
REQUEST	3	LAU_090_LogonAuditPage2	LAU Logon Audit Page 2	1645192238880	1645192239443	OK	 
REQUEST	3	LAU_090_LogonAuditPage2	LAU Logon Audit Page 2 Redirect 1	1645192239443	1645192239519	OK	 
GROUP	3	LAU_090_LogonAuditPage2	1645192238880	1645192239779	894	OK
REQUEST	3	LAU_100_LogonActivityDownload	Logon Activity CSV Download	1645192244780	1645192245153	OK	 
GROUP	3	LAU_100_LogonActivityDownload	1645192244779	1645192245155	373	OK
REQUEST	3	LAU_040_CaseAuditSearch	LAU Case Audit Search	1645192250159	1645192250310	OK	 
REQUEST	3	LAU_040_CaseAuditSearch	LAU Case Audit Search Redirect 1	1645192250311	1645192250377	OK	 
GROUP	3	LAU_040_CaseAuditSearch	1645192250159	1645192250664	499	OK
REQUEST	3	LAU_050_CaseAuditPage2	LAU Case Audit Page 2	1645192255658	1645192256191	OK	 
REQUEST	3	LAU_050_CaseAuditPage2	LAU Case Audit Page 2 Redirect 1	1645192256192	1645192256262	OK	 
GROUP	3	LAU_050_CaseAuditPage2	1645192255658	1645192256561	897	OK
REQUEST	3	LAU_060_CaseActivityDownload	Case Activity CSV Download	1645192261571	1645192261748	OK	 
GROUP	3	LAU_060_CaseActivityDownload	1645192261571	1645192261749	177	OK
REQUEST	3	LAU_070_CaseSearchDownload	Case Search CSV Download	1645192266740	1645192267310	OK	 
GROUP	3	LAU_070_CaseSearchDownload	1645192266739	1645192267312	570	OK
REQUEST	3	LAU_080_LogonAuditSearch	LAU Logon Audit Search	1645192272320	1645192272838	OK	 
REQUEST	3	LAU_080_LogonAuditSearch	LAU Logon Audit Search Redirect 1	1645192272839	1645192272908	OK	 
GROUP	3	LAU_080_LogonAuditSearch	1645192272319	1645192273181	837	OK
REQUEST	3	LAU_090_LogonAuditPage2	LAU Logon Audit Page 2	1645192278181	1645192278326	OK	 
REQUEST	3	LAU_090_LogonAuditPage2	LAU Logon Audit Page 2 Redirect 1	1645192278327	1645192278415	OK	 
GROUP	3	LAU_090_LogonAuditPage2	1645192278180	1645192278738	552	OK
REQUEST	3	LAU_100_LogonActivityDownload	Logon Activity CSV Download	1645192283728	1645192284241	OK	 
GROUP	3	LAU_100_LogonActivityDownload	1645192283728	1645192284244	513	OK
REQUEST	3	LAU_040_CaseAuditSearch	LAU Case Audit Search	1645192289250	1645192289756	OK	 
REQUEST	3	LAU_040_CaseAuditSearch	LAU Case Audit Search Redirect 1	1645192289758	1645192289824	OK	 
GROUP	3	LAU_040_CaseAuditSearch	1645192289249	1645192290058	800	OK
REQUEST	3	LAU_050_CaseAuditPage2	LAU Case Audit Page 2	1645192295049	1645192295544	OK	 
REQUEST	3	LAU_050_CaseAuditPage2	LAU Case Audit Page 2 Redirect 1	1645192295545	1645192295629	OK	 
GROUP	3	LAU_050_CaseAuditPage2	1645192295049	1645192295929	875	OK
REQUEST	3	LAU_060_CaseActivityDownload	Case Activity CSV Download	1645192300941	1645192301236	OK	 
GROUP	3	LAU_060_CaseActivityDownload	1645192300940	1645192301237	295	OK
REQUEST	3	LAU_070_CaseSearchDownload	Case Search CSV Download	1645192306230	1645192306821	OK	 
GROUP	3	LAU_070_CaseSearchDownload	1645192306229	1645192306822	591	OK
REQUEST	3	LAU_080_LogonAuditSearch	LAU Logon Audit Search	1645192311829	1645192312079	OK	 
REQUEST	3	LAU_080_LogonAuditSearch	LAU Logon Audit Search Redirect 1	1645192312080	1645192312150	OK	 
GROUP	3	LAU_080_LogonAuditSearch	1645192311829	1645192312405	566	OK
REQUEST	3	LAU_090_LogonAuditPage2	LAU Logon Audit Page 2	1645192317401	1645192317713	OK	 
REQUEST	3	LAU_090_LogonAuditPage2	LAU Logon Audit Page 2 Redirect 1	1645192317713	1645192317784	OK	 
GROUP	3	LAU_090_LogonAuditPage2	1645192317400	1645192318085	681	OK
REQUEST	3	LAU_100_LogonActivityDownload	Logon Activity CSV Download	1645192323088	1645192323186	OK	 
GROUP	3	LAU_100_LogonActivityDownload	1645192323088	1645192323187	98	OK
REQUEST	3	LAU_040_CaseAuditSearch	LAU Case Audit Search	1645192328180	1645192328784	OK	 
REQUEST	3	LAU_040_CaseAuditSearch	LAU Case Audit Search Redirect 1	1645192328784	1645192328895	OK	 
GROUP	3	LAU_040_CaseAuditSearch	1645192328179	1645192329255	982	OK
REQUEST	3	LAU_050_CaseAuditPage2	LAU Case Audit Page 2	1645192334260	1645192334633	OK	 
REQUEST	3	LAU_050_CaseAuditPage2	LAU Case Audit Page 2 Redirect 1	1645192334634	1645192334713	OK	 
GROUP	3	LAU_050_CaseAuditPage2	1645192334260	1645192335032	708	OK
REQUEST	3	LAU_060_CaseActivityDownload	Case Activity CSV Download	1645192340029	1645192340367	OK	 
GROUP	3	LAU_060_CaseActivityDownload	1645192340028	1645192340382	338	OK
REQUEST	3	LAU_070_CaseSearchDownload	Case Search CSV Download	1645192345369	1645192345903	OK	 
GROUP	3	LAU_070_CaseSearchDownload	1645192345369	1645192345923	534	OK
REQUEST	3	LAU_080_LogonAuditSearch	LAU Logon Audit Search	1645192350909	1645192351316	OK	 
REQUEST	3	LAU_080_LogonAuditSearch	LAU Logon Audit Search Redirect 1	1645192351317	1645192351391	OK	 
GROUP	3	LAU_080_LogonAuditSearch	1645192350908	1645192352128	808	OK
REQUEST	3	LAU_090_LogonAuditPage2	LAU Logon Audit Page 2	1645192357119	1645192357532	OK	 
REQUEST	3	LAU_090_LogonAuditPage2	LAU Logon Audit Page 2 Redirect 1	1645192357532	1645192357647	OK	 
GROUP	3	LAU_090_LogonAuditPage2	1645192357118	1645192358032	855	OK
REQUEST	3	LAU_100_LogonActivityDownload	Logon Activity CSV Download	1645192363041	1645192363529	OK	 
GROUP	3	LAU_100_LogonActivityDownload	1645192363040	1645192363532	488	OK
REQUEST	3	LAU_040_CaseAuditSearch	LAU Case Audit Search	1645192368529	1645192369456	OK	 
REQUEST	3	LAU_040_CaseAuditSearch	LAU Case Audit Search Redirect 1	1645192369470	1645192369549	OK	 
GROUP	3	LAU_040_CaseAuditSearch	1645192368528	1645192370062	1225	OK
REQUEST	3	LAU_050_CaseAuditPage2	LAU Case Audit Page 2	1645192375061	1645192375171	OK	 
REQUEST	3	LAU_050_CaseAuditPage2	LAU Case Audit Page 2 Redirect 1	1645192375172	1645192375232	OK	 
GROUP	3	LAU_050_CaseAuditPage2	1645192375061	1645192375497	408	OK
REQUEST	3	LAU_060_CaseActivityDownload	Case Activity CSV Download	1645192380499	1645192380624	OK	 
GROUP	3	LAU_060_CaseActivityDownload	1645192380498	1645192380629	125	OK
REQUEST	3	LAU_070_CaseSearchDownload	Case Search CSV Download	1645192385630	1645192386263	OK	 
GROUP	3	LAU_070_CaseSearchDownload	1645192385630	1645192386263	633	OK
REQUEST	3	LAU_080_LogonAuditSearch	LAU Logon Audit Search	1645192391261	1645192391677	OK	 
REQUEST	3	LAU_080_LogonAuditSearch	LAU Logon Audit Search Redirect 1	1645192391678	1645192391747	OK	 
GROUP	3	LAU_080_LogonAuditSearch	1645192391260	1645192392071	781	OK
USER	LAU Simulation	3	END	1645192196510	1645192397070
