RUN	simulations.mainSimulation	mainsimulation	1646750870971	 	3.3.1
USER	LAU Simulation	1	START	1646750871581	1646750871581
REQUEST	1	adoption_010_Homepage	Adoption Homepage	1646750871605	1646750871684	OK	 
REQUEST	1	adoption_010_Homepage	Adoption Homepage Redirect 1	1646750871713	1646750871741	OK	 
REQUEST	1	adoption_010_Homepage	Adoption Homepage Redirect 2	1646750871743	1646750871802	OK	 
GROUP	1	adoption_010_Homepage	1646750871589	1646750872059	324	OK
REQUEST	1	Adoption_020_Login	Adoption Login	1646750874079	1646750874249	OK	 
REQUEST	1	Adoption_020_Login	Adoption Login Redirect 1	1646750874258	1646750874714	OK	 
REQUEST	1	Adoption_020_Login	Adoption Login Redirect 2	1646750874715	1646750875123	OK	 
REQUEST	1	Adoption_020_Login	Adoption Login Redirect 3	1646750875125	1646750875164	OK	 
GROUP	1	Adoption_020_Login	1646750874075	1646750875272	1169	OK
REQUEST	1	Adoption_030_Apply_With	Adoption Applying With	1646750877277	1646750877325	OK	 
GROUP	1	Adoption_030_Apply_With	1646750877277	1646750877495	207	OK
REQUEST	1	Adoption_040_Adoption_Applying_Post	Adoption Applying Post	1646750879507	1646750879844	OK	 
REQUEST	1	Adoption_040_Adoption_Applying_Post	Adoption Applying Post Redirect 1	1646750879846	1646750879893	OK	 
GROUP	1	Adoption_040_Adoption_Applying_Post	1646750879506	1646750879940	427	OK
REQUEST	1	Adoption_050_Adoption_Applying_With_Redirect	Adoption Applying With Redirect	1646750881928	1646750881979	OK	 
GROUP	1	Adoption_050_Adoption_Applying_With_Redirect	1646750881927	1646750882049	115	OK
REQUEST	1	Adoption_240_Second_Contact_Details_Same_Address	Adoption Second Contact Details Same-Address	1646750884058	1646750884136	OK	 
GROUP	1	Adoption_240_Second_Contact_Details_Same_Address	1646750884057	1646750884183	120	OK
REQUEST	1	Adoption_250_Second_Contact_Details_Same_Address_POST	Adoption Second Contact Details Same-Address POST	1646750886177	1646750886694	OK	 
REQUEST	1	Adoption_250_Second_Contact_Details_Same_Address_POST	Adoption Second Contact Details Same-Address POST Redirect 1	1646750886695	1646750886739	OK	 
GROUP	1	Adoption_250_Second_Contact_Details_Same_Address_POST	1646750886176	1646750886794	613	OK
REQUEST	1	Adoption_260_Second_Contact_Details_Manual_Redirect	Adoption Second Contact Details manual redirect	1646750888807	1646750888853	OK	 
GROUP	1	Adoption_260_Second_Contact_Details_Manual_Redirect	1646750888806	1646750888904	92	OK
REQUEST	1	Adoption_270_Second_Contact_Details_Manual_POST	Adoption Second Contact Details manual POST	1646750890898	1646750891201	OK	 
REQUEST	1	Adoption_270_Second_Contact_Details_Manual_POST	Adoption Second Contact Details manual POST Redirect 1	1646750891203	1646750891246	OK	 
GROUP	1	Adoption_270_Second_Contact_Details_Manual_POST	1646750890897	1646750891290	386	OK
REQUEST	1	Adoption_280_Second_Contact_Details__POST	Adoption Second Contact Details POST	1646750893287	1646750893460	OK	 
REQUEST	1	Adoption_280_Second_Contact_Details__POST	Adoption Second Contact Details POST Redirect 1	1646750893462	1646750893532	OK	 
GROUP	1	Adoption_280_Second_Contact_Details__POST	1646750893286	1646750893572	279	OK
USER	LAU Simulation	1	END	1646750871581	1646750895578
