RUN	simulations.mainSimulation	mainsimulation	1646909915001	 	3.3.1
USER	LAU Simulation	1	START	1646909915644	1646909915644
REQUEST	1	adoption_010_Homepage	Adoption Homepage	1646909915673	1646909919532	OK	 
REQUEST	1	adoption_010_Homepage	Adoption Homepage Redirect 1	1646909919559	1646909919755	OK	 
REQUEST	1	adoption_010_Homepage	Adoption Homepage Redirect 2	1646909919758	1646909919891	OK	 
GROUP	1	adoption_010_Homepage	1646909915653	1646909920439	4647	OK
REQUEST	1	Adoption_020_Login	Adoption Login	1646909921464	1646909921696	OK	 
REQUEST	1	Adoption_020_Login	Adoption Login Redirect 1	1646909921701	1646909922308	OK	 
REQUEST	1	Adoption_020_Login	Adoption Login Redirect 2	1646909922309	1646909924105	OK	 
REQUEST	1	Adoption_020_Login	Adoption Login Redirect 3	1646909924106	1646909924203	OK	 
GROUP	1	Adoption_020_Login	1646909921459	1646909925687	4206	OK
REQUEST	1	Adoption_030_Apply_With	Adoption Applying With	1646909926690	1646909926802	OK	 
GROUP	1	Adoption_030_Apply_With	1646909926689	1646909926855	158	OK
REQUEST	1	Adoption_040_Adoption_Applying_Post	Adoption Applying Post	1646909927851	1646909928555	OK	 
REQUEST	1	Adoption_040_Adoption_Applying_Post	Adoption Applying Post Redirect 1	1646909928557	1646909928683	OK	 
GROUP	1	Adoption_040_Adoption_Applying_Post	1646909927849	1646909928772	915	OK
REQUEST	1	Adoption_050_Adoption_Applying_With_Redirect	Adoption Applying With Redirect	1646909929779	1646909929867	OK	 
GROUP	1	Adoption_050_Adoption_Applying_With_Redirect	1646909929778	1646909929938	154	OK
REQUEST	1	Adoption_060_Date_Of_Move	Adoption Date Child Moved in 	1646909930930	1646909931164	OK	 
GROUP	1	Adoption_060_Date_Of_Move	1646909930930	1646909931245	310	OK
REQUEST	1	Adoption_070_Date_Of_Move_POST	Adoption Date Child Moved in Post	1646909932251	1646909932760	OK	 
REQUEST	1	Adoption_070_Date_Of_Move_POST	Adoption Date Child Moved in Post Redirect 1	1646909932761	1646909932834	OK	 
REQUEST	1	Adoption_070_Date_Of_Move_POST,Adoption_050_Adoption_Applying_With_Redirect	Adoption Applying With Redirect	1646909932908	1646909932981	OK	 
GROUP	1	Adoption_070_Date_Of_Move_POST,Adoption_050_Adoption_Applying_With_Redirect	1646909932908	1646909933058	139	OK
GROUP	1	Adoption_070_Date_Of_Move_POST	1646909932250	1646909934059	791	OK
REQUEST	1	Adoption_080_Your_Details	Adoption Your Personal Details 	1646909935072	1646909935190	OK	 
GROUP	1	Adoption_080_Your_Details	1646909935071	1646909935264	188	OK
REQUEST	1	Adoption_090_Your_Details_POST	Adoption Your Personal Details Post	1646909936250	1646909936846	OK	 
REQUEST	1	Adoption_090_Your_Details_POST	Adoption Your Personal Details Post Redirect 1	1646909936847	1646909936936	OK	 
GROUP	1	Adoption_090_Your_Details_POST	1646909936249	1646909937081	827	OK
REQUEST	1	Adoption_100_Your_Details_Other_Name	Adoption Your Personal Details Other Name	1646909938090	1646909938480	OK	 
REQUEST	1	Adoption_100_Your_Details_Other_Name	Adoption Your Personal Details Other Name Redirect 1	1646909938481	1646909938661	OK	 
GROUP	1	Adoption_100_Your_Details_Other_Name	1646909938089	1646909938838	743	OK
REQUEST	1	Adoption_110_Your_Details_DoB	Adoption Your Personal Details DoB	1646909939831	1646909940047	OK	 
GROUP	1	Adoption_110_Your_Details_DoB	1646909939830	1646909940156	322	OK
REQUEST	1	Adoption_120_Your_Details_DoB_POST	Adoption Your Personal Details DoB POST	1646909941160	1646909941512	OK	 
REQUEST	1	Adoption_120_Your_Details_DoB_POST	Adoption Your Personal Details DoB POST Redirect 1	1646909941514	1646909941602	OK	 
GROUP	1	Adoption_120_Your_Details_DoB_POST	1646909941159	1646909941677	511	OK
REQUEST	1	Adoption_130_Your_Details_Occupation	Adoption Your Personal Details Occupation	1646909942682	1646909943347	OK	 
REQUEST	1	Adoption_130_Your_Details_Occupation	Adoption Your Personal Details Occupation Redirect 1	1646909943348	1646909943754	OK	 
GROUP	1	Adoption_130_Your_Details_Occupation	1646909942681	1646909943997	1310	OK
REQUEST	1	Adoption_140_Your_Contact_Details	Adoption Your Contact Details LookUp	1646909944991	1646909945065	OK	 
GROUP	1	Adoption_140_Your_Contact_Details	1646909944990	1646909945133	139	OK
REQUEST	1	Adoption_150_Your_Contact_Details_Manual	Adoption Your Contact Details Manual	1646909946140	1646909946308	OK	 
GROUP	1	Adoption_150_Your_Contact_Details_Manual	1646909946139	1646909946540	396	OK
REQUEST	1	Adoption_160_Your_Contact_Details_Manual_POST	Adoption Your Contact Details Manual POST	1646909947539	1646909947861	OK	 
REQUEST	1	Adoption_160_Your_Contact_Details_Manual_POST	Adoption Your Contact Details Manual POST Redirect 1	1646909947862	1646909947945	OK	 
GROUP	1	Adoption_160_Your_Contact_Details_Manual_POST	1646909947539	1646909948020	477	OK
REQUEST	1	Adoption_170_Your_Contact_Details_POST	Adoption Your Contact Details POST	1646909949029	1646909949561	OK	 
REQUEST	1	Adoption_170_Your_Contact_Details_POST	Adoption Your Contact Details POST Redirect 1	1646909949563	1646909950200	OK	 
GROUP	1	Adoption_170_Your_Contact_Details_POST	1646909949028	1646909950523	1489	OK
REQUEST	1	Adoption_180_Second_Personal_Details	Adoption Second Personal Details	1646909951518	1646909951673	OK	 
GROUP	1	Adoption_180_Second_Personal_Details	1646909951518	1646909951844	323	OK
REQUEST	1	Adoption_190_Second_Personal_Details_POST	Adoption Second Personal Details POST	1646909952842	1646909953039	OK	 
REQUEST	1	Adoption_190_Second_Personal_Details_POST	Adoption Second Personal Details POST Redirect 1	1646909953041	1646909953101	OK	 
GROUP	1	Adoption_190_Second_Personal_Details_POST	1646909952841	1646909953184	336	OK
REQUEST	1	Adoption_200_Second_Other_Name	Adoption Second Other Name	1646909954191	1646909954619	OK	 
REQUEST	1	Adoption_200_Second_Other_Name	Adoption Second Other Name Redirect 1	1646909954621	1646909954763	OK	 
GROUP	1	Adoption_200_Second_Other_Name	1646909954190	1646909954987	790	OK
REQUEST	1	Adoption_210_Second_Other_Name_Redirect	Adoption Second Other Name Redirect	1646909955980	1646909956341	OK	 
REQUEST	1	Adoption_210_Second_Other_Name_Redirect	Adoption Second Other Name Redirect Redirect 1	1646909956342	1646909956422	OK	 
GROUP	1	Adoption_210_Second_Other_Name_Redirect	1646909955980	1646909956504	519	OK
REQUEST	1	Adoption_220_Second_DoB	Adoption Second DoB	1646909957512	1646909957709	OK	 
REQUEST	1	Adoption_220_Second_DoB	Adoption Second DoB Redirect 1	1646909957710	1646909957793	OK	 
GROUP	1	Adoption_220_Second_DoB	1646909957511	1646909957936	419	OK
REQUEST	1	Adoption_230_Second_Occupation	Adoption Second Occupation	1646909958929	1646909959261	OK	 
REQUEST	1	Adoption_230_Second_Occupation	Adoption Second Occupation Redirect 1	1646909959263	1646909959323	OK	 
GROUP	1	Adoption_230_Second_Occupation	1646909958928	1646909959391	457	OK
REQUEST	1	Adoption_240_Second_Contact_Details_Same_Address	Adoption Second Contact Details Same-Address	1646909960401	1646909960467	OK	 
GROUP	1	Adoption_240_Second_Contact_Details_Same_Address	1646909960401	1646909960638	234	OK
REQUEST	1	Adoption_250_Second_Contact_Details_Same_Address_POST	Adoption Second Contact Details Same-Address POST	1646909961631	1646909961883	OK	 
REQUEST	1	Adoption_250_Second_Contact_Details_Same_Address_POST	Adoption Second Contact Details Same-Address POST Redirect 1	1646909961884	1646909962046	OK	 
GROUP	1	Adoption_250_Second_Contact_Details_Same_Address_POST	1646909961631	1646909962116	481	OK
REQUEST	1	Adoption_260_Second_Contact_Details_Manual_Redirect	Adoption Second Contact Details manual redirect	1646909963120	1646909963374	OK	 
GROUP	1	Adoption_260_Second_Contact_Details_Manual_Redirect	1646909963120	1646909963540	417	OK
REQUEST	1	Adoption_270_Second_Contact_Details_Manual_POST	Adoption Second Contact Details manual POST	1646909964540	1646909965002	OK	 
REQUEST	1	Adoption_270_Second_Contact_Details_Manual_POST	Adoption Second Contact Details manual POST Redirect 1	1646909965003	1646909965157	OK	 
GROUP	1	Adoption_270_Second_Contact_Details_Manual_POST	1646909964539	1646909965258	712	OK
REQUEST	1	Adoption_280_Second_Contact_Details__POST	Adoption Second Contact Details POST	1646909966250	1646909966600	OK	 
REQUEST	1	Adoption_280_Second_Contact_Details__POST	Adoption Second Contact Details POST Redirect 1	1646909966601	1646909966663	OK	 
GROUP	1	Adoption_280_Second_Contact_Details__POST	1646909966250	1646909966780	525	OK
REQUEST	1	adoption_290_Birth_Certificate	Adoption Birth Certificate Details	1646909967791	1646909968141	OK	 
GROUP	1	adoption_290_Birth_Certificate	1646909967790	1646909968363	568	OK
REQUEST	1	adoption_300_Birth_Certificate_Name	Adoption Birth Certificate Name	1646909969359	1646909969672	OK	 
REQUEST	1	adoption_300_Birth_Certificate_Name	Adoption Birth Certificate Name Redirect 1	1646909969673	1646909970231	OK	 
GROUP	1	adoption_300_Birth_Certificate_Name	1646909969359	1646909970443	1081	OK
REQUEST	1	adoption_320_Birth_Certificate_DoB	Adoption Birth Certificate DoB	1646909971450	1646909971655	OK	 
REQUEST	1	adoption_320_Birth_Certificate_DoB	Adoption Birth Certificate DoB Redirect 1	1646909971657	1646909971739	OK	 
GROUP	1	adoption_320_Birth_Certificate_DoB	1646909971449	1646909971818	364	OK
REQUEST	1	adoption_330_Birth_Certificate_Sex	Adoption Birth Certificate Sex	1646909972810	1646909973012	OK	 
REQUEST	1	adoption_330_Birth_Certificate_Sex	Adoption Birth Certificate Sex Redirect 1	1646909973013	1646909973194	OK	 
GROUP	1	adoption_330_Birth_Certificate_Sex	1646909972810	1646909973267	453	OK
REQUEST	1	adoption_340_Birth_Certificate_Nationality_Add	Adoption Birth Certificate Nationality Add	1646909974271	1646909974689	OK	 
REQUEST	1	adoption_340_Birth_Certificate_Nationality_Add	Adoption Birth Certificate Nationality Add Redirect 1	1646909974690	1646909974792	OK	 
GROUP	1	adoption_340_Birth_Certificate_Nationality_Add	1646909974271	1646909974983	708	OK
REQUEST	1	adoption_350_Birth_Certificate_Nationality_POST	Adoption Birth Certificate Nationality POST	1646909975990	1646909976530	OK	 
REQUEST	1	adoption_350_Birth_Certificate_Nationality_POST	Adoption Birth Certificate Nationality POST Redirect 1	1646909976531	1646909976709	OK	 
GROUP	1	adoption_350_Birth_Certificate_Nationality_POST	1646909975990	1646909976961	967	OK
REQUEST	1	adoption_360_Certificate_Details	Adoption Certificate Details	1646909977959	1646909978100	OK	 
GROUP	1	adoption_360_Certificate_Details	1646909977959	1646909978210	247	OK
REQUEST	1	adoption_370_Certificate_Details_Name	Adoption Certificate Details Name	1646909979209	1646909979495	OK	 
REQUEST	1	adoption_370_Certificate_Details_Name	Adoption Certificate Details Name Redirect 1	1646909979497	1646909979646	OK	 
GROUP	1	adoption_370_Certificate_Details_Name	1646909979209	1646909980899	689	OK
REQUEST	1	adoption_380_Placement_Order	Adoption Placement Order Details	1646909980900	1646909981148	OK	 
GROUP	1	adoption_380_Placement_Order	1646909980899	1646909981307	404	OK
REQUEST	1	adoption_390_Certificate_Placement_Order_Number	Adoption Placement Order Number	1646909982310	1646909982846	OK	 
REQUEST	1	adoption_390_Certificate_Placement_Order_Number	Adoption Placement Order Number Redirect 1	1646909982847	1646909983210	OK	 
GROUP	1	adoption_390_Certificate_Placement_Order_Number	1646909982310	1646909983282	968	OK
REQUEST	1	adoption_400_Certificate_Placement_Court	Adoption Placement Court	1646909984281	1646909984826	OK	 
REQUEST	1	adoption_400_Certificate_Placement_Court	Adoption Placement Court Redirect 1	1646909984828	1646909985074	OK	 
GROUP	1	adoption_400_Certificate_Placement_Court	1646909984281	1646909985158	872	OK
REQUEST	1	adoption_410_Certificate_Placement_Date	Adoption Placement Date	1646909986150	1646909986356	OK	 
REQUEST	1	adoption_410_Certificate_Placement_Date	Adoption Placement Date Redirect 1	1646909986357	1646909986671	OK	 
GROUP	1	adoption_410_Certificate_Placement_Date	1646909986150	1646909986761	608	OK
REQUEST	1	adoption_420_Certificate_Placement_Summary	Adoption Placement Summary	1646909987771	1646909988149	OK	 
REQUEST	1	adoption_420_Certificate_Placement_Summary	Adoption Placement Summary Redirect 1	1646909988149	1646909988852	OK	 
REQUEST	1	adoption_420_Certificate_Placement_Summary	Adoption Placement Summary Redirect 2	1646909988853	1646909989203	OK	 
GROUP	1	adoption_420_Certificate_Placement_Summary	1646909987770	1646909989382	1608	OK
REQUEST	1	adoption_430_Certificate_Placement_Type_2	Adoption Placement Type 2	1646909990380	1646909990681	OK	 
REQUEST	1	adoption_430_Certificate_Placement_Type_2	Adoption Placement Type 2 Redirect 1	1646909990682	1646909991253	OK	 
GROUP	1	adoption_430_Certificate_Placement_Type_2	1646909990379	1646909991354	970	OK
REQUEST	1	adoption_440_Certificate_Placement_Order_Number_2	Adoption Placement Order Number 2	1646909992360	1646909992691	OK	 
REQUEST	1	adoption_440_Certificate_Placement_Order_Number_2	Adoption Placement Order Number 2 Redirect 1	1646909992692	1646909993038	OK	 
GROUP	1	adoption_440_Certificate_Placement_Order_Number_2	1646909992359	1646909993118	754	OK
REQUEST	1	adoption_450_Certificate_Placement_Court_2	Adoption Placement Court 2	1646909994119	1646909994554	OK	 
REQUEST	1	adoption_450_Certificate_Placement_Court_2	Adoption Placement Court 2 Redirect 1	1646909994555	1646909994803	OK	 
GROUP	1	adoption_450_Certificate_Placement_Court_2	1646909994119	1646909994897	774	OK
REQUEST	1	adoption_460_Certificate_Placement_Date_2	Adoption Placement Date 2	1646909995889	1646909996547	OK	 
REQUEST	1	adoption_460_Certificate_Placement_Date_2	Adoption Placement Date 2 Redirect 1	1646909996548	1646909996817	OK	 
GROUP	1	adoption_460_Certificate_Placement_Date_2	1646909995889	1646909997013	1119	OK
REQUEST	1	adoption_470_Certificate_Placement_Summary_2	Adoption Placement Summary 2	1646909998021	1646909998343	OK	 
REQUEST	1	adoption_470_Certificate_Placement_Summary_2	Adoption Placement Summary 2 Redirect 1	1646909998345	1646909998411	OK	 
GROUP	1	adoption_470_Certificate_Placement_Summary_2	1646909998020	1646909998479	453	OK
REQUEST	1	adoption_480_Birth_Mother	Adoption Mother's Details	1646909999470	1646909999557	OK	 
GROUP	1	adoption_480_Birth_Mother	1646909999470	1646909999633	161	OK
REQUEST	1	adoption_490_Birth_Mother_Name	Adoption Mother's Name	1646910000640	1646910001281	OK	 
REQUEST	1	adoption_490_Birth_Mother_Name	Adoption Mother's Name Redirect 1	1646910001282	1646910001821	OK	 
GROUP	1	adoption_490_Birth_Mother_Name	1646910000640	1646910002097	1453	OK
REQUEST	1	adoption_495_Birth_Mother	Adoption Mother's Details	1646910003100	1646910003324	OK	 
GROUP	1	adoption_495_Birth_Mother	1646910003099	1646910003502	399	OK
REQUEST	1	adoption_500_Birth_Mother_Alive	Adoption Mother Still Alive?	1646910004499	1646910005022	OK	 
REQUEST	1	adoption_500_Birth_Mother_Alive	Adoption Mother Still Alive? Redirect 1	1646910005023	1646910005107	OK	 
GROUP	1	adoption_500_Birth_Mother_Alive	1646910004499	1646910005176	674	OK
REQUEST	1	adoption_510_Birth_Mother_Nationality_Add	Adoption Mother's Nationality Add	1646910006179	1646910006382	OK	 
REQUEST	1	adoption_510_Birth_Mother_Nationality_Add	Adoption Mother's Nationality Add Redirect 1	1646910006384	1646910006466	OK	 
GROUP	1	adoption_510_Birth_Mother_Nationality_Add	1646910006178	1646910006554	370	OK
REQUEST	1	adoption_520_Birth_Mother_Nationality_POSt	Adoption Mother's Nationality	1646910007560	1646910008132	OK	 
REQUEST	1	adoption_520_Birth_Mother_Nationality_POSt	Adoption Mother's Nationality Redirect 1	1646910008133	1646910008405	OK	 
GROUP	1	adoption_520_Birth_Mother_Nationality_POSt	1646910007559	1646910008531	967	OK
REQUEST	1	adoption_530_Birth_Mother_Occupation	Adoption Mother's Occupation	1646910009530	1646910010064	OK	 
REQUEST	1	adoption_530_Birth_Mother_Occupation	Adoption Mother's Occupation Redirect 1	1646910010065	1646910010127	OK	 
GROUP	1	adoption_530_Birth_Mother_Occupation	1646910009530	1646910010287	754	OK
REQUEST	1	adoption_535_Birth_Mother_Occupation_Redirect	Adoption Mother's Details Redirect	1646910011280	1646910011370	OK	 
GROUP	1	adoption_535_Birth_Mother_Occupation_Redirect	1646910011280	1646910011517	234	OK
REQUEST	1	adoption_540_Birth_Mother_Occupation	Adoption Mother's Address Known	1646910012519	1646910012828	OK	 
REQUEST	1	adoption_540_Birth_Mother_Occupation	Adoption Mother's Address Known Redirect 1	1646910012829	1646910012954	OK	 
GROUP	1	adoption_540_Birth_Mother_Occupation	1646910012519	1646910013093	570	OK
REQUEST	1	adoption_550_Birth_Mother_Address_Manual	Adoption Mother's Address Manual	1646910014098	1646910014383	OK	 
GROUP	1	adoption_550_Birth_Mother_Address_Manual	1646910014098	1646910014562	461	OK
REQUEST	1	adoption_560_Birth_Mother_Address_POST	Adoption Mother's Address	1646910015561	1646910015885	OK	 
REQUEST	1	adoption_560_Birth_Mother_Address_POST	Adoption Mother's Address Redirect 1	1646910015887	1646910016151	OK	 
GROUP	1	adoption_560_Birth_Mother_Address_POST	1646910015560	1646910016369	803	OK
REQUEST	1	adoption_570_Birth_Father_Details	Adoption Father's Details	1646910017369	1646910017462	OK	 
GROUP	1	adoption_570_Birth_Father_Details	1646910017369	1646910017545	174	OK
REQUEST	1	adoption_580_Birth_Father_Details_POST	Adoption Father's Details On Certificate	1646910018541	1646910018961	OK	 
REQUEST	1	adoption_580_Birth_Father_Details_POST	Adoption Father's Details On Certificate Redirect 1	1646910018962	1646910019072	OK	 
GROUP	1	adoption_580_Birth_Father_Details_POST	1646910018541	1646910019152	608	OK
REQUEST	1	adoption_590_Birth_Father_Name	Adoption Father's Name	1646910020160	1646910020560	OK	 
REQUEST	1	adoption_590_Birth_Father_Name	Adoption Father's Name Redirect 1	1646910020561	1646910020676	OK	 
GROUP	1	adoption_590_Birth_Father_Name	1646910020160	1646910020759	596	OK
REQUEST	1	adoption_600_Birth_Father_Alive	Adoption Father Still alive?	1646910021760	1646910022157	OK	 
REQUEST	1	adoption_600_Birth_Father_Alive	Adoption Father Still alive? Redirect 1	1646910022157	1646910022470	OK	 
GROUP	1	adoption_600_Birth_Father_Alive	1646910021760	1646910022848	1085	OK
REQUEST	1	adoption_610_Birth_Father_Nationality_Add	Adoption Father add Nationality	1646910023841	1646910024194	OK	 
REQUEST	1	adoption_610_Birth_Father_Nationality_Add	Adoption Father add Nationality Redirect 1	1646910024195	1646910024283	OK	 
GROUP	1	adoption_610_Birth_Father_Nationality_Add	1646910023841	1646910024359	514	OK
REQUEST	1	adoption_620_Birth_Father_Nationality_POST	Adoption Father's Nationality	1646910025371	1646910025786	OK	 
REQUEST	1	adoption_620_Birth_Father_Nationality_POST	Adoption Father's Nationality Redirect 1	1646910025787	1646910025943	OK	 
GROUP	1	adoption_620_Birth_Father_Nationality_POST	1646910025371	1646910026047	672	OK
REQUEST	1	adoption_630_Birth_Father_Occupation	Adoption Father's Occupation	1646910027041	1646910027653	OK	 
REQUEST	1	adoption_630_Birth_Father_Occupation	Adoption Father's Occupation Redirect 1	1646910027654	1646910027827	OK	 
GROUP	1	adoption_630_Birth_Father_Occupation	1646910027041	1646910027915	870	OK
REQUEST	1	adoption_640_Birth_Father_Occupation_Address_Known	Adoption Father's Address Known?	1646910028911	1646910029332	OK	 
REQUEST	1	adoption_640_Birth_Father_Occupation_Address_Known	Adoption Father's Address Known? Redirect 1	1646910029334	1646910029512	OK	 
GROUP	1	adoption_640_Birth_Father_Occupation_Address_Known	1646910028911	1646910029688	773	OK
REQUEST	1	adoption_640_Birth_Father_Occupation_Address_Manual	Adoption Father's Address Manual	1646910030699	1646910030847	OK	 
GROUP	1	adoption_640_Birth_Father_Occupation_Address_Manual	1646910030698	1646910030935	234	OK
REQUEST	1	adoption_640_Birth_Father_Occupation_Address_POST	Adoption Father's Address	1646910031930	1646910032630	OK	 
REQUEST	1	adoption_640_Birth_Father_Occupation_Address_POST	Adoption Father's Address Redirect 1	1646910032631	1646910032778	OK	 
GROUP	1	adoption_640_Birth_Father_Occupation_Address_POST	1646910031929	1646910032877	943	OK
REQUEST	1	adoption_650_Other_Parent_Exists	Adoption Other Parent	1646910033869	1646910033972	OK	 
GROUP	1	adoption_650_Other_Parent_Exists	1646910033868	1646910034070	199	OK
REQUEST	1	adoption_660_Other_Parent_Exists_POST	Adoption Other Parent Exists	1646910035080	1646910035276	OK	 
REQUEST	1	adoption_660_Other_Parent_Exists_POST	Adoption Other Parent Exists Redirect 1	1646910035277	1646910035347	OK	 
GROUP	1	adoption_660_Other_Parent_Exists_POST	1646910035080	1646910035424	339	OK
REQUEST	1	adoption_670_Other_Parent_Name	Adoption Other Parent Name	1646910036419	1646910036624	OK	 
REQUEST	1	adoption_670_Other_Parent_Name	Adoption Other Parent Name Redirect 1	1646910036625	1646910036721	OK	 
GROUP	1	adoption_670_Other_Parent_Name	1646910036418	1646910036816	393	OK
REQUEST	1	adoption_680_Other_Parent_Address_Known?	Adoption Other Parent Address known?	1646910037820	1646910038196	OK	 
REQUEST	1	adoption_680_Other_Parent_Address_Known?	Adoption Other Parent Address known? Redirect 1	1646910038198	1646910038422	OK	 
GROUP	1	adoption_680_Other_Parent_Address_Known?	1646910037820	1646910038687	863	OK
REQUEST	1	adoption_690_Other_Parent_Address_Manual	Adoption Other Parent Address Manual	1646910039680	1646910039742	OK	 
GROUP	1	adoption_690_Other_Parent_Address_Manual	1646910039680	1646910039814	131	OK
REQUEST	1	adoption_700_Other_Parent_Address_POST	Adoption Other Parent Address Manual	1646910040820	1646910041232	OK	 
REQUEST	1	adoption_700_Other_Parent_Address_POST	Adoption Other Parent Address Manual Redirect 1	1646910041234	1646910041402	OK	 
GROUP	1	adoption_700_Other_Parent_Address_POST	1646910040820	1646910041554	729	OK
REQUEST	1	adoption_710_Agency	Adoption Agency	1646910042551	1646910043024	OK	 
REQUEST	1	adoption_710_Agency	Adoption Agency Redirect 1	1646910043025	1646910043259	OK	 
GROUP	1	adoption_710_Agency	1646910042551	1646910043432	877	OK
REQUEST	1	adoption_720_Agency_Details	Adoption Agency Details	1646910044439	1646910044832	OK	 
REQUEST	1	adoption_720_Agency_Details	Adoption Agency Details Redirect 1	1646910044834	1646910044968	OK	 
GROUP	1	adoption_720_Agency_Details	1646910044439	1646910045041	598	OK
REQUEST	1	adoption_730_Other_Agency	Adoption Other Agency?	1646910046041	1646910046285	OK	 
REQUEST	1	adoption_730_Other_Agency	Adoption Other Agency? Redirect 1	1646910046287	1646910046777	OK	 
REQUEST	1	adoption_730_Other_Agency	Adoption Other Agency? Redirect 2	1646910046778	1646910047291	OK	 
GROUP	1	adoption_730_Other_Agency	1646910046041	1646910047350	1303	OK
REQUEST	1	adoption_740_Other_Agency_Details	Adoption Other Agency Details	1646910048349	1646910049133	OK	 
REQUEST	1	adoption_740_Other_Agency_Details	Adoption Other Agency Details Redirect 1	1646910049134	1646910049339	OK	 
GROUP	1	adoption_740_Other_Agency_Details	1646910048349	1646910049394	1041	OK
REQUEST	1	adoption_750_Social_Worker_Details	Adoption Social Worker Details	1646910050391	1646910050668	OK	 
REQUEST	1	adoption_750_Social_Worker_Details	Adoption Social Worker Details Redirect 1	1646910050669	1646910050735	OK	 
GROUP	1	adoption_750_Social_Worker_Details	1646910050391	1646910050790	396	OK
REQUEST	1	adoption_760_Sibling_Details	Adoption Sibling Details	1646910051790	1646910051877	OK	 
GROUP	1	adoption_760_Sibling_Details	1646910051790	1646910051982	189	OK
REQUEST	1	adoption_770_Sibling_Other?	Adoption Any Sibling?	1646910052980	1646910053292	OK	 
REQUEST	1	adoption_770_Sibling_Other?	Adoption Any Sibling? Redirect 1	1646910053293	1646910053563	OK	 
GROUP	1	adoption_770_Sibling_Other?	1646910052980	1646910053652	668	OK
REQUEST	1	adoption_780_Sibling_Court_Order_Exists?	Adoption Court Order Exists?	1646910054660	1646910055523	OK	 
REQUEST	1	adoption_780_Sibling_Court_Order_Exists?	Adoption Court Order Exists? Redirect 1	1646910055525	1646910056081	OK	 
GROUP	1	adoption_780_Sibling_Court_Order_Exists?	1646910054660	1646910056307	1643	OK
REQUEST	1	adoption_790_Sibling_Name?	Adoption Sibling Name	1646910057299	1646910057633	OK	 
REQUEST	1	adoption_790_Sibling_Name?	Adoption Sibling Name Redirect 1	1646910057634	1646910058041	OK	 
REQUEST	1	adoption_790_Sibling_Name?	Adoption Sibling Name Redirect 2	1646910058043	1646910058659	OK	 
GROUP	1	adoption_790_Sibling_Name?	1646910057298	1646910058993	1688	OK
REQUEST	1	adoption_800_Sibling_Order_Type	Adoption Order Type?	1646910059999	1646910060294	OK	 
REQUEST	1	adoption_800_Sibling_Order_Type	Adoption Order Type? Redirect 1	1646910060296	1646910060830	OK	 
GROUP	1	adoption_800_Sibling_Order_Type	1646910059999	1646910060938	934	OK
REQUEST	1	adoption_810_Sibling_Order_Number	Adoption Order Number	1646910061930	1646910062285	OK	 
REQUEST	1	adoption_810_Sibling_Order_Number	Adoption Order Number Redirect 1	1646910062286	1646910062374	OK	 
GROUP	1	adoption_810_Sibling_Order_Number	1646910061929	1646910062446	511	OK
REQUEST	1	adoption_820_Sibling_New_Order?	Adoption Add New Order?	1646910063451	1646910063626	OK	 
REQUEST	1	adoption_820_Sibling_New_Order?	Adoption Add New Order? Redirect 1	1646910063628	1646910063706	OK	 
GROUP	1	adoption_820_Sibling_New_Order?	1646910063451	1646910063784	326	OK
REQUEST	1	adoption_830_Sibling_Select	Adoption Select Sibling	1646910064789	1646910065054	OK	 
REQUEST	1	adoption_830_Sibling_Select	Adoption Select Sibling Redirect 1	1646910065056	1646910065311	OK	 
REQUEST	1	adoption_830_Sibling_Select	Adoption Select Sibling Redirect 2	1646910065313	1646910065600	OK	 
GROUP	1	adoption_830_Sibling_Select	1646910064788	1646910065653	857	OK
REQUEST	1	adoption_840_Sibling_Select	Adoption Order Type	1646910066649	1646910066825	OK	 
REQUEST	1	adoption_840_Sibling_Select	Adoption Order Type Redirect 1	1646910066826	1646910067059	OK	 
GROUP	1	adoption_840_Sibling_Select	1646910066649	1646910067233	580	OK
REQUEST	1	adoption_850_Sibling_Select	Adoption Order Number	1646910068240	1646910068882	OK	 
REQUEST	1	adoption_850_Sibling_Select	Adoption Order Number Redirect 1	1646910068883	1646910069034	OK	 
GROUP	1	adoption_850_Sibling_Select	1646910068240	1646910069105	861	OK
REQUEST	1	adoption_855_Sibling_Select	Adoption Order Number	1646910070100	1646910070353	OK	 
REQUEST	1	adoption_855_Sibling_Select	Adoption Order Number Redirect 1	1646910070355	1646910070412	OK	 
GROUP	1	adoption_855_Sibling_Select	1646910070099	1646910070493	388	OK
REQUEST	1	adoption_860_Sibling_Select	Adoption Order Number	1646910070493	1646910070684	OK	 
REQUEST	1	adoption_860_Sibling_Select	Adoption Order Number Redirect 1	1646910070685	1646910070740	OK	 
GROUP	1	adoption_860_Sibling_Select	1646910070493	1646910070814	318	OK
REQUEST	1	adoption_861_Family_Court	Adoption Family Court Redirect	1646910071820	1646910071895	OK	 
GROUP	1	adoption_861_Family_Court	1646910071820	1646910071973	145	OK
REQUEST	1	adoption_862_Family_Court_POST	Adoption Family Court Redirect	1646910071973	1646910072239	OK	 
REQUEST	1	adoption_862_Family_Court_POST	Adoption Family Court Redirect Redirect 1	1646910072240	1646910072367	OK	 
GROUP	1	adoption_862_Family_Court_POST	1646910071973	1646910072484	508	OK
REQUEST	1	adoption_870_Upload_Document	Adoption Birth Certificate Details	1646910072484	1646910072586	OK	 
GROUP	1	adoption_870_Upload_Document	1646910072484	1646910072687	201	OK
REQUEST	1	adoption_885_Upload_Document_POST	Adoption Certificate Upload POST	1646910073679	1646910074062	OK	 
REQUEST	1	adoption_885_Upload_Document_POST	Adoption Certificate Upload POST Redirect 1	1646910074062	1646910074153	OK	 
GROUP	1	adoption_885_Upload_Document_POST	1646910073679	1646910074240	559	OK
REQUEST	1	adoption_905_Equality_Redirect	Adoption Review Equality	1646910075251	1646910075663	OK	 
GROUP	1	adoption_905_Equality_Redirect	1646910075250	1646910075828	573	OK
REQUEST	1	adoption_910_Check_Your_Answers	Adoption Review Check Your Answers	1646910076819	1646910076887	OK	 
REQUEST	1	adoption_910_Check_Your_Answers	Adoption Review Check Your Answers Redirect 1	1646910076888	1646910076991	OK	 
GROUP	1	adoption_910_Check_Your_Answers	1646910076819	1646910077065	242	OK
REQUEST	1	adoption_920_Statement	Adoption Review Statement of Truth	1646910078070	1646910078419	OK	 
REQUEST	1	adoption_920_Statement	Adoption Review Statement of Truth Redirect 1	1646910078420	1646910079084	OK	 
GROUP	1	adoption_920_Statement	1646910078069	1646910079288	1215	OK
REQUEST	1	adoption_930_Pay_By_Card	Adoption Pay by Card	1646910080280	1646910082135	OK	 
REQUEST	1	adoption_930_Pay_By_Card	Adoption Pay by Card Redirect 1	1646910082136	1646910082239	OK	 
REQUEST	1	adoption_930_Pay_By_Card	Adoption Pay by Card Redirect 2	1646910082240	1646910082314	OK	 
GROUP	1	adoption_930_Pay_By_Card	1646910080280	1646910082431	2144	OK
ERROR	Adoption Pay by Card: Failed to build request: No attribute named 'Adoption' is defined 	1646910083442
GROUP	1	adoption_950_Card_Details	1646910083440	1646910083444	0	KO
USER	LAU Simulation	1	END	1646909915644	1646910083447
