RUN	simulations.mainSimulation	mainsimulation	1646755569539	 	3.3.1
USER	LAU Simulation	1	START	1646755570098	1646755570098
REQUEST	1	adoption_010_Homepage	Adoption Homepage	1646755570122	1646755571035	OK	 
REQUEST	1	adoption_010_Homepage	Adoption Homepage Redirect 1	1646755571063	1646755571121	OK	 
REQUEST	1	adoption_010_Homepage	Adoption Homepage Redirect 2	1646755571123	1646755571246	OK	 
GROUP	1	adoption_010_Homepage	1646755570105	1646755571971	1730	OK
REQUEST	1	Adoption_020_Login	Adoption Login	1646755573993	1646755574202	OK	 
REQUEST	1	Adoption_020_Login	Adoption Login Redirect 1	1646755574207	1646755574758	OK	 
REQUEST	1	Adoption_020_Login	Adoption Login Redirect 2	1646755574760	1646755575418	OK	 
REQUEST	1	Adoption_020_Login	Adoption Login Redirect 3	1646755575420	1646755575610	OK	 
GROUP	1	Adoption_020_Login	1646755573988	1646755576390	2377	OK
REQUEST	1	Adoption_030_Apply_With	Adoption Applying With	1646755578399	1646755578453	OK	 
GROUP	1	Adoption_030_Apply_With	1646755578398	1646755578530	122	OK
REQUEST	1	Adoption_040_Adoption_Applying_Post	Adoption Applying Post	1646755580529	1646755581199	OK	 
REQUEST	1	Adoption_040_Adoption_Applying_Post	Adoption Applying Post Redirect 1	1646755581201	1646755581420	OK	 
GROUP	1	Adoption_040_Adoption_Applying_Post	1646755580527	1646755581739	1194	OK
REQUEST	1	Adoption_050_Adoption_Applying_With_Redirect	Adoption Applying With Redirect	1646755583749	1646755583985	OK	 
GROUP	1	Adoption_050_Adoption_Applying_With_Redirect	1646755583748	1646755584070	316	OK
REQUEST	1	adoption_480_Birth_Mother	Adoption Mother's Details	1646755586068	1646755586425	KO	substring(What is the full name of the child's birth mother?).find.exists, found nothing
GROUP	1	adoption_480_Birth_Mother	1646755586067	1646755586430	357	KO
USER	LAU Simulation	1	END	1646755570098	1646755586438
