RUN	simulations.mainSimulation	mainsimulation	1646910686510	 	3.3.1
USER	LAU Simulation	1	START	1646910687133	1646910687133
REQUEST	1	adoption_010_Homepage	Adoption Homepage	1646910687160	1646910688180	OK	 
REQUEST	1	adoption_010_Homepage	Adoption Homepage Redirect 1	1646910688203	1646910688270	OK	 
REQUEST	1	adoption_010_Homepage	Adoption Homepage Redirect 2	1646910688271	1646910688368	OK	 
GROUP	1	adoption_010_Homepage	1646910687142	1646910689450	2169	OK
REQUEST	1	Adoption_020_Login	Adoption Login	1646910690468	1646910690877	OK	 
REQUEST	1	Adoption_020_Login	Adoption Login Redirect 1	1646910690882	1646910691223	OK	 
REQUEST	1	Adoption_020_Login	Adoption Login Redirect 2	1646910691225	1646910692405	OK	 
REQUEST	1	Adoption_020_Login	Adoption Login Redirect 3	1646910692406	1646910692514	OK	 
GROUP	1	Adoption_020_Login	1646910690464	1646910693233	2746	OK
REQUEST	1	Adoption_030_Apply_With	Adoption Applying With	1646910694234	1646910694319	OK	 
GROUP	1	Adoption_030_Apply_With	1646910694233	1646910694387	148	OK
REQUEST	1	Adoption_040_Adoption_Applying_Post	Adoption Applying Post	1646910695396	1646910695791	OK	 
REQUEST	1	Adoption_040_Adoption_Applying_Post	Adoption Applying Post Redirect 1	1646910695792	1646910695831	OK	 
GROUP	1	Adoption_040_Adoption_Applying_Post	1646910695394	1646910696338	937	OK
REQUEST	1	Adoption_050_Adoption_Applying_With_Redirect	Adoption Applying With Redirect	1646910697346	1646910697567	OK	 
GROUP	1	Adoption_050_Adoption_Applying_With_Redirect	1646910697345	1646910697912	561	OK
REQUEST	1	Adoption_060_Date_Of_Move	Adoption Date Child Moved in 	1646910698915	1646910699115	OK	 
GROUP	1	Adoption_060_Date_Of_Move	1646910698914	1646910699258	339	OK
REQUEST	1	Adoption_070_Date_Of_Move_POST	Adoption Date Child Moved in Post	1646910700255	1646910700704	OK	 
REQUEST	1	Adoption_070_Date_Of_Move_POST	Adoption Date Child Moved in Post Redirect 1	1646910700706	1646910700754	OK	 
REQUEST	1	Adoption_070_Date_Of_Move_POST,Adoption_050_Adoption_Applying_With_Redirect	Adoption Applying With Redirect	1646910701006	1646910701055	OK	 
GROUP	1	Adoption_070_Date_Of_Move_POST,Adoption_050_Adoption_Applying_With_Redirect	1646910701005	1646910701328	319	OK
GROUP	1	Adoption_070_Date_Of_Move_POST	1646910700254	1646910702324	1062	OK
REQUEST	1	Adoption_080_Your_Details	Adoption Your Personal Details 	1646910703335	1646910703377	OK	 
GROUP	1	Adoption_080_Your_Details	1646910703334	1646910703528	189	OK
REQUEST	1	Adoption_090_Your_Details_POST	Adoption Your Personal Details Post	1646910704523	1646910705315	OK	 
REQUEST	1	Adoption_090_Your_Details_POST	Adoption Your Personal Details Post Redirect 1	1646910705317	1646910705360	OK	 
GROUP	1	Adoption_090_Your_Details_POST	1646910704522	1646910705471	943	OK
REQUEST	1	Adoption_100_Your_Details_Other_Name	Adoption Your Personal Details Other Name	1646910706462	1646910706634	OK	 
REQUEST	1	Adoption_100_Your_Details_Other_Name	Adoption Your Personal Details Other Name Redirect 1	1646910706636	1646910706675	OK	 
GROUP	1	Adoption_100_Your_Details_Other_Name	1646910706462	1646910706871	402	OK
REQUEST	1	Adoption_110_Your_Details_DoB	Adoption Your Personal Details DoB	1646910707874	1646910707926	OK	 
GROUP	1	Adoption_110_Your_Details_DoB	1646910707874	1646910708008	130	OK
REQUEST	1	Adoption_120_Your_Details_DoB_POST	Adoption Your Personal Details DoB POST	1646910709015	1646910709417	OK	 
REQUEST	1	Adoption_120_Your_Details_DoB_POST	Adoption Your Personal Details DoB POST Redirect 1	1646910709418	1646910709591	OK	 
GROUP	1	Adoption_120_Your_Details_DoB_POST	1646910709014	1646910709854	834	OK
REQUEST	1	Adoption_130_Your_Details_Occupation	Adoption Your Personal Details Occupation	1646910710853	1646910711427	OK	 
REQUEST	1	Adoption_130_Your_Details_Occupation	Adoption Your Personal Details Occupation Redirect 1	1646910711429	1646910711461	OK	 
GROUP	1	Adoption_130_Your_Details_Occupation	1646910710852	1646910711785	926	OK
REQUEST	1	Adoption_140_Your_Contact_Details	Adoption Your Contact Details LookUp	1646910712793	1646910712832	OK	 
GROUP	1	Adoption_140_Your_Contact_Details	1646910712792	1646910713215	411	OK
REQUEST	1	Adoption_150_Your_Contact_Details_Manual	Adoption Your Contact Details Manual	1646910714215	1646910714251	OK	 
GROUP	1	Adoption_150_Your_Contact_Details_Manual	1646910714214	1646910714317	98	OK
REQUEST	1	Adoption_160_Your_Contact_Details_Manual_POST	Adoption Your Contact Details Manual POST	1646910715315	1646910715532	OK	 
REQUEST	1	Adoption_160_Your_Contact_Details_Manual_POST	Adoption Your Contact Details Manual POST Redirect 1	1646910715534	1646910715590	OK	 
GROUP	1	Adoption_160_Your_Contact_Details_Manual_POST	1646910715314	1646910717843	2523	OK
REQUEST	1	Adoption_170_Your_Contact_Details_POST	Adoption Your Contact Details POST	1646910718845	1646910719242	OK	 
REQUEST	1	Adoption_170_Your_Contact_Details_POST	Adoption Your Contact Details POST Redirect 1	1646910719243	1646910719286	OK	 
GROUP	1	Adoption_170_Your_Contact_Details_POST	1646910718844	1646910719382	533	OK
REQUEST	1	Adoption_180_Second_Personal_Details	Adoption Second Personal Details	1646910720374	1646910720415	OK	 
GROUP	1	Adoption_180_Second_Personal_Details	1646910720374	1646910720673	295	OK
REQUEST	1	Adoption_190_Second_Personal_Details_POST	Adoption Second Personal Details POST	1646910721673	1646910721854	OK	 
REQUEST	1	Adoption_190_Second_Personal_Details_POST	Adoption Second Personal Details POST Redirect 1	1646910721855	1646910721917	OK	 
GROUP	1	Adoption_190_Second_Personal_Details_POST	1646910721673	1646910722595	918	OK
REQUEST	1	Adoption_200_Second_Other_Name	Adoption Second Other Name	1646910723605	1646910723918	OK	 
REQUEST	1	Adoption_200_Second_Other_Name	Adoption Second Other Name Redirect 1	1646910723919	1646910724077	OK	 
GROUP	1	Adoption_200_Second_Other_Name	1646910723604	1646910724258	648	OK
REQUEST	1	Adoption_210_Second_Other_Name_Redirect	Adoption Second Other Name Redirect	1646910725253	1646910725426	OK	 
REQUEST	1	Adoption_210_Second_Other_Name_Redirect	Adoption Second Other Name Redirect Redirect 1	1646910725427	1646910725549	OK	 
GROUP	1	Adoption_210_Second_Other_Name_Redirect	1646910725252	1646910725644	388	OK
REQUEST	1	Adoption_220_Second_DoB	Adoption Second DoB	1646910726655	1646910727071	OK	 
REQUEST	1	Adoption_220_Second_DoB	Adoption Second DoB Redirect 1	1646910727072	1646910727130	OK	 
GROUP	1	Adoption_220_Second_DoB	1646910726655	1646910727239	580	OK
REQUEST	1	Adoption_230_Second_Occupation	Adoption Second Occupation	1646910728233	1646910728412	OK	 
REQUEST	1	Adoption_230_Second_Occupation	Adoption Second Occupation Redirect 1	1646910728413	1646910728461	OK	 
GROUP	1	Adoption_230_Second_Occupation	1646910728232	1646910728558	320	OK
REQUEST	1	Adoption_240_Second_Contact_Details_Same_Address	Adoption Second Contact Details Same-Address	1646910729555	1646910729606	OK	 
GROUP	1	Adoption_240_Second_Contact_Details_Same_Address	1646910729555	1646910729777	219	OK
REQUEST	1	Adoption_250_Second_Contact_Details_Same_Address_POST	Adoption Second Contact Details Same-Address POST	1646910730785	1646910730953	OK	 
REQUEST	1	Adoption_250_Second_Contact_Details_Same_Address_POST	Adoption Second Contact Details Same-Address POST Redirect 1	1646910730954	1646910730989	OK	 
GROUP	1	Adoption_250_Second_Contact_Details_Same_Address_POST	1646910730785	1646910731154	365	OK
REQUEST	1	Adoption_260_Second_Contact_Details_Manual_Redirect	Adoption Second Contact Details manual redirect	1646910732154	1646910732204	OK	 
GROUP	1	Adoption_260_Second_Contact_Details_Manual_Redirect	1646910732154	1646910732282	125	OK
REQUEST	1	Adoption_270_Second_Contact_Details_Manual_POST	Adoption Second Contact Details manual POST	1646910733275	1646910733441	OK	 
REQUEST	1	Adoption_270_Second_Contact_Details_Manual_POST	Adoption Second Contact Details manual POST Redirect 1	1646910733442	1646910733476	OK	 
GROUP	1	Adoption_270_Second_Contact_Details_Manual_POST	1646910733274	1646910733716	437	OK
REQUEST	1	Adoption_280_Second_Contact_Details__POST	Adoption Second Contact Details POST	1646910734724	1646910734943	OK	 
REQUEST	1	Adoption_280_Second_Contact_Details__POST	Adoption Second Contact Details POST Redirect 1	1646910734944	1646910734986	OK	 
GROUP	1	Adoption_280_Second_Contact_Details__POST	1646910734724	1646910735410	681	OK
REQUEST	1	adoption_290_Birth_Certificate	Adoption Birth Certificate Details	1646910736404	1646910736586	OK	 
GROUP	1	adoption_290_Birth_Certificate	1646910736404	1646910736765	358	OK
REQUEST	1	adoption_300_Birth_Certificate_Name	Adoption Birth Certificate Name	1646910737774	1646910738199	OK	 
REQUEST	1	adoption_300_Birth_Certificate_Name	Adoption Birth Certificate Name Redirect 1	1646910738201	1646910738257	OK	 
GROUP	1	adoption_300_Birth_Certificate_Name	1646910737774	1646910738504	725	OK
REQUEST	1	adoption_320_Birth_Certificate_DoB	Adoption Birth Certificate DoB	1646910739505	1646910739926	OK	 
REQUEST	1	adoption_320_Birth_Certificate_DoB	Adoption Birth Certificate DoB Redirect 1	1646910739927	1646910739972	OK	 
GROUP	1	adoption_320_Birth_Certificate_DoB	1646910739504	1646910740090	580	OK
REQUEST	1	adoption_330_Birth_Certificate_Sex	Adoption Birth Certificate Sex	1646910741082	1646910741359	OK	 
REQUEST	1	adoption_330_Birth_Certificate_Sex	Adoption Birth Certificate Sex Redirect 1	1646910741361	1646910741488	OK	 
GROUP	1	adoption_330_Birth_Certificate_Sex	1646910741082	1646910741599	512	OK
REQUEST	1	adoption_340_Birth_Certificate_Nationality_Add	Adoption Birth Certificate Nationality Add	1646910742603	1646910742767	OK	 
REQUEST	1	adoption_340_Birth_Certificate_Nationality_Add	Adoption Birth Certificate Nationality Add Redirect 1	1646910742769	1646910742808	OK	 
GROUP	1	adoption_340_Birth_Certificate_Nationality_Add	1646910742602	1646910742880	272	OK
REQUEST	1	adoption_350_Birth_Certificate_Nationality_POST	Adoption Birth Certificate Nationality POST	1646910743873	1646910744050	OK	 
REQUEST	1	adoption_350_Birth_Certificate_Nationality_POST	Adoption Birth Certificate Nationality POST Redirect 1	1646910744052	1646910744097	OK	 
GROUP	1	adoption_350_Birth_Certificate_Nationality_POST	1646910743872	1646910744169	290	OK
REQUEST	1	adoption_360_Certificate_Details	Adoption Certificate Details	1646910745173	1646910745220	OK	 
GROUP	1	adoption_360_Certificate_Details	1646910745173	1646910745483	306	OK
REQUEST	1	adoption_370_Certificate_Details_Name	Adoption Certificate Details Name	1646910746494	1646910746697	OK	 
REQUEST	1	adoption_370_Certificate_Details_Name	Adoption Certificate Details Name Redirect 1	1646910746698	1646910746737	OK	 
GROUP	1	adoption_370_Certificate_Details_Name	1646910746493	1646910747844	346	OK
REQUEST	1	adoption_380_Placement_Order	Adoption Placement Order Details	1646910747844	1646910748118	OK	 
GROUP	1	adoption_380_Placement_Order	1646910747844	1646910748589	743	OK
REQUEST	1	adoption_390_Certificate_Placement_Order_Number	Adoption Placement Order Number	1646910749585	1646910749801	OK	 
REQUEST	1	adoption_390_Certificate_Placement_Order_Number	Adoption Placement Order Number Redirect 1	1646910749802	1646910750086	OK	 
GROUP	1	adoption_390_Certificate_Placement_Order_Number	1646910749584	1646910750263	674	OK
REQUEST	1	adoption_400_Certificate_Placement_Court	Adoption Placement Court	1646910751264	1646910751804	OK	 
REQUEST	1	adoption_400_Certificate_Placement_Court	Adoption Placement Court Redirect 1	1646910751805	1646910752114	OK	 
GROUP	1	adoption_400_Certificate_Placement_Court	1646910751264	1646910752270	1003	OK
REQUEST	1	adoption_410_Certificate_Placement_Date	Adoption Placement Date	1646910753264	1646910753750	OK	 
REQUEST	1	adoption_410_Certificate_Placement_Date	Adoption Placement Date Redirect 1	1646910753752	1646910754160	OK	 
GROUP	1	adoption_410_Certificate_Placement_Date	1646910753264	1646910754235	966	OK
REQUEST	1	adoption_420_Certificate_Placement_Summary	Adoption Placement Summary	1646910755244	1646910755411	OK	 
REQUEST	1	adoption_420_Certificate_Placement_Summary	Adoption Placement Summary Redirect 1	1646910755412	1646910755567	OK	 
REQUEST	1	adoption_420_Certificate_Placement_Summary	Adoption Placement Summary Redirect 2	1646910755567	1646910756041	OK	 
GROUP	1	adoption_420_Certificate_Placement_Summary	1646910755243	1646910756108	860	OK
REQUEST	1	adoption_430_Certificate_Placement_Type_2	Adoption Placement Type 2	1646910757104	1646910757290	OK	 
REQUEST	1	adoption_430_Certificate_Placement_Type_2	Adoption Placement Type 2 Redirect 1	1646910757292	1646910757487	OK	 
GROUP	1	adoption_430_Certificate_Placement_Type_2	1646910757103	1646910757708	598	OK
REQUEST	1	adoption_440_Certificate_Placement_Order_Number_2	Adoption Placement Order Number 2	1646910758705	1646910758878	OK	 
REQUEST	1	adoption_440_Certificate_Placement_Order_Number_2	Adoption Placement Order Number 2 Redirect 1	1646910758879	1646910759066	OK	 
GROUP	1	adoption_440_Certificate_Placement_Order_Number_2	1646910758704	1646910759274	565	OK
REQUEST	1	adoption_450_Certificate_Placement_Court_2	Adoption Placement Court 2	1646910760284	1646910760462	OK	 
REQUEST	1	adoption_450_Certificate_Placement_Court_2	Adoption Placement Court 2 Redirect 1	1646910760464	1646910760633	OK	 
GROUP	1	adoption_450_Certificate_Placement_Court_2	1646910760284	1646910760709	420	OK
REQUEST	1	adoption_460_Certificate_Placement_Date_2	Adoption Placement Date 2	1646910761703	1646910761878	OK	 
REQUEST	1	adoption_460_Certificate_Placement_Date_2	Adoption Placement Date 2 Redirect 1	1646910761879	1646910762276	OK	 
GROUP	1	adoption_460_Certificate_Placement_Date_2	1646910761703	1646910762770	1063	OK
REQUEST	1	adoption_470_Certificate_Placement_Summary_2	Adoption Placement Summary 2	1646910763764	1646910764545	OK	 
REQUEST	1	adoption_470_Certificate_Placement_Summary_2	Adoption Placement Summary 2 Redirect 1	1646910764546	1646910764590	OK	 
GROUP	1	adoption_470_Certificate_Placement_Summary_2	1646910763764	1646910764672	904	OK
REQUEST	1	adoption_480_Birth_Mother	Adoption Mother's Details	1646910765682	1646910765729	OK	 
GROUP	1	adoption_480_Birth_Mother	1646910765682	1646910765811	126	OK
REQUEST	1	adoption_490_Birth_Mother_Name	Adoption Mother's Name	1646910766805	1646910766977	OK	 
REQUEST	1	adoption_490_Birth_Mother_Name	Adoption Mother's Name Redirect 1	1646910766978	1646910767021	OK	 
GROUP	1	adoption_490_Birth_Mother_Name	1646910766804	1646910767437	628	OK
REQUEST	1	adoption_495_Birth_Mother	Adoption Mother's Details	1646910768444	1646910768486	OK	 
GROUP	1	adoption_495_Birth_Mother	1646910768444	1646910768911	464	OK
REQUEST	1	adoption_500_Birth_Mother_Alive	Adoption Mother Still Alive?	1646910769904	1646910770077	OK	 
REQUEST	1	adoption_500_Birth_Mother_Alive	Adoption Mother Still Alive? Redirect 1	1646910770078	1646910770115	OK	 
GROUP	1	adoption_500_Birth_Mother_Alive	1646910769904	1646910770184	277	OK
REQUEST	1	adoption_510_Birth_Mother_Nationality_Add	Adoption Mother's Nationality Add	1646910771195	1646910771604	OK	 
REQUEST	1	adoption_510_Birth_Mother_Nationality_Add	Adoption Mother's Nationality Add Redirect 1	1646910771606	1646910771771	OK	 
GROUP	1	adoption_510_Birth_Mother_Nationality_Add	1646910771194	1646910771839	639	OK
REQUEST	1	adoption_520_Birth_Mother_Nationality_POSt	Adoption Mother's Nationality	1646910772832	1646910773101	OK	 
REQUEST	1	adoption_520_Birth_Mother_Nationality_POSt	Adoption Mother's Nationality Redirect 1	1646910773101	1646910773151	OK	 
GROUP	1	adoption_520_Birth_Mother_Nationality_POSt	1646910772832	1646910773241	407	OK
REQUEST	1	adoption_530_Birth_Mother_Occupation	Adoption Mother's Occupation	1646910774244	1646910774594	OK	 
REQUEST	1	adoption_530_Birth_Mother_Occupation	Adoption Mother's Occupation Redirect 1	1646910774595	1646910774684	OK	 
GROUP	1	adoption_530_Birth_Mother_Occupation	1646910774243	1646910774856	608	OK
REQUEST	1	adoption_535_Birth_Mother_Occupation_Redirect	Adoption Mother's Details Redirect	1646910775854	1646910776048	OK	 
GROUP	1	adoption_535_Birth_Mother_Occupation_Redirect	1646910775854	1646910776228	371	OK
REQUEST	1	adoption_540_Birth_Mother_Occupation	Adoption Mother's Address Known	1646910777232	1646910777711	OK	 
REQUEST	1	adoption_540_Birth_Mother_Occupation	Adoption Mother's Address Known Redirect 1	1646910777712	1646910777764	OK	 
GROUP	1	adoption_540_Birth_Mother_Occupation	1646910777232	1646910777840	604	OK
REQUEST	1	adoption_550_Birth_Mother_Address_Manual	Adoption Mother's Address Manual	1646910778832	1646910778881	OK	 
GROUP	1	adoption_550_Birth_Mother_Address_Manual	1646910778832	1646910778994	159	OK
REQUEST	1	adoption_560_Birth_Mother_Address_POST	Adoption Mother's Address	1646910780004	1646910780202	OK	 
REQUEST	1	adoption_560_Birth_Mother_Address_POST	Adoption Mother's Address Redirect 1	1646910780203	1646910780314	OK	 
GROUP	1	adoption_560_Birth_Mother_Address_POST	1646910780004	1646910780394	386	OK
REQUEST	1	adoption_570_Birth_Father_Details	Adoption Father's Details	1646910781394	1646910781522	OK	 
GROUP	1	adoption_570_Birth_Father_Details	1646910781394	1646910781667	270	OK
REQUEST	1	adoption_580_Birth_Father_Details_POST	Adoption Father's Details On Certificate	1646910782665	1646910783175	OK	 
REQUEST	1	adoption_580_Birth_Father_Details_POST	Adoption Father's Details On Certificate Redirect 1	1646910783176	1646910783217	OK	 
GROUP	1	adoption_580_Birth_Father_Details_POST	1646910782665	1646910783372	705	OK
REQUEST	1	adoption_590_Birth_Father_Name	Adoption Father's Name	1646910784365	1646910784563	OK	 
REQUEST	1	adoption_590_Birth_Father_Name	Adoption Father's Name Redirect 1	1646910784565	1646910784601	OK	 
GROUP	1	adoption_590_Birth_Father_Name	1646910784364	1646910784686	316	OK
REQUEST	1	adoption_600_Birth_Father_Alive	Adoption Father Still alive?	1646910785694	1646910785896	OK	 
REQUEST	1	adoption_600_Birth_Father_Alive	Adoption Father Still alive? Redirect 1	1646910785898	1646910786015	OK	 
GROUP	1	adoption_600_Birth_Father_Alive	1646910785693	1646910786114	416	OK
REQUEST	1	adoption_610_Birth_Father_Nationality_Add	Adoption Father add Nationality	1646910787113	1646910787319	OK	 
REQUEST	1	adoption_610_Birth_Father_Nationality_Add	Adoption Father add Nationality Redirect 1	1646910787321	1646910787401	OK	 
GROUP	1	adoption_610_Birth_Father_Nationality_Add	1646910787112	1646910787580	462	OK
REQUEST	1	adoption_620_Birth_Father_Nationality_POST	Adoption Father's Nationality	1646910788584	1646910788960	OK	 
REQUEST	1	adoption_620_Birth_Father_Nationality_POST	Adoption Father's Nationality Redirect 1	1646910788962	1646910789143	OK	 
GROUP	1	adoption_620_Birth_Father_Nationality_POST	1646910788584	1646910789846	1257	OK
REQUEST	1	adoption_630_Birth_Father_Occupation	Adoption Father's Occupation	1646910790844	1646910791019	OK	 
REQUEST	1	adoption_630_Birth_Father_Occupation	Adoption Father's Occupation Redirect 1	1646910791020	1646910791082	OK	 
GROUP	1	adoption_630_Birth_Father_Occupation	1646910790844	1646910791254	406	OK
REQUEST	1	adoption_640_Birth_Father_Occupation_Address_Known	Adoption Father's Address Known?	1646910792255	1646910792740	OK	 
REQUEST	1	adoption_640_Birth_Father_Occupation_Address_Known	Adoption Father's Address Known? Redirect 1	1646910792741	1646910792784	OK	 
GROUP	1	adoption_640_Birth_Father_Occupation_Address_Known	1646910792254	1646910792847	588	OK
REQUEST	1	adoption_640_Birth_Father_Occupation_Address_Manual	Adoption Father's Address Manual	1646910793845	1646910793888	OK	 
GROUP	1	adoption_640_Birth_Father_Occupation_Address_Manual	1646910793844	1646910794243	396	OK
REQUEST	1	adoption_640_Birth_Father_Occupation_Address_POST	Adoption Father's Address	1646910795255	1646910795443	OK	 
REQUEST	1	adoption_640_Birth_Father_Occupation_Address_POST	Adoption Father's Address Redirect 1	1646910795445	1646910795486	OK	 
GROUP	1	adoption_640_Birth_Father_Occupation_Address_POST	1646910795255	1646910795861	602	OK
REQUEST	1	adoption_650_Other_Parent_Exists	Adoption Other Parent	1646910796844	1646910796892	OK	 
GROUP	1	adoption_650_Other_Parent_Exists	1646910796844	1646910796961	114	OK
REQUEST	1	adoption_660_Other_Parent_Exists_POST	Adoption Other Parent Exists	1646910797962	1646910798395	OK	 
REQUEST	1	adoption_660_Other_Parent_Exists_POST	Adoption Other Parent Exists Redirect 1	1646910798396	1646910798434	OK	 
GROUP	1	adoption_660_Other_Parent_Exists_POST	1646910797962	1646910798510	544	OK
REQUEST	1	adoption_670_Other_Parent_Name	Adoption Other Parent Name	1646910799514	1646910799686	OK	 
REQUEST	1	adoption_670_Other_Parent_Name	Adoption Other Parent Name Redirect 1	1646910799687	1646910800434	OK	 
GROUP	1	adoption_670_Other_Parent_Name	1646910799514	1646910800534	1017	OK
REQUEST	1	adoption_680_Other_Parent_Address_Known?	Adoption Other Parent Address known?	1646910801544	1646910801967	OK	 
REQUEST	1	adoption_680_Other_Parent_Address_Known?	Adoption Other Parent Address known? Redirect 1	1646910801968	1646910802013	OK	 
GROUP	1	adoption_680_Other_Parent_Address_Known?	1646910801544	1646910802461	914	OK
REQUEST	1	adoption_690_Other_Parent_Address_Manual	Adoption Other Parent Address Manual	1646910803454	1646910803594	OK	 
GROUP	1	adoption_690_Other_Parent_Address_Manual	1646910803454	1646910803772	315	OK
REQUEST	1	adoption_700_Other_Parent_Address_POST	Adoption Other Parent Address Manual	1646910804773	1646910805153	OK	 
REQUEST	1	adoption_700_Other_Parent_Address_POST	Adoption Other Parent Address Manual Redirect 1	1646910805155	1646910805205	OK	 
GROUP	1	adoption_700_Other_Parent_Address_POST	1646910804772	1646910805348	570	OK
REQUEST	1	adoption_710_Agency	Adoption Agency	1646910806344	1646910806575	OK	 
REQUEST	1	adoption_710_Agency	Adoption Agency Redirect 1	1646910806577	1646910806758	OK	 
GROUP	1	adoption_710_Agency	1646910806343	1646910806836	487	OK
REQUEST	1	adoption_720_Agency_Details	Adoption Agency Details	1646910807845	1646910808026	OK	 
REQUEST	1	adoption_720_Agency_Details	Adoption Agency Details Redirect 1	1646910808027	1646910808126	OK	 
GROUP	1	adoption_720_Agency_Details	1646910807844	1646910808311	463	OK
REQUEST	1	adoption_730_Other_Agency	Adoption Other Agency?	1646910809305	1646910809557	OK	 
REQUEST	1	adoption_730_Other_Agency	Adoption Other Agency? Redirect 1	1646910809558	1646910809753	OK	 
REQUEST	1	adoption_730_Other_Agency	Adoption Other Agency? Redirect 2	1646910809754	1646910809938	OK	 
GROUP	1	adoption_730_Other_Agency	1646910809305	1646910810004	695	OK
REQUEST	1	adoption_740_Other_Agency_Details	Adoption Other Agency Details	1646910811014	1646910811401	OK	 
REQUEST	1	adoption_740_Other_Agency_Details	Adoption Other Agency Details Redirect 1	1646910811402	1646910811449	OK	 
GROUP	1	adoption_740_Other_Agency_Details	1646910811014	1646910811783	765	OK
REQUEST	1	adoption_750_Social_Worker_Details	Adoption Social Worker Details	1646910812784	1646910812991	OK	 
REQUEST	1	adoption_750_Social_Worker_Details	Adoption Social Worker Details Redirect 1	1646910812993	1646910813032	OK	 
GROUP	1	adoption_750_Social_Worker_Details	1646910812783	1646910813274	485	OK
REQUEST	1	adoption_760_Sibling_Details	Adoption Sibling Details	1646910814275	1646910814322	OK	 
GROUP	1	adoption_760_Sibling_Details	1646910814274	1646910814684	407	OK
REQUEST	1	adoption_770_Sibling_Other?	Adoption Any Sibling?	1646910815684	1646910816091	OK	 
REQUEST	1	adoption_770_Sibling_Other?	Adoption Any Sibling? Redirect 1	1646910816092	1646910816136	OK	 
GROUP	1	adoption_770_Sibling_Other?	1646910815683	1646910816405	717	OK
REQUEST	1	adoption_780_Sibling_Court_Order_Exists?	Adoption Court Order Exists?	1646910817403	1646910817722	OK	 
REQUEST	1	adoption_780_Sibling_Court_Order_Exists?	Adoption Court Order Exists? Redirect 1	1646910817724	1646910818069	OK	 
GROUP	1	adoption_780_Sibling_Court_Order_Exists?	1646910817403	1646910818395	988	OK
REQUEST	1	adoption_790_Sibling_Name?	Adoption Sibling Name	1646910819394	1646910819740	OK	 
REQUEST	1	adoption_790_Sibling_Name?	Adoption Sibling Name Redirect 1	1646910819742	1646910819911	OK	 
REQUEST	1	adoption_790_Sibling_Name?	Adoption Sibling Name Redirect 2	1646910819912	1646910820439	OK	 
GROUP	1	adoption_790_Sibling_Name?	1646910819394	1646910820521	1121	OK
REQUEST	1	adoption_800_Sibling_Order_Type	Adoption Order Type?	1646910821516	1646910821707	OK	 
REQUEST	1	adoption_800_Sibling_Order_Type	Adoption Order Type? Redirect 1	1646910821709	1646910821961	OK	 
GROUP	1	adoption_800_Sibling_Order_Type	1646910821515	1646910822058	537	OK
REQUEST	1	adoption_810_Sibling_Order_Number	Adoption Order Number	1646910823063	1646910823230	OK	 
REQUEST	1	adoption_810_Sibling_Order_Number	Adoption Order Number Redirect 1	1646910823232	1646910823275	OK	 
GROUP	1	adoption_810_Sibling_Order_Number	1646910823063	1646910823348	280	OK
REQUEST	1	adoption_820_Sibling_New_Order?	Adoption Add New Order?	1646910824344	1646910824529	OK	 
REQUEST	1	adoption_820_Sibling_New_Order?	Adoption Add New Order? Redirect 1	1646910824531	1646910824614	OK	 
GROUP	1	adoption_820_Sibling_New_Order?	1646910824343	1646910824734	384	OK
REQUEST	1	adoption_830_Sibling_Select	Adoption Select Sibling	1646910825744	1646910825972	OK	 
REQUEST	1	adoption_830_Sibling_Select	Adoption Select Sibling Redirect 1	1646910825974	1646910826160	OK	 
REQUEST	1	adoption_830_Sibling_Select	Adoption Select Sibling Redirect 2	1646910826161	1646910826332	OK	 
GROUP	1	adoption_830_Sibling_Select	1646910825743	1646910826419	670	OK
REQUEST	1	adoption_840_Sibling_Select	Adoption Order Type	1646910827414	1646910827681	OK	 
REQUEST	1	adoption_840_Sibling_Select	Adoption Order Type Redirect 1	1646910827683	1646910827880	OK	 
GROUP	1	adoption_840_Sibling_Select	1646910827414	1646910827961	542	OK
REQUEST	1	adoption_850_Sibling_Select	Adoption Order Number	1646910828952	1646910829125	OK	 
REQUEST	1	adoption_850_Sibling_Select	Adoption Order Number Redirect 1	1646910829126	1646910829411	OK	 
GROUP	1	adoption_850_Sibling_Select	1646910828952	1646910829738	782	OK
REQUEST	1	adoption_855_Sibling_Select	Adoption Order Number	1646910830743	1646910831137	OK	 
REQUEST	1	adoption_855_Sibling_Select	Adoption Order Number Redirect 1	1646910831139	1646910831196	OK	 
GROUP	1	adoption_855_Sibling_Select	1646910830742	1646910831283	529	OK
REQUEST	1	adoption_860_Sibling_Select	Adoption Order Number	1646910831283	1646910831448	OK	 
REQUEST	1	adoption_860_Sibling_Select	Adoption Order Number Redirect 1	1646910831449	1646910831482	OK	 
GROUP	1	adoption_860_Sibling_Select	1646910831283	1646910831651	364	OK
REQUEST	1	adoption_861_Family_Court	Adoption Family Court Redirect	1646910832652	1646910832687	OK	 
GROUP	1	adoption_861_Family_Court	1646910832652	1646910832759	105	OK
REQUEST	1	adoption_862_Family_Court_POST	Adoption Family Court Redirect	1646910832760	1646910832920	OK	 
REQUEST	1	adoption_862_Family_Court_POST	Adoption Family Court Redirect Redirect 1	1646910832920	1646910832968	OK	 
GROUP	1	adoption_862_Family_Court_POST	1646910832760	1646910833036	274	OK
REQUEST	1	adoption_870_Upload_Document	Adoption Birth Certificate Details	1646910833036	1646910833083	OK	 
GROUP	1	adoption_870_Upload_Document	1646910833036	1646910833150	112	OK
REQUEST	1	adoption_885_Upload_Document_POST	Adoption Certificate Upload POST	1646910834154	1646910834439	OK	 
REQUEST	1	adoption_885_Upload_Document_POST	Adoption Certificate Upload POST Redirect 1	1646910834441	1646910834535	OK	 
GROUP	1	adoption_885_Upload_Document_POST	1646910834154	1646910834607	449	OK
REQUEST	1	adoption_905_Equality_Redirect	Adoption Review Equality	1646910835604	1646910840324	OK	 
GROUP	1	adoption_905_Equality_Redirect	1646910835604	1646910840789	5183	OK
REQUEST	1	adoption_910_Check_Your_Answers	Adoption Review Check Your Answers	1646910841794	1646910841906	OK	 
REQUEST	1	adoption_910_Check_Your_Answers	Adoption Review Check Your Answers Redirect 1	1646910841908	1646910841964	OK	 
GROUP	1	adoption_910_Check_Your_Answers	1646910841794	1646910842096	299	OK
REQUEST	1	adoption_920_Statement	Adoption Review Statement of Truth	1646910843093	1646910843597	OK	 
REQUEST	1	adoption_920_Statement	Adoption Review Statement of Truth Redirect 1	1646910843598	1646910844082	OK	 
GROUP	1	adoption_920_Statement	1646910843092	1646910844171	1076	OK
REQUEST	1	adoption_930_Pay_By_Card	Adoption Pay by Card	1646910845174	1646910847751	OK	 
REQUEST	1	adoption_930_Pay_By_Card	Adoption Pay by Card Redirect 1	1646910847753	1646910847855	OK	 
REQUEST	1	adoption_930_Pay_By_Card	Adoption Pay by Card Redirect 2	1646910847856	1646910847953	OK	 
GROUP	1	adoption_930_Pay_By_Card	1646910845174	1646910848057	2875	OK
REQUEST	1	adoption_950_Card_Details	Adoption Pay by Card	1646910849057	1646910849085	KO	status.find.in(200,201,202,203,204,205,206,207,208,209,304), found 500
GROUP	1	adoption_950_Card_Details	1646910849054	1646910849089	28	KO
USER	LAU Simulation	1	END	1646910687133	1646910849095
