RUN	simulations.mainSimulation	mainsimulation	1646846766440	 	3.3.1
USER	LAU Simulation	1	START	1646846767402	1646846767402
REQUEST	1	adoption_010_Homepage	Adoption Homepage	1646846767423	1646846767473	OK	 
REQUEST	1	adoption_010_Homepage	Adoption Homepage Redirect 1	1646846767495	1646846767521	OK	 
REQUEST	1	adoption_010_Homepage	Adoption Homepage Redirect 2	1646846767522	1646846767739	OK	 
GROUP	1	adoption_010_Homepage	1646846767409	1646846768449	909	OK
REQUEST	1	Adoption_020_Login	Adoption Login	1646846769474	1646846769821	OK	 
REQUEST	1	Adoption_020_Login	Adoption Login Redirect 1	1646846769827	1646846770183	OK	 
REQUEST	1	Adoption_020_Login	Adoption Login Redirect 2	1646846770185	1646846771352	OK	 
REQUEST	1	Adoption_020_Login	Adoption Login Redirect 3	1646846771353	1646846771439	OK	 
GROUP	1	Adoption_020_Login	1646846769470	1646846772488	2995	OK
REQUEST	1	Adoption_030_Apply_With	Adoption Applying With	1646846773490	1646846773529	OK	 
GROUP	1	Adoption_030_Apply_With	1646846773489	1646846773607	110	OK
REQUEST	1	Adoption_040_Adoption_Applying_Post	Adoption Applying Post	1646846774602	1646846774784	OK	 
REQUEST	1	Adoption_040_Adoption_Applying_Post	Adoption Applying Post Redirect 1	1646846774786	1646846774821	OK	 
GROUP	1	Adoption_040_Adoption_Applying_Post	1646846774600	1646846774928	319	OK
REQUEST	1	Adoption_050_Adoption_Applying_With_Redirect	Adoption Applying With Redirect	1646846775932	1646846775982	OK	 
GROUP	1	Adoption_050_Adoption_Applying_With_Redirect	1646846775931	1646846776054	118	OK
REQUEST	1	Adoption_060_Date_Of_Move	Adoption Date Child Moved in 	1646846777062	1646846777127	OK	 
GROUP	1	Adoption_060_Date_Of_Move	1646846777061	1646846777254	188	OK
REQUEST	1	Adoption_070_Date_Of_Move_POST	Adoption Date Child Moved in Post	1646846778252	1646846778726	OK	 
REQUEST	1	Adoption_070_Date_Of_Move_POST	Adoption Date Child Moved in Post Redirect 1	1646846778728	1646846778768	OK	 
REQUEST	1	Adoption_070_Date_Of_Move_POST,Adoption_050_Adoption_Applying_With_Redirect	Adoption Applying With Redirect	1646846778841	1646846778876	OK	 
GROUP	1	Adoption_070_Date_Of_Move_POST,Adoption_050_Adoption_Applying_With_Redirect	1646846778841	1646846778945	101	OK
GROUP	1	Adoption_070_Date_Of_Move_POST	1646846778251	1646846779940	685	OK
REQUEST	1	Adoption_080_Your_Details	Adoption Your Personal Details 	1646846780952	1646846781002	OK	 
GROUP	1	Adoption_080_Your_Details	1646846780952	1646846781120	163	OK
REQUEST	1	Adoption_090_Your_Details_POST	Adoption Your Personal Details Post	1646846782111	1646846782413	OK	 
REQUEST	1	Adoption_090_Your_Details_POST	Adoption Your Personal Details Post Redirect 1	1646846782415	1646846782457	OK	 
GROUP	1	Adoption_090_Your_Details_POST	1646846782110	1646846782542	425	OK
REQUEST	1	Adoption_100_Your_Details_Other_Name	Adoption Your Personal Details Other Name	1646846783551	1646846784013	OK	 
REQUEST	1	Adoption_100_Your_Details_Other_Name	Adoption Your Personal Details Other Name Redirect 1	1646846784015	1646846784192	OK	 
GROUP	1	Adoption_100_Your_Details_Other_Name	1646846783551	1646846784358	800	OK
REQUEST	1	Adoption_110_Your_Details_DoB	Adoption Your Personal Details DoB	1646846785350	1646846785489	OK	 
GROUP	1	Adoption_110_Your_Details_DoB	1646846785350	1646846785575	221	OK
REQUEST	1	Adoption_120_Your_Details_DoB_POST	Adoption Your Personal Details DoB POST	1646846786582	1646846787117	OK	 
REQUEST	1	Adoption_120_Your_Details_DoB_POST	Adoption Your Personal Details DoB POST Redirect 1	1646846787119	1646846787157	OK	 
GROUP	1	Adoption_120_Your_Details_DoB_POST	1646846786581	1646846787275	688	OK
REQUEST	1	Adoption_130_Your_Details_Occupation	Adoption Your Personal Details Occupation	1646846788272	1646846788450	OK	 
REQUEST	1	Adoption_130_Your_Details_Occupation	Adoption Your Personal Details Occupation Redirect 1	1646846788451	1646846788484	OK	 
GROUP	1	Adoption_130_Your_Details_Occupation	1646846788272	1646846788586	310	OK
REQUEST	1	Adoption_140_Your_Contact_Details	Adoption Your Contact Details LookUp	1646846789591	1646846789644	OK	 
GROUP	1	Adoption_140_Your_Contact_Details	1646846789591	1646846789730	136	OK
REQUEST	1	Adoption_150_Your_Contact_Details_Manual	Adoption Your Contact Details Manual	1646846790731	1646846790777	OK	 
GROUP	1	Adoption_150_Your_Contact_Details_Manual	1646846790730	1646846790859	125	OK
REQUEST	1	Adoption_160_Your_Contact_Details_Manual_POST	Adoption Your Contact Details Manual POST	1646846791850	1646846792116	OK	 
REQUEST	1	Adoption_160_Your_Contact_Details_Manual_POST	Adoption Your Contact Details Manual POST Redirect 1	1646846792118	1646846792156	OK	 
GROUP	1	Adoption_160_Your_Contact_Details_Manual_POST	1646846791850	1646846792349	494	OK
REQUEST	1	Adoption_170_Your_Contact_Details_POST	Adoption Your Contact Details POST	1646846793353	1646846793525	OK	 
REQUEST	1	Adoption_170_Your_Contact_Details_POST	Adoption Your Contact Details POST Redirect 1	1646846793526	1646846793582	OK	 
GROUP	1	Adoption_170_Your_Contact_Details_POST	1646846793352	1646846793885	528	OK
REQUEST	1	Adoption_180_Second_Personal_Details	Adoption Second Personal Details	1646846794890	1646846794934	OK	 
GROUP	1	Adoption_180_Second_Personal_Details	1646846794889	1646846795046	152	OK
REQUEST	1	Adoption_190_Second_Personal_Details_POST	Adoption Second Personal Details POST	1646846796041	1646846796349	OK	 
REQUEST	1	Adoption_190_Second_Personal_Details_POST	Adoption Second Personal Details POST Redirect 1	1646846796350	1646846796583	OK	 
GROUP	1	Adoption_190_Second_Personal_Details_POST	1646846796040	1646846796875	830	OK
REQUEST	1	Adoption_200_Second_Other_Name	Adoption Second Other Name	1646846797880	1646846798184	OK	 
REQUEST	1	Adoption_200_Second_Other_Name	Adoption Second Other Name Redirect 1	1646846798186	1646846798340	OK	 
GROUP	1	Adoption_200_Second_Other_Name	1646846797880	1646846798492	606	OK
REQUEST	1	Adoption_210_Second_Other_Name_Redirect	Adoption Second Other Name Redirect	1646846799491	1646846799821	OK	 
REQUEST	1	Adoption_210_Second_Other_Name_Redirect	Adoption Second Other Name Redirect Redirect 1	1646846799822	1646846799871	OK	 
GROUP	1	Adoption_210_Second_Other_Name_Redirect	1646846799490	1646846799955	461	OK
REQUEST	1	Adoption_220_Second_DoB	Adoption Second DoB	1646846800960	1646846801459	OK	 
REQUEST	1	Adoption_220_Second_DoB	Adoption Second DoB Redirect 1	1646846801460	1646846801516	OK	 
GROUP	1	Adoption_220_Second_DoB	1646846800960	1646846801753	789	OK
REQUEST	1	Adoption_230_Second_Occupation	Adoption Second Occupation	1646846802752	1646846802999	OK	 
REQUEST	1	Adoption_230_Second_Occupation	Adoption Second Occupation Redirect 1	1646846803001	1646846803041	OK	 
GROUP	1	Adoption_230_Second_Occupation	1646846802751	1646846803161	404	OK
REQUEST	1	Adoption_240_Second_Contact_Details_Same_Address	Adoption Second Contact Details Same-Address	1646846804162	1646846804198	OK	 
GROUP	1	Adoption_240_Second_Contact_Details_Same_Address	1646846804161	1646846805445	1280	OK
REQUEST	1	Adoption_250_Second_Contact_Details_Same_Address_POST	Adoption Second Contact Details Same-Address POST	1646846806440	1646846806839	OK	 
REQUEST	1	Adoption_250_Second_Contact_Details_Same_Address_POST	Adoption Second Contact Details Same-Address POST Redirect 1	1646846806841	1646846806877	OK	 
GROUP	1	Adoption_250_Second_Contact_Details_Same_Address_POST	1646846806439	1646846808587	2142	OK
REQUEST	1	Adoption_260_Second_Contact_Details_Manual_Redirect	Adoption Second Contact Details manual redirect	1646846809591	1646846809637	OK	 
GROUP	1	Adoption_260_Second_Contact_Details_Manual_Redirect	1646846809590	1646846809877	283	OK
REQUEST	1	Adoption_270_Second_Contact_Details_Manual_POST	Adoption Second Contact Details manual POST	1646846810880	1646846811345	OK	 
REQUEST	1	Adoption_270_Second_Contact_Details_Manual_POST	Adoption Second Contact Details manual POST Redirect 1	1646846811346	1646846811497	OK	 
GROUP	1	Adoption_270_Second_Contact_Details_Manual_POST	1646846810880	1646846811570	686	OK
REQUEST	1	Adoption_280_Second_Contact_Details__POST	Adoption Second Contact Details POST	1646846812560	1646846812738	OK	 
REQUEST	1	Adoption_280_Second_Contact_Details__POST	Adoption Second Contact Details POST Redirect 1	1646846812740	1646846812777	OK	 
GROUP	1	Adoption_280_Second_Contact_Details__POST	1646846812560	1646846813360	795	OK
REQUEST	1	adoption_290_Birth_Certificate	Adoption Birth Certificate Details	1646846814371	1646846814418	OK	 
GROUP	1	adoption_290_Birth_Certificate	1646846814370	1646846814496	122	OK
REQUEST	1	adoption_300_Birth_Certificate_Name	Adoption Birth Certificate Name	1646846815490	1646846815828	OK	 
REQUEST	1	adoption_300_Birth_Certificate_Name	Adoption Birth Certificate Name Redirect 1	1646846815830	1646846815868	OK	 
GROUP	1	adoption_300_Birth_Certificate_Name	1646846815489	1646846815939	444	OK
REQUEST	1	adoption_320_Birth_Certificate_DoB	Adoption Birth Certificate DoB	1646846816940	1646846817109	OK	 
REQUEST	1	adoption_320_Birth_Certificate_DoB	Adoption Birth Certificate DoB Redirect 1	1646846817111	1646846817157	OK	 
GROUP	1	adoption_320_Birth_Certificate_DoB	1646846816940	1646846817684	739	OK
REQUEST	1	adoption_330_Birth_Certificate_Sex	Adoption Birth Certificate Sex	1646846818692	1646846818915	OK	 
REQUEST	1	adoption_330_Birth_Certificate_Sex	Adoption Birth Certificate Sex Redirect 1	1646846818917	1646846818961	OK	 
GROUP	1	adoption_330_Birth_Certificate_Sex	1646846818692	1646846819057	361	OK
REQUEST	1	adoption_340_Birth_Certificate_Nationality_Add	Adoption Birth Certificate Nationality Add	1646846820053	1646846820224	OK	 
REQUEST	1	adoption_340_Birth_Certificate_Nationality_Add	Adoption Birth Certificate Nationality Add Redirect 1	1646846820226	1646846820267	OK	 
GROUP	1	adoption_340_Birth_Certificate_Nationality_Add	1646846820052	1646846820390	332	OK
REQUEST	1	adoption_350_Birth_Certificate_Nationality_POST	Adoption Birth Certificate Nationality POST	1646846821391	1646846821871	OK	 
REQUEST	1	adoption_350_Birth_Certificate_Nationality_POST	Adoption Birth Certificate Nationality POST Redirect 1	1646846821873	1646846821914	OK	 
GROUP	1	adoption_350_Birth_Certificate_Nationality_POST	1646846821391	1646846822142	746	OK
REQUEST	1	adoption_360_Certificate_Details	Adoption Certificate Details	1646846823152	1646846823317	OK	 
GROUP	1	adoption_360_Certificate_Details	1646846823152	1646846823483	328	OK
REQUEST	1	adoption_370_Certificate_Details_Name	Adoption Certificate Details Name	1646846824480	1646846824773	OK	 
REQUEST	1	adoption_370_Certificate_Details_Name	Adoption Certificate Details Name Redirect 1	1646846824774	1646846824811	OK	 
GROUP	1	adoption_370_Certificate_Details_Name	1646846824480	1646846825961	480	OK
REQUEST	1	adoption_380_Placement_Order	Adoption Placement Order Details	1646846825961	1646846826131	OK	 
GROUP	1	adoption_380_Placement_Order	1646846825961	1646846826213	249	OK
REQUEST	1	adoption_390_Certificate_Placement_Order_Number	Adoption Placement Order Number	1646846827213	1646846827571	OK	 
REQUEST	1	adoption_390_Certificate_Placement_Order_Number	Adoption Placement Order Number Redirect 1	1646846827572	1646846827755	OK	 
GROUP	1	adoption_390_Certificate_Placement_Order_Number	1646846827212	1646846827826	609	OK
REQUEST	1	adoption_400_Certificate_Placement_Court	Adoption Placement Court	1646846828823	1646846829311	OK	 
REQUEST	1	adoption_400_Certificate_Placement_Court	Adoption Placement Court Redirect 1	1646846829313	1646846829489	OK	 
GROUP	1	adoption_400_Certificate_Placement_Court	1646846828822	1646846829791	963	OK
REQUEST	1	adoption_410_Certificate_Placement_Date	Adoption Placement Date	1646846830801	1646846830976	OK	 
REQUEST	1	adoption_410_Certificate_Placement_Date	Adoption Placement Date Redirect 1	1646846830977	1646846831164	OK	 
GROUP	1	adoption_410_Certificate_Placement_Date	1646846830801	1646846831237	431	OK
REQUEST	1	adoption_420_Certificate_Placement_Summary	Adoption Placement Summary	1646846832231	1646846832407	OK	 
REQUEST	1	adoption_420_Certificate_Placement_Summary	Adoption Placement Summary Redirect 1	1646846832408	1646846832793	OK	 
REQUEST	1	adoption_420_Certificate_Placement_Summary	Adoption Placement Summary Redirect 2	1646846832794	1646846833011	OK	 
GROUP	1	adoption_420_Certificate_Placement_Summary	1646846832230	1646846833058	822	OK
REQUEST	1	adoption_430_Certificate_Placement_Type_2	Adoption Placement Type 2	1646846834051	1646846834223	OK	 
REQUEST	1	adoption_430_Certificate_Placement_Type_2	Adoption Placement Type 2 Redirect 1	1646846834225	1646846834392	OK	 
GROUP	1	adoption_430_Certificate_Placement_Type_2	1646846834050	1646846834462	406	OK
REQUEST	1	adoption_440_Certificate_Placement_Order_Number_2	Adoption Placement Order Number 2	1646846835472	1646846835647	OK	 
REQUEST	1	adoption_440_Certificate_Placement_Order_Number_2	Adoption Placement Order Number 2 Redirect 1	1646846835649	1646846835827	OK	 
GROUP	1	adoption_440_Certificate_Placement_Order_Number_2	1646846835472	1646846836134	657	OK
REQUEST	1	adoption_450_Certificate_Placement_Court_2	Adoption Placement Court 2	1646846837132	1646846837399	OK	 
REQUEST	1	adoption_450_Certificate_Placement_Court_2	Adoption Placement Court 2 Redirect 1	1646846837400	1646846837840	OK	 
GROUP	1	adoption_450_Certificate_Placement_Court_2	1646846837132	1646846838382	1246	OK
REQUEST	1	adoption_460_Certificate_Placement_Date_2	Adoption Placement Date 2	1646846839379	1646846839554	OK	 
REQUEST	1	adoption_460_Certificate_Placement_Date_2	Adoption Placement Date 2 Redirect 1	1646846839556	1646846839900	OK	 
GROUP	1	adoption_460_Certificate_Placement_Date_2	1646846839379	1646846840474	1090	OK
REQUEST	1	adoption_470_Certificate_Placement_Summary_2	Adoption Placement Summary 2	1646846841482	1646846841907	OK	 
REQUEST	1	adoption_470_Certificate_Placement_Summary_2	Adoption Placement Summary 2 Redirect 1	1646846841908	1646846841943	OK	 
GROUP	1	adoption_470_Certificate_Placement_Summary_2	1646846841481	1646846842288	802	OK
REQUEST	1	adoption_480_Birth_Mother	Adoption Mother's Details	1646846843280	1646846843330	OK	 
GROUP	1	adoption_480_Birth_Mother	1646846843280	1646846843406	123	OK
REQUEST	1	adoption_490_Birth_Mother_Name	Adoption Mother's Name	1646846844411	1646846844577	OK	 
REQUEST	1	adoption_490_Birth_Mother_Name	Adoption Mother's Name Redirect 1	1646846844579	1646846844614	OK	 
GROUP	1	adoption_490_Birth_Mother_Name	1646846844411	1646846853683	9267	OK
REQUEST	1	adoption_495_Birth_Mother	Adoption Mother's Details	1646846854681	1646846854728	OK	 
GROUP	1	adoption_495_Birth_Mother	1646846854681	1646846854881	196	OK
REQUEST	1	adoption_500_Birth_Mother_Alive	Adoption Mother Still Alive?	1646846855892	1646846856344	OK	 
REQUEST	1	adoption_500_Birth_Mother_Alive	Adoption Mother Still Alive? Redirect 1	1646846856345	1646846856408	OK	 
GROUP	1	adoption_500_Birth_Mother_Alive	1646846855891	1646846856498	602	OK
REQUEST	1	adoption_510_Birth_Mother_Nationality_Add	Adoption Mother's Nationality Add	1646846857490	1646846857881	OK	 
REQUEST	1	adoption_510_Birth_Mother_Nationality_Add	Adoption Mother's Nationality Add Redirect 1	1646846857883	1646846857926	OK	 
GROUP	1	adoption_510_Birth_Mother_Nationality_Add	1646846857489	1646846858008	513	OK
REQUEST	1	adoption_520_Birth_Mother_Nationality_POSt	Adoption Mother's Nationality	1646846859002	1646846859185	OK	 
REQUEST	1	adoption_520_Birth_Mother_Nationality_POSt	Adoption Mother's Nationality Redirect 1	1646846859186	1646846859219	OK	 
GROUP	1	adoption_520_Birth_Mother_Nationality_POSt	1646846859001	1646846859284	278	OK
REQUEST	1	adoption_530_Birth_Mother_Occupation	Adoption Mother's Occupation	1646846860292	1646846860747	OK	 
REQUEST	1	adoption_530_Birth_Mother_Occupation	Adoption Mother's Occupation Redirect 1	1646846860748	1646846860788	OK	 
GROUP	1	adoption_530_Birth_Mother_Occupation	1646846860292	1646846860860	564	OK
REQUEST	1	adoption_535_Birth_Mother_Occupation_Redirect	Adoption Mother's Details Redirect	1646846861863	1646846862053	OK	 
GROUP	1	adoption_535_Birth_Mother_Occupation_Redirect	1646846861862	1646846862554	687	OK
REQUEST	1	adoption_540_Birth_Mother_Occupation	Adoption Mother's Address Known	1646846863552	1646846863849	OK	 
REQUEST	1	adoption_540_Birth_Mother_Occupation	Adoption Mother's Address Known Redirect 1	1646846863850	1646846863886	OK	 
GROUP	1	adoption_540_Birth_Mother_Occupation	1646846863551	1646846864075	518	OK
REQUEST	1	adoption_550_Birth_Mother_Address_Manual	Adoption Mother's Address Manual	1646846865070	1646846865119	OK	 
GROUP	1	adoption_550_Birth_Mother_Address_Manual	1646846865070	1646846865188	115	OK
REQUEST	1	adoption_560_Birth_Mother_Address_POST	Adoption Mother's Address	1646846866190	1646846866408	OK	 
REQUEST	1	adoption_560_Birth_Mother_Address_POST	Adoption Mother's Address Redirect 1	1646846866409	1646846866460	OK	 
GROUP	1	adoption_560_Birth_Mother_Address_POST	1646846866189	1646846866538	344	OK
REQUEST	1	adoption_570_Birth_Father_Details	Adoption Father's Details	1646846867541	1646846867595	OK	 
GROUP	1	adoption_570_Birth_Father_Details	1646846867541	1646846867672	127	OK
REQUEST	1	adoption_580_Birth_Father_Details_POST	Adoption Father's Details On Certificate	1646846868680	1646846869451	OK	 
REQUEST	1	adoption_580_Birth_Father_Details_POST	Adoption Father's Details On Certificate Redirect 1	1646846869453	1646846869490	OK	 
GROUP	1	adoption_580_Birth_Father_Details_POST	1646846868680	1646846869823	1138	OK
REQUEST	1	adoption_590_Birth_Father_Name	Adoption Father's Name	1646846870822	1646846871294	OK	 
REQUEST	1	adoption_590_Birth_Father_Name	Adoption Father's Name Redirect 1	1646846871295	1646846871356	OK	 
GROUP	1	adoption_590_Birth_Father_Name	1646846870822	1646846871427	602	OK
REQUEST	1	adoption_600_Birth_Father_Alive	Adoption Father Still alive?	1646846872422	1646846872605	OK	 
REQUEST	1	adoption_600_Birth_Father_Alive	Adoption Father Still alive? Redirect 1	1646846872607	1646846872659	OK	 
GROUP	1	adoption_600_Birth_Father_Alive	1646846872421	1646846872726	299	OK
REQUEST	1	adoption_610_Birth_Father_Nationality_Add	Adoption Father add Nationality	1646846873722	1646846873894	OK	 
REQUEST	1	adoption_610_Birth_Father_Nationality_Add	Adoption Father add Nationality Redirect 1	1646846873895	1646846873938	OK	 
GROUP	1	adoption_610_Birth_Father_Nationality_Add	1646846873721	1646846874068	342	OK
REQUEST	1	adoption_620_Birth_Father_Nationality_POST	Adoption Father's Nationality	1646846875070	1646846875316	OK	 
REQUEST	1	adoption_620_Birth_Father_Nationality_POST	Adoption Father's Nationality Redirect 1	1646846875317	1646846875355	OK	 
GROUP	1	adoption_620_Birth_Father_Nationality_POST	1646846875070	1646846875550	476	OK
REQUEST	1	adoption_630_Birth_Father_Occupation	Adoption Father's Occupation	1646846876550	1646846876756	OK	 
REQUEST	1	adoption_630_Birth_Father_Occupation	Adoption Father's Occupation Redirect 1	1646846876758	1646846876934	OK	 
GROUP	1	adoption_630_Birth_Father_Occupation	1646846876549	1646846877114	558	OK
REQUEST	1	adoption_640_Birth_Father_Occupation_Address_Known	Adoption Father's Address Known?	1646846878122	1646846878565	OK	 
REQUEST	1	adoption_640_Birth_Father_Occupation_Address_Known	Adoption Father's Address Known? Redirect 1	1646846878566	1646846878610	OK	 
GROUP	1	adoption_640_Birth_Father_Occupation_Address_Known	1646846878121	1646846878718	592	OK
REQUEST	1	adoption_640_Birth_Father_Occupation_Address_Manual	Adoption Father's Address Manual	1646846879712	1646846879766	OK	 
GROUP	1	adoption_640_Birth_Father_Occupation_Address_Manual	1646846879712	1646846880048	333	OK
REQUEST	1	adoption_640_Birth_Father_Occupation_Address_POST	Adoption Father's Address	1646846881052	1646846881234	OK	 
REQUEST	1	adoption_640_Birth_Father_Occupation_Address_POST	Adoption Father's Address Redirect 1	1646846881235	1646846881291	OK	 
GROUP	1	adoption_640_Birth_Father_Occupation_Address_POST	1646846881052	1646846881361	304	OK
REQUEST	1	adoption_650_Other_Parent_Exists	Adoption Other Parent	1646846882361	1646846882406	OK	 
GROUP	1	adoption_650_Other_Parent_Exists	1646846882361	1646846882704	341	OK
REQUEST	1	adoption_660_Other_Parent_Exists_POST	Adoption Other Parent Exists	1646846883702	1646846883873	OK	 
REQUEST	1	adoption_660_Other_Parent_Exists_POST	Adoption Other Parent Exists Redirect 1	1646846883874	1646846883921	OK	 
GROUP	1	adoption_660_Other_Parent_Exists_POST	1646846883701	1646846884152	446	OK
REQUEST	1	adoption_670_Other_Parent_Name	Adoption Other Parent Name	1646846885161	1646846885630	OK	 
REQUEST	1	adoption_670_Other_Parent_Name	Adoption Other Parent Name Redirect 1	1646846885632	1646846885671	OK	 
GROUP	1	adoption_670_Other_Parent_Name	1646846885161	1646846885829	664	OK
REQUEST	1	adoption_680_Other_Parent_Address_Known?	Adoption Other Parent Address known?	1646846886830	1646846886992	OK	 
REQUEST	1	adoption_680_Other_Parent_Address_Known?	Adoption Other Parent Address known? Redirect 1	1646846886994	1646846887040	OK	 
GROUP	1	adoption_680_Other_Parent_Address_Known?	1646846886829	1646846887116	282	OK
REQUEST	1	adoption_690_Other_Parent_Address_Manual	Adoption Other Parent Address Manual	1646846888112	1646846888318	OK	 
GROUP	1	adoption_690_Other_Parent_Address_Manual	1646846888111	1646846888549	435	OK
REQUEST	1	adoption_700_Other_Parent_Address_POST	Adoption Other Parent Address Manual	1646846889542	1646846889756	OK	 
REQUEST	1	adoption_700_Other_Parent_Address_POST	Adoption Other Parent Address Manual Redirect 1	1646846889757	1646846889792	OK	 
GROUP	1	adoption_700_Other_Parent_Address_POST	1646846889541	1646846890340	794	OK
REQUEST	1	adoption_710_Agency	Adoption Agency	1646846891353	1646846891774	OK	 
REQUEST	1	adoption_710_Agency	Adoption Agency Redirect 1	1646846891775	1646846892098	OK	 
GROUP	1	adoption_710_Agency	1646846891352	1646846892359	1003	OK
REQUEST	1	adoption_720_Agency_Details	Adoption Agency Details	1646846893352	1646846893977	OK	 
REQUEST	1	adoption_720_Agency_Details	Adoption Agency Details Redirect 1	1646846893978	1646846894018	OK	 
GROUP	1	adoption_720_Agency_Details	1646846893351	1646846894170	815	OK
REQUEST	1	adoption_730_Other_Agency	Adoption Other Agency?	1646846895182	1646846895540	OK	 
REQUEST	1	adoption_730_Other_Agency	Adoption Other Agency? Redirect 1	1646846895541	1646846895713	OK	 
REQUEST	1	adoption_730_Other_Agency	Adoption Other Agency? Redirect 2	1646846895715	1646846896775	OK	 
GROUP	1	adoption_730_Other_Agency	1646846895181	1646846897170	1983	OK
REQUEST	1	adoption_740_Other_Agency_Details	Adoption Other Agency Details	1646846898170	1646846898424	OK	 
REQUEST	1	adoption_740_Other_Agency_Details	Adoption Other Agency Details Redirect 1	1646846898425	1646846898464	OK	 
GROUP	1	adoption_740_Other_Agency_Details	1646846898169	1646846898530	358	OK
REQUEST	1	adoption_750_Social_Worker_Details	Adoption Social Worker Details	1646846899522	1646846899740	OK	 
REQUEST	1	adoption_750_Social_Worker_Details	Adoption Social Worker Details Redirect 1	1646846899741	1646846899790	OK	 
GROUP	1	adoption_750_Social_Worker_Details	1646846899521	1646846899861	336	OK
REQUEST	1	adoption_760_Sibling_Details	Adoption Sibling Details	1646846900871	1646846901061	OK	 
GROUP	1	adoption_760_Sibling_Details	1646846900871	1646846901328	454	OK
REQUEST	1	adoption_770_Sibling_Other?	Adoption Any Sibling?	1646846902321	1646846902583	OK	 
REQUEST	1	adoption_770_Sibling_Other?	Adoption Any Sibling? Redirect 1	1646846902585	1646846902620	OK	 
GROUP	1	adoption_770_Sibling_Other?	1646846902321	1646846903119	794	OK
REQUEST	1	adoption_780_Sibling_Court_Order_Exists?	Adoption Court Order Exists?	1646846904120	1646846904676	OK	 
REQUEST	1	adoption_780_Sibling_Court_Order_Exists?	Adoption Court Order Exists? Redirect 1	1646846904678	1646846905086	OK	 
GROUP	1	adoption_780_Sibling_Court_Order_Exists?	1646846904120	1646846905184	1059	OK
REQUEST	1	adoption_790_Sibling_Name?	Adoption Sibling Name	1646846906182	1646846906417	OK	 
REQUEST	1	adoption_790_Sibling_Name?	Adoption Sibling Name Redirect 1	1646846906418	1646846906573	OK	 
REQUEST	1	adoption_790_Sibling_Name?	Adoption Sibling Name Redirect 2	1646846906574	1646846906977	OK	 
GROUP	1	adoption_790_Sibling_Name?	1646846906182	1646846907034	848	OK
REQUEST	1	adoption_800_Sibling_Order_Type	Adoption Order Type?	1646846908030	1646846908363	OK	 
REQUEST	1	adoption_800_Sibling_Order_Type	Adoption Order Type? Redirect 1	1646846908364	1646846908552	OK	 
GROUP	1	adoption_800_Sibling_Order_Type	1646846908029	1646846908738	705	OK
REQUEST	1	adoption_810_Sibling_Order_Number	Adoption Order Number	1646846909742	1646846909912	OK	 
REQUEST	1	adoption_810_Sibling_Order_Number	Adoption Order Number Redirect 1	1646846909913	1646846909952	OK	 
GROUP	1	adoption_810_Sibling_Order_Number	1646846909741	1646846910044	298	OK
REQUEST	1	adoption_820_Sibling_New_Order?	Adoption Add New Order?	1646846911052	1646846911251	OK	 
REQUEST	1	adoption_820_Sibling_New_Order?	Adoption Add New Order? Redirect 1	1646846911252	1646846911305	OK	 
GROUP	1	adoption_820_Sibling_New_Order?	1646846911052	1646846911539	481	OK
REQUEST	1	adoption_830_Sibling_Select	Adoption Select Sibling	1646846912532	1646846912704	OK	 
REQUEST	1	adoption_830_Sibling_Select	Adoption Select Sibling Redirect 1	1646846912706	1646846912865	OK	 
REQUEST	1	adoption_830_Sibling_Select	Adoption Select Sibling Redirect 2	1646846912866	1646846913178	OK	 
GROUP	1	adoption_830_Sibling_Select	1646846912531	1646846913258	720	OK
REQUEST	1	adoption_840_Sibling_Select	Adoption Order Type	1646846914262	1646846914553	OK	 
REQUEST	1	adoption_840_Sibling_Select	Adoption Order Type Redirect 1	1646846914554	1646846914835	OK	 
GROUP	1	adoption_840_Sibling_Select	1646846914261	1646846915163	898	OK
REQUEST	1	adoption_850_Sibling_Select	Adoption Order Number	1646846916163	1646846916456	OK	 
REQUEST	1	adoption_850_Sibling_Select	Adoption Order Number Redirect 1	1646846916457	1646846916511	OK	 
GROUP	1	adoption_850_Sibling_Select	1646846916162	1646846916767	600	OK
REQUEST	1	adoption_850_Sibling_Select	Adoption Order Number	1646846917772	1646846918090	OK	 
REQUEST	1	adoption_850_Sibling_Select	Adoption Order Number Redirect 1	1646846918092	1646846918135	OK	 
GROUP	1	adoption_850_Sibling_Select	1646846917772	1646846918363	586	OK
REQUEST	1	adoption_860_Sibling_Select	Adoption Order Number	1646846918363	1646846918565	OK	 
REQUEST	1	adoption_860_Sibling_Select	Adoption Order Number Redirect 1	1646846918566	1646846918610	OK	 
GROUP	1	adoption_860_Sibling_Select	1646846918363	1646846918736	369	OK
REQUEST	1	adoption_870_Upload_Document	Adoption Birth Certificate Details	1646846919731	1646846919789	OK	 
GROUP	1	adoption_870_Upload_Document	1646846919731	1646846919860	125	OK
REQUEST	1	adoption_885_Upload_Document_POST	Adoption Certificate Upload POST	1646846920871	1646846921066	OK	 
REQUEST	1	adoption_885_Upload_Document_POST	Adoption Certificate Upload POST Redirect 1	1646846921068	1646846921112	OK	 
GROUP	1	adoption_885_Upload_Document_POST	1646846920871	1646846921302	426	OK
USER	LAU Simulation	1	END	1646846767402	1646846922303
