RUN	simulations.mainSimulation	mainsimulation	1646925010462	 	3.3.1
USER	LAU Simulation	1	START	1646925011134	1646925011134
REQUEST	1	adoption_010_Homepage	Adoption Homepage	1646925011175	1646925011488	OK	 
REQUEST	1	adoption_010_Homepage	Adoption Homepage Redirect 1	1646925011516	1646925011571	OK	 
REQUEST	1	adoption_010_Homepage	Adoption Homepage Redirect 2	1646925011573	1646925011697	OK	 
GROUP	1	adoption_010_Homepage	1646925011145	1646925012628	1325	OK
REQUEST	1	Adoption_020_Login	Adoption Login	1646925013652	1646925014075	OK	 
REQUEST	1	Adoption_020_Login	Adoption Login Redirect 1	1646925014080	1646925014580	OK	 
REQUEST	1	Adoption_020_Login	Adoption Login Redirect 2	1646925014591	1646925015913	OK	 
REQUEST	1	Adoption_020_Login	Adoption Login Redirect 3	1646925015914	1646925016137	OK	 
GROUP	1	Adoption_020_Login	1646925013647	1646925017674	3996	OK
REQUEST	1	Adoption_030_Apply_With	Adoption Applying With	1646925018680	1646925018986	OK	 
GROUP	1	Adoption_030_Apply_With	1646925018678	1646925019115	424	OK
REQUEST	1	Adoption_040_Adoption_Applying_Post	Adoption Applying Post	1646925020110	1646925020378	OK	 
REQUEST	1	Adoption_040_Adoption_Applying_Post	Adoption Applying Post Redirect 1	1646925020380	1646925020438	OK	 
GROUP	1	Adoption_040_Adoption_Applying_Post	1646925020108	1646925020491	374	OK
REQUEST	1	Adoption_050_Adoption_Applying_With_Redirect	Adoption Applying With Redirect	1646925021497	1646925021540	OK	 
GROUP	1	Adoption_050_Adoption_Applying_With_Redirect	1646925021497	1646925021606	104	OK
REQUEST	1	Adoption_060_Date_Of_Move	Adoption Date Child Moved in 	1646925022608	1646925022687	OK	 
GROUP	1	Adoption_060_Date_Of_Move	1646925022608	1646925023049	436	OK
REQUEST	1	Adoption_070_Date_Of_Move_POST	Adoption Date Child Moved in Post	1646925024047	1646925024309	OK	 
REQUEST	1	Adoption_070_Date_Of_Move_POST	Adoption Date Child Moved in Post Redirect 1	1646925024311	1646925024352	OK	 
REQUEST	1	Adoption_070_Date_Of_Move_POST,Adoption_050_Adoption_Applying_With_Redirect	Adoption Applying With Redirect	1646925024445	1646925024480	OK	 
GROUP	1	Adoption_070_Date_Of_Move_POST,Adoption_050_Adoption_Applying_With_Redirect	1646925024445	1646925024884	435	OK
GROUP	1	Adoption_070_Date_Of_Move_POST	1646925024047	1646925025876	827	OK
REQUEST	1	Adoption_080_Your_Details	Adoption Your Personal Details 	1646925026888	1646925027077	OK	 
GROUP	1	Adoption_080_Your_Details	1646925026887	1646925027258	365	OK
REQUEST	1	Adoption_090_Your_Details_POST	Adoption Your Personal Details Post	1646925028259	1646925028681	OK	 
REQUEST	1	Adoption_090_Your_Details_POST	Adoption Your Personal Details Post Redirect 1	1646925028682	1646925028759	OK	 
GROUP	1	Adoption_090_Your_Details_POST	1646925028258	1646925028910	646	OK
REQUEST	1	Adoption_100_Your_Details_Other_Name	Adoption Your Personal Details Other Name	1646925029909	1646925030262	OK	 
REQUEST	1	Adoption_100_Your_Details_Other_Name	Adoption Your Personal Details Other Name Redirect 1	1646925030264	1646925030356	OK	 
GROUP	1	Adoption_100_Your_Details_Other_Name	1646925029908	1646925030789	875	OK
REQUEST	1	Adoption_110_Your_Details_DoB	Adoption Your Personal Details DoB	1646925031788	1646925031855	OK	 
GROUP	1	Adoption_110_Your_Details_DoB	1646925031787	1646925032104	312	OK
REQUEST	1	Adoption_120_Your_Details_DoB_POST	Adoption Your Personal Details DoB POST	1646925033109	1646925033333	OK	 
REQUEST	1	Adoption_120_Your_Details_DoB_POST	Adoption Your Personal Details DoB POST Redirect 1	1646925033334	1646925033382	OK	 
GROUP	1	Adoption_120_Your_Details_DoB_POST	1646925033108	1646925033429	316	OK
REQUEST	1	Adoption_130_Your_Details_Occupation	Adoption Your Personal Details Occupation	1646925034429	1646925034803	OK	 
REQUEST	1	Adoption_130_Your_Details_Occupation	Adoption Your Personal Details Occupation Redirect 1	1646925034804	1646925035162	OK	 
GROUP	1	Adoption_130_Your_Details_Occupation	1646925034428	1646925035292	859	OK
REQUEST	1	Adoption_140_Your_Contact_Details	Adoption Your Contact Details LookUp	1646925036287	1646925036420	OK	 
GROUP	1	Adoption_140_Your_Contact_Details	1646925036287	1646925036554	263	OK
REQUEST	1	Adoption_150_Your_Contact_Details_Manual	Adoption Your Contact Details Manual	1646925037559	1646925037637	OK	 
GROUP	1	Adoption_150_Your_Contact_Details_Manual	1646925037558	1646925037720	157	OK
REQUEST	1	Adoption_160_Your_Contact_Details_Manual_POST	Adoption Your Contact Details Manual POST	1646925038719	1646925039153	OK	 
REQUEST	1	Adoption_160_Your_Contact_Details_Manual_POST	Adoption Your Contact Details Manual POST Redirect 1	1646925039154	1646925039297	OK	 
GROUP	1	Adoption_160_Your_Contact_Details_Manual_POST	1646925038718	1646925039360	637	OK
REQUEST	1	Adoption_170_Your_Contact_Details_POST	Adoption Your Contact Details POST	1646925040367	1646925040614	OK	 
REQUEST	1	Adoption_170_Your_Contact_Details_POST	Adoption Your Contact Details POST Redirect 1	1646925040616	1646925040650	OK	 
GROUP	1	Adoption_170_Your_Contact_Details_POST	1646925040367	1646925040750	378	OK
REQUEST	1	Adoption_180_Second_Personal_Details	Adoption Second Personal Details	1646925041747	1646925041792	OK	 
GROUP	1	Adoption_180_Second_Personal_Details	1646925041747	1646925041854	104	OK
REQUEST	1	Adoption_190_Second_Personal_Details_POST	Adoption Second Personal Details POST	1646925042849	1646925043171	OK	 
REQUEST	1	Adoption_190_Second_Personal_Details_POST	Adoption Second Personal Details POST Redirect 1	1646925043172	1646925043219	OK	 
GROUP	1	Adoption_190_Second_Personal_Details_POST	1646925042848	1646925043301	447	OK
REQUEST	1	Adoption_200_Second_Other_Name	Adoption Second Other Name	1646925044307	1646925044585	OK	 
REQUEST	1	Adoption_200_Second_Other_Name	Adoption Second Other Name Redirect 1	1646925044587	1646925044659	OK	 
GROUP	1	Adoption_200_Second_Other_Name	1646925044306	1646925045078	766	OK
REQUEST	1	Adoption_210_Second_Other_Name_Redirect	Adoption Second Other Name Redirect	1646925046078	1646925046317	OK	 
REQUEST	1	Adoption_210_Second_Other_Name_Redirect	Adoption Second Other Name Redirect Redirect 1	1646925046318	1646925046372	OK	 
GROUP	1	Adoption_210_Second_Other_Name_Redirect	1646925046077	1646925046419	337	OK
REQUEST	1	Adoption_220_Second_DoB	Adoption Second DoB	1646925047419	1646925047663	OK	 
REQUEST	1	Adoption_220_Second_DoB	Adoption Second DoB Redirect 1	1646925047664	1646925047715	OK	 
GROUP	1	Adoption_220_Second_DoB	1646925047418	1646925047770	347	OK
REQUEST	1	Adoption_230_Second_Occupation	Adoption Second Occupation	1646925048769	1646925048975	OK	 
REQUEST	1	Adoption_230_Second_Occupation	Adoption Second Occupation Redirect 1	1646925048977	1646925049018	OK	 
GROUP	1	Adoption_230_Second_Occupation	1646925048768	1646925049067	292	OK
REQUEST	1	Adoption_240_Second_Contact_Details_Same_Address	Adoption Second Contact Details Same-Address	1646925050079	1646925050117	OK	 
GROUP	1	Adoption_240_Second_Contact_Details_Same_Address	1646925050078	1646925050205	123	OK
REQUEST	1	Adoption_250_Second_Contact_Details_Same_Address_POST	Adoption Second Contact Details Same-Address POST	1646925051197	1646925051424	OK	 
REQUEST	1	Adoption_250_Second_Contact_Details_Same_Address_POST	Adoption Second Contact Details Same-Address POST Redirect 1	1646925051425	1646925051489	OK	 
GROUP	1	Adoption_250_Second_Contact_Details_Same_Address_POST	1646925051197	1646925052302	1100	OK
REQUEST	1	Adoption_260_Second_Contact_Details_Manual_Redirect	Adoption Second Contact Details manual redirect	1646925053297	1646925053443	OK	 
GROUP	1	Adoption_260_Second_Contact_Details_Manual_Redirect	1646925053296	1646925053596	296	OK
REQUEST	1	Adoption_270_Second_Contact_Details_Manual_POST	Adoption Second Contact Details manual POST	1646925054597	1646925054754	OK	 
REQUEST	1	Adoption_270_Second_Contact_Details_Manual_POST	Adoption Second Contact Details manual POST Redirect 1	1646925054756	1646925054813	OK	 
GROUP	1	Adoption_270_Second_Contact_Details_Manual_POST	1646925054597	1646925055315	713	OK
REQUEST	1	Adoption_280_Second_Contact_Details__POST	Adoption Second Contact Details POST	1646925056317	1646925056484	OK	 
REQUEST	1	Adoption_280_Second_Contact_Details__POST	Adoption Second Contact Details POST Redirect 1	1646925056485	1646925056525	OK	 
GROUP	1	Adoption_280_Second_Contact_Details__POST	1646925056316	1646925056577	256	OK
REQUEST	1	adoption_290_Birth_Certificate	Adoption Birth Certificate Details	1646925057578	1646925057623	OK	 
GROUP	1	adoption_290_Birth_Certificate	1646925057578	1646925057666	85	OK
REQUEST	1	adoption_300_Birth_Certificate_Name	Adoption Birth Certificate Name	1646925058667	1646925059020	OK	 
REQUEST	1	adoption_300_Birth_Certificate_Name	Adoption Birth Certificate Name Redirect 1	1646925059022	1646925059453	OK	 
GROUP	1	adoption_300_Birth_Certificate_Name	1646925058667	1646925059576	904	OK
REQUEST	1	adoption_320_Birth_Certificate_DoB	Adoption Birth Certificate DoB	1646925060589	1646925060976	OK	 
REQUEST	1	adoption_320_Birth_Certificate_DoB	Adoption Birth Certificate DoB Redirect 1	1646925060977	1646925061013	OK	 
GROUP	1	adoption_320_Birth_Certificate_DoB	1646925060588	1646925061058	464	OK
REQUEST	1	adoption_330_Birth_Certificate_Sex	Adoption Birth Certificate Sex	1646925062049	1646925062232	OK	 
REQUEST	1	adoption_330_Birth_Certificate_Sex	Adoption Birth Certificate Sex Redirect 1	1646925062233	1646925062276	OK	 
GROUP	1	adoption_330_Birth_Certificate_Sex	1646925062048	1646925062498	445	OK
REQUEST	1	adoption_340_Birth_Certificate_Nationality_Add	Adoption Birth Certificate Nationality Add	1646925063499	1646925063873	OK	 
REQUEST	1	adoption_340_Birth_Certificate_Nationality_Add	Adoption Birth Certificate Nationality Add Redirect 1	1646925063875	1646925063912	OK	 
GROUP	1	adoption_340_Birth_Certificate_Nationality_Add	1646925063498	1646925064417	912	OK
REQUEST	1	adoption_350_Birth_Certificate_Nationality_POST	Adoption Birth Certificate Nationality POST	1646925065409	1646925065636	OK	 
REQUEST	1	adoption_350_Birth_Certificate_Nationality_POST	Adoption Birth Certificate Nationality POST Redirect 1	1646925065637	1646925065679	OK	 
GROUP	1	adoption_350_Birth_Certificate_Nationality_POST	1646925065408	1646925065730	316	OK
REQUEST	1	adoption_360_Certificate_Details	Adoption Certificate Details	1646925066738	1646925066870	OK	 
GROUP	1	adoption_360_Certificate_Details	1646925066738	1646925067016	274	OK
REQUEST	1	adoption_370_Certificate_Details_Name	Adoption Certificate Details Name	1646925068017	1646925068217	OK	 
REQUEST	1	adoption_370_Certificate_Details_Name	Adoption Certificate Details Name Redirect 1	1646925068218	1646925068267	OK	 
GROUP	1	adoption_370_Certificate_Details_Name	1646925068017	1646925069368	337	OK
REQUEST	1	adoption_380_Placement_Order	Adoption Placement Order Details	1646925069369	1646925069633	OK	 
GROUP	1	adoption_380_Placement_Order	1646925069368	1646925070058	686	OK
REQUEST	1	adoption_390_Certificate_Placement_Order_Number	Adoption Placement Order Number	1646925071058	1646925071455	OK	 
REQUEST	1	adoption_390_Certificate_Placement_Order_Number	Adoption Placement Order Number Redirect 1	1646925071456	1646925071756	OK	 
GROUP	1	adoption_390_Certificate_Placement_Order_Number	1646925071057	1646925071804	742	OK
REQUEST	1	adoption_400_Certificate_Placement_Court	Adoption Placement Court	1646925072798	1646925073115	OK	 
REQUEST	1	adoption_400_Certificate_Placement_Court	Adoption Placement Court Redirect 1	1646925073116	1646925073848	OK	 
GROUP	1	adoption_400_Certificate_Placement_Court	1646925072798	1646925074129	1327	OK
REQUEST	1	adoption_410_Certificate_Placement_Date	Adoption Placement Date	1646925075128	1646925075322	OK	 
REQUEST	1	adoption_410_Certificate_Placement_Date	Adoption Placement Date Redirect 1	1646925075323	1646925075675	OK	 
GROUP	1	adoption_410_Certificate_Placement_Date	1646925075127	1646925075787	655	OK
REQUEST	1	adoption_420_Certificate_Placement_Summary	Adoption Placement Summary	1646925076789	1646925076974	OK	 
REQUEST	1	adoption_420_Certificate_Placement_Summary	Adoption Placement Summary Redirect 1	1646925076976	1646925077161	OK	 
REQUEST	1	adoption_420_Certificate_Placement_Summary	Adoption Placement Summary Redirect 2	1646925077162	1646925077871	OK	 
GROUP	1	adoption_420_Certificate_Placement_Summary	1646925076788	1646925078135	1340	OK
REQUEST	1	adoption_430_Certificate_Placement_Type_2	Adoption Placement Type 2	1646925079138	1646925079482	OK	 
REQUEST	1	adoption_430_Certificate_Placement_Type_2	Adoption Placement Type 2 Redirect 1	1646925079483	1646925079839	OK	 
GROUP	1	adoption_430_Certificate_Placement_Type_2	1646925079138	1646925080056	913	OK
REQUEST	1	adoption_440_Certificate_Placement_Order_Number_2	Adoption Placement Order Number 2	1646925081048	1646925081232	OK	 
REQUEST	1	adoption_440_Certificate_Placement_Order_Number_2	Adoption Placement Order Number 2 Redirect 1	1646925081234	1646925081457	OK	 
GROUP	1	adoption_440_Certificate_Placement_Order_Number_2	1646925081048	1646925081822	769	OK
REQUEST	1	adoption_450_Certificate_Placement_Court_2	Adoption Placement Court 2	1646925082829	1646925083018	OK	 
REQUEST	1	adoption_450_Certificate_Placement_Court_2	Adoption Placement Court 2 Redirect 1	1646925083020	1646925083209	OK	 
GROUP	1	adoption_450_Certificate_Placement_Court_2	1646925082828	1646925083303	469	OK
REQUEST	1	adoption_460_Certificate_Placement_Date_2	Adoption Placement Date 2	1646925084298	1646925084455	OK	 
REQUEST	1	adoption_460_Certificate_Placement_Date_2	Adoption Placement Date 2 Redirect 1	1646925084457	1646925084847	OK	 
GROUP	1	adoption_460_Certificate_Placement_Date_2	1646925084298	1646925084955	651	OK
REQUEST	1	adoption_470_Certificate_Placement_Summary_2	Adoption Placement Summary 2	1646925085956	1646925086135	OK	 
REQUEST	1	adoption_470_Certificate_Placement_Summary_2	Adoption Placement Summary 2 Redirect 1	1646925086136	1646925086182	OK	 
GROUP	1	adoption_470_Certificate_Placement_Summary_2	1646925085956	1646925086237	277	OK
REQUEST	1	adoption_480_Birth_Mother	Adoption Mother's Details	1646925087238	1646925087291	OK	 
GROUP	1	adoption_480_Birth_Mother	1646925087238	1646925087679	439	OK
REQUEST	1	adoption_490_Birth_Mother_Name	Adoption Mother's Name	1646925088686	1646925088885	OK	 
REQUEST	1	adoption_490_Birth_Mother_Name	Adoption Mother's Name Redirect 1	1646925088886	1646925088935	OK	 
GROUP	1	adoption_490_Birth_Mother_Name	1646925088686	1646925089240	550	OK
REQUEST	1	adoption_495_Birth_Mother	Adoption Mother's Details	1646925090238	1646925090276	OK	 
GROUP	1	adoption_495_Birth_Mother	1646925090238	1646925090561	319	OK
REQUEST	1	adoption_500_Birth_Mother_Alive	Adoption Mother Still Alive?	1646925091558	1646925092061	OK	 
REQUEST	1	adoption_500_Birth_Mother_Alive	Adoption Mother Still Alive? Redirect 1	1646925092062	1646925092238	OK	 
GROUP	1	adoption_500_Birth_Mother_Alive	1646925091558	1646925092406	844	OK
REQUEST	1	adoption_510_Birth_Mother_Nationality_Add	Adoption Mother's Nationality Add	1646925093408	1646925093691	OK	 
REQUEST	1	adoption_510_Birth_Mother_Nationality_Add	Adoption Mother's Nationality Add Redirect 1	1646925093693	1646925093743	OK	 
GROUP	1	adoption_510_Birth_Mother_Nationality_Add	1646925093407	1646925094155	742	OK
REQUEST	1	adoption_520_Birth_Mother_Nationality_POSt	Adoption Mother's Nationality	1646925095148	1646925095463	OK	 
REQUEST	1	adoption_520_Birth_Mother_Nationality_POSt	Adoption Mother's Nationality Redirect 1	1646925095465	1646925095507	OK	 
GROUP	1	adoption_520_Birth_Mother_Nationality_POSt	1646925095148	1646925095554	401	OK
REQUEST	1	adoption_530_Birth_Mother_Occupation	Adoption Mother's Occupation	1646925096557	1646925096757	OK	 
REQUEST	1	adoption_530_Birth_Mother_Occupation	Adoption Mother's Occupation Redirect 1	1646925096758	1646925096816	OK	 
GROUP	1	adoption_530_Birth_Mother_Occupation	1646925096556	1646925096856	296	OK
REQUEST	1	adoption_535_Birth_Mother_Occupation_Redirect	Adoption Mother's Details Redirect	1646925097859	1646925097954	OK	 
GROUP	1	adoption_535_Birth_Mother_Occupation_Redirect	1646925097858	1646925097996	134	OK
REQUEST	1	adoption_540_Birth_Mother_Occupation	Adoption Mother's Address Known	1646925098998	1646925099250	OK	 
REQUEST	1	adoption_540_Birth_Mother_Occupation	Adoption Mother's Address Known Redirect 1	1646925099251	1646925099292	OK	 
GROUP	1	adoption_540_Birth_Mother_Occupation	1646925098998	1646925099374	372	OK
REQUEST	1	adoption_550_Birth_Mother_Address_Manual	Adoption Mother's Address Manual	1646925100378	1646925100422	OK	 
GROUP	1	adoption_550_Birth_Mother_Address_Manual	1646925100378	1646925101204	823	OK
REQUEST	1	adoption_560_Birth_Mother_Address_POST	Adoption Mother's Address	1646925102197	1646925102392	OK	 
REQUEST	1	adoption_560_Birth_Mother_Address_POST	Adoption Mother's Address Redirect 1	1646925102394	1646925102428	OK	 
GROUP	1	adoption_560_Birth_Mother_Address_POST	1646925102197	1646925102835	633	OK
REQUEST	1	adoption_570_Birth_Father_Details	Adoption Father's Details	1646925103839	1646925103905	OK	 
GROUP	1	adoption_570_Birth_Father_Details	1646925103838	1646925103970	129	OK
REQUEST	1	adoption_580_Birth_Father_Details_POST	Adoption Father's Details On Certificate	1646925104978	1646925105245	OK	 
REQUEST	1	adoption_580_Birth_Father_Details_POST	Adoption Father's Details On Certificate Redirect 1	1646925105247	1646925105287	OK	 
GROUP	1	adoption_580_Birth_Father_Details_POST	1646925104978	1646925105850	868	OK
REQUEST	1	adoption_590_Birth_Father_Name	Adoption Father's Name	1646925106850	1646925107234	OK	 
REQUEST	1	adoption_590_Birth_Father_Name	Adoption Father's Name Redirect 1	1646925107236	1646925107275	OK	 
GROUP	1	adoption_590_Birth_Father_Name	1646925106849	1646925107578	721	OK
REQUEST	1	adoption_600_Birth_Father_Alive	Adoption Father Still alive?	1646925108568	1646925108757	OK	 
REQUEST	1	adoption_600_Birth_Father_Alive	Adoption Father Still alive? Redirect 1	1646925108758	1646925108805	OK	 
GROUP	1	adoption_600_Birth_Father_Alive	1646925108567	1646925108853	280	OK
REQUEST	1	adoption_610_Birth_Father_Nationality_Add	Adoption Father add Nationality	1646925109858	1646925110024	OK	 
REQUEST	1	adoption_610_Birth_Father_Nationality_Add	Adoption Father add Nationality Redirect 1	1646925110025	1646925110064	OK	 
GROUP	1	adoption_610_Birth_Father_Nationality_Add	1646925109857	1646925110107	244	OK
REQUEST	1	adoption_620_Birth_Father_Nationality_POST	Adoption Father's Nationality	1646925111119	1646925111289	OK	 
REQUEST	1	adoption_620_Birth_Father_Nationality_POST	Adoption Father's Nationality Redirect 1	1646925111290	1646925111442	OK	 
GROUP	1	adoption_620_Birth_Father_Nationality_POST	1646925111119	1646925111499	376	OK
REQUEST	1	adoption_630_Birth_Father_Occupation	Adoption Father's Occupation	1646925112498	1646925112801	OK	 
REQUEST	1	adoption_630_Birth_Father_Occupation	Adoption Father's Occupation Redirect 1	1646925112802	1646925112852	OK	 
GROUP	1	adoption_630_Birth_Father_Occupation	1646925112497	1646925112978	475	OK
REQUEST	1	adoption_640_Birth_Father_Occupation_Address_Known	Adoption Father's Address Known?	1646925113978	1646925114185	OK	 
REQUEST	1	adoption_640_Birth_Father_Occupation_Address_Known	Adoption Father's Address Known? Redirect 1	1646925114186	1646925114236	OK	 
GROUP	1	adoption_640_Birth_Father_Occupation_Address_Known	1646925113978	1646925114570	589	OK
REQUEST	1	adoption_640_Birth_Father_Occupation_Address_Manual	Adoption Father's Address Manual	1646925115568	1646925115619	OK	 
GROUP	1	adoption_640_Birth_Father_Occupation_Address_Manual	1646925115567	1646925116101	531	OK
REQUEST	1	adoption_640_Birth_Father_Occupation_Address_POST	Adoption Father's Address	1646925117096	1646925117442	OK	 
REQUEST	1	adoption_640_Birth_Father_Occupation_Address_POST	Adoption Father's Address Redirect 1	1646925117443	1646925117485	OK	 
GROUP	1	adoption_640_Birth_Father_Occupation_Address_POST	1646925117096	1646925117530	431	OK
REQUEST	1	adoption_650_Other_Parent_Exists	Adoption Other Parent	1646925118538	1646925118578	OK	 
GROUP	1	adoption_650_Other_Parent_Exists	1646925118537	1646925119143	602	OK
REQUEST	1	adoption_660_Other_Parent_Exists_POST	Adoption Other Parent Exists	1646925120137	1646925120312	OK	 
REQUEST	1	adoption_660_Other_Parent_Exists_POST	Adoption Other Parent Exists Redirect 1	1646925120313	1646925120358	OK	 
GROUP	1	adoption_660_Other_Parent_Exists_POST	1646925120137	1646925120937	797	OK
REQUEST	1	adoption_670_Other_Parent_Name	Adoption Other Parent Name	1646925121938	1646925122505	OK	 
REQUEST	1	adoption_670_Other_Parent_Name	Adoption Other Parent Name Redirect 1	1646925122507	1646925122593	OK	 
GROUP	1	adoption_670_Other_Parent_Name	1646925121937	1646925123541	1599	OK
REQUEST	1	adoption_680_Other_Parent_Address_Known?	Adoption Other Parent Address known?	1646925124547	1646925125081	OK	 
REQUEST	1	adoption_680_Other_Parent_Address_Known?	Adoption Other Parent Address known? Redirect 1	1646925125082	1646925125134	OK	 
GROUP	1	adoption_680_Other_Parent_Address_Known?	1646925124547	1646925125887	1336	OK
REQUEST	1	adoption_690_Other_Parent_Address_Manual	Adoption Other Parent Address Manual	1646925126878	1646925126940	OK	 
GROUP	1	adoption_690_Other_Parent_Address_Manual	1646925126878	1646925127175	295	OK
REQUEST	1	adoption_700_Other_Parent_Address_POST	Adoption Other Parent Address Manual	1646925128177	1646925128531	OK	 
REQUEST	1	adoption_700_Other_Parent_Address_POST	Adoption Other Parent Address Manual Redirect 1	1646925128532	1646925128566	OK	 
GROUP	1	adoption_700_Other_Parent_Address_POST	1646925128176	1646925128621	441	OK
REQUEST	1	adoption_710_Agency	Adoption Agency	1646925129627	1646925129802	OK	 
REQUEST	1	adoption_710_Agency	Adoption Agency Redirect 1	1646925129803	1646925130198	OK	 
GROUP	1	adoption_710_Agency	1646925129627	1646925130247	617	OK
REQUEST	1	adoption_720_Agency_Details	Adoption Agency Details	1646925131247	1646925131659	OK	 
REQUEST	1	adoption_720_Agency_Details	Adoption Agency Details Redirect 1	1646925131660	1646925132052	OK	 
GROUP	1	adoption_720_Agency_Details	1646925131247	1646925132167	916	OK
REQUEST	1	adoption_730_Other_Agency	Adoption Other Agency?	1646925133168	1646925133441	OK	 
REQUEST	1	adoption_730_Other_Agency	Adoption Other Agency? Redirect 1	1646925133442	1646925133814	OK	 
REQUEST	1	adoption_730_Other_Agency	Adoption Other Agency? Redirect 2	1646925133815	1646925133992	OK	 
GROUP	1	adoption_730_Other_Agency	1646925133167	1646925134174	1001	OK
REQUEST	1	adoption_740_Other_Agency_Details	Adoption Other Agency Details	1646925135168	1646925135402	OK	 
REQUEST	1	adoption_740_Other_Agency_Details	Adoption Other Agency Details Redirect 1	1646925135404	1646925135491	OK	 
GROUP	1	adoption_740_Other_Agency_Details	1646925135167	1646925135635	463	OK
REQUEST	1	adoption_750_Social_Worker_Details	Adoption Social Worker Details	1646925136637	1646925136876	OK	 
REQUEST	1	adoption_750_Social_Worker_Details	Adoption Social Worker Details Redirect 1	1646925136878	1646925137078	OK	 
GROUP	1	adoption_750_Social_Worker_Details	1646925136637	1646925137268	626	OK
REQUEST	1	adoption_760_Sibling_Details	Adoption Sibling Details	1646925138278	1646925138321	OK	 
GROUP	1	adoption_760_Sibling_Details	1646925138278	1646925138373	93	OK
REQUEST	1	adoption_770_Sibling_Other?	Adoption Any Sibling?	1646925139367	1646925139586	OK	 
REQUEST	1	adoption_770_Sibling_Other?	Adoption Any Sibling? Redirect 1	1646925139587	1646925139641	OK	 
GROUP	1	adoption_770_Sibling_Other?	1646925139367	1646925139684	314	OK
REQUEST	1	adoption_780_Sibling_Court_Order_Exists?	Adoption Court Order Exists?	1646925140677	1646925140962	OK	 
REQUEST	1	adoption_780_Sibling_Court_Order_Exists?	Adoption Court Order Exists? Redirect 1	1646925140963	1646925141259	OK	 
GROUP	1	adoption_780_Sibling_Court_Order_Exists?	1646925140677	1646925141529	849	OK
REQUEST	1	adoption_790_Sibling_Name?	Adoption Sibling Name	1646925142537	1646925142972	OK	 
REQUEST	1	adoption_790_Sibling_Name?	Adoption Sibling Name Redirect 1	1646925142973	1646925143135	OK	 
REQUEST	1	adoption_790_Sibling_Name?	Adoption Sibling Name Redirect 2	1646925143136	1646925143350	OK	 
GROUP	1	adoption_790_Sibling_Name?	1646925142537	1646925143440	899	OK
REQUEST	1	adoption_800_Sibling_Order_Type	Adoption Order Type?	1646925144437	1646925144683	OK	 
REQUEST	1	adoption_800_Sibling_Order_Type	Adoption Order Type? Redirect 1	1646925144684	1646925144926	OK	 
GROUP	1	adoption_800_Sibling_Order_Type	1646925144437	1646925144993	552	OK
REQUEST	1	adoption_810_Sibling_Order_Number	Adoption Order Number	1646925145997	1646925146263	OK	 
REQUEST	1	adoption_810_Sibling_Order_Number	Adoption Order Number Redirect 1	1646925146265	1646925146312	OK	 
GROUP	1	adoption_810_Sibling_Order_Number	1646925145997	1646925146353	351	OK
REQUEST	1	adoption_820_Sibling_New_Order?	Adoption Add New Order?	1646925147348	1646925147529	OK	 
REQUEST	1	adoption_820_Sibling_New_Order?	Adoption Add New Order? Redirect 1	1646925147530	1646925147654	OK	 
GROUP	1	adoption_820_Sibling_New_Order?	1646925147348	1646925147760	408	OK
REQUEST	1	adoption_830_Sibling_Select	Adoption Select Sibling	1646925148767	1646925149191	OK	 
REQUEST	1	adoption_830_Sibling_Select	Adoption Select Sibling Redirect 1	1646925149191	1646925149406	OK	 
REQUEST	1	adoption_830_Sibling_Select	Adoption Select Sibling Redirect 2	1646925149407	1646925149637	OK	 
GROUP	1	adoption_830_Sibling_Select	1646925148767	1646925149836	1065	OK
REQUEST	1	adoption_840_Sibling_Select	Adoption Order Type	1646925150828	1646925151116	OK	 
REQUEST	1	adoption_840_Sibling_Select	Adoption Order Type Redirect 1	1646925151117	1646925151586	OK	 
GROUP	1	adoption_840_Sibling_Select	1646925150827	1646925151753	922	OK
REQUEST	1	adoption_850_Sibling_Select	Adoption Order Number	1646925152759	1646925152939	OK	 
REQUEST	1	adoption_850_Sibling_Select	Adoption Order Number Redirect 1	1646925152940	1646925152998	OK	 
GROUP	1	adoption_850_Sibling_Select	1646925152758	1646925153089	327	OK
REQUEST	1	adoption_855_Sibling_Select	Adoption Order Number	1646925154086	1646925154484	OK	 
REQUEST	1	adoption_855_Sibling_Select	Adoption Order Number Redirect 1	1646925154485	1646925154528	OK	 
GROUP	1	adoption_855_Sibling_Select	1646925154086	1646925154851	762	OK
REQUEST	1	adoption_860_Sibling_Select	Adoption Order Number	1646925154851	1646925155027	OK	 
REQUEST	1	adoption_860_Sibling_Select	Adoption Order Number Redirect 1	1646925155027	1646925155066	OK	 
GROUP	1	adoption_860_Sibling_Select	1646925154851	1646925155278	425	OK
REQUEST	1	adoption_861_Family_Court	Adoption Family Court Redirect	1646925156287	1646925156337	OK	 
GROUP	1	adoption_861_Family_Court	1646925156287	1646925156458	169	OK
REQUEST	1	adoption_862_Family_Court_POST	Adoption Family Court Redirect	1646925156458	1646925156635	OK	 
REQUEST	1	adoption_862_Family_Court_POST	Adoption Family Court Redirect Redirect 1	1646925156636	1646925156675	OK	 
GROUP	1	adoption_862_Family_Court_POST	1646925156458	1646925156840	379	OK
REQUEST	1	adoption_870_Upload_Document	Adoption Birth Certificate Details	1646925156840	1646925156887	OK	 
GROUP	1	adoption_870_Upload_Document	1646925156840	1646925156955	112	OK
REQUEST	1	adoption_880_Upload_Document	Adoption Certificate Upload	1646925157972	1646925159084	OK	 
GROUP	1	adoption_880_Upload_Document	1646925157947	1646925160087	1112	OK
REQUEST	1	adoption_885_Upload_Document_POST	Adoption Certificate Upload POST	1646925160087	1646925160269	OK	 
REQUEST	1	adoption_885_Upload_Document_POST	Adoption Certificate Upload POST Redirect 1	1646925160270	1646925160399	OK	 
GROUP	1	adoption_885_Upload_Document_POST	1646925160087	1646925160445	355	OK
REQUEST	1	adoption_905_Equality_Redirect	Adoption Review Equality	1646925161438	1646925161666	OK	 
GROUP	1	adoption_905_Equality_Redirect	1646925161437	1646925161869	428	OK
REQUEST	1	adoption_910_Check_Your_Answers	Adoption Review Check Your Answers	1646925162878	1646925163181	OK	 
REQUEST	1	adoption_910_Check_Your_Answers	Adoption Review Check Your Answers Redirect 1	1646925163181	1646925163317	OK	 
GROUP	1	adoption_910_Check_Your_Answers	1646925162878	1646925163763	883	OK
REQUEST	1	adoption_920_Statement	Adoption Review Statement of Truth	1646925164758	1646925165142	OK	 
REQUEST	1	adoption_920_Statement	Adoption Review Statement of Truth Redirect 1	1646925165143	1646925165814	OK	 
GROUP	1	adoption_920_Statement	1646925164758	1646925165855	1094	OK
REQUEST	1	adoption_930_Pay_By_Card	Adoption Pay by Card	1646925166857	1646925169293	OK	 
REQUEST	1	adoption_930_Pay_By_Card	Adoption Pay by Card Redirect 1	1646925169294	1646925169405	OK	 
REQUEST	1	adoption_930_Pay_By_Card	Adoption Pay by Card Redirect 2	1646925169406	1646925169500	OK	 
GROUP	1	adoption_930_Pay_By_Card	1646925166857	1646925169615	2749	OK
REQUEST	1	adoption_940_Check_Card_Details	Adoption Pay by Card	1646925170617	1646925170660	OK	 
GROUP	1	adoption_940_Check_Card_Details	1646925170617	1646925170662	43	OK
REQUEST	1	adoption_950_Card_Details	Adoption Pay by Card	1646925170663	1646925170789	OK	 
REQUEST	1	adoption_950_Card_Details	Adoption Pay by Card Redirect 1	1646925170790	1646925170839	OK	 
GROUP	1	adoption_950_Card_Details	1646925170662	1646925170846	176	OK
REQUEST	1	adoption_960_Application Submit	Adoption Application Submit	1646925171837	1646925171924	OK	 
REQUEST	1	adoption_960_Application Submit	Adoption Application Submit Redirect 1	1646925171925	1646925171957	OK	 
REQUEST	1	adoption_960_Application Submit	Adoption Application Submit Redirect 2	1646925171958	1646925173813	OK	 
REQUEST	1	adoption_960_Application Submit	Adoption Application Submit Redirect 3	1646925173814	1646925173859	OK	 
GROUP	1	adoption_960_Application Submit	1646925171836	1646925173991	2149	OK
USER	LAU Simulation	1	END	1646925011134	1646925175002
