RUN	simulations.mainSimulation	mainsimulation	1646827572434	 	3.3.1
USER	LAU Simulation	1	START	1646827573110	1646827573110
REQUEST	1	adoption_010_Homepage	Adoption Homepage	1646827573140	1646827573240	OK	 
REQUEST	1	adoption_010_Homepage	Adoption Homepage Redirect 1	1646827573266	1646827573296	OK	 
REQUEST	1	adoption_010_Homepage	Adoption Homepage Redirect 2	1646827573298	1646827573356	OK	 
GROUP	1	adoption_010_Homepage	1646827573119	1646827573650	387	OK
REQUEST	1	Adoption_020_Login	Adoption Login	1646827575666	1646827575845	OK	 
REQUEST	1	Adoption_020_Login	Adoption Login Redirect 1	1646827575849	1646827576142	OK	 
REQUEST	1	Adoption_020_Login	Adoption Login Redirect 2	1646827576143	1646827576463	OK	 
REQUEST	1	Adoption_020_Login	Adoption Login Redirect 3	1646827576464	1646827576511	OK	 
GROUP	1	Adoption_020_Login	1646827575662	1646827576721	1029	OK
REQUEST	1	Adoption_030_Apply_With	Adoption Applying With	1646827578725	1646827578770	OK	 
GROUP	1	Adoption_030_Apply_With	1646827578724	1646827578857	118	OK
REQUEST	1	Adoption_040_Adoption_Applying_Post	Adoption Applying Post	1646827580865	1646827581346	OK	 
REQUEST	1	Adoption_040_Adoption_Applying_Post	Adoption Applying Post Redirect 1	1646827581347	1646827581389	OK	 
GROUP	1	Adoption_040_Adoption_Applying_Post	1646827580863	1646827581434	559	OK
REQUEST	1	Adoption_050_Adoption_Applying_With_Redirect	Adoption Applying With Redirect	1646827583445	1646827583488	OK	 
GROUP	1	Adoption_050_Adoption_Applying_With_Redirect	1646827583444	1646827583533	81	OK
REQUEST	1	Adoption_140_Your_Contact_Details	Adoption Your Contact Details LookUp	1646827585524	1646827585583	OK	 
GROUP	1	Adoption_140_Your_Contact_Details	1646827585523	1646827585624	96	OK
REQUEST	1	Adoption_150_Your_Contact_Details_Manual	Adoption Your Contact Details Manual	1646827587636	1646827587673	OK	 
GROUP	1	Adoption_150_Your_Contact_Details_Manual	1646827587635	1646827587723	80	OK
REQUEST	1	Adoption_160_Your_Contact_Details_Manual_POST	Adoption Your Contact Details Manual POST	1646827589713	1646827589959	OK	 
REQUEST	1	Adoption_160_Your_Contact_Details_Manual_POST	Adoption Your Contact Details Manual POST Redirect 1	1646827589961	1646827589995	OK	 
GROUP	1	Adoption_160_Your_Contact_Details_Manual_POST	1646827589713	1646827590043	315	OK
REQUEST	1	Adoption_170_Your_Contact_Details_POST	Adoption Your Contact Details POST	1646827592044	1646827592440	OK	 
REQUEST	1	Adoption_170_Your_Contact_Details_POST	Adoption Your Contact Details POST Redirect 1	1646827592442	1646827592478	OK	 
GROUP	1	Adoption_170_Your_Contact_Details_POST	1646827592043	1646827592519	469	OK
USER	LAU Simulation	1	END	1646827573110	1646827594526
