RUN	simulations.mainSimulation	mainsimulation	1646845369504	 	3.3.1
USER	LAU Simulation	1	START	1646845370132	1646845370132
REQUEST	1	adoption_010_Homepage	Adoption Homepage	1646845370157	1646845370214	OK	 
REQUEST	1	adoption_010_Homepage	Adoption Homepage Redirect 1	1646845370234	1646845370261	OK	 
REQUEST	1	adoption_010_Homepage	Adoption Homepage Redirect 2	1646845370262	1646845370459	OK	 
GROUP	1	adoption_010_Homepage	1646845370140	1646845370810	543	OK
REQUEST	1	Adoption_020_Login	Adoption Login	1646845371829	1646845372117	OK	 
REQUEST	1	Adoption_020_Login	Adoption Login Redirect 1	1646845372122	1646845372526	OK	 
REQUEST	1	Adoption_020_Login	Adoption Login Redirect 2	1646845372527	1646845373551	OK	 
REQUEST	1	Adoption_020_Login	Adoption Login Redirect 3	1646845373553	1646845373586	OK	 
GROUP	1	Adoption_020_Login	1646845371824	1646845375541	3694	OK
REQUEST	1	Adoption_030_Apply_With	Adoption Applying With	1646845376546	1646845376635	OK	 
GROUP	1	Adoption_030_Apply_With	1646845376544	1646845376794	240	OK
REQUEST	1	Adoption_040_Adoption_Applying_Post	Adoption Applying Post	1646845377805	1646845378614	OK	 
REQUEST	1	Adoption_040_Adoption_Applying_Post	Adoption Applying Post Redirect 1	1646845378616	1646845378661	OK	 
GROUP	1	Adoption_040_Adoption_Applying_Post	1646845377803	1646845379450	1638	OK
REQUEST	1	Adoption_050_Adoption_Applying_With_Redirect	Adoption Applying With Redirect	1646845380444	1646845380479	OK	 
GROUP	1	Adoption_050_Adoption_Applying_With_Redirect	1646845380443	1646845382706	2255	OK
REQUEST	1	Adoption_060_Date_Of_Move	Adoption Date Child Moved in 	1646845383713	1646845383768	OK	 
GROUP	1	Adoption_060_Date_Of_Move	1646845383713	1646845383818	102	OK
REQUEST	1	Adoption_070_Date_Of_Move_POST	Adoption Date Child Moved in Post	1646845384814	1646845385193	OK	 
REQUEST	1	Adoption_070_Date_Of_Move_POST	Adoption Date Child Moved in Post Redirect 1	1646845385195	1646845385246	OK	 
REQUEST	1	Adoption_070_Date_Of_Move_POST,Adoption_050_Adoption_Applying_With_Redirect	Adoption Applying With Redirect	1646845385985	1646845386024	OK	 
GROUP	1	Adoption_070_Date_Of_Move_POST,Adoption_050_Adoption_Applying_With_Redirect	1646845385984	1646845386343	354	OK
GROUP	1	Adoption_070_Date_Of_Move_POST	1646845384814	1646845387370	1517	OK
REQUEST	1	adoption_760_Sibling_Details	Adoption Sibling Details	1646845388334	1646845388375	OK	 
GROUP	1	adoption_760_Sibling_Details	1646845388334	1646845388496	156	OK
REQUEST	1	adoption_770_Sibling_Other?	Adoption Any Sibling?	1646845389512	1646845389812	OK	 
REQUEST	1	adoption_770_Sibling_Other?	Adoption Any Sibling? Redirect 1	1646845389813	1646845389847	OK	 
GROUP	1	adoption_770_Sibling_Other?	1646845389511	1646845390118	600	OK
REQUEST	1	adoption_780_Sibling_Court_Order_Exists?	Adoption Court Order Exists?	1646845391113	1646845391517	OK	 
REQUEST	1	adoption_780_Sibling_Court_Order_Exists?	Adoption Court Order Exists? Redirect 1	1646845391519	1646845391689	OK	 
GROUP	1	adoption_780_Sibling_Court_Order_Exists?	1646845391112	1646845392163	1045	OK
REQUEST	1	adoption_790_Sibling_Name?	Adoption Sibling Name	1646845393165	1646845393518	OK	 
REQUEST	1	adoption_790_Sibling_Name?	Adoption Sibling Name Redirect 1	1646845393520	1646845393673	OK	 
REQUEST	1	adoption_790_Sibling_Name?	Adoption Sibling Name Redirect 2	1646845393675	1646845394039	OK	 
GROUP	1	adoption_790_Sibling_Name?	1646845393164	1646845394094	922	OK
REQUEST	1	adoption_800_Sibling_Order_Type	Adoption Order Type?	1646845395103	1646845395321	OK	 
REQUEST	1	adoption_800_Sibling_Order_Type	Adoption Order Type? Redirect 1	1646845395323	1646845395573	OK	 
GROUP	1	adoption_800_Sibling_Order_Type	1646845395102	1646845395627	519	OK
REQUEST	1	adoption_810_Sibling_Order_Number	Adoption Order Number	1646845396624	1646845396806	OK	 
REQUEST	1	adoption_810_Sibling_Order_Number	Adoption Order Number Redirect 1	1646845396807	1646845396844	OK	 
GROUP	1	adoption_810_Sibling_Order_Number	1646845396623	1646845397410	782	OK
REQUEST	1	adoption_820_Sibling_New_Order?	Adoption Add New Order?	1646845398405	1646845398718	OK	 
REQUEST	1	adoption_820_Sibling_New_Order?	Adoption Add New Order? Redirect 1	1646845398720	1646845398761	OK	 
GROUP	1	adoption_820_Sibling_New_Order?	1646845398404	1646845398907	496	OK
REQUEST	1	adoption_830_Sibling_Select	Adoption Select Sibling	1646845399915	1646845400085	OK	 
REQUEST	1	adoption_830_Sibling_Select	Adoption Select Sibling Redirect 1	1646845400087	1646845400276	OK	 
REQUEST	1	adoption_830_Sibling_Select	Adoption Select Sibling Redirect 2	1646845400278	1646845400462	OK	 
GROUP	1	adoption_830_Sibling_Select	1646845399914	1646845400522	600	OK
REQUEST	1	adoption_840_Sibling_Select	Adoption Order Type	1646845401522	1646845401682	OK	 
REQUEST	1	adoption_840_Sibling_Select	Adoption Order Type Redirect 1	1646845401685	1646845401842	OK	 
GROUP	1	adoption_840_Sibling_Select	1646845401521	1646845401893	364	OK
REQUEST	1	adoption_850_Sibling_Select	Adoption Order Number	1646845402895	1646845403081	OK	 
REQUEST	1	adoption_850_Sibling_Select	Adoption Order Number Redirect 1	1646845403083	1646845403161	OK	 
GROUP	1	adoption_850_Sibling_Select	1646845402894	1646845403201	300	OK
REQUEST	1	adoption_860_Sibling_Select	Adoption Order Number	1646845404194	1646845404615	OK	 
REQUEST	1	adoption_860_Sibling_Select	Adoption Order Number Redirect 1	1646845404616	1646845404655	OK	 
GROUP	1	adoption_860_Sibling_Select	1646845404193	1646845404746	547	OK
USER	LAU Simulation	1	END	1646845370132	1646845405755
