RUN	simulations.mainSimulation	mainsimulation	1646998563074	 	3.3.1
USER	LAU Simulation	1	START	1646998565557	1646998565557
REQUEST	1	AD_010_Homepage	Adoption Homepage	1646998565582	1646998568933	OK	 
REQUEST	1	AD_010_Homepage	Adoption Homepage Redirect 1	1646998568959	1646998568998	OK	 
REQUEST	1	AD_010_Homepage	Adoption Homepage Redirect 2	1646998569000	1646998569194	OK	 
GROUP	1	AD_010_Homepage	1646998565565	1646998570806	5103	OK
REQUEST	1	AD_020_Login	Adoption Login	1646998571825	1646998572093	OK	 
REQUEST	1	AD_020_Login	Adoption Login Redirect 1	1646998572097	1646998572476	OK	 
REQUEST	1	AD_020_Login	Adoption Login Redirect 2	1646998572478	1646998573539	OK	 
REQUEST	1	AD_020_Login	Adoption Login Redirect 3	1646998573540	1646998573733	OK	 
GROUP	1	AD_020_Login	1646998571821	1646998580254	8412	OK
REQUEST	1	AD_030_Apply_With	Adoption Applying With	1646998581263	1646998581346	OK	 
GROUP	1	AD_030_Apply_With	1646998581262	1646998581441	169	OK
REQUEST	1	AD_040_Applying_Post	Adoption Applying Post	1646998582436	1646998583120	OK	 
REQUEST	1	AD_040_Applying_Post	Adoption Applying Post Redirect 1	1646998583121	1646998583217	OK	 
GROUP	1	AD_040_Applying_Post	1646998582434	1646998583314	873	OK
REQUEST	1	AD_050_Applying_With_Redirect	Adoption Applying With Redirect	1646998584324	1646998584748	OK	 
GROUP	1	AD_050_Applying_With_Redirect	1646998584323	1646998584921	591	OK
REQUEST	1	AD_060_Date_Of_Move	Adoption Date Child Moved in 	1646998585914	1646998585973	OK	 
GROUP	1	AD_060_Date_Of_Move	1646998585913	1646998586063	137	OK
REQUEST	1	AD_070_Date_Of_Move_POST	Adoption Date Child Moved in Post	1646998587075	1646998587536	OK	 
REQUEST	1	AD_070_Date_Of_Move_POST	Adoption Date Child Moved in Post Redirect 1	1646998587537	1646998587709	OK	 
GROUP	1	AD_070_Date_Of_Move_POST	1646998587074	1646998587787	707	OK
REQUEST	1	AD_080_Your_Details	Adoption Your Personal Details 	1646998587787	1646998587861	OK	 
GROUP	1	AD_080_Your_Details	1646998587787	1646998587933	142	OK
REQUEST	1	AD_090_Your_Details_POST	Adoption Your Personal Details Post	1646998588924	1646998589374	OK	 
REQUEST	1	AD_090_Your_Details_POST	Adoption Your Personal Details Post Redirect 1	1646998589376	1646998589469	OK	 
GROUP	1	AD_090_Your_Details_POST	1646998588923	1646998589640	709	OK
REQUEST	1	AD_100_Your_Details_Other_Name	Adoption Your Personal Details Other Name	1646998590644	1646998591185	OK	 
REQUEST	1	AD_100_Your_Details_Other_Name	Adoption Your Personal Details Other Name Redirect 1	1646998591186	1646998591407	OK	 
GROUP	1	AD_100_Your_Details_Other_Name	1646998590643	1646998591587	937	OK
REQUEST	1	AD_110_Your_Details_DoB	Adoption Your Personal Details DoB	1646998592594	1646998592655	OK	 
GROUP	1	AD_110_Your_Details_DoB	1646998592594	1646998592733	135	OK
REQUEST	1	AD_120_Your_Details_DoB_POST	Adoption Your Personal Details DoB POST	1646998593733	1646998594293	OK	 
REQUEST	1	AD_120_Your_Details_DoB_POST	Adoption Your Personal Details DoB POST Redirect 1	1646998594295	1646998594406	OK	 
GROUP	1	AD_120_Your_Details_DoB_POST	1646998593733	1646998594511	773	OK
REQUEST	1	AD_130_Your_Details_Occupation	Adoption Your Personal Details Occupation	1646998595505	1646998596245	OK	 
REQUEST	1	AD_130_Your_Details_Occupation	Adoption Your Personal Details Occupation Redirect 1	1646998596246	1646998596918	OK	 
GROUP	1	AD_130_Your_Details_Occupation	1646998595504	1646998597403	1894	OK
REQUEST	1	AD_140_Your_Contact	Adoption Your Contact Details LookUp	1646998598402	1646998599250	OK	 
GROUP	1	AD_140_Your_Contact	1646998598402	1646998599701	1296	OK
REQUEST	1	AD_150_Your_Contact_Manual	Adoption Your Contact Details Manual	1646998600703	1646998600974	OK	 
GROUP	1	AD_150_Your_Contact_Manual	1646998600703	1646998601156	449	OK
REQUEST	1	AD_160_Your_Contact_POST	Adoption Your Contact Details Manual POST	1646998602164	1646998603238	OK	 
REQUEST	1	AD_160_Your_Contact_POST	Adoption Your Contact Details Manual POST Redirect 1	1646998603239	1646998608428	OK	 
GROUP	1	AD_160_Your_Contact_POST	1646998602163	1646998608943	6775	OK
REQUEST	1	AD_170_Your_Contact_POST	Adoption Your Contact Details POST	1646998609944	1646998610599	OK	 
REQUEST	1	AD_170_Your_Contact_POST	Adoption Your Contact Details POST Redirect 1	1646998610602	1646998611083	OK	 
GROUP	1	AD_170_Your_Contact_POST	1646998609943	1646998611727	1778	OK
REQUEST	1	AD_180_Second_Person	Adoption Second Personal Details	1646998612725	1646998612835	OK	 
GROUP	1	AD_180_Second_Person	1646998612724	1646998612971	243	OK
REQUEST	1	AD_190_Second_PersonPOST	Adoption Second Personal Details POST	1646998613963	1646998614188	OK	 
REQUEST	1	AD_190_Second_PersonPOST	Adoption Second Personal Details POST Redirect 1	1646998614189	1646998614281	OK	 
GROUP	1	AD_190_Second_PersonPOST	1646998613962	1646998614406	438	OK
REQUEST	1	AD_200_Second_Other_Name	Adoption Second Other Name	1646998615413	1646998615856	OK	 
REQUEST	1	AD_200_Second_Other_Name	Adoption Second Other Name Redirect 1	1646998615858	1646998616711	OK	 
GROUP	1	AD_200_Second_Other_Name	1646998615413	1646998616811	1393	OK
REQUEST	1	AD_210_Second_Other_Name_Redirect	Adoption Second Other Name Redirect	1646998617803	1646998617984	OK	 
REQUEST	1	AD_210_Second_Other_Name_Redirect	Adoption Second Other Name Redirect Redirect 1	1646998617986	1646998618048	OK	 
GROUP	1	AD_210_Second_Other_Name_Redirect	1646998617802	1646998618125	317	OK
REQUEST	1	AD_220_Second_DoB	Adoption Second DoB	1646998619133	1646998619487	OK	 
REQUEST	1	AD_220_Second_DoB	Adoption Second DoB Redirect 1	1646998619489	1646998619786	OK	 
GROUP	1	AD_220_Second_DoB	1646998619133	1646998619938	799	OK
REQUEST	1	AD_230_Second_Occupation	Adoption Second Occupation	1646998620944	1646998621475	OK	 
REQUEST	1	AD_230_Second_Occupation	Adoption Second Occupation Redirect 1	1646998621476	1646998621600	OK	 
GROUP	1	AD_230_Second_Occupation	1646998620943	1646998621729	780	OK
REQUEST	1	AD_240_Second_Contact_Same	Adoption Second Contact Details Same-Address	1646998622724	1646998622811	OK	 
GROUP	1	AD_240_Second_Contact_Same	1646998622723	1646998622943	216	OK
REQUEST	1	AD_250_Second_Contact_Same_POST	Adoption Second Contact Details Same-Address POST	1646998623954	1646998624183	OK	 
REQUEST	1	AD_250_Second_Contact_Same_POST	Adoption Second Contact Details Same-Address POST Redirect 1	1646998624185	1646998624265	OK	 
GROUP	1	AD_250_Second_Contact_Same_POST	1646998623953	1646998624339	380	OK
REQUEST	1	AD_260_Second_Contact_Manual_Redirect	Adoption Second Contact Details manual redirect	1646998625335	1646998625538	OK	 
GROUP	1	AD_260_Second_Contact_Manual_Redirect	1646998625334	1646998625705	367	OK
REQUEST	1	AD_270_Second_Contact_Manual_POST	Adoption Second Contact Details manual POST	1646998626705	1646998627192	OK	 
REQUEST	1	AD_270_Second_Contact_Manual_POST	Adoption Second Contact Details manual POST Redirect 1	1646998627193	1646998627304	OK	 
GROUP	1	AD_270_Second_Contact_Manual_POST	1646998626704	1646998627569	861	OK
REQUEST	1	AD_280_Second_Contact_POST	Adoption Second Contact Details POST	1646998628564	1646998628888	OK	 
REQUEST	1	AD_280_Second_Contact_POST	Adoption Second Contact Details POST Redirect 1	1646998628890	1646998629538	OK	 
GROUP	1	AD_280_Second_Contact_POST	1646998628564	1646998629724	1155	OK
REQUEST	1	AD_290_Birth_Certificate	Adoption Birth Certificate Details	1646998630734	1646998631571	OK	 
GROUP	1	AD_290_Birth_Certificate	1646998630734	1646998631778	1041	OK
REQUEST	1	AD_300_Birth_Name	Adoption Birth Certificate Name	1646998632774	1646998633248	OK	 
REQUEST	1	AD_300_Birth_Name	Adoption Birth Certificate Name Redirect 1	1646998633248	1646998633336	OK	 
GROUP	1	AD_300_Birth_Name	1646998632774	1646998633400	623	OK
REQUEST	1	AD_320_Birth_DoB	Adoption Birth Certificate DoB	1646998634394	1646998634598	OK	 
REQUEST	1	AD_320_Birth_DoB	Adoption Birth Certificate DoB Redirect 1	1646998634599	1646998634741	OK	 
GROUP	1	AD_320_Birth_DoB	1646998634394	1646998634815	417	OK
REQUEST	1	AD_330_Birth_Sex	Adoption Birth Certificate Sex	1646998635824	1646998636008	OK	 
REQUEST	1	AD_330_Birth_Sex	Adoption Birth Certificate Sex Redirect 1	1646998636009	1646998636108	OK	 
GROUP	1	AD_330_Birth_Sex	1646998635824	1646998636275	448	OK
REQUEST	1	AD_340_Birth_Nationality_Add	Adoption Birth Certificate Nationality Add	1646998637274	1646998637587	OK	 
REQUEST	1	AD_340_Birth_Nationality_Add	Adoption Birth Certificate Nationality Add Redirect 1	1646998637588	1646998637706	OK	 
GROUP	1	AD_340_Birth_Nationality_Add	1646998637273	1646998637787	509	OK
REQUEST	1	AD_350_Birth_Nationality_POST	Adoption Birth Certificate Nationality POST	1646998638785	1646998639557	OK	 
REQUEST	1	AD_350_Birth_Nationality_POST	Adoption Birth Certificate Nationality POST Redirect 1	1646998639558	1646998639735	OK	 
GROUP	1	AD_350_Birth_Nationality_POST	1646998638784	1646998639812	1023	OK
REQUEST	1	AD_360_Certificate_Details	Adoption Certificate Details	1646998640815	1646998640894	OK	 
GROUP	1	AD_360_Certificate_Details	1646998640814	1646998640977	158	OK
REQUEST	1	AD_370_Certificate_Name	Adoption Certificate Details Name	1646998641975	1646998642361	OK	 
REQUEST	1	AD_370_Certificate_Name	Adoption Certificate Details Name Redirect 1	1646998642363	1646998642455	OK	 
GROUP	1	AD_370_Certificate_Name	1646998641974	1646998642633	653	OK
REQUEST	1	AD_380_Placement_Order	Adoption Placement Order Details	1646998643642	1646998644144	OK	 
GROUP	1	AD_380_Placement_Order	1646998643642	1646998644261	617	OK
REQUEST	1	AD_390_Placement_Number	Adoption Placement Order Number	1646998645253	1646998645471	OK	 
REQUEST	1	AD_390_Placement_Number	Adoption Placement Order Number Redirect 1	1646998645472	1646998645909	OK	 
GROUP	1	AD_390_Placement_Number	1646998645252	1646998645996	739	OK
REQUEST	1	AD_400_Placement_Court	Adoption Placement Court	1646998647003	1646998647301	OK	 
REQUEST	1	AD_400_Placement_Court	Adoption Placement Court Redirect 1	1646998647303	1646998647648	OK	 
GROUP	1	AD_400_Placement_Court	1646998647002	1646998647752	745	OK
REQUEST	1	AD_410_Placement_Date	Adoption Placement Date	1646998648742	1646998648959	OK	 
REQUEST	1	AD_410_Placement_Date	Adoption Placement Date Redirect 1	1646998648960	1646998649287	OK	 
GROUP	1	AD_410_Placement_Date	1646998648742	1646998649393	648	OK
REQUEST	1	AD_420_Placement_Summary	Adoption Placement Summary	1646998650404	1646998650636	OK	 
REQUEST	1	AD_420_Placement_Summary	Adoption Placement Summary Redirect 1	1646998650637	1646998650821	OK	 
REQUEST	1	AD_420_Placement_Summary	Adoption Placement Summary Redirect 2	1646998650822	1646998651070	OK	 
GROUP	1	AD_420_Placement_Summary	1646998650404	1646998651149	740	OK
REQUEST	1	AD_430_Placement_Type_2	Adoption Placement Type 2	1646998652145	1646998652554	OK	 
REQUEST	1	AD_430_Placement_Type_2	Adoption Placement Type 2 Redirect 1	1646998652555	1646998652917	OK	 
GROUP	1	AD_430_Placement_Type_2	1646998652144	1646998653129	980	OK
REQUEST	1	AD_440_Placement_Number_2	Adoption Placement Order Number 2	1646998654133	1646998654713	OK	 
REQUEST	1	AD_440_Placement_Number_2	Adoption Placement Order Number 2 Redirect 1	1646998654714	1646998654957	OK	 
GROUP	1	AD_440_Placement_Number_2	1646998654133	1646998655037	899	OK
REQUEST	1	AD_450_Placement_Court_2	Adoption Placement Court 2	1646998656032	1646998656359	OK	 
REQUEST	1	AD_450_Placement_Court_2	Adoption Placement Court 2 Redirect 1	1646998656361	1646998656651	OK	 
GROUP	1	AD_450_Placement_Court_2	1646998656032	1646998656882	844	OK
REQUEST	1	AD_460_Placement_Date_2	Adoption Placement Date 2	1646998657882	1646998658464	OK	 
REQUEST	1	AD_460_Placement_Date_2	Adoption Placement Date 2 Redirect 1	1646998658466	1646998658775	OK	 
GROUP	1	AD_460_Placement_Date_2	1646998657882	1646998658875	988	OK
REQUEST	1	AD_470_Placement_Summary_2	Adoption Placement Summary 2	1646998659884	1646998660487	OK	 
REQUEST	1	AD_470_Placement_Summary_2	Adoption Placement Summary 2 Redirect 1	1646998660488	1646998660599	OK	 
GROUP	1	AD_470_Placement_Summary_2	1646998659884	1646998660738	851	OK
REQUEST	1	AD_480_Birth_Mother	Adoption Mother's Details	1646998661734	1646998661814	OK	 
GROUP	1	AD_480_Birth_Mother	1646998661733	1646998661892	155	OK
REQUEST	1	AD_490_Mother_Name	Adoption Mother's Name	1646998662893	1646998663088	OK	 
REQUEST	1	AD_490_Mother_Name	Adoption Mother's Name Redirect 1	1646998663089	1646998663160	OK	 
GROUP	1	AD_490_Mother_Name	1646998662893	1646998663244	348	OK
REQUEST	1	AD_495_Mother_Alive_Redirect	Adoption Mother's Details	1646998664244	1646998664392	OK	 
GROUP	1	AD_495_Mother_Alive_Redirect	1646998664244	1646998664472	226	OK
REQUEST	1	AD_500_Mother_Alive	Adoption Mother Still Alive?	1646998665472	1646998665976	OK	 
REQUEST	1	AD_500_Mother_Alive	Adoption Mother Still Alive? Redirect 1	1646998665977	1646998666211	OK	 
GROUP	1	AD_500_Mother_Alive	1646998665472	1646998666495	1020	OK
REQUEST	1	AD_510_Mother_Nationality_Add	Adoption Mother's Nationality Add	1646998667495	1646998668066	OK	 
REQUEST	1	AD_510_Mother_Nationality_Add	Adoption Mother's Nationality Add Redirect 1	1646998668067	1646998668147	OK	 
GROUP	1	AD_510_Mother_Nationality_Add	1646998667494	1646998668226	727	OK
REQUEST	1	AD_520_Mother_Nationality_POST	Adoption Mother's Nationality	1646998669223	1646998669524	OK	 
REQUEST	1	AD_520_Mother_Nationality_POST	Adoption Mother's Nationality Redirect 1	1646998669525	1646998669684	OK	 
GROUP	1	AD_520_Mother_Nationality_POST	1646998669222	1646998669767	541	OK
REQUEST	1	AD_530_Mother_Occupation	Adoption Mother's Occupation	1646998670773	1646998671700	OK	 
REQUEST	1	AD_530_Mother_Occupation	Adoption Mother's Occupation Redirect 1	1646998671701	1646998671919	OK	 
GROUP	1	AD_530_Mother_Occupation	1646998670772	1646998672165	1388	OK
REQUEST	1	AD_535_Mother_Occupation_Redirect	Adoption Mother's Details Redirect	1646998673163	1646998673488	OK	 
GROUP	1	AD_535_Mother_Occupation_Redirect	1646998673163	1646998673607	441	OK
REQUEST	1	AD_540_Mother_Occupation	Adoption Mother's Address Known	1646998674613	1646998674988	OK	 
REQUEST	1	AD_540_Mother_Occupation	Adoption Mother's Address Known Redirect 1	1646998674989	1646998675557	OK	 
GROUP	1	AD_540_Mother_Occupation	1646998674612	1646998676257	1641	OK
REQUEST	1	AD_550_Mother_Address_Manual	Adoption Mother's Address Manual	1646998677254	1646998678282	OK	 
GROUP	1	AD_550_Mother_Address_Manual	1646998677253	1646998678518	1261	OK
REQUEST	1	AD_560_Mother_Address_POST	Adoption Mother's Address	1646998679513	1646998679979	OK	 
REQUEST	1	AD_560_Mother_Address_POST	Adoption Mother's Address Redirect 1	1646998679980	1646998680177	OK	 
GROUP	1	AD_560_Mother_Address_POST	1646998679512	1646998680231	714	OK
REQUEST	1	AD_570_Father_Details	Adoption Father's Details	1646998681233	1646998681315	OK	 
GROUP	1	AD_570_Father_Details	1646998681232	1646998681375	139	OK
REQUEST	1	AD_580_Father_Details_POST	Adoption Father's Details On Certificate	1646998682382	1646998683180	OK	 
REQUEST	1	AD_580_Father_Details_POST	Adoption Father's Details On Certificate Redirect 1	1646998683182	1646998683449	OK	 
GROUP	1	AD_580_Father_Details_POST	1646998682382	1646998683536	1149	OK
REQUEST	1	AD_590_Father_Name	Adoption Father's Name	1646998684535	1646998685117	OK	 
REQUEST	1	AD_590_Father_Name	Adoption Father's Name Redirect 1	1646998685118	1646998685810	OK	 
GROUP	1	AD_590_Father_Name	1646998684534	1646998685947	1408	OK
REQUEST	1	AD_600_Father_Alive	Adoption Father Still alive?	1646998686952	1646998687154	OK	 
REQUEST	1	AD_600_Father_Alive	Adoption Father Still alive? Redirect 1	1646998687155	1646998687258	OK	 
GROUP	1	AD_600_Father_Alive	1646998686952	1646998687351	395	OK
REQUEST	1	AD_610_Father_Nationality_Add	Adoption Father add Nationality	1646998688345	1646998688529	OK	 
REQUEST	1	AD_610_Father_Nationality_Add	Adoption Father add Nationality Redirect 1	1646998688530	1646998689529	OK	 
GROUP	1	AD_610_Father_Nationality_Add	1646998688344	1646998689714	1365	OK
REQUEST	1	AD_620_Father_Nationality_POST	Adoption Father's Nationality	1646998690722	1646998691168	OK	 
REQUEST	1	AD_620_Father_Nationality_POST	Adoption Father's Nationality Redirect 1	1646998691169	1646998691299	OK	 
GROUP	1	AD_620_Father_Nationality_POST	1646998690722	1646998691351	626	OK
REQUEST	1	AD_630_Father_Occupation	Adoption Father's Occupation	1646998692342	1646998692573	OK	 
REQUEST	1	AD_630_Father_Occupation	Adoption Father's Occupation Redirect 1	1646998692574	1646998692634	OK	 
GROUP	1	AD_630_Father_Occupation	1646998692342	1646998692710	365	OK
REQUEST	1	AD_640_Father_Address_Known	Adoption Father's Address Known?	1646998693713	1646998694277	OK	 
REQUEST	1	AD_640_Father_Address_Known	Adoption Father's Address Known? Redirect 1	1646998694278	1646998695008	OK	 
GROUP	1	AD_640_Father_Address_Known	1646998693712	1646998695191	1475	OK
REQUEST	1	AD_641_Father_Address_Manual	Adoption Father's Address Manual	1646998696194	1646998697086	OK	 
GROUP	1	AD_641_Father_Address_Manual	1646998696193	1646998697359	1162	OK
REQUEST	1	AD_642_Father_Address_POST	Adoption Father's Address	1646998698364	1646998698729	OK	 
REQUEST	1	AD_642_Father_Address_POST	Adoption Father's Address Redirect 1	1646998698731	1646998699282	OK	 
GROUP	1	AD_642_Father_Address_POST	1646998698364	1646998699439	1069	OK
REQUEST	1	AD_650_Other_Parent_Exists	Adoption Other Parent	1646998700434	1646998700601	OK	 
GROUP	1	AD_650_Other_Parent_Exists	1646998700434	1646998700726	289	OK
REQUEST	1	AD_660_Other_Exists_POST	Adoption Other Parent Exists	1646998701734	1646998702163	OK	 
REQUEST	1	AD_660_Other_Exists_POST	Adoption Other Parent Exists Redirect 1	1646998702164	1646998702272	OK	 
GROUP	1	AD_660_Other_Exists_POST	1646998701734	1646998702349	612	OK
REQUEST	1	AD_670_Other_Parent_Name	Adoption Other Parent Name	1646998703344	1646998703735	OK	 
REQUEST	1	AD_670_Other_Parent_Name	Adoption Other Parent Name Redirect 1	1646998703736	1646998703899	OK	 
GROUP	1	AD_670_Other_Parent_Name	1646998703344	1646998703973	625	OK
REQUEST	1	AD_680_Other_Parent_Address_Known	Adoption Other Parent Address known?	1646998704974	1646998705304	OK	 
REQUEST	1	AD_680_Other_Parent_Address_Known	Adoption Other Parent Address known? Redirect 1	1646998705305	1646998705375	OK	 
GROUP	1	AD_680_Other_Parent_Address_Known	1646998704973	1646998705448	470	OK
REQUEST	1	AD_690_Other_Parent_Address_Manual	Adoption Other Parent Address Manual	1646998706444	1646998706615	OK	 
GROUP	1	AD_690_Other_Parent_Address_Manual	1646998706444	1646998706694	247	OK
REQUEST	1	AD_700_Other_Parent_Address_POST	Adoption Other Parent Address Manual	1646998707704	1646998708059	OK	 
REQUEST	1	AD_700_Other_Parent_Address_POST	Adoption Other Parent Address Manual Redirect 1	1646998708061	1646998708186	OK	 
GROUP	1	AD_700_Other_Parent_Address_POST	1646998707704	1646998708297	587	OK
REQUEST	1	adoption_710_Agency	Adoption Agency	1646998709294	1646998709529	OK	 
REQUEST	1	adoption_710_Agency	Adoption Agency Redirect 1	1646998709530	1646998709771	OK	 
GROUP	1	adoption_710_Agency	1646998709293	1646998709848	550	OK
REQUEST	1	AD_720_Agency_Details	Adoption Agency Details	1646998710844	1646998711166	OK	 
REQUEST	1	AD_720_Agency_Details	Adoption Agency Details Redirect 1	1646998711167	1646998711668	OK	 
GROUP	1	AD_720_Agency_Details	1646998710844	1646998711748	900	OK
REQUEST	1	AD_730_Other_Agency	Adoption Other Agency?	1646998712753	1646998713298	OK	 
REQUEST	1	AD_730_Other_Agency	Adoption Other Agency? Redirect 1	1646998713299	1646998713605	OK	 
REQUEST	1	AD_730_Other_Agency	Adoption Other Agency? Redirect 2	1646998713606	1646998714083	OK	 
GROUP	1	AD_730_Other_Agency	1646998712753	1646998714154	1396	OK
REQUEST	1	AD_740_Other_Agency_Details	Adoption Other Agency Details	1646998715153	1646998715743	OK	 
REQUEST	1	AD_740_Other_Agency_Details	Adoption Other Agency Details Redirect 1	1646998715745	1646998716347	OK	 
GROUP	1	AD_740_Other_Agency_Details	1646998715152	1646998716421	1263	OK
REQUEST	1	AD_750_Social_Worker_Details	Adoption Social Worker Details	1646998717424	1646998718201	OK	 
REQUEST	1	AD_750_Social_Worker_Details	Adoption Social Worker Details Redirect 1	1646998718202	1646998718337	OK	 
GROUP	1	AD_750_Social_Worker_Details	1646998717424	1646998718408	979	OK
REQUEST	1	AD_760_Sibling_Details	Adoption Sibling Details	1646998719403	1646998720002	OK	 
GROUP	1	AD_760_Sibling_Details	1646998719402	1646998720211	805	OK
REQUEST	1	AD_770_Sibling_Other	Adoption Any Sibling?	1646998721212	1646998722010	OK	 
REQUEST	1	AD_770_Sibling_Other	Adoption Any Sibling? Redirect 1	1646998722011	1646998722110	OK	 
GROUP	1	AD_770_Sibling_Other	1646998721211	1646998722243	1027	OK
REQUEST	1	AD_780_Sibling_Order_Exists	Adoption Court Order Exists?	1646998723252	1646998723563	OK	 
REQUEST	1	AD_780_Sibling_Order_Exists	Adoption Court Order Exists? Redirect 1	1646998723564	1646998723841	OK	 
GROUP	1	AD_780_Sibling_Order_Exists	1646998723252	1646998724053	798	OK
REQUEST	1	AD_790_Sibling_Name	Adoption Sibling Name	1646998725053	1646998725460	OK	 
REQUEST	1	AD_790_Sibling_Name	Adoption Sibling Name Redirect 1	1646998725461	1646998725817	OK	 
REQUEST	1	AD_790_Sibling_Name	Adoption Sibling Name Redirect 2	1646998725818	1646998726181	OK	 
GROUP	1	AD_790_Sibling_Name	1646998725053	1646998726289	1231	OK
REQUEST	1	AD_800_Sibling_Type	Adoption Order Type?	1646998727285	1646998727514	OK	 
REQUEST	1	AD_800_Sibling_Type	Adoption Order Type? Redirect 1	1646998727515	1646998728175	OK	 
GROUP	1	AD_800_Sibling_Type	1646998727284	1646998728270	982	OK
REQUEST	1	AD_810_Sibling_Number	Adoption Order Number	1646998729262	1646998729687	OK	 
REQUEST	1	AD_810_Sibling_Number	Adoption Order Number Redirect 1	1646998729688	1646998729874	OK	 
GROUP	1	AD_810_Sibling_Number	1646998729262	1646998729952	684	OK
REQUEST	1	AD_820_Sibling_New_Order	Adoption Add New Order?	1646998730963	1646998731340	OK	 
REQUEST	1	AD_820_Sibling_New_Order	Adoption Add New Order? Redirect 1	1646998731341	1646998732165	OK	 
GROUP	1	AD_820_Sibling_New_Order	1646998730963	1646998732297	1328	OK
REQUEST	1	AD_830_Sibling_Select	Adoption Select Sibling	1646998733293	1646998733660	OK	 
REQUEST	1	AD_830_Sibling_Select	Adoption Select Sibling Redirect 1	1646998733661	1646998733970	OK	 
REQUEST	1	AD_830_Sibling_Select	Adoption Select Sibling Redirect 2	1646998733971	1646998734499	OK	 
GROUP	1	AD_830_Sibling_Select	1646998733292	1646998734559	1261	OK
REQUEST	1	AD_840_Sibling_Type_2	Adoption Order Type	1646998735564	1646998736018	OK	 
REQUEST	1	AD_840_Sibling_Type_2	Adoption Order Type Redirect 1	1646998736020	1646998736824	OK	 
GROUP	1	AD_840_Sibling_Type_2	1646998735564	1646998736905	1336	OK
REQUEST	1	AD_850_Sibling_Number_2t	Adoption Order Number	1646998737904	1646998738315	OK	 
REQUEST	1	AD_850_Sibling_Number_2t	Adoption Order Number Redirect 1	1646998738316	1646998738510	OK	 
GROUP	1	AD_850_Sibling_Number_2t	1646998737903	1646998738671	764	OK
REQUEST	1	AD_855_Sibling_Remove	Adoption Remove Placement Order	1646998739664	1646998739871	OK	 
REQUEST	1	AD_855_Sibling_Remove	Adoption Remove Placement Order Redirect 1	1646998739873	1646998740054	OK	 
GROUP	1	AD_855_Sibling_Remove	1646998739664	1646998740136	467	OK
REQUEST	1	AD_860_Sibling_Summary	Adoption Order Summary	1646998741143	1646998741446	OK	 
REQUEST	1	AD_860_Sibling_Summary	Adoption Order Summary Redirect 1	1646998741448	1646998741631	OK	 
GROUP	1	AD_860_Sibling_Summary	1646998741143	1646998741723	575	OK
REQUEST	1	AD_861_Family_Court	Adoption Family Court Redirect	1646998742724	1646998742844	OK	 
GROUP	1	AD_861_Family_Court	1646998742724	1646998742922	195	OK
REQUEST	1	AD_862_Family_Court_POST	Adoption Family Court Redirect	1646998743913	1646998744219	OK	 
REQUEST	1	AD_862_Family_Court_POST	Adoption Family Court Redirect Redirect 1	1646998744220	1646998744309	OK	 
GROUP	1	AD_862_Family_Court_POST	1646998743913	1646998744381	465	OK
REQUEST	1	AD_870_Upload_Document	Adoption Birth Certificate Details	1646998745393	1646998745478	OK	 
GROUP	1	AD_870_Upload_Document	1646998745392	1646998745558	161	OK
REQUEST	1	AD_880_Upload_Document	Adoption Certificate Upload	1646998746580	1646998753229	OK	 
GROUP	1	AD_880_Upload_Document	1646998746554	1646998753266	6649	OK
REQUEST	1	AD_885_Upload_Document_POST	Adoption Certificate Upload POST	1646998754233	1646998755034	OK	 
REQUEST	1	AD_885_Upload_Document_POST	Adoption Certificate Upload POST Redirect 1	1646998755035	1646998755279	OK	 
GROUP	1	AD_885_Upload_Document_POST	1646998754233	1646998755342	1104	OK
USER	LAU Simulation	1	END	1646998565557	1646998756346
