RUN	simulations.mainSimulation	mainsimulation	1646920239417	 	3.3.1
USER	LAU Simulation	1	START	1646920239950	1646920239950
REQUEST	1	adoption_010_Homepage	Adoption Homepage	1646920239972	1646920240594	OK	 
REQUEST	1	adoption_010_Homepage	Adoption Homepage Redirect 1	1646920240620	1646920240653	OK	 
REQUEST	1	adoption_010_Homepage	Adoption Homepage Redirect 2	1646920240654	1646920241566	OK	 
GROUP	1	adoption_010_Homepage	1646920239957	1646920242270	2176	OK
REQUEST	1	Adoption_020_Login	Adoption Login	1646920243294	1646920243498	OK	 
REQUEST	1	Adoption_020_Login	Adoption Login Redirect 1	1646920243502	1646920243780	OK	 
REQUEST	1	Adoption_020_Login	Adoption Login Redirect 2	1646920243782	1646920247800	OK	 
REQUEST	1	Adoption_020_Login	Adoption Login Redirect 3	1646920247801	1646920247976	OK	 
GROUP	1	Adoption_020_Login	1646920243289	1646920253059	9748	OK
REQUEST	1	Adoption_030_Apply_With	Adoption Applying With	1646920254072	1646920254120	OK	 
GROUP	1	Adoption_030_Apply_With	1646920254069	1646920254217	137	OK
REQUEST	1	Adoption_040_Adoption_Applying_Post	Adoption Applying Post	1646920255211	1646920255658	OK	 
REQUEST	1	Adoption_040_Adoption_Applying_Post	Adoption Applying Post Redirect 1	1646920255660	1646920255694	OK	 
GROUP	1	Adoption_040_Adoption_Applying_Post	1646920255209	1646920255901	681	OK
REQUEST	1	Adoption_050_Adoption_Applying_With_Redirect	Adoption Applying With Redirect	1646920256909	1646920256960	OK	 
GROUP	1	Adoption_050_Adoption_Applying_With_Redirect	1646920256908	1646920257048	134	OK
REQUEST	1	Adoption_060_Date_Of_Move	Adoption Date Child Moved in 	1646920258048	1646920258100	OK	 
GROUP	1	Adoption_060_Date_Of_Move	1646920258047	1646920258440	387	OK
REQUEST	1	Adoption_070_Date_Of_Move_POST	Adoption Date Child Moved in Post	1646920259440	1646920259753	OK	 
REQUEST	1	Adoption_070_Date_Of_Move_POST	Adoption Date Child Moved in Post Redirect 1	1646920259755	1646920259936	OK	 
REQUEST	1	Adoption_070_Date_Of_Move_POST,Adoption_050_Adoption_Applying_With_Redirect	Adoption Applying With Redirect	1646920260200	1646920260291	OK	 
GROUP	1	Adoption_070_Date_Of_Move_POST,Adoption_050_Adoption_Applying_With_Redirect	1646920260199	1646920260461	256	OK
GROUP	1	Adoption_070_Date_Of_Move_POST	1646920259439	1646920261459	1008	OK
REQUEST	1	Adoption_080_Your_Details	Adoption Your Personal Details 	1646920262459	1646920262590	OK	 
GROUP	1	Adoption_080_Your_Details	1646920262458	1646920262670	206	OK
REQUEST	1	Adoption_090_Your_Details_POST	Adoption Your Personal Details Post	1646920263669	1646920264567	OK	 
REQUEST	1	Adoption_090_Your_Details_POST	Adoption Your Personal Details Post Redirect 1	1646920264569	1646920264620	OK	 
GROUP	1	Adoption_090_Your_Details_POST	1646920263668	1646920264831	1156	OK
REQUEST	1	Adoption_100_Your_Details_Other_Name	Adoption Your Personal Details Other Name	1646920265837	1646920266021	OK	 
REQUEST	1	Adoption_100_Your_Details_Other_Name	Adoption Your Personal Details Other Name Redirect 1	1646920266031	1646920266087	OK	 
GROUP	1	Adoption_100_Your_Details_Other_Name	1646920265837	1646920266159	308	OK
REQUEST	1	Adoption_110_Your_Details_DoB	Adoption Your Personal Details DoB	1646920267159	1646920267211	OK	 
GROUP	1	Adoption_110_Your_Details_DoB	1646920267159	1646920267291	129	OK
REQUEST	1	Adoption_120_Your_Details_DoB_POST	Adoption Your Personal Details DoB POST	1646920268289	1646920268532	OK	 
REQUEST	1	Adoption_120_Your_Details_DoB_POST	Adoption Your Personal Details DoB POST Redirect 1	1646920268534	1646920268582	OK	 
GROUP	1	Adoption_120_Your_Details_DoB_POST	1646920268289	1646920268777	483	OK
REQUEST	1	Adoption_130_Your_Details_Occupation	Adoption Your Personal Details Occupation	1646920269769	1646920270199	OK	 
REQUEST	1	Adoption_130_Your_Details_Occupation	Adoption Your Personal Details Occupation Redirect 1	1646920270201	1646920270240	OK	 
GROUP	1	Adoption_130_Your_Details_Occupation	1646920269769	1646920270712	937	OK
REQUEST	1	Adoption_140_Your_Contact_Details	Adoption Your Contact Details LookUp	1646920271719	1646920271763	OK	 
GROUP	1	Adoption_140_Your_Contact_Details	1646920271718	1646920271839	117	OK
REQUEST	1	Adoption_150_Your_Contact_Details_Manual	Adoption Your Contact Details Manual	1646920272847	1646920273024	OK	 
GROUP	1	Adoption_150_Your_Contact_Details_Manual	1646920272847	1646920273202	351	OK
REQUEST	1	Adoption_160_Your_Contact_Details_Manual_POST	Adoption Your Contact Details Manual POST	1646920274199	1646920274553	OK	 
REQUEST	1	Adoption_160_Your_Contact_Details_Manual_POST	Adoption Your Contact Details Manual POST Redirect 1	1646920274554	1646920274745	OK	 
GROUP	1	Adoption_160_Your_Contact_Details_Manual_POST	1646920274199	1646920275087	883	OK
REQUEST	1	Adoption_170_Your_Contact_Details_POST	Adoption Your Contact Details POST	1646920276088	1646920276499	OK	 
REQUEST	1	Adoption_170_Your_Contact_Details_POST	Adoption Your Contact Details POST Redirect 1	1646920276500	1646920276541	OK	 
GROUP	1	Adoption_170_Your_Contact_Details_POST	1646920276088	1646920276702	609	OK
REQUEST	1	Adoption_180_Second_Personal_Details	Adoption Second Personal Details	1646920277700	1646920277742	OK	 
GROUP	1	Adoption_180_Second_Personal_Details	1646920277699	1646920277824	121	OK
REQUEST	1	Adoption_190_Second_Personal_Details_POST	Adoption Second Personal Details POST	1646920278828	1646920279207	OK	 
REQUEST	1	Adoption_190_Second_Personal_Details_POST	Adoption Second Personal Details POST Redirect 1	1646920279209	1646920279261	OK	 
GROUP	1	Adoption_190_Second_Personal_Details_POST	1646920278828	1646920279515	682	OK
REQUEST	1	Adoption_200_Second_Other_Name	Adoption Second Other Name	1646920280509	1646920280949	OK	 
REQUEST	1	Adoption_200_Second_Other_Name	Adoption Second Other Name Redirect 1	1646920280951	1646920280995	OK	 
GROUP	1	Adoption_200_Second_Other_Name	1646920280509	1646920281066	552	OK
REQUEST	1	Adoption_210_Second_Other_Name_Redirect	Adoption Second Other Name Redirect	1646920282069	1646920282383	OK	 
REQUEST	1	Adoption_210_Second_Other_Name_Redirect	Adoption Second Other Name Redirect Redirect 1	1646920282385	1646920282424	OK	 
GROUP	1	Adoption_210_Second_Other_Name_Redirect	1646920282068	1646920282526	452	OK
REQUEST	1	Adoption_220_Second_DoB	Adoption Second DoB	1646920283529	1646920283939	OK	 
REQUEST	1	Adoption_220_Second_DoB	Adoption Second DoB Redirect 1	1646920283941	1646920283991	OK	 
GROUP	1	Adoption_220_Second_DoB	1646920283529	1646920284065	531	OK
REQUEST	1	Adoption_230_Second_Occupation	Adoption Second Occupation	1646920285059	1646920285353	OK	 
REQUEST	1	Adoption_230_Second_Occupation	Adoption Second Occupation Redirect 1	1646920285354	1646920285392	OK	 
GROUP	1	Adoption_230_Second_Occupation	1646920285058	1646920285463	399	OK
REQUEST	1	Adoption_240_Second_Contact_Details_Same_Address	Adoption Second Contact Details Same-Address	1646920286469	1646920286504	OK	 
GROUP	1	Adoption_240_Second_Contact_Details_Same_Address	1646920286468	1646920287069	598	OK
REQUEST	1	Adoption_250_Second_Contact_Details_Same_Address_POST	Adoption Second Contact Details Same-Address POST	1646920288078	1646920288398	OK	 
REQUEST	1	Adoption_250_Second_Contact_Details_Same_Address_POST	Adoption Second Contact Details Same-Address POST Redirect 1	1646920288400	1646920288551	OK	 
GROUP	1	Adoption_250_Second_Contact_Details_Same_Address_POST	1646920288077	1646920288703	620	OK
REQUEST	1	Adoption_260_Second_Contact_Details_Manual_Redirect	Adoption Second Contact Details manual redirect	1646920289697	1646920289746	OK	 
GROUP	1	Adoption_260_Second_Contact_Details_Manual_Redirect	1646920289697	1646920289874	174	OK
REQUEST	1	Adoption_270_Second_Contact_Details_Manual_POST	Adoption Second Contact Details manual POST	1646920290869	1646920291168	OK	 
REQUEST	1	Adoption_270_Second_Contact_Details_Manual_POST	Adoption Second Contact Details manual POST Redirect 1	1646920291170	1646920291220	OK	 
GROUP	1	Adoption_270_Second_Contact_Details_Manual_POST	1646920290868	1646920291342	469	OK
REQUEST	1	Adoption_280_Second_Contact_Details__POST	Adoption Second Contact Details POST	1646920292347	1646920292557	OK	 
REQUEST	1	Adoption_280_Second_Contact_Details__POST	Adoption Second Contact Details POST Redirect 1	1646920292558	1646920292606	OK	 
GROUP	1	Adoption_280_Second_Contact_Details__POST	1646920292347	1646920292934	582	OK
REQUEST	1	adoption_290_Birth_Certificate	Adoption Birth Certificate Details	1646920293930	1646920293975	OK	 
GROUP	1	adoption_290_Birth_Certificate	1646920293929	1646920294845	912	OK
REQUEST	1	adoption_300_Birth_Certificate_Name	Adoption Birth Certificate Name	1646920295849	1646920296041	OK	 
REQUEST	1	adoption_300_Birth_Certificate_Name	Adoption Birth Certificate Name Redirect 1	1646920296042	1646920296086	OK	 
GROUP	1	adoption_300_Birth_Certificate_Name	1646920295848	1646920296823	969	OK
REQUEST	1	adoption_320_Birth_Certificate_DoB	Adoption Birth Certificate DoB	1646920297829	1646920298022	OK	 
REQUEST	1	adoption_320_Birth_Certificate_DoB	Adoption Birth Certificate DoB Redirect 1	1646920298024	1646920298070	OK	 
GROUP	1	adoption_320_Birth_Certificate_DoB	1646920297828	1646920298147	312	OK
REQUEST	1	adoption_330_Birth_Certificate_Sex	Adoption Birth Certificate Sex	1646920299148	1646920299365	OK	 
REQUEST	1	adoption_330_Birth_Certificate_Sex	Adoption Birth Certificate Sex Redirect 1	1646920299366	1646920299412	OK	 
GROUP	1	adoption_330_Birth_Certificate_Sex	1646920299148	1646920299893	742	OK
REQUEST	1	adoption_340_Birth_Certificate_Nationality_Add	Adoption Birth Certificate Nationality Add	1646920300890	1646920301323	OK	 
REQUEST	1	adoption_340_Birth_Certificate_Nationality_Add	Adoption Birth Certificate Nationality Add Redirect 1	1646920301325	1646920301373	OK	 
GROUP	1	adoption_340_Birth_Certificate_Nationality_Add	1646920300889	1646920301491	596	OK
REQUEST	1	adoption_350_Birth_Certificate_Nationality_POST	Adoption Birth Certificate Nationality POST	1646920302499	1646920302807	OK	 
REQUEST	1	adoption_350_Birth_Certificate_Nationality_POST	Adoption Birth Certificate Nationality POST Redirect 1	1646920302809	1646920302850	OK	 
GROUP	1	adoption_350_Birth_Certificate_Nationality_POST	1646920302498	1646920303066	561	OK
REQUEST	1	adoption_360_Certificate_Details	Adoption Certificate Details	1646920304058	1646920304097	OK	 
GROUP	1	adoption_360_Certificate_Details	1646920304058	1646920304175	113	OK
REQUEST	1	adoption_370_Certificate_Details_Name	Adoption Certificate Details Name	1646920305179	1646920305378	OK	 
REQUEST	1	adoption_370_Certificate_Details_Name	Adoption Certificate Details Name Redirect 1	1646920305380	1646920305426	OK	 
GROUP	1	adoption_370_Certificate_Details_Name	1646920305178	1646920306788	608	OK
REQUEST	1	adoption_380_Placement_Order	Adoption Placement Order Details	1646920306789	1646920307063	OK	 
GROUP	1	adoption_380_Placement_Order	1646920306788	1646920307168	376	OK
REQUEST	1	adoption_390_Certificate_Placement_Order_Number	Adoption Placement Order Number	1646920308178	1646920308495	OK	 
REQUEST	1	adoption_390_Certificate_Placement_Order_Number	Adoption Placement Order Number Redirect 1	1646920308497	1646920308906	OK	 
GROUP	1	adoption_390_Certificate_Placement_Order_Number	1646920308178	1646920310864	2681	OK
REQUEST	1	adoption_400_Certificate_Placement_Court	Adoption Placement Court	1646920311858	1646920312051	OK	 
REQUEST	1	adoption_400_Certificate_Placement_Court	Adoption Placement Court Redirect 1	1646920312053	1646920312453	OK	 
GROUP	1	adoption_400_Certificate_Placement_Court	1646920311858	1646920312624	762	OK
REQUEST	1	adoption_410_Certificate_Placement_Date	Adoption Placement Date	1646920313617	1646920313998	OK	 
REQUEST	1	adoption_410_Certificate_Placement_Date	Adoption Placement Date Redirect 1	1646920313999	1646920314330	OK	 
GROUP	1	adoption_410_Certificate_Placement_Date	1646920313616	1646920314595	974	OK
REQUEST	1	adoption_420_Certificate_Placement_Summary	Adoption Placement Summary	1646920315599	1646920315842	OK	 
REQUEST	1	adoption_420_Certificate_Placement_Summary	Adoption Placement Summary Redirect 1	1646920315844	1646920316175	OK	 
REQUEST	1	adoption_420_Certificate_Placement_Summary	Adoption Placement Summary Redirect 2	1646920316176	1646920316425	OK	 
GROUP	1	adoption_420_Certificate_Placement_Summary	1646920315599	1646920316500	896	OK
REQUEST	1	adoption_430_Certificate_Placement_Type_2	Adoption Placement Type 2	1646920317509	1646920317690	OK	 
REQUEST	1	adoption_430_Certificate_Placement_Type_2	Adoption Placement Type 2 Redirect 1	1646920317691	1646920318020	OK	 
GROUP	1	adoption_430_Certificate_Placement_Type_2	1646920317508	1646920318298	785	OK
REQUEST	1	adoption_440_Certificate_Placement_Order_Number_2	Adoption Placement Order Number 2	1646920319299	1646920319497	OK	 
REQUEST	1	adoption_440_Certificate_Placement_Order_Number_2	Adoption Placement Order Number 2 Redirect 1	1646920319498	1646920319684	OK	 
GROUP	1	adoption_440_Certificate_Placement_Order_Number_2	1646920319298	1646920319847	543	OK
REQUEST	1	adoption_450_Certificate_Placement_Court_2	Adoption Placement Court 2	1646920320848	1646920321090	OK	 
REQUEST	1	adoption_450_Certificate_Placement_Court_2	Adoption Placement Court 2 Redirect 1	1646920321092	1646920321498	OK	 
GROUP	1	adoption_450_Certificate_Placement_Court_2	1646920320848	1646920321597	744	OK
REQUEST	1	adoption_460_Certificate_Placement_Date_2	Adoption Placement Date 2	1646920322598	1646920322933	OK	 
REQUEST	1	adoption_460_Certificate_Placement_Date_2	Adoption Placement Date 2 Redirect 1	1646920322935	1646920323143	OK	 
GROUP	1	adoption_460_Certificate_Placement_Date_2	1646920322597	1646920323568	965	OK
REQUEST	1	adoption_470_Certificate_Placement_Summary_2	Adoption Placement Summary 2	1646920324570	1646920324778	OK	 
REQUEST	1	adoption_470_Certificate_Placement_Summary_2	Adoption Placement Summary 2 Redirect 1	1646920324779	1646920324817	OK	 
GROUP	1	adoption_470_Certificate_Placement_Summary_2	1646920324569	1646920324901	328	OK
REQUEST	1	adoption_480_Birth_Mother	Adoption Mother's Details	1646920325898	1646920325967	OK	 
GROUP	1	adoption_480_Birth_Mother	1646920325898	1646920326203	301	OK
REQUEST	1	adoption_490_Birth_Mother_Name	Adoption Mother's Name	1646920327199	1646920327382	OK	 
REQUEST	1	adoption_490_Birth_Mother_Name	Adoption Mother's Name Redirect 1	1646920327383	1646920327504	OK	 
GROUP	1	adoption_490_Birth_Mother_Name	1646920327199	1646920327775	572	OK
REQUEST	1	adoption_495_Birth_Mother	Adoption Mother's Details	1646920328769	1646920328812	OK	 
GROUP	1	adoption_495_Birth_Mother	1646920328768	1646920329011	240	OK
REQUEST	1	adoption_500_Birth_Mother_Alive	Adoption Mother Still Alive?	1646920330019	1646920330408	OK	 
REQUEST	1	adoption_500_Birth_Mother_Alive	Adoption Mother Still Alive? Redirect 1	1646920330410	1646920330455	OK	 
GROUP	1	adoption_500_Birth_Mother_Alive	1646920330019	1646920330617	593	OK
REQUEST	1	adoption_510_Birth_Mother_Nationality_Add	Adoption Mother's Nationality Add	1646920331620	1646920332085	OK	 
REQUEST	1	adoption_510_Birth_Mother_Nationality_Add	Adoption Mother's Nationality Add Redirect 1	1646920332086	1646920332131	OK	 
GROUP	1	adoption_510_Birth_Mother_Nationality_Add	1646920331619	1646920332212	589	OK
REQUEST	1	adoption_520_Birth_Mother_Nationality_POSt	Adoption Mother's Nationality	1646920333207	1646920333407	OK	 
REQUEST	1	adoption_520_Birth_Mother_Nationality_POSt	Adoption Mother's Nationality Redirect 1	1646920333409	1646920333458	OK	 
GROUP	1	adoption_520_Birth_Mother_Nationality_POSt	1646920333207	1646920333891	680	OK
REQUEST	1	adoption_530_Birth_Mother_Occupation	Adoption Mother's Occupation	1646920334900	1646920335325	OK	 
REQUEST	1	adoption_530_Birth_Mother_Occupation	Adoption Mother's Occupation Redirect 1	1646920335326	1646920335368	OK	 
GROUP	1	adoption_530_Birth_Mother_Occupation	1646920334899	1646920335549	645	OK
REQUEST	1	adoption_535_Birth_Mother_Occupation_Redirect	Adoption Mother's Details Redirect	1646920336547	1646920336591	OK	 
GROUP	1	adoption_535_Birth_Mother_Occupation_Redirect	1646920336547	1646920336776	227	OK
REQUEST	1	adoption_540_Birth_Mother_Occupation	Adoption Mother's Address Known	1646920337769	1646920337954	OK	 
REQUEST	1	adoption_540_Birth_Mother_Occupation	Adoption Mother's Address Known Redirect 1	1646920337955	1646920338002	OK	 
GROUP	1	adoption_540_Birth_Mother_Occupation	1646920337769	1646920338219	446	OK
REQUEST	1	adoption_550_Birth_Mother_Address_Manual	Adoption Mother's Address Manual	1646920339227	1646920339381	OK	 
GROUP	1	adoption_550_Birth_Mother_Address_Manual	1646920339227	1646920339609	379	OK
REQUEST	1	adoption_560_Birth_Mother_Address_POST	Adoption Mother's Address	1646920340609	1646920341034	OK	 
REQUEST	1	adoption_560_Birth_Mother_Address_POST	Adoption Mother's Address Redirect 1	1646920341035	1646920341071	OK	 
GROUP	1	adoption_560_Birth_Mother_Address_POST	1646920340608	1646920341214	601	OK
REQUEST	1	adoption_570_Birth_Father_Details	Adoption Father's Details	1646920342209	1646920342262	OK	 
GROUP	1	adoption_570_Birth_Father_Details	1646920342208	1646920342592	381	OK
REQUEST	1	adoption_580_Birth_Father_Details_POST	Adoption Father's Details On Certificate	1646920343599	1646920343926	OK	 
REQUEST	1	adoption_580_Birth_Father_Details_POST	Adoption Father's Details On Certificate Redirect 1	1646920343927	1646920343979	OK	 
GROUP	1	adoption_580_Birth_Father_Details_POST	1646920343598	1646920346739	3136	OK
REQUEST	1	adoption_590_Birth_Father_Name	Adoption Father's Name	1646920347739	1646920347952	OK	 
REQUEST	1	adoption_590_Birth_Father_Name	Adoption Father's Name Redirect 1	1646920347954	1646920348003	OK	 
GROUP	1	adoption_590_Birth_Father_Name	1646920347739	1646920348193	449	OK
REQUEST	1	adoption_600_Birth_Father_Alive	Adoption Father Still alive?	1646920349188	1646920349659	OK	 
REQUEST	1	adoption_600_Birth_Father_Alive	Adoption Father Still alive? Redirect 1	1646920349661	1646920349723	OK	 
GROUP	1	adoption_600_Birth_Father_Alive	1646920349187	1646920349833	641	OK
REQUEST	1	adoption_610_Birth_Father_Nationality_Add	Adoption Father add Nationality	1646920350837	1646920351042	OK	 
REQUEST	1	adoption_610_Birth_Father_Nationality_Add	Adoption Father add Nationality Redirect 1	1646920351043	1646920351093	OK	 
GROUP	1	adoption_610_Birth_Father_Nationality_Add	1646920350837	1646920351168	327	OK
REQUEST	1	adoption_620_Birth_Father_Nationality_POST	Adoption Father's Nationality	1646920352168	1646920352372	OK	 
REQUEST	1	adoption_620_Birth_Father_Nationality_POST	Adoption Father's Nationality Redirect 1	1646920352373	1646920352447	OK	 
GROUP	1	adoption_620_Birth_Father_Nationality_POST	1646920352167	1646920352592	421	OK
REQUEST	1	adoption_630_Birth_Father_Occupation	Adoption Father's Occupation	1646920353590	1646920354040	OK	 
REQUEST	1	adoption_630_Birth_Father_Occupation	Adoption Father's Occupation Redirect 1	1646920354042	1646920354224	OK	 
GROUP	1	adoption_630_Birth_Father_Occupation	1646920353589	1646920354398	803	OK
REQUEST	1	adoption_640_Birth_Father_Occupation_Address_Known	Adoption Father's Address Known?	1646920355409	1646920355743	OK	 
REQUEST	1	adoption_640_Birth_Father_Occupation_Address_Known	Adoption Father's Address Known? Redirect 1	1646920355744	1646920355796	OK	 
GROUP	1	adoption_640_Birth_Father_Occupation_Address_Known	1646920355408	1646920355977	565	OK
REQUEST	1	adoption_640_Birth_Father_Occupation_Address_Manual	Adoption Father's Address Manual	1646920356978	1646920357039	OK	 
GROUP	1	adoption_640_Birth_Father_Occupation_Address_Manual	1646920356977	1646920357109	128	OK
REQUEST	1	adoption_640_Birth_Father_Occupation_Address_POST	Adoption Father's Address	1646920358108	1646920358516	OK	 
REQUEST	1	adoption_640_Birth_Father_Occupation_Address_POST	Adoption Father's Address Redirect 1	1646920358517	1646920358556	OK	 
GROUP	1	adoption_640_Birth_Father_Occupation_Address_POST	1646920358107	1646920358625	512	OK
REQUEST	1	adoption_650_Other_Parent_Exists	Adoption Other Parent	1646920359619	1646920359661	OK	 
GROUP	1	adoption_650_Other_Parent_Exists	1646920359619	1646920359735	114	OK
REQUEST	1	adoption_660_Other_Parent_Exists_POST	Adoption Other Parent Exists	1646920360739	1646920361230	OK	 
REQUEST	1	adoption_660_Other_Parent_Exists_POST	Adoption Other Parent Exists Redirect 1	1646920361231	1646920361273	OK	 
GROUP	1	adoption_660_Other_Parent_Exists_POST	1646920360739	1646920361378	635	OK
REQUEST	1	adoption_670_Other_Parent_Name	Adoption Other Parent Name	1646920362378	1646920362869	OK	 
REQUEST	1	adoption_670_Other_Parent_Name	Adoption Other Parent Name Redirect 1	1646920362870	1646920362915	OK	 
GROUP	1	adoption_670_Other_Parent_Name	1646920362378	1646920363306	925	OK
REQUEST	1	adoption_680_Other_Parent_Address_Known?	Adoption Other Parent Address known?	1646920364297	1646920364609	OK	 
REQUEST	1	adoption_680_Other_Parent_Address_Known?	Adoption Other Parent Address known? Redirect 1	1646920364611	1646920364825	OK	 
GROUP	1	adoption_680_Other_Parent_Address_Known?	1646920364296	1646920365088	785	OK
REQUEST	1	adoption_690_Other_Parent_Address_Manual	Adoption Other Parent Address Manual	1646920366099	1646920366254	OK	 
GROUP	1	adoption_690_Other_Parent_Address_Manual	1646920366098	1646920366687	584	OK
REQUEST	1	adoption_700_Other_Parent_Address_POST	Adoption Other Parent Address Manual	1646920367688	1646920367989	OK	 
REQUEST	1	adoption_700_Other_Parent_Address_POST	Adoption Other Parent Address Manual Redirect 1	1646920367990	1646920368036	OK	 
GROUP	1	adoption_700_Other_Parent_Address_POST	1646920367687	1646920368103	411	OK
REQUEST	1	adoption_710_Agency	Adoption Agency	1646920369098	1646920369525	OK	 
REQUEST	1	adoption_710_Agency	Adoption Agency Redirect 1	1646920369527	1646920369729	OK	 
GROUP	1	adoption_710_Agency	1646920369098	1646920370508	1405	OK
REQUEST	1	adoption_720_Agency_Details	Adoption Agency Details	1646920371519	1646920372050	OK	 
REQUEST	1	adoption_720_Agency_Details	Adoption Agency Details Redirect 1	1646920372052	1646920372098	OK	 
GROUP	1	adoption_720_Agency_Details	1646920371519	1646920372711	1187	OK
REQUEST	1	adoption_730_Other_Agency	Adoption Other Agency?	1646920373708	1646920373896	OK	 
REQUEST	1	adoption_730_Other_Agency	Adoption Other Agency? Redirect 1	1646920373897	1646920374092	OK	 
REQUEST	1	adoption_730_Other_Agency	Adoption Other Agency? Redirect 2	1646920374093	1646920374338	OK	 
GROUP	1	adoption_730_Other_Agency	1646920373708	1646920374410	698	OK
REQUEST	1	adoption_740_Other_Agency_Details	Adoption Other Agency Details	1646920375409	1646920375670	OK	 
REQUEST	1	adoption_740_Other_Agency_Details	Adoption Other Agency Details Redirect 1	1646920375671	1646920375725	OK	 
GROUP	1	adoption_740_Other_Agency_Details	1646920375408	1646920375878	466	OK
REQUEST	1	adoption_750_Social_Worker_Details	Adoption Social Worker Details	1646920376879	1646920377205	OK	 
REQUEST	1	adoption_750_Social_Worker_Details	Adoption Social Worker Details Redirect 1	1646920377206	1646920377254	OK	 
GROUP	1	adoption_750_Social_Worker_Details	1646920376878	1646920377329	446	OK
REQUEST	1	adoption_760_Sibling_Details	Adoption Sibling Details	1646920378329	1646920378401	OK	 
GROUP	1	adoption_760_Sibling_Details	1646920378329	1646920379118	787	OK
REQUEST	1	adoption_770_Sibling_Other?	Adoption Any Sibling?	1646920380119	1646920380553	OK	 
REQUEST	1	adoption_770_Sibling_Other?	Adoption Any Sibling? Redirect 1	1646920380555	1646920380599	OK	 
GROUP	1	adoption_770_Sibling_Other?	1646920380118	1646920380917	794	OK
REQUEST	1	adoption_780_Sibling_Court_Order_Exists?	Adoption Court Order Exists?	1646920381919	1646920382110	OK	 
REQUEST	1	adoption_780_Sibling_Court_Order_Exists?	Adoption Court Order Exists? Redirect 1	1646920382111	1646920382334	OK	 
GROUP	1	adoption_780_Sibling_Court_Order_Exists?	1646920381919	1646920382787	864	OK
REQUEST	1	adoption_790_Sibling_Name?	Adoption Sibling Name	1646920383788	1646920384167	OK	 
REQUEST	1	adoption_790_Sibling_Name?	Adoption Sibling Name Redirect 1	1646920384169	1646920384475	OK	 
REQUEST	1	adoption_790_Sibling_Name?	Adoption Sibling Name Redirect 2	1646920384476	1646920384686	OK	 
GROUP	1	adoption_790_Sibling_Name?	1646920383787	1646920384741	948	OK
REQUEST	1	adoption_800_Sibling_Order_Type	Adoption Order Type?	1646920385738	1646920386131	OK	 
REQUEST	1	adoption_800_Sibling_Order_Type	Adoption Order Type? Redirect 1	1646920386133	1646920386337	OK	 
GROUP	1	adoption_800_Sibling_Order_Type	1646920385738	1646920386705	962	OK
REQUEST	1	adoption_810_Sibling_Order_Number	Adoption Order Number	1646920387697	1646920387876	OK	 
REQUEST	1	adoption_810_Sibling_Order_Number	Adoption Order Number Redirect 1	1646920387877	1646920387920	OK	 
GROUP	1	adoption_810_Sibling_Order_Number	1646920387696	1646920388048	347	OK
REQUEST	1	adoption_820_Sibling_New_Order?	Adoption Add New Order?	1646920389059	1646920389273	OK	 
REQUEST	1	adoption_820_Sibling_New_Order?	Adoption Add New Order? Redirect 1	1646920389274	1646920389315	OK	 
GROUP	1	adoption_820_Sibling_New_Order?	1646920389059	1646920389563	498	OK
REQUEST	1	adoption_830_Sibling_Select	Adoption Select Sibling	1646920390559	1646920390815	OK	 
REQUEST	1	adoption_830_Sibling_Select	Adoption Select Sibling Redirect 1	1646920390816	1646920391087	OK	 
REQUEST	1	adoption_830_Sibling_Select	Adoption Select Sibling Redirect 2	1646920391088	1646920391354	OK	 
GROUP	1	adoption_830_Sibling_Select	1646920390558	1646920391441	877	OK
REQUEST	1	adoption_840_Sibling_Select	Adoption Order Type	1646920392449	1646920392708	OK	 
REQUEST	1	adoption_840_Sibling_Select	Adoption Order Type Redirect 1	1646920392709	1646920392896	OK	 
GROUP	1	adoption_840_Sibling_Select	1646920392449	1646920393231	778	OK
REQUEST	1	adoption_850_Sibling_Select	Adoption Order Number	1646920394228	1646920394468	OK	 
REQUEST	1	adoption_850_Sibling_Select	Adoption Order Number Redirect 1	1646920394470	1646920394511	OK	 
GROUP	1	adoption_850_Sibling_Select	1646920394227	1646920394651	419	OK
REQUEST	1	adoption_855_Sibling_Select	Adoption Order Number	1646920395648	1646920395886	OK	 
REQUEST	1	adoption_855_Sibling_Select	Adoption Order Number Redirect 1	1646920395888	1646920395932	OK	 
GROUP	1	adoption_855_Sibling_Select	1646920395647	1646920396001	350	OK
REQUEST	1	adoption_860_Sibling_Select	Adoption Order Number	1646920396001	1646920396190	OK	 
REQUEST	1	adoption_860_Sibling_Select	Adoption Order Number Redirect 1	1646920396191	1646920396231	OK	 
GROUP	1	adoption_860_Sibling_Select	1646920396001	1646920396305	300	OK
REQUEST	1	adoption_861_Family_Court	Adoption Family Court Redirect	1646920397309	1646920397381	OK	 
GROUP	1	adoption_861_Family_Court	1646920397309	1646920397447	136	OK
REQUEST	1	adoption_862_Family_Court_POST	Adoption Family Court Redirect	1646920397448	1646920397643	OK	 
REQUEST	1	adoption_862_Family_Court_POST	Adoption Family Court Redirect Redirect 1	1646920397644	1646920397685	OK	 
GROUP	1	adoption_862_Family_Court_POST	1646920397448	1646920397776	324	OK
REQUEST	1	adoption_870_Upload_Document	Adoption Birth Certificate Details	1646920397777	1646920397843	OK	 
GROUP	1	adoption_870_Upload_Document	1646920397776	1646920397905	126	OK
REQUEST	1	adoption_885_Upload_Document_POST	Adoption Certificate Upload POST	1646920398898	1646920399311	OK	 
REQUEST	1	adoption_885_Upload_Document_POST	Adoption Certificate Upload POST Redirect 1	1646920399312	1646920399349	OK	 
USER	LAU Simulation	2	START	1646920399968	1646920399968
GROUP	1	adoption_885_Upload_Document_POST	1646920398898	1646920400003	1101	OK
REQUEST	2	adoption_010_Homepage	Adoption Homepage	1646920399970	1646920400040	OK	 
REQUEST	2	adoption_010_Homepage	Adoption Homepage Redirect 1	1646920400042	1646920400075	OK	 
REQUEST	2	adoption_010_Homepage	Adoption Homepage Redirect 2	1646920400076	1646920400135	OK	 
USER	LAU Simulation	1	END	1646920239950	1646920401010
GROUP	2	adoption_010_Homepage	1646920399970	1646920405323	5346	OK
REQUEST	2	Adoption_020_Login	Adoption Login	1646920406339	1646920406653	OK	 
REQUEST	2	Adoption_020_Login	Adoption Login Redirect 1	1646920406654	1646920406849	OK	 
REQUEST	2	Adoption_020_Login	Adoption Login Redirect 2	1646920406850	1646920408026	OK	 
REQUEST	2	Adoption_020_Login	Adoption Login Redirect 3	1646920408027	1646920408077	OK	 
GROUP	2	Adoption_020_Login	1646920406339	1646920412826	6481	OK
REQUEST	2	Adoption_030_Apply_With	Adoption Applying With	1646920413827	1646920413869	OK	 
GROUP	2	Adoption_030_Apply_With	1646920413827	1646920413919	89	OK
REQUEST	2	Adoption_040_Adoption_Applying_Post	Adoption Applying Post	1646920414929	1646920415605	OK	 
REQUEST	2	Adoption_040_Adoption_Applying_Post	Adoption Applying Post Redirect 1	1646920415606	1646920415653	OK	 
GROUP	2	Adoption_040_Adoption_Applying_Post	1646920414929	1646920416016	1082	OK
REQUEST	2	Adoption_050_Adoption_Applying_With_Redirect	Adoption Applying With Redirect	1646920417019	1646920417120	OK	 
GROUP	2	Adoption_050_Adoption_Applying_With_Redirect	1646920417018	1646920417936	914	OK
REQUEST	2	Adoption_060_Date_Of_Move	Adoption Date Child Moved in 	1646920418928	1646920419062	OK	 
GROUP	2	Adoption_060_Date_Of_Move	1646920418928	1646920419241	311	OK
REQUEST	2	Adoption_070_Date_Of_Move_POST	Adoption Date Child Moved in Post	1646920420238	1646920420621	OK	 
REQUEST	2	Adoption_070_Date_Of_Move_POST	Adoption Date Child Moved in Post Redirect 1	1646920420623	1646920420681	OK	 
REQUEST	2	Adoption_070_Date_Of_Move_POST,Adoption_050_Adoption_Applying_With_Redirect	Adoption Applying With Redirect	1646920420812	1646920420843	OK	 
GROUP	2	Adoption_070_Date_Of_Move_POST,Adoption_050_Adoption_Applying_With_Redirect	1646920420812	1646920420892	78	OK
GROUP	2	Adoption_070_Date_Of_Move_POST	1646920420237	1646920421899	647	OK
REQUEST	2	Adoption_080_Your_Details	Adoption Your Personal Details 	1646920422899	1646920422951	OK	 
GROUP	2	Adoption_080_Your_Details	1646920422899	1646920423458	556	OK
REQUEST	2	Adoption_090_Your_Details_POST	Adoption Your Personal Details Post	1646920424458	1646920424821	OK	 
REQUEST	2	Adoption_090_Your_Details_POST	Adoption Your Personal Details Post Redirect 1	1646920424822	1646920424880	OK	 
GROUP	2	Adoption_090_Your_Details_POST	1646920424458	1646920424979	518	OK
REQUEST	2	Adoption_100_Your_Details_Other_Name	Adoption Your Personal Details Other Name	1646920425977	1646920426229	OK	 
REQUEST	2	Adoption_100_Your_Details_Other_Name	Adoption Your Personal Details Other Name Redirect 1	1646920426231	1646920426411	OK	 
GROUP	2	Adoption_100_Your_Details_Other_Name	1646920425976	1646920426451	470	OK
REQUEST	2	Adoption_110_Your_Details_DoB	Adoption Your Personal Details DoB	1646920427447	1646920427496	OK	 
GROUP	2	Adoption_110_Your_Details_DoB	1646920427447	1646920427538	88	OK
REQUEST	2	Adoption_120_Your_Details_DoB_POST	Adoption Your Personal Details DoB POST	1646920428546	1646920428763	OK	 
REQUEST	2	Adoption_120_Your_Details_DoB_POST	Adoption Your Personal Details DoB POST Redirect 1	1646920428764	1646920428935	OK	 
GROUP	2	Adoption_120_Your_Details_DoB_POST	1646920428546	1646920429283	734	OK
REQUEST	2	Adoption_130_Your_Details_Occupation	Adoption Your Personal Details Occupation	1646920430277	1646920430940	OK	 
REQUEST	2	Adoption_130_Your_Details_Occupation	Adoption Your Personal Details Occupation Redirect 1	1646920430940	1646920431091	OK	 
GROUP	2	Adoption_130_Your_Details_Occupation	1646920430276	1646920431433	1154	OK
REQUEST	2	Adoption_140_Your_Contact_Details	Adoption Your Contact Details LookUp	1646920432437	1646920432574	OK	 
GROUP	2	Adoption_140_Your_Contact_Details	1646920432437	1646920432617	178	OK
REQUEST	2	Adoption_150_Your_Contact_Details_Manual	Adoption Your Contact Details Manual	1646920433618	1646920433662	OK	 
GROUP	2	Adoption_150_Your_Contact_Details_Manual	1646920433618	1646920436879	3258	OK
REQUEST	2	Adoption_160_Your_Contact_Details_Manual_POST	Adoption Your Contact Details Manual POST	1646920437878	1646920438236	OK	 
REQUEST	2	Adoption_160_Your_Contact_Details_Manual_POST	Adoption Your Contact Details Manual POST Redirect 1	1646920438237	1646920438274	OK	 
GROUP	2	Adoption_160_Your_Contact_Details_Manual_POST	1646920437878	1646920438374	493	OK
REQUEST	2	Adoption_170_Your_Contact_Details_POST	Adoption Your Contact Details POST	1646920439378	1646920439872	OK	 
REQUEST	2	Adoption_170_Your_Contact_Details_POST	Adoption Your Contact Details POST Redirect 1	1646920439874	1646920439919	OK	 
GROUP	2	Adoption_170_Your_Contact_Details_POST	1646920439378	1646920439994	612	OK
REQUEST	2	Adoption_180_Second_Personal_Details	Adoption Second Personal Details	1646920440989	1646920441030	OK	 
GROUP	2	Adoption_180_Second_Personal_Details	1646920440988	1646920441269	279	OK
REQUEST	2	Adoption_190_Second_Personal_Details_POST	Adoption Second Personal Details POST	1646920442278	1646920442611	OK	 
REQUEST	2	Adoption_190_Second_Personal_Details_POST	Adoption Second Personal Details POST Redirect 1	1646920442612	1646920442650	OK	 
GROUP	2	Adoption_190_Second_Personal_Details_POST	1646920442277	1646920444536	2255	OK
REQUEST	2	Adoption_200_Second_Other_Name	Adoption Second Other Name	1646920445527	1646920446221	OK	 
REQUEST	2	Adoption_200_Second_Other_Name	Adoption Second Other Name Redirect 1	1646920446222	1646920446283	OK	 
GROUP	2	Adoption_200_Second_Other_Name	1646920445527	1646920446403	873	OK
REQUEST	2	Adoption_210_Second_Other_Name_Redirect	Adoption Second Other Name Redirect	1646920447407	1646920447612	OK	 
REQUEST	2	Adoption_210_Second_Other_Name_Redirect	Adoption Second Other Name Redirect Redirect 1	1646920447613	1646920447655	OK	 
GROUP	2	Adoption_210_Second_Other_Name_Redirect	1646920447406	1646920448077	667	OK
REQUEST	2	Adoption_220_Second_DoB	Adoption Second DoB	1646920449089	1646920449396	OK	 
REQUEST	2	Adoption_220_Second_DoB	Adoption Second DoB Redirect 1	1646920449397	1646920449436	OK	 
GROUP	2	Adoption_220_Second_DoB	1646920449088	1646920449478	386	OK
REQUEST	2	Adoption_230_Second_Occupation	Adoption Second Occupation	1646920450479	1646920450730	OK	 
REQUEST	2	Adoption_230_Second_Occupation	Adoption Second Occupation Redirect 1	1646920450731	1646920451331	OK	 
GROUP	2	Adoption_230_Second_Occupation	1646920450479	1646920451379	896	OK
REQUEST	2	Adoption_240_Second_Contact_Details_Same_Address	Adoption Second Contact Details Same-Address	1646920452367	1646920452448	OK	 
GROUP	2	Adoption_240_Second_Contact_Details_Same_Address	1646920452366	1646920452509	140	OK
REQUEST	2	Adoption_250_Second_Contact_Details_Same_Address_POST	Adoption Second Contact Details Same-Address POST	1646920453517	1646920453798	OK	 
REQUEST	2	Adoption_250_Second_Contact_Details_Same_Address_POST	Adoption Second Contact Details Same-Address POST Redirect 1	1646920453800	1646920453843	OK	 
GROUP	2	Adoption_250_Second_Contact_Details_Same_Address_POST	1646920453517	1646920453894	372	OK
REQUEST	2	Adoption_260_Second_Contact_Details_Manual_Redirect	Adoption Second Contact Details manual redirect	1646920454887	1646920454932	OK	 
GROUP	2	Adoption_260_Second_Contact_Details_Manual_Redirect	1646920454887	1646920455006	118	OK
REQUEST	2	Adoption_270_Second_Contact_Details_Manual_POST	Adoption Second Contact Details manual POST	1646920456008	1646920456597	OK	 
REQUEST	2	Adoption_270_Second_Contact_Details_Manual_POST	Adoption Second Contact Details manual POST Redirect 1	1646920456598	1646920456772	OK	 
GROUP	2	Adoption_270_Second_Contact_Details_Manual_POST	1646920456007	1646920456949	938	OK
REQUEST	2	Adoption_280_Second_Contact_Details__POST	Adoption Second Contact Details POST	1646920457958	1646920458268	OK	 
REQUEST	2	Adoption_280_Second_Contact_Details__POST	Adoption Second Contact Details POST Redirect 1	1646920458269	1646920458731	OK	 
GROUP	2	Adoption_280_Second_Contact_Details__POST	1646920457958	1646920458930	969	OK
REQUEST	2	adoption_290_Birth_Certificate	Adoption Birth Certificate Details	1646920459928	1646920460045	OK	 
GROUP	2	adoption_290_Birth_Certificate	1646920459927	1646920460135	206	OK
REQUEST	2	adoption_300_Birth_Certificate_Name	Adoption Birth Certificate Name	1646920461128	1646920461539	OK	 
REQUEST	2	adoption_300_Birth_Certificate_Name	Adoption Birth Certificate Name Redirect 1	1646920461541	1646920461597	OK	 
GROUP	2	adoption_300_Birth_Certificate_Name	1646920461128	1646920461642	510	OK
REQUEST	2	adoption_320_Birth_Certificate_DoB	Adoption Birth Certificate DoB	1646920462648	1646920462851	OK	 
REQUEST	2	adoption_320_Birth_Certificate_DoB	Adoption Birth Certificate DoB Redirect 1	1646920462853	1646920462893	OK	 
GROUP	2	adoption_320_Birth_Certificate_DoB	1646920462648	1646920463065	413	OK
REQUEST	2	adoption_330_Birth_Certificate_Sex	Adoption Birth Certificate Sex	1646920464058	1646920464287	OK	 
REQUEST	2	adoption_330_Birth_Certificate_Sex	Adoption Birth Certificate Sex Redirect 1	1646920464288	1646920464334	OK	 
GROUP	2	adoption_330_Birth_Certificate_Sex	1646920464057	1646920464683	622	OK
REQUEST	2	adoption_340_Birth_Certificate_Nationality_Add	Adoption Birth Certificate Nationality Add	1646920465689	1646920466086	OK	 
REQUEST	2	adoption_340_Birth_Certificate_Nationality_Add	Adoption Birth Certificate Nationality Add Redirect 1	1646920466088	1646920466129	OK	 
GROUP	2	adoption_340_Birth_Certificate_Nationality_Add	1646920465688	1646920466370	677	OK
REQUEST	2	adoption_350_Birth_Certificate_Nationality_POST	Adoption Birth Certificate Nationality POST	1646920467369	1646920467603	OK	 
REQUEST	2	adoption_350_Birth_Certificate_Nationality_POST	Adoption Birth Certificate Nationality POST Redirect 1	1646920467604	1646920467641	OK	 
GROUP	2	adoption_350_Birth_Certificate_Nationality_POST	1646920467368	1646920467680	307	OK
REQUEST	2	adoption_360_Certificate_Details	Adoption Certificate Details	1646920468687	1646920468853	OK	 
GROUP	2	adoption_360_Certificate_Details	1646920468687	1646920468914	225	OK
REQUEST	2	adoption_370_Certificate_Details_Name	Adoption Certificate Details Name	1646920469908	1646920470278	OK	 
REQUEST	2	adoption_370_Certificate_Details_Name	Adoption Certificate Details Name Redirect 1	1646920470279	1646920470322	OK	 
GROUP	2	adoption_370_Certificate_Details_Name	1646920469908	1646920471569	657	OK
REQUEST	2	adoption_380_Placement_Order	Adoption Placement Order Details	1646920471569	1646920472026	OK	 
GROUP	2	adoption_380_Placement_Order	1646920471569	1646920472119	547	OK
REQUEST	2	adoption_390_Certificate_Placement_Order_Number	Adoption Placement Order Number	1646920473119	1646920473303	OK	 
REQUEST	2	adoption_390_Certificate_Placement_Order_Number	Adoption Placement Order Number Redirect 1	1646920473305	1646920473716	OK	 
GROUP	2	adoption_390_Certificate_Placement_Order_Number	1646920473119	1646920473779	656	OK
REQUEST	2	adoption_400_Certificate_Placement_Court	Adoption Placement Court	1646920474778	1646920474970	OK	 
REQUEST	2	adoption_400_Certificate_Placement_Court	Adoption Placement Court Redirect 1	1646920474971	1646920475183	OK	 
GROUP	2	adoption_400_Certificate_Placement_Court	1646920474778	1646920475217	436	OK
REQUEST	2	adoption_410_Certificate_Placement_Date	Adoption Placement Date	1646920476227	1646920476426	OK	 
REQUEST	2	adoption_410_Certificate_Placement_Date	Adoption Placement Date Redirect 1	1646920476427	1646920476749	OK	 
GROUP	2	adoption_410_Certificate_Placement_Date	1646920476226	1646920476851	620	OK
REQUEST	2	adoption_420_Certificate_Placement_Summary	Adoption Placement Summary	1646920477848	1646920478218	OK	 
REQUEST	2	adoption_420_Certificate_Placement_Summary	Adoption Placement Summary Redirect 1	1646920478219	1646920478430	OK	 
REQUEST	2	adoption_420_Certificate_Placement_Summary	Adoption Placement Summary Redirect 2	1646920478431	1646920478777	OK	 
GROUP	2	adoption_420_Certificate_Placement_Summary	1646920477848	1646920478819	966	OK
REQUEST	2	adoption_430_Certificate_Placement_Type_2	Adoption Placement Type 2	1646920479818	1646920480041	OK	 
REQUEST	2	adoption_430_Certificate_Placement_Type_2	Adoption Placement Type 2 Redirect 1	1646920480042	1646920480526	OK	 
GROUP	2	adoption_430_Certificate_Placement_Type_2	1646920479818	1646920480564	743	OK
REQUEST	2	adoption_440_Certificate_Placement_Order_Number_2	Adoption Placement Order Number 2	1646920481556	1646920481807	OK	 
REQUEST	2	adoption_440_Certificate_Placement_Order_Number_2	Adoption Placement Order Number 2 Redirect 1	1646920481809	1646920482082	OK	 
GROUP	2	adoption_440_Certificate_Placement_Order_Number_2	1646920481556	1646920482346	786	OK
REQUEST	2	adoption_450_Certificate_Placement_Court_2	Adoption Placement Court 2	1646920483358	1646920483624	OK	 
REQUEST	2	adoption_450_Certificate_Placement_Court_2	Adoption Placement Court 2 Redirect 1	1646920483626	1646920484161	OK	 
GROUP	2	adoption_450_Certificate_Placement_Court_2	1646920483357	1646920484492	1130	OK
REQUEST	2	adoption_460_Certificate_Placement_Date_2	Adoption Placement Date 2	1646920485488	1646920485680	OK	 
REQUEST	2	adoption_460_Certificate_Placement_Date_2	Adoption Placement Date 2 Redirect 1	1646920485681	1646920485927	OK	 
GROUP	2	adoption_460_Certificate_Placement_Date_2	1646920485488	1646920485974	482	OK
REQUEST	2	adoption_470_Certificate_Placement_Summary_2	Adoption Placement Summary 2	1646920486969	1646920487175	OK	 
REQUEST	2	adoption_470_Certificate_Placement_Summary_2	Adoption Placement Summary 2 Redirect 1	1646920487176	1646920487254	OK	 
GROUP	2	adoption_470_Certificate_Placement_Summary_2	1646920486968	1646920487311	339	OK
REQUEST	2	adoption_480_Birth_Mother	Adoption Mother's Details	1646920488319	1646920488768	OK	 
GROUP	2	adoption_480_Birth_Mother	1646920488319	1646920488999	677	OK
REQUEST	2	adoption_490_Birth_Mother_Name	Adoption Mother's Name	1646920489998	1646920490232	OK	 
REQUEST	2	adoption_490_Birth_Mother_Name	Adoption Mother's Name Redirect 1	1646920490233	1646920490272	OK	 
GROUP	2	adoption_490_Birth_Mother_Name	1646920489998	1646920490315	314	OK
REQUEST	2	adoption_495_Birth_Mother	Adoption Mother's Details	1646920491309	1646920491355	OK	 
GROUP	2	adoption_495_Birth_Mother	1646920491309	1646920491481	169	OK
REQUEST	2	adoption_500_Birth_Mother_Alive	Adoption Mother Still Alive?	1646920492489	1646920492688	OK	 
REQUEST	2	adoption_500_Birth_Mother_Alive	Adoption Mother Still Alive? Redirect 1	1646920492694	1646920492742	OK	 
GROUP	2	adoption_500_Birth_Mother_Alive	1646920492488	1646920492803	307	OK
REQUEST	2	adoption_510_Birth_Mother_Nationality_Add	Adoption Mother's Nationality Add	1646920493799	1646920494085	OK	 
REQUEST	2	adoption_510_Birth_Mother_Nationality_Add	Adoption Mother's Nationality Add Redirect 1	1646920494086	1646920494128	OK	 
GROUP	2	adoption_510_Birth_Mother_Nationality_Add	1646920493799	1646920494228	427	OK
REQUEST	2	adoption_520_Birth_Mother_Nationality_POSt	Adoption Mother's Nationality	1646920495229	1646920495681	OK	 
REQUEST	2	adoption_520_Birth_Mother_Nationality_POSt	Adoption Mother's Nationality Redirect 1	1646920495682	1646920495719	OK	 
GROUP	2	adoption_520_Birth_Mother_Nationality_POSt	1646920495228	1646920496059	827	OK
REQUEST	2	adoption_530_Birth_Mother_Occupation	Adoption Mother's Occupation	1646920497057	1646920497497	OK	 
REQUEST	2	adoption_530_Birth_Mother_Occupation	Adoption Mother's Occupation Redirect 1	1646920497498	1646920497547	OK	 
GROUP	2	adoption_530_Birth_Mother_Occupation	1646920497056	1646920497909	849	OK
REQUEST	2	adoption_535_Birth_Mother_Occupation_Redirect	Adoption Mother's Details Redirect	1646920498917	1646920498959	OK	 
GROUP	2	adoption_535_Birth_Mother_Occupation_Redirect	1646920498917	1646920501414	2495	OK
REQUEST	2	adoption_540_Birth_Mother_Occupation	Adoption Mother's Address Known	1646920502408	1646920502847	OK	 
REQUEST	2	adoption_540_Birth_Mother_Occupation	Adoption Mother's Address Known Redirect 1	1646920502849	1646920502895	OK	 
GROUP	2	adoption_540_Birth_Mother_Occupation	1646920502408	1646920503567	1155	OK
REQUEST	2	adoption_550_Birth_Mother_Address_Manual	Adoption Mother's Address Manual	1646920504569	1646920504619	OK	 
GROUP	2	adoption_550_Birth_Mother_Address_Manual	1646920504569	1646920504755	184	OK
REQUEST	2	adoption_560_Birth_Mother_Address_POST	Adoption Mother's Address	1646920505749	1646920506105	OK	 
REQUEST	2	adoption_560_Birth_Mother_Address_POST	Adoption Mother's Address Redirect 1	1646920506106	1646920506143	OK	 
GROUP	2	adoption_560_Birth_Mother_Address_POST	1646920505749	1646920506225	473	OK
REQUEST	2	adoption_570_Birth_Father_Details	Adoption Father's Details	1646920507229	1646920507265	OK	 
GROUP	2	adoption_570_Birth_Father_Details	1646920507228	1646920507343	112	OK
REQUEST	2	adoption_580_Birth_Father_Details_POST	Adoption Father's Details On Certificate	1646920508349	1646920508588	OK	 
REQUEST	2	adoption_580_Birth_Father_Details_POST	Adoption Father's Details On Certificate Redirect 1	1646920508589	1646920508623	OK	 
GROUP	2	adoption_580_Birth_Father_Details_POST	1646920508348	1646920508689	337	OK
REQUEST	2	adoption_590_Birth_Father_Name	Adoption Father's Name	1646920509688	1646920510171	OK	 
REQUEST	2	adoption_590_Birth_Father_Name	Adoption Father's Name Redirect 1	1646920510172	1646920510351	OK	 
GROUP	2	adoption_590_Birth_Father_Name	1646920509688	1646920510817	1126	OK
REQUEST	2	adoption_600_Birth_Father_Alive	Adoption Father Still alive?	1646920511817	1646920512166	OK	 
REQUEST	2	adoption_600_Birth_Father_Alive	Adoption Father Still alive? Redirect 1	1646920512167	1646920512211	OK	 
GROUP	2	adoption_600_Birth_Father_Alive	1646920511817	1646920512298	479	OK
REQUEST	2	adoption_610_Birth_Father_Nationality_Add	Adoption Father add Nationality	1646920513298	1646920513579	OK	 
REQUEST	2	adoption_610_Birth_Father_Nationality_Add	Adoption Father add Nationality Redirect 1	1646920513581	1646920513625	OK	 
GROUP	2	adoption_610_Birth_Father_Nationality_Add	1646920513298	1646920513689	388	OK
REQUEST	2	adoption_620_Birth_Father_Nationality_POST	Adoption Father's Nationality	1646920514689	1646920515237	OK	 
REQUEST	2	adoption_620_Birth_Father_Nationality_POST	Adoption Father's Nationality Redirect 1	1646920515238	1646920515274	OK	 
GROUP	2	adoption_620_Birth_Father_Nationality_POST	1646920514689	1646920515346	654	OK
REQUEST	2	adoption_630_Birth_Father_Occupation	Adoption Father's Occupation	1646920516339	1646920516629	OK	 
REQUEST	2	adoption_630_Birth_Father_Occupation	Adoption Father's Occupation Redirect 1	1646920516630	1646920517068	OK	 
GROUP	2	adoption_630_Birth_Father_Occupation	1646920516339	1646920517495	1153	OK
REQUEST	2	adoption_640_Birth_Father_Occupation_Address_Known	Adoption Father's Address Known?	1646920518496	1646920518750	OK	 
REQUEST	2	adoption_640_Birth_Father_Occupation_Address_Known	Adoption Father's Address Known? Redirect 1	1646920518751	1646920518787	OK	 
GROUP	2	adoption_640_Birth_Father_Occupation_Address_Known	1646920518496	1646920518827	328	OK
REQUEST	2	adoption_640_Birth_Father_Occupation_Address_Manual	Adoption Father's Address Manual	1646920519838	1646920519880	OK	 
GROUP	2	adoption_640_Birth_Father_Occupation_Address_Manual	1646920519838	1646920520268	428	OK
REQUEST	2	adoption_640_Birth_Father_Occupation_Address_POST	Adoption Father's Address	1646920521268	1646920521591	OK	 
REQUEST	2	adoption_640_Birth_Father_Occupation_Address_POST	Adoption Father's Address Redirect 1	1646920521592	1646920521626	OK	 
GROUP	2	adoption_640_Birth_Father_Occupation_Address_POST	1646920521268	1646920521692	422	OK
REQUEST	2	adoption_650_Other_Parent_Exists	Adoption Other Parent	1646920522687	1646920522820	OK	 
GROUP	2	adoption_650_Other_Parent_Exists	1646920522687	1646920522997	308	OK
REQUEST	2	adoption_660_Other_Parent_Exists_POST	Adoption Other Parent Exists	1646920523999	1646920524192	OK	 
REQUEST	2	adoption_660_Other_Parent_Exists_POST	Adoption Other Parent Exists Redirect 1	1646920524193	1646920524231	OK	 
GROUP	2	adoption_660_Other_Parent_Exists_POST	1646920523999	1646920526780	2778	OK
REQUEST	2	adoption_670_Other_Parent_Name	Adoption Other Parent Name	1646920527779	1646920528141	OK	 
REQUEST	2	adoption_670_Other_Parent_Name	Adoption Other Parent Name Redirect 1	1646920528143	1646920528192	OK	 
GROUP	2	adoption_670_Other_Parent_Name	1646920527779	1646920528237	455	OK
REQUEST	2	adoption_680_Other_Parent_Address_Known?	Adoption Other Parent Address known?	1646920529239	1646920529573	OK	 
REQUEST	2	adoption_680_Other_Parent_Address_Known?	Adoption Other Parent Address known? Redirect 1	1646920529574	1646920530538	OK	 
GROUP	2	adoption_680_Other_Parent_Address_Known?	1646920529239	1646920530577	1336	OK
REQUEST	2	adoption_690_Other_Parent_Address_Manual	Adoption Other Parent Address Manual	1646920531569	1646920531643	OK	 
GROUP	2	adoption_690_Other_Parent_Address_Manual	1646920531569	1646920531685	114	OK
REQUEST	2	adoption_700_Other_Parent_Address_POST	Adoption Other Parent Address Manual	1646920532686	1646920532998	OK	 
REQUEST	2	adoption_700_Other_Parent_Address_POST	Adoption Other Parent Address Manual Redirect 1	1646920532999	1646920533041	OK	 
GROUP	2	adoption_700_Other_Parent_Address_POST	1646920532686	1646920533191	502	OK
REQUEST	2	adoption_710_Agency	Adoption Agency	1646920534196	1646920534590	OK	 
REQUEST	2	adoption_710_Agency	Adoption Agency Redirect 1	1646920534591	1646920534874	OK	 
GROUP	2	adoption_710_Agency	1646920534196	1646920535024	825	OK
REQUEST	2	adoption_720_Agency_Details	Adoption Agency Details	1646920536019	1646920536509	OK	 
REQUEST	2	adoption_720_Agency_Details	Adoption Agency Details Redirect 1	1646920536510	1646920536566	OK	 
GROUP	2	adoption_720_Agency_Details	1646920536019	1646920536852	830	OK
REQUEST	2	adoption_730_Other_Agency	Adoption Other Agency?	1646920537859	1646920538043	OK	 
REQUEST	2	adoption_730_Other_Agency	Adoption Other Agency? Redirect 1	1646920538044	1646920538251	OK	 
REQUEST	2	adoption_730_Other_Agency	Adoption Other Agency? Redirect 2	1646920538252	1646920538606	OK	 
GROUP	2	adoption_730_Other_Agency	1646920537858	1646920538644	781	OK
REQUEST	2	adoption_740_Other_Agency_Details	Adoption Other Agency Details	1646920539637	1646920540063	OK	 
REQUEST	2	adoption_740_Other_Agency_Details	Adoption Other Agency Details Redirect 1	1646920540063	1646920540449	OK	 
GROUP	2	adoption_740_Other_Agency_Details	1646920539637	1646920540815	1176	OK
REQUEST	2	adoption_750_Social_Worker_Details	Adoption Social Worker Details	1646920541819	1646920542420	OK	 
REQUEST	2	adoption_750_Social_Worker_Details	Adoption Social Worker Details Redirect 1	1646920542421	1646920542474	OK	 
GROUP	2	adoption_750_Social_Worker_Details	1646920541819	1646920542528	705	OK
REQUEST	2	adoption_760_Sibling_Details	Adoption Sibling Details	1646920543527	1646920543574	OK	 
GROUP	2	adoption_760_Sibling_Details	1646920543526	1646920543633	104	OK
REQUEST	2	adoption_770_Sibling_Other?	Adoption Any Sibling?	1646920544638	1646920544933	OK	 
REQUEST	2	adoption_770_Sibling_Other?	Adoption Any Sibling? Redirect 1	1646920544934	1646920544981	OK	 
GROUP	2	adoption_770_Sibling_Other?	1646920544638	1646920545321	680	OK
REQUEST	2	adoption_780_Sibling_Court_Order_Exists?	Adoption Court Order Exists?	1646920546317	1646920546531	OK	 
REQUEST	2	adoption_780_Sibling_Court_Order_Exists?	Adoption Court Order Exists? Redirect 1	1646920546532	1646920546984	OK	 
GROUP	2	adoption_780_Sibling_Court_Order_Exists?	1646920546317	1646920547030	710	OK
REQUEST	2	adoption_790_Sibling_Name?	Adoption Sibling Name	1646920548029	1646920548312	OK	 
REQUEST	2	adoption_790_Sibling_Name?	Adoption Sibling Name Redirect 1	1646920548313	1646920548575	OK	 
REQUEST	2	adoption_790_Sibling_Name?	Adoption Sibling Name Redirect 2	1646920548576	1646920548848	OK	 
GROUP	2	adoption_790_Sibling_Name?	1646920548029	1646920549345	1312	OK
REQUEST	2	adoption_800_Sibling_Order_Type	Adoption Order Type?	1646920550348	1646920550611	OK	 
REQUEST	2	adoption_800_Sibling_Order_Type	Adoption Order Type? Redirect 1	1646920550613	1646920550938	OK	 
GROUP	2	adoption_800_Sibling_Order_Type	1646920550348	1646920551107	755	OK
REQUEST	2	adoption_810_Sibling_Order_Number	Adoption Order Number	1646920552098	1646920552310	OK	 
REQUEST	2	adoption_810_Sibling_Order_Number	Adoption Order Number Redirect 1	1646920552311	1646920552403	OK	 
GROUP	2	adoption_810_Sibling_Order_Number	1646920552098	1646920552445	344	OK
REQUEST	2	adoption_820_Sibling_New_Order?	Adoption Add New Order?	1646920553449	1646920553684	OK	 
REQUEST	2	adoption_820_Sibling_New_Order?	Adoption Add New Order? Redirect 1	1646920553685	1646920553740	OK	 
GROUP	2	adoption_820_Sibling_New_Order?	1646920553449	1646920553989	537	OK
REQUEST	2	adoption_830_Sibling_Select	Adoption Select Sibling	1646920554997	1646920555583	OK	 
REQUEST	2	adoption_830_Sibling_Select	Adoption Select Sibling Redirect 1	1646920555584	1646920555762	OK	 
REQUEST	2	adoption_830_Sibling_Select	Adoption Select Sibling Redirect 2	1646920555763	1646920556245	OK	 
GROUP	2	adoption_830_Sibling_Select	1646920554997	1646920556342	1341	OK
REQUEST	2	adoption_840_Sibling_Select	Adoption Order Type	1646920557338	1646920557631	OK	 
REQUEST	2	adoption_840_Sibling_Select	Adoption Order Type Redirect 1	1646920557632	1646920557830	OK	 
GROUP	2	adoption_840_Sibling_Select	1646920557338	1646920557873	531	OK
REQUEST	2	adoption_850_Sibling_Select	Adoption Order Number	1646920558869	1646920559056	OK	 
REQUEST	2	adoption_850_Sibling_Select	Adoption Order Number Redirect 1	1646920559057	1646920559104	OK	 
GROUP	2	adoption_850_Sibling_Select	1646920558869	1646920559150	278	OK
USER	LAU Simulation	3	START	1646920559968	1646920559968
REQUEST	3	adoption_010_Homepage	Adoption Homepage	1646920559970	1646920560059	OK	 
REQUEST	3	adoption_010_Homepage	Adoption Homepage Redirect 1	1646920560060	1646920560086	OK	 
REQUEST	2	adoption_855_Sibling_Select	Adoption Order Number	1646920560158	1646920560498	OK	 
REQUEST	2	adoption_855_Sibling_Select	Adoption Order Number Redirect 1	1646920560499	1646920560871	OK	 
GROUP	2	adoption_855_Sibling_Select	1646920560157	1646920560934	773	OK
REQUEST	3	adoption_010_Homepage	Adoption Homepage Redirect 2	1646920560087	1646920561161	OK	 
REQUEST	2	adoption_860_Sibling_Select	Adoption Order Number	1646920560934	1646920561239	OK	 
REQUEST	2	adoption_860_Sibling_Select	Adoption Order Number Redirect 1	1646920561258	1646920561296	OK	 
GROUP	2	adoption_860_Sibling_Select	1646920560934	1646920561813	858	OK
GROUP	3	adoption_010_Homepage	1646920559970	1646920562771	2796	OK
REQUEST	2	adoption_861_Family_Court	Adoption Family Court Redirect	1646920562808	1646920563084	OK	 
GROUP	2	adoption_861_Family_Court	1646920562807	1646920563121	311	OK
REQUEST	2	adoption_862_Family_Court_POST	Adoption Family Court Redirect	1646920563122	1646920563424	OK	 
REQUEST	2	adoption_862_Family_Court_POST	Adoption Family Court Redirect Redirect 1	1646920563424	1646920563533	OK	 
GROUP	2	adoption_862_Family_Court_POST	1646920563121	1646920563701	578	OK
REQUEST	2	adoption_870_Upload_Document	Adoption Birth Certificate Details	1646920563701	1646920563886	OK	 
GROUP	2	adoption_870_Upload_Document	1646920563701	1646920564059	356	OK
REQUEST	3	Adoption_020_Login	Adoption Login	1646920563789	1646920564238	OK	 
REQUEST	3	Adoption_020_Login	Adoption Login Redirect 1	1646920564239	1646920564587	OK	 
REQUEST	2	adoption_885_Upload_Document_POST	Adoption Certificate Upload POST	1646920565069	1646920565301	OK	 
REQUEST	3	Adoption_020_Login	Adoption Login Redirect 2	1646920564588	1646920565516	OK	 
REQUEST	2	adoption_885_Upload_Document_POST	Adoption Certificate Upload POST Redirect 1	1646920565303	1646920565551	OK	 
REQUEST	3	Adoption_020_Login	Adoption Login Redirect 3	1646920565517	1646920565555	OK	 
GROUP	2	adoption_885_Upload_Document_POST	1646920565069	1646920566326	1253	OK
USER	LAU Simulation	2	END	1646920399968	1646920567319
GROUP	3	Adoption_020_Login	1646920563788	1646920568877	5084	OK
REQUEST	3	Adoption_030_Apply_With	Adoption Applying With	1646920569879	1646920569920	OK	 
GROUP	3	Adoption_030_Apply_With	1646920569878	1646920569977	95	OK
REQUEST	3	Adoption_040_Adoption_Applying_Post	Adoption Applying Post	1646920570989	1646920571352	OK	 
REQUEST	3	Adoption_040_Adoption_Applying_Post	Adoption Applying Post Redirect 1	1646920571353	1646920571398	OK	 
GROUP	3	Adoption_040_Adoption_Applying_Post	1646920570988	1646920571726	734	OK
REQUEST	3	Adoption_050_Adoption_Applying_With_Redirect	Adoption Applying With Redirect	1646920572717	1646920572751	OK	 
GROUP	3	Adoption_050_Adoption_Applying_With_Redirect	1646920572717	1646920572902	183	OK
REQUEST	3	Adoption_060_Date_Of_Move	Adoption Date Child Moved in 	1646920573899	1646920573946	OK	 
GROUP	3	Adoption_060_Date_Of_Move	1646920573899	1646920574293	392	OK
REQUEST	3	Adoption_070_Date_Of_Move_POST	Adoption Date Child Moved in Post	1646920575299	1646920575795	OK	 
REQUEST	3	Adoption_070_Date_Of_Move_POST	Adoption Date Child Moved in Post Redirect 1	1646920575796	1646920575938	OK	 
REQUEST	3	Adoption_070_Date_Of_Move_POST,Adoption_050_Adoption_Applying_With_Redirect	Adoption Applying With Redirect	1646920576088	1646920576122	OK	 
GROUP	3	Adoption_070_Date_Of_Move_POST,Adoption_050_Adoption_Applying_With_Redirect	1646920576087	1646920576268	179	OK
GROUP	3	Adoption_070_Date_Of_Move_POST	1646920575299	1646920577268	964	OK
REQUEST	3	Adoption_080_Your_Details	Adoption Your Personal Details 	1646920578268	1646920578313	OK	 
GROUP	3	Adoption_080_Your_Details	1646920578268	1646920578365	95	OK
REQUEST	3	Adoption_090_Your_Details_POST	Adoption Your Personal Details Post	1646920579358	1646920580158	OK	 
REQUEST	3	Adoption_090_Your_Details_POST	Adoption Your Personal Details Post Redirect 1	1646920580159	1646920580221	OK	 
GROUP	3	Adoption_090_Your_Details_POST	1646920579357	1646920580391	1030	OK
REQUEST	3	Adoption_100_Your_Details_Other_Name	Adoption Your Personal Details Other Name	1646920581398	1646920581797	OK	 
REQUEST	3	Adoption_100_Your_Details_Other_Name	Adoption Your Personal Details Other Name Redirect 1	1646920581797	1646920581869	OK	 
GROUP	3	Adoption_100_Your_Details_Other_Name	1646920581397	1646920581909	509	OK
REQUEST	3	Adoption_110_Your_Details_DoB	Adoption Your Personal Details DoB	1646920582907	1646920582958	OK	 
GROUP	3	Adoption_110_Your_Details_DoB	1646920582907	1646920582999	90	OK
REQUEST	3	Adoption_120_Your_Details_DoB_POST	Adoption Your Personal Details DoB POST	1646920584009	1646920584211	OK	 
REQUEST	3	Adoption_120_Your_Details_DoB_POST	Adoption Your Personal Details DoB POST Redirect 1	1646920584212	1646920584265	OK	 
GROUP	3	Adoption_120_Your_Details_DoB_POST	1646920584009	1646920584436	424	OK
REQUEST	3	Adoption_130_Your_Details_Occupation	Adoption Your Personal Details Occupation	1646920585427	1646920586097	OK	 
REQUEST	3	Adoption_130_Your_Details_Occupation	Adoption Your Personal Details Occupation Redirect 1	1646920586098	1646920586139	OK	 
GROUP	3	Adoption_130_Your_Details_Occupation	1646920585426	1646920586341	912	OK
REQUEST	3	Adoption_140_Your_Contact_Details	Adoption Your Contact Details LookUp	1646920587349	1646920587397	OK	 
GROUP	3	Adoption_140_Your_Contact_Details	1646920587349	1646920587438	87	OK
REQUEST	3	Adoption_150_Your_Contact_Details_Manual	Adoption Your Contact Details Manual	1646920588439	1646920588592	OK	 
GROUP	3	Adoption_150_Your_Contact_Details_Manual	1646920588438	1646920588632	191	OK
REQUEST	3	Adoption_160_Your_Contact_Details_Manual_POST	Adoption Your Contact Details Manual POST	1646920589629	1646920589889	OK	 
REQUEST	3	Adoption_160_Your_Contact_Details_Manual_POST	Adoption Your Contact Details Manual POST Redirect 1	1646920589890	1646920589926	OK	 
GROUP	3	Adoption_160_Your_Contact_Details_Manual_POST	1646920589629	1646920590115	483	OK
REQUEST	3	Adoption_170_Your_Contact_Details_POST	Adoption Your Contact Details POST	1646920591108	1646920591422	OK	 
REQUEST	3	Adoption_170_Your_Contact_Details_POST	Adoption Your Contact Details POST Redirect 1	1646920591423	1646920591472	OK	 
GROUP	3	Adoption_170_Your_Contact_Details_POST	1646920591107	1646920591511	399	OK
REQUEST	3	Adoption_180_Second_Personal_Details	Adoption Second Personal Details	1646920592519	1646920592567	OK	 
GROUP	3	Adoption_180_Second_Personal_Details	1646920592518	1646920592734	213	OK
REQUEST	3	Adoption_190_Second_Personal_Details_POST	Adoption Second Personal Details POST	1646920593729	1646920594187	OK	 
REQUEST	3	Adoption_190_Second_Personal_Details_POST	Adoption Second Personal Details POST Redirect 1	1646920594188	1646920594232	OK	 
GROUP	3	Adoption_190_Second_Personal_Details_POST	1646920593728	1646920594279	548	OK
REQUEST	3	Adoption_200_Second_Other_Name	Adoption Second Other Name	1646920595289	1646920595484	OK	 
REQUEST	3	Adoption_200_Second_Other_Name	Adoption Second Other Name Redirect 1	1646920595485	1646920595532	OK	 
GROUP	3	Adoption_200_Second_Other_Name	1646920595289	1646920595600	309	OK
REQUEST	3	Adoption_210_Second_Other_Name_Redirect	Adoption Second Other Name Redirect	1646920596597	1646920596821	OK	 
REQUEST	3	Adoption_210_Second_Other_Name_Redirect	Adoption Second Other Name Redirect Redirect 1	1646920596822	1646920596876	OK	 
GROUP	3	Adoption_210_Second_Other_Name_Redirect	1646920596596	1646920597172	573	OK
REQUEST	3	Adoption_220_Second_DoB	Adoption Second DoB	1646920598169	1646920598377	OK	 
REQUEST	3	Adoption_220_Second_DoB	Adoption Second DoB Redirect 1	1646920598378	1646920598420	OK	 
GROUP	3	Adoption_220_Second_DoB	1646920598169	1646920598608	437	OK
REQUEST	3	Adoption_230_Second_Occupation	Adoption Second Occupation	1646920599619	1646920599922	OK	 
REQUEST	3	Adoption_230_Second_Occupation	Adoption Second Occupation Redirect 1	1646920599923	1646920599968	OK	 
GROUP	3	Adoption_230_Second_Occupation	1646920599618	1646920600076	455	OK
REQUEST	3	Adoption_240_Second_Contact_Details_Same_Address	Adoption Second Contact Details Same-Address	1646920601069	1646920601131	OK	 
GROUP	3	Adoption_240_Second_Contact_Details_Same_Address	1646920601068	1646920601626	555	OK
REQUEST	3	Adoption_250_Second_Contact_Details_Same_Address_POST	Adoption Second Contact Details Same-Address POST	1646920602629	1646920602894	OK	 
REQUEST	3	Adoption_250_Second_Contact_Details_Same_Address_POST	Adoption Second Contact Details Same-Address POST Redirect 1	1646920602895	1646920602931	OK	 
GROUP	3	Adoption_250_Second_Contact_Details_Same_Address_POST	1646920602629	1646920603429	797	OK
REQUEST	3	Adoption_260_Second_Contact_Details_Manual_Redirect	Adoption Second Contact Details manual redirect	1646920604428	1646920604476	OK	 
GROUP	3	Adoption_260_Second_Contact_Details_Manual_Redirect	1646920604428	1646920604709	280	OK
REQUEST	3	Adoption_270_Second_Contact_Details_Manual_POST	Adoption Second Contact Details manual POST	1646920605708	1646920605905	OK	 
REQUEST	3	Adoption_270_Second_Contact_Details_Manual_POST	Adoption Second Contact Details manual POST Redirect 1	1646920605906	1646920605954	OK	 
GROUP	3	Adoption_270_Second_Contact_Details_Manual_POST	1646920605707	1646920608237	2526	OK
REQUEST	3	Adoption_280_Second_Contact_Details__POST	Adoption Second Contact Details POST	1646920609249	1646920609437	OK	 
REQUEST	3	Adoption_280_Second_Contact_Details__POST	Adoption Second Contact Details POST Redirect 1	1646920609438	1646920609485	OK	 
GROUP	3	Adoption_280_Second_Contact_Details__POST	1646920609248	1646920609578	326	OK
REQUEST	3	adoption_290_Birth_Certificate	Adoption Birth Certificate Details	1646920610568	1646920610614	OK	 
GROUP	3	adoption_290_Birth_Certificate	1646920610568	1646920610953	383	OK
REQUEST	3	adoption_300_Birth_Certificate_Name	Adoption Birth Certificate Name	1646920611947	1646920612321	OK	 
REQUEST	3	adoption_300_Birth_Certificate_Name	Adoption Birth Certificate Name Redirect 1	1646920612322	1646920612362	OK	 
GROUP	3	adoption_300_Birth_Certificate_Name	1646920611946	1646920612542	591	OK
REQUEST	3	adoption_320_Birth_Certificate_DoB	Adoption Birth Certificate DoB	1646920613548	1646920613819	OK	 
REQUEST	3	adoption_320_Birth_Certificate_DoB	Adoption Birth Certificate DoB Redirect 1	1646920613820	1646920613911	OK	 
GROUP	3	adoption_320_Birth_Certificate_DoB	1646920613548	1646920617024	3473	OK
REQUEST	3	adoption_330_Birth_Certificate_Sex	Adoption Birth Certificate Sex	1646920618027	1646920618407	OK	 
REQUEST	3	adoption_330_Birth_Certificate_Sex	Adoption Birth Certificate Sex Redirect 1	1646920618408	1646920618461	OK	 
GROUP	3	adoption_330_Birth_Certificate_Sex	1646920618027	1646920618541	511	OK
REQUEST	3	adoption_340_Birth_Certificate_Nationality_Add	Adoption Birth Certificate Nationality Add	1646920619536	1646920619715	OK	 
REQUEST	3	adoption_340_Birth_Certificate_Nationality_Add	Adoption Birth Certificate Nationality Add Redirect 1	1646920619716	1646920619775	OK	 
GROUP	3	adoption_340_Birth_Certificate_Nationality_Add	1646920619536	1646920619823	284	OK
REQUEST	3	adoption_350_Birth_Certificate_Nationality_POST	Adoption Birth Certificate Nationality POST	1646920620828	1646920621036	OK	 
REQUEST	3	adoption_350_Birth_Certificate_Nationality_POST	Adoption Birth Certificate Nationality POST Redirect 1	1646920621037	1646920621095	OK	 
GROUP	3	adoption_350_Birth_Certificate_Nationality_POST	1646920620828	1646920621159	327	OK
REQUEST	3	adoption_360_Certificate_Details	Adoption Certificate Details	1646920622157	1646920622201	OK	 
GROUP	3	adoption_360_Certificate_Details	1646920622157	1646920622266	107	OK
REQUEST	3	adoption_370_Certificate_Details_Name	Adoption Certificate Details Name	1646920623269	1646920623495	OK	 
REQUEST	3	adoption_370_Certificate_Details_Name	Adoption Certificate Details Name Redirect 1	1646920623497	1646920623532	OK	 
GROUP	3	adoption_370_Certificate_Details_Name	1646920623269	1646920625127	861	OK
REQUEST	3	adoption_380_Placement_Order	Adoption Placement Order Details	1646920625127	1646920625327	OK	 
GROUP	3	adoption_380_Placement_Order	1646920625127	1646920625379	250	OK
REQUEST	3	adoption_390_Certificate_Placement_Order_Number	Adoption Placement Order Number	1646920626391	1646920626582	OK	 
REQUEST	3	adoption_390_Certificate_Placement_Order_Number	Adoption Placement Order Number Redirect 1	1646920626584	1646920626817	OK	 
GROUP	3	adoption_390_Certificate_Placement_Order_Number	1646920626391	1646920626907	512	OK
REQUEST	3	adoption_400_Certificate_Placement_Court	Adoption Placement Court	1646920627908	1646920628214	OK	 
REQUEST	3	adoption_400_Certificate_Placement_Court	Adoption Placement Court Redirect 1	1646920628215	1646920628624	OK	 
GROUP	3	adoption_400_Certificate_Placement_Court	1646920627907	1646920628979	1068	OK
REQUEST	3	adoption_410_Certificate_Placement_Date	Adoption Placement Date	1646920629979	1646920630231	OK	 
REQUEST	3	adoption_410_Certificate_Placement_Date	Adoption Placement Date Redirect 1	1646920630232	1646920630539	OK	 
GROUP	3	adoption_410_Certificate_Placement_Date	1646920629978	1646920630803	821	OK
REQUEST	3	adoption_420_Certificate_Placement_Summary	Adoption Placement Summary	1646920631799	1646920631989	OK	 
REQUEST	3	adoption_420_Certificate_Placement_Summary	Adoption Placement Summary Redirect 1	1646920631990	1646920632180	OK	 
REQUEST	3	adoption_420_Certificate_Placement_Summary	Adoption Placement Summary Redirect 2	1646920632181	1646920632379	OK	 
GROUP	3	adoption_420_Certificate_Placement_Summary	1646920631799	1646920632439	635	OK
REQUEST	3	adoption_430_Certificate_Placement_Type_2	Adoption Placement Type 2	1646920633439	1646920633917	OK	 
REQUEST	3	adoption_430_Certificate_Placement_Type_2	Adoption Placement Type 2 Redirect 1	1646920633918	1646920634120	OK	 
GROUP	3	adoption_430_Certificate_Placement_Type_2	1646920633439	1646920634285	843	OK
REQUEST	3	adoption_440_Certificate_Placement_Order_Number_2	Adoption Placement Order Number 2	1646920635278	1646920635658	OK	 
REQUEST	3	adoption_440_Certificate_Placement_Order_Number_2	Adoption Placement Order Number 2 Redirect 1	1646920635659	1646920635889	OK	 
GROUP	3	adoption_440_Certificate_Placement_Order_Number_2	1646920635277	1646920636234	953	OK
REQUEST	3	adoption_450_Certificate_Placement_Court_2	Adoption Placement Court 2	1646920637237	1646920637445	OK	 
REQUEST	3	adoption_450_Certificate_Placement_Court_2	Adoption Placement Court 2 Redirect 1	1646920637446	1646920637632	OK	 
GROUP	3	adoption_450_Certificate_Placement_Court_2	1646920637237	1646920637785	545	OK
REQUEST	3	adoption_460_Certificate_Placement_Date_2	Adoption Placement Date 2	1646920638787	1646920638983	OK	 
REQUEST	3	adoption_460_Certificate_Placement_Date_2	Adoption Placement Date 2 Redirect 1	1646920638984	1646920639301	OK	 
GROUP	3	adoption_460_Certificate_Placement_Date_2	1646920638786	1646920639461	671	OK
REQUEST	3	adoption_470_Certificate_Placement_Summary_2	Adoption Placement Summary 2	1646920640468	1646920640858	OK	 
REQUEST	3	adoption_470_Certificate_Placement_Summary_2	Adoption Placement Summary 2 Redirect 1	1646920640859	1646920641011	OK	 
GROUP	3	adoption_470_Certificate_Placement_Summary_2	1646920640468	1646920641353	882	OK
REQUEST	3	adoption_480_Birth_Mother	Adoption Mother's Details	1646920642347	1646920642492	OK	 
GROUP	3	adoption_480_Birth_Mother	1646920642347	1646920642533	184	OK
REQUEST	3	adoption_490_Birth_Mother_Name	Adoption Mother's Name	1646920643537	1646920643953	OK	 
REQUEST	3	adoption_490_Birth_Mother_Name	Adoption Mother's Name Redirect 1	1646920643954	1646920644005	OK	 
GROUP	3	adoption_490_Birth_Mother_Name	1646920643537	1646920644055	515	OK
REQUEST	3	adoption_495_Birth_Mother	Adoption Mother's Details	1646920645048	1646920645094	OK	 
GROUP	3	adoption_495_Birth_Mother	1646920645048	1646920645136	86	OK
REQUEST	3	adoption_500_Birth_Mother_Alive	Adoption Mother Still Alive?	1646920646137	1646920646410	OK	 
REQUEST	3	adoption_500_Birth_Mother_Alive	Adoption Mother Still Alive? Redirect 1	1646920646411	1646920646465	OK	 
GROUP	3	adoption_500_Birth_Mother_Alive	1646920646137	1646920646517	376	OK
REQUEST	3	adoption_510_Birth_Mother_Nationality_Add	Adoption Mother's Nationality Add	1646920647527	1646920647946	OK	 
REQUEST	3	adoption_510_Birth_Mother_Nationality_Add	Adoption Mother's Nationality Add Redirect 1	1646920647947	1646920647985	OK	 
GROUP	3	adoption_510_Birth_Mother_Nationality_Add	1646920647527	1646920648041	510	OK
REQUEST	3	adoption_520_Birth_Mother_Nationality_POSt	Adoption Mother's Nationality	1646920649040	1646920649482	OK	 
REQUEST	3	adoption_520_Birth_Mother_Nationality_POSt	Adoption Mother's Nationality Redirect 1	1646920649483	1646920649536	OK	 
GROUP	3	adoption_520_Birth_Mother_Nationality_POSt	1646920649039	1646920649575	532	OK
REQUEST	3	adoption_530_Birth_Mother_Occupation	Adoption Mother's Occupation	1646920650568	1646920650915	OK	 
REQUEST	3	adoption_530_Birth_Mother_Occupation	Adoption Mother's Occupation Redirect 1	1646920650917	1646920650969	OK	 
GROUP	3	adoption_530_Birth_Mother_Occupation	1646920650568	1646920651012	440	OK
REQUEST	3	adoption_535_Birth_Mother_Occupation_Redirect	Adoption Mother's Details Redirect	1646920652019	1646920652064	OK	 
GROUP	3	adoption_535_Birth_Mother_Occupation_Redirect	1646920652019	1646920652113	91	OK
REQUEST	3	adoption_540_Birth_Mother_Occupation	Adoption Mother's Address Known	1646920653108	1646920653363	OK	 
REQUEST	3	adoption_540_Birth_Mother_Occupation	Adoption Mother's Address Known Redirect 1	1646920653364	1646920653403	OK	 
GROUP	3	adoption_540_Birth_Mother_Occupation	1646920653107	1646920653775	663	OK
REQUEST	3	adoption_550_Birth_Mother_Address_Manual	Adoption Mother's Address Manual	1646920654777	1646920654913	OK	 
GROUP	3	adoption_550_Birth_Mother_Address_Manual	1646920654777	1646920655271	493	OK
REQUEST	3	adoption_560_Birth_Mother_Address_POST	Adoption Mother's Address	1646920656278	1646920656484	OK	 
REQUEST	3	adoption_560_Birth_Mother_Address_POST	Adoption Mother's Address Redirect 1	1646920656486	1646920656524	OK	 
GROUP	3	adoption_560_Birth_Mother_Address_POST	1646920656278	1646920656571	289	OK
REQUEST	3	adoption_570_Birth_Father_Details	Adoption Father's Details	1646920657569	1646920657613	OK	 
GROUP	3	adoption_570_Birth_Father_Details	1646920657569	1646920657668	97	OK
REQUEST	3	adoption_580_Birth_Father_Details_POST	Adoption Father's Details On Certificate	1646920658668	1646920659005	OK	 
REQUEST	3	adoption_580_Birth_Father_Details_POST	Adoption Father's Details On Certificate Redirect 1	1646920659006	1646920659051	OK	 
GROUP	3	adoption_580_Birth_Father_Details_POST	1646920658667	1646920659115	443	OK
REQUEST	3	adoption_590_Birth_Father_Name	Adoption Father's Name	1646920660107	1646920660317	OK	 
REQUEST	3	adoption_590_Birth_Father_Name	Adoption Father's Name Redirect 1	1646920660319	1646920660361	OK	 
GROUP	3	adoption_590_Birth_Father_Name	1646920660107	1646920660527	416	OK
REQUEST	3	adoption_600_Birth_Father_Alive	Adoption Father Still alive?	1646920661527	1646920661975	OK	 
REQUEST	3	adoption_600_Birth_Father_Alive	Adoption Father Still alive? Redirect 1	1646920661976	1646920662017	OK	 
GROUP	3	adoption_600_Birth_Father_Alive	1646920661527	1646920662387	857	OK
REQUEST	3	adoption_610_Birth_Father_Nationality_Add	Adoption Father add Nationality	1646920663397	1646920663597	OK	 
REQUEST	3	adoption_610_Birth_Father_Nationality_Add	Adoption Father add Nationality Redirect 1	1646920663598	1646920663637	OK	 
GROUP	3	adoption_610_Birth_Father_Nationality_Add	1646920663397	1646920663700	300	OK
REQUEST	3	adoption_620_Birth_Father_Nationality_POST	Adoption Father's Nationality	1646920664698	1646920664899	OK	 
REQUEST	3	adoption_620_Birth_Father_Nationality_POST	Adoption Father's Nationality Redirect 1	1646920664900	1646920664937	OK	 
GROUP	3	adoption_620_Birth_Father_Nationality_POST	1646920664698	1646920665267	566	OK
REQUEST	3	adoption_630_Birth_Father_Occupation	Adoption Father's Occupation	1646920666268	1646920666759	OK	 
REQUEST	3	adoption_630_Birth_Father_Occupation	Adoption Father's Occupation Redirect 1	1646920666760	1646920666798	OK	 
GROUP	3	adoption_630_Birth_Father_Occupation	1646920666268	1646920666937	667	OK
REQUEST	3	adoption_640_Birth_Father_Occupation_Address_Known	Adoption Father's Address Known?	1646920667939	1646920668114	OK	 
REQUEST	3	adoption_640_Birth_Father_Occupation_Address_Known	Adoption Father's Address Known? Redirect 1	1646920668115	1646920668294	OK	 
GROUP	3	adoption_640_Birth_Father_Occupation_Address_Known	1646920667938	1646920668603	661	OK
REQUEST	3	adoption_640_Birth_Father_Occupation_Address_Manual	Adoption Father's Address Manual	1646920669599	1646920669659	OK	 
GROUP	3	adoption_640_Birth_Father_Occupation_Address_Manual	1646920669599	1646920671498	1897	OK
REQUEST	3	adoption_640_Birth_Father_Occupation_Address_POST	Adoption Father's Address	1646920672508	1646920672828	OK	 
REQUEST	3	adoption_640_Birth_Father_Occupation_Address_POST	Adoption Father's Address Redirect 1	1646920672829	1646920672886	OK	 
GROUP	3	adoption_640_Birth_Father_Occupation_Address_POST	1646920672508	1646920673781	1270	OK
REQUEST	3	adoption_650_Other_Parent_Exists	Adoption Other Parent	1646920674777	1646920674835	OK	 
GROUP	3	adoption_650_Other_Parent_Exists	1646920674777	1646920674877	98	OK
REQUEST	3	adoption_660_Other_Parent_Exists_POST	Adoption Other Parent Exists	1646920675879	1646920676310	OK	 
REQUEST	3	adoption_660_Other_Parent_Exists_POST	Adoption Other Parent Exists Redirect 1	1646920676311	1646920676351	OK	 
GROUP	3	adoption_660_Other_Parent_Exists_POST	1646920675879	1646920676394	512	OK
REQUEST	3	adoption_670_Other_Parent_Name	Adoption Other Parent Name	1646920677389	1646920677642	OK	 
REQUEST	3	adoption_670_Other_Parent_Name	Adoption Other Parent Name Redirect 1	1646920677643	1646920678402	OK	 
GROUP	3	adoption_670_Other_Parent_Name	1646920677388	1646920678457	1066	OK
REQUEST	3	adoption_680_Other_Parent_Address_Known?	Adoption Other Parent Address known?	1646920679459	1646920680295	OK	 
REQUEST	3	adoption_680_Other_Parent_Address_Known?	Adoption Other Parent Address known? Redirect 1	1646920680296	1646920680335	OK	 
GROUP	3	adoption_680_Other_Parent_Address_Known?	1646920679459	1646920680577	1115	OK
REQUEST	3	adoption_690_Other_Parent_Address_Manual	Adoption Other Parent Address Manual	1646920681579	1646920681646	OK	 
GROUP	3	adoption_690_Other_Parent_Address_Manual	1646920681579	1646920681697	116	OK
REQUEST	3	adoption_700_Other_Parent_Address_POST	Adoption Other Parent Address Manual	1646920682689	1646920683068	OK	 
REQUEST	3	adoption_700_Other_Parent_Address_POST	Adoption Other Parent Address Manual Redirect 1	1646920683069	1646920683114	OK	 
GROUP	3	adoption_700_Other_Parent_Address_POST	1646920682688	1646920683462	771	OK
REQUEST	3	adoption_710_Agency	Adoption Agency	1646920684469	1646920684660	OK	 
REQUEST	3	adoption_710_Agency	Adoption Agency Redirect 1	1646920684661	1646920685120	OK	 
GROUP	3	adoption_710_Agency	1646920684468	1646920685556	1085	OK
REQUEST	3	adoption_720_Agency_Details	Adoption Agency Details	1646920686547	1646920686857	OK	 
REQUEST	3	adoption_720_Agency_Details	Adoption Agency Details Redirect 1	1646920686858	1646920686902	OK	 
GROUP	3	adoption_720_Agency_Details	1646920686547	1646920687099	550	OK
REQUEST	3	adoption_730_Other_Agency	Adoption Other Agency?	1646920688107	1646920688393	OK	 
REQUEST	3	adoption_730_Other_Agency	Adoption Other Agency? Redirect 1	1646920688394	1646920688574	OK	 
REQUEST	3	adoption_730_Other_Agency	Adoption Other Agency? Redirect 2	1646920688575	1646920688909	OK	 
GROUP	3	adoption_730_Other_Agency	1646920688107	1646920689085	974	OK
REQUEST	3	adoption_740_Other_Agency_Details	Adoption Other Agency Details	1646920690078	1646920690339	OK	 
REQUEST	3	adoption_740_Other_Agency_Details	Adoption Other Agency Details Redirect 1	1646920690340	1646920690379	OK	 
GROUP	3	adoption_740_Other_Agency_Details	1646920690078	1646920690509	428	OK
REQUEST	3	adoption_750_Social_Worker_Details	Adoption Social Worker Details	1646920691519	1646920691707	OK	 
REQUEST	3	adoption_750_Social_Worker_Details	Adoption Social Worker Details Redirect 1	1646920691708	1646920691758	OK	 
GROUP	3	adoption_750_Social_Worker_Details	1646920691519	1646920691904	382	OK
REQUEST	3	adoption_760_Sibling_Details	Adoption Sibling Details	1646920692898	1646920692945	OK	 
GROUP	3	adoption_760_Sibling_Details	1646920692898	1646920693139	240	OK
REQUEST	3	adoption_770_Sibling_Other?	Adoption Any Sibling?	1646920694149	1646920694607	OK	 
REQUEST	3	adoption_770_Sibling_Other?	Adoption Any Sibling? Redirect 1	1646920694608	1646920694651	OK	 
GROUP	3	adoption_770_Sibling_Other?	1646920694148	1646920694903	751	OK
REQUEST	3	adoption_780_Sibling_Court_Order_Exists?	Adoption Court Order Exists?	1646920695897	1646920696688	OK	 
REQUEST	3	adoption_780_Sibling_Court_Order_Exists?	Adoption Court Order Exists? Redirect 1	1646920696689	1646920696884	OK	 
GROUP	3	adoption_780_Sibling_Court_Order_Exists?	1646920695897	1646920696921	1021	OK
REQUEST	3	adoption_790_Sibling_Name?	Adoption Sibling Name	1646920697928	1646920698141	OK	 
REQUEST	3	adoption_790_Sibling_Name?	Adoption Sibling Name Redirect 1	1646920698143	1646920698349	OK	 
REQUEST	3	adoption_790_Sibling_Name?	Adoption Sibling Name Redirect 2	1646920698349	1646920703584	OK	 
GROUP	3	adoption_790_Sibling_Name?	1646920697928	1646920703627	5695	OK
REQUEST	3	adoption_800_Sibling_Order_Type	Adoption Order Type?	1646920704619	1646920704814	OK	 
REQUEST	3	adoption_800_Sibling_Order_Type	Adoption Order Type? Redirect 1	1646920704815	1646920705088	OK	 
GROUP	3	adoption_800_Sibling_Order_Type	1646920704618	1646920705137	516	OK
REQUEST	3	adoption_810_Sibling_Order_Number	Adoption Order Number	1646920706139	1646920706392	OK	 
REQUEST	3	adoption_810_Sibling_Order_Number	Adoption Order Number Redirect 1	1646920706393	1646920706447	OK	 
GROUP	3	adoption_810_Sibling_Order_Number	1646920706138	1646920706586	445	OK
REQUEST	3	adoption_820_Sibling_New_Order?	Adoption Add New Order?	1646920707589	1646920707855	OK	 
REQUEST	3	adoption_820_Sibling_New_Order?	Adoption Add New Order? Redirect 1	1646920707856	1646920707900	OK	 
GROUP	3	adoption_820_Sibling_New_Order?	1646920707588	1646920708036	444	OK
REQUEST	3	adoption_830_Sibling_Select	Adoption Select Sibling	1646920709029	1646920709247	OK	 
REQUEST	3	adoption_830_Sibling_Select	Adoption Select Sibling Redirect 1	1646920709248	1646920709672	OK	 
REQUEST	3	adoption_830_Sibling_Select	Adoption Select Sibling Redirect 2	1646920709673	1646920709875	OK	 
GROUP	3	adoption_830_Sibling_Select	1646920709028	1646920710410	1378	OK
REQUEST	3	adoption_840_Sibling_Select	Adoption Order Type	1646920711419	1646920711619	OK	 
REQUEST	3	adoption_840_Sibling_Select	Adoption Order Type Redirect 1	1646920711620	1646920711797	OK	 
GROUP	3	adoption_840_Sibling_Select	1646920711419	1646920711868	446	OK
REQUEST	3	adoption_850_Sibling_Select	Adoption Order Number	1646920712868	1646920713174	OK	 
REQUEST	3	adoption_850_Sibling_Select	Adoption Order Number Redirect 1	1646920713175	1646920713235	OK	 
GROUP	3	adoption_850_Sibling_Select	1646920712868	1646920713340	470	OK
REQUEST	3	adoption_855_Sibling_Select	Adoption Order Number	1646920714338	1646920714728	OK	 
REQUEST	3	adoption_855_Sibling_Select	Adoption Order Number Redirect 1	1646920714728	1646920714775	OK	 
GROUP	3	adoption_855_Sibling_Select	1646920714338	1646920714814	475	OK
REQUEST	3	adoption_860_Sibling_Select	Adoption Order Number	1646920714814	1646920715222	OK	 
REQUEST	3	adoption_860_Sibling_Select	Adoption Order Number Redirect 1	1646920715222	1646920715262	OK	 
GROUP	3	adoption_860_Sibling_Select	1646920714814	1646920715311	495	OK
REQUEST	3	adoption_861_Family_Court	Adoption Family Court Redirect	1646920716318	1646920716376	OK	 
GROUP	3	adoption_861_Family_Court	1646920716318	1646920716556	236	OK
REQUEST	3	adoption_862_Family_Court_POST	Adoption Family Court Redirect	1646920716557	1646920716753	OK	 
REQUEST	3	adoption_862_Family_Court_POST	Adoption Family Court Redirect Redirect 1	1646920716754	1646920716798	OK	 
GROUP	3	adoption_862_Family_Court_POST	1646920716557	1646920717373	814	OK
REQUEST	3	adoption_870_Upload_Document	Adoption Birth Certificate Details	1646920717373	1646920717431	OK	 
GROUP	3	adoption_870_Upload_Document	1646920717373	1646920717776	402	OK
REQUEST	3	adoption_885_Upload_Document_POST	Adoption Certificate Upload POST	1646920718767	1646920719094	OK	 
REQUEST	3	adoption_885_Upload_Document_POST	Adoption Certificate Upload POST Redirect 1	1646920719094	1646920719196	OK	 
GROUP	3	adoption_885_Upload_Document_POST	1646920718766	1646920719364	596	OK
USER	LAU Simulation	3	END	1646920559968	1646920720368
