RUN	simulations.mainSimulation	mainsimulation	1646751720972	 	3.3.1
USER	LAU Simulation	1	START	1646751721531	1646751721531
REQUEST	1	adoption_010_Homepage	Adoption Homepage	1646751721556	1646751721610	OK	 
REQUEST	1	adoption_010_Homepage	Adoption Homepage Redirect 1	1646751721633	1646751721661	OK	 
REQUEST	1	adoption_010_Homepage	Adoption Homepage Redirect 2	1646751721663	1646751721722	OK	 
GROUP	1	adoption_010_Homepage	1646751721539	1646751721995	319	OK
REQUEST	1	Adoption_020_Login	Adoption Login	1646751724015	1646751724204	OK	 
REQUEST	1	Adoption_020_Login	Adoption Login Redirect 1	1646751724208	1646751724385	OK	 
REQUEST	1	Adoption_020_Login	Adoption Login Redirect 2	1646751724387	1646751724618	OK	 
REQUEST	1	Adoption_020_Login	Adoption Login Redirect 3	1646751724620	1646751724655	OK	 
GROUP	1	Adoption_020_Login	1646751724010	1646751724769	734	OK
REQUEST	1	Adoption_030_Apply_With	Adoption Applying With	1646751726772	1646751726826	OK	 
GROUP	1	Adoption_030_Apply_With	1646751726772	1646751726871	93	OK
REQUEST	1	Adoption_040_Adoption_Applying_Post	Adoption Applying Post	1646751728884	1646751729226	OK	 
REQUEST	1	Adoption_040_Adoption_Applying_Post	Adoption Applying Post Redirect 1	1646751729228	1646751729276	OK	 
GROUP	1	Adoption_040_Adoption_Applying_Post	1646751728882	1646751729317	425	OK
REQUEST	1	Adoption_050_Adoption_Applying_With_Redirect	Adoption Applying With Redirect	1646751731314	1646751731354	OK	 
GROUP	1	Adoption_050_Adoption_Applying_With_Redirect	1646751731313	1646751731430	111	OK
REQUEST	1	adoption_290_Birth_Certificate	Adoption Birth Certificate Details	1646751733433	1646751733471	OK	 
GROUP	1	adoption_290_Birth_Certificate	1646751733432	1646751733519	81	OK
REQUEST	1	adoption_300_Birth_Certificate_Name	Adoption Birth Certificate Name	1646751735513	1646751735950	OK	 
REQUEST	1	adoption_300_Birth_Certificate_Name	Adoption Birth Certificate Name Redirect 1	1646751735952	1646751735991	OK	 
GROUP	1	adoption_300_Birth_Certificate_Name	1646751735512	1646751736045	525	OK
REQUEST	1	adoption_320_Birth_Certificate_DoB	Adoption Birth Certificate DoB	1646751738053	1646751738103	OK	 
REQUEST	1	adoption_320_Birth_Certificate_DoB	Adoption Birth Certificate DoB Redirect 1	1646751738105	1646751738152	OK	 
GROUP	1	adoption_320_Birth_Certificate_DoB	1646751738052	1646751738195	135	OK
REQUEST	1	adoption_330_Birth_Certificate_Sex	Adoption Birth Certificate Sex	1646751740193	1646751740614	OK	 
REQUEST	1	adoption_330_Birth_Certificate_Sex	Adoption Birth Certificate Sex Redirect 1	1646751740616	1646751740659	KO	substring(British).find.exists, found nothing
GROUP	1	adoption_330_Birth_Certificate_Sex	1646751740192	1646751740665	464	KO
USER	LAU Simulation	1	END	1646751721531	1646751740672
