RUN	simulations.mainSimulation	mainsimulation	1646846382580	 	3.3.1
USER	LAU Simulation	1	START	1646846383066	1646846383066
REQUEST	1	adoption_010_Homepage	Adoption Homepage	1646846383087	1646846383162	OK	 
REQUEST	1	adoption_010_Homepage	Adoption Homepage Redirect 1	1646846383188	1646846383217	OK	 
REQUEST	1	adoption_010_Homepage	Adoption Homepage Redirect 2	1646846383220	1646846383287	OK	 
GROUP	1	adoption_010_Homepage	1646846383073	1646846386533	3326	OK
REQUEST	1	Adoption_020_Login	Adoption Login	1646846387558	1646846387872	OK	 
REQUEST	1	Adoption_020_Login	Adoption Login Redirect 1	1646846387877	1646846388264	OK	 
REQUEST	1	Adoption_020_Login	Adoption Login Redirect 2	1646846388266	1646846389410	OK	 
REQUEST	1	Adoption_020_Login	Adoption Login Redirect 3	1646846389412	1646846389455	OK	 
GROUP	1	Adoption_020_Login	1646846387554	1646846390336	2759	OK
REQUEST	1	Adoption_030_Apply_With	Adoption Applying With	1646846391347	1646846391391	OK	 
GROUP	1	Adoption_030_Apply_With	1646846391345	1646846391483	128	OK
REQUEST	1	Adoption_040_Adoption_Applying_Post	Adoption Applying Post	1646846392477	1646846392992	OK	 
REQUEST	1	Adoption_040_Adoption_Applying_Post	Adoption Applying Post Redirect 1	1646846392994	1646846393031	OK	 
GROUP	1	Adoption_040_Adoption_Applying_Post	1646846392475	1646846393129	645	OK
REQUEST	1	Adoption_050_Adoption_Applying_With_Redirect	Adoption Applying With Redirect	1646846394125	1646846394167	OK	 
GROUP	1	Adoption_050_Adoption_Applying_With_Redirect	1646846394124	1646846394274	143	OK
REQUEST	1	Adoption_060_Date_Of_Move	Adoption Date Child Moved in 	1646846395286	1646846395344	OK	 
GROUP	1	Adoption_060_Date_Of_Move	1646846395285	1646846395424	127	OK
REQUEST	1	Adoption_070_Date_Of_Move_POST	Adoption Date Child Moved in Post	1646846396424	1646846396737	OK	 
REQUEST	1	Adoption_070_Date_Of_Move_POST	Adoption Date Child Moved in Post Redirect 1	1646846396742	1646846396781	OK	 
REQUEST	1	Adoption_070_Date_Of_Move_POST,Adoption_050_Adoption_Applying_With_Redirect	Adoption Applying With Redirect	1646846396865	1646846396908	OK	 
GROUP	1	Adoption_070_Date_Of_Move_POST,Adoption_050_Adoption_Applying_With_Redirect	1646846396865	1646846396983	113	OK
GROUP	1	Adoption_070_Date_Of_Move_POST	1646846396423	1646846397983	543	OK
REQUEST	1	adoption_760_Sibling_Details	Adoption Sibling Details	1646846398986	1646846399138	OK	 
GROUP	1	adoption_760_Sibling_Details	1646846398985	1646846399280	290	OK
REQUEST	1	adoption_770_Sibling_Other?	Adoption Any Sibling?	1646846400274	1646846400562	OK	 
REQUEST	1	adoption_770_Sibling_Other?	Adoption Any Sibling? Redirect 1	1646846400564	1646846400615	OK	 
GROUP	1	adoption_770_Sibling_Other?	1646846400273	1646846400703	423	OK
REQUEST	1	adoption_780_Sibling_Court_Order_Exists?	Adoption Court Order Exists?	1646846401695	1646846402124	OK	 
REQUEST	1	adoption_780_Sibling_Court_Order_Exists?	Adoption Court Order Exists? Redirect 1	1646846402125	1646846402616	OK	 
GROUP	1	adoption_780_Sibling_Court_Order_Exists?	1646846401694	1646846402693	994	OK
REQUEST	1	adoption_790_Sibling_Name?	Adoption Sibling Name	1646846403696	1646846403876	OK	 
REQUEST	1	adoption_790_Sibling_Name?	Adoption Sibling Name Redirect 1	1646846403878	1646846404086	OK	 
REQUEST	1	adoption_790_Sibling_Name?	Adoption Sibling Name Redirect 2	1646846404087	1646846404301	OK	 
GROUP	1	adoption_790_Sibling_Name?	1646846403695	1646846404362	659	OK
REQUEST	1	adoption_800_Sibling_Order_Type	Adoption Order Type?	1646846405366	1646846405543	OK	 
REQUEST	1	adoption_800_Sibling_Order_Type	Adoption Order Type? Redirect 1	1646846405544	1646846405705	OK	 
GROUP	1	adoption_800_Sibling_Order_Type	1646846405365	1646846405792	421	OK
REQUEST	1	adoption_810_Sibling_Order_Number	Adoption Order Number	1646846406796	1646846407122	OK	 
REQUEST	1	adoption_810_Sibling_Order_Number	Adoption Order Number Redirect 1	1646846407124	1646846407166	OK	 
GROUP	1	adoption_810_Sibling_Order_Number	1646846406795	1646846407383	582	OK
REQUEST	1	adoption_820_Sibling_New_Order?	Adoption Add New Order?	1646846408385	1646846408552	OK	 
REQUEST	1	adoption_820_Sibling_New_Order?	Adoption Add New Order? Redirect 1	1646846408553	1646846408601	OK	 
GROUP	1	adoption_820_Sibling_New_Order?	1646846408384	1646846408750	359	OK
REQUEST	1	adoption_830_Sibling_Select	Adoption Select Sibling	1646846409746	1646846409932	OK	 
REQUEST	1	adoption_830_Sibling_Select	Adoption Select Sibling Redirect 1	1646846409934	1646846410296	OK	 
REQUEST	1	adoption_830_Sibling_Select	Adoption Select Sibling Redirect 2	1646846410297	1646846410483	OK	 
GROUP	1	adoption_830_Sibling_Select	1646846409745	1646846410561	808	OK
REQUEST	1	adoption_840_Sibling_Select	Adoption Order Type	1646846411566	1646846411744	OK	 
REQUEST	1	adoption_840_Sibling_Select	Adoption Order Type Redirect 1	1646846411746	1646846412046	OK	 
GROUP	1	adoption_840_Sibling_Select	1646846411565	1646846412225	654	OK
REQUEST	1	adoption_850_Sibling_Select	Adoption Order Number	1646846413235	1646846413421	OK	 
REQUEST	1	adoption_850_Sibling_Select	Adoption Order Number Redirect 1	1646846413423	1646846413590	OK	 
GROUP	1	adoption_850_Sibling_Select	1646846413235	1646846413677	437	OK
REQUEST	1	adoption_850_Sibling_Select	Adoption Order Number	1646846414676	1646846414858	OK	 
REQUEST	1	adoption_850_Sibling_Select	Adoption Order Number Redirect 1	1646846414860	1646846414911	OK	 
GROUP	1	adoption_850_Sibling_Select	1646846414675	1646846415013	332	OK
REQUEST	1	adoption_860_Sibling_Select	Adoption Order Number	1646846415013	1646846415221	OK	 
REQUEST	1	adoption_860_Sibling_Select	Adoption Order Number Redirect 1	1646846415223	1646846415283	OK	 
GROUP	1	adoption_860_Sibling_Select	1646846415013	1646846415373	354	OK
USER	LAU Simulation	1	END	1646846383066	1646846416377
