RUN	simulations.mainSimulation	mainsimulation	1646820839858	 	3.3.1
USER	LAU Simulation	1	START	1646820840388	1646820840388
REQUEST	1	adoption_010_Homepage	Adoption Homepage	1646820840409	1646820840508	OK	 
REQUEST	1	adoption_010_Homepage	Adoption Homepage Redirect 1	1646820840529	1646820840557	OK	 
REQUEST	1	adoption_010_Homepage	Adoption Homepage Redirect 2	1646820840559	1646820840648	OK	 
GROUP	1	adoption_010_Homepage	1646820840394	1646820840880	367	OK
REQUEST	1	Adoption_020_Login	Adoption Login	1646820842898	1646820843130	OK	 
REQUEST	1	Adoption_020_Login	Adoption Login Redirect 1	1646820843134	1646820843539	OK	 
REQUEST	1	Adoption_020_Login	Adoption Login Redirect 2	1646820843541	1646820843748	OK	 
REQUEST	1	Adoption_020_Login	Adoption Login Redirect 3	1646820843750	1646820843995	OK	 
GROUP	1	Adoption_020_Login	1646820842893	1646820844106	1188	OK
REQUEST	1	Adoption_030_Apply_With	Adoption Applying With	1646820846115	1646820846198	OK	 
GROUP	1	Adoption_030_Apply_With	1646820846114	1646820846251	127	OK
REQUEST	1	Adoption_040_Adoption_Applying_Post	Adoption Applying Post	1646820848266	1646820848966	OK	 
REQUEST	1	Adoption_040_Adoption_Applying_Post	Adoption Applying Post Redirect 1	1646820848968	1646820849010	OK	 
GROUP	1	Adoption_040_Adoption_Applying_Post	1646820848264	1646820849055	781	OK
REQUEST	1	Adoption_050_Adoption_Applying_With_Redirect	Adoption Applying With Redirect	1646820851045	1646820851091	OK	 
GROUP	1	Adoption_050_Adoption_Applying_With_Redirect	1646820851044	1646820851142	92	OK
REQUEST	1	adoption_570_Birth_Father_Details	Adoption Father's Details	1646820853144	1646820853257	KO	substring(birth father's).find.exists, found nothing
GROUP	1	adoption_570_Birth_Father_Details	1646820853143	1646820853263	113	KO
USER	LAU Simulation	1	END	1646820840388	1646820853272
