RUN	simulations.mainSimulation	mainsimulation	1647007929939	 	3.3.1
USER	LAU Simulation	1	START	1647007932528	1647007932528
REQUEST	1	AD_010_Homepage	Adoption Homepage	1647007932554	1647007935829	OK	 
REQUEST	1	AD_010_Homepage	Adoption Homepage Redirect 1	1647007935857	1647007935894	OK	 
REQUEST	1	AD_010_Homepage	Adoption Homepage Redirect 2	1647007935896	1647007936039	OK	 
GROUP	1	AD_010_Homepage	1647007932536	1647007937554	4872	OK
REQUEST	1	AD_020_Login	Adoption Login	1647007938577	1647007938851	OK	 
REQUEST	1	AD_020_Login	Adoption Login Redirect 1	1647007938855	1647007939069	OK	 
REQUEST	1	AD_020_Login	Adoption Login Redirect 2	1647007939071	1647007940715	OK	 
REQUEST	1	AD_020_Login	Adoption Login Redirect 3	1647007940717	1647007940915	OK	 
GROUP	1	AD_020_Login	1647007938573	1647007941631	3038	OK
REQUEST	1	AD_030_Apply_With	Adoption Applying With	1647007942633	1647007942908	OK	 
GROUP	1	AD_030_Apply_With	1647007942631	1647007943057	418	OK
REQUEST	1	AD_040_Applying_Post	Adoption Applying Post	1647007944063	1647007944754	OK	 
REQUEST	1	AD_040_Applying_Post	Adoption Applying Post Redirect 1	1647007944756	1647007944937	OK	 
GROUP	1	AD_040_Applying_Post	1647007944061	1647007945084	1014	OK
REQUEST	1	AD_050_Applying_With_Redirect	Adoption Applying With Redirect	1647007946084	1647007946169	OK	 
GROUP	1	AD_050_Applying_With_Redirect	1647007946083	1647007946233	144	OK
REQUEST	1	AD_060_Date_Of_Move	Adoption Date Child Moved in 	1647007947233	1647007947304	OK	 
GROUP	1	AD_060_Date_Of_Move	1647007947232	1647007947358	121	OK
REQUEST	1	AD_070_Date_Of_Move_POST	Adoption Date Child Moved in Post	1647007948352	1647007949630	OK	 
REQUEST	1	AD_070_Date_Of_Move_POST	Adoption Date Child Moved in Post Redirect 1	1647007949631	1647007950347	OK	 
GROUP	1	AD_070_Date_Of_Move_POST	1647007948351	1647007950821	2464	OK
REQUEST	1	AD_080_Your_Details	Adoption Your Personal Details 	1647007950821	1647007950974	OK	 
GROUP	1	AD_080_Your_Details	1647007950821	1647007951027	201	OK
REQUEST	1	AD_090_Your_Details_POST	Adoption Your Personal Details Post	1647007952033	1647007952292	OK	 
REQUEST	1	AD_090_Your_Details_POST	Adoption Your Personal Details Post Redirect 1	1647007952294	1647007952360	OK	 
GROUP	1	AD_090_Your_Details_POST	1647007952032	1647007952417	378	OK
REQUEST	1	AD_100_Your_Details_Other_Name	Adoption Your Personal Details Other Name	1647007953423	1647007953639	OK	 
REQUEST	1	AD_100_Your_Details_Other_Name	Adoption Your Personal Details Other Name Redirect 1	1647007953641	1647007953731	OK	 
GROUP	1	AD_100_Your_Details_Other_Name	1647007953422	1647007953808	379	OK
REQUEST	1	AD_110_Your_Details_DoB	Adoption Your Personal Details DoB	1647007954803	1647007955021	OK	 
GROUP	1	AD_110_Your_Details_DoB	1647007954802	1647007955249	442	OK
REQUEST	1	AD_120_Your_Details_DoB_POST	Adoption Your Personal Details DoB POST	1647007956252	1647007956586	OK	 
REQUEST	1	AD_120_Your_Details_DoB_POST	Adoption Your Personal Details DoB POST Redirect 1	1647007956588	1647007956686	OK	 
GROUP	1	AD_120_Your_Details_DoB_POST	1647007956251	1647007956832	574	OK
REQUEST	1	AD_130_Your_Details_Occupation	Adoption Your Personal Details Occupation	1647007957834	1647007958184	OK	 
REQUEST	1	AD_130_Your_Details_Occupation	Adoption Your Personal Details Occupation Redirect 1	1647007958185	1647007958680	OK	 
GROUP	1	AD_130_Your_Details_Occupation	1647007957833	1647007958857	1017	OK
REQUEST	1	AD_140_Your_Contact	Adoption Your Contact Details LookUp	1647007959853	1647007959936	OK	 
GROUP	1	AD_140_Your_Contact	1647007959853	1647007960067	210	OK
REQUEST	1	AD_150_Your_Contact_Manual	Adoption Your Contact Details Manual	1647007961074	1647007961301	OK	 
GROUP	1	AD_150_Your_Contact_Manual	1647007961073	1647007961390	312	OK
REQUEST	1	AD_160_Your_Contact_POST	Adoption Your Contact Details Manual POST	1647007962383	1647007962608	OK	 
REQUEST	1	AD_160_Your_Contact_POST	Adoption Your Contact Details Manual POST Redirect 1	1647007962609	1647007962706	OK	 
GROUP	1	AD_160_Your_Contact_POST	1647007962382	1647007962788	400	OK
REQUEST	1	AD_170_Your_Contact_POST	Adoption Your Contact Details POST	1647007963792	1647007964208	OK	 
REQUEST	1	AD_170_Your_Contact_POST	Adoption Your Contact Details POST Redirect 1	1647007964209	1647007964619	OK	 
GROUP	1	AD_170_Your_Contact_POST	1647007963791	1647007964853	1057	OK
REQUEST	1	AD_180_Second_Person	Adoption Second Personal Details	1647007965863	1647007965954	OK	 
GROUP	1	AD_180_Second_Person	1647007965862	1647007966047	181	OK
REQUEST	1	AD_190_Second_PersonPOST	Adoption Second Personal Details POST	1647007967044	1647007967317	OK	 
REQUEST	1	AD_190_Second_PersonPOST	Adoption Second Personal Details POST Redirect 1	1647007967319	1647007967661	OK	 
GROUP	1	AD_190_Second_PersonPOST	1647007967043	1647007967726	676	OK
REQUEST	1	AD_200_Second_Other_Name	Adoption Second Other Name	1647007968724	1647007968944	OK	 
REQUEST	1	AD_200_Second_Other_Name	Adoption Second Other Name Redirect 1	1647007968945	1647007969027	OK	 
GROUP	1	AD_200_Second_Other_Name	1647007968723	1647007969103	375	OK
REQUEST	1	AD_210_Second_Other_Name_Redirect	Adoption Second Other Name Redirect	1647007970112	1647007970865	OK	 
REQUEST	1	AD_210_Second_Other_Name_Redirect	Adoption Second Other Name Redirect Redirect 1	1647007970867	1647007971016	OK	 
GROUP	1	AD_210_Second_Other_Name_Redirect	1647007970112	1647007971187	1070	OK
REQUEST	1	AD_220_Second_DoB	Adoption Second DoB	1647007972183	1647007972528	OK	 
REQUEST	1	AD_220_Second_DoB	Adoption Second DoB Redirect 1	1647007972529	1647007972708	OK	 
GROUP	1	AD_220_Second_DoB	1647007972182	1647007972888	694	OK
REQUEST	1	AD_230_Second_Occupation	Adoption Second Occupation	1647007973882	1647007974300	OK	 
REQUEST	1	AD_230_Second_Occupation	Adoption Second Occupation Redirect 1	1647007974301	1647007974523	OK	 
GROUP	1	AD_230_Second_Occupation	1647007973882	1647007974763	877	OK
REQUEST	1	AD_240_Second_Contact_Same	Adoption Second Contact Details Same-Address	1647007975773	1647007975868	OK	 
GROUP	1	AD_240_Second_Contact_Same	1647007975772	1647007975922	146	OK
REQUEST	1	AD_250_Second_Contact_Same_POST	Adoption Second Contact Details Same-Address POST	1647007976923	1647007977199	OK	 
REQUEST	1	AD_250_Second_Contact_Same_POST	Adoption Second Contact Details Same-Address POST Redirect 1	1647007977200	1647007977307	OK	 
GROUP	1	AD_250_Second_Contact_Same_POST	1647007976923	1647007977360	433	OK
REQUEST	1	AD_260_Second_Contact_Manual_Redirect	Adoption Second Contact Details manual redirect	1647007978353	1647007978435	OK	 
GROUP	1	AD_260_Second_Contact_Manual_Redirect	1647007978353	1647007978508	152	OK
REQUEST	1	AD_270_Second_Contact_Manual_POST	Adoption Second Contact Details manual POST	1647007979513	1647007979863	OK	 
REQUEST	1	AD_270_Second_Contact_Manual_POST	Adoption Second Contact Details manual POST Redirect 1	1647007979864	1647007979950	OK	 
GROUP	1	AD_270_Second_Contact_Manual_POST	1647007979512	1647007980057	540	OK
REQUEST	1	AD_280_Second_Contact_POST	Adoption Second Contact Details POST	1647007981054	1647007981438	OK	 
REQUEST	1	AD_280_Second_Contact_POST	Adoption Second Contact Details POST Redirect 1	1647007981439	1647007981529	OK	 
GROUP	1	AD_280_Second_Contact_POST	1647007981053	1647007981598	540	OK
REQUEST	1	AD_290_Birth_Certificate	Adoption Birth Certificate Details	1647007982603	1647007982729	OK	 
GROUP	1	AD_290_Birth_Certificate	1647007982602	1647007982788	183	OK
REQUEST	1	AD_300_Birth_Name	Adoption Birth Certificate Name	1647007983783	1647007984400	OK	 
REQUEST	1	AD_300_Birth_Name	Adoption Birth Certificate Name Redirect 1	1647007984401	1647007984488	OK	 
GROUP	1	AD_300_Birth_Name	1647007983782	1647007984631	844	OK
REQUEST	1	AD_320_Birth_DoB	Adoption Birth Certificate DoB	1647007985642	1647007986381	OK	 
REQUEST	1	AD_320_Birth_DoB	Adoption Birth Certificate DoB Redirect 1	1647007986383	1647007986739	OK	 
GROUP	1	AD_320_Birth_DoB	1647007985641	1647007986920	1273	OK
REQUEST	1	AD_330_Birth_Sex	Adoption Birth Certificate Sex	1647007987914	1647007988365	OK	 
REQUEST	1	AD_330_Birth_Sex	Adoption Birth Certificate Sex Redirect 1	1647007988366	1647007988495	OK	 
GROUP	1	AD_330_Birth_Sex	1647007987913	1647007988589	672	OK
REQUEST	1	AD_340_Birth_Nationality_Add	Adoption Birth Certificate Nationality Add	1647007989581	1647007989793	OK	 
REQUEST	1	AD_340_Birth_Nationality_Add	Adoption Birth Certificate Nationality Add Redirect 1	1647007989794	1647007989904	OK	 
GROUP	1	AD_340_Birth_Nationality_Add	1647007989581	1647007989962	377	OK
REQUEST	1	AD_350_Birth_Nationality_POST	Adoption Birth Certificate Nationality POST	1647007990972	1647007991231	OK	 
REQUEST	1	AD_350_Birth_Nationality_POST	Adoption Birth Certificate Nationality POST Redirect 1	1647007991232	1647007991311	OK	 
GROUP	1	AD_350_Birth_Nationality_POST	1647007990972	1647007991400	424	OK
REQUEST	1	AD_360_Certificate_Details	Adoption Certificate Details	1647007992392	1647007992830	OK	 
GROUP	1	AD_360_Certificate_Details	1647007992391	1647007992977	583	OK
REQUEST	1	AD_370_Certificate_Name	Adoption Certificate Details Name	1647007993984	1647007994320	OK	 
REQUEST	1	AD_370_Certificate_Name	Adoption Certificate Details Name Redirect 1	1647007994321	1647007994405	OK	 
GROUP	1	AD_370_Certificate_Name	1647007993983	1647007994482	494	OK
REQUEST	1	AD_380_Placement_Order	Adoption Placement Order Details	1647007995484	1647007995704	OK	 
GROUP	1	AD_380_Placement_Order	1647007995483	1647007995755	268	OK
REQUEST	1	AD_390_Placement_Number	Adoption Placement Order Number	1647007996762	1647007997072	OK	 
REQUEST	1	AD_390_Placement_Number	Adoption Placement Order Number Redirect 1	1647007997074	1647007997371	OK	 
GROUP	1	AD_390_Placement_Number	1647007996762	1647007997484	717	OK
REQUEST	1	AD_400_Placement_Court	Adoption Placement Court	1647007998482	1647007998774	OK	 
REQUEST	1	AD_400_Placement_Court	Adoption Placement Court Redirect 1	1647007998775	1647007999067	OK	 
GROUP	1	AD_400_Placement_Court	1647007998481	1647007999245	759	OK
REQUEST	1	AD_410_Placement_Date	Adoption Placement Date	1647008000242	1647008000587	OK	 
REQUEST	1	AD_410_Placement_Date	Adoption Placement Date Redirect 1	1647008000588	1647008001173	OK	 
GROUP	1	AD_410_Placement_Date	1647008000241	1647008001259	1013	OK
REQUEST	1	AD_420_Placement_Summary	Adoption Placement Summary	1647008002262	1647008002887	OK	 
REQUEST	1	AD_420_Placement_Summary	Adoption Placement Summary Redirect 1	1647008002888	1647008003321	OK	 
REQUEST	1	AD_420_Placement_Summary	Adoption Placement Summary Redirect 2	1647008003322	1647008003706	OK	 
GROUP	1	AD_420_Placement_Summary	1647008002262	1647008003773	1506	OK
REQUEST	1	AD_430_Placement_Type_2	Adoption Placement Type 2	1647008004773	1647008004993	OK	 
REQUEST	1	AD_430_Placement_Type_2	Adoption Placement Type 2 Redirect 1	1647008004994	1647008005191	OK	 
GROUP	1	AD_430_Placement_Type_2	1647008004772	1647008005239	463	OK
REQUEST	1	AD_440_Placement_Number_2	Adoption Placement Order Number 2	1647008006234	1647008006641	OK	 
REQUEST	1	AD_440_Placement_Number_2	Adoption Placement Order Number 2 Redirect 1	1647008006642	1647008007054	OK	 
GROUP	1	AD_440_Placement_Number_2	1647008006233	1647008007138	900	OK
REQUEST	1	AD_450_Placement_Court_2	Adoption Placement Court 2	1647008008144	1647008008514	OK	 
REQUEST	1	AD_450_Placement_Court_2	Adoption Placement Court 2 Redirect 1	1647008008516	1647008008846	OK	 
GROUP	1	AD_450_Placement_Court_2	1647008008143	1647008008916	767	OK
REQUEST	1	AD_460_Placement_Date_2	Adoption Placement Date 2	1647008009914	1647008010254	OK	 
REQUEST	1	AD_460_Placement_Date_2	Adoption Placement Date 2 Redirect 1	1647008010254	1647008010822	OK	 
GROUP	1	AD_460_Placement_Date_2	1647008009913	1647008010998	1081	OK
REQUEST	1	AD_470_Placement_Summary_2	Adoption Placement Summary 2	1647008012002	1647008012802	OK	 
REQUEST	1	AD_470_Placement_Summary_2	Adoption Placement Summary 2 Redirect 1	1647008012803	1647008013275	OK	 
GROUP	1	AD_470_Placement_Summary_2	1647008012002	1647008013467	1462	OK
REQUEST	1	AD_480_Birth_Mother	Adoption Mother's Details	1647008014462	1647008014972	OK	 
GROUP	1	AD_480_Birth_Mother	1647008014462	1647008015523	1059	OK
REQUEST	1	AD_490_Mother_Name	Adoption Mother's Name	1647008016522	1647008016894	OK	 
REQUEST	1	AD_490_Mother_Name	Adoption Mother's Name Redirect 1	1647008016895	1647008017033	OK	 
GROUP	1	AD_490_Mother_Name	1647008016522	1647008017251	726	OK
REQUEST	1	AD_495_Mother_Alive_Redirect	Adoption Mother's Details	1647008018253	1647008018339	OK	 
GROUP	1	AD_495_Mother_Alive_Redirect	1647008018253	1647008018404	149	OK
REQUEST	1	AD_500_Mother_Alive	Adoption Mother Still Alive?	1647008019413	1647008019700	OK	 
REQUEST	1	AD_500_Mother_Alive	Adoption Mother Still Alive? Redirect 1	1647008019702	1647008019803	OK	 
GROUP	1	AD_500_Mother_Alive	1647008019412	1647008020063	646	OK
REQUEST	1	AD_510_Mother_Nationality_Add	Adoption Mother's Nationality Add	1647008021062	1647008021559	OK	 
REQUEST	1	AD_510_Mother_Nationality_Add	Adoption Mother's Nationality Add Redirect 1	1647008021561	1647008021801	OK	 
GROUP	1	AD_510_Mother_Nationality_Add	1647008021062	1647008021988	922	OK
REQUEST	1	AD_520_Mother_Nationality_POST	Adoption Mother's Nationality	1647008022982	1647008023182	OK	 
REQUEST	1	AD_520_Mother_Nationality_POST	Adoption Mother's Nationality Redirect 1	1647008023183	1647008023264	OK	 
GROUP	1	AD_520_Mother_Nationality_POST	1647008022982	1647008023311	326	OK
REQUEST	1	AD_530_Mother_Occupation	Adoption Mother's Occupation	1647008024323	1647008024561	OK	 
REQUEST	1	AD_530_Mother_Occupation	Adoption Mother's Occupation Redirect 1	1647008024562	1647008024653	OK	 
GROUP	1	AD_530_Mother_Occupation	1647008024323	1647008024795	468	OK
REQUEST	1	AD_535_Mother_Occupation_Redirect	Adoption Mother's Details Redirect	1647008025792	1647008026661	OK	 
GROUP	1	AD_535_Mother_Occupation_Redirect	1647008025792	1647008026730	935	OK
REQUEST	1	AD_540_Mother_Occupation	Adoption Mother's Address Known	1647008027724	1647008028021	OK	 
REQUEST	1	AD_540_Mother_Occupation	Adoption Mother's Address Known Redirect 1	1647008028022	1647008028368	OK	 
GROUP	1	AD_540_Mother_Occupation	1647008027723	1647008028898	1171	OK
REQUEST	1	AD_550_Mother_Address_Manual	Adoption Mother's Address Manual	1647008029903	1647008030030	OK	 
GROUP	1	AD_550_Mother_Address_Manual	1647008029902	1647008030108	203	OK
REQUEST	1	AD_560_Mother_Address_POST	Adoption Mother's Address	1647008031102	1647008031386	OK	 
REQUEST	1	AD_560_Mother_Address_POST	Adoption Mother's Address Redirect 1	1647008031387	1647008031561	OK	 
GROUP	1	AD_560_Mother_Address_POST	1647008031101	1647008031627	522	OK
REQUEST	1	AD_570_Father_Details	Adoption Father's Details	1647008032632	1647008032781	OK	 
GROUP	1	AD_570_Father_Details	1647008032631	1647008032908	273	OK
REQUEST	1	AD_580_Father_Details_POST	Adoption Father's Details On Certificate	1647008033913	1647008034410	OK	 
REQUEST	1	AD_580_Father_Details_POST	Adoption Father's Details On Certificate Redirect 1	1647008034411	1647008034608	OK	 
GROUP	1	AD_580_Father_Details_POST	1647008033913	1647008034692	776	OK
REQUEST	1	AD_590_Father_Name	Adoption Father's Name	1647008035682	1647008035863	OK	 
REQUEST	1	AD_590_Father_Name	Adoption Father's Name Redirect 1	1647008035865	1647008036361	OK	 
GROUP	1	AD_590_Father_Name	1647008035681	1647008036509	823	OK
REQUEST	1	AD_600_Father_Alive	Adoption Father Still alive?	1647008037511	1647008037737	OK	 
REQUEST	1	AD_600_Father_Alive	Adoption Father Still alive? Redirect 1	1647008037738	1647008037875	OK	 
GROUP	1	AD_600_Father_Alive	1647008037511	1647008037939	424	OK
REQUEST	1	AD_610_Father_Nationality_Add	Adoption Father add Nationality	1647008038943	1647008039158	OK	 
REQUEST	1	AD_610_Father_Nationality_Add	Adoption Father add Nationality Redirect 1	1647008039159	1647008039241	OK	 
GROUP	1	AD_610_Father_Nationality_Add	1647008038942	1647008039589	642	OK
REQUEST	1	AD_620_Father_Nationality_POST	Adoption Father's Nationality	1647008040592	1647008041407	OK	 
REQUEST	1	AD_620_Father_Nationality_POST	Adoption Father's Nationality Redirect 1	1647008041408	1647008041765	OK	 
GROUP	1	AD_620_Father_Nationality_POST	1647008040592	1647008042215	1619	OK
REQUEST	1	AD_630_Father_Occupation	Adoption Father's Occupation	1647008043212	1647008044636	OK	 
REQUEST	1	AD_630_Father_Occupation	Adoption Father's Occupation Redirect 1	1647008044637	1647008044718	OK	 
GROUP	1	AD_630_Father_Occupation	1647008043211	1647008044806	1590	OK
REQUEST	1	AD_640_Father_Address_Known	Adoption Father's Address Known?	1647008045812	1647008046213	OK	 
REQUEST	1	AD_640_Father_Address_Known	Adoption Father's Address Known? Redirect 1	1647008046214	1647008046374	OK	 
GROUP	1	AD_640_Father_Address_Known	1647008045812	1647008046442	626	OK
REQUEST	1	AD_641_Father_Address_Manual	Adoption Father's Address Manual	1647008047443	1647008047887	OK	 
GROUP	1	AD_641_Father_Address_Manual	1647008047443	1647008047944	498	OK
REQUEST	1	AD_642_Father_Address_POST	Adoption Father's Address	1647008048942	1647008049168	OK	 
REQUEST	1	AD_642_Father_Address_POST	Adoption Father's Address Redirect 1	1647008049169	1647008049344	OK	 
GROUP	1	AD_642_Father_Address_POST	1647008048941	1647008049523	578	OK
REQUEST	1	AD_650_Other_Parent_Exists	Adoption Other Parent	1647008050523	1647008050579	OK	 
GROUP	1	AD_650_Other_Parent_Exists	1647008050522	1647008050669	144	OK
REQUEST	1	AD_660_Other_Exists_POST	Adoption Other Parent Exists	1647008051661	1647008052086	OK	 
REQUEST	1	AD_660_Other_Exists_POST	Adoption Other Parent Exists Redirect 1	1647008052087	1647008052634	OK	 
GROUP	1	AD_660_Other_Exists_POST	1647008051661	1647008052686	1021	OK
REQUEST	1	AD_670_Other_Parent_Name	Adoption Other Parent Name	1647008053691	1647008054632	OK	 
REQUEST	1	AD_670_Other_Parent_Name	Adoption Other Parent Name Redirect 1	1647008054633	1647008055434	OK	 
GROUP	1	AD_670_Other_Parent_Name	1647008053691	1647008055615	1920	OK
REQUEST	1	AD_680_Other_Parent_Address_Known	Adoption Other Parent Address known?	1647008056624	1647008057144	OK	 
REQUEST	1	AD_680_Other_Parent_Address_Known	Adoption Other Parent Address known? Redirect 1	1647008057145	1647008057743	OK	 
GROUP	1	AD_680_Other_Parent_Address_Known	1647008056623	1647008057973	1346	OK
REQUEST	1	AD_690_Other_Parent_Address_Manual	Adoption Other Parent Address Manual	1647008058973	1647008059198	OK	 
GROUP	1	AD_690_Other_Parent_Address_Manual	1647008058972	1647008059321	346	OK
REQUEST	1	AD_700_Other_Parent_Address_POST	Adoption Other Parent Address Manual	1647008060313	1647008060566	OK	 
REQUEST	1	AD_700_Other_Parent_Address_POST	Adoption Other Parent Address Manual Redirect 1	1647008060567	1647008060708	OK	 
GROUP	1	AD_700_Other_Parent_Address_POST	1647008060313	1647008060758	442	OK
REQUEST	1	adoption_710_Agency	Adoption Agency	1647008061762	1647008062378	OK	 
REQUEST	1	adoption_710_Agency	Adoption Agency Redirect 1	1647008062379	1647008064038	OK	 
GROUP	1	adoption_710_Agency	1647008061761	1647008064866	3100	OK
REQUEST	1	AD_720_Agency_Details	Adoption Agency Details	1647008065871	1647008066179	OK	 
REQUEST	1	AD_720_Agency_Details	Adoption Agency Details Redirect 1	1647008066180	1647008066390	OK	 
GROUP	1	AD_720_Agency_Details	1647008065871	1647008066442	568	OK
REQUEST	1	AD_730_Other_Agency	Adoption Other Agency?	1647008067434	1647008067869	OK	 
REQUEST	1	AD_730_Other_Agency	Adoption Other Agency? Redirect 1	1647008067870	1647008068184	OK	 
REQUEST	1	AD_730_Other_Agency	Adoption Other Agency? Redirect 2	1647008068184	1647008068444	OK	 
GROUP	1	AD_730_Other_Agency	1647008067434	1647008068587	1150	OK
REQUEST	1	AD_740_Other_Agency_Details	Adoption Other Agency Details	1647008069592	1647008070170	OK	 
REQUEST	1	AD_740_Other_Agency_Details	Adoption Other Agency Details Redirect 1	1647008070170	1647008070526	OK	 
GROUP	1	AD_740_Other_Agency_Details	1647008069592	1647008070883	1289	OK
REQUEST	1	AD_750_Social_Worker_Details	Adoption Social Worker Details	1647008071882	1647008072171	OK	 
REQUEST	1	AD_750_Social_Worker_Details	Adoption Social Worker Details Redirect 1	1647008072172	1647008072563	OK	 
GROUP	1	AD_750_Social_Worker_Details	1647008071882	1647008072691	805	OK
REQUEST	1	AD_760_Sibling_Details	Adoption Sibling Details	1647008073683	1647008073741	OK	 
GROUP	1	AD_760_Sibling_Details	1647008073683	1647008073786	101	OK
REQUEST	1	AD_770_Sibling_Other	Adoption Any Sibling?	1647008074793	1647008075107	OK	 
REQUEST	1	AD_770_Sibling_Other	Adoption Any Sibling? Redirect 1	1647008075108	1647008075328	OK	 
GROUP	1	AD_770_Sibling_Other	1647008074793	1647008075802	1006	OK
REQUEST	1	AD_780_Sibling_Order_Exists	Adoption Court Order Exists?	1647008076813	1647008077247	OK	 
REQUEST	1	AD_780_Sibling_Order_Exists	Adoption Court Order Exists? Redirect 1	1647008077247	1647008077507	OK	 
GROUP	1	AD_780_Sibling_Order_Exists	1647008076813	1647008077571	755	OK
REQUEST	1	AD_790_Sibling_Name	Adoption Sibling Name	1647008078563	1647008079086	OK	 
REQUEST	1	AD_790_Sibling_Name	Adoption Sibling Name Redirect 1	1647008079086	1647008079270	OK	 
REQUEST	1	AD_790_Sibling_Name	Adoption Sibling Name Redirect 2	1647008079271	1647008079503	OK	 
GROUP	1	AD_790_Sibling_Name	1647008078563	1647008079571	1004	OK
REQUEST	1	AD_800_Sibling_Type	Adoption Order Type?	1647008080563	1647008081085	OK	 
REQUEST	1	AD_800_Sibling_Type	Adoption Order Type? Redirect 1	1647008081086	1647008081878	OK	 
GROUP	1	AD_800_Sibling_Type	1647008080562	1647008081961	1395	OK
REQUEST	1	AD_810_Sibling_Number	Adoption Order Number	1647008082962	1647008083575	OK	 
REQUEST	1	AD_810_Sibling_Number	Adoption Order Number Redirect 1	1647008083575	1647008083755	OK	 
GROUP	1	AD_810_Sibling_Number	1647008082962	1647008083934	970	OK
REQUEST	1	AD_820_Sibling_New_Order	Adoption Add New Order?	1647008084942	1647008085257	OK	 
REQUEST	1	AD_820_Sibling_New_Order	Adoption Add New Order? Redirect 1	1647008085258	1647008085493	OK	 
GROUP	1	AD_820_Sibling_New_Order	1647008084941	1647008085548	601	OK
REQUEST	1	AD_830_Sibling_Select	Adoption Select Sibling	1647008086552	1647008087116	OK	 
REQUEST	1	AD_830_Sibling_Select	Adoption Select Sibling Redirect 1	1647008087117	1647008087556	OK	 
REQUEST	1	AD_830_Sibling_Select	Adoption Select Sibling Redirect 2	1647008087557	1647008087879	OK	 
GROUP	1	AD_830_Sibling_Select	1647008086552	1647008087937	1380	OK
REQUEST	1	AD_840_Sibling_Type_2	Adoption Order Type	1647008088932	1647008089157	OK	 
REQUEST	1	AD_840_Sibling_Type_2	Adoption Order Type Redirect 1	1647008089158	1647008090234	OK	 
GROUP	1	AD_840_Sibling_Type_2	1647008088931	1647008090568	1632	OK
REQUEST	1	AD_850_Sibling_Number_2t	Adoption Order Number	1647008091572	1647008091751	OK	 
REQUEST	1	AD_850_Sibling_Number_2t	Adoption Order Number Redirect 1	1647008091752	1647008091845	OK	 
GROUP	1	AD_850_Sibling_Number_2t	1647008091572	1647008091892	317	OK
REQUEST	1	AD_855_Sibling_Remove	Adoption Remove Placement Order	1647008092893	1647008093439	OK	 
REQUEST	1	AD_855_Sibling_Remove	Adoption Remove Placement Order Redirect 1	1647008093440	1647008093826	OK	 
GROUP	1	AD_855_Sibling_Remove	1647008092893	1647008093884	988	OK
REQUEST	1	AD_860_Sibling_Summary	Adoption Order Summary	1647008094882	1647008095331	OK	 
REQUEST	1	AD_860_Sibling_Summary	Adoption Order Summary Redirect 1	1647008095332	1647008095889	OK	 
GROUP	1	AD_860_Sibling_Summary	1647008094881	1647008095959	1074	OK
REQUEST	1	AD_861_Family_Court	Adoption Family Court Redirect	1647008096963	1647008097261	OK	 
GROUP	1	AD_861_Family_Court	1647008096963	1647008097423	458	OK
REQUEST	1	AD_862_Family_Court_POST	Adoption Family Court Redirect	1647008098423	1647008098785	OK	 
REQUEST	1	AD_862_Family_Court_POST	Adoption Family Court Redirect Redirect 1	1647008098786	1647008099828	OK	 
GROUP	1	AD_862_Family_Court_POST	1647008098423	1647008100036	1609	OK
REQUEST	1	AD_870_Upload_Document	Adoption Birth Certificate Details	1647008101033	1647008101126	OK	 
GROUP	1	AD_870_Upload_Document	1647008101033	1647008101178	142	OK
REQUEST	1	AD_880_Upload_Document	Adoption Certificate Upload	1647008102207	1647008105705	OK	 
GROUP	1	AD_880_Upload_Document	1647008102182	1647008105751	3498	OK
REQUEST	1	AD_885_Upload_Document_POST	Adoption Certificate Upload POST	1647008106702	1647008107058	OK	 
REQUEST	1	AD_885_Upload_Document_POST	Adoption Certificate Upload POST Redirect 1	1647008107059	1647008107254	OK	 
GROUP	1	AD_885_Upload_Document_POST	1647008106702	1647008107478	771	OK
REQUEST	1	AD_905_Equality_Redirect	Adoption Review Equality	1647008108482	1647008108761	OK	 
GROUP	1	AD_905_Equality_Redirect	1647008108481	1647008108819	330	OK
REQUEST	1	AD_910_Check_Your_Answers	Adoption Review Check Your Answers	1647008109813	1647008109924	OK	 
REQUEST	1	AD_910_Check_Your_Answers	Adoption Review Check Your Answers Redirect 1	1647008109925	1647008110122	OK	 
GROUP	1	AD_910_Check_Your_Answers	1647008109813	1647008110191	374	OK
REQUEST	1	AD_920_Statement	Adoption Review Statement of Truth	1647008111193	1647008111709	OK	 
REQUEST	1	AD_920_Statement	Adoption Review Statement of Truth Redirect 1	1647008111710	1647008112180	OK	 
GROUP	1	AD_920_Statement	1647008111192	1647008112331	1134	OK
REQUEST	1	AD_930_Pay_By_Card	Adoption Pay by Card	1647008113332	1647008115781	OK	 
REQUEST	1	AD_930_Pay_By_Card	Adoption Pay by Card Redirect 1	1647008115781	1647008115935	OK	 
REQUEST	1	AD_930_Pay_By_Card	Adoption Pay by Card Redirect 2	1647008115936	1647008116042	OK	 
GROUP	1	AD_930_Pay_By_Card	1647008113332	1647008116186	2845	OK
REQUEST	1	AD_940_Check_Card_Details	Adoption Pay by Card	1647008117191	1647008117240	OK	 
GROUP	1	AD_940_Check_Card_Details	1647008117191	1647008117242	49	OK
REQUEST	1	AD_950_Card_Details	Adoption Pay by Card	1647008118242	1647008118369	OK	 
REQUEST	1	AD_950_Card_Details	Adoption Pay by Card Redirect 1	1647008118371	1647008118426	OK	 
GROUP	1	AD_950_Card_Details	1647008118242	1647008118431	183	OK
REQUEST	1	AD_960_Application Submit	Adoption Application Submit	1647008119433	1647008119506	OK	 
REQUEST	1	AD_960_Application Submit	Adoption Application Submit Redirect 1	1647008119507	1647008119554	OK	 
REQUEST	1	AD_960_Application Submit	Adoption Application Submit Redirect 2	1647008119555	1647008122013	OK	 
REQUEST	1	AD_960_Application Submit	Adoption Application Submit Redirect 3	1647008122014	1647008122259	OK	 
GROUP	1	AD_960_Application Submit	1647008119432	1647008122406	2967	OK
USER	LAU Simulation	1	END	1647007932528	1647008123407
