RUN	simulations.mainSimulation	mainsimulation	1646750024574	 	3.3.1
USER	LAU Simulation	1	START	1646750025066	1646750025066
REQUEST	1	adoption_010_Homepage	Adoption Homepage	1646750025088	1646750025153	OK	 
REQUEST	1	adoption_010_Homepage	Adoption Homepage Redirect 1	1646750025176	1646750025207	OK	 
REQUEST	1	adoption_010_Homepage	Adoption Homepage Redirect 2	1646750025210	1646750025274	OK	 
GROUP	1	adoption_010_Homepage	1646750025073	1646750025530	336	OK
REQUEST	1	Adoption_020_Login	Adoption Login	1646750027554	1646750027774	OK	 
REQUEST	1	Adoption_020_Login	Adoption Login Redirect 1	1646750027779	1646750028188	OK	 
REQUEST	1	Adoption_020_Login	Adoption Login Redirect 2	1646750028189	1646750028904	OK	 
REQUEST	1	Adoption_020_Login	Adoption Login Redirect 3	1646750028906	1646750028943	OK	 
GROUP	1	Adoption_020_Login	1646750027549	1646750029045	1472	OK
REQUEST	1	Adoption_030_Apply_With	Adoption Applying With	1646750031048	1646750031119	OK	 
GROUP	1	Adoption_030_Apply_With	1646750031048	1646750031169	112	OK
REQUEST	1	Adoption_040_Adoption_Applying_Post	Adoption Applying Post	1646750033171	1646750033615	OK	 
REQUEST	1	Adoption_040_Adoption_Applying_Post	Adoption Applying Post Redirect 1	1646750033617	1646750033659	OK	 
GROUP	1	Adoption_040_Adoption_Applying_Post	1646750033169	1646750033707	528	OK
REQUEST	1	Adoption_050_Adoption_Applying_With_Redirect	Adoption Applying With Redirect	1646750035700	1646750035743	OK	 
GROUP	1	Adoption_050_Adoption_Applying_With_Redirect	1646750035699	1646750035787	81	OK
REQUEST	1	Adoption_140_Your_Contact_Details	Adoption Your Contact Details LookUp	1646750037790	1646750037830	KO	substring(What's your home address?).find.exists, found nothing
GROUP	1	Adoption_140_Your_Contact_Details	1646750037789	1646750037836	40	KO
USER	LAU Simulation	1	END	1646750025066	1646750037844
