RUN	simulations.mainSimulation	mainsimulation	1646912040673	 	3.3.1
USER	LAU Simulation	1	START	1646912041237	1646912041237
REQUEST	1	adoption_010_Homepage	Adoption Homepage	1646912041258	1646912041410	OK	 
REQUEST	1	adoption_010_Homepage	Adoption Homepage Redirect 1	1646912041437	1646912041467	OK	 
REQUEST	1	adoption_010_Homepage	Adoption Homepage Redirect 2	1646912041470	1646912041592	OK	 
GROUP	1	adoption_010_Homepage	1646912041244	1646912042454	1058	OK
REQUEST	1	Adoption_020_Login	Adoption Login	1646912043478	1646912043696	OK	 
REQUEST	1	Adoption_020_Login	Adoption Login Redirect 1	1646912043701	1646912044171	OK	 
REQUEST	1	Adoption_020_Login	Adoption Login Redirect 2	1646912044172	1646912047037	OK	 
REQUEST	1	Adoption_020_Login	Adoption Login Redirect 3	1646912047039	1646912048228	OK	 
GROUP	1	Adoption_020_Login	1646912043473	1646912049288	5793	OK
REQUEST	1	Adoption_030_Apply_With	Adoption Applying With	1646912050293	1646912050345	OK	 
GROUP	1	Adoption_030_Apply_With	1646912050292	1646912050494	194	OK
REQUEST	1	Adoption_040_Adoption_Applying_Post	Adoption Applying Post	1646912051493	1646912052054	OK	 
REQUEST	1	Adoption_040_Adoption_Applying_Post	Adoption Applying Post Redirect 1	1646912052056	1646912052357	OK	 
GROUP	1	Adoption_040_Adoption_Applying_Post	1646912051492	1646912052687	1184	OK
REQUEST	1	Adoption_050_Adoption_Applying_With_Redirect	Adoption Applying With Redirect	1646912053683	1646912053823	OK	 
GROUP	1	Adoption_050_Adoption_Applying_With_Redirect	1646912053682	1646912053905	216	OK
REQUEST	1	Adoption_060_Date_Of_Move	Adoption Date Child Moved in 	1646912054913	1646912055632	OK	 
GROUP	1	Adoption_060_Date_Of_Move	1646912054913	1646912055756	827	OK
REQUEST	1	Adoption_070_Date_Of_Move_POST	Adoption Date Child Moved in Post	1646912056751	1646912057789	OK	 
REQUEST	1	Adoption_070_Date_Of_Move_POST	Adoption Date Child Moved in Post Redirect 1	1646912057791	1646912057839	OK	 
REQUEST	1	Adoption_070_Date_Of_Move_POST,Adoption_050_Adoption_Applying_With_Redirect	Adoption Applying With Redirect	1646912058326	1646912058362	OK	 
GROUP	1	Adoption_070_Date_Of_Move_POST,Adoption_050_Adoption_Applying_With_Redirect	1646912058326	1646912058597	266	OK
GROUP	1	Adoption_070_Date_Of_Move_POST	1646912056751	1646912059600	1835	OK
REQUEST	1	Adoption_080_Your_Details	Adoption Your Personal Details 	1646912060601	1646912060756	OK	 
GROUP	1	Adoption_080_Your_Details	1646912060600	1646912060936	331	OK
REQUEST	1	Adoption_090_Your_Details_POST	Adoption Your Personal Details Post	1646912061932	1646912062398	OK	 
REQUEST	1	Adoption_090_Your_Details_POST	Adoption Your Personal Details Post Redirect 1	1646912062399	1646912062592	OK	 
GROUP	1	Adoption_090_Your_Details_POST	1646912061932	1646912062761	824	OK
REQUEST	1	Adoption_100_Your_Details_Other_Name	Adoption Your Personal Details Other Name	1646912063763	1646912064217	OK	 
REQUEST	1	Adoption_100_Your_Details_Other_Name	Adoption Your Personal Details Other Name Redirect 1	1646912064218	1646912064266	OK	 
GROUP	1	Adoption_100_Your_Details_Other_Name	1646912063762	1646912064499	732	OK
REQUEST	1	Adoption_110_Your_Details_DoB	Adoption Your Personal Details DoB	1646912065502	1646912065537	OK	 
GROUP	1	Adoption_110_Your_Details_DoB	1646912065502	1646912065632	127	OK
REQUEST	1	Adoption_120_Your_Details_DoB_POST	Adoption Your Personal Details DoB POST	1646912066644	1646912066854	OK	 
REQUEST	1	Adoption_120_Your_Details_DoB_POST	Adoption Your Personal Details DoB POST Redirect 1	1646912066855	1646912067430	OK	 
GROUP	1	Adoption_120_Your_Details_DoB_POST	1646912066643	1646912067513	864	OK
REQUEST	1	Adoption_130_Your_Details_Occupation	Adoption Your Personal Details Occupation	1646912068511	1646912068693	OK	 
REQUEST	1	Adoption_130_Your_Details_Occupation	Adoption Your Personal Details Occupation Redirect 1	1646912068694	1646912068840	OK	 
GROUP	1	Adoption_130_Your_Details_Occupation	1646912068510	1646912070078	1562	OK
REQUEST	1	Adoption_140_Your_Contact_Details	Adoption Your Contact Details LookUp	1646912071073	1646912071295	OK	 
GROUP	1	Adoption_140_Your_Contact_Details	1646912071072	1646912071566	490	OK
REQUEST	1	Adoption_150_Your_Contact_Details_Manual	Adoption Your Contact Details Manual	1646912072564	1646912072930	OK	 
GROUP	1	Adoption_150_Your_Contact_Details_Manual	1646912072563	1646912073230	663	OK
REQUEST	1	Adoption_160_Your_Contact_Details_Manual_POST	Adoption Your Contact Details Manual POST	1646912074232	1646912074519	OK	 
REQUEST	1	Adoption_160_Your_Contact_Details_Manual_POST	Adoption Your Contact Details Manual POST Redirect 1	1646912074520	1646912074606	OK	 
GROUP	1	Adoption_160_Your_Contact_Details_Manual_POST	1646912074232	1646912074736	499	OK
REQUEST	1	Adoption_170_Your_Contact_Details_POST	Adoption Your Contact Details POST	1646912075744	1646912075892	OK	 
REQUEST	1	Adoption_170_Your_Contact_Details_POST	Adoption Your Contact Details POST Redirect 1	1646912075894	1646912077728	OK	 
GROUP	1	Adoption_170_Your_Contact_Details_POST	1646912075743	1646912077911	2162	OK
REQUEST	1	Adoption_180_Second_Personal_Details	Adoption Second Personal Details	1646912078902	1646912079145	OK	 
GROUP	1	Adoption_180_Second_Personal_Details	1646912078901	1646912079238	332	OK
REQUEST	1	Adoption_190_Second_Personal_Details_POST	Adoption Second Personal Details POST	1646912080241	1646912081081	OK	 
REQUEST	1	Adoption_190_Second_Personal_Details_POST	Adoption Second Personal Details POST Redirect 1	1646912081082	1646912081130	OK	 
GROUP	1	Adoption_190_Second_Personal_Details_POST	1646912080241	1646912081493	1248	OK
REQUEST	1	Adoption_200_Second_Other_Name	Adoption Second Other Name	1646912082503	1646912082978	OK	 
REQUEST	1	Adoption_200_Second_Other_Name	Adoption Second Other Name Redirect 1	1646912082979	1646912083784	OK	 
GROUP	1	Adoption_200_Second_Other_Name	1646912082502	1646912084083	1575	OK
REQUEST	1	Adoption_210_Second_Other_Name_Redirect	Adoption Second Other Name Redirect	1646912085082	1646912085587	OK	 
REQUEST	1	Adoption_210_Second_Other_Name_Redirect	Adoption Second Other Name Redirect Redirect 1	1646912085588	1646912085765	OK	 
GROUP	1	Adoption_210_Second_Other_Name_Redirect	1646912085081	1646912085934	848	OK
REQUEST	1	Adoption_220_Second_DoB	Adoption Second DoB	1646912086931	1646912087140	OK	 
REQUEST	1	Adoption_220_Second_DoB	Adoption Second DoB Redirect 1	1646912087141	1646912087991	OK	 
GROUP	1	Adoption_220_Second_DoB	1646912086931	1646912088160	1224	OK
REQUEST	1	Adoption_230_Second_Occupation	Adoption Second Occupation	1646912089153	1646912089467	OK	 
REQUEST	1	Adoption_230_Second_Occupation	Adoption Second Occupation Redirect 1	1646912089468	1646912090171	OK	 
GROUP	1	Adoption_230_Second_Occupation	1646912089153	1646912090282	1124	OK
REQUEST	1	Adoption_240_Second_Contact_Details_Same_Address	Adoption Second Contact Details Same-Address	1646912091293	1646912091420	OK	 
GROUP	1	Adoption_240_Second_Contact_Details_Same_Address	1646912091293	1646912091491	195	OK
REQUEST	1	Adoption_250_Second_Contact_Details_Same_Address_POST	Adoption Second Contact Details Same-Address POST	1646912092492	1646912092919	OK	 
REQUEST	1	Adoption_250_Second_Contact_Details_Same_Address_POST	Adoption Second Contact Details Same-Address POST Redirect 1	1646912092920	1646912092959	OK	 
GROUP	1	Adoption_250_Second_Contact_Details_Same_Address_POST	1646912092492	1646912093684	1189	OK
REQUEST	1	Adoption_260_Second_Contact_Details_Manual_Redirect	Adoption Second Contact Details manual redirect	1646912094681	1646912094724	OK	 
GROUP	1	Adoption_260_Second_Contact_Details_Manual_Redirect	1646912094680	1646912095100	416	OK
REQUEST	1	Adoption_270_Second_Contact_Details_Manual_POST	Adoption Second Contact Details manual POST	1646912096092	1646912096417	OK	 
REQUEST	1	Adoption_270_Second_Contact_Details_Manual_POST	Adoption Second Contact Details manual POST Redirect 1	1646912096419	1646912097132	OK	 
GROUP	1	Adoption_270_Second_Contact_Details_Manual_POST	1646912096092	1646912097323	1226	OK
REQUEST	1	Adoption_280_Second_Contact_Details__POST	Adoption Second Contact Details POST	1646912098333	1646912098498	OK	 
REQUEST	1	Adoption_280_Second_Contact_Details__POST	Adoption Second Contact Details POST Redirect 1	1646912098499	1646912100033	OK	 
GROUP	1	Adoption_280_Second_Contact_Details__POST	1646912098332	1646912100085	1747	OK
REQUEST	1	adoption_290_Birth_Certificate	Adoption Birth Certificate Details	1646912101082	1646912101650	OK	 
GROUP	1	adoption_290_Birth_Certificate	1646912101081	1646912101794	709	OK
REQUEST	1	adoption_300_Birth_Certificate_Name	Adoption Birth Certificate Name	1646912102802	1646912103136	OK	 
REQUEST	1	adoption_300_Birth_Certificate_Name	Adoption Birth Certificate Name Redirect 1	1646912103137	1646912103295	OK	 
GROUP	1	adoption_300_Birth_Certificate_Name	1646912102802	1646912104307	1501	OK
REQUEST	1	adoption_320_Birth_Certificate_DoB	Adoption Birth Certificate DoB	1646912105301	1646912105477	OK	 
REQUEST	1	adoption_320_Birth_Certificate_DoB	Adoption Birth Certificate DoB Redirect 1	1646912105478	1646912105576	OK	 
GROUP	1	adoption_320_Birth_Certificate_DoB	1646912105301	1646912106463	1158	OK
REQUEST	1	adoption_330_Birth_Certificate_Sex	Adoption Birth Certificate Sex	1646912107463	1646912107783	OK	 
REQUEST	1	adoption_330_Birth_Certificate_Sex	Adoption Birth Certificate Sex Redirect 1	1646912107784	1646912107825	OK	 
GROUP	1	adoption_330_Birth_Certificate_Sex	1646912107463	1646912109619	2153	OK
REQUEST	1	adoption_340_Birth_Certificate_Nationality_Add	Adoption Birth Certificate Nationality Add	1646912110612	1646912111055	OK	 
REQUEST	1	adoption_340_Birth_Certificate_Nationality_Add	Adoption Birth Certificate Nationality Add Redirect 1	1646912111056	1646912115638	OK	 
GROUP	1	adoption_340_Birth_Certificate_Nationality_Add	1646912110611	1646912116040	5424	OK
REQUEST	1	adoption_350_Birth_Certificate_Nationality_POST	Adoption Birth Certificate Nationality POST	1646912117043	1646912117454	OK	 
REQUEST	1	adoption_350_Birth_Certificate_Nationality_POST	Adoption Birth Certificate Nationality POST Redirect 1	1646912117456	1646912117504	OK	 
GROUP	1	adoption_350_Birth_Certificate_Nationality_POST	1646912117043	1646912117602	554	OK
REQUEST	1	adoption_360_Certificate_Details	Adoption Certificate Details	1646912118613	1646912118674	OK	 
GROUP	1	adoption_360_Certificate_Details	1646912118613	1646912119171	555	OK
REQUEST	1	adoption_370_Certificate_Details_Name	Adoption Certificate Details Name	1646912120171	1646912120559	OK	 
REQUEST	1	adoption_370_Certificate_Details_Name	Adoption Certificate Details Name Redirect 1	1646912120560	1646912121505	OK	 
GROUP	1	adoption_370_Certificate_Details_Name	1646912120171	1646912122663	1486	OK
REQUEST	1	adoption_380_Placement_Order	Adoption Placement Order Details	1646912122663	1646912123067	OK	 
GROUP	1	adoption_380_Placement_Order	1646912122663	1646912125504	2837	OK
REQUEST	1	adoption_390_Certificate_Placement_Order_Number	Adoption Placement Order Number	1646912126503	1646912126908	OK	 
REQUEST	1	adoption_390_Certificate_Placement_Order_Number	Adoption Placement Order Number Redirect 1	1646912126910	1646912127169	OK	 
GROUP	1	adoption_390_Certificate_Placement_Order_Number	1646912126503	1646912130634	4127	OK
REQUEST	1	adoption_400_Certificate_Placement_Court	Adoption Placement Court	1646912131631	1646912131925	OK	 
REQUEST	1	adoption_400_Certificate_Placement_Court	Adoption Placement Court Redirect 1	1646912131927	1646912132379	OK	 
GROUP	1	adoption_400_Certificate_Placement_Court	1646912131630	1646912132865	1229	OK
REQUEST	1	adoption_410_Certificate_Placement_Date	Adoption Placement Date	1646912133862	1646912134074	OK	 
REQUEST	1	adoption_410_Certificate_Placement_Date	Adoption Placement Date Redirect 1	1646912134075	1646912134487	OK	 
GROUP	1	adoption_410_Certificate_Placement_Date	1646912133861	1646912136031	2165	OK
REQUEST	1	adoption_420_Certificate_Placement_Summary	Adoption Placement Summary	1646912137033	1646912137503	OK	 
REQUEST	1	adoption_420_Certificate_Placement_Summary	Adoption Placement Summary Redirect 1	1646912137504	1646912137744	OK	 
REQUEST	1	adoption_420_Certificate_Placement_Summary	Adoption Placement Summary Redirect 2	1646912137745	1646912137970	OK	 
GROUP	1	adoption_420_Certificate_Placement_Summary	1646912137032	1646912138157	1119	OK
REQUEST	1	adoption_430_Certificate_Placement_Type_2	Adoption Placement Type 2	1646912139161	1646912139429	OK	 
REQUEST	1	adoption_430_Certificate_Placement_Type_2	Adoption Placement Type 2 Redirect 1	1646912139430	1646912139638	OK	 
GROUP	1	adoption_430_Certificate_Placement_Type_2	1646912139161	1646912140571	1406	OK
REQUEST	1	adoption_440_Certificate_Placement_Order_Number_2	Adoption Placement Order Number 2	1646912141573	1646912141960	OK	 
REQUEST	1	adoption_440_Certificate_Placement_Order_Number_2	Adoption Placement Order Number 2 Redirect 1	1646912141961	1646912142150	OK	 
GROUP	1	adoption_440_Certificate_Placement_Order_Number_2	1646912141572	1646912143925	2347	OK
REQUEST	1	adoption_450_Certificate_Placement_Court_2	Adoption Placement Court 2	1646912144923	1646912145136	OK	 
REQUEST	1	adoption_450_Certificate_Placement_Court_2	Adoption Placement Court 2 Redirect 1	1646912145136	1646912145432	OK	 
GROUP	1	adoption_450_Certificate_Placement_Court_2	1646912144923	1646912145475	550	OK
REQUEST	1	adoption_460_Certificate_Placement_Date_2	Adoption Placement Date 2	1646912146473	1646912146654	OK	 
REQUEST	1	adoption_460_Certificate_Placement_Date_2	Adoption Placement Date 2 Redirect 1	1646912146655	1646912146861	OK	 
GROUP	1	adoption_460_Certificate_Placement_Date_2	1646912146473	1646912146929	452	OK
REQUEST	1	adoption_470_Certificate_Placement_Summary_2	Adoption Placement Summary 2	1646912147924	1646912148299	OK	 
REQUEST	1	adoption_470_Certificate_Placement_Summary_2	Adoption Placement Summary 2 Redirect 1	1646912148300	1646912148339	OK	 
GROUP	1	adoption_470_Certificate_Placement_Summary_2	1646912147923	1646912148419	492	OK
REQUEST	1	adoption_480_Birth_Mother	Adoption Mother's Details	1646912149424	1646912149839	OK	 
GROUP	1	adoption_480_Birth_Mother	1646912149423	1646912150072	646	OK
REQUEST	1	adoption_490_Birth_Mother_Name	Adoption Mother's Name	1646912151084	1646912151506	OK	 
REQUEST	1	adoption_490_Birth_Mother_Name	Adoption Mother's Name Redirect 1	1646912151508	1646912151686	OK	 
GROUP	1	adoption_490_Birth_Mother_Name	1646912151083	1646912151866	778	OK
REQUEST	1	adoption_495_Birth_Mother	Adoption Mother's Details	1646912152861	1646912153094	OK	 
GROUP	1	adoption_495_Birth_Mother	1646912152860	1646912154923	2058	OK
REQUEST	1	adoption_500_Birth_Mother_Alive	Adoption Mother Still Alive?	1646912155912	1646912156185	OK	 
REQUEST	1	adoption_500_Birth_Mother_Alive	Adoption Mother Still Alive? Redirect 1	1646912156186	1646912156271	OK	 
GROUP	1	adoption_500_Birth_Mother_Alive	1646912155912	1646912156839	924	OK
REQUEST	1	adoption_510_Birth_Mother_Nationality_Add	Adoption Mother's Nationality Add	1646912157844	1646912158139	OK	 
REQUEST	1	adoption_510_Birth_Mother_Nationality_Add	Adoption Mother's Nationality Add Redirect 1	1646912158140	1646912158238	OK	 
GROUP	1	adoption_510_Birth_Mother_Nationality_Add	1646912157843	1646912158522	674	OK
REQUEST	1	adoption_520_Birth_Mother_Nationality_POSt	Adoption Mother's Nationality	1646912159532	1646912159780	OK	 
REQUEST	1	adoption_520_Birth_Mother_Nationality_POSt	Adoption Mother's Nationality Redirect 1	1646912159781	1646912159861	OK	 
GROUP	1	adoption_520_Birth_Mother_Nationality_POSt	1646912159531	1646912161283	1747	OK
REQUEST	1	adoption_530_Birth_Mother_Occupation	Adoption Mother's Occupation	1646912162282	1646912162565	OK	 
REQUEST	1	adoption_530_Birth_Mother_Occupation	Adoption Mother's Occupation Redirect 1	1646912162567	1646912162665	OK	 
GROUP	1	adoption_530_Birth_Mother_Occupation	1646912162281	1646912163519	1233	OK
REQUEST	1	adoption_535_Birth_Mother_Occupation_Redirect	Adoption Mother's Details Redirect	1646912164513	1646912164697	OK	 
GROUP	1	adoption_535_Birth_Mother_Occupation_Redirect	1646912164512	1646912165673	1157	OK
REQUEST	1	adoption_540_Birth_Mother_Occupation	Adoption Mother's Address Known	1646912166682	1646912166874	OK	 
REQUEST	1	adoption_540_Birth_Mother_Occupation	Adoption Mother's Address Known Redirect 1	1646912166875	1646912167067	OK	 
GROUP	1	adoption_540_Birth_Mother_Occupation	1646912166681	1646912167466	780	OK
REQUEST	1	adoption_550_Birth_Mother_Address_Manual	Adoption Mother's Address Manual	1646912168463	1646912168980	OK	 
GROUP	1	adoption_550_Birth_Mother_Address_Manual	1646912168462	1646912169208	742	OK
REQUEST	1	adoption_560_Birth_Mother_Address_POST	Adoption Mother's Address	1646912170213	1646912170417	OK	 
REQUEST	1	adoption_560_Birth_Mother_Address_POST	Adoption Mother's Address Redirect 1	1646912170418	1646912170480	OK	 
GROUP	1	adoption_560_Birth_Mother_Address_POST	1646912170213	1646912172199	1982	OK
REQUEST	1	adoption_570_Birth_Father_Details	Adoption Father's Details	1646912173193	1646912173243	OK	 
GROUP	1	adoption_570_Birth_Father_Details	1646912173193	1646912173393	198	OK
REQUEST	1	adoption_580_Birth_Father_Details_POST	Adoption Father's Details On Certificate	1646912174401	1646912174626	OK	 
REQUEST	1	adoption_580_Birth_Father_Details_POST	Adoption Father's Details On Certificate Redirect 1	1646912174628	1646912174856	OK	 
GROUP	1	adoption_580_Birth_Father_Details_POST	1646912174401	1646912175585	1179	OK
REQUEST	1	adoption_590_Birth_Father_Name	Adoption Father's Name	1646912176581	1646912177385	OK	 
REQUEST	1	adoption_590_Birth_Father_Name	Adoption Father's Name Redirect 1	1646912177385	1646912177525	OK	 
GROUP	1	adoption_590_Birth_Father_Name	1646912176581	1646912177695	1112	OK
REQUEST	1	adoption_600_Birth_Father_Alive	Adoption Father Still alive?	1646912178692	1646912179286	OK	 
REQUEST	1	adoption_600_Birth_Father_Alive	Adoption Father Still alive? Redirect 1	1646912179287	1646912179336	OK	 
GROUP	1	adoption_600_Birth_Father_Alive	1646912178692	1646912179426	731	OK
REQUEST	1	adoption_610_Birth_Father_Nationality_Add	Adoption Father add Nationality	1646912180433	1646912180611	OK	 
REQUEST	1	adoption_610_Birth_Father_Nationality_Add	Adoption Father add Nationality Redirect 1	1646912180612	1646912180738	OK	 
GROUP	1	adoption_610_Birth_Father_Nationality_Add	1646912180432	1646912181239	803	OK
REQUEST	1	adoption_620_Birth_Father_Nationality_POST	Adoption Father's Nationality	1646912182231	1646912182800	OK	 
REQUEST	1	adoption_620_Birth_Father_Nationality_POST	Adoption Father's Nationality Redirect 1	1646912182801	1646912182907	OK	 
GROUP	1	adoption_620_Birth_Father_Nationality_POST	1646912182231	1646912182978	744	OK
REQUEST	1	adoption_630_Birth_Father_Occupation	Adoption Father's Occupation	1646912183983	1646912184538	OK	 
REQUEST	1	adoption_630_Birth_Father_Occupation	Adoption Father's Occupation Redirect 1	1646912184539	1646912184583	OK	 
GROUP	1	adoption_630_Birth_Father_Occupation	1646912183983	1646912186508	2521	OK
REQUEST	1	adoption_640_Birth_Father_Occupation_Address_Known	Adoption Father's Address Known?	1646912187502	1646912187711	OK	 
REQUEST	1	adoption_640_Birth_Father_Occupation_Address_Known	Adoption Father's Address Known? Redirect 1	1646912187712	1646912187902	OK	 
GROUP	1	adoption_640_Birth_Father_Occupation_Address_Known	1646912187501	1646912189094	1589	OK
REQUEST	1	adoption_640_Birth_Father_Occupation_Address_Manual	Adoption Father's Address Manual	1646912190104	1646912190519	OK	 
GROUP	1	adoption_640_Birth_Father_Occupation_Address_Manual	1646912190103	1646912194204	4097	OK
REQUEST	1	adoption_640_Birth_Father_Occupation_Address_POST	Adoption Father's Address	1646912195203	1646912195614	OK	 
REQUEST	1	adoption_640_Birth_Father_Occupation_Address_POST	Adoption Father's Address Redirect 1	1646912195615	1646912195659	OK	 
GROUP	1	adoption_640_Birth_Father_Occupation_Address_POST	1646912195202	1646912196749	1543	OK
REQUEST	1	adoption_650_Other_Parent_Exists	Adoption Other Parent	1646912197741	1646912197786	OK	 
GROUP	1	adoption_650_Other_Parent_Exists	1646912197741	1646912198667	923	OK
REQUEST	1	adoption_660_Other_Parent_Exists_POST	Adoption Other Parent Exists	1646912199673	1646912199896	OK	 
REQUEST	1	adoption_660_Other_Parent_Exists_POST	Adoption Other Parent Exists Redirect 1	1646912199897	1646912200045	OK	 
GROUP	1	adoption_660_Other_Parent_Exists_POST	1646912199673	1646912200712	1035	OK
REQUEST	1	adoption_670_Other_Parent_Name	Adoption Other Parent Name	1646912201713	1646912202058	OK	 
REQUEST	1	adoption_670_Other_Parent_Name	Adoption Other Parent Name Redirect 1	1646912202059	1646912202196	OK	 
GROUP	1	adoption_670_Other_Parent_Name	1646912201712	1646912203174	1457	OK
REQUEST	1	adoption_680_Other_Parent_Address_Known?	Adoption Other Parent Address known?	1646912204181	1646912204526	OK	 
REQUEST	1	adoption_680_Other_Parent_Address_Known?	Adoption Other Parent Address known? Redirect 1	1646912204527	1646912204801	OK	 
GROUP	1	adoption_680_Other_Parent_Address_Known?	1646912204181	1646912204894	709	OK
REQUEST	1	adoption_690_Other_Parent_Address_Manual	Adoption Other Parent Address Manual	1646912205893	1646912208560	OK	 
GROUP	1	adoption_690_Other_Parent_Address_Manual	1646912205892	1646912209142	3245	OK
REQUEST	1	adoption_700_Other_Parent_Address_POST	Adoption Other Parent Address Manual	1646912210132	1646912210680	OK	 
REQUEST	1	adoption_700_Other_Parent_Address_POST	Adoption Other Parent Address Manual Redirect 1	1646912210681	1646912210721	OK	 
GROUP	1	adoption_700_Other_Parent_Address_POST	1646912210131	1646912210782	647	OK
REQUEST	1	adoption_710_Agency	Adoption Agency	1646912211793	1646912212308	OK	 
REQUEST	1	adoption_710_Agency	Adoption Agency Redirect 1	1646912212310	1646912212786	OK	 
GROUP	1	adoption_710_Agency	1646912211793	1646912212853	1056	OK
REQUEST	1	adoption_720_Agency_Details	Adoption Agency Details	1646912213851	1646912214297	OK	 
REQUEST	1	adoption_720_Agency_Details	Adoption Agency Details Redirect 1	1646912214298	1646912214606	OK	 
GROUP	1	adoption_720_Agency_Details	1646912213851	1646912217087	3232	OK
REQUEST	1	adoption_730_Other_Agency	Adoption Other Agency?	1646912218081	1646912218278	OK	 
REQUEST	1	adoption_730_Other_Agency	Adoption Other Agency? Redirect 1	1646912218280	1646912218964	OK	 
REQUEST	1	adoption_730_Other_Agency	Adoption Other Agency? Redirect 2	1646912218965	1646912219421	OK	 
GROUP	1	adoption_730_Other_Agency	1646912218081	1646912219471	1385	OK
REQUEST	1	adoption_740_Other_Agency_Details	Adoption Other Agency Details	1646912220473	1646912220873	OK	 
REQUEST	1	adoption_740_Other_Agency_Details	Adoption Other Agency Details Redirect 1	1646912220874	1646912220920	OK	 
GROUP	1	adoption_740_Other_Agency_Details	1646912220472	1646912224011	3535	OK
REQUEST	1	adoption_750_Social_Worker_Details	Adoption Social Worker Details	1646912225011	1646912225415	OK	 
REQUEST	1	adoption_750_Social_Worker_Details	Adoption Social Worker Details Redirect 1	1646912225416	1646912226120	OK	 
GROUP	1	adoption_750_Social_Worker_Details	1646912225010	1646912226227	1212	OK
REQUEST	1	adoption_760_Sibling_Details	Adoption Sibling Details	1646912227232	1646912227575	OK	 
GROUP	1	adoption_760_Sibling_Details	1646912227232	1646912227876	641	OK
REQUEST	1	adoption_770_Sibling_Other?	Adoption Any Sibling?	1646912228872	1646912229714	OK	 
REQUEST	1	adoption_770_Sibling_Other?	Adoption Any Sibling? Redirect 1	1646912229715	1646912230043	OK	 
GROUP	1	adoption_770_Sibling_Other?	1646912228872	1646912231234	2359	OK
REQUEST	1	adoption_780_Sibling_Court_Order_Exists?	Adoption Court Order Exists?	1646912232242	1646912232890	OK	 
REQUEST	1	adoption_780_Sibling_Court_Order_Exists?	Adoption Court Order Exists? Redirect 1	1646912232891	1646912233227	OK	 
GROUP	1	adoption_780_Sibling_Court_Order_Exists?	1646912232242	1646912263412	31168	OK
REQUEST	1	adoption_790_Sibling_Name?	Adoption Sibling Name	1646912264414	1646912264737	OK	 
REQUEST	1	adoption_790_Sibling_Name?	Adoption Sibling Name Redirect 1	1646912264739	1646912265575	OK	 
REQUEST	1	adoption_790_Sibling_Name?	Adoption Sibling Name Redirect 2	1646912265576	1646912266116	OK	 
GROUP	1	adoption_790_Sibling_Name?	1646912264413	1646912266335	1917	OK
REQUEST	1	adoption_800_Sibling_Order_Type	Adoption Order Type?	1646912267333	1646912267892	OK	 
REQUEST	1	adoption_800_Sibling_Order_Type	Adoption Order Type? Redirect 1	1646912267893	1646912269489	OK	 
GROUP	1	adoption_800_Sibling_Order_Type	1646912267332	1646912270207	2871	OK
REQUEST	1	adoption_810_Sibling_Order_Number	Adoption Order Number	1646912271201	1646912271596	OK	 
REQUEST	1	adoption_810_Sibling_Order_Number	Adoption Order Number Redirect 1	1646912271597	1646912271726	OK	 
GROUP	1	adoption_810_Sibling_Order_Number	1646912271201	1646912271939	735	OK
REQUEST	1	adoption_820_Sibling_New_Order?	Adoption Add New Order?	1646912272942	1646912273133	OK	 
REQUEST	1	adoption_820_Sibling_New_Order?	Adoption Add New Order? Redirect 1	1646912273134	1646912273225	OK	 
GROUP	1	adoption_820_Sibling_New_Order?	1646912272942	1646912273593	647	OK
REQUEST	1	adoption_830_Sibling_Select	Adoption Select Sibling	1646912274602	1646912274957	OK	 
REQUEST	1	adoption_830_Sibling_Select	Adoption Select Sibling Redirect 1	1646912274958	1646912275160	OK	 
REQUEST	1	adoption_830_Sibling_Select	Adoption Select Sibling Redirect 2	1646912275161	1646912275359	OK	 
GROUP	1	adoption_830_Sibling_Select	1646912274601	1646912275857	1250	OK
REQUEST	1	adoption_840_Sibling_Select	Adoption Order Type	1646912276851	1646912277014	OK	 
REQUEST	1	adoption_840_Sibling_Select	Adoption Order Type Redirect 1	1646912277014	1646912277537	OK	 
GROUP	1	adoption_840_Sibling_Select	1646912276851	1646912277603	750	OK
REQUEST	1	adoption_850_Sibling_Select	Adoption Order Number	1646912278603	1646912278970	OK	 
REQUEST	1	adoption_850_Sibling_Select	Adoption Order Number Redirect 1	1646912278971	1646912279065	OK	 
GROUP	1	adoption_850_Sibling_Select	1646912278603	1646912283465	4859	OK
REQUEST	1	adoption_855_Sibling_Select	Adoption Order Number	1646912284463	1646912284686	OK	 
REQUEST	1	adoption_855_Sibling_Select	Adoption Order Number Redirect 1	1646912284687	1646912284777	OK	 
GROUP	1	adoption_855_Sibling_Select	1646912284463	1646912284826	360	OK
REQUEST	1	adoption_860_Sibling_Select	Adoption Order Number	1646912284827	1646912285003	OK	 
REQUEST	1	adoption_860_Sibling_Select	Adoption Order Number Redirect 1	1646912285004	1646912285254	OK	 
GROUP	1	adoption_860_Sibling_Select	1646912284826	1646912286425	1594	OK
REQUEST	1	adoption_861_Family_Court	Adoption Family Court Redirect	1646912287432	1646912287785	OK	 
GROUP	1	adoption_861_Family_Court	1646912287432	1646912288110	676	OK
REQUEST	1	adoption_862_Family_Court_POST	Adoption Family Court Redirect	1646912288110	1646912288697	OK	 
REQUEST	1	adoption_862_Family_Court_POST	Adoption Family Court Redirect Redirect 1	1646912288698	1646912288768	OK	 
GROUP	1	adoption_862_Family_Court_POST	1646912288110	1646912290641	2528	OK
REQUEST	1	adoption_870_Upload_Document	Adoption Birth Certificate Details	1646912290641	1646912290704	OK	 
GROUP	1	adoption_870_Upload_Document	1646912290641	1646912291691	1047	OK
REQUEST	1	adoption_885_Upload_Document_POST	Adoption Certificate Upload POST	1646912292683	1646912293061	OK	 
REQUEST	1	adoption_885_Upload_Document_POST	Adoption Certificate Upload POST Redirect 1	1646912293062	1646912293272	OK	 
GROUP	1	adoption_885_Upload_Document_POST	1646912292683	1646912294738	2052	OK
USER	LAU Simulation	1	END	1646912041237	1646912295743
