RUN	simulations.mainSimulation	mainsimulation	1646755987021	 	3.3.1
USER	LAU Simulation	1	START	1646755987626	1646755987626
REQUEST	1	adoption_010_Homepage	Adoption Homepage	1646755987654	1646755988189	OK	 
REQUEST	1	adoption_010_Homepage	Adoption Homepage Redirect 1	1646755988216	1646755988249	OK	 
REQUEST	1	adoption_010_Homepage	Adoption Homepage Redirect 2	1646755988251	1646755988802	OK	 
GROUP	1	adoption_010_Homepage	1646755987635	1646755989241	1462	OK
REQUEST	1	Adoption_020_Login	Adoption Login	1646755991263	1646755991533	OK	 
REQUEST	1	Adoption_020_Login	Adoption Login Redirect 1	1646755991537	1646755991940	OK	 
REQUEST	1	Adoption_020_Login	Adoption Login Redirect 2	1646755991942	1646755992451	OK	 
REQUEST	1	Adoption_020_Login	Adoption Login Redirect 3	1646755992453	1646755992782	OK	 
GROUP	1	Adoption_020_Login	1646755991258	1646755993161	1879	OK
REQUEST	1	Adoption_030_Apply_With	Adoption Applying With	1646755995168	1646755995209	OK	 
GROUP	1	Adoption_030_Apply_With	1646755995167	1646755995266	86	OK
REQUEST	1	Adoption_040_Adoption_Applying_Post	Adoption Applying Post	1646755997267	1646755997776	OK	 
REQUEST	1	Adoption_040_Adoption_Applying_Post	Adoption Applying Post Redirect 1	1646755997779	1646755997816	OK	 
GROUP	1	Adoption_040_Adoption_Applying_Post	1646755997265	1646755998165	890	OK
REQUEST	1	Adoption_050_Adoption_Applying_With_Redirect	Adoption Applying With Redirect	1646756000156	1646756000203	OK	 
GROUP	1	Adoption_050_Adoption_Applying_With_Redirect	1646756000156	1646756000558	397	OK
REQUEST	1	adoption_480_Birth_Mother	Adoption Mother's Details	1646756002568	1646756002725	OK	 
GROUP	1	adoption_480_Birth_Mother	1646756002568	1646756002903	330	OK
REQUEST	1	adoption_490_Birth_Mother_Name	Adoption Mother's Name	1646756004898	1646756005558	OK	 
REQUEST	1	adoption_490_Birth_Mother_Name	Adoption Mother's Name Redirect 1	1646756005559	1646756005598	OK	 
GROUP	1	adoption_490_Birth_Mother_Name	1646756004897	1646756006873	1970	OK
REQUEST	1	adoption_495_Birth_Mother	Adoption Mother's Details	1646756008878	1646756008914	KO	substring(Is the child's birth mother still alive?).find.exists, found nothing
GROUP	1	adoption_495_Birth_Mother	1646756008877	1646756008924	36	KO
USER	LAU Simulation	1	END	1646755987626	1646756008931
