RUN	simulations.mainSimulation	mainsimulation	1646751189272	 	3.3.1
USER	LAU Simulation	1	START	1646751189789	1646751189789
REQUEST	1	adoption_010_Homepage	Adoption Homepage	1646751189810	1646751189930	OK	 
REQUEST	1	adoption_010_Homepage	Adoption Homepage Redirect 1	1646751189955	1646751189983	OK	 
REQUEST	1	adoption_010_Homepage	Adoption Homepage Redirect 2	1646751189985	1646751190054	OK	 
GROUP	1	adoption_010_Homepage	1646751189795	1646751190305	373	OK
REQUEST	1	Adoption_020_Login	Adoption Login	1646751192329	1646751192661	OK	 
REQUEST	1	Adoption_020_Login	Adoption Login Redirect 1	1646751192666	1646751193015	OK	 
REQUEST	1	Adoption_020_Login	Adoption Login Redirect 2	1646751193017	1646751193425	OK	 
REQUEST	1	Adoption_020_Login	Adoption Login Redirect 3	1646751193427	1646751193466	OK	 
GROUP	1	Adoption_020_Login	1646751192324	1646751193572	1224	OK
REQUEST	1	Adoption_030_Apply_With	Adoption Applying With	1646751195584	1646751195632	OK	 
GROUP	1	Adoption_030_Apply_With	1646751195583	1646751195681	89	OK
REQUEST	1	Adoption_040_Adoption_Applying_Post	Adoption Applying Post	1646751197685	1646751198119	OK	 
REQUEST	1	Adoption_040_Adoption_Applying_Post	Adoption Applying Post Redirect 1	1646751198121	1646751198167	OK	 
GROUP	1	Adoption_040_Adoption_Applying_Post	1646751197683	1646751198217	526	OK
REQUEST	1	Adoption_050_Adoption_Applying_With_Redirect	Adoption Applying With Redirect	1646751200203	1646751200248	OK	 
GROUP	1	Adoption_050_Adoption_Applying_With_Redirect	1646751200202	1646751200297	89	OK
REQUEST	1	adoption_290_Birth_Certificate	Adoption Birth Certificate Details	1646751202303	1646751202345	OK	 
GROUP	1	adoption_290_Birth_Certificate	1646751202302	1646751202391	83	OK
REQUEST	1	adoption_300_Birth_Certificate_Name	Adoption Birth Certificate Name	1646751204384	1646751205050	OK	 
REQUEST	1	adoption_300_Birth_Certificate_Name	Adoption Birth Certificate Name Redirect 1	1646751205051	1646751205097	OK	 
GROUP	1	adoption_300_Birth_Certificate_Name	1646751204383	1646751205140	750	OK
REQUEST	1	adoption_320_Birth_Certificate_DoB	Adoption Birth Certificate DoB	1646751207144	1646751207178	OK	 
REQUEST	1	adoption_320_Birth_Certificate_DoB	Adoption Birth Certificate DoB Redirect 1	1646751207180	1646751207225	KO	substring(What was the child's sex at birth?).find.exists, found nothing
GROUP	1	adoption_320_Birth_Certificate_DoB	1646751207143	1646751207230	79	KO
USER	LAU Simulation	1	END	1646751189789	1646751207238
