RUN	simulations.mainSimulation	mainsimulation	1646821256561	 	3.3.1
USER	LAU Simulation	1	START	1646821257150	1646821257150
REQUEST	1	adoption_010_Homepage	Adoption Homepage	1646821257173	1646821257268	OK	 
REQUEST	1	adoption_010_Homepage	Adoption Homepage Redirect 1	1646821257289	1646821257319	OK	 
REQUEST	1	adoption_010_Homepage	Adoption Homepage Redirect 2	1646821257321	1646821257381	OK	 
GROUP	1	adoption_010_Homepage	1646821257157	1646821257605	322	OK
REQUEST	1	Adoption_020_Login	Adoption Login	1646821259626	1646821259827	OK	 
REQUEST	1	Adoption_020_Login	Adoption Login Redirect 1	1646821259831	1646821260304	OK	 
REQUEST	1	Adoption_020_Login	Adoption Login Redirect 2	1646821260305	1646821260620	OK	 
REQUEST	1	Adoption_020_Login	Adoption Login Redirect 3	1646821260621	1646821260665	OK	 
GROUP	1	Adoption_020_Login	1646821259621	1646821260781	1137	OK
REQUEST	1	Adoption_030_Apply_With	Adoption Applying With	1646821262789	1646821262841	OK	 
GROUP	1	Adoption_030_Apply_With	1646821262789	1646821262889	93	OK
REQUEST	1	Adoption_040_Adoption_Applying_Post	Adoption Applying Post	1646821264881	1646821265526	OK	 
REQUEST	1	Adoption_040_Adoption_Applying_Post	Adoption Applying Post Redirect 1	1646821265528	1646821265580	OK	 
GROUP	1	Adoption_040_Adoption_Applying_Post	1646821264879	1646821265629	739	OK
REQUEST	1	Adoption_050_Adoption_Applying_With_Redirect	Adoption Applying With Redirect	1646821267642	1646821267691	OK	 
GROUP	1	Adoption_050_Adoption_Applying_With_Redirect	1646821267641	1646821267741	94	OK
REQUEST	1	adoption_570_Birth_Father_Details	Adoption Father's Details	1646821269741	1646821269807	OK	 
GROUP	1	adoption_570_Birth_Father_Details	1646821269740	1646821269854	108	OK
REQUEST	1	adoption_580_Birth_Father_Details_POST	Adoption Father's Details On Certificate	1646821271851	1646821272193	OK	 
REQUEST	1	adoption_580_Birth_Father_Details_POST	Adoption Father's Details On Certificate Redirect 1	1646821272195	1646821272239	OK	 
GROUP	1	adoption_580_Birth_Father_Details_POST	1646821271850	1646821272286	429	OK
REQUEST	1	adoption_590_Birth_Father_Name	Adoption Father's Name	1646821274291	1646821274731	OK	 
REQUEST	1	adoption_590_Birth_Father_Name	Adoption Father's Name Redirect 1	1646821274733	1646821274796	OK	 
GROUP	1	adoption_590_Birth_Father_Name	1646821274291	1646821274842	545	OK
REQUEST	1	adoption_600_Birth_Father_Alive	Adoption Father Still alive?	1646821276841	1646821277301	OK	 
REQUEST	1	adoption_600_Birth_Father_Alive	Adoption Father Still alive? Redirect 1	1646821277303	1646821277376	KO	substring(What is the nationality of the childs birth father?).find.exists, found nothing
GROUP	1	adoption_600_Birth_Father_Alive	1646821276840	1646821277382	533	KO
USER	LAU Simulation	1	END	1646821257150	1646821277389
