RUN	simulations.mainSimulation	mainsimulation	1646999695880	 	3.3.1
USER	LAU Simulation	1	START	1646999698320	1646999698320
REQUEST	1	AD_010_Homepage	Adoption Homepage	1646999698344	1646999701614	OK	 
REQUEST	1	AD_010_Homepage	Adoption Homepage Redirect 1	1646999701640	1646999701687	OK	 
REQUEST	1	AD_010_Homepage	Adoption Homepage Redirect 2	1646999701689	1646999701982	OK	 
GROUP	1	AD_010_Homepage	1646999698328	1646999704239	5772	OK
REQUEST	1	AD_020_Login	Adoption Login	1646999705262	1646999705469	OK	 
REQUEST	1	AD_020_Login	Adoption Login Redirect 1	1646999705473	1646999705671	OK	 
REQUEST	1	AD_020_Login	Adoption Login Redirect 2	1646999705673	1646999707113	OK	 
REQUEST	1	AD_020_Login	Adoption Login Redirect 3	1646999707115	1646999707546	OK	 
GROUP	1	AD_020_Login	1646999705258	1646999708719	3440	OK
REQUEST	1	AD_030_Apply_With	Adoption Applying With	1646999709730	1646999710009	OK	 
GROUP	1	AD_030_Apply_With	1646999709729	1646999710164	427	OK
REQUEST	1	AD_040_Applying_Post	Adoption Applying Post	1646999711160	1646999711752	OK	 
REQUEST	1	AD_040_Applying_Post	Adoption Applying Post Redirect 1	1646999711754	1646999711875	OK	 
GROUP	1	AD_040_Applying_Post	1646999711158	1646999711981	815	OK
REQUEST	1	AD_050_Applying_With_Redirect	Adoption Applying With Redirect	1646999712978	1646999713072	OK	 
GROUP	1	AD_050_Applying_With_Redirect	1646999712978	1646999713158	176	OK
REQUEST	1	AD_060_Date_Of_Move	Adoption Date Child Moved in 	1646999714170	1646999714235	OK	 
GROUP	1	AD_060_Date_Of_Move	1646999714169	1646999714496	321	OK
REQUEST	1	AD_070_Date_Of_Move_POST	Adoption Date Child Moved in Post	1646999715491	1646999715891	OK	 
REQUEST	1	AD_070_Date_Of_Move_POST	Adoption Date Child Moved in Post Redirect 1	1646999715893	1646999715983	OK	 
GROUP	1	AD_070_Date_Of_Move_POST	1646999715490	1646999716086	589	OK
REQUEST	1	AD_080_Your_Details	Adoption Your Personal Details 	1646999716087	1646999716168	OK	 
GROUP	1	AD_080_Your_Details	1646999716086	1646999716250	158	OK
REQUEST	1	AD_090_Your_Details_POST	Adoption Your Personal Details Post	1646999717251	1646999717794	OK	 
REQUEST	1	AD_090_Your_Details_POST	Adoption Your Personal Details Post Redirect 1	1646999717796	1646999717979	OK	 
GROUP	1	AD_090_Your_Details_POST	1646999717250	1646999718196	939	OK
REQUEST	1	AD_100_Your_Details_Other_Name	Adoption Your Personal Details Other Name	1646999719190	1646999719541	OK	 
REQUEST	1	AD_100_Your_Details_Other_Name	Adoption Your Personal Details Other Name Redirect 1	1646999719542	1646999719648	OK	 
GROUP	1	AD_100_Your_Details_Other_Name	1646999719190	1646999719726	530	OK
REQUEST	1	AD_110_Your_Details_DoB	Adoption Your Personal Details DoB	1646999720730	1646999720971	OK	 
GROUP	1	AD_110_Your_Details_DoB	1646999720729	1646999722310	1576	OK
REQUEST	1	AD_120_Your_Details_DoB_POST	Adoption Your Personal Details DoB POST	1646999723320	1646999725550	OK	 
REQUEST	1	AD_120_Your_Details_DoB_POST	Adoption Your Personal Details DoB POST Redirect 1	1646999725551	1646999727691	OK	 
GROUP	1	AD_120_Your_Details_DoB_POST	1646999723319	1646999727747	4422	OK
REQUEST	1	AD_130_Your_Details_Occupation	Adoption Your Personal Details Occupation	1646999728740	1646999729267	OK	 
REQUEST	1	AD_130_Your_Details_Occupation	Adoption Your Personal Details Occupation Redirect 1	1646999729268	1646999729424	OK	 
GROUP	1	AD_130_Your_Details_Occupation	1646999728739	1646999729501	756	OK
REQUEST	1	AD_140_Your_Contact	Adoption Your Contact Details LookUp	1646999730500	1646999731233	OK	 
GROUP	1	AD_140_Your_Contact	1646999730500	1646999731425	921	OK
REQUEST	1	AD_150_Your_Contact_Manual	Adoption Your Contact Details Manual	1646999732430	1646999732582	OK	 
GROUP	1	AD_150_Your_Contact_Manual	1646999732429	1646999732695	262	OK
REQUEST	1	AD_160_Your_Contact_POST	Adoption Your Contact Details Manual POST	1646999733690	1646999734351	OK	 
REQUEST	1	AD_160_Your_Contact_POST	Adoption Your Contact Details Manual POST Redirect 1	1646999734353	1646999734644	OK	 
GROUP	1	AD_160_Your_Contact_POST	1646999733689	1646999734803	1107	OK
REQUEST	1	AD_170_Your_Contact_POST	Adoption Your Contact Details POST	1646999735810	1646999736400	OK	 
REQUEST	1	AD_170_Your_Contact_POST	Adoption Your Contact Details POST Redirect 1	1646999736402	1646999736863	OK	 
GROUP	1	AD_170_Your_Contact_POST	1646999735809	1646999736943	1126	OK
REQUEST	1	AD_180_Second_Person	Adoption Second Personal Details	1646999737938	1646999738389	OK	 
GROUP	1	AD_180_Second_Person	1646999737937	1646999738551	610	OK
REQUEST	1	AD_190_Second_PersonPOST	Adoption Second Personal Details POST	1646999739559	1646999739827	OK	 
REQUEST	1	AD_190_Second_PersonPOST	Adoption Second Personal Details POST Redirect 1	1646999739828	1646999739937	OK	 
GROUP	1	AD_190_Second_PersonPOST	1646999739558	1646999740093	530	OK
REQUEST	1	AD_200_Second_Other_Name	Adoption Second Other Name	1646999741088	1646999741663	OK	 
REQUEST	1	AD_200_Second_Other_Name	Adoption Second Other Name Redirect 1	1646999741665	1646999741797	OK	 
GROUP	1	AD_200_Second_Other_Name	1646999741088	1646999741889	796	OK
REQUEST	1	AD_210_Second_Other_Name_Redirect	Adoption Second Other Name Redirect	1646999742899	1646999743894	OK	 
REQUEST	1	AD_210_Second_Other_Name_Redirect	Adoption Second Other Name Redirect Redirect 1	1646999743895	1646999744894	OK	 
GROUP	1	AD_210_Second_Other_Name_Redirect	1646999742899	1646999745292	2389	OK
REQUEST	1	AD_220_Second_DoB	Adoption Second DoB	1646999746290	1646999746946	OK	 
REQUEST	1	AD_220_Second_DoB	Adoption Second DoB Redirect 1	1646999746948	1646999747186	OK	 
GROUP	1	AD_220_Second_DoB	1646999746289	1646999747332	1038	OK
REQUEST	1	AD_230_Second_Occupation	Adoption Second Occupation	1646999748330	1646999748542	OK	 
REQUEST	1	AD_230_Second_Occupation	Adoption Second Occupation Redirect 1	1646999748544	1646999748964	OK	 
GROUP	1	AD_230_Second_Occupation	1646999748329	1646999749367	1032	OK
REQUEST	1	AD_240_Second_Contact_Same	Adoption Second Contact Details Same-Address	1646999750360	1646999754172	OK	 
GROUP	1	AD_240_Second_Contact_Same	1646999750359	1646999754427	4064	OK
REQUEST	1	AD_250_Second_Contact_Same_POST	Adoption Second Contact Details Same-Address POST	1646999755430	1646999755623	OK	 
REQUEST	1	AD_250_Second_Contact_Same_POST	Adoption Second Contact Details Same-Address POST Redirect 1	1646999755624	1646999755697	OK	 
GROUP	1	AD_250_Second_Contact_Same_POST	1646999755429	1646999755783	349	OK
REQUEST	1	AD_260_Second_Contact_Manual_Redirect	Adoption Second Contact Details manual redirect	1646999756788	1646999757242	OK	 
GROUP	1	AD_260_Second_Contact_Manual_Redirect	1646999756788	1646999757722	931	OK
REQUEST	1	AD_270_Second_Contact_Manual_POST	Adoption Second Contact Details manual POST	1646999758718	1646999760353	OK	 
REQUEST	1	AD_270_Second_Contact_Manual_POST	Adoption Second Contact Details manual POST Redirect 1	1646999760354	1646999760471	OK	 
GROUP	1	AD_270_Second_Contact_Manual_POST	1646999758718	1646999760749	2026	OK
REQUEST	1	AD_280_Second_Contact_POST	Adoption Second Contact Details POST	1646999761759	1646999761979	OK	 
REQUEST	1	AD_280_Second_Contact_POST	Adoption Second Contact Details POST Redirect 1	1646999761981	1646999762131	OK	 
GROUP	1	AD_280_Second_Contact_POST	1646999761758	1646999762216	452	OK
REQUEST	1	AD_290_Birth_Certificate	Adoption Birth Certificate Details	1646999763210	1646999763417	OK	 
GROUP	1	AD_290_Birth_Certificate	1646999763210	1646999763538	324	OK
REQUEST	1	AD_300_Birth_Name	Adoption Birth Certificate Name	1646999764548	1646999764816	OK	 
REQUEST	1	AD_300_Birth_Name	Adoption Birth Certificate Name Redirect 1	1646999764817	1646999764911	OK	 
GROUP	1	AD_300_Birth_Name	1646999764547	1646999765142	590	OK
REQUEST	1	AD_320_Birth_DoB	Adoption Birth Certificate DoB	1646999766140	1646999766421	OK	 
REQUEST	1	AD_320_Birth_DoB	Adoption Birth Certificate DoB Redirect 1	1646999766422	1646999766601	OK	 
GROUP	1	AD_320_Birth_DoB	1646999766140	1646999766790	647	OK
REQUEST	1	AD_330_Birth_Sex	Adoption Birth Certificate Sex	1646999767790	1646999768098	OK	 
REQUEST	1	AD_330_Birth_Sex	Adoption Birth Certificate Sex Redirect 1	1646999768099	1646999768185	OK	 
GROUP	1	AD_330_Birth_Sex	1646999767790	1646999768267	473	OK
REQUEST	1	AD_340_Birth_Nationality_Add	Adoption Birth Certificate Nationality Add	1646999769258	1646999769463	OK	 
REQUEST	1	AD_340_Birth_Nationality_Add	Adoption Birth Certificate Nationality Add Redirect 1	1646999769464	1646999769573	OK	 
GROUP	1	AD_340_Birth_Nationality_Add	1646999769257	1646999769676	413	OK
REQUEST	1	AD_350_Birth_Nationality_POST	Adoption Birth Certificate Nationality POST	1646999770680	1646999770943	OK	 
REQUEST	1	AD_350_Birth_Nationality_POST	Adoption Birth Certificate Nationality POST Redirect 1	1646999770945	1646999771206	OK	 
GROUP	1	AD_350_Birth_Nationality_POST	1646999770679	1646999771380	694	OK
REQUEST	1	AD_360_Certificate_Details	Adoption Certificate Details	1646999772387	1646999772465	OK	 
GROUP	1	AD_360_Certificate_Details	1646999772387	1646999772548	158	OK
REQUEST	1	AD_370_Certificate_Name	Adoption Certificate Details Name	1646999773550	1646999774083	OK	 
REQUEST	1	AD_370_Certificate_Name	Adoption Certificate Details Name Redirect 1	1646999774084	1646999774235	OK	 
GROUP	1	AD_370_Certificate_Name	1646999773549	1646999774373	818	OK
REQUEST	1	AD_380_Placement_Order	Adoption Placement Order Details	1646999775369	1646999775725	OK	 
GROUP	1	AD_380_Placement_Order	1646999775369	1646999775904	532	OK
REQUEST	1	AD_390_Placement_Number	Adoption Placement Order Number	1646999776899	1646999777298	OK	 
REQUEST	1	AD_390_Placement_Number	Adoption Placement Order Number Redirect 1	1646999777299	1646999777712	OK	 
GROUP	1	AD_390_Placement_Number	1646999776898	1646999777915	1013	OK
REQUEST	1	AD_400_Placement_Court	Adoption Placement Court	1646999778919	1646999779688	OK	 
REQUEST	1	AD_400_Placement_Court	Adoption Placement Court Redirect 1	1646999779690	1646999780177	OK	 
GROUP	1	AD_400_Placement_Court	1646999778919	1646999780490	1566	OK
REQUEST	1	AD_410_Placement_Date	Adoption Placement Date	1646999781489	1646999781863	OK	 
REQUEST	1	AD_410_Placement_Date	Adoption Placement Date Redirect 1	1646999781864	1646999782156	OK	 
GROUP	1	AD_410_Placement_Date	1646999781489	1646999782301	808	OK
REQUEST	1	AD_420_Placement_Summary	Adoption Placement Summary	1646999783300	1646999783709	OK	 
REQUEST	1	AD_420_Placement_Summary	Adoption Placement Summary Redirect 1	1646999783710	1646999783891	OK	 
REQUEST	1	AD_420_Placement_Summary	Adoption Placement Summary Redirect 2	1646999783892	1646999784278	OK	 
GROUP	1	AD_420_Placement_Summary	1646999783299	1646999784336	1031	OK
REQUEST	1	AD_430_Placement_Type_2	Adoption Placement Type 2	1646999785340	1646999785698	OK	 
REQUEST	1	AD_430_Placement_Type_2	Adoption Placement Type 2 Redirect 1	1646999785699	1646999786165	OK	 
GROUP	1	AD_430_Placement_Type_2	1646999785339	1646999787064	1720	OK
REQUEST	1	AD_440_Placement_Number_2	Adoption Placement Order Number 2	1646999788057	1646999788257	OK	 
REQUEST	1	AD_440_Placement_Number_2	Adoption Placement Order Number 2 Redirect 1	1646999788258	1646999788456	OK	 
GROUP	1	AD_440_Placement_Number_2	1646999788057	1646999788509	448	OK
REQUEST	1	AD_450_Placement_Court_2	Adoption Placement Court 2	1646999789520	1646999790159	OK	 
REQUEST	1	AD_450_Placement_Court_2	Adoption Placement Court 2 Redirect 1	1646999790160	1646999790777	OK	 
GROUP	1	AD_450_Placement_Court_2	1646999789520	1646999790863	1339	OK
REQUEST	1	AD_460_Placement_Date_2	Adoption Placement Date 2	1646999791858	1646999792336	OK	 
REQUEST	1	AD_460_Placement_Date_2	Adoption Placement Date 2 Redirect 1	1646999792338	1646999793060	OK	 
GROUP	1	AD_460_Placement_Date_2	1646999791858	1646999793622	1760	OK
REQUEST	1	AD_470_Placement_Summary_2	Adoption Placement Summary 2	1646999794628	1646999794819	OK	 
REQUEST	1	AD_470_Placement_Summary_2	Adoption Placement Summary 2 Redirect 1	1646999794820	1646999795087	OK	 
GROUP	1	AD_470_Placement_Summary_2	1646999794628	1646999795270	638	OK
REQUEST	1	AD_480_Birth_Mother	Adoption Mother's Details	1646999796270	1646999796361	OK	 
GROUP	1	AD_480_Birth_Mother	1646999796269	1646999796442	169	OK
REQUEST	1	AD_490_Mother_Name	Adoption Mother's Name	1646999797439	1646999797839	OK	 
REQUEST	1	AD_490_Mother_Name	Adoption Mother's Name Redirect 1	1646999797840	1646999798073	OK	 
GROUP	1	AD_490_Mother_Name	1646999797439	1646999798397	955	OK
REQUEST	1	AD_495_Mother_Alive_Redirect	Adoption Mother's Details	1646999799398	1646999799525	OK	 
GROUP	1	AD_495_Mother_Alive_Redirect	1646999799398	1646999799603	203	OK
REQUEST	1	AD_500_Mother_Alive	Adoption Mother Still Alive?	1646999800598	1646999800776	OK	 
REQUEST	1	AD_500_Mother_Alive	Adoption Mother Still Alive? Redirect 1	1646999800777	1646999800881	OK	 
GROUP	1	AD_500_Mother_Alive	1646999800598	1646999801011	409	OK
REQUEST	1	AD_510_Mother_Nationality_Add	Adoption Mother's Nationality Add	1646999802020	1646999802220	OK	 
REQUEST	1	AD_510_Mother_Nationality_Add	Adoption Mother's Nationality Add Redirect 1	1646999802220	1646999802323	OK	 
GROUP	1	AD_510_Mother_Nationality_Add	1646999802020	1646999802428	401	OK
REQUEST	1	AD_520_Mother_Nationality_POST	Adoption Mother's Nationality	1646999803418	1646999803621	OK	 
REQUEST	1	AD_520_Mother_Nationality_POST	Adoption Mother's Nationality Redirect 1	1646999803623	1646999803854	OK	 
GROUP	1	AD_520_Mother_Nationality_POST	1646999803418	1646999804105	682	OK
REQUEST	1	AD_530_Mother_Occupation	Adoption Mother's Occupation	1646999805109	1646999806726	OK	 
REQUEST	1	AD_530_Mother_Occupation	Adoption Mother's Occupation Redirect 1	1646999806727	1646999807395	OK	 
GROUP	1	AD_530_Mother_Occupation	1646999805108	1646999807577	2463	OK
REQUEST	1	AD_535_Mother_Occupation_Redirect	Adoption Mother's Details Redirect	1646999808579	1646999808645	OK	 
GROUP	1	AD_535_Mother_Occupation_Redirect	1646999808579	1646999808720	139	OK
REQUEST	1	AD_540_Mother_Occupation	Adoption Mother's Address Known	1646999809718	1646999811355	OK	 
REQUEST	1	AD_540_Mother_Occupation	Adoption Mother's Address Known Redirect 1	1646999811357	1646999811494	OK	 
GROUP	1	AD_540_Mother_Occupation	1646999809718	1646999811591	1868	OK
REQUEST	1	AD_550_Mother_Address_Manual	Adoption Mother's Address Manual	1646999812600	1646999812846	OK	 
GROUP	1	AD_550_Mother_Address_Manual	1646999812599	1646999812992	388	OK
REQUEST	1	AD_560_Mother_Address_POST	Adoption Mother's Address	1646999813987	1646999814427	OK	 
REQUEST	1	AD_560_Mother_Address_POST	Adoption Mother's Address Redirect 1	1646999814428	1646999814782	OK	 
GROUP	1	AD_560_Mother_Address_POST	1646999813987	1646999814879	888	OK
REQUEST	1	AD_570_Father_Details	Adoption Father's Details	1646999815878	1646999816257	OK	 
GROUP	1	AD_570_Father_Details	1646999815878	1646999817274	1392	OK
REQUEST	1	AD_580_Father_Details_POST	Adoption Father's Details On Certificate	1646999818278	1646999818752	OK	 
REQUEST	1	AD_580_Father_Details_POST	Adoption Father's Details On Certificate Redirect 1	1646999818768	1646999819046	OK	 
GROUP	1	AD_580_Father_Details_POST	1646999818278	1646999819350	1052	OK
REQUEST	1	AD_590_Father_Name	Adoption Father's Name	1646999820349	1646999821077	OK	 
REQUEST	1	AD_590_Father_Name	Adoption Father's Name Redirect 1	1646999821078	1646999821705	OK	 
GROUP	1	AD_590_Father_Name	1646999820349	1646999822341	1987	OK
REQUEST	1	AD_600_Father_Alive	Adoption Father Still alive?	1646999823340	1646999823950	OK	 
REQUEST	1	AD_600_Father_Alive	Adoption Father Still alive? Redirect 1	1646999823951	1646999824115	OK	 
GROUP	1	AD_600_Father_Alive	1646999823339	1646999824323	979	OK
REQUEST	1	AD_610_Father_Nationality_Add	Adoption Father add Nationality	1646999825329	1646999825573	OK	 
REQUEST	1	AD_610_Father_Nationality_Add	Adoption Father add Nationality Redirect 1	1646999825574	1646999825657	OK	 
GROUP	1	AD_610_Father_Nationality_Add	1646999825329	1646999825733	400	OK
REQUEST	1	AD_620_Father_Nationality_POST	Adoption Father's Nationality	1646999826728	1646999827370	OK	 
REQUEST	1	AD_620_Father_Nationality_POST	Adoption Father's Nationality Redirect 1	1646999827371	1646999827602	OK	 
GROUP	1	AD_620_Father_Nationality_POST	1646999826727	1646999828058	1325	OK
REQUEST	1	AD_630_Father_Occupation	Adoption Father's Occupation	1646999829069	1646999829643	OK	 
REQUEST	1	AD_630_Father_Occupation	Adoption Father's Occupation Redirect 1	1646999829644	1646999829774	OK	 
GROUP	1	AD_630_Father_Occupation	1646999829069	1646999830074	1001	OK
REQUEST	1	AD_640_Father_Address_Known	Adoption Father's Address Known?	1646999831063	1646999831548	OK	 
REQUEST	1	AD_640_Father_Address_Known	Adoption Father's Address Known? Redirect 1	1646999831549	1646999831643	OK	 
GROUP	1	AD_640_Father_Address_Known	1646999831063	1646999831728	661	OK
REQUEST	1	AD_641_Father_Address_Manual	Adoption Father's Address Manual	1646999832738	1646999833341	OK	 
GROUP	1	AD_641_Father_Address_Manual	1646999832737	1646999833886	1146	OK
REQUEST	1	AD_642_Father_Address_POST	Adoption Father's Address	1646999834879	1646999835314	OK	 
REQUEST	1	AD_642_Father_Address_POST	Adoption Father's Address Redirect 1	1646999835315	1646999835462	OK	 
GROUP	1	AD_642_Father_Address_POST	1646999834879	1646999835654	771	OK
REQUEST	1	AD_650_Other_Parent_Exists	Adoption Other Parent	1646999836649	1646999836797	OK	 
GROUP	1	AD_650_Other_Parent_Exists	1646999836649	1646999836941	289	OK
REQUEST	1	AD_660_Other_Exists_POST	Adoption Other Parent Exists	1646999837950	1646999838280	OK	 
REQUEST	1	AD_660_Other_Exists_POST	Adoption Other Parent Exists Redirect 1	1646999838281	1646999838423	OK	 
GROUP	1	AD_660_Other_Exists_POST	1646999837949	1646999838603	649	OK
REQUEST	1	AD_670_Other_Parent_Name	Adoption Other Parent Name	1646999839598	1646999839845	OK	 
REQUEST	1	AD_670_Other_Parent_Name	Adoption Other Parent Name Redirect 1	1646999839846	1646999839958	OK	 
GROUP	1	AD_670_Other_Parent_Name	1646999839597	1646999840109	508	OK
REQUEST	1	AD_680_Other_Parent_Address_Known	Adoption Other Parent Address known?	1646999841120	1646999841311	OK	 
REQUEST	1	AD_680_Other_Parent_Address_Known	Adoption Other Parent Address known? Redirect 1	1646999841313	1646999841379	OK	 
GROUP	1	AD_680_Other_Parent_Address_Known	1646999841120	1646999841507	383	OK
REQUEST	1	AD_690_Other_Parent_Address_Manual	Adoption Other Parent Address Manual	1646999842498	1646999842572	OK	 
GROUP	1	AD_690_Other_Parent_Address_Manual	1646999842498	1646999842644	143	OK
REQUEST	1	AD_700_Other_Parent_Address_POST	Adoption Other Parent Address Manual	1646999843638	1646999844014	OK	 
REQUEST	1	AD_700_Other_Parent_Address_POST	Adoption Other Parent Address Manual Redirect 1	1646999844015	1646999844132	OK	 
GROUP	1	AD_700_Other_Parent_Address_POST	1646999843638	1646999844216	574	OK
REQUEST	1	adoption_710_Agency	Adoption Agency	1646999845219	1646999846250	OK	 
REQUEST	1	adoption_710_Agency	Adoption Agency Redirect 1	1646999846251	1646999847086	OK	 
GROUP	1	adoption_710_Agency	1646999845219	1646999847161	1938	OK
REQUEST	1	AD_720_Agency_Details	Adoption Agency Details	1646999848170	1646999848604	OK	 
REQUEST	1	AD_720_Agency_Details	Adoption Agency Details Redirect 1	1646999848605	1646999848761	OK	 
GROUP	1	AD_720_Agency_Details	1646999848169	1646999849243	1069	OK
REQUEST	1	AD_730_Other_Agency	Adoption Other Agency?	1646999850240	1646999850639	OK	 
REQUEST	1	AD_730_Other_Agency	Adoption Other Agency? Redirect 1	1646999850640	1646999850889	OK	 
REQUEST	1	AD_730_Other_Agency	Adoption Other Agency? Redirect 2	1646999850890	1646999851323	OK	 
GROUP	1	AD_730_Other_Agency	1646999850239	1646999851497	1252	OK
REQUEST	1	AD_740_Other_Agency_Details	Adoption Other Agency Details	1646999852490	1646999852882	OK	 
REQUEST	1	AD_740_Other_Agency_Details	Adoption Other Agency Details Redirect 1	1646999852883	1646999853230	OK	 
GROUP	1	AD_740_Other_Agency_Details	1646999852489	1646999853373	879	OK
REQUEST	1	AD_750_Social_Worker_Details	Adoption Social Worker Details	1646999854380	1646999854982	OK	 
REQUEST	1	AD_750_Social_Worker_Details	Adoption Social Worker Details Redirect 1	1646999854983	1646999855352	OK	 
GROUP	1	AD_750_Social_Worker_Details	1646999854379	1646999855419	1035	OK
REQUEST	1	AD_760_Sibling_Details	Adoption Sibling Details	1646999856430	1646999857782	OK	 
GROUP	1	AD_760_Sibling_Details	1646999856429	1646999858122	1690	OK
REQUEST	1	AD_770_Sibling_Other	Adoption Any Sibling?	1646999859119	1646999860216	OK	 
REQUEST	1	AD_770_Sibling_Other	Adoption Any Sibling? Redirect 1	1646999860217	1646999861110	OK	 
GROUP	1	AD_770_Sibling_Other	1646999859119	1646999861680	2558	OK
REQUEST	1	AD_780_Sibling_Order_Exists	Adoption Court Order Exists?	1646999862678	1646999864648	OK	 
REQUEST	1	AD_780_Sibling_Order_Exists	Adoption Court Order Exists? Redirect 1	1646999864650	1646999871818	OK	 
GROUP	1	AD_780_Sibling_Order_Exists	1646999862677	1646999872205	9522	OK
REQUEST	1	AD_790_Sibling_Name	Adoption Sibling Name	1646999873200	1646999873603	OK	 
REQUEST	1	AD_790_Sibling_Name	Adoption Sibling Name Redirect 1	1646999873605	1646999873775	OK	 
REQUEST	1	AD_790_Sibling_Name	Adoption Sibling Name Redirect 2	1646999873776	1646999874018	OK	 
GROUP	1	AD_790_Sibling_Name	1646999873199	1646999874085	879	OK
REQUEST	1	AD_800_Sibling_Type	Adoption Order Type?	1646999875089	1646999875530	OK	 
REQUEST	1	AD_800_Sibling_Type	Adoption Order Type? Redirect 1	1646999875531	1646999875910	OK	 
GROUP	1	AD_800_Sibling_Type	1646999875089	1646999875966	873	OK
REQUEST	1	AD_810_Sibling_Number	Adoption Order Number	1646999876958	1646999877212	OK	 
REQUEST	1	AD_810_Sibling_Number	Adoption Order Number Redirect 1	1646999877213	1646999877762	OK	 
GROUP	1	AD_810_Sibling_Number	1646999876957	1646999877875	914	OK
REQUEST	1	AD_820_Sibling_New_Order	Adoption Add New Order?	1646999878879	1646999879206	OK	 
REQUEST	1	AD_820_Sibling_New_Order	Adoption Add New Order? Redirect 1	1646999879217	1646999879637	OK	 
GROUP	1	AD_820_Sibling_New_Order	1646999878879	1646999879814	913	OK
REQUEST	1	AD_830_Sibling_Select	Adoption Select Sibling	1646999880820	1646999881244	OK	 
REQUEST	1	AD_830_Sibling_Select	Adoption Select Sibling Redirect 1	1646999881245	1646999881527	OK	 
REQUEST	1	AD_830_Sibling_Select	Adoption Select Sibling Redirect 2	1646999881528	1646999881762	OK	 
GROUP	1	AD_830_Sibling_Select	1646999880819	1646999881827	1000	OK
REQUEST	1	AD_840_Sibling_Type_2	Adoption Order Type	1646999882829	1646999883098	OK	 
REQUEST	1	AD_840_Sibling_Type_2	Adoption Order Type Redirect 1	1646999883099	1646999883430	OK	 
GROUP	1	AD_840_Sibling_Type_2	1646999882829	1646999883491	658	OK
REQUEST	1	AD_850_Sibling_Number_2t	Adoption Order Number	1646999884489	1646999885157	OK	 
REQUEST	1	AD_850_Sibling_Number_2t	Adoption Order Number Redirect 1	1646999885180	1646999885939	OK	 
GROUP	1	AD_850_Sibling_Number_2t	1646999884489	1646999886155	1639	OK
REQUEST	1	AD_855_Sibling_Remove	Adoption Remove Placement Order	1646999887149	1646999887345	OK	 
REQUEST	1	AD_855_Sibling_Remove	Adoption Remove Placement Order Redirect 1	1646999887346	1646999887417	OK	 
GROUP	1	AD_855_Sibling_Remove	1646999887149	1646999887497	345	OK
REQUEST	1	AD_860_Sibling_Summary	Adoption Order Summary	1646999888498	1646999888810	OK	 
REQUEST	1	AD_860_Sibling_Summary	Adoption Order Summary Redirect 1	1646999888811	1646999888897	OK	 
GROUP	1	AD_860_Sibling_Summary	1646999888497	1646999888978	476	OK
REQUEST	1	AD_861_Family_Court	Adoption Family Court Redirect	1646999889977	1646999890242	OK	 
GROUP	1	AD_861_Family_Court	1646999889977	1646999890324	345	OK
REQUEST	1	AD_862_Family_Court_POST	Adoption Family Court Redirect	1646999891329	1646999891797	OK	 
REQUEST	1	AD_862_Family_Court_POST	Adoption Family Court Redirect Redirect 1	1646999891798	1646999892401	OK	 
GROUP	1	AD_862_Family_Court_POST	1646999891329	1646999892479	1146	OK
REQUEST	1	AD_870_Upload_Document	Adoption Birth Certificate Details	1646999893489	1646999894027	OK	 
GROUP	1	AD_870_Upload_Document	1646999893489	1646999894192	700	OK
REQUEST	1	AD_880_Upload_Document	Adoption Certificate Upload	1646999895226	1646999901867	OK	 
GROUP	1	AD_880_Upload_Document	1646999895189	1646999901926	6641	OK
REQUEST	1	AD_885_Upload_Document_POST	Adoption Certificate Upload POST	1646999902859	1646999903264	OK	 
REQUEST	1	AD_885_Upload_Document_POST	Adoption Certificate Upload POST Redirect 1	1646999903265	1646999903664	OK	 
GROUP	1	AD_885_Upload_Document_POST	1646999902859	1646999903790	926	OK
REQUEST	1	AD_890_Equality	Adoption Review Equality	1646999904799	1646999904977	OK	 
REQUEST	1	AD_890_Equality	Adoption Review Equality Redirect 1	1646999904978	1646999905130	OK	 
GROUP	1	AD_890_Equality	1646999904799	1646999905882	1080	OK
REQUEST	1	AD_900_Equality	Adoption Review Equality	1646999906878	1646999907081	KO	status.find.in(200,201,202,203,204,205,206,207,208,209,304), found 500
GROUP	1	AD_900_Equality	1646999906877	1646999907088	203	KO
USER	LAU Simulation	1	END	1646999698320	1646999907098
