RUN	simulations.mainSimulation	mainsimulation	1646821783019	 	3.3.1
USER	LAU Simulation	1	START	1646821783594	1646821783594
REQUEST	1	adoption_010_Homepage	Adoption Homepage	1646821783615	1646821783672	OK	 
REQUEST	1	adoption_010_Homepage	Adoption Homepage Redirect 1	1646821783700	1646821783729	OK	 
REQUEST	1	adoption_010_Homepage	Adoption Homepage Redirect 2	1646821783732	1646821783807	OK	 
GROUP	1	adoption_010_Homepage	1646821783601	1646821784062	310	OK
REQUEST	1	Adoption_020_Login	Adoption Login	1646821786087	1646821786296	OK	 
REQUEST	1	Adoption_020_Login	Adoption Login Redirect 1	1646821786301	1646821786638	OK	 
REQUEST	1	Adoption_020_Login	Adoption Login Redirect 2	1646821786640	1646821786978	OK	 
REQUEST	1	Adoption_020_Login	Adoption Login Redirect 3	1646821786980	1646821787026	OK	 
GROUP	1	Adoption_020_Login	1646821786082	1646821787148	1041	OK
REQUEST	1	Adoption_030_Apply_With	Adoption Applying With	1646821789155	1646821789204	OK	 
GROUP	1	Adoption_030_Apply_With	1646821789154	1646821789255	91	OK
REQUEST	1	Adoption_040_Adoption_Applying_Post	Adoption Applying Post	1646821791255	1646821791656	OK	 
REQUEST	1	Adoption_040_Adoption_Applying_Post	Adoption Applying Post Redirect 1	1646821791658	1646821791705	OK	 
GROUP	1	Adoption_040_Adoption_Applying_Post	1646821791253	1646821791749	486	OK
REQUEST	1	Adoption_050_Adoption_Applying_With_Redirect	Adoption Applying With Redirect	1646821793744	1646821793787	OK	 
GROUP	1	Adoption_050_Adoption_Applying_With_Redirect	1646821793743	1646821793833	84	OK
REQUEST	1	adoption_570_Birth_Father_Details	Adoption Father's Details	1646821795845	1646821795887	OK	 
GROUP	1	adoption_570_Birth_Father_Details	1646821795844	1646821795940	81	OK
REQUEST	1	adoption_580_Birth_Father_Details_POST	Adoption Father's Details On Certificate	1646821797932	1646821798413	OK	 
REQUEST	1	adoption_580_Birth_Father_Details_POST	Adoption Father's Details On Certificate Redirect 1	1646821798415	1646821798456	OK	 
GROUP	1	adoption_580_Birth_Father_Details_POST	1646821797931	1646821798506	568	OK
REQUEST	1	adoption_590_Birth_Father_Name	Adoption Father's Name	1646821800514	1646821800711	OK	 
REQUEST	1	adoption_590_Birth_Father_Name	Adoption Father's Name Redirect 1	1646821800713	1646821800754	OK	 
GROUP	1	adoption_590_Birth_Father_Name	1646821800513	1646821800795	276	OK
REQUEST	1	adoption_600_Birth_Father_Alive	Adoption Father Still alive?	1646821802795	1646821802996	OK	 
REQUEST	1	adoption_600_Birth_Father_Alive	Adoption Father Still alive? Redirect 1	1646821802997	1646821803087	OK	 
GROUP	1	adoption_600_Birth_Father_Alive	1646821802794	1646821803131	330	OK
REQUEST	1	adoption_610_Birth_Father_Nationality_Add	Adoption Father add Nationality	1646821805125	1646821805509	OK	 
REQUEST	1	adoption_610_Birth_Father_Nationality_Add	Adoption Father add Nationality Redirect 1	1646821805511	1646821805584	OK	 
GROUP	1	adoption_610_Birth_Father_Nationality_Add	1646821805124	1646821805648	518	OK
REQUEST	1	adoption_620_Birth_Father_Nationality_POST	Adoption Father's Nationality	1646821807655	1646821807829	OK	 
REQUEST	1	adoption_620_Birth_Father_Nationality_POST	Adoption Father's Nationality Redirect 1	1646821807831	1646821807887	OK	 
GROUP	1	adoption_620_Birth_Father_Nationality_POST	1646821807654	1646821807967	306	OK
REQUEST	1	adoption_630_Birth_Father_Occupation	Adoption Father's Occupation	1646821809963	1646821810496	OK	 
REQUEST	1	adoption_630_Birth_Father_Occupation	Adoption Father's Occupation Redirect 1	1646821810498	1646821810543	OK	 
GROUP	1	adoption_630_Birth_Father_Occupation	1646821809962	1646821810605	637	OK
REQUEST	1	adoption_640_Birth_Father_Occupation_Address_Known	Adoption Father's Address Known?	1646821812614	1646821812954	OK	 
REQUEST	1	adoption_640_Birth_Father_Occupation_Address_Known	Adoption Father's Address Known? Redirect 1	1646821812955	1646821812997	OK	 
GROUP	1	adoption_640_Birth_Father_Occupation_Address_Known	1646821812614	1646821813037	419	OK
REQUEST	1	adoption_640_Birth_Father_Occupation_Address_Manual	Adoption Father's Address Manual	1646821815035	1646821815079	OK	 
GROUP	1	adoption_640_Birth_Father_Occupation_Address_Manual	1646821815034	1646821815125	86	OK
REQUEST	1	adoption_640_Birth_Father_Occupation_Address_POST	Adoption Father's Address	1646821817125	1646821817331	OK	 
REQUEST	1	adoption_640_Birth_Father_Occupation_Address_POST	Adoption Father's Address Redirect 1	1646821817333	1646821817387	OK	 
GROUP	1	adoption_640_Birth_Father_Occupation_Address_POST	1646821817124	1646821817432	301	OK
USER	LAU Simulation	1	END	1646821783594	1646821819427
