RUN	simulations.mainSimulation	mainsimulation	1646755664436	 	3.3.1
USER	LAU Simulation	1	START	1646755664952	1646755664952
REQUEST	1	adoption_010_Homepage	Adoption Homepage	1646755664978	1646755668373	OK	 
REQUEST	1	adoption_010_Homepage	Adoption Homepage Redirect 1	1646755668400	1646755668435	OK	 
REQUEST	1	adoption_010_Homepage	Adoption Homepage Redirect 2	1646755668437	1646755668590	OK	 
GROUP	1	adoption_010_Homepage	1646755664960	1646755668945	3844	OK
REQUEST	1	Adoption_020_Login	Adoption Login	1646755670967	1646755671142	OK	 
REQUEST	1	Adoption_020_Login	Adoption Login Redirect 1	1646755671147	1646755671731	OK	 
REQUEST	1	Adoption_020_Login	Adoption Login Redirect 2	1646755671733	1646755672141	OK	 
REQUEST	1	Adoption_020_Login	Adoption Login Redirect 3	1646755672142	1646755672262	OK	 
GROUP	1	Adoption_020_Login	1646755670962	1646755672667	1680	OK
REQUEST	1	Adoption_030_Apply_With	Adoption Applying With	1646755674673	1646755677056	OK	 
GROUP	1	Adoption_030_Apply_With	1646755674673	1646755677316	2634	OK
REQUEST	1	Adoption_040_Adoption_Applying_Post	Adoption Applying Post	1646755679314	1646755680134	OK	 
REQUEST	1	Adoption_040_Adoption_Applying_Post	Adoption Applying Post Redirect 1	1646755680135	1646755680257	OK	 
GROUP	1	Adoption_040_Adoption_Applying_Post	1646755679312	1646755680376	1056	OK
REQUEST	1	Adoption_050_Adoption_Applying_With_Redirect	Adoption Applying With Redirect	1646755682384	1646755682441	OK	 
GROUP	1	Adoption_050_Adoption_Applying_With_Redirect	1646755682383	1646755682641	245	OK
REQUEST	1	adoption_480_Birth_Mother	Adoption Mother's Details	1646755684644	1646755684678	OK	 
GROUP	1	adoption_480_Birth_Mother	1646755684643	1646755684808	159	OK
REQUEST	1	adoption_490_Birth_Mother_Name	Adoption Mother's Name	1646755686803	1646755687314	OK	 
REQUEST	1	adoption_490_Birth_Mother_Name	Adoption Mother's Name Redirect 1	1646755687316	1646755687362	KO	substring(Is the child's birth mother still alive?).find.exists, found nothing
GROUP	1	adoption_490_Birth_Mother_Name	1646755686802	1646755687367	557	KO
USER	LAU Simulation	1	END	1646755664952	1646755687374
