RUN	simulations.mainSimulation	mainsimulation	1646908443589	 	3.3.1
USER	LAU Simulation	1	START	1646908444164	1646908444164
REQUEST	1	adoption_010_Homepage	Adoption Homepage	1646908444189	1646908444267	OK	 
REQUEST	1	adoption_010_Homepage	Adoption Homepage Redirect 1	1646908444292	1646908444331	OK	 
REQUEST	1	adoption_010_Homepage	Adoption Homepage Redirect 2	1646908444333	1646908444391	OK	 
GROUP	1	adoption_010_Homepage	1646908444172	1646908445706	1405	OK
REQUEST	1	Adoption_020_Login	Adoption Login	1646908446725	1646908447018	OK	 
REQUEST	1	Adoption_020_Login	Adoption Login Redirect 1	1646908447023	1646908447327	OK	 
REQUEST	1	Adoption_020_Login	Adoption Login Redirect 2	1646908447329	1646908448555	OK	 
REQUEST	1	Adoption_020_Login	Adoption Login Redirect 3	1646908448557	1646908448599	OK	 
GROUP	1	Adoption_020_Login	1646908446720	1646908449342	2598	OK
REQUEST	1	Adoption_030_Apply_With	Adoption Applying With	1646908450354	1646908450401	OK	 
GROUP	1	Adoption_030_Apply_With	1646908450352	1646908450847	485	OK
REQUEST	1	Adoption_040_Adoption_Applying_Post	Adoption Applying Post	1646908451842	1646908452357	OK	 
REQUEST	1	Adoption_040_Adoption_Applying_Post	Adoption Applying Post Redirect 1	1646908452359	1646908452551	OK	 
GROUP	1	Adoption_040_Adoption_Applying_Post	1646908451840	1646908452715	859	OK
REQUEST	1	Adoption_050_Adoption_Applying_With_Redirect	Adoption Applying With Redirect	1646908453723	1646908453778	OK	 
GROUP	1	Adoption_050_Adoption_Applying_With_Redirect	1646908453722	1646908453913	186	OK
REQUEST	1	Adoption_060_Date_Of_Move	Adoption Date Child Moved in 	1646908454911	1646908454958	OK	 
GROUP	1	Adoption_060_Date_Of_Move	1646908454911	1646908455005	90	OK
REQUEST	1	Adoption_070_Date_Of_Move_POST	Adoption Date Child Moved in Post	1646908456002	1646908456440	OK	 
REQUEST	1	Adoption_070_Date_Of_Move_POST	Adoption Date Child Moved in Post Redirect 1	1646908456442	1646908456498	OK	 
REQUEST	1	Adoption_070_Date_Of_Move_POST,Adoption_050_Adoption_Applying_With_Redirect	Adoption Applying With Redirect	1646908456546	1646908456585	OK	 
GROUP	1	Adoption_070_Date_Of_Move_POST,Adoption_050_Adoption_Applying_With_Redirect	1646908456546	1646908456650	101	OK
GROUP	1	Adoption_070_Date_Of_Move_POST	1646908456001	1646908457662	639	OK
REQUEST	1	Adoption_080_Your_Details	Adoption Your Personal Details 	1646908458663	1646908458721	OK	 
GROUP	1	Adoption_080_Your_Details	1646908458663	1646908459006	339	OK
REQUEST	1	Adoption_090_Your_Details_POST	Adoption Your Personal Details Post	1646908460002	1646908460330	OK	 
REQUEST	1	Adoption_090_Your_Details_POST	Adoption Your Personal Details Post Redirect 1	1646908460332	1646908460389	OK	 
GROUP	1	Adoption_090_Your_Details_POST	1646908460002	1646908460564	557	OK
REQUEST	1	Adoption_100_Your_Details_Other_Name	Adoption Your Personal Details Other Name	1646908461563	1646908461866	OK	 
REQUEST	1	Adoption_100_Your_Details_Other_Name	Adoption Your Personal Details Other Name Redirect 1	1646908461868	1646908461916	OK	 
GROUP	1	Adoption_100_Your_Details_Other_Name	1646908461562	1646908461973	404	OK
REQUEST	1	Adoption_110_Your_Details_DoB	Adoption Your Personal Details DoB	1646908462972	1646908463052	OK	 
GROUP	1	Adoption_110_Your_Details_DoB	1646908462972	1646908463298	322	OK
REQUEST	1	Adoption_120_Your_Details_DoB_POST	Adoption Your Personal Details DoB POST	1646908464294	1646908464581	OK	 
REQUEST	1	Adoption_120_Your_Details_DoB_POST	Adoption Your Personal Details DoB POST Redirect 1	1646908464583	1646908464624	OK	 
GROUP	1	Adoption_120_Your_Details_DoB_POST	1646908464293	1646908464764	464	OK
REQUEST	1	Adoption_130_Your_Details_Occupation	Adoption Your Personal Details Occupation	1646908465771	1646908466141	OK	 
REQUEST	1	Adoption_130_Your_Details_Occupation	Adoption Your Personal Details Occupation Redirect 1	1646908466142	1646908466204	OK	 
GROUP	1	Adoption_130_Your_Details_Occupation	1646908465771	1646908466249	474	OK
REQUEST	1	Adoption_140_Your_Contact_Details	Adoption Your Contact Details LookUp	1646908467241	1646908467284	OK	 
GROUP	1	Adoption_140_Your_Contact_Details	1646908467241	1646908467341	96	OK
REQUEST	1	Adoption_150_Your_Contact_Details_Manual	Adoption Your Contact Details Manual	1646908468353	1646908468411	OK	 
GROUP	1	Adoption_150_Your_Contact_Details_Manual	1646908468352	1646908468460	103	OK
REQUEST	1	Adoption_160_Your_Contact_Details_Manual_POST	Adoption Your Contact Details Manual POST	1646908469453	1646908469632	OK	 
REQUEST	1	Adoption_160_Your_Contact_Details_Manual_POST	Adoption Your Contact Details Manual POST Redirect 1	1646908469634	1646908469673	OK	 
GROUP	1	Adoption_160_Your_Contact_Details_Manual_POST	1646908469452	1646908469725	267	OK
REQUEST	1	Adoption_170_Your_Contact_Details_POST	Adoption Your Contact Details POST	1646908470733	1646908470979	OK	 
REQUEST	1	Adoption_170_Your_Contact_Details_POST	Adoption Your Contact Details POST Redirect 1	1646908470981	1646908471019	OK	 
GROUP	1	Adoption_170_Your_Contact_Details_POST	1646908470732	1646908471071	333	OK
REQUEST	1	Adoption_180_Second_Personal_Details	Adoption Second Personal Details	1646908472073	1646908472122	OK	 
GROUP	1	Adoption_180_Second_Personal_Details	1646908472072	1646908472222	144	OK
REQUEST	1	Adoption_190_Second_Personal_Details_POST	Adoption Second Personal Details POST	1646908473223	1646908473523	OK	 
REQUEST	1	Adoption_190_Second_Personal_Details_POST	Adoption Second Personal Details POST Redirect 1	1646908473524	1646908473566	OK	 
GROUP	1	Adoption_190_Second_Personal_Details_POST	1646908473222	1646908473623	395	OK
REQUEST	1	Adoption_200_Second_Other_Name	Adoption Second Other Name	1646908474623	1646908474812	OK	 
REQUEST	1	Adoption_200_Second_Other_Name	Adoption Second Other Name Redirect 1	1646908474814	1646908474865	OK	 
GROUP	1	Adoption_200_Second_Other_Name	1646908474622	1646908475274	646	OK
REQUEST	1	Adoption_210_Second_Other_Name_Redirect	Adoption Second Other Name Redirect	1646908476271	1646908476575	OK	 
REQUEST	1	Adoption_210_Second_Other_Name_Redirect	Adoption Second Other Name Redirect Redirect 1	1646908476576	1646908476666	OK	 
GROUP	1	Adoption_210_Second_Other_Name_Redirect	1646908476271	1646908476838	563	OK
REQUEST	1	Adoption_220_Second_DoB	Adoption Second DoB	1646908477833	1646908478011	OK	 
REQUEST	1	Adoption_220_Second_DoB	Adoption Second DoB Redirect 1	1646908478013	1646908478203	OK	 
GROUP	1	Adoption_220_Second_DoB	1646908477832	1646908478372	534	OK
REQUEST	1	Adoption_230_Second_Occupation	Adoption Second Occupation	1646908479383	1646908479785	OK	 
REQUEST	1	Adoption_230_Second_Occupation	Adoption Second Occupation Redirect 1	1646908479787	1646908479840	OK	 
GROUP	1	Adoption_230_Second_Occupation	1646908479383	1646908479892	503	OK
REQUEST	1	Adoption_240_Second_Contact_Details_Same_Address	Adoption Second Contact Details Same-Address	1646908480893	1646908480941	OK	 
GROUP	1	Adoption_240_Second_Contact_Details_Same_Address	1646908480892	1646908481158	261	OK
REQUEST	1	Adoption_250_Second_Contact_Details_Same_Address_POST	Adoption Second Contact Details Same-Address POST	1646908482153	1646908482551	OK	 
REQUEST	1	Adoption_250_Second_Contact_Details_Same_Address_POST	Adoption Second Contact Details Same-Address POST Redirect 1	1646908482552	1646908482593	OK	 
GROUP	1	Adoption_250_Second_Contact_Details_Same_Address_POST	1646908482152	1646908482635	478	OK
REQUEST	1	Adoption_260_Second_Contact_Details_Manual_Redirect	Adoption Second Contact Details manual redirect	1646908483642	1646908483689	OK	 
GROUP	1	Adoption_260_Second_Contact_Details_Manual_Redirect	1646908483642	1646908483739	95	OK
REQUEST	1	Adoption_270_Second_Contact_Details_Manual_POST	Adoption Second Contact Details manual POST	1646908484731	1646908484895	OK	 
REQUEST	1	Adoption_270_Second_Contact_Details_Manual_POST	Adoption Second Contact Details manual POST Redirect 1	1646908484897	1646908484945	OK	 
GROUP	1	Adoption_270_Second_Contact_Details_Manual_POST	1646908484731	1646908485029	292	OK
REQUEST	1	Adoption_280_Second_Contact_Details__POST	Adoption Second Contact Details POST	1646908486031	1646908486243	OK	 
REQUEST	1	