RUN	simulations.mainSimulation	mainsimulation	1646834872323	 	3.3.1
USER	LAU Simulation	1	START	1646834872874	1646834872874
REQUEST	1	adoption_010_Homepage	Adoption Homepage	1646834872895	1646834872970	OK	 
REQUEST	1	adoption_010_Homepage	Adoption Homepage Redirect 1	1646834872996	1646834873025	OK	 
REQUEST	1	adoption_010_Homepage	Adoption Homepage Redirect 2	1646834873027	1646834873085	OK	 
GROUP	1	adoption_010_Homepage	1646834872880	1646834873312	299	OK
REQUEST	1	Adoption_020_Login	Adoption Login	1646834875335	1646834875524	OK	 
REQUEST	1	Adoption_020_Login	Adoption Login Redirect 1	1646834875528	1646834875969	OK	 
REQUEST	1	Adoption_020_Login	Adoption Login Redirect 2	1646834875971	1646834876377	OK	 
REQUEST	1	Adoption_020_Login	Adoption Login Redirect 3	1646834876378	1646834876418	OK	 
GROUP	1	Adoption_020_Login	1646834875330	1646834876525	1173	OK
REQUEST	1	Adoption_030_Apply_With	Adoption Applying With	1646834878531	1646834878584	OK	 
GROUP	1	Adoption_030_Apply_With	1646834878530	1646834878631	91	OK
REQUEST	1	Adoption_040_Adoption_Applying_Post	Adoption Applying Post	1646834880633	1646834881293	OK	 
REQUEST	1	Adoption_040_Adoption_Applying_Post	Adoption Applying Post Redirect 1	1646834881295	1646834881333	OK	 
GROUP	1	Adoption_040_Adoption_Applying_Post	1646834880630	1646834881384	743	OK
REQUEST	1	Adoption_050_Adoption_Applying_With_Redirect	Adoption Applying With Redirect	1646834883379	1646834883432	OK	 
GROUP	1	Adoption_050_Adoption_Applying_With_Redirect	1646834883378	1646834883486	101	OK
REQUEST	1	adoption_870_Upload_Document	Adoption Birth Certificate Details	1646834885491	1646834885546	KO	substring(Upload the child's documents).find.exists, found nothing
GROUP	1	adoption_870_Upload_Document	1646834885490	1646834885553	55	KO
USER	LAU Simulation	1	END	1646834872874	1646834885560
