RUN	simulations.mainSimulation	mainsimulation	1646995919083	 	3.3.1
USER	LAU Simulation	1	START	1646995921491	1646995921491
REQUEST	1	AD_010_Homepage	Adoption Homepage	1646995921516	1646995924685	OK	 
REQUEST	1	AD_010_Homepage	Adoption Homepage Redirect 1	1646995924709	1646995924746	OK	 
REQUEST	1	AD_010_Homepage	Adoption Homepage Redirect 2	1646995924747	1646995924879	OK	 
GROUP	1	AD_010_Homepage	1646995921500	1646995926645	5029	OK
REQUEST	1	AD_020_Login	Adoption Login	1646995927671	1646995927901	OK	 
REQUEST	1	AD_020_Login	Adoption Login Redirect 1	1646995927906	1646995928355	OK	 
REQUEST	1	AD_020_Login	Adoption Login Redirect 2	1646995928357	1646995929478	OK	 
REQUEST	1	AD_020_Login	Adoption Login Redirect 3	1646995929480	1646995929597	OK	 
GROUP	1	AD_020_Login	1646995927666	1646995931151	3462	OK
REQUEST	1	AD_030_Apply_With	Adoption Applying With	1646995932158	1646995932410	OK	 
GROUP	1	AD_030_Apply_With	1646995932156	1646995932557	393	OK
REQUEST	1	AD_040_Applying_Post	Adoption Applying Post	1646995933557	1646995934193	OK	 
REQUEST	1	AD_040_Applying_Post	Adoption Applying Post Redirect 1	1646995934196	1646995934708	OK	 
GROUP	1	AD_040_Applying_Post	1646995933555	1646995934872	1306	OK
REQUEST	1	AD_050_Applying_With_Redirect	Adoption Applying With Redirect	1646995935865	1646995935977	OK	 
GROUP	1	AD_050_Applying_With_Redirect	1646995935864	1646995936084	214	OK
REQUEST	1	adoption_710_Agency	Adoption Agency	1646995937085	1646995937469	OK	 
REQUEST	1	adoption_710_Agency	Adoption Agency Redirect 1	1646995937471	1646995937687	OK	 
GROUP	1	adoption_710_Agency	1646995937085	1646995937817	726	OK
REQUEST	1	AD_720_Agency_Details	Adoption Agency Details	1646995938827	1646995939296	OK	 
REQUEST	1	AD_720_Agency_Details	Adoption Agency Details Redirect 1	1646995939298	1646995939607	OK	 
GROUP	1	AD_720_Agency_Details	1646995938826	1646995939900	1066	OK
REQUEST	1	AD_730_Other_Agency	Adoption Other Agency?	1646995940897	1646995942179	OK	 
REQUEST	1	AD_730_Other_Agency	Adoption Other Agency? Redirect 1	1646995942181	1646995942691	OK	 
REQUEST	1	AD_730_Other_Agency	Adoption Other Agency? Redirect 2	1646995942692	1646995943142	OK	 
GROUP	1	AD_730_Other_Agency	1646995940896	1646995943405	2502	OK
REQUEST	1	AD_740_Other_Agency_Details	Adoption Other Agency Details	1646995944417	1646995944980	OK	 
REQUEST	1	AD_740_Other_Agency_Details	Adoption Other Agency Details Redirect 1	1646995944982	1646995945413	OK	 
GROUP	1	AD_740_Other_Agency_Details	1646995944416	1646995945714	1292	OK
REQUEST	1	AD_750_Social_Worker_Details	Adoption Social Worker Details	1646995946696	1646995948220	OK	 
REQUEST	1	AD_750_Social_Worker_Details	Adoption Social Worker Details Redirect 1	1646995948222	1646995948367	OK	 
GROUP	1	AD_750_Social_Worker_Details	1646995946696	1646995948500	1797	OK
USER	LAU Simulation	1	END	1646995921491	1646995949508
