RUN	simulations.mainSimulation	mainsimulation	1646841375340	 	3.3.1
USER	LAU Simulation	1	START	1646841375975	1646841375975
REQUEST	1	adoption_010_Homepage	Adoption Homepage	1646841376005	1646841376087	OK	 
REQUEST	1	adoption_010_Homepage	Adoption Homepage Redirect 1	1646841376117	1646841376153	OK	 
REQUEST	1	adoption_010_Homepage	Adoption Homepage Redirect 2	1646841376155	1646841376827	OK	 
GROUP	1	adoption_010_Homepage	1646841375984	1646841380142	4002	OK
REQUEST	1	Adoption_020_Login	Adoption Login	1646841381157	1646841381519	OK	 
REQUEST	1	Adoption_020_Login	Adoption Login Redirect 1	1646841381524	1646841381875	OK	 
REQUEST	1	Adoption_020_Login	Adoption Login Redirect 2	1646841381876	1646841382223	OK	 
REQUEST	1	Adoption_020_Login	Adoption Login Redirect 3	1646841382225	1646841382372	OK	 
GROUP	1	Adoption_020_Login	1646841381152	1646841384608	3430	OK
REQUEST	1	Adoption_030_Apply_With	Adoption Applying With	1646841385624	1646841385660	OK	 
GROUP	1	Adoption_030_Apply_With	1646841385623	1646841385742	110	OK
REQUEST	1	Adoption_040_Adoption_Applying_Post	Adoption Applying Post	1646841386737	1646841387330	OK	 
REQUEST	1	Adoption_040_Adoption_Applying_Post	Adoption Applying Post Redirect 1	1646841387333	1646841387376	OK	 
GROUP	1	Adoption_040_Adoption_Applying_Post	1646841386735	1646841387485	740	OK
REQUEST	1	Adoption_050_Adoption_Applying_With_Redirect	Adoption Applying With Redirect	1646841388494	1646841388530	OK	 
GROUP	1	Adoption_050_Adoption_Applying_With_Redirect	1646841388493	1646841388611	113	OK
REQUEST	1	Adoption_060_Date_Of_Move	Adoption Date Child Moved in 	1646841389605	1646841389646	OK	 
GROUP	1	Adoption_060_Date_Of_Move	1646841389605	1646841389691	83	OK
REQUEST	1	Adoption_070_Date_Of_Move_POST	Adoption Date Child Moved in Post	1646841390695	1646841390900	OK	 
REQUEST	1	Adoption_070_Date_Of_Move_POST	Adoption Date Child Moved in Post Redirect 1	1646841390903	1646841390946	OK	 
REQUEST	1	Adoption_070_Date_Of_Move_POST,Adoption_050_Adoption_Applying_With_Redirect	Adoption Applying With Redirect	1646841391082	1646841391114	OK	 
GROUP	1	Adoption_070_Date_Of_Move_POST,Adoption_050_Adoption_Applying_With_Redirect	1646841391081	1646841391225	131	OK
GROUP	1	Adoption_070_Date_Of_Move_POST	1646841390694	1646841392223	508	OK
REQUEST	1	adoption_290_Birth_Certificate	Adoption Birth Certificate Details	1646841393234	1646841393277	OK	 
GROUP	1	adoption_290_Birth_Certificate	1646841393233	1646841393465	227	OK
REQUEST	1	adoption_300_Birth_Certificate_Name	Adoption Birth Certificate Name	1646841394464	1646841395082	OK	 
REQUEST	1	adoption_300_Birth_Certificate_Name	Adoption Birth Certificate Name Redirect 1	1646841395084	1646841395125	OK	 
GROUP	1	adoption_300_Birth_Certificate_Name	1646841394464	1646841395184	714	OK
REQUEST	1	adoption_320_Birth_Certificate_DoB	Adoption Birth Certificate DoB	1646841396187	1646841396823	OK	 
REQUEST	1	adoption_320_Birth_Certificate_DoB	Adoption Birth Certificate DoB Redirect 1	1646841396825	1646841396867	OK	 
GROUP	1	adoption_320_Birth_Certificate_DoB	1646841396186	1646841397112	919	OK
REQUEST	1	adoption_330_Birth_Certificate_Sex	Adoption Birth Certificate Sex	1646841398103	1646841398321	OK	 
REQUEST	1	adoption_330_Birth_Certificate_Sex	Adoption Birth Certificate Sex Redirect 1	1646841398322	1646841398379	OK	 
GROUP	1	adoption_330_Birth_Certificate_Sex	1646841398103	1646841398426	319	OK
REQUEST	1	adoption_340_Birth_Certificate_Nationality_Add	Adoption Birth Certificate Nationality Add	1646841399434	1646841399605	OK	 
REQUEST	1	adoption_340_Birth_Certificate_Nationality_Add	Adoption Birth Certificate Nationality Add Redirect 1	1646841399607	1646841399663	OK	 
GROUP	1	adoption_340_Birth_Certificate_Nationality_Add	1646841399433	1646841399906	466	OK
REQUEST	1	adoption_350_Birth_Certificate_Nationality_POST	Adoption Birth Certificate Nationality POST	1646841400906	1646841401185	OK	 
REQUEST	1	adoption_350_Birth_Certificate_Nationality_POST	Adoption Birth Certificate Nationality POST Redirect 1	1646841401187	1646841401225	OK	 
GROUP	1	adoption_350_Birth_Certificate_Nationality_POST	1646841400905	1646841401277	365	OK
USER	LAU Simulation	1	END	1646841375975	1646841402277
