RUN	simulations.mainSimulation	mainsimulation	1646822055329	 	3.3.1
USER	LAU Simulation	1	START	1646822055859	1646822055859
REQUEST	1	adoption_010_Homepage	Adoption Homepage	1646822055886	1646822055978	OK	 
REQUEST	1	adoption_010_Homepage	Adoption Homepage Redirect 1	1646822055998	1646822056024	OK	 
REQUEST	1	adoption_010_Homepage	Adoption Homepage Redirect 2	1646822056026	1646822056092	OK	 
GROUP	1	adoption_010_Homepage	1646822055869	1646822056323	331	OK
REQUEST	1	Adoption_020_Login	Adoption Login	1646822058349	1646822058531	OK	 
REQUEST	1	Adoption_020_Login	Adoption Login Redirect 1	1646822058535	1646822058928	OK	 
REQUEST	1	Adoption_020_Login	Adoption Login Redirect 2	1646822058930	1646822059224	OK	 
REQUEST	1	Adoption_020_Login	Adoption Login Redirect 3	1646822059225	1646822059273	OK	 
GROUP	1	Adoption_020_Login	1646822058344	1646822059381	1014	OK
REQUEST	1	Adoption_030_Apply_With	Adoption Applying With	1646822061374	1646822061504	OK	 
GROUP	1	Adoption_030_Apply_With	1646822061373	1646822061576	193	OK
REQUEST	1	Adoption_040_Adoption_Applying_Post	Adoption Applying Post	1646822063586	1646822064139	OK	 
REQUEST	1	Adoption_040_Adoption_Applying_Post	Adoption Applying Post Redirect 1	1646822064142	1646822064181	OK	 
GROUP	1	Adoption_040_Adoption_Applying_Post	1646822063584	1646822064236	642	OK
REQUEST	1	Adoption_050_Adoption_Applying_With_Redirect	Adoption Applying With Redirect	1646822066235	1646822066295	OK	 
GROUP	1	Adoption_050_Adoption_Applying_With_Redirect	1646822066234	1646822066344	104	OK
REQUEST	1	adoption_650_Other_Parent_Exists	Adoption Other Parent	1646822068354	1646822068404	OK	 
GROUP	1	adoption_650_Other_Parent_Exists	1646822068353	1646822068458	91	OK
USER	LAU Simulation	1	END	1646822055859	1646822070458
