RUN	simulations.mainSimulation	mainsimulation	1646845088092	 	3.3.1
USER	LAU Simulation	1	START	1646845088813	1646845088813
REQUEST	1	adoption_010_Homepage	Adoption Homepage	1646845088838	1646845089572	OK	 
REQUEST	1	adoption_010_Homepage	Adoption Homepage Redirect 1	1646845089597	1646845089635	OK	 
REQUEST	1	adoption_010_Homepage	Adoption Homepage Redirect 2	1646845089637	1646845089736	OK	 
GROUP	1	adoption_010_Homepage	1646845088820	1646845090529	1576	OK
REQUEST	1	Adoption_020_Login	Adoption Login	1646845091555	1646845091764	OK	 
REQUEST	1	Adoption_020_Login	Adoption Login Redirect 1	1646845091768	1646845092255	OK	 
REQUEST	1	Adoption_020_Login	Adoption Login Redirect 2	1646845092257	1646845093857	OK	 
REQUEST	1	Adoption_020_Login	Adoption Login Redirect 3	1646845093858	1646845094346	OK	 
GROUP	1	Adoption_020_Login	1646845091550	1646845095393	3821	OK
REQUEST	1	Adoption_030_Apply_With	Adoption Applying With	1646845096401	1646845096447	OK	 
GROUP	1	Adoption_030_Apply_With	1646845096398	1646845096547	138	OK
REQUEST	1	Adoption_040_Adoption_Applying_Post	Adoption Applying Post	1646845097542	1646845098057	OK	 
REQUEST	1	Adoption_040_Adoption_Applying_Post	Adoption Applying Post Redirect 1	1646845098059	1646845098749	OK	 
GROUP	1	Adoption_040_Adoption_Applying_Post	1646845097540	1646845099276	1726	OK
REQUEST	1	Adoption_050_Adoption_Applying_With_Redirect	Adoption Applying With Redirect	1646845100278	1646845103415	OK	 
GROUP	1	Adoption_050_Adoption_Applying_With_Redirect	1646845100277	1646845104077	3794	OK
REQUEST	1	Adoption_060_Date_Of_Move	Adoption Date Child Moved in 	1646845105079	1646845105729	OK	 
GROUP	1	Adoption_060_Date_Of_Move	1646845105078	1646845105855	771	OK
REQUEST	1	Adoption_070_Date_Of_Move_POST	Adoption Date Child Moved in Post	1646845106860	1646845107204	OK	 
REQUEST	1	Adoption_070_Date_Of_Move_POST	Adoption Date Child Moved in Post Redirect 1	1646845107206	1646845107245	OK	 
REQUEST	1	Adoption_070_Date_Of_Move_POST,Adoption_050_Adoption_Applying_With_Redirect	Adoption Applying With Redirect	1646845107379	1646845107422	OK	 
GROUP	1	Adoption_070_Date_Of_Move_POST,Adoption_050_Adoption_Applying_With_Redirect	1646845107379	1646845107500	117	OK
GROUP	1	Adoption_070_Date_Of_Move_POST	1646845106859	1646845108500	628	OK
REQUEST	1	adoption_760_Sibling_Details	Adoption Sibling Details	1646845109501	1646845109546	OK	 
GROUP	1	adoption_760_Sibling_Details	1646845109500	1646845109600	95	OK
REQUEST	1	adoption_770_Sibling_Other?	Adoption Any Sibling?	1646845110601	1646845110992	OK	 
REQUEST	1	adoption_770_Sibling_Other?	Adoption Any Sibling? Redirect 1	1646845110994	1646845111079	OK	 
GROUP	1	adoption_770_Sibling_Other?	1646845110600	1646845111125	518	OK
REQUEST	1	adoption_780_Sibling_Court_Order_Exists?	Adoption Court Order Exists?	1646845112120	1646845112822	OK	 
REQUEST	1	adoption_780_Sibling_Court_Order_Exists?	Adoption Court Order Exists? Redirect 1	1646845112823	1646845113782	OK	 
GROUP	1	adoption_780_Sibling_Court_Order_Exists?	1646845112119	1646845113964	1839	OK
REQUEST	1	adoption_790_Sibling_Name?	Adoption Sibling Name	1646845114970	1646845115504	OK	 
REQUEST	1	adoption_790_Sibling_Name?	Adoption Sibling Name Redirect 1	1646845115505	1646845116010	OK	 
REQUEST	1	adoption_790_Sibling_Name?	Adoption Sibling Name Redirect 2	1646845116011	1646845116319	OK	 
GROUP	1	adoption_790_Sibling_Name?	1646845114970	1646845116414	1439	OK
REQUEST	1	adoption_800_Sibling_Order_Type	Adoption Order Type?	1646845117411	1646845117599	OK	 
REQUEST	1	adoption_800_Sibling_Order_Type	Adoption Order Type? Redirect 1	1646845117601	1646845117757	OK	 
GROUP	1	adoption_800_Sibling_Order_Type	1646845117410	1646845117803	387	OK
REQUEST	1	adoption_810_Sibling_Order_Number	Adoption Order Number	1646845118810	1646845119022	OK	 
REQUEST	1	adoption_810_Sibling_Order_Number	Adoption Order Number Redirect 1	1646845119023	1646845119122	OK	 
GROUP	1	adoption_810_Sibling_Order_Number	1646845118809	1646845119227	412	OK
REQUEST	1	adoption_860_Sibling_Select	Adoption Order Number	1646845120220	1646845120440	OK	 
REQUEST	1	adoption_860_Sibling_Select	Adoption Order Number Redirect 1	1646845120441	1646845120473	OK	 
GROUP	1	adoption_860_Sibling_Select	1646845120219	1646845120520	296	OK
USER	LAU Simulation	1	END	1646845088813	1646845121530
