RUN	simulations.mainSimulation	mainsimulation	1646915572194	 	3.3.1
USER	LAU Simulation	1	START	1646915572839	1646915572839
REQUEST	1	adoption_010_Homepage	Adoption Homepage	1646915572870	1646915573127	OK	 
REQUEST	1	adoption_010_Homepage	Adoption Homepage Redirect 1	1646915573154	1646915573331	OK	 
REQUEST	1	adoption_010_Homepage	Adoption Homepage Redirect 2	1646915573333	1646915573424	OK	 
GROUP	1	adoption_010_Homepage	1646915572848	1646915574895	1893	OK
REQUEST	1	Adoption_020_Login	Adoption Login	1646915575920	1646915576336	OK	 
REQUEST	1	Adoption_020_Login	Adoption Login Redirect 1	1646915576341	1646915576738	OK	 
REQUEST	1	Adoption_020_Login	Adoption Login Redirect 2	1646915576739	1646915580755	OK	 
REQUEST	1	Adoption_020_Login	Adoption Login Redirect 3	1646915580757	1646915580804	OK	 
GROUP	1	Adoption_020_Login	1646915575916	1646915588584	12644	OK
REQUEST	1	Adoption_030_Apply_With	Adoption Applying With	1646915589588	1646915589794	OK	 
GROUP	1	Adoption_030_Apply_With	1646915589587	1646915589974	377	OK
REQUEST	1	Adoption_040_Adoption_Applying_Post	Adoption Applying Post	1646915590969	1646915591286	OK	 
REQUEST	1	Adoption_040_Adoption_Applying_Post	Adoption Applying Post Redirect 1	1646915591288	1646915591594	OK	 
GROUP	1	Adoption_040_Adoption_Applying_Post	1646915590967	1646915593028	2052	OK
REQUEST	1	Adoption_050_Adoption_Applying_With_Redirect	Adoption Applying With Redirect	1646915594038	1646915594078	OK	 
GROUP	1	Adoption_050_Adoption_Applying_With_Redirect	1646915594037	1646915594824	782	OK
REQUEST	1	Adoption_060_Date_Of_Move	Adoption Date Child Moved in 	1646915595819	1646915595956	OK	 
GROUP	1	Adoption_060_Date_Of_Move	1646915595818	1646915596277	453	OK
REQUEST	1	Adoption_070_Date_Of_Move_POST	Adoption Date Child Moved in Post	1646915597287	1646915597838	OK	 
REQUEST	1	Adoption_070_Date_Of_Move_POST	Adoption Date Child Moved in Post Redirect 1	1646915597840	1646915597897	OK	 
REQUEST	1	Adoption_070_Date_Of_Move_POST,Adoption_050_Adoption_Applying_With_Redirect	Adoption Applying With Redirect	1646915598008	1646915598048	OK	 
GROUP	1	Adoption_070_Date_Of_Move_POST,Adoption_050_Adoption_Applying_With_Redirect	1646915598007	1646915598179	168	OK
GROUP	1	Adoption_070_Date_Of_Move_POST	1646915597286	1646915599177	881	OK
REQUEST	1	Adoption_080_Your_Details	Adoption Your Personal Details 	1646915600177	1646915600360	OK	 
GROUP	1	Adoption_080_Your_Details	1646915600177	1646915600449	267	OK
REQUEST	1	Adoption_090_Your_Details_POST	Adoption Your Personal Details Post	1646915601448	1646915601757	OK	 
REQUEST	1	Adoption_090_Your_Details_POST	Adoption Your Personal Details Post Redirect 1	1646915601759	1646915601803	OK	 
GROUP	1	Adoption_090_Your_Details_POST	1646915601447	1646915601926	473	OK
REQUEST	1	Adoption_100_Your_Details_Other_Name	Adoption Your Personal Details Other Name	1646915602918	1646915603227	OK	 
REQUEST	1	Adoption_100_Your_Details_Other_Name	Adoption Your Personal Details Other Name Redirect 1	1646915603229	1646915603339	OK	 
GROUP	1	Adoption_100_Your_Details_Other_Name	1646915602918	1646915603385	461	OK
REQUEST	1	Adoption_110_Your_Details_DoB	Adoption Your Personal Details DoB	1646915604397	1646915604446	OK	 
GROUP	1	Adoption_110_Your_Details_DoB	1646915604396	1646915604497	96	OK
REQUEST	1	Adoption_120_Your_Details_DoB_POST	Adoption Your Personal Details DoB POST	1646915605497	1646915605928	OK	 
REQUEST	1	Adoption_120_Your_Details_DoB_POST	Adoption Your Personal Details DoB POST Redirect 1	1646915605930	1646915605990	OK	 
GROUP	1	Adoption_120_Your_Details_DoB_POST	1646915605496	1646915606349	847	OK
REQUEST	1	Adoption_130_Your_Details_Occupation	Adoption Your Personal Details Occupation	1646915607346	1646915607508	OK	 
REQUEST	1	Adoption_130_Your_Details_Occupation	Adoption Your Personal Details Occupation Redirect 1	1646915607509	1646915607550	OK	 
GROUP	1	Adoption_130_Your_Details_Occupation	1646915607345	1646915608063	713	OK
REQUEST	1	Adoption_140_Your_Contact_Details	Adoption Your Contact Details LookUp	1646915609056	1646915609096	OK	 
GROUP	1	Adoption_140_Your_Contact_Details	1646915609056	1646915609168	108	OK
REQUEST	1	Adoption_150_Your_Contact_Details_Manual	Adoption Your Contact Details Manual	1646915610178	1646915610240	OK	 
GROUP	1	Adoption_150_Your_Contact_Details_Manual	1646915610177	1646915610290	108	OK
REQUEST	1	Adoption_160_Your_Contact_Details_Manual_POST	Adoption Your Contact Details Manual POST	1646915611288	1646915611560	OK	 
REQUEST	1	Adoption_160_Your_Contact_Details_Manual_POST	Adoption Your Contact Details Manual POST Redirect 1	1646915611561	1646915611602	OK	 
GROUP	1	Adoption_160_Your_Contact_Details_Manual_POST	1646915611288	1646915611961	669	OK
REQUEST	1	Adoption_170_Your_Contact_Details_POST	Adoption Your Contact Details POST	1646915612956	1646915613346	OK	 
REQUEST	1	Adoption_170_Your_Contact_Details_POST	Adoption Your Contact Details POST Redirect 1	1646915613348	1646915613383	OK	 
GROUP	1	Adoption_170_Your_Contact_Details_POST	1646915612956	1646915613624	664	OK
REQUEST	1	Adoption_180_Second_Personal_Details	Adoption Second Personal Details	1646915614626	1646915614764	OK	 
GROUP	1	Adoption_180_Second_Personal_Details	1646915614626	1646915614821	191	OK
REQUEST	1	Adoption_190_Second_Personal_Details_POST	Adoption Second Personal Details POST	1646915615828	1646915616129	OK	 
REQUEST	1	Adoption_190_Second_Personal_Details_POST	Adoption Second Personal Details POST Redirect 1	1646915616130	1646915616174	OK	 
GROUP	1	Adoption_190_Second_Personal_Details_POST	1646915615827	1646915616215	383	OK
REQUEST	1	Adoption_200_Second_Other_Name	Adoption Second Other Name	1646915617208	1646915617602	OK	 
REQUEST	1	Adoption_200_Second_Other_Name	Adoption Second Other Name Redirect 1	1646915617604	1646915617655	OK	 
GROUP	1	Adoption_200_Second_Other_Name	1646915617208	1646915618114	900	OK
REQUEST	1	Adoption_210_Second_Other_Name_Redirect	Adoption Second Other Name Redirect	1646915619119	1646915619326	OK	 
REQUEST	1	Adoption_210_Second_Other_Name_Redirect	Adoption Second Other Name Redirect Redirect 1	1646915619327	1646915619373	OK	 
GROUP	1	Adoption_210_Second_Other_Name_Redirect	1646915619118	1646915619426	304	OK
REQUEST	1	Adoption_220_Second_DoB	Adoption Second DoB	1646915620419	1646915620673	OK	 
REQUEST	1	Adoption_220_Second_DoB	Adoption Second DoB Redirect 1	1646915620675	1646915620721	OK	 
GROUP	1	Adoption_220_Second_DoB	1646915620418	1646915620766	343	OK
REQUEST	1	Adoption_230_Second_Occupation	Adoption Second Occupation	1646915621777	1646915621931	OK	 
REQUEST	1	Adoption_230_Second_Occupation	Adoption Second Occupation Redirect 1	1646915621933	1646915621967	OK	 
GROUP	1	Adoption_230_Second_Occupation	1646915621777	1646915622372	589	OK
REQUEST	1	Adoption_240_Second_Contact_Details_Same_Address	Adoption Second Contact Details Same-Address	1646915623368	1646915623426	OK	 
GROUP	1	Adoption_240_Second_Contact_Details_Same_Address	1646915623367	1646915623495	123	OK
REQUEST	1	Adoption_250_Second_Contact_Details_Same_Address_POST	Adoption Second Contact Details Same-Address POST	1646915624496	1646915624663	OK	 
REQUEST	1	Adoption_250_Second_Contact_Details_Same_Address_POST	Adoption Second Contact Details Same-Address POST Redirect 1	1646915624665	1646915624703	OK	 
GROUP	1	Adoption_250_Second_Contact_Details_Same_Address_POST	1646915624496	1646915624745	243	OK
REQUEST	1	Adoption_260_Second_Contact_Details_Manual_Redirect	Adoption Second Contact Details manual redirect	1646915625757	1646915625807	OK	 
GROUP	1	Adoption_260_Second_Contact_Details_Manual_Redirect	1646915625757	1646915625943	183	OK
REQUEST	1	Adoption_270_Second_Contact_Details_Manual_POST	Adoption Second Contact Details manual POST	1646915626928	1646915627437	OK	 
REQUEST	1	Adoption_270_Second_Contact_Details_Manual_POST	Adoption Second Contact Details manual POST Redirect 1	1646915627438	1646915627588	OK	 
GROUP	1	Adoption_270_Second_Contact_Details_Manual_POST	1646915626928	1646915627766	832	OK
REQUEST	1	Adoption_280_Second_Contact_Details__POST	Adoption Second Contact Details POST	1646915628778	1646915629131	OK	 
REQUEST	1	Adoption_280_Second_Contact_Details__POST	Adoption Second Contact Details POST Redirect 1	1646915629133	1646915629169	OK	 
GROUP	1	Adoption_280_Second_Contact_Details__POST	1646915628778	1646915629349	565	OK
REQUEST	1	adoption_290_Birth_Certificate	Adoption Birth Certificate Details	1646915630347	1646915630381	OK	 
GROUP	1	adoption_290_Birth_Certificate	1646915630346	1646915630629	279	OK
REQUEST	1	adoption_300_Birth_Certificate_Name	Adoption Birth Certificate Name	1646915631628	1646915631819	OK	 
REQUEST	1	adoption_300_Birth_Certificate_Name	Adoption Birth Certificate Name Redirect 1	1646915631821	1646915631864	OK	 
GROUP	1	adoption_300_Birth_Certificate_Name	1646915631627	1646915632113	480	OK
REQUEST	1	adoption_320_Birth_Certificate_DoB	Adoption Birth Certificate DoB	1646915633107	1646915633282	OK	 
REQUEST	1	adoption_320_Birth_Certificate_DoB	Adoption Birth Certificate DoB Redirect 1	1646915633284	1646915633341	OK	 
GROUP	1	adoption_320_Birth_Certificate_DoB	1646915633107	1646915633556	444	OK
REQUEST	1	adoption_330_Birth_Certificate_Sex	Adoption Birth Certificate Sex	1646915634566	1646915634757	OK	 
REQUEST	1	adoption_330_Birth_Certificate_Sex	Adoption Birth Certificate Sex Redirect 1	1646915634758	1646915634807	OK	 
GROUP	1	adoption_330_Birth_Certificate_Sex	1646915634565	1646915635099	529	OK
REQUEST	1	adoption_340_Birth_Certificate_Nationality_Add	Adoption Birth Certificate Nationality Add	1646915636098	1646915636443	OK	 
REQUEST	1	adoption_340_Birth_Certificate_Nationality_Add	Adoption Birth Certificate Nationality Add Redirect 1	1646915636444	1646915636492	OK	 
GROUP	1	adoption_340_Birth_Certificate_Nationality_Add	1646915636097	1646915636561	459	OK
REQUEST	1	adoption_350_Birth_Certificate_Nationality_POST	Adoption Birth Certificate Nationality POST	1646915637557	1646915637979	OK	 
REQUEST	1	adoption_350_Birth_Certificate_Nationality_POST	Adoption Birth Certificate Nationality POST Redirect 1	1646915637980	1646915638021	OK	 
GROUP	1	adoption_350_Birth_Certificate_Nationality_POST	1646915637557	1646915638657	1096	OK
REQUEST	1	adoption_360_Certificate_Details	Adoption Certificate Details	1646915639667	1646915639715	OK	 
GROUP	1	adoption_360_Certificate_Details	1646915639667	1646915639889	219	OK
REQUEST	1	adoption_370_Certificate_Details_Name	Adoption Certificate Details Name	1646915640887	1646915641169	OK	 
REQUEST	1	adoption_370_Certificate_Details_Name	Adoption Certificate Details Name Redirect 1	1646915641171	1646915641347	OK	 
GROUP	1	adoption_370_Certificate_Details_Name	1646915640886	1646915643067	1179	OK
REQUEST	1	adoption_380_Placement_Order	Adoption Placement Order Details	1646915643068	1646915643272	OK	 
GROUP	1	adoption_380_Placement_Order	1646915643067	1646915643343	272	OK
REQUEST	1	adoption_390_Certificate_Placement_Order_Number	Adoption Placement Order Number	1646915644336	1646915644573	OK	 
REQUEST	1	adoption_390_Certificate_Placement_Order_Number	Adoption Placement Order Number Redirect 1	1646915644575	1646915645052	OK	 
GROUP	1	adoption_390_Certificate_Placement_Order_Number	1646915644335	1646915645103	762	OK
REQUEST	1	adoption_400_Certificate_Placement_Court	Adoption Placement Court	1646915646106	1646915646468	OK	 
REQUEST	1	adoption_400_Certificate_Placement_Court	Adoption Placement Court Redirect 1	1646915646470	1646915646666	OK	 
GROUP	1	adoption_400_Certificate_Placement_Court	1646915646105	1646915646731	620	OK
REQUEST	1	adoption_410_Certificate_Placement_Date	Adoption Placement Date	1646915647737	1646915648117	OK	 
REQUEST	1	adoption_410_Certificate_Placement_Date	Adoption Placement Date Redirect 1	1646915648118	1646915648309	OK	 
GROUP	1	adoption_410_Certificate_Placement_Date	1646915647736	1646915648397	656	OK
REQUEST	1	adoption_420_Certificate_Placement_Summary	Adoption Placement Summary	1646915649398	1646915649652	OK	 
REQUEST	1	adoption_420_Certificate_Placement_Summary	Adoption Placement Summary Redirect 1	1646915649654	1646915649852	OK	 
REQUEST	1	adoption_420_Certificate_Placement_Summary	Adoption Placement Summary Redirect 2	1646915649853	1646915650034	OK	 
GROUP	1	adoption_420_Certificate_Placement_Summary	1646915649398	1646915650074	670	OK
REQUEST	1	adoption_430_Certificate_Placement_Type_2	Adoption Placement Type 2	1646915651068	1646915651262	OK	 
REQUEST	1	adoption_430_Certificate_Placement_Type_2	Adoption Placement Type 2 Redirect 1	1646915651264	1646915651628	OK	 
GROUP	1	adoption_430_Certificate_Placement_Type_2	1646915651067	1646915651666	593	OK
REQUEST	1	adoption_440_Certificate_Placement_Order_Number_2	Adoption Placement Order Number 2	1646915652679	1646915652976	OK	 
REQUEST	1	adoption_440_Certificate_Placement_Order_Number_2	Adoption Placement Order Number 2 Redirect 1	1646915652977	1646915653145	OK	 
GROUP	1	adoption_440_Certificate_Placement_Order_Number_2	1646915652678	1646915653268	586	OK
REQUEST	1	adoption_450_Certificate_Placement_Court_2	Adoption Placement Court 2	1646915654267	1646915654638	OK	 
REQUEST	1	adoption_450_Certificate_Placement_Court_2	Adoption Placement Court 2 Redirect 1	1646915654639	1646915654829	OK	 
GROUP	1	adoption_450_Certificate_Placement_Court_2	1646915654267	1646915654998	727	OK
REQUEST	1	adoption_460_Certificate_Placement_Date_2	Adoption Placement Date 2	1646915655998	1646915656177	OK	 
REQUEST	1	adoption_460_Certificate_Placement_Date_2	Adoption Placement Date 2 Redirect 1	1646915656178	1646915656411	OK	 
GROUP	1	adoption_460_Certificate_Placement_Date_2	1646915655997	1646915656459	456	OK
REQUEST	1	adoption_470_Certificate_Placement_Summary_2	Adoption Placement Summary 2	1646915657459	1646915657663	OK	 
REQUEST	1	adoption_470_Certificate_Placement_Summary_2	Adoption Placement Summary 2 Redirect 1	1646915657664	1646915657723	OK	 
GROUP	1	adoption_470_Certificate_Placement_Summary_2	1646915657458	1646915657776	314	OK
REQUEST	1	adoption_480_Birth_Mother	Adoption Mother's Details	1646915658778	1646915658842	OK	 
GROUP	1	adoption_480_Birth_Mother	1646915658778	1646915658888	107	OK
REQUEST	1	adoption_490_Birth_Mother_Name	Adoption Mother's Name	1646915659886	1646915660302	OK	 
REQUEST	1	adoption_490_Birth_Mother_Name	Adoption Mother's Name Redirect 1	1646915660303	1646915660350	OK	 
GROUP	1	adoption_490_Birth_Mother_Name	1646915659886	1646915660918	1029	OK
REQUEST	1	adoption_495_Birth_Mother	Adoption Mother's Details	1646915661916	1646915661968	OK	 
GROUP	1	adoption_495_Birth_Mother	1646915661916	1646915662027	108	OK
REQUEST	1	adoption_500_Birth_Mother_Alive	Adoption Mother Still Alive?	1646915663036	1646915663586	OK	 
REQUEST	1	adoption_500_Birth_Mother_Alive	Adoption Mother Still Alive? Redirect 1	1646915663588	1646915663656	OK	 
GROUP	1	adoption_500_Birth_Mother_Alive	1646915663036	1646915663747	706	OK
REQUEST	1	adoption_510_Birth_Mother_Nationality_Add	Adoption Mother's Nationality Add	1646915664747	1646915664919	OK	 
REQUEST	1	adoption_510_Birth_Mother_Nationality_Add	Adoption Mother's Nationality Add Redirect 1	1646915664920	1646915665100	OK	 
GROUP	1	adoption_510_Birth_Mother_Nationality_Add	1646915664747	1646915665141	390	OK
REQUEST	1	adoption_520_Birth_Mother_Nationality_POSt	Adoption Mother's Nationality	1646915666137	1646915666314	OK	 
REQUEST	1	adoption_520_Birth_Mother_Nationality_POSt	Adoption Mother's Nationality Redirect 1	1646915666315	1646915666456	OK	 
GROUP	1	adoption_520_Birth_Mother_Nationality_POSt	1646915666137	1646915666600	459	OK
REQUEST	1	adoption_530_Birth_Mother_Occupation	Adoption Mother's Occupation	1646915667598	1646915667895	OK	 
REQUEST	1	adoption_530_Birth_Mother_Occupation	Adoption Mother's Occupation Redirect 1	1646915667896	1646915668060	OK	 
GROUP	1	adoption_530_Birth_Mother_Occupation	1646915667597	1646915668696	1095	OK
REQUEST	1	adoption_535_Birth_Mother_Occupation_Redirect	Adoption Mother's Details Redirect	1646915669708	1646915669762	OK	 
GROUP	1	adoption_535_Birth_Mother_Occupation_Redirect	1646915669708	1646915669947	236	OK
REQUEST	1	adoption_540_Birth_Mother_Occupation	Adoption Mother's Address Known	1646915670936	1646915671361	OK	 
REQUEST	1	adoption_540_Birth_Mother_Occupation	Adoption Mother's Address Known Redirect 1	1646915671363	1646915671429	OK	 
GROUP	1	adoption_540_Birth_Mother_Occupation	1646915670936	1646915671471	531	OK
REQUEST	1	adoption_550_Birth_Mother_Address_Manual	Adoption Mother's Address Manual	1646915672468	1646915672535	OK	 
GROUP	1	adoption_550_Birth_Mother_Address_Manual	1646915672468	1646915672581	111	OK
REQUEST	1	adoption_560_Birth_Mother_Address_POST	Adoption Mother's Address	1646915673588	1646915673772	OK	 
REQUEST	1	adoption_560_Birth_Mother_Address_POST	Adoption Mother's Address Redirect 1	1646915673774	1646915673834	OK	 
GROUP	1	adoption_560_Birth_Mother_Address_POST	1646915673587	1646915674083	491	OK
REQUEST	1	adoption_570_Birth_Father_Details	Adoption Father's Details	1646915675078	1646915675130	OK	 
GROUP	1	adoption_570_Birth_Father_Details	1646915675078	1646915675196	115	OK
REQUEST	1	adoption_580_Birth_Father_Details_POST	Adoption Father's Details On Certificate	1646915676207	1646915676583	OK	 
REQUEST	1	adoption_580_Birth_Father_Details_POST	Adoption Father's Details On Certificate Redirect 1	1646915676584	1646915676634	OK	 
GROUP	1	adoption_580_Birth_Father_Details_POST	1646915676207	1646915676713	503	OK
REQUEST	1	adoption_590_Birth_Father_Name	Adoption Father's Name	1646915677708	1646915678348	OK	 
REQUEST	1	adoption_590_Birth_Father_Name	Adoption Father's Name Redirect 1	1646915678349	1646915678438	OK	 
GROUP	1	adoption_590_Birth_Father_Name	1646915677708	1646915678709	997	OK
REQUEST	1	adoption_600_Birth_Father_Alive	Adoption Father Still alive?	1646915679707	1646915680149	OK	 
REQUEST	1	adoption_600_Birth_Father_Alive	Adoption Father Still alive? Redirect 1	1646915680151	1646915680290	OK	 
GROUP	1	adoption_600_Birth_Father_Alive	1646915679706	1646915680998	1287	OK
REQUEST	1	adoption_610_Birth_Father_Nationality_Add	Adoption Father add Nationality	1646915681998	1646915682178	OK	 
REQUEST	1	adoption_610_Birth_Father_Nationality_Add	Adoption Father add Nationality Redirect 1	1646915682179	1646915682255	OK	 
GROUP	1	adoption_610_Birth_Father_Nationality_Add	1646915681997	1646915682469	467	OK
REQUEST	1	adoption_620_Birth_Father_Nationality_POST	Adoption Father's Nationality	1646915683478	1646915683664	OK	 
REQUEST	1	adoption_620_Birth_Father_Nationality_POST	Adoption Father's Nationality Redirect 1	1646915683665	1646915683735	OK	 
GROUP	1	adoption_620_Birth_Father_Nationality_POST	1646915683477	1646915683797	316	OK
REQUEST	1	adoption_630_Birth_Father_Occupation	Adoption Father's Occupation	1646915684798	1646915685106	OK	 
REQUEST	1	adoption_630_Birth_Father_Occupation	Adoption Father's Occupation Redirect 1	1646915685108	1646915685144	OK	 
GROUP	1	adoption_630_Birth_Father_Occupation	1646915684797	1646915685192	389	OK
REQUEST	1	adoption_640_Birth_Father_Occupation_Address_Known	Adoption Father's Address Known?	1646915686187	1646915686403	OK	 
REQUEST	1	adoption_640_Birth_Father_Occupation_Address_Known	Adoption Father's Address Known? Redirect 1	1646915686404	1646915686448	OK	 
GROUP	1	adoption_640_Birth_Father_Occupation_Address_Known	1646915686186	1646915686493	302	OK
REQUEST	1	adoption_640_Birth_Father_Occupation_Address_Manual	Adoption Father's Address Manual	1646915687488	1646915687950	OK	 
GROUP	1	adoption_640_Birth_Father_Occupation_Address_Manual	1646915687487	1646915688791	1300	OK
REQUEST	1	adoption_640_Birth_Father_Occupation_Address_POST	Adoption Father's Address	1646915689797	1646915689988	OK	 
REQUEST	1	adoption_640_Birth_Father_Occupation_Address_POST	Adoption Father's Address Redirect 1	1646915689990	1646915690041	OK	 
GROUP	1	adoption_640_Birth_Father_Occupation_Address_POST	1646915689796	1646915690086	284	OK
REQUEST	1	adoption_650_Other_Parent_Exists	Adoption Other Parent	1646915691086	1646915691129	OK	 
GROUP	1	adoption_650_Other_Parent_Exists	1646915691086	1646915691338	249	OK
REQUEST	1	adoption_660_Other_Parent_Exists_POST	Adoption Other Parent Exists	1646915692336	1646915692786	OK	 
REQUEST	1	adoption_660_Other_Parent_Exists_POST	Adoption Other Parent Exists Redirect 1	1646915692787	1646915692833	OK	 
GROUP	1	adoption_660_Other_Parent_Exists_POST	1646915692336	1646915692951	611	OK
REQUEST	1	adoption_670_Other_Parent_Name	Adoption Other Parent Name	1646915693958	1646915694400	OK	 
REQUEST	1	adoption_670_Other_Parent_Name	Adoption Other Parent Name Redirect 1	1646915694402	1646915694465	OK	 
GROUP	1	adoption_670_Other_Parent_Name	1646915693957	1646915694833	871	OK
REQUEST	1	adoption_680_Other_Parent_Address_Known?	Adoption Other Parent Address known?	1646915695826	1646915696033	OK	 
REQUEST	1	adoption_680_Other_Parent_Address_Known?	Adoption Other Parent Address known? Redirect 1	1646915696034	1646915696083	OK	 
GROUP	1	adoption_680_Other_Parent_Address_Known?	1646915695825	1646915696154	324	OK
REQUEST	1	adoption_690_Other_Parent_Address_Manual	Adoption Other Parent Address Manual	1646915697157	1646915697298	OK	 
GROUP	1	adoption_690_Other_Parent_Address_Manual	1646915697157	1646915697363	203	OK
REQUEST	1	adoption_700_Other_Parent_Address_POST	Adoption Other Parent Address Manual	1646915698368	1646915698555	OK	 
REQUEST	1	adoption_700_Other_Parent_Address_POST	Adoption Other Parent Address Manual Redirect 1	1646915698557	1646915698606	OK	 
GROUP	1	adoption_700_Other_Parent_Address_POST	1646915698368	1646915698934	561	OK
REQUEST	1	adoption_710_Agency	Adoption Agency	1646915699927	1646915700340	OK	 
REQUEST	1	adoption_710_Agency	Adoption Agency Redirect 1	1646915700341	1646915700676	OK	 
GROUP	1	adoption_710_Agency	1646915699927	1646915700892	954	OK
REQUEST	1	adoption_720_Agency_Details	Adoption Agency Details	1646915701898	1646915702073	OK	 
REQUEST	1	adoption_720_Agency_Details	Adoption Agency Details Redirect 1	1646915702075	1646915702115	OK	 
GROUP	1	adoption_720_Agency_Details	1646915701897	1646915702188	286	OK
REQUEST	1	adoption_730_Other_Agency	Adoption Other Agency?	1646915703186	1646915703616	OK	 
REQUEST	1	adoption_730_Other_Agency	Adoption Other Agency? Redirect 1	1646915703618	1646915703923	OK	 
REQUEST	1	adoption_730_Other_Agency	Adoption Other Agency? Redirect 2	1646915703924	1646915704346	OK	 
GROUP	1	adoption_730_Other_Agency	1646915703185	1646915704435	1243	OK
REQUEST	1	adoption_740_Other_Agency_Details	Adoption Other Agency Details	1646915705438	1646915705788	OK	 
REQUEST	1	adoption_740_Other_Agency_Details	Adoption Other Agency Details Redirect 1	1646915705789	1646915706389	OK	 
GROUP	1	adoption_740_Other_Agency_Details	1646915705438	1646915706553	1112	OK
REQUEST	1	adoption_750_Social_Worker_Details	Adoption Social Worker Details	1646915707546	1646915708260	OK	 
REQUEST	1	adoption_750_Social_Worker_Details	Adoption Social Worker Details Redirect 1	1646915708261	1646915708309	OK	 
GROUP	1	adoption_750_Social_Worker_Details	1646915707546	1646915708353	803	OK
REQUEST	1	adoption_760_Sibling_Details	Adoption Sibling Details	1646915709356	1646915709411	OK	 
GROUP	1	adoption_760_Sibling_Details	1646915709356	1646915709455	98	OK
REQUEST	1	adoption_770_Sibling_Other?	Adoption Any Sibling?	1646915710468	1646915710887	OK	 
REQUEST	1	adoption_770_Sibling_Other?	Adoption Any Sibling? Redirect 1	1646915710888	1646915710943	OK	 
GROUP	1	adoption_770_Sibling_Other?	1646915710467	1646915710991	519	OK
REQUEST	1	adoption_780_Sibling_Court_Order_Exists?	Adoption Court Order Exists?	1646915711986	1646915712422	OK	 
REQUEST	1	adoption_780_Sibling_Court_Order_Exists?	Adoption Court Order Exists? Redirect 1	1646915712424	1646915712783	OK	 
GROUP	1	adoption_780_Sibling_Court_Order_Exists?	1646915711986	1646915712950	960	OK
REQUEST	1	adoption_790_Sibling_Name?	Adoption Sibling Name	1646915713947	1646915714266	OK	 
REQUEST	1	adoption_790_Sibling_Name?	Adoption Sibling Name Redirect 1	1646915714267	1646915714573	OK	 
REQUEST	1	adoption_790_Sibling_Name?	Adoption Sibling Name Redirect 2	1646915714574	1646915714778	OK	 
GROUP	1	adoption_790_Sibling_Name?	1646915713946	1646915714834	882	OK
REQUEST	1	adoption_800_Sibling_Order_Type	Adoption Order Type?	1646915715826	1646915716007	OK	 
REQUEST	1	adoption_800_Sibling_Order_Type	Adoption Order Type? Redirect 1	1646915716009	1646915716421	OK	 
GROUP	1	adoption_800_Sibling_Order_Type	1646915715825	1646915716515	685	OK
REQUEST	1	adoption_810_Sibling_Order_Number	Adoption Order Number	1646915717518	1646915717889	OK	 
REQUEST	1	adoption_810_Sibling_Order_Number	Adoption Order Number Redirect 1	1646915717890	1646915717984	OK	 
GROUP	1	adoption_810_Sibling_Order_Number	1646915717518	1646915718169	648	OK
REQUEST	1	adoption_820_Sibling_New_Order?	Adoption Add New Order?	1646915719178	1646915719501	OK	 
REQUEST	1	adoption_820_Sibling_New_Order?	Adoption Add New Order? Redirect 1	1646915719502	1646915719673	OK	 
GROUP	1	adoption_820_Sibling_New_Order?	1646915719177	1646915720014	831	OK
REQUEST	1	adoption_830_Sibling_Select	Adoption Select Sibling	1646915721007	1646915721331	OK	 
REQUEST	1	adoption_830_Sibling_Select	Adoption Select Sibling Redirect 1	1646915721333	1646915721638	OK	 
REQUEST	1	adoption_830_Sibling_Select	Adoption Select Sibling Redirect 2	1646915721640	1646915721847	OK	 
GROUP	1	adoption_830_Sibling_Select	1646915721007	1646915722305	1292	OK
REQUEST	1	adoption_840_Sibling_Select	Adoption Order Type	1646915723318	1646915723584	OK	 
REQUEST	1	adoption_840_Sibling_Select	Adoption Order Type Redirect 1	1646915723586	1646915723790	OK	 
GROUP	1	adoption_840_Sibling_Select	1646915723317	1646915723830	508	OK
REQUEST	1	adoption_850_Sibling_Select	Adoption Order Number	1646915724826	1646915725222	OK	 
REQUEST	1	adoption_850_Sibling_Select	Adoption Order Number Redirect 1	1646915725224	1646915725269	OK	 
GROUP	1	adoption_850_Sibling_Select	1646915724826	1646915725447	616	OK
REQUEST	1	adoption_855_Sibling_Select	Adoption Order Number	1646915726448	1646915726664	OK	 
REQUEST	1	adoption_855_Sibling_Select	Adoption Order Number Redirect 1	1646915726665	1646915726707	OK	 
GROUP	1	adoption_855_Sibling_Select	1646915726448	1646915726758	307	OK
REQUEST	1	adoption_860_Sibling_Select	Adoption Order Number	1646915726758	1646915726914	OK	 
REQUEST	1	adoption_860_Sibling_Select	Adoption Order Number Redirect 1	1646915726914	1646915726964	OK	 
GROUP	1	adoption_860_Sibling_Select	1646915726758	1646915727009	248	OK
REQUEST	1	adoption_861_Family_Court	Adoption Family Court Redirect	1646915728006	1646915728063	OK	 
GROUP	1	adoption_861_Family_Court	1646915728005	1646915728706	698	OK
REQUEST	1	adoption_862_Family_Court_POST	Adoption Family Court Redirect	1646915728706	1646915728919	OK	 
REQUEST	1	adoption_862_Family_Court_POST	Adoption Family Court Redirect Redirect 1	1646915728920	1646915728963	OK	 
GROUP	1	adoption_862_Family_Court_POST	1646915728706	1646915729041	331	OK
REQUEST	1	adoption_870_Upload_Document	Adoption Birth Certificate Details	1646915729041	1646915729120	OK	 
GROUP	1	adoption_870_Upload_Document	1646915729041	1646915729186	143	OK
REQUEST	1	adoption_880_Upload_Document	Adoption Certificate Upload	1646915730223	1646915731297	KO	regex(id/([0-9a-z-]+?)/binary).find.exists, found nothing
GROUP	1	adoption_880_Upload_Document	1646915730196	1646915731317	1074	KO
USER	LAU Simulation	1	END	1646915572839	1646915731321
