RUN	simulations.mainSimulation	mainsimulation	1648462291405	 	3.3.1
USER	LAU Simulation	1	START	1648462291992	1648462291992
REQUEST	1	AD_010_Homepage	Adoption Homepage	1648462292014	1648462294574	OK	 
REQUEST	1	AD_010_Homepage	Adoption Homepage Redirect 1	1648462294601	1648462294941	OK	 
REQUEST	1	AD_010_Homepage	Adoption Homepage Redirect 2	1648462294944	1648462295795	OK	 
GROUP	1	AD_010_Homepage	1648462291998	1648462296793	4654	OK
REQUEST	1	AD_020_Login	Adoption Login	1648462303815	1648462304668	OK	 
REQUEST	1	AD_020_Login	Adoption Login Redirect 1	1648462304672	1648462305181	OK	 
REQUEST	1	AD_020_Login	Adoption Login Redirect 2	1648462305183	1648462309803	OK	 
REQUEST	1	AD_020_Login	Adoption Login Redirect 3	1648462309805	1648462310304	OK	 
GROUP	1	AD_020_Login	1648462303809	1648462312454	8624	OK
REQUEST	1	AD_030_Apply_With	Adoption Applying With	1648462319460	1648462319757	OK	 
GROUP	1	AD_030_Apply_With	1648462319459	1648462320039	572	OK
REQUEST	1	AD_040_Applying_Post	Adoption Applying Post	1648462327052	1648462329755	OK	 
REQUEST	1	AD_040_Applying_Post	Adoption Applying Post Redirect 1	1648462329758	1648462330258	OK	 
GROUP	1	AD_040_Applying_Post	1648462327050	1648462330432	3373	OK
REQUEST	1	AD_050_Applying_With_Redirect	Adoption Applying With Redirect	1648462337419	1648462337818	OK	 
GROUP	1	AD_050_Applying_With_Redirect	1648462337419	1648462338008	585	OK
REQUEST	1	AD_060_Date_Of_Move	Adoption Date Child Moved in 	1648462345020	1648462345291	OK	 
GROUP	1	AD_060_Date_Of_Move	1648462345019	1648462345531	472	OK
REQUEST	1	AD_070_Date_Of_Move_POST	Adoption Date Child Moved in Post	1648462352529	1648462355229	OK	 
REQUEST	1	AD_070_Date_Of_Move_POST	Adoption Date Child Moved in Post Redirect 1	1648462355231	1648462355476	OK	 
GROUP	1	AD_070_Date_Of_Move_POST	1648462352529	1648462355671	3137	OK
REQUEST	1	AD_710_Agency	Adoption Agency	1648462355671	1648462356788	OK	 
REQUEST	1	AD_710_Agency	Adoption Agency Redirect 1	1648462356789	1648462359664	OK	 
GROUP	1	AD_710_Agency	1648462355671	1648462359970	4295	OK
REQUEST	1	AD_720_Agency_Details	Adoption Agency Details	1648462366972	1648462368769	OK	 
REQUEST	1	AD_720_Agency_Details	Adoption Agency Details Redirect 1	1648462368770	1648462369509	OK	 
GROUP	1	AD_720_Agency_Details	1648462366971	1648462369782	2805	OK
REQUEST	1	AD_730_Other_Agency	Adoption Other Agency?	1648462376780	1648462377835	OK	 
REQUEST	1	AD_730_Other_Agency	Adoption Other Agency? Redirect 1	1648462377836	1648462379214	OK	 
REQUEST	1	AD_730_Other_Agency	Adoption Other Agency? Redirect 2	1648462379215	1648462380854	OK	 
GROUP	1	AD_730_Other_Agency	1648462376780	1648462381488	4703	OK
REQUEST	1	AD_740_Other_Agency_Details	Adoption Other Agency Details	1648462388481	1648462393139	OK	 
REQUEST	1	AD_740_Other_Agency_Details	Adoption Other Agency Details Redirect 1	1648462393141	1648462394778	OK	 
GROUP	1	AD_740_Other_Agency_Details	1648462388480	1648462395112	6626	OK
REQUEST	1	AD_750_Social_Worker_Details	Adoption Social Worker Details	1648462402120	1648462402573	OK	 
REQUEST	1	AD_750_Social_Worker_Details	Adoption Social Worker Details Redirect 1	1648462402575	1648462402666	OK	 
GROUP	1	AD_750_Social_Worker_Details	1648462402119	1648462402808	682	OK
REQUEST	1	AD_080_Your_Details	Adoption Your Personal Details 	1648462409801	1648462409867	OK	 
GROUP	1	AD_080_Your_Details	1648462409800	1648462409993	188	OK
USER	LAU Simulation	2	START	1648462412000	1648462412000
REQUEST	2	AD_010_Homepage	Adoption Homepage	1648462412002	1648462412196	OK	 
REQUEST	2	AD_010_Homepage	Adoption Homepage Redirect 1	1648462412198	1648462412275	OK	 
REQUEST	2	AD_010_Homepage	Adoption Homepage Redirect 2	1648462412276	1648462412661	OK	 
GROUP	2	AD_010_Homepage	1648462412001	1648462414160	2149	OK
REQUEST	1	AD_090_Your_Details_POST	Adoption Your Personal Details Post	1648462417000	1648462418638	OK	 
REQUEST	1	AD_090_Your_Details_POST	Adoption Your Personal Details Post Redirect 1	1648462418640	1648462419404	OK	 
GROUP	1	AD_090_Your_Details_POST	1648462416999	1648462419713	2707	OK
REQUEST	2	AD_020_Login	Adoption Login	1648462421179	1648462421606	OK	 
REQUEST	2	AD_020_Login	Adoption Login Redirect 1	1648462421608	1648462424269	OK	 
REQUEST	2	AD_020_Login	Adoption Login Redirect 2	1648462424271	1648462428313	OK	 
REQUEST	1	AD_100_Your_Details_Other_Name	Adoption Your Personal Details Other Name	1648462426711	1648462428573	OK	 
REQUEST	1	AD_100_Your_Details_Other_Name	Adoption Your Personal Details Other Name Redirect 1	1648462428575	1648462428984	OK	 
GROUP	1	AD_100_Your_Details_Other_Name	1648462426710	1648462429207	2491	OK
REQUEST	2	AD_020_Login	Adoption Login Redirect 3	1648462428314	1648462429325	OK	 
GROUP	2	AD_020_Login	1648462421178	1648462431171	9984	OK
REQUEST	1	AD_110_Your_Details_DoB	Adoption Your Personal Details DoB	1648462436210	1648462436359	OK	 
GROUP	1	AD_110_Your_Details_DoB	1648462436209	1648462436671	457	OK
REQUEST	1	AD_120_Your_Details_DoB_POST	Adoption Your Personal Details DoB POST	1648462443670	1648462445585	OK	 
REQUEST	1	AD_120_Your_Details_DoB_POST	Adoption Your Personal Details DoB POST Redirect 1	1648462445586	1648462445958	OK	 
GROUP	1	AD_120_Your_Details_DoB_POST	1648462443669	1648462446249	2574	OK
REQUEST	2	AD_030_Apply_With	Adoption Applying With	1648462438180	1648462446635	OK	 
GROUP	2	AD_030_Apply_With	1648462438180	1648462446821	8637	OK
REQUEST	1	AD_130_Your_Details_Occupation	Adoption Your Personal Details Occupation	1648462453260	1648462453759	OK	 
REQUEST	1	AD_130_Your_Details_Occupation	Adoption Your Personal Details Occupation Redirect 1	1648462453761	1648462453837	OK	 
GROUP	1	AD_130_Your_Details_Occupation	1648462453259	1648462454035	769	OK
REQUEST	2	AD_040_Applying_Post	Adoption Applying Post	1648462453818	1648462455850	OK	 
REQUEST	2	AD_040_Applying_Post	Adoption Applying Post Redirect 1	1648462455851	1648462457187	OK	 
GROUP	2	AD_040_Applying_Post	1648462453818	1648462458114	4292	OK
REQUEST	1	AD_140_Your_Contact	Adoption Your Contact Details LookUp	1648462461030	1648462461128	OK	 
GROUP	1	AD_140_Your_Contact	1648462461029	1648462461203	170	OK
REQUEST	2	AD_050_Applying_With_Redirect	Adoption Applying With Redirect	1648462465109	1648462466164	OK	 
GROUP	2	AD_050_Applying_With_Redirect	1648462465108	1648462466220	1107	OK
REQUEST	1	AD_150_Your_Contact_Manual	Adoption Your Contact Details Manual	1648462468198	1648462468401	OK	 
GROUP	1	AD_150_Your_Contact_Manual	1648462468198	1648462468575	373	OK
REQUEST	2	AD_060_Date_Of_Move	Adoption Date Child Moved in 	1648462473229	1648462473910	OK	 
GROUP	2	AD_060_Date_Of_Move	1648462473228	1648462473962	731	OK
REQUEST	1	AD_160_Your_Contact_POST	Adoption Your Contact Details Manual POST	1648462475578	1648462476242	OK	 
REQUEST	1	AD_160_Your_Contact_POST	Adoption Your Contact Details Manual POST Redirect 1	1648462476243	1648462476312	OK	 
GROUP	1	AD_160_Your_Contact_POST	1648462475578	1648462476364	782	OK
REQUEST	2	AD_070_Date_Of_Move_POST	Adoption Date Child Moved in Post	1648462480960	1648462485605	OK	 
REQUEST	1	AD_170_Your_Contact_POST	Adoption Your Contact Details POST	1648462483360	1648462486319	OK	 
REQUEST	2	AD_070_Date_Of_Move_POST	Adoption Date Child Moved in Post Redirect 1	1648462485607	1648462486417	OK	 
REQUEST	1	AD_170_Your_Contact_POST	Adoption Your Contact Details POST Redirect 1	1648462486321	1648462486533	OK	 
GROUP	2	AD_070_Date_Of_Move_POST	1648462480959	1648462486694	5730	OK
GROUP	1	AD_170_Your_Contact_POST	1648462483360	1648462486807	3443	OK
REQUEST	2	AD_710_Agency	Adoption Agency	1648462486695	1648462488677	OK	 
REQUEST	1	AD_180_Second_Person	Adoption Second Personal Details	1648462493810	1648462494942	OK	 
REQUEST	2	AD_710_Agency	Adoption Agency Redirect 1	1648462488678	1648462494953	OK	 
GROUP	1	AD_180_Second_Person	1648462493809	1648462495120	1308	OK
GROUP	2	AD_710_Agency	1648462486694	1648462495120	8422	OK
REQUEST	1	AD_190_Second_PersonPOST	Adoption Second Personal Details POST	1648462502129	1648462502808	OK	 
REQUEST	1	AD_190_Second_PersonPOST	Adoption Second Personal Details POST Redirect 1	1648462502810	1648462502951	OK	 
GROUP	1	AD_190_Second_PersonPOST	1648462502129	1648462503050	916	OK
REQUEST	2	AD_720_Agency_Details	Adoption Agency Details	1648462502118	1648462503832	OK	 
REQUEST	2	AD_720_Agency_Details	Adoption Agency Details Redirect 1	1648462503833	1648462503936	OK	 
GROUP	2	AD_720_Agency_Details	1648462502118	1648462504054	1932	OK
REQUEST	1	AD_200_Second_Other_Name	Adoption Second Other Name	1648462510051	1648462511659	OK	 
REQUEST	1	AD_200_Second_Other_Name	Adoption Second Other Name Redirect 1	1648462511660	1648462513785	OK	 
GROUP	1	AD_200_Second_Other_Name	1648462510050	1648462514387	4332	OK
REQUEST	2	AD_730_Other_Agency	Adoption Other Agency?	1648462511051	1648462515375	OK	 
REQUEST	2	AD_730_Other_Agency	Adoption Other Agency? Redirect 1	1648462515376	1648462516530	OK	 
REQUEST	2	AD_730_Other_Agency	Adoption Other Agency? Redirect 2	1648462516531	1648462520947	OK	 
GROUP	2	AD_730_Other_Agency	1648462511050	1648462521128	10071	OK
REQUEST	1	AD_210_Second_Other_Name_Redirect	Adoption Second Other Name Redirect	1648462521381	1648462522999	OK	 
REQUEST	1	AD_210_Second_Other_Name_Redirect	Adoption Second Other Name Redirect Redirect 1	1648462523001	1648462523561	OK	 
GROUP	1	AD_210_Second_Other_Name_Redirect	1648462521381	1648462523721	2335	OK
REQUEST	2	AD_740_Other_Agency_Details	Adoption Other Agency Details	1648462528131	1648462529329	OK	 
REQUEST	2	AD_740_Other_Agency_Details	Adoption Other Agency Details Redirect 1	1648462529331	1648462530073	OK	 
GROUP	2	AD_740_Other_Agency_Details	1648462528130	1648462530267	2132	OK
REQUEST	1	AD_220_Second_DoB	Adoption Second DoB	1648462530718	1648462531173	OK	 
REQUEST	1	AD_220_Second_DoB	Adoption Second DoB Redirect 1	1648462531174	1648462531232	OK	 
GROUP	1	AD_220_Second_DoB	1648462530718	1648462531295	574	OK
USER	LAU Simulation	3	START	1648462532000	1648462532000
REQUEST	3	AD_010_Homepage	Adoption Homepage	1648462532001	1648462532414	OK	 
REQUEST	3	AD_010_Homepage	Adoption Homepage Redirect 1	1648462532415	1648462532571	OK	 
REQUEST	3	AD_010_Homepage	Adoption Homepage Redirect 2	1648462532573	1648462532659	OK	 
GROUP	3	AD_010_Homepage	1648462532001	1648462537222	5213	OK
REQUEST	2	AD_750_Social_Worker_Details	Adoption Social Worker Details	1648462537270	1648462538647	OK	 
REQUEST	1	AD_230_Second_Occupation	Adoption Second Occupation	1648462538298	1648462538781	OK	 
REQUEST	2	AD_750_Social_Worker_Details	Adoption Social Worker Details Redirect 1	1648462538649	1648462538862	OK	 
REQUEST	1	AD_230_Second_Occupation	Adoption Second Occupation Redirect 1	1648462538782	1648462538985	OK	 
GROUP	2	AD_750_Social_Worker_Details	1648462537269	1648462539141	1865	OK
GROUP	1	AD_230_Second_Occupation	1648462538298	1648462539342	1040	OK
REQUEST	3	AD_020_Login	Adoption Login	1648462544241	1648462545040	OK	 
REQUEST	3	AD_020_Login	Adoption Login Redirect 1	1648462545041	1648462545404	OK	 
REQUEST	3	AD_020_Login	Adoption Login Redirect 2	1648462545405	1648462549556	OK	 
REQUEST	3	AD_020_Login	Adoption Login Redirect 3	1648462549557	1648462549991	OK	 
REQUEST	2	AD_080_Your_Details	Adoption Your Personal Details 	1648462546141	1648462550390	OK	 
GROUP	2	AD_080_Your_Details	1648462546140	1648462550635	4492	OK
REQUEST	1	AD_240_Second_Contact_Same	Adoption Second Contact Details Same-Address	1648462546338	1648462550690	OK	 
GROUP	1	AD_240_Second_Contact_Same	1648462546338	1648462550859	4519	OK
GROUP	3	AD_020_Login	1648462544240	1648462551040	6793	OK
REQUEST	3	AD_030_Apply_With	Adoption Applying With	1648462558050	1648462558106	OK	 
GROUP	3	AD_030_Apply_With	1648462558050	1648462560833	2780	OK
REQUEST	2	AD_090_Your_Details_POST	Adoption Your Personal Details Post	1648462557631	1648462561586	OK	 
REQUEST	1	AD_250_Second_Contact_Same_POST	Adoption Second Contact Details Same-Address POST	1648462557869	1648462562096	OK	 
REQUEST	1	AD_250_Second_Contact_Same_POST	Adoption Second Contact Details Same-Address POST Redirect 1	1648462562098	1648462563360	OK	 
REQUEST	2	AD_090_Your_Details_POST	Adoption Your Personal Details Post Redirect 1	1648462561587	1648462563400	OK	 
GROUP	2	AD_090_Your_Details_POST	1648462557630	1648462563529	5895	OK
GROUP	1	AD_250_Second_Contact_Same_POST	1648462557869	1648462563529	5655	OK
REQUEST	1	AD_260_Second_Contact_Manual_Redirect	Adoption Second Contact Details manual redirect	1648462570530	1648462571123	OK	 
GROUP	1	AD_260_Second_Contact_Manual_Redirect	1648462570530	1648462571308	775	OK
REQUEST	2	AD_100_Your_Details_Other_Name	Adoption Your Personal Details Other Name	1648462570540	1648462571567	OK	 
REQUEST	3	AD_040_Applying_Post	Adoption Applying Post	1648462567828	1648462571655	OK	 
REQUEST	3	AD_040_Applying_Post	Adoption Applying Post Redirect 1	1648462571656	1648462571799	OK	 
REQUEST	2	AD_100_Your_Details_Other_Name	Adoption Your Personal Details Other Name Redirect 1	1648462571568	1648462571816	OK	 
GROUP	2	AD_100_Your_Details_Other_Name	1648462570540	1648462571936	1393	OK
GROUP	3	AD_040_Applying_Post	1648462567828	1648462571945	4113	OK
REQUEST	3	AD_050_Applying_With_Redirect	Adoption Applying With Redirect	1648462578939	1648462578992	OK	 
GROUP	3	AD_050_Applying_With_Redirect	1648462578939	1648462581221	2278	OK
REQUEST	2	AD_110_Your_Details_DoB	Adoption Your Personal Details DoB	1648462578930	1648462581233	OK	 
GROUP	2	AD_110_Your_Details_DoB	1648462578929	1648462581285	2352	OK
REQUEST	1	AD_270_Second_Contact_Manual_POST	Adoption Second Contact Details manual POST	1648462578300	1648462581655	OK	 
REQUEST	1	AD_270_Second_Contact_Manual_POST	Adoption Second Contact Details manual POST Redirect 1	1648462581656	1648462581713	OK	 
GROUP	1	AD_270_Second_Contact_Manual_POST	1648462578299	1648462581812	3509	OK
REQUEST	3	AD_060_Date_Of_Move	Adoption Date Child Moved in 	1648462588229	1648462588275	OK	 
GROUP	3	AD_060_Date_Of_Move	1648462588229	1648462588420	188	OK
REQUEST	1	AD_280_Second_Contact_POST	Adoption Second Contact Details POST	1648462588821	1648462589875	OK	 
REQUEST	2	AD_120_Your_Details_DoB_POST	Adoption Your Personal Details DoB POST	1648462588291	1648462591178	OK	 
REQUEST	1	AD_280_Second_Contact_POST	Adoption Second Contact Details POST Redirect 1	1648462589876	1648462591680	OK	 
REQUEST	2	AD_120_Your_Details_DoB_POST	Adoption Your Personal Details DoB POST Redirect 1	1648462591179	1648462591701	OK	 
GROUP	2	AD_120_Your_Details_DoB_POST	1648462588290	1648462591832	3538	OK
GROUP	1	AD_280_Second_Contact_POST	1648462588820	1648462591846	3021	OK
REQUEST	3	AD_070_Date_Of_Move_POST	Adoption Date Child Moved in Post	1648462595421	1648462595888	OK	 
REQUEST	3	AD_070_Date_Of_Move_POST	Adoption Date Child Moved in Post Redirect 1	1648462595889	1648462596028	OK	 
GROUP	3	AD_070_Date_Of_Move_POST	1648462595421	1648462596169	745	OK
REQUEST	3	AD_710_Agency	Adoption Agency	1648462596169	1648462599157	OK	 
REQUEST	1	AD_290_Birth_Certificate	Adoption Birth Certificate Details	1648462598841	1648462599158	OK	 
GROUP	1	AD_290_Birth_Certificate	1648462598840	1648462599297	453	OK
REQUEST	2	AD_130_Your_Details_Occupation	Adoption Your Personal Details Occupation	1648462598831	1648462599475	OK	 
REQUEST	2	AD_130_Your_Details_Occupation	Adoption Your Personal Details Occupation Redirect 1	1648462599477	1648462599803	OK	 
GROUP	2	AD_130_Your_Details_Occupation	1648462598830	1648462599847	1011	OK
REQUEST	3	AD_710_Agency	Adoption Agency Redirect 1	1648462599159	1648462601160	OK	 
GROUP	3	AD_710_Agency	1648462596169	1648462601599	5427	OK
REQUEST	1	AD_300_Birth_Name	Adoption Birth Certificate Name	1648462606290	1648462606972	OK	 
REQUEST	2	AD_140_Your_Contact	Adoption Your Contact Details LookUp	1648462606840	1648462607099	OK	 
REQUEST	1	AD_300_Birth_Name	Adoption Birth Certificate Name Redirect 1	1648462606974	1648462607107	OK	 
GROUP	1	AD_300_Birth_Name	1648462606290	1648462607180	886	OK
GROUP	2	AD_140_Your_Contact	1648462606840	1648462607181	339	OK
REQUEST	3	AD_720_Agency_Details	Adoption Agency Details	1648462608600	1648462610307	OK	 
REQUEST	3	AD_720_Agency_Details	Adoption Agency Details Redirect 1	1648462610308	1648462610574	OK	 
GROUP	3	AD_720_Agency_Details	1648462608600	1648462610661	2057	OK
REQUEST	2	AD_150_Your_Contact_Manual	Adoption Your Contact Details Manual	1648462614189	1648462614934	OK	 
GROUP	2	AD_150_Your_Contact_Manual	1648462614189	1648462615055	862	OK
REQUEST	1	AD_320_Birth_DoB	Adoption Birth Certificate DoB	1648462614189	1648462615314	OK	 
REQUEST	1	AD_320_Birth_DoB	Adoption Birth Certificate DoB Redirect 1	1648462615315	1648462615378	OK	 
GROUP	1	AD_320_Birth_DoB	1648462614189	1648462615451	1257	OK
REQUEST	3	AD_730_Other_Agency	Adoption Other Agency?	1648462617661	1648462619079	OK	 
REQUEST	3	AD_730_Other_Agency	Adoption Other Agency? Redirect 1	1648462619080	1648462620157	OK	 
REQUEST	3	AD_730_Other_Agency	Adoption Other Agency? Redirect 2	1648462620159	1648462620670	OK	 
GROUP	3	AD_730_Other_Agency	1648462617660	1648462620728	3061	OK
REQUEST	2	AD_160_Your_Contact_POST	Adoption Your Contact Details Manual POST	1648462622050	1648462622638	OK	 
REQUEST	1	AD_330_Birth_Sex	Adoption Birth Certificate Sex	1648462622451	1648462623037	OK	 
REQUEST	1	AD_330_Birth_Sex	Adoption Birth Certificate Sex Redirect 1	1648462623038	1648462623310	OK	 
GROUP	1	AD_330_Birth_Sex	1648462622450	1648462623400	946	OK
REQUEST	2	AD_160_Your_Contact_POST	Adoption Your Contact Details Manual POST Redirect 1	1648462622640	1648462623571	OK	 
GROUP	2	AD_160_Your_Contact_POST	1648462622049	1648462623660	1605	OK
REQUEST	1	AD_340_Birth_Nationality_Add	Adoption Birth Certificate Nationality Add	1648462630400	1648462630843	OK	 
REQUEST	1	AD_340_Birth_Nationality_Add	Adoption Birth Certificate Nationality Add Redirect 1	1648462630844	1648462630949	OK	 
GROUP	1	AD_340_Birth_Nationality_Add	1648462630400	1648462631063	660	OK
REQUEST	3	AD_740_Other_Agency_Details	Adoption Other Agency Details	1648462627721	1648462631120	OK	 
REQUEST	3	AD_740_Other_Agency_Details	Adoption Other Agency Details Redirect 1	1648462631121	1648462631169	OK	 
GROUP	3	AD_740_Other_Agency_Details	1648462627720	1648462631216	3490	OK
REQUEST	2	AD_170_Your_Contact_POST	Adoption Your Contact Details POST	1648462630670	1648462631308	OK	 
REQUEST	2	AD_170_Your_Contact_POST	Adoption Your Contact Details POST Redirect 1	1648462631309	1648462631398	OK	 
GROUP	2	AD_170_Your_Contact_POST	1648462630670	1648462631433	760	OK
REQUEST	3	AD_750_Social_Worker_Details	Adoption Social Worker Details	1648462638219	1648462638666	OK	 
REQUEST	1	AD_350_Birth_Nationality_POST	Adoption Birth Certificate Nationality POST	1648462638061	1648462638980	OK	 
REQUEST	3	AD_750_Social_Worker_Details	Adoption Social Worker Details Redirect 1	1648462638667	1648462640154	OK	 
GROUP	3	AD_750_Social_Worker_Details	1648462638218	1648462641015	2793	OK
REQUEST	2	AD_180_Second_Person	Adoption Second Personal Details	1648462638429	1648462641631	OK	 
GROUP	2	AD_180_Second_Person	1648462638428	1648462642134	3702	OK
REQUEST	1	AD_350_Birth_Nationality_POST	Adoption Birth Certificate Nationality POST Redirect 1	1648462638982	1648462643042	OK	 
GROUP	1	AD_350_Birth_Nationality_POST	1648462638060	1648462643107	5040	OK
REQUEST	3	AD_080_Your_Details	Adoption Your Personal Details 	1648462648009	1648462648086	OK	 
GROUP	3	AD_080_Your_Details	1648462648009	1648462648831	819	OK
REQUEST	2	AD_190_Second_PersonPOST	Adoption Second Personal Details POST	1648462649129	1648462649657	OK	 
REQUEST	2	AD_190_Second_PersonPOST	Adoption Second Personal Details POST Redirect 1	1648462649659	1648462649838	OK	 
GROUP	2	AD_190_Second_PersonPOST	1648462649128	1648462649962	829	OK
REQUEST	1	AD_360_Certificate_Details	Adoption Certificate Details	1648462650111	1648462650299	OK	 
GROUP	1	AD_360_Certificate_Details	1648462650110	1648462650467	353	OK
USER	LAU Simulation	4	START	1648462651999	1648462651999
REQUEST	4	AD_010_Homepage	Adoption Homepage	1648462652001	1648462652081	OK	 
REQUEST	4	AD_010_Homepage	Adoption Homepage Redirect 1	1648462652082	1648462652109	OK	 
REQUEST	4	AD_010_Homepage	Adoption Homepage Redirect 2	1648462652110	1648462652197	OK	 
GROUP	4	AD_010_Homepage	1648462652001	1648462655182	3174	OK
REQUEST	3	AD_090_Your_Details_POST	Adoption Your Personal Details Post	1648462655840	1648462656805	OK	 
REQUEST	3	AD_090_Your_Details_POST	Adoption Your Personal Details Post Redirect 1	1648462656806	1648462656861	OK	 
GROUP	3	AD_090_Your_Details_POST	1648462655839	1648462656932	1088	OK
REQUEST	1	AD_370_Certificate_Name	Adoption Certificate Details Name	1648462657458	1648462658249	OK	 
REQUEST	2	AD_200_Second_Other_Name	Adoption Second Other Name	1648462656969	1648462658776	OK	 
REQUEST	1	AD_370_Certificate_Name	Adoption Certificate Details Name Redirect 1	1648462658250	1648462658923	OK	 
GROUP	1	AD_370_Certificate_Name	1648462657458	1648462659341	1879	OK
REQUEST	2	AD_200_Second_Other_Name	Adoption Second Other Name Redirect 1	1648462658777	1648462659785	OK	 
GROUP	2	AD_200_Second_Other_Name	1648462656969	1648462660298	3323	OK
REQUEST	4	AD_020_Login	Adoption Login	1648462662199	1648462662795	OK	 
REQUEST	4	AD_020_Login	Adoption Login Redirect 1	1648462662795	1648462663150	OK	 
REQUEST	3	AD_100_Your_Details_Other_Name	Adoption Your Personal Details Other Name	1648462663928	1648462664689	OK	 
REQUEST	3	AD_100_Your_Details_Other_Name	Adoption Your Personal Details Other Name Redirect 1	1648462664690	1648462664949	OK	 
GROUP	3	AD_100_Your_Details_Other_Name	1648462663928	1648462665048	1116	OK
REQUEST	4	AD_020_Login	Adoption Login Redirect 2	1648462663151	1648462666155	OK	 
REQUEST	4	AD_020_Login	Adoption Login Redirect 3	1648462666156	1648462666192	OK	 
GROUP	4	AD_020_Login	1648462662198	1648462666477	4274	OK
REQUEST	1	AD_380_Placement_Order	Adoption Placement Order Details	1648462666348	1648462666899	OK	 
GROUP	1	AD_380_Placement_Order	1648462666348	1648462667061	711	OK
REQUEST	2	AD_210_Second_Other_Name_Redirect	Adoption Second Other Name Redirect	1648462667300	1648462668113	OK	 
REQUEST	2	AD_210_Second_Other_Name_Redirect	Adoption Second Other Name Redirect Redirect 1	1648462668114	1648462668207	OK	 
GROUP	2	AD_210_Second_Other_Name_Redirect	1648462667300	1648462668267	964	OK
REQUEST	3	AD_110_Your_Details_DoB	Adoption Your Personal Details DoB	1648462672050	1648462672093	OK	 
GROUP	3	AD_110_Your_Details_DoB	1648462672049	1648462672985	933	OK
REQUEST	4	AD_030_Apply_With	Adoption Applying With	1648462673481	1648462673523	OK	 
GROUP	4	AD_030_Apply_With	1648462673480	1648462674004	520	OK
REQUEST	1	AD_390_Placement_Number	Adoption Placement Order Number	1648462674070	1648462675772	OK	 
REQUEST	1	AD_390_Placement_Number	Adoption Placement Order Number Redirect 1	1648462675772	1648462676578	OK	 
REQUEST	2	AD_220_Second_DoB	Adoption Second DoB	1648462675259	1648462676625	OK	 
GROUP	1	AD_390_Placement_Number	1648462674070	1648462676631	2558	OK
REQUEST	2	AD_220_Second_DoB	Adoption Second DoB Redirect 1	1648462676626	1648462676772	OK	 
GROUP	2	AD_220_Second_DoB	1648462675259	1648462676818	1556	OK
REQUEST	3	AD_120_Your_Details_DoB_POST	Adoption Your Personal Details DoB POST	1648462679991	1648462681111	OK	 
REQUEST	3	AD_120_Your_Details_DoB_POST	Adoption Your Personal Details DoB POST Redirect 1	1648462681113	1648462681300	OK	 
GROUP	3	AD_120_Your_Details_DoB_POST	1648462679990	1648462681469	1473	OK
REQUEST	4	AD_040_Applying_Post	Adoption Applying Post	1648462681009	1648462681617	OK	 
REQUEST	4	AD_040_Applying_Post	Adoption Applying Post Redirect 1	1648462681619	1648462681656	OK	 
GROUP	4	AD_040_Applying_Post	1648462681008	1648462681701	687	OK
REQUEST	1	AD_400_Placement_Court	Adoption Placement Court	1648462683630	1648462684377	OK	 
REQUEST	2	AD_230_Second_Occupation	Adoption Second Occupation	1648462683821	1648462684433	OK	 
REQUEST	1	AD_400_Placement_Court	Adoption Placement Court Redirect 1	1648462684378	1648462684876	OK	 
GROUP	1	AD_400_Placement_Court	1648462683630	1648462685477	1843	OK
REQUEST	2	AD_230_Second_Occupation	Adoption Second Occupation Redirect 1	1648462684434	1648462686049	OK	 
GROUP	2	AD_230_Second_Occupation	1648462683821	1648462686148	2322	OK
REQUEST	3	AD_130_Your_Details_Occupation	Adoption Your Personal Details Occupation	1648462688460	1648462689685	OK	 
REQUEST	3	AD_130_Your_Details_Occupation	Adoption Your Personal Details Occupation Redirect 1	1648462689686	1648462689735	OK	 
GROUP	3	AD_130_Your_Details_Occupation	1648462688459	1648462690402	1938	OK
REQUEST	4	AD_050_Applying_With_Redirect	Adoption Applying With Redirect	1648462688700	1648462690431	OK	 
GROUP	4	AD_050_Applying_With_Redirect	1648462688700	1648462690920	2218	OK
REQUEST	1	AD_410_Placement_Date	Adoption Placement Date	1648462692469	1648462693300	OK	 
REQUEST	2	AD_240_Second_Contact_Same	Adoption Second Contact Details Same-Address	1648462693148	1648462694183	OK	 
REQUEST	1	AD_410_Placement_Date	Adoption Placement Date Redirect 1	1648462693302	1648462694318	OK	 
GROUP	2	AD_240_Second_Contact_Same	1648462693148	1648462694499	1349	OK
GROUP	1	AD_410_Placement_Date	1648462692468	1648462694528	2055	OK
REQUEST	3	AD_140_Your_Contact	Adoption Your Contact Details LookUp	1648462697412	1648462697448	OK	 
REQUEST	4	AD_060_Date_Of_Move	Adoption Date Child Moved in 	1648462697920	1648462697996	OK	 
GROUP	3	AD_140_Your_Contact	1648462697410	1648462698047	631	OK
GROUP	4	AD_060_Date_Of_Move	1648462697920	1648462698683	761	OK
REQUEST	2	AD_250_Second_Contact_Same_POST	Adoption Second Contact Details Same-Address POST	1648462701510	1648462702490	OK	 
REQUEST	1	AD_420_Placement_Summary	Adoption Placement Summary	1648462701531	1648462702590	OK	 
REQUEST	2	AD_250_Second_Contact_Same_POST	Adoption Second Contact Details Same-Address POST Redirect 1	1648462702491	1648462703506	OK	 
GROUP	2	AD_250_Second_Contact_Same_POST	1648462701510	1648462703615	2102	OK
REQUEST	3	AD_150_Your_Contact_Manual	Adoption Your Contact Details Manual	1648462705038	1648462705081	OK	 
GROUP	3	AD_150_Your_Contact_Manual	1648462705038	1648462705133	92	OK
REQUEST	1	AD_420_Placement_Summary	Adoption Placement Summary Redirect 1	1648462702591	1648462706183	OK	 
REQUEST	4	AD_070_Date_Of_Move_POST	Adoption Date Child Moved in Post	1648462705680	1648462706651	OK	 
REQUEST	4	AD_070_Date_Of_Move_POST	Adoption Date Child Moved in Post Redirect 1	1648462706653	1648462706690	OK	 
GROUP	4	AD_070_Date_Of_Move_POST	1648462705680	1648462706837	1152	OK
REQUEST	4	AD_710_Agency	Adoption Agency	1648462706837	1648462709887	OK	 
REQUEST	4	AD_710_Agency	Adoption Agency Redirect 1	1648462709888	1648462710219	OK	 
REQUEST	1	AD_420_Placement_Summary	Adoption Placement Summary Redirect 2	1648462706183	1648462710272	OK	 
GROUP	4	AD_710_Agency	1648462706837	1648462710601	3760	OK
GROUP	1	AD_420_Placement_Summary	1648462701530	1648462710668	9135	OK
REQUEST	2	AD_260_Second_Contact_Manual_Redirect	Adoption Second Contact Details manual redirect	1648462710600	1648462712015	OK	 
GROUP	2	AD_260_Second_Contact_Manual_Redirect	1648462710600	1648462712208	1605	OK
REQUEST	3	AD_160_Your_Contact_POST	Adoption Your Contact Details Manual POST	1648462712138	1648462712827	OK	 
REQUEST	3	AD_160_Your_Contact_POST	Adoption Your Contact Details Manual POST Redirect 1	1648462712828	1648462712952	OK	 
GROUP	3	AD_160_Your_Contact_POST	1648462712137	1648462712996	854	OK
REQUEST	1	AD_430_Placement_Type_2	Adoption Placement Type 2	1648462717661	1648462718386	OK	 
REQUEST	4	AD_720_Agency_Details	Adoption Agency Details	1648462717608	1648462718386	OK	 
REQUEST	4	AD_720_Agency_Details	Adoption Agency Details Redirect 1	1648462718388	1648462718572	OK	 
GROUP	4	AD_720_Agency_Details	1648462717608	1648462719497	1884	OK
REQUEST	2	AD_270_Second_Contact_Manual_POST	Adoption Second Contact Details manual POST	1648462719209	1648462720510	OK	 
REQUEST	1	AD_430_Placement_Type_2	Adoption Placement Type 2 Redirect 1	1648462718388	1648462720511	OK	 
GROUP	1	AD_430_Placement_Type_2	1648462717660	1648462721358	3693	OK
REQUEST	2	AD_270_Second_Contact_Manual_POST	Adoption Second Contact Details manual POST Redirect 1	1648462720511	1648462721943	OK	 
GROUP	2	AD_270_Second_Contact_Manual_POST	1648462719208	1648462722290	3077	OK
REQUEST	3	AD_170_Your_Contact_POST	Adoption Your Contact Details POST	1648462720001	1648462722657	OK	 
REQUEST	3	AD_170_Your_Contact_POST	Adoption Your Contact Details POST Redirect 1	1648462722659	1648462722723	OK	 
GROUP	3	AD_170_Your_Contact_POST	1648462720000	1648462722777	2772	OK
REQUEST	4	AD_730_Other_Agency	Adoption Other Agency?	1648462726490	1648462726969	OK	 
REQUEST	4	AD_730_Other_Agency	Adoption Other Agency? Redirect 1	1648462726970	1648462727848	OK	 
REQUEST	1	AD_440_Placement_Number_2	Adoption Placement Order Number 2	1648462728370	1648462729323	OK	 
REQUEST	3	AD_180_Second_Person	Adoption Second Personal Details	1648462729770	1648462729809	OK	 
GROUP	3	AD_180_Second_Person	1648462729770	1648462730447	675	OK
REQUEST	2	AD_280_Second_Contact_POST	Adoption Second Contact Details POST	1648462729300	1648462730466	OK	 
REQUEST	1	AD_440_Placement_Number_2	Adoption Placement Order Number 2 Redirect 1	1648462729324	1648462731309	OK	 
GROUP	1	AD_440_Placement_Number_2	1648462728369	1648462731984	3611	OK
REQUEST	4	AD_730_Other_Agency	Adoption Other Agency? Redirect 2	1648462727850	1648462731984	OK	 
GROUP	4	AD_730_Other_Agency	1648462726490	1648462732161	5666	OK
REQUEST	2	AD_280_Second_Contact_POST	Adoption Second Contact Details POST Redirect 1	1648462730468	1648462732161	OK	 
GROUP	2	AD_280_Second_Contact_POST	1648462729300	1648462732312	3008	OK
REQUEST	3	AD_190_Second_PersonPOST	Adoption Second Personal Details POST	1648462737449	1648462737914	OK	 
REQUEST	3	AD_190_Second_PersonPOST	Adoption Second Personal Details POST Redirect 1	1648462737915	1648462738506	OK	 
GROUP	3	AD_190_Second_PersonPOST	1648462737448	1648462738698	1246	OK
REQUEST	1	AD_450_Placement_Court_2	Adoption Placement Court 2	1648462738979	1648462739419	OK	 
REQUEST	2	AD_290_Birth_Certificate	Adoption Birth Certificate Details	1648462739310	1648462739423	OK	 
GROUP	2	AD_290_Birth_Certificate	1648462739310	1648462739475	163	OK
REQUEST	1	AD_450_Placement_Court_2	Adoption Placement Court 2 Redirect 1	1648462739420	1648462739685	OK	 
GROUP	1	AD_450_Placement_Court_2	1648462738978	1648462739737	754	OK
REQUEST	4	AD_740_Other_Agency_Details	Adoption Other Agency Details	1648462739171	1648462739746	OK	 
REQUEST	4	AD_740_Other_Agency_Details	Adoption Other Agency Details Redirect 1	1648462739748	1648462739793	OK	 
GROUP	4	AD_740_Other_Agency_Details	1648462739170	1648462739848	673	OK
REQUEST	3	AD_200_Second_Other_Name	Adoption Second Other Name	1648462745709	1648462746427	OK	 
REQUEST	2	AD_300_Birth_Name	Adoption Birth Certificate Name	1648462746469	1648462746900	OK	 
REQUEST	3	AD_200_Second_Other_Name	Adoption Second Other Name Redirect 1	1648462746428	1648462746966	OK	 
REQUEST	2	AD_300_Birth_Name	Adoption Birth Certificate Name Redirect 1	1648462746901	1648462747022	OK	 
GROUP	3	AD_200_Second_Other_Name	1648462745708	1648462747038	1326	OK
REQUEST	1	AD_460_Placement_Date_2	Adoption Placement Date 2	1648462746738	1648462747068	OK	 
GROUP	2	AD_300_Birth_Name	1648462746468	1648462747096	623	OK
REQUEST	4	AD_750_Social_Worker_Details	Adoption Social Worker Details	1648462746838	1648462747541	OK	 
REQUEST	1	AD_460_Placement_Date_2	Adoption Placement Date 2 Redirect 1	1648462747069	1648462747542	OK	 
REQUEST	4	AD_750_Social_Worker_Details	Adoption Social Worker Details Redirect 1	1648462747542	1648462747582	OK	 
GROUP	1	AD_460_Placement_Date_2	1648462746738	1648462747596	855	OK
GROUP	4	AD_750_Social_Worker_Details	1648462746838	1648462747621	780	OK
REQUEST	3	AD_210_Second_Other_Name_Redirect	Adoption Second Other Name Redirect	1648462754040	1648462754308	OK	 
REQUEST	2	AD_320_Birth_DoB	Adoption Birth Certificate DoB	1648462754101	1648462754368	OK	 
REQUEST	3	AD_210_Second_Other_Name_Redirect	Adoption Second Other Name Redirect Redirect 1	1648462754310	1648462754677	OK	 
REQUEST	2	AD_320_Birth_DoB	Adoption Birth Certificate DoB Redirect 1	1648462754369	1648462754741	OK	 
GROUP	3	AD_210_Second_Other_Name_Redirect	1648462754039	1648462754757	712	OK
REQUEST	4	AD_080_Your_Details	Adoption Your Personal Details 	1648462754630	1648462754868	OK	 
GROUP	2	AD_320_Birth_DoB	1648462754101	1648462754927	823	OK
REQUEST	1	AD_470_Placement_Summary_2	Adoption Placement Summary 2	1648462754599	1648462755036	OK	 
GROUP	4	AD_080_Your_Details	1648462754630	1648462755039	407	OK
REQUEST	1	AD_470_Placement_Summary_2	Adoption Placement Summary 2 Redirect 1	1648462755037	1648462755351	OK	 
GROUP	1	AD_470_Placement_Summary_2	1648462754599	1648462755495	894	OK
REQUEST	3	AD_220_Second_DoB	Adoption Second DoB	1648462761750	1648462761996	OK	 
REQUEST	4	AD_090_Your_Details_POST	Adoption Your Personal Details Post	1648462762030	1648462762388	OK	 
REQUEST	2	AD_330_Birth_Sex	Adoption Birth Certificate Sex	1648462761929	1648462762388	OK	 
REQUEST	4	AD_090_Your_Details_POST	Adoption Your Personal Details Post Redirect 1	1648462762390	1648462762439	OK	 
GROUP	4	AD_090_Your_Details_POST	1648462762029	1648462762497	463	OK
REQUEST	3	AD_220_Second_DoB	Adoption Second DoB Redirect 1	1648462761997	1648462762520	OK	 
REQUEST	1	AD_480_Birth_Mother	Adoption Mother's Details	1648462762498	1648462762565	OK	 
REQUEST	2	AD_330_Birth_Sex	Adoption Birth Certificate Sex Redirect 1	1648462762390	1648462762569	OK	 
GROUP	3	AD_220_Second_DoB	1648462761750	1648462762573	820	OK
GROUP	2	AD_330_Birth_Sex	1648462761928	1648462762657	723	OK
GROUP	1	AD_480_Birth_Mother	1648462762498	1648462762674	174	OK
REQUEST	1	AD_490_Mother_Name	Adoption Mother's Name	1648462769669	1648462769940	OK	 
REQUEST	2	AD_340_Birth_Nationality_Add	Adoption Birth Certificate Nationality Add	1648462769648	1648462769957	OK	 
REQUEST	3	AD_230_Second_Occupation	Adoption Second Occupation	1648462769578	1648462770054	OK	 
REQUEST	1	AD_490_Mother_Name	Adoption Mother's Name Redirect 1	1648462769941	1648462770062	OK	 
REQUEST	2	AD_340_Birth_Nationality_Add	Adoption Birth Certificate Nationality Add Redirect 1	1648462769959	1648462770086	OK	 
REQUEST	3	AD_230_Second_Occupation	Adoption Second Occupation Redirect 1	1648462770055	1648462770120	OK	 
REQUEST	4	AD_100_Your_Details_Other_Name	Adoption Your Personal Details Other Name	1648462769498	1648462770142	OK	 
GROUP	1	AD_490_Mother_Name	1648462769668	1648462770149	478	OK
GROUP	2	AD_340_Birth_Nationality_Add	1648462769648	1648462770163	510	OK
REQUEST	4	AD_100_Your_Details_Other_Name	Adoption Your Personal Details Other Name Redirect 1	1648462770143	1648462770181	OK	 
GROUP	4	AD_100_Your_Details_Other_Name	1648462769498	1648462770230	729	OK
GROUP	3	AD_230_Second_Occupation	1648462769578	1648462770236	656	OK
USER	LAU Simulation	5	START	1648462771999	1648462771999
REQUEST	5	AD_010_Homepage	Adoption Homepage	1648462772000	1648462772128	OK	 
REQUEST	5	AD_010_Homepage	Adoption Homepage Redirect 1	1648462772129	1648462772155	OK	 
REQUEST	5	AD_010_Homepage	Adoption Homepage Redirect 2	1648462772156	1648462772273	OK	 
GROUP	5	AD_010_Homepage	1648462772000	1648462774510	2504	OK
REQUEST	3	AD_240_Second_Contact_Same	Adoption Second Contact Details Same-Address	1648462777230	1648462777305	OK	 
REQUEST	1	AD_495_Mother_Alive_Redirect	Adoption Mother's Details	1648462777161	1648462777443	OK	 
GROUP	3	AD_240_Second_Contact_Same	1648462777230	1648462777445	212	OK
REQUEST	4	AD_110_Your_Details_DoB	Adoption Your Personal Details DoB	1648462777238	1648462777444	OK	 
GROUP	4	AD_110_Your_Details_DoB	1648462777238	1648462777616	376	OK
GROUP	1	AD_495_Mother_Alive_Redirect	1648462777160	1648462777616	452	OK
REQUEST	2	AD_350_Birth_Nationality_POST	Adoption Birth Certificate Nationality POST	1648462777171	1648462777791	OK	 
REQUEST	2	AD_350_Birth_Nationality_POST	Adoption Birth Certificate Nationality POST Redirect 1	1648462777792	1648462778045	OK	 
GROUP	2	AD_350_Birth_Nationality_POST	1648462777170	1648462778290	1116	OK
REQUEST	5	AD_020_Login	Adoption Login	1648462781520	1648462782255	OK	 
REQUEST	5	AD_020_Login	Adoption Login Redirect 1	1648462782257	1648462782663	OK	 
REQUEST	4	AD_120_Your_Details_DoB_POST	Adoption Your Personal Details DoB POST	1648462784610	1648462784867	OK	 
REQUEST	4	AD_120_Your_Details_DoB_POST	Adoption Your Personal Details DoB POST Redirect 1	1648462784868	1648462784912	OK	 
GROUP	4	AD_120_Your_Details_DoB_POST	1648462784610	1648462784953	341	OK
REQUEST	3	AD_250_Second_Contact_Same_POST	Adoption Second Contact Details Same-Address POST	1648462784449	1648462785005	OK	 
REQUEST	3	AD_250_Second_Contact_Same_POST	Adoption Second Contact Details Same-Address POST Redirect 1	1648462785006	1648462785115	OK	 
REQUEST	1	AD_500_Mother_Alive	Adoption Mother Still Alive?	1648462784610	1648462785162	OK	 
GROUP	3	AD_250_Second_Contact_Same_POST	1648462784448	1648462785196	744	OK
REQUEST	1	AD_500_Mother_Alive	Adoption Mother Still Alive? Redirect 1	1648462785163	1648462785324	OK	 
GROUP	1	AD_500_Mother_Alive	1648462784610	1648462785484	872	OK
REQUEST	5	AD_020_Login	Adoption Login Redirect 2	1648462782664	1648462785968	OK	 
REQUEST	5	AD_020_Login	Adoption Login Redirect 3	1648462785969	1648462786020	OK	 
REQUEST	2	AD_360_Certificate_Details	Adoption Certificate Details	1648462785290	1648462787639	OK	 
GROUP	2	AD_360_Certificate_Details	1648462785290	1648462788140	2847	OK
GROUP	5	AD_020_Login	1648462781519	1648462789572	8046	OK
REQUEST	3	AD_260_Second_Contact_Manual_Redirect	Adoption Second Contact Details manual redirect	1648462792190	1648462792234	OK	 
GROUP	3	AD_260_Second_Contact_Manual_Redirect	1648462792190	1648462792353	161	OK
REQUEST	4	AD_130_Your_Details_Occupation	Adoption Your Personal Details Occupation	1648462791960	1648462792523	OK	 
REQUEST	4	AD_130_Your_Details_Occupation	Adoption Your Personal Details Occupation Redirect 1	1648462792524	1648462792569	OK	 
GROUP	4	AD_130_Your_Details_Occupation	1648462791960	1648462792611	648	OK
REQUEST	1	AD_510_Mother_Nationality_Add	Adoption Mother's Nationality Add	1648462792481	1648462793006	OK	 
REQUEST	1	AD_510_Mother_Nationality_Add	Adoption Mother's Nationality Add Redirect 1	1648462793006	1648462793098	OK	 
GROUP	1	AD_510_Mother_Nationality_Add	1648462792480	1648462793154	671	OK
REQUEST	2	AD_370_Certificate_Name	Adoption Certificate Details Name	1648462795140	1648462795468	OK	 
REQUEST	2	AD_370_Certificate_Name	Adoption Certificate Details Name Redirect 1	1648462795469	1648462795575	OK	 
GROUP	2	AD_370_Certificate_Name	1648462795140	1648462795656	513	OK
REQUEST	5	AD_030_Apply_With	Adoption Applying With	1648462796588	1648462796646	OK	 
GROUP	5	AD_030_Apply_With	1648462796588	1648462796723	133	OK
REQUEST	4	AD_140_Your_Contact	Adoption Your Contact Details LookUp	1648462799610	1648462799654	OK	 
GROUP	4	AD_140_Your_Contact	1648462799610	1648462799797	185	OK
REQUEST	3	AD_270_Second_Contact_Manual_POST	Adoption Second Contact Details manual POST	1648462799360	1648462800129	OK	 
REQUEST	1	AD_520_Mother_Nationality_POST	Adoption Mother's Nationality	1648462800160	1648462800891	OK	 
REQUEST	3	AD_270_Second_Contact_Manual_POST	Adoption Second Contact Details manual POST Redirect 1	1648462800130	1648462800891	OK	 
GROUP	3	AD_270_Second_Contact_Manual_POST	1648462799360	1648462800994	1631	OK
REQUEST	1	AD_520_Mother_Nationality_POST	Adoption Mother's Nationality Redirect 1	1648462800892	1648462801007	OK	 
GROUP	1	AD_520_Mother_Nationality_POST	1648462800160	1648462801058	895	OK
REQUEST	2	AD_380_Placement_Order	Adoption Placement Order Details	1648462802648	1648462803467	OK	 
GROUP	2	AD_380_Placement_Order	1648462802648	1648462803623	972	OK
REQUEST	5	AD_040_Applying_Post	Adoption Applying Post	1648462803718	1648462804161	OK	 
REQUEST	5	AD_040_Applying_Post	Adoption Applying Post Redirect 1	1648462804162	1648462804299	OK	 
GROUP	5	AD_040_Applying_Post	1648462803718	1648462804657	935	OK
REQUEST	4	AD_150_Your_Contact_Manual	Adoption Your Contact Details Manual	1648462806790	1648462806845	OK	 
GROUP	4	AD_150_Your_Contact_Manual	1648462806790	1648462806898	105	OK
REQUEST	3	AD_280_Second_Contact_POST	Adoption Second Contact Details POST	1648462807990	1648462808366	OK	 
REQUEST	1	AD_530_Mother_Occupation	Adoption Mother's Occupation	1648462808050	1648462808668	OK	 
REQUEST	1	AD_530_Mother_Occupation	Adoption Mother's Occupation Redirect 1	1648462808669	1648462808920	OK	 
REQUEST	3	AD_280_Second_Contact_POST	Adoption Second Contact Details POST Redirect 1	1648462808367	1648462808960	OK	 
GROUP	1	AD_530_Mother_Occupation	1648462808050	1648462809081	1028	OK
GROUP	3	AD_280_Second_Contact_POST	1648462807990	1648462809117	1123	OK
REQUEST	2	AD_390_Placement_Number	Adoption Placement Order Number	1648462810631	1648462810925	OK	 
REQUEST	5	AD_050_Applying_With_Redirect	Adoption Applying With Redirect	1648462811660	1648462811703	OK	 
REQUEST	2	AD_390_Placement_Number	Adoption Placement Order Number Redirect 1	1648462810926	1648462812400	OK	 
GROUP	2	AD_390_Placement_Number	1648462810630	1648462812510	1876	OK
GROUP	5	AD_050_Applying_With_Redirect	1648462811660	1648462812595	931	OK
REQUEST	4	AD_160_Your_Contact_POST	Adoption Your Contact Details Manual POST	1648462813900	1648462814202	OK	 
REQUEST	4	AD_160_Your_Contact_POST	Adoption Your Contact Details Manual POST Redirect 1	1648462814203	1648462814252	OK	 
GROUP	4	AD_160_Your_Contact_POST	1648462813900	1648462814303	400	OK
REQUEST	3	AD_290_Birth_Certificate	Adoption Birth Certificate Details	1648462816118	1648462816282	OK	 
REQUEST	1	AD_535_Mother_Occupation_Redirect	Adoption Mother's Details Redirect	1648462816091	1648462816479	OK	 
GROUP	3	AD_290_Birth_Certificate	1648462816118	1648462816632	511	OK
GROUP	1	AD_535_Mother_Occupation_Redirect	1648462816090	1648462816638	545	OK
REQUEST	5	AD_060_Date_Of_Move	Adoption Date Child Moved in 	1648462819590	1648462819635	OK	 
REQUEST	2	AD_400_Placement_Court	Adoption Placement Court	1648462819521	1648462819808	OK	 
GROUP	5	AD_060_Date_Of_Move	1648462819590	1648462819853	261	OK
REQUEST	2	AD_400_Placement_Court	Adoption Placement Court Redirect 1	1648462819808	1648462820518	OK	 
GROUP	2	AD_400_Placement_Court	1648462819520	1648462820577	1053	OK
REQUEST	4	AD_170_Your_Contact_POST	Adoption Your Contact Details POST	1648462821310	1648462821881	OK	 
REQUEST	4	AD_170_Your_Contact_POST	Adoption Your Contact Details POST Redirect 1	1648462821883	1648462821920	OK	 
GROUP	4	AD_170_Your_Contact_POST	1648462821310	1648462821970	656	OK
REQUEST	1	AD_540_Mother_Occupation	Adoption Mother's Address Known	1648462823639	1648462824191	OK	 
REQUEST	1	AD_540_Mother_Occupation	Adoption Mother's Address Known Redirect 1	1648462824192	1648462824248	OK	 
REQUEST	3	AD_300_Birth_Name	Adoption Birth Certificate Name	1648462823639	1648462824511	OK	 
GROUP	1	AD_540_Mother_Occupation	1648462823639	1648462825854	2212	OK
REQUEST	3	AD_300_Birth_Name	Adoption Birth Certificate Name Redirect 1	1648462824512	1648462826285	OK	 
GROUP	3	AD_300_Birth_Name	1648462823639	1648462826507	2864	OK
REQUEST	5	AD_070_Date_Of_Move_POST	Adoption Date Child Moved in Post	1648462826860	1648462827460	OK	 
REQUEST	5	AD_070_Date_Of_Move_POST	Adoption Date Child Moved in Post Redirect 1	1648462827462	1648462827528	OK	 
GROUP	5	AD_070_Date_Of_Move_POST	1648462826859	1648462827596	732	OK
REQUEST	2	AD_410_Placement_Date	Adoption Placement Date	1648462827571	1648462828029	OK	 
REQUEST	4	AD_180_Second_Person	Adoption Second Personal Details	1648462828970	1648462829136	OK	 
GROUP	4	AD_180_Second_Person	1648462828970	1648462829465	493	OK
REQUEST	2	AD_410_Placement_Date	Adoption Placement Date Redirect 1	1648462828030	1648462829464	OK	 
GROUP	2	AD_410_Placement_Date	1648462827571	1648462829633	2058	OK
REQUEST	5	AD_710_Agency	Adoption Agency	1648462827596	1648462831609	OK	 
REQUEST	5	AD_710_Agency	Adoption Agency Redirect 1	1648462831610	1648462832095	OK	 
GROUP	5	AD_710_Agency	1648462827596	1648462832167	4568	OK
REQUEST	1	AD_550_Mother_Address_Manual	Adoption Mother's Address Manual	1648462832849	1648462833046	OK	 
GROUP	1	AD_550_Mother_Address_Manual	1648462832849	1648462833117	266	OK
REQUEST	3	AD_320_Birth_DoB	Adoption Birth Certificate DoB	1648462833500	1648462835928	OK	 
REQUEST	3	AD_320_Birth_DoB	Adoption Birth Certificate DoB Redirect 1	1648462835928	1648462836797	OK	 
GROUP	3	AD_320_Birth_DoB	1648462833500	1648462837083	3581	OK
REQUEST	4	AD_190_Second_PersonPOST	Adoption Second Personal Details POST	1648462836461	1648462837184	OK	 
REQUEST	4	AD_190_Second_PersonPOST	Adoption Second Personal Details POST Redirect 1	1648462837186	1648462837281	OK	 
REQUEST	2	AD_420_Placement_Summary	Adoption Placement Summary	1648462836631	1648462837331	OK	 
GROUP	4	AD_190_Second_PersonPOST	1648462836460	1648462837743	1278	OK
REQUEST	2	AD_420_Placement_Summary	Adoption Placement Summary Redirect 1	1648462837332	1648462837828	OK	 
REQUEST	2	AD_420_Placement_Summary	Adoption Placement Summary Redirect 2	1648462837828	1648462838441	OK	 
GROUP	2	AD_420_Placement_Summary	1648462836630	1648462838490	1856	OK
REQUEST	5	AD_720_Agency_Details	Adoption Agency Details	1648462839159	1648462839982	OK	 
REQUEST	5	AD_720_Agency_Details	Adoption Agency Details Redirect 1	1648462839984	1648462840021	OK	 
GROUP	5	AD_720_Agency_Details	1648462839159	1648462840066	902	OK
REQUEST	1	AD_560_Mother_Address_POST	Adoption Mother's Address	1648462840110	1648462843822	OK	 
REQUEST	3	AD_330_Birth_Sex	Adoption Birth Certificate Sex	1648462844090	1648462844392	OK	 
REQUEST	3	AD_330_Birth_Sex	Adoption Birth Certificate Sex Redirect 1	1648462844393	1648462844869	OK	 
REQUEST	1	AD_560_Mother_Address_POST	Adoption Mother's Address Redirect 1	1648462843823	1648462844897	OK	 
GROUP	3	AD_330_Birth_Sex	1648462844089	1648462844925	832	OK
GROUP	1	AD_560_Mother_Address_POST	1648462840110	1648462844956	4843	OK
REQUEST	4	AD_200_Second_Other_Name	Adoption Second Other Name	1648462844740	1648462844979	OK	 
REQUEST	4	AD_200_Second_Other_Name	Adoption Second Other Name Redirect 1	1648462844979	1648462845025	OK	 
GROUP	4	AD_200_Second_Other_Name	1648462844739	1648462845086	345	OK
REQUEST	2	AD_430_Placement_Type_2	Adoption Placement Type 2	1648462845479	1648462845780	OK	 
REQUEST	2	AD_430_Placement_Type_2	Adoption Placement Type 2 Redirect 1	1648462845781	1648462846118	OK	 
GROUP	2	AD_430_Placement_Type_2	1648462845479	1648462846256	774	OK
REQUEST	5	AD_730_Other_Agency	Adoption Other Agency?	1648462847070	1648462848403	OK	 
REQUEST	5	AD_730_Other_Agency	Adoption Other Agency? Redirect 1	1648462848404	1648462848710	OK	 
REQUEST	5	AD_730_Other_Agency	Adoption Other Agency? Redirect 2	1648462848711	1648462849531	OK	 
GROUP	5	AD_730_Other_Agency	1648462847069	1648462849663	2589	OK
REQUEST	1	AD_570_Father_Details	Adoption Father's Details	1648462851959	1648462852042	OK	 
GROUP	1	AD_570_Father_Details	1648462851959	1648462852129	169	OK
REQUEST	3	AD_340_Birth_Nationality_Add	Adoption Birth Certificate Nationality Add	1648462851920	1648462852267	OK	 
REQUEST	3	AD_340_Birth_Nationality_Add	Adoption Birth Certificate Nationality Add Redirect 1	1648462852268	1648462852307	OK	 
GROUP	3	AD_340_Birth_Nationality_Add	1648462851920	1648462852342	419	OK
REQUEST	4	AD_210_Second_Other_Name_Redirect	Adoption Second Other Name Redirect	1648462852088	1648462852474	OK	 
REQUEST	4	AD_210_Second_Other_Name_Redirect	Adoption Second Other Name Redirect Redirect 1	1648462852475	1648462852533	OK	 
GROUP	4	AD_210_Second_Other_Name_Redirect	1648462852088	1648462852576	485	OK
REQUEST	2	AD_440_Placement_Number_2	Adoption Placement Order Number 2	1648462853271	1648462853625	OK	 
REQUEST	2	AD_440_Placement_Number_2	Adoption Placement Order Number 2 Redirect 1	1648462853626	1648462855999	OK	 
GROUP	2	AD_440_Placement_Number_2	1648462853270	1648462856820	3546	OK
REQUEST	5	AD_740_Other_Agency_Details	Adoption Other Agency Details	1648462856669	1648462857103	OK	 
REQUEST	5	AD_740_Other_Agency_Details	Adoption Other Agency Details Redirect 1	1648462857103	1648462857591	OK	 
GROUP	5	AD_740_Other_Agency_Details	1648462856668	1648462857945	1274	OK
REQUEST	1	AD_580_Father_Details_POST	Adoption Father's Details On Certificate	1648462859141	1648462859871	OK	 
REQUEST	4	AD_220_Second_DoB	Adoption Second DoB	1648462859578	1648462859904	OK	 
REQUEST	4	AD_220_Second_DoB	Adoption Second DoB Redirect 1	1648462859905	1648462859949	OK	 
REQUEST	3	AD_350_Birth_Nationality_POST	Adoption Birth Certificate Nationality POST	1648462859338	1648462860006	OK	 
REQUEST	3	AD_350_Birth_Nationality_POST	Adoption Birth Certificate Nationality POST Redirect 1	1648462860006	1648462860044	OK	 
GROUP	4	AD_220_Second_DoB	1648462859578	1648462860137	555	OK
REQUEST	1	AD_580_Father_Details_POST	Adoption Father's Details On Certificate Redirect 1	1648462859872	1648462860205	OK	 
GROUP	3	AD_350_Birth_Nationality_POST	1648462859338	1648462860208	868	OK
GROUP	1	AD_580_Father_Details_POST	1648462859141	1648462860268	1125	OK
REQUEST	2	