RUN	simulations.mainSimulation	mainsimulation	1646821033723	 	3.3.1
USER	LAU Simulation	1	START	1646821034221	1646821034221
REQUEST	1	adoption_010_Homepage	Adoption Homepage	1646821034243	1646821034301	OK	 
REQUEST	1	adoption_010_Homepage	Adoption Homepage Redirect 1	1646821034322	1646821034355	OK	 
REQUEST	1	adoption_010_Homepage	Adoption Homepage Redirect 2	1646821034357	1646821034431	OK	 
GROUP	1	adoption_010_Homepage	1646821034227	1646821034671	315	OK
REQUEST	1	Adoption_020_Login	Adoption Login	1646821036699	1646821036897	OK	 
REQUEST	1	Adoption_020_Login	Adoption Login Redirect 1	1646821036902	1646821037081	OK	 
REQUEST	1	Adoption_020_Login	Adoption Login Redirect 2	1646821037083	1646821037483	OK	 
REQUEST	1	Adoption_020_Login	Adoption Login Redirect 3	1646821037484	1646821037523	OK	 
GROUP	1	Adoption_020_Login	1646821036693	1646821037630	910	OK
REQUEST	1	Adoption_030_Apply_With	Adoption Applying With	1646821039622	1646821039672	OK	 
GROUP	1	Adoption_030_Apply_With	1646821039621	1646821039721	90	OK
REQUEST	1	Adoption_040_Adoption_Applying_Post	Adoption Applying Post	1646821041734	1646821042297	OK	 
REQUEST	1	Adoption_040_Adoption_Applying_Post	Adoption Applying Post Redirect 1	1646821042298	1646821042341	OK	 
GROUP	1	Adoption_040_Adoption_Applying_Post	1646821041732	1646821042401	661	OK
REQUEST	1	Adoption_050_Adoption_Applying_With_Redirect	Adoption Applying With Redirect	1646821044394	1646821044441	OK	 
GROUP	1	Adoption_050_Adoption_Applying_With_Redirect	1646821044393	1646821044484	85	OK
REQUEST	1	adoption_570_Birth_Father_Details	Adoption Father's Details	1646821046493	1646821046539	OK	 
GROUP	1	adoption_570_Birth_Father_Details	1646821046492	1646821046585	87	OK
REQUEST	1	adoption_580_Birth_Father_Details_POST	Adoption Father's Details On Certificate	1646821048584	1646821049279	OK	 
REQUEST	1	adoption_580_Birth_Father_Details_POST	Adoption Father's Details On Certificate Redirect 1	1646821049281	1646821049319	OK	 
GROUP	1	adoption_580_Birth_Father_Details_POST	1646821048583	1646821049364	774	OK
REQUEST	1	adoption_590_Birth_Father_Name	Adoption Father's Name	1646821051364	1646821051717	OK	 
REQUEST	1	adoption_590_Birth_Father_Name	Adoption Father's Name Redirect 1	1646821051719	1646821051771	KO	substring(Is the child's birth father still alive?).find.exists, found nothing
GROUP	1	adoption_590_Birth_Father_Name	1646821051363	1646821051777	405	KO
USER	LAU Simulation	1	END	1646821034221	1646821051784
