RUN	simulations.mainSimulation	mainsimulation	1646904999349	 	3.3.1
USER	LAU Simulation	1	START	1646905000478	1646905000478
REQUEST	1	adoption_010_Homepage	Adoption Homepage	1646905000498	1646905000730	OK	 
REQUEST	1	adoption_010_Homepage	Adoption Homepage Redirect 1	1646905000756	1646905001020	OK	 
REQUEST	1	adoption_010_Homepage	Adoption Homepage Redirect 2	1646905001022	1646905001074	OK	 
GROUP	1	adoption_010_Homepage	1646905000484	1646905001852	1239	OK
REQUEST	1	Adoption_020_Login	Adoption Login	1646905002875	1646905003114	OK	 
REQUEST	1	Adoption_020_Login	Adoption Login Redirect 1	1646905003119	1646905003509	OK	 
REQUEST	1	Adoption_020_Login	Adoption Login Redirect 2	1646905003511	1646905008731	OK	 
REQUEST	1	Adoption_020_Login	Adoption Login Redirect 3	1646905008733	1646905008785	OK	 
GROUP	1	Adoption_020_Login	1646905002870	1646905011621	8728	OK
REQUEST	1	Adoption_030_Apply_With	Adoption Applying With	1646905012630	1646905012758	OK	 
GROUP	1	Adoption_030_Apply_With	1646905012628	1646905012983	344	OK
REQUEST	1	Adoption_040_Adoption_Applying_Post	Adoption Applying Post	1646905013983	1646905014671	OK	 
REQUEST	1	Adoption_040_Adoption_Applying_Post	Adoption Applying Post Redirect 1	1646905014672	1646905014714	OK	 
GROUP	1	Adoption_040_Adoption_Applying_Post	1646905013980	1646905014807	816	OK
REQUEST	1	Adoption_050_Adoption_Applying_With_Redirect	Adoption Applying With Redirect	1646905015801	1646905015842	OK	 
GROUP	1	Adoption_050_Adoption_Applying_With_Redirect	1646905015800	1646905015905	98	OK
REQUEST	1	Adoption_060_Date_Of_Move	Adoption Date Child Moved in 	1646905016910	1646905016964	OK	 
GROUP	1	Adoption_060_Date_Of_Move	1646905016910	1646905017016	101	OK
REQUEST	1	Adoption_070_Date_Of_Move_POST	Adoption Date Child Moved in Post	1646905018020	1646905018561	OK	 
REQUEST	1	Adoption_070_Date_Of_Move_POST	Adoption Date Child Moved in Post Redirect 1	1646905018563	1646905018636	OK	 
REQUEST	1	Adoption_070_Date_Of_Move_POST,Adoption_050_Adoption_Applying_With_Redirect	Adoption Applying With Redirect	1646905018687	1646905018729	OK	 
GROUP	1	Adoption_070_Date_Of_Move_POST,Adoption_050_Adoption_Applying_With_Redirect	1646905018686	1646905018782	90	OK
GROUP	1	Adoption_070_Date_Of_Move_POST	1646905018019	1646905019779	749	OK
REQUEST	1	Adoption_080_Your_Details	Adoption Your Personal Details 	1646905020789	1646905020825	OK	 
GROUP	1	Adoption_080_Your_Details	1646905020788	1646905020878	83	OK
REQUEST	1	Adoption_090_Your_Details_POST	Adoption Your Personal Details Post	1646905021879	1646905022069	OK	 
REQUEST	1	Adoption_090_Your_Details_POST	Adoption Your Personal Details Post Redirect 1	1646905022071	1646905022209	OK	 
GROUP	1	Adoption_090_Your_Details_POST	1646905021878	1646905022259	373	OK
REQUEST	1	Adoption_100_Your_Details_Other_Name	Adoption Your Personal Details Other Name	1646905023251	1646905023753	OK	 
REQUEST	1	Adoption_100_Your_Details_Other_Name	Adoption Your Personal Details Other Name Redirect 1	1646905023755	1646905023811	OK	 
GROUP	1	Adoption_100_Your_Details_Other_Name	1646905023250	1646905023865	607	OK
REQUEST	1	Adoption_110_Your_Details_DoB	Adoption Your Personal Details DoB	1646905024870	1646905025034	OK	 
GROUP	1	Adoption_110_Your_Details_DoB	1646905024870	1646905025271	397	OK
REQUEST	1	Adoption_120_Your_Details_DoB_POST	Adoption Your Personal Details DoB POST	1646905026270	1646905026570	OK	 
REQUEST	1	Adoption_120_Your_Details_DoB_POST	Adoption Your Personal Details DoB POST Redirect 1	1646905026572	1646905026729	OK	 
GROUP	1	Adoption_120_Your_Details_DoB_POST	1646905026269	1646905026909	633	OK
REQUEST	1	Adoption_130_Your_Details_Occupation	Adoption Your Personal Details Occupation	1646905027910	1646905028391	OK	 
REQUEST	1	Adoption_130_Your_Details_Occupation	Adoption Your Personal Details Occupation Redirect 1	1646905028393	1646905028433	OK	 
GROUP	1	Adoption_130_Your_Details_Occupation	1646905027909	1646905028702	776	OK
REQUEST	1	Adoption_140_Your_Contact_Details	Adoption Your Contact Details LookUp	1646905029700	1646905029752	OK	 
GROUP	1	Adoption_140_Your_Contact_Details	1646905029700	1646905029868	164	OK
REQUEST	1	Adoption_150_Your_Contact_Details_Manual	Adoption Your Contact Details Manual	1646905030869	1646905030925	OK	 
GROUP	1	Adoption_150_Your_Contact_Details_Manual	1646905030868	1646905030972	100	OK
REQUEST	1	Adoption_160_Your_Contact_Details_Manual_POST	Adoption Your Contact Details Manual POST	1646905031979	1646905032172	OK	 
REQUEST	1	Adoption_160_Your_Contact_Details_Manual_POST	Adoption Your Contact Details Manual POST Redirect 1	1646905032174	1646905032218	OK	 
GROUP	1	Adoption_160_Your_Contact_Details_Manual_POST	1646905031978	1646905032306	322	OK
REQUEST	1	Adoption_170_Your_Contact_Details_POST	Adoption Your Contact Details POST	1646905033301	1646905033476	OK	 
REQUEST	1	Adoption_170_Your_Contact_Details_POST	Adoption Your Contact Details POST Redirect 1	1646905033477	1646905033516	OK	 
GROUP	1	Adoption_170_Your_Contact_Details_POST	1646905033300	1646905033574	270	OK
REQUEST	1	Adoption_180_Second_Personal_Details	Adoption Second Personal Details	1646905034581	1646905034618	OK	 
GROUP	1	Adoption_180_Second_Personal_Details	1646905034580	1646905034745	162	OK
REQUEST	1	Adoption_190_Second_Personal_Details_POST	Adoption Second Personal Details POST	1646905035739	1646905035942	OK	 
REQUEST	1	Adoption_190_Second_Personal_Details_POST	Adoption Second Personal Details POST Redirect 1	1646905035944	1646905035989	OK	 
GROUP	1	Adoption_190_Second_Personal_Details_POST	1646905035738	1646905036045	301	OK
REQUEST	1	Adoption_200_Second_Other_Name	Adoption Second Other Name	1646905037050	1646905037251	OK	 
REQUEST	1	Adoption_200_Second_Other_Name	Adoption Second Other Name Redirect 1	1646905037252	1646905037342	OK	 
GROUP	1	Adoption_200_Second_Other_Name	1646905037049	1646905037524	470	OK
REQUEST	1	Adoption_210_Second_Other_Name_Redirect	Adoption Second Other Name Redirect	1646905038520	1646905038724	OK	 
REQUEST	1	Adoption_210_Second_Other_Name_Redirect	Adoption Second Other Name Redirect Redirect 1	1646905038725	1646905038782	OK	 
GROUP	1	Adoption_210_Second_Other_Name_Redirect	1646905038519	1646905038890	366	OK
REQUEST	1	Adoption_220_Second_DoB	Adoption Second DoB	1646905039898	1646905040149	OK	 
REQUEST	1	Adoption_220_Second_DoB	Adoption Second DoB Redirect 1	1646905040151	1646905040192	OK	 
GROUP	1	Adoption_220_Second_DoB	1646905039898	1646905040288	385	OK
REQUEST	1	Adoption_230_Second_Occupation	Adoption Second Occupation	1646905041289	1646905041502	OK	 
REQUEST	1	Adoption_230_Second_Occupation	Adoption Second Occupation Redirect 1	1646905041503	1646905041541	OK	 
GROUP	1	Adoption_230_Second_Occupation	1646905041289	1646905041590	297	OK
REQUEST	1	Adoption_240_Second_Contact_Details_Same_Address	Adoption Second Contact Details Same-Address	1646905042589	1646905042635	OK	 
GROUP	1	Adoption_240_Second_Contact_Details_Same_Address	1646905042589	1646905042682	90	OK
REQUEST	1	Adoption_250_Second_Contact_Details_Same_Address_POST	Adoption Second Contact Details Same-Address POST	1646905043679	1646905043956	OK	 
REQUEST	1	Adoption_250_Second_Contact_Details_Same_Address_POST	Adoption Second Contact Details Same-Address POST Redirect 1	1646905043958	1646905044057	OK	 
GROUP	1	Adoption_250_Second_Contact_Details_Same_Address_POST	1646905043679	1646905044103	420	OK
REQUEST	1	Adoption_260_Second_Contact_Details_Manual_Redirect	Adoption Second Contact Details manual redirect	1646905045108	1646905045196	OK	 
GROUP	1	Adoption_260_Second_Contact_Details_Manual_Redirect	1646905045108	1646905045238	126	OK
REQUEST	1	Adoption_270_Second_Contact_Details_Manual_POST	Adoption Second Contact Details manual POST	1646905046228	1646905046516	OK	 
REQUEST	1	Adoption_270_Second_Contact_Details_Manual_POST	Adoption Second Contact Details manual POST Redirect 1	1646905046518	1646905046571	OK	 
GROUP	1	Adoption_270_Second_Contact_Details_Manual_POST	1646905046228	1646905046765	532	OK
REQUEST	1	Adoption_280_Second_Contact_Details__POST	Adoption Second Contact Details POST	1646905047771	1646905047959	OK	 
REQUEST	1	Adoption_280_Second_Contact_Details__POST	Adoption Second Contact Details POST Redirect 1	1646905047960	1646905048015	OK	 
GROUP	1	Adoption_280_Second_Contact_Details__POST	1646905047770	1646905048115	339	OK
REQUEST	1	adoption_290_Birth_Certificate	Adoption Birth Certificate Details	1646905049119	1646905049165	OK	 
GROUP	1	adoption_290_Birth_Certificate	1646905049119	1646905049224	101	OK
REQUEST	1	adoption_300_Birth_Certificate_Name	Adoption Birth Certificate Name	1646905050218	1646905050611	OK	 
REQUEST	1	adoption_300_Birth_Certificate_Name	Adoption Birth Certificate Name Redirect 1	1646905050613	1646905050787	OK	 
GROUP	1	adoption_300_Birth_Certificate_Name	1646905050218	1646905050832	609	OK
REQUEST	1	adoption_320_Birth_Certificate_DoB	Adoption Birth Certificate DoB	1646905051841	1646905052250	OK	 
REQUEST	1	adoption_320_Birth_Certificate_DoB	Adoption Birth Certificate DoB Redirect 1	1646905052251	1646905052432	OK	 
GROUP	1	adoption_320_Birth_Certificate_DoB	1646905051840	1646905052786	940	OK
REQUEST	1	adoption_330_Birth_Certificate_Sex	Adoption Birth Certificate Sex	1646905053780	1646905053997	OK	 
REQUEST	1	adoption_330_Birth_Certificate_Sex	Adoption Birth Certificate Sex Redirect 1	1646905053998	1646905054045	OK	 
GROUP	1	adoption_330_Birth_Certificate_Sex	1646905053779	1646905054135	352	OK
REQUEST	1	adoption_340_Birth_Certificate_Nationality_Add	Adoption Birth Certificate Nationality Add	1646905055139	1646905055344	OK	 
REQUEST	1	adoption_340_Birth_Certificate_Nationality_Add	Adoption Birth Certificate Nationality Add Redirect 1	1646905055345	1646905055415	OK	 
GROUP	1	adoption_340_Birth_Certificate_Nationality_Add	1646905055138	1646905055559	416	OK
REQUEST	1	adoption_350_Birth_Certificate_Nationality_POST	Adoption Birth Certificate Nationality POST	1646905056560	1646905056740	OK	 
REQUEST	1	adoption_350_Birth_Certificate_Nationality_POST	Adoption Birth Certificate Nationality POST Redirect 1	1646905056741	1646905056780	OK	 
GROUP	1	adoption_350_Birth_Certificate_Nationality_POST	1646905056559	1646905056825	260	OK
REQUEST	1	adoption_360_Certificate_Details	Adoption Certificate Details	1646905057818	1646905057865	OK	 
GROUP	1	adoption_360_Certificate_Details	1646905057818	1646905057912	91	OK
REQUEST	1	adoption_370_Certificate_Details_Name	Adoption Certificate Details Name	1646905058919	1646905059078	OK	 
REQUEST	1	adoption_370_Certificate_Details_Name	Adoption Certificate Details Name Redirect 1	1646905059080	1646905059143	OK	 
GROUP	1	adoption_370_Certificate_Details_Name	1646905058918	1646905060199	267	OK
REQUEST	1	adoption_380_Placement_Order	Adoption Placement Order Details	1646905060199	1646905060546	OK	 
GROUP	1	adoption_380_Placement_Order	1646905060199	1646905060587	386	OK
REQUEST	1	adoption_390_Certificate_Placement_Order_Number	Adoption Placement Order Number	1646905061579	1646905061874	OK	 
REQUEST	1	adoption_390_Certificate_Placement_Order_Number	Adoption Placement Order Number Redirect 1	1646905061875	1646905062287	OK	 
GROUP	1	adoption_390_Certificate_Placement_Order_Number	1646905061579	1646905062380	797	OK
REQUEST	1	adoption_400_Certificate_Placement_Court	Adoption Placement Court	1646905063390	1646905063786	OK	 
REQUEST	1	adoption_400_Certificate_Placement_Court	Adoption Placement Court Redirect 1	1646905063788	1646905064023	OK	 
GROUP	1	adoption_400_Certificate_Placement_Court	1646905063390	1646905064122	727	OK
REQUEST	1	adoption_410_Certificate_Placement_Date	Adoption Placement Date	1646905065120	1646905065469	OK	 
REQUEST	1	adoption_410_Certificate_Placement_Date	Adoption Placement Date Redirect 1	1646905065470	1646905065789	OK	 
GROUP	1	adoption_410_Certificate_Placement_Date	1646905065119	1646905065942	818	OK
REQUEST	1	adoption_420_Certificate_Placement_Summary	Adoption Placement Summary	1646905066938	1646905067089	OK	 
REQUEST	1	adoption_420_Certificate_Placement_Summary	Adoption Placement Summary Redirect 1	1646905067091	1646905067272	OK	 
REQUEST	1	adoption_420_Certificate_Placement_Summary	Adoption Placement Summary Redirect 2	1646905067273	1646905067466	OK	 
GROUP	1	adoption_420_Certificate_Placement_Summary	1646905066938	1646905067511	567	OK
REQUEST	1	adoption_430_Certificate_Placement_Type_2	Adoption Placement Type 2	1646905068510	1646905068753	OK	 
REQUEST	1	adoption_430_Certificate_Placement_Type_2	Adoption Placement Type 2 Redirect 1	1646905068754	1646905068971	OK	 
GROUP	1	adoption_430_Certificate_Placement_Type_2	1646905068509	1646905069015	501	OK
REQUEST	1	adoption_440_Certificate_Placement_Order_Number_2	Adoption Placement Order Number 2	1646905070019	1646905070580	OK	 
REQUEST	1	adoption_440_Certificate_Placement_Order_Number_2	Adoption Placement Order Number 2 Redirect 1	1646905070581	1646905070893	OK	 
GROUP	1	adoption_440_Certificate_Placement_Order_Number_2	1646905070019	1646905070938	915	OK
REQUEST	1	adoption_450_Certificate_Placement_Court_2	Adoption Placement Court 2	1646905071931	1646905072128	OK	 
REQUEST	1	adoption_450_Certificate_Placement_Court_2	Adoption Placement Court 2 Redirect 1	1646905072130	1646905072424	OK	 
GROUP	1	adoption_450_Certificate_Placement_Court_2	1646905071930	1646905072467	532	OK
REQUEST	1	adoption_460_Certificate_Placement_Date_2	Adoption Placement Date 2	1646905073470	1646905073663	OK	 
REQUEST	1	adoption_460_Certificate_Placement_Date_2	Adoption Placement Date 2 Redirect 1	1646905073664	1646905074082	OK	 
GROUP	1	adoption_460_Certificate_Placement_Date_2	1646905073470	1646905074135	663	OK
REQUEST	1	adoption_470_Certificate_Placement_Summary_2	Adoption Placement Summary 2	1646905075141	1646905075497	OK	 
REQUEST	1	adoption_470_Certificate_Placement_Summary_2	Adoption Placement Summary 2 Redirect 1	1646905075498	1646905075546	OK	 
GROUP	1	adoption_470_Certificate_Placement_Summary_2	1646905075140	1646905075594	450	OK
REQUEST	1	adoption_480_Birth_Mother	Adoption Mother's Details	1646905076589	1646905076785	OK	 
GROUP	1	adoption_480_Birth_Mother	1646905076588	1646905076874	282	OK
REQUEST	1	adoption_490_Birth_Mother_Name	Adoption Mother's Name	1646905077880	1646905078080	OK	 
REQUEST	1	adoption_490_Birth_Mother_Name	Adoption Mother's Name Redirect 1	1646905078081	1646905078258	OK	 
GROUP	1	adoption_490_Birth_Mother_Name	1646905077879	1646905078438	555	OK
REQUEST	1	adoption_495_Birth_Mother	Adoption Mother's Details	1646905079430	1646905079483	OK	 
GROUP	1	adoption_495_Birth_Mother	1646905079429	1646905079526	94	OK
REQUEST	1	adoption_500_Birth_Mother_Alive	Adoption Mother Still Alive?	1646905080530	1646905080940	OK	 
REQUEST	1	adoption_500_Birth_Mother_Alive	Adoption Mother Still Alive? Redirect 1	1646905080941	1646905081030	OK	 
GROUP	1	adoption_500_Birth_Mother_Alive	1646905080530	1646905081096	562	OK
REQUEST	1	adoption_510_Birth_Mother_Nationality_Add	Adoption Mother's Nationality Add	1646905082100	1646905082972	OK	 
REQUEST	1	adoption_510_Birth_Mother_Nationality_Add	Adoption Mother's Nationality Add Redirect 1	1646905082974	1646905083039	OK	 
GROUP	1	adoption_510_Birth_Mother_Nationality_Add	1646905082099	1646905083136	1032	OK
REQUEST	1	adoption_520_Birth_Mother_Nationality_POSt	Adoption Mother's Nationality	1646905084141	1646905084305	OK	 
REQUEST	1	adoption_520_Birth_Mother_Nationality_POSt	Adoption Mother's Nationality Redirect 1	1646905084306	1646905084347	OK	 
GROUP	1	adoption_520_Birth_Mother_Nationality_POSt	1646905084140	1646905084408	264	OK
REQUEST	1	adoption_530_Birth_Mother_Occupation	Adoption Mother's Occupation	1646905085410	1646905085571	OK	 
REQUEST	1	adoption_530_Birth_Mother_Occupation	Adoption Mother's Occupation Redirect 1	1646905085572	1646905085653	OK	 
GROUP	1	adoption_530_Birth_Mother_Occupation	1646905085410	1646905085696	282	OK
REQUEST	1	adoption_535_Birth_Mother_Occupation_Redirect	Adoption Mother's Details Redirect	1646905086688	1646905086758	OK	 
GROUP	1	adoption_535_Birth_Mother_Occupation_Redirect	1646905086687	1646905086805	115	OK
REQUEST	1	adoption_540_Birth_Mother_Occupation	Adoption Mother's Address Known	1646905087811	1646905087994	OK	 
REQUEST	1	adoption_540_Birth_Mother_Occupation	Adoption Mother's Address Known Redirect 1	1646905087995	1646905088036	OK	 
GROUP	1	adoption_540_Birth_Mother_Occupation	1646905087810	1646905088214	399	OK
REQUEST	1	adoption_550_Birth_Mother_Address_Manual	Adoption Mother's Address Manual	1646905089210	1646905089342	OK	 
GROUP	1	adoption_550_Birth_Mother_Address_Manual	1646905089210	1646905089528	315	OK
REQUEST	1	adoption_560_Birth_Mother_Address_POST	Adoption Mother's Address	1646905090529	1646905090908	OK	 
REQUEST	1	adoption_560_Birth_Mother_Address_POST	Adoption Mother's Address Redirect 1	1646905090909	1646905091088	OK	 
GROUP	1	adoption_560_Birth_Mother_Address_POST	1646905090528	1646905091270	737	OK
REQUEST	1	adoption_570_Birth_Father_Details	Adoption Father's Details	1646905092278	1646905092325	OK	 
GROUP	1	adoption_570_Birth_Father_Details	1646905092278	1646905092405	124	OK
REQUEST	1	adoption_580_Birth_Father_Details_POST	Adoption Father's Details On Certificate	1646905093400	1646905093598	OK	 
REQUEST	1	adoption_580_Birth_Father_Details_POST	Adoption Father's Details On Certificate Redirect 1	1646905093599	1646905093638	OK	 
GROUP	1	adoption_580_Birth_Father_Details_POST	1646905093400	1646905093683	279	OK
REQUEST	1	adoption_590_Birth_Father_Name	Adoption Father's Name	1646905094690	1646905094875	OK	 
REQUEST	1	adoption_590_Birth_Father_Name	Adoption Father's Name Redirect 1	1646905094876	1646905094942	OK	 
GROUP	1	adoption_590_Birth_Father_Name	1646905094690	1646905094992	299	OK
REQUEST	1	adoption_600_Birth_Father_Alive	Adoption Father Still alive?	1646905095990	1646905096199	OK	 
REQUEST	1	adoption_600_Birth_Father_Alive	Adoption Father Still alive? Redirect 1	1646905096200	1646905096253	OK	 
GROUP	1	adoption_600_Birth_Father_Alive	1646905095990	1646905096310	316	OK
REQUEST	1	adoption_610_Birth_Father_Nationality_Add	Adoption Father add Nationality	1646905097310	1646905097489	OK	 
REQUEST	1	adoption_610_Birth_Father_Nationality_Add	Adoption Father add Nationality Redirect 1	1646905097490	1646905097534	OK	 
GROUP	1	adoption_610_Birth_Father_Nationality_Add	1646905097310	1646905097581	268	OK
REQUEST	1	adoption_620_Birth_Father_Nationality_POST	Adoption Father's Nationality	1646905098579	1646905098766	OK	 
REQUEST	1	adoption_620_Birth_Father_Nationality_POST	Adoption Father's Nationality Redirect 1	1646905098767	1646905099066	OK	 
GROUP	1	adoption_620_Birth_Father_Nationality_POST	1646905098579	1646905099133	550	OK
REQUEST	1	adoption_630_Birth_Father_Occupation	Adoption Father's Occupation	1646905100129	1646905100480	OK	 
REQUEST	1	adoption_630_Birth_Father_Occupation	Adoption Father's Occupation Redirect 1	1646905100481	1646905100518	OK	 
GROUP	1	adoption_630_Birth_Father_Occupation	1646905100128	1646905100828	695	OK
REQUEST	1	adoption_640_Birth_Father_Occupation_Address_Known	Adoption Father's Address Known?	1646905101839	1646905102251	OK	 
REQUEST	1	adoption_640_Birth_Father_Occupation_Address_Known	Adoption Father's Address Known? Redirect 1	1646905102252	1646905102342	OK	 
GROUP	1	adoption_640_Birth_Father_Occupation_Address_Known	1646905101839	1646905102522	680	OK
REQUEST	1	adoption_640_Birth_Father_Occupation_Address_Manual	Adoption Father's Address Manual	1646905103519	1646905103697	OK	 
GROUP	1	adoption_640_Birth_Father_Occupation_Address_Manual	1646905103518	1646905103809	287	OK
REQUEST	1	adoption_640_Birth_Father_Occupation_Address_POST	Adoption Father's Address	1646905104810	1646905104997	OK	 
REQUEST	1	adoption_640_Birth_Father_Occupation_Address_POST	Adoption Father's Address Redirect 1	1646905104999	1646905105047	OK	 
GROUP	1	adoption_640_Birth_Father_Occupation_Address_POST	1646905104809	1646905105138	324	OK
REQUEST	1	adoption_650_Other_Parent_Exists	Adoption Other Parent	1646905106129	1646905106186	OK	 
GROUP	1	adoption_650_Other_Parent_Exists	1646905106128	1646905106236	105	OK
REQUEST	1	adoption_660_Other_Parent_Exists_POST	Adoption Other Parent Exists	1646905107240	1646905107648	OK	 
REQUEST	1	adoption_660_Other_Parent_Exists_POST	Adoption Other Parent Exists Redirect 1	1646905107649	1646905107687	OK	 
GROUP	1	adoption_660_Other_Parent_Exists_POST	1646905107240	1646905107733	489	OK
REQUEST	1	adoption_670_Other_Parent_Name	Adoption Other Parent Name	1646905108739	1646905109184	OK	 
REQUEST	1	adoption_670_Other_Parent_Name	Adoption Other Parent Name Redirect 1	1646905109186	1646905109309	OK	 
GROUP	1	adoption_670_Other_Parent_Name	1646905108739	1646905109364	620	OK
REQUEST	1	adoption_680_Other_Parent_Address_Known?	Adoption Other Parent Address known?	1646905110360	1646905110720	OK	 
REQUEST	1	adoption_680_Other_Parent_Address_Known?	Adoption Other Parent Address known? Redirect 1	1646905110721	1646905110793	OK	 
GROUP	1	adoption_680_Other_Parent_Address_Known?	1646905110360	1646905110838	475	OK
REQUEST	1	adoption_690_Other_Parent_Address_Manual	Adoption Other Parent Address Manual	1646905111841	1646905111935	OK	 
GROUP	1	adoption_690_Other_Parent_Address_Manual	1646905111840	1646905111978	135	OK
REQUEST	1	adoption_700_Other_Parent_Address_POST	Adoption Other Parent Address Manual	1646905112980	1646905113382	OK	 
REQUEST	1	adoption_700_Other_Parent_Address_POST	Adoption Other Parent Address Manual Redirect 1	1646905113384	1646905113426	OK	 
GROUP	1	adoption_700_Other_Parent_Address_POST	1646905112979	1646905113485	500	OK
REQUEST	1	adoption_710_Agency	Adoption Agency	1646905114481	1646905114918	OK	 
REQUEST	1	adoption_710_Agency	Adoption Agency Redirect 1	1646905114919	1646905115256	OK	 
GROUP	1	adoption_710_Agency	1646905114480	1646905115342	858	OK
REQUEST	1	adoption_720_Agency_Details	Adoption Agency Details	1646905116349	1646905116662	OK	 
REQUEST	1	adoption_720_Agency_Details	Adoption Agency Details Redirect 1	1646905116663	1646905116705	OK	 
GROUP	1	adoption_720_Agency_Details	1646905116349	1646905116815	463	OK
REQUEST	1	adoption_730_Other_Agency	Adoption Other Agency?	1646905117810	1646905118297	OK	 
REQUEST	1	adoption_730_Other_Agency	Adoption Other Agency? Redirect 1	1646905118299	1646905118606	OK	 
REQUEST	1	adoption_730_Other_Agency	Adoption Other Agency? Redirect 2	1646905118608	1646905119017	OK	 
GROUP	1	adoption_730_Other_Agency	1646905117809	1646905119065	1248	OK
REQUEST	1	adoption_740_Other_Agency_Details	Adoption Other Agency Details	1646905120068	1646905120449	OK	 
REQUEST	1	adoption_740_Other_Agency_Details	Adoption Other Agency Details Redirect 1	1646905120450	1646905120488	OK	 
GROUP	1	adoption_740_Other_Agency_Details	1646905120068	1646905120529	458	OK
REQUEST	1	adoption_750_Social_Worker_Details	Adoption Social Worker Details	1646905121530	1646905121719	OK	 
REQUEST	1	adoption_750_Social_Worker_Details	Adoption Social Worker Details Redirect 1	1646905121721	1646905121796	OK	 
GROUP	1	adoption_750_Social_Worker_Details	1646905121530	1646905121839	304	OK
REQUEST	1	adoption_760_Sibling_Details	Adoption Sibling Details	1646905122841	1646905122956	OK	 
GROUP	1	adoption_760_Sibling_Details	1646905122840	1646905123004	159	OK
REQUEST	1	adoption_770_Sibling_Other?	Adoption Any Sibling?	1646905124001	1646905124197	OK	 
REQUEST	1	adoption_770_Sibling_Other?	Adoption Any Sibling? Redirect 1	1646905124199	1646905124294	OK	 
GROUP	1	adoption_770_Sibling_Other?	1646905124000	1646905124403	397	OK
REQUEST	1	adoption_780_Sibling_Court_Order_Exists?	Adoption Court Order Exists?	1646905125411	1646905125670	OK	 
REQUEST	1	adoption_780_Sibling_Court_Order_Exists?	Adoption Court Order Exists? Redirect 1	1646905125671	1646905125864	OK	 
GROUP	1	adoption_780_Sibling_Court_Order_Exists?	1646905125411	1646905125941	526	OK
REQUEST	1	adoption_790_Sibling_Name?	Adoption Sibling Name	1646905126941	1646905127135	OK	 
REQUEST	1	adoption_790_Sibling_Name?	Adoption Sibling Name Redirect 1	1646905127137	1646905127411	OK	 
REQUEST	1	adoption_790_Sibling_Name?	Adoption Sibling Name Redirect 2	1646905127412	1646905127623	OK	 
GROUP	1	adoption_790_Sibling_Name?	1646905126940	1646905127671	724	OK
REQUEST	1	adoption_800_Sibling_Order_Type	Adoption Order Type?	1646905128669	1646905129022	OK	 
REQUEST	1	adoption_800_Sibling_Order_Type	Adoption Order Type? Redirect 1	1646905129023	1646905129325	OK	 
GROUP	1	adoption_800_Sibling_Order_Type	1646905128669	1646905129476	803	OK
REQUEST	1	adoption_810_Sibling_Order_Number	Adoption Order Number	1646905130469	1646905130968	OK	 
REQUEST	1	adoption_810_Sibling_Order_Number	Adoption Order Number Redirect 1	1646905130970	1646905131025	OK	 
GROUP	1	adoption_810_Sibling_Order_Number	1646905130469	1646905131084	610	OK
REQUEST	1	adoption_820_Sibling_New_Order?	Adoption Add New Order?	1646905132088	1646905132506	OK	 
REQUEST	1	adoption_820_Sibling_New_Order?	Adoption Add New Order? Redirect 1	1646905132507	1646905132562	OK	 
GROUP	1	adoption_820_Sibling_New_Order?	1646905132088	1646905132606	512	OK
REQUEST	1	adoption_830_Sibling_Select	Adoption Select Sibling	1646905133609	1646905133780	OK	 
REQUEST	1	adoption_830_Sibling_Select	Adoption Select Sibling Redirect 1	1646905133782	1646905134067	OK	 
REQUEST	1	adoption_830_Sibling_Select	Adoption Select Sibling Redirect 2	1646905134068	1646905134354	OK	 
GROUP	1	adoption_830_Sibling_Select	1646905133608	1646905134409	793	OK
REQUEST	1	adoption_840_Sibling_Select	Adoption Order Type	1646905135410	1646905135595	OK	 
REQUEST	1	adoption_840_Sibling_Select	Adoption Order Type Redirect 1	1646905135596	1646905135785	OK	 
GROUP	1	adoption_840_Sibling_Select	1646905135409	1646905135834	420	OK
REQUEST	1	adoption_850_Sibling_Select	Adoption Order Number	1646905136830	1646905136992	OK	 
REQUEST	1	adoption_850_Sibling_Select	Adoption Order Number Redirect 1	1646905136994	1646905137058	OK	 
GROUP	1	adoption_850_Sibling_Select	1646905136829	1646905137136	302	OK
REQUEST	1	adoption_851_Sibling_New_Order?	Adoption Add New Order?	1646905138141	1646905138319	OK	 
REQUEST	1	adoption_851_Sibling_New_Order?	Adoption Add New Order? Redirect 1	1646905138320	1646905138361	OK	 
GROUP	1	adoption_851_Sibling_New_Order?	1646905138141	1646905138458	312	OK
REQUEST	1	adoption_852_Sibling_Select	Adoption Select Sibling	1646905139450	1646905139645	OK	 
REQUEST	1	adoption_852_Sibling_Select	Adoption Select Sibling Redirect 1	1646905139646	1646905139844	OK	 
REQUEST	1	adoption_852_Sibling_Select	Adoption Select Sibling Redirect 2	1646905139845	1646905140289	OK	 
GROUP	1	adoption_852_Sibling_Select	1646905139449	1646905140351	897	OK
REQUEST	1	adoption_853_Sibling_Select	Adoption Order Type	1646905141358	1646905141790	OK	 
REQUEST	1	adoption_853_Sibling_Select	Adoption Order Type Redirect 1	1646905141791	1646905142024	OK	 
GROUP	1	adoption_853_Sibling_Select	1646905141358	1646905142159	797	OK
REQUEST	1	adoption_854_Sibling_Select	Adoption Order Number	1646905143169	1646905143459	OK	 
REQUEST	1	adoption_854_Sibling_Select	Adoption Order Number Redirect 1	1646905143460	1646905143644	OK	 
GROUP	1	adoption_854_Sibling_Select	1646905143168	1646905143818	647	OK
REQUEST	1	adoption_855_Sibling_Select	Adoption Order Number	1646905144819	1646905145148	OK	 
REQUEST	1	adoption_855_Sibling_Select	Adoption Order Number Redirect 1	1646905145149	1646905145709	OK	 
GROUP	1	adoption_855_Sibling_Select	1646905144819	1646905146369	1547	OK
REQUEST	1	adoption_860_Sibling_Select	Adoption Order Number	1646905146369	1646905146923	OK	 
REQUEST	1	adoption_860_Sibling_Select	Adoption Order Number Redirect 1	1646905146924	1646905146994	OK	 
GROUP	1	adoption_860_Sibling_Select	1646905146369	1646905147277	905	OK
REQUEST	1	adoption_861_Family_Court	Adoption Family Court Redirect	1646905148270	1646905148318	OK	 
GROUP	1	adoption_861_Family_Court	1646905148269	1646905148533	260	OK
REQUEST	1	adoption_862_Family_Court_POST	Adoption Family Court Redirect	1646905148533	1646905148740	OK	 
REQUEST	1	adoption_862_Family_Court_POST	Adoption Family Court Redirect Redirect 1	1646905148741	1646905148788	OK	 
GROUP	1	adoption_862_Family_Court_POST	1646905148533	1646905148833	297	OK
REQUEST	1	adoption_870_Upload_Document	Adoption Birth Certificate Details	1646905148833	1646905148885	OK	 
GROUP	1	adoption_870_Upload_Document	1646905148833	1646905148930	94	OK
REQUEST	1	adoption_885_Upload_Document_POST	Adoption Certificate Upload POST	1646905149930	1646905150246	OK	 
REQUEST	1	adoption_885_Upload_Document_POST	Adoption Certificate Upload POST Redirect 1	1646905150247	1646905150455	OK	 
GROUP	1	adoption_885_Upload_Document_POST	1646905149930	1646905150501	567	OK
USER	LAU Simulation	1	END	1646905000478	1646905151501
