RUN	simulations.mainSimulation	mainsimulation	1646750403672	 	3.3.1
USER	LAU Simulation	1	START	1646750404186	1646750404186
REQUEST	1	adoption_010_Homepage	Adoption Homepage	1646750404210	1646750404297	OK	 
REQUEST	1	adoption_010_Homepage	Adoption Homepage Redirect 1	1646750404322	1646750404351	OK	 
REQUEST	1	adoption_010_Homepage	Adoption Homepage Redirect 2	1646750404353	1646750404419	OK	 
GROUP	1	adoption_010_Homepage	1646750404193	1646750404654	335	OK
REQUEST	1	Adoption_020_Login	Adoption Login	1646750406678	1646750406879	OK	 
REQUEST	1	Adoption_020_Login	Adoption Login Redirect 1	1646750406884	1646750407266	OK	 
REQUEST	1	Adoption_020_Login	Adoption Login Redirect 2	1646750407268	1646750407586	OK	 
REQUEST	1	Adoption_020_Login	Adoption Login Redirect 3	1646750407588	1646750407630	OK	 
GROUP	1	Adoption_020_Login	1646750406673	1646750407730	1032	OK
REQUEST	1	Adoption_030_Apply_With	Adoption Applying With	1646750409733	1646750409781	OK	 
GROUP	1	Adoption_030_Apply_With	1646750409733	1646750409829	87	OK
REQUEST	1	Adoption_040_Adoption_Applying_Post	Adoption Applying Post	1646750411834	1646750412898	OK	 
REQUEST	1	Adoption_040_Adoption_Applying_Post	Adoption Applying Post Redirect 1	1646750412900	1646750412939	OK	 
GROUP	1	Adoption_040_Adoption_Applying_Post	1646750411832	1646750412986	1144	OK
REQUEST	1	Adoption_050_Adoption_Applying_With_Redirect	Adoption Applying With Redirect	1646750414984	1646750415021	OK	 
GROUP	1	Adoption_050_Adoption_Applying_With_Redirect	1646750414983	1646750415067	78	OK
REQUEST	1	Adoption_180_Second_Personal_Details	Adoption Second Personal Details	1646750417073	1646750417130	OK	 
GROUP	1	Adoption_180_Second_Personal_Details	1646750417072	1646750417174	96	OK
USER	LAU Simulation	1	END	1646750404186	1646750419175
