RUN	simulations.mainSimulation	mainsimulation	1646748465677	 	3.3.1
USER	LAU Simulation	1	START	1646748466275	1646748466275
REQUEST	1	adoption_010_Homepage	Adoption Homepage	1646748466305	1646748466394	OK	 
REQUEST	1	adoption_010_Homepage	Adoption Homepage Redirect 1	1646748466422	1646748466451	OK	 
REQUEST	1	adoption_010_Homepage	Adoption Homepage Redirect 2	1646748466453	1646748466518	OK	 
GROUP	1	adoption_010_Homepage	1646748466284	1646748466795	357	OK
REQUEST	1	Adoption_020_Login	Adoption Login	1646748468817	1646748469013	OK	 
REQUEST	1	Adoption_020_Login	Adoption Login Redirect 1	1646748469018	1646748469332	OK	 
REQUEST	1	Adoption_020_Login	Adoption Login Redirect 2	1646748469334	1646748469918	OK	 
REQUEST	1	Adoption_020_Login	Adoption Login Redirect 3	1646748469920	1646748469968	OK	 
GROUP	1	Adoption_020_Login	1646748468812	1646748470078	1240	OK
REQUEST	1	Adoption_030_Apply_With	Adoption Applying With	1646748472085	1646748472140	OK	 
GROUP	1	Adoption_030_Apply_With	1646748472084	1646748472193	99	OK
REQUEST	1	Adoption_080_Your_Details	Adoption Your Personal Details 	1646748474194	1646748474244	OK	 
GROUP	1	Adoption_080_Your_Details	1646748474193	1646748474292	93	OK
REQUEST	1	Adoption_090_Your_Details_POST	Adoption Your Personal Details Post	1646748476293	1646748476900	OK	 
REQUEST	1	Adoption_090_Your_Details_POST	Adoption Your Personal Details Post Redirect 1	1646748476902	1646748476949	OK	 
GROUP	1	Adoption_090_Your_Details_POST	1646748476292	1646748476998	699	OK
REQUEST	1	Adoption_100_Your_Details_Other_Name	Adoption Your Personal Details Other Name	1646748478994	1646748479535	OK	 
REQUEST	1	Adoption_100_Your_Details_Other_Name	Adoption Your Personal Details Other Name Redirect 1	1646748479537	1646748479611	OK	 
GROUP	1	Adoption_100_Your_Details_Other_Name	1646748478993	1646748479651	651	OK
REQUEST	1	Adoption_110_Your_Details_DoB	Adoption Your Personal Details DoB	1646748481654	1646748481746	KO	substring(What's your date of birth?).find.exists, found nothing
GROUP	1	Adoption_110_Your_Details_DoB	1646748481653	1646748481751	92	KO
USER	LAU Simulation	1	END	1646748466275	1646748481760
