RUN	uk.gov.hmcts.reform.LandA.performance.simulations.mainSimulation	mainsimulation	1645176129619	 	3.3.1
USER	LAU Simulation	1	START	1645176130709	1645176130709
REQUEST	1	LAU_020_Homepage	LAU Homepage	1645176130774	1645176130869	OK	 
REQUEST	1	LAU_020_Homepage	LAU Homepage Redirect 1	1645176130886	1645176130935	OK	 
REQUEST	1	LAU_020_Homepage	LAU Homepage Redirect 2	1645176130936	1645176131031	OK	 
GROUP	1	LAU_020_Homepage	1645176130720	1645176131378	404	OK
REQUEST	1	LAU_030_Login	LAU Login	1645176136487	1645176137088	OK	 
REQUEST	1	LAU_030_Login	LAU Login Redirect 1	1645176137107	1645176137600	OK	 
REQUEST	1	LAU_030_Login	LAU Login Redirect 2	1645176137615	1645176137658	OK	 
GROUP	1	LAU_030_Login	1645176136443	1645176138122	1571	OK
REQUEST	1	LAU_040_CaseAuditSearch	LAU Case Audit Search	1645176143141	1645176144164	OK	 
REQUEST	1	LAU_040_CaseAuditSearch	LAU Case Audit Search Redirect 1	1645176144167	1645176144239	OK	 
GROUP	1	LAU_040_CaseAuditSearch	1645176143138	1645176144664	1497	OK
REQUEST	1	LAU_050_CaseAuditPage2	LAU Case Audit Page 2	1645176149669	1645176150247	OK	 
REQUEST	1	LAU_050_CaseAuditPage2	LAU Case Audit Page 2 Redirect 1	1645176150249	1645176150312	OK	 
GROUP	1	LAU_050_CaseAuditPage2	1645176149667	1645176150705	1023	OK
REQUEST	1	LAU_060_CaseActivityDownload	Case Activity CSV Download	1645176155707	1645176157610	OK	 
GROUP	1	LAU_060_CaseActivityDownload	1645176155706	1645176157618	1903	OK
REQUEST	1	LAU_070_CaseSearchDownload	Case Search CSV Download	1645176162617	1645176192690	KO	substring(Case Refs).find.exists, found nothing
GROUP	1	LAU_070_CaseSearchDownload	1645176162617	1645176192758	30073	KO
REQUEST	1	LAU_080_LogonAuditSearch	LAU Logon Audit Search	1645176197691	1645176198506	OK	 
REQUEST	1	LAU_080_LogonAuditSearch	LAU Logon Audit Search Redirect 1	1645176198508	1645176198602	OK	 
GROUP	1	LAU_080_LogonAuditSearch	1645176197687	1645176198885	1168	OK
REQUEST	1	LAU_090_LogonAuditPage2	LAU Logon Audit Page 2	1645176203885	1645176204873	OK	 
REQUEST	1	LAU_090_LogonAuditPage2	LAU Logon Audit Page 2 Redirect 1	1645176204874	1645176204944	OK	 
GROUP	1	LAU_090_LogonAuditPage2	1645176203884	1645176205200	1307	OK
REQUEST	1	LAU_100_LogonActivityDownload	Logon Activity CSV Download	1645176210207	1645176210732	OK	 
GROUP	1	LAU_100_LogonActivityDownload	1645176210206	1645176210733	525	OK
USER	LAU Simulation	1	END	1645176130709	1645176215728
