RUN	simulations.mainSimulation	mainsimulation	1646753045303	 	3.3.1
USER	LAU Simulation	1	START	1646753045850	1646753045850
REQUEST	1	adoption_010_Homepage	Adoption Homepage	1646753045876	1646753045969	OK	 
REQUEST	1	adoption_010_Homepage	Adoption Homepage Redirect 1	1646753045995	1646753046024	OK	 
REQUEST	1	adoption_010_Homepage	Adoption Homepage Redirect 2	1646753046026	1646753046080	OK	 
GROUP	1	adoption_010_Homepage	1646753045859	1646753046314	327	OK
REQUEST	1	Adoption_020_Login	Adoption Login	1646753048342	1646753048542	OK	 
REQUEST	1	Adoption_020_Login	Adoption Login Redirect 1	1646753048546	1646753048867	OK	 
REQUEST	1	Adoption_020_Login	Adoption Login Redirect 2	1646753048869	1646753049477	OK	 
REQUEST	1	Adoption_020_Login	Adoption Login Redirect 3	1646753049478	1646753049520	OK	 
GROUP	1	Adoption_020_Login	1646753048336	1646753049624	1263	OK
REQUEST	1	Adoption_030_Apply_With	Adoption Applying With	1646753051627	1646753051674	OK	 
GROUP	1	Adoption_030_Apply_With	1646753051626	1646753051719	84	OK
REQUEST	1	Adoption_040_Adoption_Applying_Post	Adoption Applying Post	1646753053717	1646753054097	OK	 
REQUEST	1	Adoption_040_Adoption_Applying_Post	Adoption Applying Post Redirect 1	1646753054099	1646753054134	OK	 
GROUP	1	Adoption_040_Adoption_Applying_Post	1646753053715	1646753054184	459	OK
REQUEST	1	Adoption_050_Adoption_Applying_With_Redirect	Adoption Applying With Redirect	1646753056185	1646753056223	OK	 
GROUP	1	Adoption_050_Adoption_Applying_With_Redirect	1646753056184	1646753056267	76	OK
REQUEST	1	adoption_380_Placement_Order	Adoption Placement Order Details	1646753058276	1646753058795	KO	substring(What is the serial or case number on the placement order?).find.exists, found nothing
GROUP	1	adoption_380_Placement_Order	1646753058276	1646753058801	519	KO
USER	LAU Simulation	1	END	1646753045850	1646753058815
