RUN	simulations.mainSimulation	mainsimulation	1646839687336	 	3.3.1
USER	LAU Simulation	1	START	1646839687886	1646839687886
REQUEST	1	adoption_010_Homepage	Adoption Homepage	1646839687908	1646839688099	OK	 
REQUEST	1	adoption_010_Homepage	Adoption Homepage Redirect 1	1646839688125	1646839688156	OK	 
REQUEST	1	adoption_010_Homepage	Adoption Homepage Redirect 2	1646839688158	1646839688725	OK	 
GROUP	1	adoption_010_Homepage	1646839687893	1646839689263	1234	OK
REQUEST	1	Adoption_020_Login	Adoption Login	1646839690285	1646839690502	OK	 
REQUEST	1	Adoption_020_Login	Adoption Login Redirect 1	1646839690507	1646839690916	OK	 
REQUEST	1	Adoption_020_Login	Adoption Login Redirect 2	1646839690917	1646839692554	OK	 
REQUEST	1	Adoption_020_Login	Adoption Login Redirect 3	1646839692556	1646839692627	OK	 
GROUP	1	Adoption_020_Login	1646839690282	1646839694158	3856	OK
REQUEST	1	Adoption_030_Apply_With	Adoption Applying With	1646839695161	1646839695328	OK	 
GROUP	1	Adoption_030_Apply_With	1646839695159	1646839695456	286	OK
REQUEST	1	Adoption_040_Adoption_Applying_Post	Adoption Applying Post	1646839696463	1646839697060	OK	 
REQUEST	1	Adoption_040_Adoption_Applying_Post	Adoption Applying Post Redirect 1	1646839697061	1646839697102	OK	 
GROUP	1	Adoption_040_Adoption_Applying_Post	1646839696461	1646839697158	689	OK
REQUEST	1	Adoption_050_Adoption_Applying_With_Redirect	Adoption Applying With Redirect	1646839698150	1646839698197	OK	 
GROUP	1	Adoption_050_Adoption_Applying_With_Redirect	1646839698150	1646839698284	122	OK
REQUEST	1	Adoption_060_Date_Of_Move	Adoption Date Child Moved in 	1646839699292	1646839699350	OK	 
GROUP	1	Adoption_060_Date_Of_Move	1646839699291	1646839699399	103	OK
REQUEST	1	Adoption_070_Date_Of_Move_POST	Adoption Date Child Moved in Post	1646839700391	1646839700746	OK	 
REQUEST	1	Adoption_070_Date_Of_Move_POST	Adoption Date Child Moved in Post Redirect 1	1646839700747	1646839700961	OK	 
REQUEST	1	Adoption_070_Date_Of_Move_POST,Adoption_050_Adoption_Applying_With_Redirect	Adoption Applying With Redirect	1646839701196	1646839701435	OK	 
GROUP	1	Adoption_070_Date_Of_Move_POST,Adoption_050_Adoption_Applying_With_Redirect	1646839701196	1646839701558	359	OK
GROUP	1	Adoption_070_Date_Of_Move_POST	1646839700390	1646839702560	1159	OK
REQUEST	1	Adoption_080_Your_Details	Adoption Your Personal Details 	1646839703571	1646839703671	OK	 
GROUP	1	Adoption_080_Your_Details	1646839703570	1646839703848	273	OK
REQUEST	1	Adoption_090_Your_Details_POST	Adoption Your Personal Details Post	1646839704841	1646839705252	OK	 
REQUEST	1	Adoption_090_Your_Details_POST	Adoption Your Personal Details Post Redirect 1	1646839705253	1646839705298	OK	 
GROUP	1	Adoption_090_Your_Details_POST	1646839704841	1646839705347	501	OK
REQUEST	1	Adoption_100_Your_Details_Other_Name	Adoption Your Personal Details Other Name	1646839706351	1646839706765	OK	 
REQUEST	1	Adoption_100_Your_Details_Other_Name	Adoption Your Personal Details Other Name Redirect 1	1646839706766	1646839706856	OK	 
GROUP	1	Adoption_100_Your_Details_Other_Name	1646839706350	1646839707040	684	OK
REQUEST	1	Adoption_110_Your_Details_DoB	Adoption Your Personal Details DoB	1646839708052	1646839708188	OK	 
GROUP	1	Adoption_110_Your_Details_DoB	1646839708051	1646839708351	296	OK
REQUEST	1	Adoption_120_Your_Details_DoB_POST	Adoption Your Personal Details DoB POST	1646839709351	1646839709678	OK	 
REQUEST	1	Adoption_120_Your_Details_DoB_POST	Adoption Your Personal Details DoB POST Redirect 1	1646839709680	1646839709726	OK	 
GROUP	1	Adoption_120_Your_Details_DoB_POST	1646839709351	1646839709776	419	OK
REQUEST	1	Adoption_130_Your_Details_Occupation	Adoption Your Personal Details Occupation	1646839710772	1646839710941	OK	 
REQUEST	1	Adoption_130_Your_Details_Occupation	Adoption Your Personal Details Occupation Redirect 1	1646839710943	1646839711055	OK	 
GROUP	1	Adoption_130_Your_Details_Occupation	1646839710771	1646839711156	379	OK
REQUEST	1	Adoption_140_Your_Contact_Details	Adoption Your Contact Details LookUp	1646839712150	1646839712240	OK	 
GROUP	1	Adoption_140_Your_Contact_Details	1646839712150	1646839712304	150	OK
REQUEST	1	Adoption_150_Your_Contact_Details_Manual	Adoption Your Contact Details Manual	1646839713312	1646839713393	OK	 
GROUP	1	Adoption_150_Your_Contact_Details_Manual	1646839713311	1646839713488	172	OK
REQUEST	1	Adoption_160_Your_Contact_Details_Manual_POST	Adoption Your Contact Details Manual POST	1646839714490	1646839714748	OK	 
REQUEST	1	Adoption_160_Your_Contact_Details_Manual_POST	Adoption Your Contact Details Manual POST Redirect 1	1646839714750	1646839714787	OK	 
GROUP	1	Adoption_160_Your_Contact_Details_Manual_POST	1646839714489	1646839714833	338	OK
REQUEST	1	Adoption_170_Your_Contact_Details_POST	Adoption Your Contact Details POST	1646839715832	1646839716208	OK	 
REQUEST	1	Adoption_170_Your_Contact_Details_POST	Adoption Your Contact Details POST Redirect 1	1646839716210	1646839716268	OK	 
GROUP	1	Adoption_170_Your_Contact_Details_POST	1646839715832	1646839716322	486	OK
REQUEST	1	Adoption_180_Second_Personal_Details	Adoption Second Personal Details	1646839717322	1646839717370	OK	 
GROUP	1	Adoption_180_Second_Personal_Details	1646839717321	1646839717418	93	OK
REQUEST	1	Adoption_190_Second_Personal_Details_POST	Adoption Second Personal Details POST	1646839718412	1646839718581	OK	 
REQUEST	1	Adoption_190_Second_Personal_Details_POST	Adoption Second Personal Details POST Redirect 1	1646839718582	1646839718640	OK	 
GROUP	1	Adoption_190_Second_Personal_Details_POST	1646839718412	1646839718693	277	OK
REQUEST	1	Adoption_200_Second_Other_Name	Adoption Second Other Name	1646839719701	1646839720313	OK	 
REQUEST	1	Adoption_200_Second_Other_Name	Adoption Second Other Name Redirect 1	1646839720315	1646839720403	OK	 
GROUP	1	Adoption_200_Second_Other_Name	1646839719701	1646839720548	841	OK
REQUEST	1	Adoption_210_Second_Other_Name_Redirect	Adoption Second Other Name Redirect	1646839721542	1646839721881	OK	 
REQUEST	1	Adoption_210_Second_Other_Name_Redirect	Adoption Second Other Name Redirect Redirect 1	1646839721882	1646839722052	OK	 
GROUP	1	Adoption_210_Second_Other_Name_Redirect	1646839721541	1646839722251	704	OK
REQUEST	1	Adoption_220_Second_DoB	Adoption Second DoB	1646839723260	1646839723446	OK	 
REQUEST	1	Adoption_220_Second_DoB	Adoption Second DoB Redirect 1	1646839723447	1646839723503	OK	 
GROUP	1	Adoption_220_Second_DoB	1646839723260	1646839723550	286	OK
REQUEST	1	Adoption_230_Second_Occupation	Adoption Second Occupation	1646839724551	1646839725014	OK	 
REQUEST	1	Adoption_230_Second_Occupation	Adoption Second Occupation Redirect 1	1646839725017	1646839725118	OK	 
GROUP	1	Adoption_230_Second_Occupation	1646839724550	1646839725258	700	OK
REQUEST	1	Adoption_240_Second_Contact_Details_Same_Address	Adoption Second Contact Details Same-Address	1646839726252	1646839726396	OK	 
GROUP	1	Adoption_240_Second_Contact_Details_Same_Address	1646839726251	1646839726455	200	OK
REQUEST	1	Adoption_250_Second_Contact_Details_Same_Address_POST	Adoption Second Contact Details Same-Address POST	1646839727462	1646839727881	OK	 
REQUEST	1	Adoption_250_Second_Contact_Details_Same_Address_POST	Adoption Second Contact Details Same-Address POST Redirect 1	1646839727882	1646839727927	OK	 
GROUP	1	Adoption_250_Second_Contact_Details_Same_Address_POST	1646839727462	1646839727976	510	OK
REQUEST	1	Adoption_260_Second_Contact_Details_Manual_Redirect	Adoption Second Contact Details manual redirect	1646839728971	1646839729024	OK	 
GROUP	1	Adoption_260_Second_Contact_Details_Manual_Redirect	1646839728970	1646839729069	96	OK
REQUEST	1	Adoption_270_Second_Contact_Details_Manual_POST	Adoption Second Contact Details manual POST	1646839730072	1646839730262	OK	 
REQUEST	1	Adoption_270_Second_Contact_Details_Manual_POST	Adoption Second Contact Details manual POST Redirect 1	1646839730263	1646839730307	OK	 
GROUP	1	Adoption_270_Second_Contact_Details_Manual_POST	1646839730071	1646839730350	274	OK
REQUEST	1	Adoption_280_Second_Contact_Details__POST	Adoption Second Contact Details POST	1646839731351	1646839731977	OK	 
REQUEST	1	Adoption_280_Second_Contact_Details__POST	Adoption Second Contact Details POST Redirect 1	1646839731978	1646839732407	OK	 
GROUP	1	Adoption_280_Second_Contact_Details__POST	1646839731350	1646839732538	1182	OK
REQUEST	1	adoption_290_Birth_Certificate	Adoption Birth Certificate Details	1646839733532	1646839733691	OK	 
GROUP	1	adoption_290_Birth_Certificate	1646839733531	1646839733734	199	OK
REQUEST	1	adoption_300_Birth_Certificate_Name	Adoption Birth Certificate Name	1646839734740	1646839735086	OK	 
REQUEST	1	adoption_300_Birth_Certificate_Name	Adoption Birth Certificate Name Redirect 1	1646839735086	1646839735217	OK	 
GROUP	1	adoption_300_Birth_Certificate_Name	1646839734740	1646839735397	654	OK
REQUEST	1	adoption_320_Birth_Certificate_DoB	Adoption Birth Certificate DoB	1646839736402	1646839736438	OK	 
REQUEST	1	adoption_320_Birth_Certificate_DoB	Adoption Birth Certificate DoB Redirect 1	1646839736440	1646839736483	OK	 
GROUP	1	adoption_320_Birth_Certificate_DoB	1646839736402	1646839736552	145	OK
REQUEST	1	adoption_325_Birth_Certificate_DoB_Redirect	Adoption Birth Certificate Details Redirect	1646839737551	1646839737603	OK	 
GROUP	1	adoption_325_Birth_Certificate_DoB_Redirect	1646839737550	1646839737946	393	OK
REQUEST	1	adoption_330_Birth_Certificate_Sex	Adoption Birth Certificate Sex	1646839737947	1646839738106	OK	 
REQUEST	1	adoption_330_Birth_Certificate_Sex	Adoption Birth Certificate Sex Redirect 1	1646839738108	1646839738159	OK	 
GROUP	1	adoption_330_Birth_Certificate_Sex	1646839737947	1646839738421	469	OK
REQUEST	1	adoption_335_Birth_Certificate_Sex_Redirect	Adoption Birth Certificate Sex Redirect	1646839739422	1646839739473	OK	 
GROUP	1	adoption_335_Birth_Certificate_Sex_Redirect	1646839739421	1646839739530	106	OK
REQUEST	1	adoption_340_Birth_Certificate_Nationality_Add	Adoption Birth Certificate Nationality Add	1646839739531	1646839739964	OK	 
REQUEST	1	adoption_340_Birth_Certificate_Nationality_Add	Adoption Birth Certificate Nationality Add Redirect 1	1646839739965	1646839740022	OK	 
GROUP	1	adoption_340_Birth_Certificate_Nationality_Add	1646839739530	1646839740067	532	OK
REQUEST	1	adoption_350_Birth_Certificate_Nationality_POST	Adoption Birth Certificate Nationality POST	1646839741065	1646839741239	OK	 
REQUEST	1	adoption_350_Birth_Certificate_Nationality_POST	Adoption Birth Certificate Nationality POST Redirect 1	1646839741240	1646839741332	OK	 
GROUP	1	adoption_350_Birth_Certificate_Nationality_POST	1646839741064	1646839741378	308	OK
REQUEST	1	adoption_360_Certificate_Details	Adoption Certificate Details	1646839742380	1646839742485	OK	 
GROUP	1	adoption_360_Certificate_Details	1646839742380	1646839742528	145	OK
REQUEST	1	adoption_370_Certificate_Details_Name	Adoption Certificate Details Name	1646839743522	1646839743936	OK	 
REQUEST	1	adoption_370_Certificate_Details_Name	Adoption Certificate Details Name Redirect 1	1646839743937	1646839743975	OK	 
GROUP	1	adoption_370_Certificate_Details_Name	1646839743521	1646839745051	518	OK
REQUEST	1	adoption_380_Placement_Order	Adoption Placement Order Details	1646839745051	1646839745230	OK	 
GROUP	1	adoption_380_Placement_Order	1646839745051	1646839745294	241	OK
REQUEST	1	adoption_390_Certificate_Placement_Order_Number	Adoption Placement Order Number	1646839746292	1646839746541	OK	 
REQUEST	1	adoption_390_Certificate_Placement_Order_Number	Adoption Placement Order Number Redirect 1	1646839746543	1646839746729	OK	 
GROUP	1	adoption_390_Certificate_Placement_Order_Number	1646839746291	1646839747075	778	OK
REQUEST	1	adoption_400_Certificate_Placement_Court	Adoption Placement Court	1646839748081	1646839748548	OK	 
REQUEST	1	adoption_400_Certificate_Placement_Court	Adoption Placement Court Redirect 1	1646839748549	1646839748732	OK	 
GROUP	1	adoption_400_Certificate_Placement_Court	1646839748081	1646839748778	693	OK
REQUEST	1	adoption_410_Certificate_Placement_Date	Adoption Placement Date	1646839749770	1646839750408	OK	 
REQUEST	1	adoption_410_Certificate_Placement_Date	Adoption Placement Date Redirect 1	1646839750410	1646839750673	OK	 
GROUP	1	adoption_410_Certificate_Placement_Date	1646839749769	1646839750727	951	OK
REQUEST	1	adoption_420_Certificate_Placement_Summary	Adoption Placement Summary	1646839751730	1646839752150	OK	 
REQUEST	1	adoption_420_Certificate_Placement_Summary	Adoption Placement Summary Redirect 1	1646839752152	1646839752559	OK	 
REQUEST	1	adoption_420_Certificate_Placement_Summary	Adoption Placement Summary Redirect 2	1646839752560	1646839752745	OK	 
GROUP	1	adoption_420_Certificate_Placement_Summary	1646839751729	1646839755777	4041	OK
REQUEST	1	adoption_430_Certificate_Placement_Type_2	Adoption Placement Type 2	1646839756781	1646839756936	OK	 
REQUEST	1	adoption_430_Certificate_Placement_Type_2	Adoption Placement Type 2 Redirect 1	1646839756937	1646839757274	OK	 
GROUP	1	adoption_430_Certificate_Placement_Type_2	1646839756781	1646839757401	615	OK
REQUEST	1	adoption_440_Certificate_Placement_Order_Number_2	Adoption Placement Order Number 2	1646839758400	1646839758774	OK	 
REQUEST	1	adoption_440_Certificate_Placement_Order_Number_2	Adoption Placement Order Number 2 Redirect 1	1646839758775	1646839759054	OK	 
GROUP	1	adoption_440_Certificate_Placement_Order_Number_2	1646839758399	1646839759318	913	OK
REQUEST	1	adoption_450_Certificate_Placement_Court_2	Adoption Placement Court 2	1646839760319	1646839760542	OK	 
REQUEST	1	adoption_450_Certificate_Placement_Court_2	Adoption Placement Court 2 Redirect 1	1646839760543	1646839760871	OK	 
GROUP	1	adoption_450_Certificate_Placement_Court_2	1646839760319	1646839761097	774	OK
REQUEST	1	adoption_460_Certificate_Placement_Date_2	Adoption Placement Date 2	1646839762091	1646839762492	OK	 
REQUEST	1	adoption_460_Certificate_Placement_Date_2	Adoption Placement Date 2 Redirect 1	1646839762493	1646839762708	OK	 
GROUP	1	adoption_460_Certificate_Placement_Date_2	1646839762091	1646839763060	965	OK
REQUEST	1	adoption_470_Certificate_Placement_Summary_2	Adoption Placement Summary 2	1646839764061	1646839764540	OK	 
REQUEST	1	adoption_470_Certificate_Placement_Summary_2	Adoption Placement Summary 2 Redirect 1	1646839764541	1646839764584	OK	 
GROUP	1	adoption_470_Certificate_Placement_Summary_2	1646839764061	1646839764635	570	OK
REQUEST	1	adoption_480_Birth_Mother	Adoption Mother's Details	1646839765639	1646839765682	OK	 
GROUP	1	adoption_480_Birth_Mother	1646839765639	1646839765779	138	OK
REQUEST	1	adoption_490_Birth_Mother_Name	Adoption Mother's Name	1646839766791	1646839766961	OK	 
REQUEST	1	adoption_490_Birth_Mother_Name	Adoption Mother's Name Redirect 1	1646839766962	1646839767087	OK	 
GROUP	1	adoption_490_Birth_Mother_Name	1646839766791	1646839767145	351	OK
REQUEST	1	adoption_495_Birth_Mother	Adoption Mother's Details	1646839768131	1646839768187	OK	 
GROUP	1	adoption_495_Birth_Mother	1646839768131	1646839768271	137	OK
REQUEST	1	adoption_500_Birth_Mother_Alive	Adoption Mother Still Alive?	1646839769281	1646839769762	OK	 
REQUEST	1	adoption_500_Birth_Mother_Alive	Adoption Mother Still Alive? Redirect 1	1646839769764	1646839769819	OK	 
GROUP	1	adoption_500_Birth_Mother_Alive	1646839769281	1646839769877	591	OK
REQUEST	1	adoption_510_Birth_Mother_Nationality_Add	Adoption Mother's Nationality Add	1646839770872	1646839771280	OK	 
REQUEST	1	adoption_510_Birth_Mother_Nationality_Add	Adoption Mother's Nationality Add Redirect 1	1646839771281	1646839771332	OK	 
GROUP	1	adoption_510_Birth_Mother_Nationality_Add	1646839770871	1646839771449	573	OK
REQUEST	1	adoption_520_Birth_Mother_Nationality_POSt	Adoption Mother's Nationality	1646839772451	1646839772705	OK	 
REQUEST	1	adoption_520_Birth_Mother_Nationality_POSt	Adoption Mother's Nationality Redirect 1	1646839772706	1646839772742	OK	 
GROUP	1	adoption_520_Birth_Mother_Nationality_POSt	1646839772450	1646839772885	430	OK
REQUEST	1	adoption_530_Birth_Mother_Occupation	Adoption Mother's Occupation	1646839773890	1646839774054	OK	 
REQUEST	1	adoption_530_Birth_Mother_Occupation	Adoption Mother's Occupation Redirect 1	1646839774055	1646839774099	OK	 
GROUP	1	adoption_530_Birth_Mother_Occupation	1646839773890	1646839774236	343	OK
REQUEST	1	adoption_535_Birth_Mother_Occupation_Redirect	Adoption Mother's Details Redirect	1646839775231	1646839775279	OK	 
GROUP	1	adoption_535_Birth_Mother_Occupation_Redirect	1646839775231	1646839775381	148	OK
REQUEST	1	adoption_540_Birth_Mother_Occupation	Adoption Mother's Address Known	1646839776391	1646839776561	OK	 
REQUEST	1	adoption_540_Birth_Mother_Occupation	Adoption Mother's Address Known Redirect 1	1646839776562	1646839776605	OK	 
GROUP	1	adoption_540_Birth_Mother_Occupation	1646839776390	1646839776648	253	OK
REQUEST	1	adoption_550_Birth_Mother_Address_Manual	Adoption Mother's Address Manual	1646839777642	1646839777703	OK	 
GROUP	1	adoption_550_Birth_Mother_Address_Manual	1646839777641	1646839777751	106	OK
REQUEST	1	adoption_560_Birth_Mother_Address_POST	Adoption Mother's Address	1646839778751	1646839778911	OK	 
REQUEST	1	adoption_560_Birth_Mother_Address_POST	Adoption Mother's Address Redirect 1	1646839778913	1646839779132	OK	 
GROUP	1	adoption_560_Birth_Mother_Address_POST	1646839778750	1646839779297	541	OK
REQUEST	1	adoption_570_Birth_Father_Details	Adoption Father's Details	1646839780291	1646839780367	OK	 
GROUP	1	adoption_570_Birth_Father_Details	1646839780291	1646839780542	248	OK
REQUEST	1	adoption_580_Birth_Father_Details_POST	Adoption Father's Details On Certificate	1646839781551	1646839781735	OK	 
REQUEST	1	adoption_580_Birth_Father_Details_POST	Adoption Father's Details On Certificate Redirect 1	1646839781736	1646839781769	OK	 
GROUP	1	adoption_580_Birth_Father_Details_POST	1646839781551	1646839781815	261	OK
REQUEST	1	adoption_590_Birth_Father_Name	Adoption Father's Name	1646839782812	1646839783176	OK	 
REQUEST	1	adoption_590_Birth_Father_Name	Adoption Father's Name Redirect 1	1646839783177	1646839783232	OK	 
GROUP	1	adoption_590_Birth_Father_Name	1646839782811	1646839783329	513	OK
REQUEST	1	adoption_600_Birth_Father_Alive	Adoption Father Still alive?	1646839784341	1646839784774	OK	 
REQUEST	1	adoption_600_Birth_Father_Alive	Adoption Father Still alive? Redirect 1	1646839784776	1646839784814	OK	 
GROUP	1	adoption_600_Birth_Father_Alive	1646839784340	1646839784867	521	OK
REQUEST	1	adoption_610_Birth_Father_Nationality_Add	Adoption Father add Nationality	1646839785852	1646839786058	OK	 
REQUEST	1	adoption_610_Birth_Father_Nationality_Add	Adoption Father add Nationality Redirect 1	1646839786059	1646839786218	OK	 
GROUP	1	adoption_610_Birth_Father_Nationality_Add	1646839785851	1646839786525	668	OK
REQUEST	1	adoption_620_Birth_Father_Nationality_POST	Adoption Father's Nationality	1646839787530	1646839787989	OK	 
REQUEST	1	adoption_620_Birth_Father_Nationality_POST	Adoption Father's Nationality Redirect 1	1646839787990	1646839788022	OK	 
GROUP	1	adoption_620_Birth_Father_Nationality_POST	1646839787529	1646839788605	1071	OK
REQUEST	1	adoption_630_Birth_Father_Occupation	Adoption Father's Occupation	1646839789612	1646839790037	OK	 
REQUEST	1	adoption_630_Birth_Father_Occupation	Adoption Father's Occupation Redirect 1	1646839790039	1646839790080	OK	 
GROUP	1	adoption_630_Birth_Father_Occupation	1646839789611	1646839791881	2264	OK
REQUEST	1	adoption_640_Birth_Father_Occupation_Address_Known	Adoption Father's Address Known?	1646839792882	1646839793295	OK	 
REQUEST	1	adoption_640_Birth_Father_Occupation_Address_Known	Adoption Father's Address Known? Redirect 1	1646839793296	1646839793340	OK	 
GROUP	1	adoption_640_Birth_Father_Occupation_Address_Known	1646839792881	1646839793398	512	OK
REQUEST	1	adoption_640_Birth_Father_Occupation_Address_Manual	Adoption Father's Address Manual	1646839794389	1646839794439	OK	 
GROUP	1	adoption_640_Birth_Father_Occupation_Address_Manual	1646839794389	1646839794538	146	OK
REQUEST	1	adoption_640_Birth_Father_Occupation_Address_POST	Adoption Father's Address	1646839795542	1646839796079	OK	 
REQUEST	1	adoption_640_Birth_Father_Occupation_Address_POST	Adoption Father's Address Redirect 1	1646839796081	1646839796136	OK	 
GROUP	1	adoption_640_Birth_Father_Occupation_Address_POST	1646839795542	1646839796326	779	OK
REQUEST	1	adoption_650_Other_Parent_Exists	Adoption Other Parent	1646839797331	1646839797375	OK	 
GROUP	1	adoption_650_Other_Parent_Exists	1646839797331	1646839797601	266	OK
REQUEST	1	adoption_660_Other_Parent_Exists_POST	Adoption Other Parent Exists	1646839798602	1646839799221	OK	 
REQUEST	1	adoption_660_Other_Parent_Exists_POST	Adoption Other Parent Exists Redirect 1	1646839799222	1646839799263	OK	 
GROUP	1	adoption_660_Other_Parent_Exists_POST	1646839798601	1646839799389	785	OK
REQUEST	1	adoption_670_Other_Parent_Name	Adoption Other Parent Name	1646839800382	1646839800590	OK	 
REQUEST	1	adoption_670_Other_Parent_Name	Adoption Other Parent Name Redirect 1	1646839800591	1646839800636	OK	 
GROUP	1	adoption_670_Other_Parent_Name	1646839800381	1646839801030	644	OK
REQUEST	1	adoption_680_Other_Parent_Address_Known?	Adoption Other Parent Address known?	1646839802041	1646839802324	OK	 
REQUEST	1	adoption_680_Other_Parent_Address_Known?	Adoption Other Parent Address known? Redirect 1	1646839802326	1646839802387	OK	 
GROUP	1	adoption_680_Other_Parent_Address_Known?	1646839802041	1646839802458	412	OK
REQUEST	1	adoption_690_Other_Parent_Address_Manual	Adoption Other Parent Address Manual	1646839803451	1646839803503	OK	 
GROUP	1	adoption_690_Other_Parent_Address_Manual	1646839803450	1646839803560	106	OK
REQUEST	1	adoption_700_Other_Parent_Address_POST	Adoption Other Parent Address Manual	1646839804571	1646839804750	OK	 
REQUEST	1	adoption_700_Other_Parent_Address_POST	Adoption Other Parent Address Manual Redirect 1	1646839804751	1646839804787	OK	 
GROUP	1	adoption_700_Other_Parent_Address_POST	1646839804571	1646839804942	361	OK
REQUEST	1	adoption_710_Agency	Adoption Agency	1646839805932	1646839806221	OK	 
REQUEST	1	adoption_710_Agency	Adoption Agency Redirect 1	1646839806223	1646839806524	OK	 
GROUP	1	adoption_710_Agency	1646839805931	1646839806566	629	OK
REQUEST	1	adoption_720_Agency_Details	Adoption Agency Details	1646839807570	1646839807729	OK	 
REQUEST	1	adoption_720_Agency_Details	Adoption Agency Details Redirect 1	1646839807730	1646839808620	OK	 
GROUP	1	adoption_720_Agency_Details	1646839807570	1646839808835	1261	OK
REQUEST	1	adoption_730_Other_Agency	Adoption Other Agency?	1646839809831	1646839810083	OK	 
REQUEST	1	adoption_730_Other_Agency	Adoption Other Agency? Redirect 1	1646839810084	1646839810312	OK	 
REQUEST	1	adoption_730_Other_Agency	Adoption Other Agency? Redirect 2	1646839810313	1646839810769	OK	 
GROUP	1	adoption_730_Other_Agency	1646839809830	1646839810811	975	OK
REQUEST	1	adoption_740_Other_Agency_Details	Adoption Other Agency Details	1646839811820	1646839812078	OK	 
REQUEST	1	adoption_740_Other_Agency_Details	Adoption Other Agency Details Redirect 1	1646839812080	1646839812248	OK	 
GROUP	1	adoption_740_Other_Agency_Details	1646839811819	1646839812391	566	OK
REQUEST	1	adoption_750_Social_Worker_Details	Adoption Social Worker Details	1646839813392	1646839813776	OK	 
REQUEST	1	adoption_750_Social_Worker_Details	Adoption Social Worker Details Redirect 1	1646839813777	1646839813832	OK	 
GROUP	1	adoption_750_Social_Worker_Details	1646839813391	1646839814341	946	OK
REQUEST	1	adoption_760_Sibling_Details	Adoption Sibling Details	1646839815339	1646839815621	OK	 
GROUP	1	adoption_760_Sibling_Details	1646839815339	1646839815669	328	OK
REQUEST	1	adoption_770_Sibling_Other?	Adoption Any Sibling?	1646839816659	1646839816835	OK	 
REQUEST	1	adoption_770_Sibling_Other?	Adoption Any Sibling? Redirect 1	1646839816837	1646839816878	OK	 
GROUP	1	adoption_770_Sibling_Other?	1646839816659	1646839816933	270	OK
REQUEST	1	adoption_780_Sibling_Court_Order_Exists?	Adoption Court Order Exists?	1646839817941	1646839818401	OK	 
REQUEST	1	adoption_780_Sibling_Court_Order_Exists?	Adoption Court Order Exists? Redirect 1	1646839818402	1646839818731	OK	 
GROUP	1	adoption_780_Sibling_Court_Order_Exists?	1646839817940	1646839818882	938	OK
REQUEST	1	adoption_790_Sibling_Name?	Adoption Sibling Name	1646839819882	1646839820112	OK	 
REQUEST	1	adoption_790_Sibling_Name?	Adoption Sibling Name Redirect 1	1646839820113	1646839820449	OK	 
REQUEST	1	adoption_790_Sibling_Name?	Adoption Sibling Name Redirect 2	1646839820450	1646839820859	OK	 
GROUP	1	adoption_790_Sibling_Name?	1646839819881	1646839821373	1486	OK
REQUEST	1	adoption_800_Sibling_Order_Type	Adoption Order Type?	1646839822382	1646839822647	OK	 
REQUEST	1	adoption_800_Sibling_Order_Type	Adoption Order Type? Redirect 1	1646839822649	1646839822849	OK	 
GROUP	1	adoption_800_Sibling_Order_Type	1646839822381	1646839822967	580	OK
REQUEST	1	adoption_810_Sibling_Order_Number	Adoption Order Number	1646839823962	1646839824336	OK	 
REQUEST	1	adoption_810_Sibling_Order_Number	Adoption Order Number Redirect 1	1646839824337	1646839824375	OK	 
GROUP	1	adoption_810_Sibling_Order_Number	1646839823961	1646839824574	609	OK
REQUEST	1	adoption_820_Sibling_New_Order?	Adoption Add New Order?	1646839825572	1646839825735	OK	 
REQUEST	1	adoption_820_Sibling_New_Order?	Adoption Add New Order? Redirect 1	1646839825736	1646839825908	OK	 
GROUP	1	adoption_820_Sibling_New_Order?	1646839825571	1646839826123	546	OK
REQUEST	1	adoption_830_Sibling_Select	Adoption Select Sibling	1646839827131	1646839827515	OK	 
REQUEST	1	adoption_830_Sibling_Select	Adoption Select Sibling Redirect 1	1646839827516	1646839827823	OK	 
REQUEST	1	adoption_830_Sibling_Select	Adoption Select Sibling Redirect 2	1646839827824	1646839828484	OK	 
GROUP	1	adoption_830_Sibling_Select	1646839827131	1646839828693	1558	OK
REQUEST	1	adoption_840_Sibling_Select	Adoption Order Type	1646839829691	1646839829908	OK	 
REQUEST	1	adoption_840_Sibling_Select	Adoption Order Type Redirect 1	1646839829909	1646839830290	OK	 
GROUP	1	adoption_840_Sibling_Select	1646839829691	1646839830388	694	OK
REQUEST	1	adoption_850_Sibling_Select	Adoption Order Number	1646839831379	1646839831571	OK	 
REQUEST	1	adoption_850_Sibling_Select	Adoption Order Number Redirect 1	1646839831572	1646839831623	OK	 
GROUP	1	adoption_850_Sibling_Select	1646839831379	1646839832291	908	OK
REQUEST	1	adoption_860_Sibling_Select	Adoption Order Number	1646839833301	1646839833472	OK	 
REQUEST	1	adoption_860_Sibling_Select	Adoption Order Number Redirect 1	1646839833473	1646839833538	OK	 
GROUP	1	adoption_860_Sibling_Select	1646839833301	1646839833583	278	OK
REQUEST	1	adoption_870_Upload_Document	Adoption Birth Certificate Details	1646839834582	1646839834650	OK	 
GROUP	1	adoption_870_Upload_Document	1646839834581	1646839834779	194	OK
REQUEST	1	adoption_885_Upload_Document_POST	Adoption Certificate Upload POST	1646839835771	1646839835989	OK	 
REQUEST	1	adoption_885_Upload_Document_POST	Adoption Certificate Upload POST Redirect 1	1646839835990	1646839836034	OK	 
GROUP	1	adoption_885_Upload_Document_POST	1646839835770	1646839836124	349	OK
REQUEST	1	adoption_890_Equality	Adoption Review Equality	1646839837132	1646839838059	OK	 
REQUEST	1	adoption_890_Equality	Adoption Review Equality Redirect 1	1646839838060	1646839838718	OK	 
REQUEST	1	adoption_890_Equality	Adoption Review Equality Redirect 2	1646839838719	1646839839079	OK	 
GROUP	1	adoption_890_Equality	1646839837131	1646839839706	2570	OK
REQUEST	1	adoption_900_Equality	Adoption Review Equality	1646839840701	1646839840770	KO	status.find.in(200,201,202,203,204,205,206,207,208,209,304), found 500
GROUP	1	adoption_900_Equality	1646839840701	1646839840774	69	KO
USER	LAU Simulation	1	END	1646839687886	1646839840780
