RUN	simulations.mainSimulation	mainsimulation	1646751290826	 	3.3.1
USER	LAU Simulation	1	START	1646751291409	1646751291409
REQUEST	1	adoption_010_Homepage	Adoption Homepage	1646751291437	1646751291491	OK	 
REQUEST	1	adoption_010_Homepage	Adoption Homepage Redirect 1	1646751291519	1646751291546	OK	 
REQUEST	1	adoption_010_Homepage	Adoption Homepage Redirect 2	1646751291547	1646751291598	OK	 
GROUP	1	adoption_010_Homepage	1646751291418	1646751291861	302	OK
REQUEST	1	Adoption_020_Login	Adoption Login	1646751293889	1646751294072	OK	 
REQUEST	1	Adoption_020_Login	Adoption Login Redirect 1	1646751294077	1646751294405	OK	 
REQUEST	1	Adoption_020_Login	Adoption Login Redirect 2	1646751294407	1646751294751	OK	 
REQUEST	1	Adoption_020_Login	Adoption Login Redirect 3	1646751294753	1646751294789	OK	 
GROUP	1	Adoption_020_Login	1646751293883	1646751294888	979	OK
REQUEST	1	Adoption_030_Apply_With	Adoption Applying With	1646751296884	1646751296938	OK	 
GROUP	1	Adoption_030_Apply_With	1646751296884	1646751296985	94	OK
REQUEST	1	Adoption_040_Adoption_Applying_Post	Adoption Applying Post	1646751298993	1646751299359	OK	 
REQUEST	1	Adoption_040_Adoption_Applying_Post	Adoption Applying Post Redirect 1	1646751299361	1646751299395	OK	 
GROUP	1	Adoption_040_Adoption_Applying_Post	1646751298991	1646751299437	437	OK
REQUEST	1	Adoption_050_Adoption_Applying_With_Redirect	Adoption Applying With Redirect	1646751301434	1646751301475	OK	 
GROUP	1	Adoption_050_Adoption_Applying_With_Redirect	1646751301433	1646751301521	82	OK
REQUEST	1	adoption_290_Birth_Certificate	Adoption Birth Certificate Details	1646751303524	1646751303571	OK	 
GROUP	1	adoption_290_Birth_Certificate	1646751303523	1646751303617	88	OK
REQUEST	1	adoption_300_Birth_Certificate_Name	Adoption Birth Certificate Name	1646751305615	1646751306321	OK	 
REQUEST	1	adoption_300_Birth_Certificate_Name	Adoption Birth Certificate Name Redirect 1	1646751306323	1646751306364	OK	 
GROUP	1	adoption_300_Birth_Certificate_Name	1646751305614	1646751306417	795	OK
REQUEST	1	adoption_320_Birth_Certificate_DoB	Adoption Birth Certificate DoB	1646751308424	1646751308468	OK	 
REQUEST	1	adoption_320_Birth_Certificate_DoB	Adoption Birth Certificate DoB Redirect 1	1646751308470	1646751308512	OK	 
GROUP	1	adoption_320_Birth_Certificate_DoB	1646751308423	1646751308561	124	OK
REQUEST	1	adoption_330_Birth_Certificate_Sex	Adoption Birth Certificate Sex	1646751310553	1646751310966	OK	 
REQUEST	1	adoption_330_Birth_Certificate_Sex	Adoption Birth Certificate Sex Redirect 1	1646751310967	1646751311009	KO	substring(What is their nationality?).find.exists, found nothing
GROUP	1	adoption_330_Birth_Certificate_Sex	1646751310552	1646751311015	455	KO
USER	LAU Simulation	1	END	1646751291409	1646751311024
