RUN	simulations.mainSimulation	mainsimulation	1646825822635	 	3.3.1
USER	LAU Simulation	1	START	1646825823211	1646825823211
REQUEST	1	adoption_010_Homepage	Adoption Homepage	1646825823232	1646825823328	OK	 
REQUEST	1	adoption_010_Homepage	Adoption Homepage Redirect 1	1646825823357	1646825823391	OK	 
REQUEST	1	adoption_010_Homepage	Adoption Homepage Redirect 2	1646825823393	1646825823457	OK	 
GROUP	1	adoption_010_Homepage	1646825823218	1646825823700	332	OK
REQUEST	1	Adoption_020_Login	Adoption Login	1646825825720	1646825825909	OK	 
REQUEST	1	Adoption_020_Login	Adoption Login Redirect 1	1646825825914	1646825826295	OK	 
REQUEST	1	Adoption_020_Login	Adoption Login Redirect 2	1646825826297	1646825826695	OK	 
REQUEST	1	Adoption_020_Login	Adoption Login Redirect 3	1646825826696	1646825826738	OK	 
GROUP	1	Adoption_020_Login	1646825825714	1646825826865	1125	OK
REQUEST	1	Adoption_030_Apply_With	Adoption Applying With	1646825828877	1646825828951	OK	 
GROUP	1	Adoption_030_Apply_With	1646825828876	1646825829002	117	OK
REQUEST	1	Adoption_040_Adoption_Applying_Post	Adoption Applying Post	1646825830999	1646825831490	OK	 
REQUEST	1	Adoption_040_Adoption_Applying_Post	Adoption Applying Post Redirect 1	1646825831492	1646825831529	OK	 
GROUP	1	Adoption_040_Adoption_Applying_Post	1646825830997	1646825831586	580	OK
REQUEST	1	Adoption_050_Adoption_Applying_With_Redirect	Adoption Applying With Redirect	1646825833597	1646825833638	OK	 
GROUP	1	Adoption_050_Adoption_Applying_With_Redirect	1646825833596	1646825833691	90	OK
REQUEST	1	adoption_760_Sibling_Details	Adoption Sibling Details	1646825835686	1646825835752	OK	 
GROUP	1	adoption_760_Sibling_Details	1646825835685	1646825835794	103	OK
REQUEST	1	adoption_770_Sibling_Other?	Adoption Any Sibling?	1646825837787	1646825838348	OK	 
REQUEST	1	adoption_770_Sibling_Other?	Adoption Any Sibling? Redirect 1	1646825838349	1646825838388	OK	 
GROUP	1	adoption_770_Sibling_Other?	1646825837786	1646825838435	643	OK
REQUEST	1	adoption_780_Sibling_Court_Order_Exists?	Adoption Court Order Exists?	1646825840446	1646825840636	OK	 
REQUEST	1	adoption_780_Sibling_Court_Order_Exists?	Adoption Court Order Exists? Redirect 1	1646825840637	1646825841318	OK	 
GROUP	1	adoption_780_Sibling_Court_Order_Exists?	1646825840445	1646825841365	914	OK
REQUEST	1	adoption_790_Sibling_Name?	Adoption Sibling Name	1646825843367	1646825843670	OK	 
REQUEST	1	adoption_790_Sibling_Name?	Adoption Sibling Name Redirect 1	1646825843671	1646825843981	OK	 
REQUEST	1	adoption_790_Sibling_Name?	Adoption Sibling Name Redirect 2	1646825843982	1646825844208	OK	 
GROUP	1	adoption_790_Sibling_Name?	1646825843367	1646825844260	888	OK
REQUEST	1	adoption_800_Sibling_Order_Type	Adoption Order Type?	1646825846256	1646825846847	OK	 
REQUEST	1	adoption_800_Sibling_Order_Type	Adoption Order Type? Redirect 1	1646825846849	1646825847024	OK	 
GROUP	1	adoption_800_Sibling_Order_Type	1646825846255	1646825847072	810	OK
REQUEST	1	adoption_810_Sibling_Order_Number	Adoption Order Number	1646825849068	1646825849273	OK	 
REQUEST	1	adoption_810_Sibling_Order_Number	Adoption Order Number Redirect 1	1646825849274	1646825849335	OK	 
GROUP	1	adoption_810_Sibling_Order_Number	1646825849067	1646825849411	338	OK
REQUEST	1	adoption_820_Sibling_New_Order?	Adoption Add New Order?	1646825851417	1646825851763	OK	 
REQUEST	1	adoption_820_Sibling_New_Order?	Adoption Add New Order? Redirect 1	1646825851765	1646825851824	OK	 
GROUP	1	adoption_820_Sibling_New_Order?	1646825851416	1646825851883	459	OK
REQUEST	1	adoption_830_Sibling_Select	Adoption Select Sibling	1646825853878	1646825854044	OK	 
REQUEST	1	adoption_830_Sibling_Select	Adoption Select Sibling Redirect 1	1646825854045	1646825854214	OK	 
REQUEST	1	adoption_830_Sibling_Select	Adoption Select Sibling Redirect 2	1646825854216	1646825854528	OK	 
GROUP	1	adoption_830_Sibling_Select	1646825853877	1646825854581	696	OK
REQUEST	1	adoption_840_Sibling_Select	Adoption Order Type	1646825856586	1646825856763	OK	 
REQUEST	1	adoption_840_Sibling_Select	Adoption Order Type Redirect 1	1646825856764	1646825856933	OK	 
GROUP	1	adoption_840_Sibling_Select	1646825856586	1646825856979	389	OK
REQUEST	1	adoption_850_Sibling_Select	Adoption Order Number	1646825858978	1646825859237	OK	 
REQUEST	1	adoption_850_Sibling_Select	Adoption Order Number Redirect 1	1646825859238	1646825859289	OK	 
GROUP	1	adoption_850_Sibling_Select	1646825858977	1646825859350	367	OK
REQUEST	1	adoption_860_Sibling_Select	Adoption Order Number	1646825861357	1646825861551	OK	 
REQUEST	1	adoption_860_Sibling_Select	Adoption Order Number Redirect 1	1646825861553	1646825861591	OK	 
GROUP	1	adoption_860_Sibling_Select	1646825861356	1646825861635	273	OK
USER	LAU Simulation	1	END	1646825823211	1646825863639
