RUN	simulations.mainSimulation	mainsimulation	1646914382692	 	3.3.1
USER	LAU Simulation	1	START	1646914383593	1646914383593
REQUEST	1	adoption_010_Homepage	Adoption Homepage	1646914383614	1646914387521	OK	 
REQUEST	1	adoption_010_Homepage	Adoption Homepage Redirect 1	1646914387547	1646914387606	OK	 
REQUEST	1	adoption_010_Homepage	Adoption Homepage Redirect 2	1646914387609	1646914387706	OK	 
GROUP	1	adoption_010_Homepage	1646914383600	1646914387927	4203	OK
REQUEST	1	Adoption_020_Login	Adoption Login	1646914388956	1646914389314	OK	 
REQUEST	1	Adoption_020_Login	Adoption Login Redirect 1	1646914389317	1646914389597	OK	 
REQUEST	1	Adoption_020_Login	Adoption Login Redirect 2	1646914389598	1646914390851	OK	 
REQUEST	1	Adoption_020_Login	Adoption Login Redirect 3	1646914390853	1646914390923	OK	 
GROUP	1	Adoption_020_Login	1646914388953	1646914391558	2586	OK
REQUEST	1	Adoption_030_Apply_With	Adoption Applying With	1646914392554	1646914392599	OK	 
GROUP	1	Adoption_030_Apply_With	1646914392553	1646914392706	147	OK
REQUEST	1	Adoption_040_Adoption_Applying_Post	Adoption Applying Post	1646914393714	1646914394318	OK	 
REQUEST	1	Adoption_040_Adoption_Applying_Post	Adoption Applying Post Redirect 1	1646914394320	1646914394854	OK	 
GROUP	1	Adoption_040_Adoption_Applying_Post	1646914393712	1646914395931	2209	OK
REQUEST	1	Adoption_050_Adoption_Applying_With_Redirect	Adoption Applying With Redirect	1646914396931	1646914397676	OK	 
GROUP	1	Adoption_050_Adoption_Applying_With_Redirect	1646914396930	1646914397722	786	OK
REQUEST	1	Adoption_060_Date_Of_Move	Adoption Date Child Moved in 	1646914398722	1646914398916	OK	 
GROUP	1	Adoption_060_Date_Of_Move	1646914398721	1646914398984	258	OK
REQUEST	1	Adoption_070_Date_Of_Move_POST	Adoption Date Child Moved in Post	1646914399984	1646914400784	OK	 
REQUEST	1	Adoption_070_Date_Of_Move_POST	Adoption Date Child Moved in Post Redirect 1	1646914400786	1646914400826	OK	 
REQUEST	1	Adoption_070_Date_Of_Move_POST,Adoption_050_Adoption_Applying_With_Redirect	Adoption Applying With Redirect	1646914401009	1646914401049	OK	 
GROUP	1	Adoption_070_Date_Of_Move_POST,Adoption_050_Adoption_Applying_With_Redirect	1646914401009	1646914401126	112	OK
GROUP	1	Adoption_070_Date_Of_Move_POST	1646914399983	1646914402122	1130	OK
REQUEST	1	Adoption_080_Your_Details	Adoption Your Personal Details 	1646914403132	1646914403173	OK	 
GROUP	1	Adoption_080_Your_Details	1646914403131	1646914403958	821	OK
REQUEST	1	Adoption_090_Your_Details_POST	Adoption Your Personal Details Post	1646914404952	1646914405596	OK	 
REQUEST	1	Adoption_090_Your_Details_POST	Adoption Your Personal Details Post Redirect 1	1646914405598	1646914410901	OK	 
GROUP	1	Adoption_090_Your_Details_POST	1646914404951	1646914411145	6186	OK
REQUEST	1	Adoption_100_Your_Details_Other_Name	Adoption Your Personal Details Other Name	1646914412154	1646914413399	OK	 
REQUEST	1	Adoption_100_Your_Details_Other_Name	Adoption Your Personal Details Other Name Redirect 1	1646914413401	1646914413456	OK	 
GROUP	1	Adoption_100_Your_Details_Other_Name	1646914412153	1646914414833	2673	OK
REQUEST	1	Adoption_110_Your_Details_DoB	Adoption Your Personal Details DoB	1646914415833	1646914415887	OK	 
GROUP	1	Adoption_110_Your_Details_DoB	1646914415832	1646914416285	448	OK
REQUEST	1	Adoption_120_Your_Details_DoB_POST	Adoption Your Personal Details DoB POST	1646914417281	1646914417494	OK	 
REQUEST	1	Adoption_120_Your_Details_DoB_POST	Adoption Your Personal Details DoB POST Redirect 1	1646914417496	1646914419830	OK	 
GROUP	1	Adoption_120_Your_Details_DoB_POST	1646914417281	1646914420320	3024	OK
REQUEST	1	Adoption_130_Your_Details_Occupation	Adoption Your Personal Details Occupation	1646914421312	1646914425769	OK	 
REQUEST	1	Adoption_130_Your_Details_Occupation	Adoption Your Personal Details Occupation Redirect 1	1646914425771	1646914425807	OK	 
GROUP	1	Adoption_130_Your_Details_Occupation	1646914421312	1646914429475	8157	OK
REQUEST	1	Adoption_140_Your_Contact_Details	Adoption Your Contact Details LookUp	1646914430481	1646914430519	OK	 
GROUP	1	Adoption_140_Your_Contact_Details	1646914430480	1646914430674	190	OK
REQUEST	1	Adoption_150_Your_Contact_Details_Manual	Adoption Your Contact Details Manual	1646914431683	1646914431736	OK	 
GROUP	1	Adoption_150_Your_Contact_Details_Manual	1646914431682	1646914431856	170	OK
REQUEST	1	Adoption_160_Your_Contact_Details_Manual_POST	Adoption Your Contact Details Manual POST	1646914432854	1646914433315	OK	 
REQUEST	1	Adoption_160_Your_Contact_Details_Manual_POST	Adoption Your Contact Details Manual POST Redirect 1	1646914433316	1646914433946	OK	 
GROUP	1	Adoption_160_Your_Contact_Details_Manual_POST	1646914432853	1646914434130	1272	OK
REQUEST	1	Adoption_170_Your_Contact_Details_POST	Adoption Your Contact Details POST	1646914435122	1646914435604	OK	 
REQUEST	1	Adoption_170_Your_Contact_Details_POST	Adoption Your Contact Details POST Redirect 1	1646914435605	1646914435791	OK	 
GROUP	1	Adoption_170_Your_Contact_Details_POST	1646914435122	1646914435965	839	OK
REQUEST	1	Adoption_180_Second_Personal_Details	Adoption Second Personal Details	1646914436972	1646914437016	OK	 
GROUP	1	Adoption_180_Second_Personal_Details	1646914436972	1646914437059	84	OK
REQUEST	1	Adoption_190_Second_Personal_Details_POST	Adoption Second Personal Details POST	1646914438053	1646914438240	OK	 
REQUEST	1	Adoption_190_Second_Personal_Details_POST	Adoption Second Personal Details POST Redirect 1	1646914438241	1646914438317	OK	 
GROUP	1	Adoption_190_Second_Personal_Details_POST	1646914438052	1646914438372	315	OK
REQUEST	1	Adoption_200_Second_Other_Name	Adoption Second Other Name	1646914439381	1646914440064	OK	 
REQUEST	1	Adoption_200_Second_Other_Name	Adoption Second Other Name Redirect 1	1646914440066	1646914440716	OK	 
GROUP	1	Adoption_200_Second_Other_Name	1646914439381	1646914440847	1460	OK
REQUEST	1	Adoption_210_Second_Other_Name_Redirect	Adoption Second Other Name Redirect	1646914441843	1646914442255	OK	 
REQUEST	1	Adoption_210_Second_Other_Name_Redirect	Adoption Second Other Name Redirect Redirect 1	1646914442256	1646914442307	OK	 
GROUP	1	Adoption_210_Second_Other_Name_Redirect	1646914441843	1646914442354	506	OK
REQUEST	1	Adoption_220_Second_DoB	Adoption Second DoB	1646914443362	1646914443552	OK	 
REQUEST	1	Adoption_220_Second_DoB	Adoption Second DoB Redirect 1	1646914443554	1646914443804	OK	 
GROUP	1	Adoption_220_Second_DoB	1646914443361	1646914443938	571	OK
REQUEST	1	Adoption_230_Second_Occupation	Adoption Second Occupation	1646914444933	1646914445146	OK	 
REQUEST	1	Adoption_230_Second_Occupation	Adoption Second Occupation Redirect 1	1646914445147	1646914445190	OK	 
GROUP	1	Adoption_230_Second_Occupation	1646914444933	1646914445238	301	OK
REQUEST	1	Adoption_240_Second_Contact_Details_Same_Address	Adoption Second Contact Details Same-Address	1646914446243	1646914446361	OK	 
GROUP	1	Adoption_240_Second_Contact_Details_Same_Address	1646914446243	1646914447606	1360	OK
REQUEST	1	Adoption_250_Second_Contact_Details_Same_Address_POST	Adoption Second Contact Details Same-Address POST	1646914448602	1646914448822	OK	 
REQUEST	1	Adoption_250_Second_Contact_Details_Same_Address_POST	Adoption Second Contact Details Same-Address POST Redirect 1	1646914448823	1646914449205	OK	 
GROUP	1	Adoption_250_Second_Contact_Details_Same_Address_POST	1646914448602	1646914449251	645	OK
REQUEST	1	Adoption_260_Second_Contact_Details_Manual_Redirect	Adoption Second Contact Details manual redirect	1646914450263	1646914450359	OK	 
GROUP	1	Adoption_260_Second_Contact_Details_Manual_Redirect	1646914450263	1646914450403	137	OK
REQUEST	1	Adoption_270_Second_Contact_Details_Manual_POST	Adoption Second Contact Details manual POST	1646914451393	1646914452226	OK	 
REQUEST	1	Adoption_270_Second_Contact_Details_Manual_POST	Adoption Second Contact Details manual POST Redirect 1	1646914452228	1646914452350	OK	 
GROUP	1	Adoption_270_Second_Contact_Details_Manual_POST	1646914451392	1646914452467	1069	OK
REQUEST	1	Adoption_280_Second_Contact_Details__POST	Adoption Second Contact Details POST	1646914453473	1646914454645	OK	 
REQUEST	1	Adoption_280_Second_Contact_Details__POST	Adoption Second Contact Details POST Redirect 1	1646914454646	1646914454713	OK	 
GROUP	1	Adoption_280_Second_Contact_Details__POST	1646914453472	1646914455363	1885	OK
REQUEST	1	adoption_290_Birth_Certificate	Adoption Birth Certificate Details	1646914456364	1646914456414	OK	 
GROUP	1	adoption_290_Birth_Certificate	1646914456363	1646914456470	103	OK
REQUEST	1	adoption_300_Birth_Certificate_Name	Adoption Birth Certificate Name	1646914457462	1646914457921	OK	 
REQUEST	1	adoption_300_Birth_Certificate_Name	Adoption Birth Certificate Name Redirect 1	1646914457923	1646914458006	OK	 
GROUP	1	adoption_300_Birth_Certificate_Name	1646914457462	1646914458052	584	OK
REQUEST	1	adoption_320_Birth_Certificate_DoB	Adoption Birth Certificate DoB	1646914459062	1646914460091	OK	 
REQUEST	1	adoption_320_Birth_Certificate_DoB	Adoption Birth Certificate DoB Redirect 1	1646914460093	1646914462487	OK	 
GROUP	1	adoption_320_Birth_Certificate_DoB	1646914459062	1646914462700	3632	OK
REQUEST	1	adoption_330_Birth_Certificate_Sex	Adoption Birth Certificate Sex	1646914463694	1646914463903	OK	 
REQUEST	1	adoption_330_Birth_Certificate_Sex	Adoption Birth Certificate Sex Redirect 1	1646914463904	1646914463948	OK	 
GROUP	1	adoption_330_Birth_Certificate_Sex	1646914463693	1646914464017	320	OK
REQUEST	1	adoption_340_Birth_Certificate_Nationality_Add	Adoption Birth Certificate Nationality Add	1646914465022	1646914465202	OK	 
REQUEST	1	adoption_340_Birth_Certificate_Nationality_Add	Adoption Birth Certificate Nationality Add Redirect 1	1646914465203	1646914465256	OK	 
GROUP	1	adoption_340_Birth_Certificate_Nationality_Add	1646914465022	1646914465330	304	OK
REQUEST	1	adoption_350_Birth_Certificate_Nationality_POST	Adoption Birth Certificate Nationality POST	1646914466323	1646914466642	OK	 
REQUEST	1	adoption_350_Birth_Certificate_Nationality_POST	Adoption Birth Certificate Nationality POST Redirect 1	1646914466644	1646914467224	OK	 
GROUP	1	adoption_350_Birth_Certificate_Nationality_POST	1646914466323	1646914467517	1189	OK
REQUEST	1	adoption_360_Certificate_Details	Adoption Certificate Details	1646914468523	1646914469335	OK	 
GROUP	1	adoption_360_Certificate_Details	1646914468522	1646914469607	1082	OK
REQUEST	1	adoption_370_Certificate_Details_Name	Adoption Certificate Details Name	1646914470613	1646914470806	OK	 
REQUEST	1	adoption_370_Certificate_Details_Name	Adoption Certificate Details Name Redirect 1	1646914470807	1646914470847	OK	 
GROUP	1	adoption_370_Certificate_Details_Name	1646914470613	1646914472081	474	OK
REQUEST	1	adoption_380_Placement_Order	Adoption Placement Order Details	1646914472082	1646914472319	OK	 
GROUP	1	adoption_380_Placement_Order	1646914472081	1646914472600	515	OK
REQUEST	1	adoption_390_Certificate_Placement_Order_Number	Adoption Placement Order Number	1646914473602	1646914473960	OK	 
REQUEST	1	adoption_390_Certificate_Placement_Order_Number	Adoption Placement Order Number Redirect 1	1646914473962	1646914474979	OK	 
GROUP	1	adoption_390_Certificate_Placement_Order_Number	1646914473601	1646914476109	2501	OK
REQUEST	1	adoption_400_Certificate_Placement_Court	Adoption Placement Court	1646914477112	1646914478155	OK	 
REQUEST	1	adoption_400_Certificate_Placement_Court	Adoption Placement Court Redirect 1	1646914478157	1646914478335	OK	 
GROUP	1	adoption_400_Certificate_Placement_Court	1646914477112	1646914479064	1946	OK
REQUEST	1	adoption_410_Certificate_Placement_Date	Adoption Placement Date	1646914480071	1646914480238	OK	 
REQUEST	1	adoption_410_Certificate_Placement_Date	Adoption Placement Date Redirect 1	1646914480239	1646914481619	OK	 
GROUP	1	adoption_410_Certificate_Placement_Date	1646914480071	1646914481717	1642	OK
REQUEST	1	adoption_420_Certificate_Placement_Summary	Adoption Placement Summary	1646914482711	1646914482930	OK	 
REQUEST	1	adoption_420_Certificate_Placement_Summary	Adoption Placement Summary Redirect 1	1646914482931	1646914483418	OK	 
REQUEST	1	adoption_420_Certificate_Placement_Summary	Adoption Placement Summary Redirect 2	1646914483419	1646914484195	OK	 
GROUP	1	adoption_420_Certificate_Placement_Summary	1646914482711	1646914484247	1531	OK
REQUEST	1	adoption_430_Certificate_Placement_Type_2	Adoption Placement Type 2	1646914485251	1646914485582	OK	 
REQUEST	1	adoption_430_Certificate_Placement_Type_2	Adoption Placement Type 2 Redirect 1	1646914485584	1646914486078	OK	 
GROUP	1	adoption_430_Certificate_Placement_Type_2	1646914485251	1646914486520	1263	OK
REQUEST	1	adoption_440_Certificate_Placement_Order_Number_2	Adoption Placement Order Number 2	1646914487513	1646914488032	OK	 
REQUEST	1	adoption_440_Certificate_Placement_Order_Number_2	Adoption Placement Order Number 2 Redirect 1	1646914488034	1646914488219	OK	 
GROUP	1	adoption_440_Certificate_Placement_Order_Number_2	1646914487513	1646914488344	826	OK
REQUEST	1	adoption_450_Certificate_Placement_Court_2	Adoption Placement Court 2	1646914489351	1646914489767	OK	 
REQUEST	1	adoption_450_Certificate_Placement_Court_2	Adoption Placement Court 2 Redirect 1	1646914489768	1646914491188	OK	 
GROUP	1	adoption_450_Certificate_Placement_Court_2	1646914489351	1646914491262	1907	OK
REQUEST	1	adoption_460_Certificate_Placement_Date_2	Adoption Placement Date 2	1646914492263	1646914492978	OK	 
REQUEST	1	adoption_460_Certificate_Placement_Date_2	Adoption Placement Date 2 Redirect 1	1646914492980	1646914493194	OK	 
GROUP	1	adoption_460_Certificate_Placement_Date_2	1646914492263	1646914493747	1478	OK
REQUEST	1	adoption_470_Certificate_Placement_Summary_2	Adoption Placement Summary 2	1646914494743	1646914495015	OK	 
REQUEST	1	adoption_470_Certificate_Placement_Summary_2	Adoption Placement Summary 2 Redirect 1	1646914495016	1646914502055	OK	 
GROUP	1	adoption_470_Certificate_Placement_Summary_2	1646914494742	1646914502673	7926	OK
REQUEST	1	adoption_480_Birth_Mother	Adoption Mother's Details	1646914503682	1646914504692	OK	 
GROUP	1	adoption_480_Birth_Mother	1646914503682	1646914504783	1098	OK
REQUEST	1	adoption_490_Birth_Mother_Name	Adoption Mother's Name	1646914505782	1646914506049	OK	 
REQUEST	1	adoption_490_Birth_Mother_Name	Adoption Mother's Name Redirect 1	1646914506050	1646914506089	OK	 
GROUP	1	adoption_490_Birth_Mother_Name	1646914505782	1646914506138	352	OK
REQUEST	1	adoption_495_Birth_Mother	Adoption Mother's Details	1646914507133	1646914507182	OK	 
GROUP	1	adoption_495_Birth_Mother	1646914507132	1646914507309	174	OK
REQUEST	1	adoption_500_Birth_Mother_Alive	Adoption Mother Still Alive?	1646914508303	1646914508483	OK	 
REQUEST	1	adoption_500_Birth_Mother_Alive	Adoption Mother Still Alive? Redirect 1	1646914508484	1646914508568	OK	 
GROUP	1	adoption_500_Birth_Mother_Alive	1646914508303	1646914508633	327	OK
REQUEST	1	adoption_510_Birth_Mother_Nationality_Add	Adoption Mother's Nationality Add	1646914509641	1646914510054	OK	 
REQUEST	1	adoption_510_Birth_Mother_Nationality_Add	Adoption Mother's Nationality Add Redirect 1	1646914510056	1646914511947	OK	 
GROUP	1	adoption_510_Birth_Mother_Nationality_Add	1646914509641	1646914512199	2553	OK
REQUEST	1	adoption_520_Birth_Mother_Nationality_POSt	Adoption Mother's Nationality	1646914513193	1646914513742	OK	 
REQUEST	1	adoption_520_Birth_Mother_Nationality_POSt	Adoption Mother's Nationality Redirect 1	1646914513743	1646914514043	OK	 
GROUP	1	adoption_520_Birth_Mother_Nationality_POSt	1646914513192	1646914514408	1212	OK
REQUEST	1	adoption_530_Birth_Mother_Occupation	Adoption Mother's Occupation	1646914515413	1646914515776	OK	 
REQUEST	1	adoption_530_Birth_Mother_Occupation	Adoption Mother's Occupation Redirect 1	1646914515778	1646914515826	OK	 
GROUP	1	adoption_530_Birth_Mother_Occupation	1646914515412	1646914515873	455	OK
REQUEST	1	adoption_535_Birth_Mother_Occupation_Redirect	Adoption Mother's Details Redirect	1646914516881	1646914516955	OK	 
GROUP	1	adoption_535_Birth_Mother_Occupation_Redirect	1646914516881	1646914517072	188	OK
REQUEST	1	adoption_540_Birth_Mother_Occupation	Adoption Mother's Address Known	1646914518073	1646914518338	OK	 
REQUEST	1	adoption_540_Birth_Mother_Occupation	Adoption Mother's Address Known Redirect 1	1646914518339	1646914518387	OK	 
GROUP	1	adoption_540_Birth_Mother_Occupation	1646914518072	1646914518523	446	OK
REQUEST	1	adoption_550_Birth_Mother_Address_Manual	Adoption Mother's Address Manual	1646914519522	1646914519575	OK	 
GROUP	1	adoption_550_Birth_Mother_Address_Manual	1646914519522	1646914519664	139	OK
REQUEST	1	adoption_560_Birth_Mother_Address_POST	Adoption Mother's Address	1646914520663	1646914521101	OK	 
REQUEST	1	adoption_560_Birth_Mother_Address_POST	Adoption Mother's Address Redirect 1	1646914521102	1646914521217	OK	 
GROUP	1	adoption_560_Birth_Mother_Address_POST	1646914520662	1646914521260	594	OK
REQUEST	1	adoption_570_Birth_Father_Details	Adoption Father's Details	1646914522263	1646914522492	OK	 
GROUP	1	adoption_570_Birth_Father_Details	1646914522263	1646914522779	514	OK
REQUEST	1	adoption_580_Birth_Father_Details_POST	Adoption Father's Details On Certificate	1646914523772	1646914524318	OK	 
REQUEST	1	adoption_580_Birth_Father_Details_POST	Adoption Father's Details On Certificate Redirect 1	1646914524319	1646914524358	OK	 
GROUP	1	adoption_580_Birth_Father_Details_POST	1646914523772	1646914524587	812	OK
REQUEST	1	adoption_590_Birth_Father_Name	Adoption Father's Name	1646914525591	1646914526039	OK	 
REQUEST	1	adoption_590_Birth_Father_Name	Adoption Father's Name Redirect 1	1646914526040	1646914526360	OK	 
GROUP	1	adoption_590_Birth_Father_Name	1646914525591	1646914526537	943	OK
REQUEST	1	adoption_600_Birth_Father_Alive	Adoption Father Still alive?	1646914527533	1646914527831	OK	 
REQUEST	1	adoption_600_Birth_Father_Alive	Adoption Father Still alive? Redirect 1	1646914527833	1646914527873	OK	 
GROUP	1	adoption_600_Birth_Father_Alive	1646914527532	1646914528106	568	OK
REQUEST	1	adoption_610_Birth_Father_Nationality_Add	Adoption Father add Nationality	1646914529113	1646914529328	OK	 
REQUEST	1	adoption_610_Birth_Father_Nationality_Add	Adoption Father add Nationality Redirect 1	1646914529330	1646914529412	OK	 
GROUP	1	adoption_610_Birth_Father_Nationality_Add	1646914529112	1646914529462	344	OK
REQUEST	1	adoption_620_Birth_Father_Nationality_POST	Adoption Father's Nationality	1646914530463	1646914530744	OK	 
REQUEST	1	adoption_620_Birth_Father_Nationality_POST	Adoption Father's Nationality Redirect 1	1646914530745	1646914530778	OK	 
GROUP	1	adoption_620_Birth_Father_Nationality_POST	1646914530463	1646914530826	359	OK
REQUEST	1	adoption_630_Birth_Father_Occupation	Adoption Father's Occupation	1646914531821	1646914532012	OK	 
REQUEST	1	adoption_630_Birth_Father_Occupation	Adoption Father's Occupation Redirect 1	1646914532013	1646914532209	OK	 
GROUP	1	adoption_630_Birth_Father_Occupation	1646914531820	1646914532256	431	OK
REQUEST	1	adoption_640_Birth_Father_Occupation_Address_Known	Adoption Father's Address Known?	1646914533262	1646914534578	OK	 
REQUEST	1	adoption_640_Birth_Father_Occupation_Address_Known	Adoption Father's Address Known? Redirect 1	1646914534579	1646914535311	OK	 
GROUP	1	adoption_640_Birth_Father_Occupation_Address_Known	1646914533262	1646914535704	2438	OK
REQUEST	1	adoption_640_Birth_Father_Occupation_Address_Manual	Adoption Father's Address Manual	1646914536703	1646914536836	OK	 
GROUP	1	adoption_640_Birth_Father_Occupation_Address_Manual	1646914536703	1646914536925	219	OK
REQUEST	1	adoption_640_Birth_Father_Occupation_Address_POST	Adoption Father's Address	1646914537922	1646914538206	OK	 
REQUEST	1	adoption_640_Birth_Father_Occupation_Address_POST	Adoption Father's Address Redirect 1	1646914538207	1646914538385	OK	 
GROUP	1	adoption_640_Birth_Father_Occupation_Address_POST	1646914537922	1646914538540	614	OK
REQUEST	1	adoption_650_Other_Parent_Exists	Adoption Other Parent	1646914539543	1646914539578	OK	 
GROUP	1	adoption_650_Other_Parent_Exists	1646914539543	1646914539727	181	OK
REQUEST	1	adoption_660_Other_Parent_Exists_POST	Adoption Other Parent Exists	1646914540722	1646914540917	OK	 
REQUEST	1	adoption_660_Other_Parent_Exists_POST	Adoption Other Parent Exists Redirect 1	1646914540919	1646914541929	OK	 
GROUP	1	adoption_660_Other_Parent_Exists_POST	1646914540722	1646914542256	1529	OK
REQUEST	1	adoption_670_Other_Parent_Name	Adoption Other Parent Name	1646914543263	1646914543731	OK	 
REQUEST	1	adoption_670_Other_Parent_Name	Adoption Other Parent Name Redirect 1	1646914543733	1646914543780	OK	 
GROUP	1	adoption_670_Other_Parent_Name	1646914543263	1646914543827	559	OK
REQUEST	1	adoption_680_Other_Parent_Address_Known?	Adoption Other Parent Address known?	1646914544822	1646914545014	OK	 
REQUEST	1	adoption_680_Other_Parent_Address_Known?	Adoption Other Parent Address known? Redirect 1	1646914545015	1646914545088	OK	 
GROUP	1	adoption_680_Other_Parent_Address_Known?	1646914544822	1646914545132	306	OK
REQUEST	1	adoption_690_Other_Parent_Address_Manual	Adoption Other Parent Address Manual	1646914546132	1646914548053	OK	 
GROUP	1	adoption_690_Other_Parent_Address_Manual	1646914546131	1646914548194	2059	OK
REQUEST	1	adoption_700_Other_Parent_Address_POST	Adoption Other Parent Address Manual	1646914549203	1646914549504	OK	 
REQUEST	1	adoption_700_Other_Parent_Address_POST	Adoption Other Parent Address Manual Redirect 1	1646914549506	1646914549551	OK	 
GROUP	1	adoption_700_Other_Parent_Address_POST	1646914549203	1646914549594	387	OK
REQUEST	1	adoption_710_Agency	Adoption Agency	1646914550592	1646914550944	OK	 
REQUEST	1	adoption_710_Agency	Adoption Agency Redirect 1	1646914550946	1646914552915	OK	 
GROUP	1	adoption_710_Agency	1646914550592	1646914553106	2510	OK
REQUEST	1	adoption_720_Agency_Details	Adoption Agency Details	1646914554103	1646914554399	OK	 
REQUEST	1	adoption_720_Agency_Details	Adoption Agency Details Redirect 1	1646914554400	1646914554453	OK	 
GROUP	1	adoption_720_Agency_Details	1646914554102	1646914554571	465	OK
REQUEST	1	adoption_730_Other_Agency	Adoption Other Agency?	1646914555572	1646914555740	OK	 
REQUEST	1	adoption_730_Other_Agency	Adoption Other Agency? Redirect 1	1646914555742	1646914555915	OK	 
REQUEST	1	adoption_730_Other_Agency	Adoption Other Agency? Redirect 2	1646914555916	1646914556351	OK	 
GROUP	1	adoption_730_Other_Agency	1646914555572	1646914556397	819	OK
REQUEST	1	adoption_740_Other_Agency_Details	Adoption Other Agency Details	1646914557391	1646914557629	OK	 
REQUEST	1	adoption_740_Other_Agency_Details	Adoption Other Agency Details Redirect 1	1646914557631	1646914557857	OK	 
GROUP	1	adoption_740_Other_Agency_Details	1646914557390	1646914558377	981	OK
REQUEST	1	adoption_750_Social_Worker_Details	Adoption Social Worker Details	1646914559380	1646914559592	OK	 
REQUEST	1	adoption_750_Social_Worker_Details	Adoption Social Worker Details Redirect 1	1646914559593	1646914559639	OK	 
GROUP	1	adoption_750_Social_Worker_Details	1646914559380	1646914559703	319	OK
REQUEST	1	adoption_760_Sibling_Details	Adoption Sibling Details	1646914560711	1646914560772	OK	 
GROUP	1	adoption_760_Sibling_Details	1646914560711	1646914560868	153	OK
REQUEST	1	adoption_770_Sibling_Other?	Adoption Any Sibling?	1646914561863	1646914562367	OK	 
REQUEST	1	adoption_770_Sibling_Other?	Adoption Any Sibling? Redirect 1	1646914562369	1646914562439	OK	 
GROUP	1	adoption_770_Sibling_Other?	1646914561862	1646914562537	669	OK
REQUEST	1	adoption_780_Sibling_Court_Order_Exists?	Adoption Court Order Exists?	1646914563533	1646914563857	OK	 
REQUEST	1	adoption_780_Sibling_Court_Order_Exists?	Adoption Court Order Exists? Redirect 1	1646914563858	1646914564092	OK	 
GROUP	1	adoption_780_Sibling_Court_Order_Exists?	1646914563532	1646914564219	682	OK
REQUEST	1	adoption_790_Sibling_Name?	Adoption Sibling Name	1646914565223	1646914565572	OK	 
REQUEST	1	adoption_790_Sibling_Name?	Adoption Sibling Name Redirect 1	1646914565573	1646914566337	OK	 
REQUEST	1	adoption_790_Sibling_Name?	Adoption Sibling Name Redirect 2	1646914566338	1646914567293	OK	 
GROUP	1	adoption_790_Sibling_Name?	1646914565223	1646914567355	2127	OK
REQUEST	1	adoption_800_Sibling_Order_Type	Adoption Order Type?	1646914568351	1646914568586	OK	 
REQUEST	1	adoption_800_Sibling_Order_Type	Adoption Order Type? Redirect 1	1646914568587	1646914568822	OK	 
GROUP	1	adoption_800_Sibling_Order_Type	1646914568351	1646914568863	508	OK
REQUEST	1	adoption_810_Sibling_Order_Number	Adoption Order Number	1646914569872	1646914570536	OK	 
REQUEST	1	adoption_810_Sibling_Order_Number	Adoption Order Number Redirect 1	1646914570538	1646914570583	OK	 
GROUP	1	adoption_810_Sibling_Order_Number	1646914569871	1646914571053	1176	OK
REQUEST	1	adoption_820_Sibling_New_Order?	Adoption Add New Order?	1646914572053	1646914572242	OK	 
REQUEST	1	adoption_820_Sibling_New_Order?	Adoption Add New Order? Redirect 1	1646914572244	1646914572382	OK	 
GROUP	1	adoption_820_Sibling_New_Order?	1646914572052	1646914572438	378	OK
REQUEST	1	adoption_830_Sibling_Select	Adoption Select Sibling	1646914573430	1646914574043	OK	 
REQUEST	1	adoption_830_Sibling_Select	Adoption Select Sibling Redirect 1	1646914574044	1646914574234	OK	 
REQUEST	1	adoption_830_Sibling_Select	Adoption Select Sibling Redirect 2	1646914574236	1646914574567	OK	 
GROUP	1	adoption_830_Sibling_Select	1646914573430	1646914574697	1261	OK
REQUEST	1	adoption_840_Sibling_Select	Adoption Order Type	1646914575702	1646914575987	OK	 
REQUEST	1	adoption_840_Sibling_Select	Adoption Order Type Redirect 1	1646914575989	1646914576335	OK	 
GROUP	1	adoption_840_Sibling_Select	1646914575701	1646914576591	884	OK
REQUEST	1	adoption_850_Sibling_Select	Adoption Order Number	1646914577601	1646914577785	OK	 
REQUEST	1	adoption_850_Sibling_Select	Adoption Order Number Redirect 1	1646914577786	1646914578022	OK	 
GROUP	1	adoption_850_Sibling_Select	1646914577601	1646914578198	593	OK
REQUEST	1	adoption_855_Sibling_Select	Adoption Order Number	1646914579191	1646914579468	OK	 
REQUEST	1	adoption_855_Sibling_Select	Adoption Order Number Redirect 1	1646914579470	1646914579591	OK	 
GROUP	1	adoption_855_Sibling_Select	1646914579191	1646914579636	441	OK
REQUEST	1	adoption_860_Sibling_Select	Adoption Order Number	1646914579636	1646914580083	OK	 
REQUEST	1	adoption_860_Sibling_Select	Adoption Order Number Redirect 1	1646914580084	1646914580200	OK	 
GROUP	1	adoption_860_Sibling_Select	1646914579636	1646914580238	598	OK
REQUEST	1	adoption_861_Family_Court	Adoption Family Court Redirect	1646914581233	1646914581343	OK	 
GROUP	1	adoption_861_Family_Court	1646914581232	1646914581435	199	OK
REQUEST	1	adoption_862_Family_Court_POST	Adoption Family Court Redirect	1646914581435	1646914581633	OK	 
REQUEST	1	adoption_862_Family_Court_POST	Adoption Family Court Redirect Redirect 1	1646914581634	1646914581686	OK	 
GROUP	1	adoption_862_Family_Court_POST	1646914581435	1646914581882	443	OK
REQUEST	1	adoption_870_Upload_Document	Adoption Birth Certificate Details	1646914581882	1646914581977	OK	 
GROUP	1	adoption_870_Upload_Document	1646914581882	1646914582034	149	OK
REQUEST	1	adoption_885_Upload_Document_POST	Adoption Certificate Upload POST	1646914583042	1646914583212	OK	 
REQUEST	1	adoption_885_Upload_Document_POST	Adoption Certificate Upload POST Redirect 1	1646914583214	1646914583960	OK	 
GROUP	1	adoption_885_Upload_Document_POST	1646914583041	1646914584111	1063	OK
REQUEST	1	adoption_905_Equality_Redirect	Adoption Review Equality	1646914585112	1646914585854	OK	 
GROUP	1	adoption_905_Equality_Redirect	1646914585112	1646914585906	788	OK
REQUEST	1	adoption_910_Check_Your_Answers	Adoption Review Check Your Answers	1646914586903	1646914587739	OK	 
REQUEST	1	adoption_910_Check_Your_Answers	Adoption Review Check Your Answers Redirect 1	1646914587740	1646914587803	OK	 
GROUP	1	adoption_910_Check_Your_Answers	1646914586903	1646914588780	1873	OK
REQUEST	1	adoption_920_Statement	Adoption Review Statement of Truth	1646914589781	1646914590093	OK	 
REQUEST	1	adoption_920_Statement	Adoption Review Statement of Truth Redirect 1	1646914590095	1646914592818	OK	 
GROUP	1	adoption_920_Statement	1646914589781	1646914592950	3164	OK
REQUEST	1	adoption_930_Pay_By_Card	Adoption Pay by Card	1646914593941	1646914595604	OK	 
REQUEST	1	adoption_930_Pay_By_Card	Adoption Pay by Card Redirect 1	1646914595605	1646914595715	OK	 
REQUEST	1	adoption_930_Pay_By_Card	Adoption Pay by Card Redirect 2	1646914595717	1646914595797	OK	 
GROUP	1	adoption_930_Pay_By_Card	1646914593941	1646914595913	1958	OK
REQUEST	1	adoption_940_Check_Card_Details	Adoption Pay by Card	1646914596925	1646914596974	KO	substring(Enter card details).find.exists, found nothing
GROUP	1	adoption_940_Check_Card_Details	1646914596922	1646914596979	49	KO
USER	LAU Simulation	1	END	1646914383593	1646914596984
