RUN	simulations.mainSimulation	mainsimulation	1646999347785	 	3.3.1
USER	LAU Simulation	1	START	1646999350155	1646999350155
REQUEST	1	AD_010_Homepage	Adoption Homepage	1646999350182	1646999354169	OK	 
REQUEST	1	AD_010_Homepage	Adoption Homepage Redirect 1	1646999354196	1646999354320	OK	 
REQUEST	1	AD_010_Homepage	Adoption Homepage Redirect 2	1646999354323	1646999355564	OK	 
GROUP	1	AD_010_Homepage	1646999350163	1646999356976	6680	OK
REQUEST	1	AD_020_Login	Adoption Login	1646999357997	1646999358221	OK	 
REQUEST	1	AD_020_Login	Adoption Login Redirect 1	1646999358226	1646999358737	OK	 
REQUEST	1	AD_020_Login	Adoption Login Redirect 2	1646999358739	1646999360905	OK	 
REQUEST	1	AD_020_Login	Adoption Login Redirect 3	1646999360907	1646999361137	OK	 
GROUP	1	AD_020_Login	1646999357993	1646999362305	4289	OK
REQUEST	1	AD_030_Apply_With	Adoption Applying With	1646999363314	1646999363392	OK	 
GROUP	1	AD_030_Apply_With	1646999363313	1646999363469	150	OK
REQUEST	1	AD_040_Applying_Post	Adoption Applying Post	1646999364465	1646999364981	OK	 
REQUEST	1	AD_040_Applying_Post	Adoption Applying Post Redirect 1	1646999364982	1646999365298	OK	 
GROUP	1	AD_040_Applying_Post	1646999364464	1646999366379	1908	OK
REQUEST	1	AD_050_Applying_With_Redirect	Adoption Applying With Redirect	1646999367385	1646999368122	OK	 
GROUP	1	AD_050_Applying_With_Redirect	1646999367385	1646999368605	1215	OK
REQUEST	1	AD_060_Date_Of_Move	Adoption Date Child Moved in 	1646999369604	1646999369737	OK	 
GROUP	1	AD_060_Date_Of_Move	1646999369603	1646999369812	203	OK
REQUEST	1	AD_070_Date_Of_Move_POST	Adoption Date Child Moved in Post	1646999370805	1646999371262	OK	 
REQUEST	1	AD_070_Date_Of_Move_POST	Adoption Date Child Moved in Post Redirect 1	1646999371263	1646999371513	OK	 
GROUP	1	AD_070_Date_Of_Move_POST	1646999370804	1646999371735	924	OK
REQUEST	1	AD_080_Your_Details	Adoption Your Personal Details 	1646999371736	1646999372016	OK	 
GROUP	1	AD_080_Your_Details	1646999371735	1646999372219	479	OK
REQUEST	1	AD_090_Your_Details_POST	Adoption Your Personal Details Post	1646999373223	1646999373787	OK	 
REQUEST	1	AD_090_Your_Details_POST	Adoption Your Personal Details Post Redirect 1	1646999373788	1646999373870	OK	 
GROUP	1	AD_090_Your_Details_POST	1646999373222	1646999374016	789	OK
REQUEST	1	AD_100_Your_Details_Other_Name	Adoption Your Personal Details Other Name	1646999375026	1646999375530	OK	 
REQUEST	1	AD_100_Your_Details_Other_Name	Adoption Your Personal Details Other Name Redirect 1	1646999375532	1646999375602	OK	 
GROUP	1	AD_100_Your_Details_Other_Name	1646999375025	1646999375683	650	OK
REQUEST	1	AD_110_Your_Details_DoB	Adoption Your Personal Details DoB	1646999376684	1646999377078	OK	 
GROUP	1	AD_110_Your_Details_DoB	1646999376683	1646999377295	608	OK
REQUEST	1	AD_120_Your_Details_DoB_POST	Adoption Your Personal Details DoB POST	1646999378294	1646999378804	OK	 
REQUEST	1	AD_120_Your_Details_DoB_POST	Adoption Your Personal Details DoB POST Redirect 1	1646999378806	1646999378889	OK	 
GROUP	1	AD_120_Your_Details_DoB_POST	1646999378294	1646999378960	660	OK
REQUEST	1	AD_130_Your_Details_Occupation	Adoption Your Personal Details Occupation	1646999379954	1646999380639	OK	 
REQUEST	1	AD_130_Your_Details_Occupation	Adoption Your Personal Details Occupation Redirect 1	1646999380641	1646999380874	OK	 
GROUP	1	AD_130_Your_Details_Occupation	1646999379953	1646999380986	1026	OK
REQUEST	1	AD_140_Your_Contact	Adoption Your Contact Details LookUp	1646999381994	1646999382095	OK	 
GROUP	1	AD_140_Your_Contact	1646999381993	1646999382378	381	OK
REQUEST	1	AD_150_Your_Contact_Manual	Adoption Your Contact Details Manual	1646999383375	1646999383788	OK	 
GROUP	1	AD_150_Your_Contact_Manual	1646999383374	1646999384003	624	OK
REQUEST	1	AD_160_Your_Contact_POST	Adoption Your Contact Details Manual POST	1646999385005	1646999385363	OK	 
REQUEST	1	AD_160_Your_Contact_POST	Adoption Your Contact Details Manual POST Redirect 1	1646999385364	1646999385480	OK	 
GROUP	1	AD_160_Your_Contact_POST	1646999385005	1646999385638	628	OK
REQUEST	1	AD_170_Your_Contact_POST	Adoption Your Contact Details POST	1646999386635	1646999386813	OK	 
REQUEST	1	AD_170_Your_Contact_POST	Adoption Your Contact Details POST Redirect 1	1646999386815	1646999386946	OK	 
GROUP	1	AD_170_Your_Contact_POST	1646999386635	1646999387101	460	OK
REQUEST	1	AD_180_Second_Person	Adoption Second Personal Details	1646999388103	1646999388188	OK	 
GROUP	1	AD_180_Second_Person	1646999388102	1646999388263	157	OK
REQUEST	1	AD_190_Second_PersonPOST	Adoption Second Personal Details POST	1646999389264	1646999389659	OK	 
REQUEST	1	AD_190_Second_PersonPOST	Adoption Second Personal Details POST Redirect 1	1646999389660	1646999389753	OK	 
GROUP	1	AD_190_Second_PersonPOST	1646999389263	1646999389913	645	OK
REQUEST	1	AD_200_Second_Other_Name	Adoption Second Other Name	1646999390925	1646999391607	OK	 
REQUEST	1	AD_200_Second_Other_Name	Adoption Second Other Name Redirect 1	1646999391609	1646999391799	OK	 
GROUP	1	AD_200_Second_Other_Name	1646999390924	1646999392059	1128	OK
REQUEST	1	AD_210_Second_Other_Name_Redirect	Adoption Second Other Name Redirect	1646999393045	1646999393562	OK	 
REQUEST	1	AD_210_Second_Other_Name_Redirect	Adoption Second Other Name Redirect Redirect 1	1646999393564	1646999394458	OK	 
GROUP	1	AD_210_Second_Other_Name_Redirect	1646999393044	1646999394630	1580	OK
REQUEST	1	AD_220_Second_DoB	Adoption Second DoB	1646999395635	1646999395992	OK	 
REQUEST	1	AD_220_Second_DoB	Adoption Second DoB Redirect 1	1646999395994	1646999396114	OK	 
GROUP	1	AD_220_Second_DoB	1646999395635	1646999396254	614	OK
REQUEST	1	AD_230_Second_Occupation	Adoption Second Occupation	1646999397253	1646999397646	OK	 
REQUEST	1	AD_230_Second_Occupation	Adoption Second Occupation Redirect 1	1646999397647	1646999397834	OK	 
GROUP	1	AD_230_Second_Occupation	1646999397253	1646999398112	854	OK
REQUEST	1	AD_240_Second_Contact_Same	Adoption Second Contact Details Same-Address	1646999399113	1646999399487	OK	 
GROUP	1	AD_240_Second_Contact_Same	1646999399113	1646999399711	594	OK
REQUEST	1	AD_250_Second_Contact_Same_POST	Adoption Second Contact Details Same-Address POST	1646999400705	1646999401076	OK	 
REQUEST	1	AD_250_Second_Contact_Same_POST	Adoption Second Contact Details Same-Address POST Redirect 1	1646999401077	1646999401141	OK	 
GROUP	1	AD_250_Second_Contact_Same_POST	1646999400704	1646999401411	702	OK
REQUEST	1	AD_260_Second_Contact_Manual_Redirect	Adoption Second Contact Details manual redirect	1646999402414	1646999402714	OK	 
GROUP	1	AD_260_Second_Contact_Manual_Redirect	1646999402413	1646999402913	496	OK
REQUEST	1	AD_270_Second_Contact_Manual_POST	Adoption Second Contact Details manual POST	1646999403924	1646999404305	OK	 
REQUEST	1	AD_270_Second_Contact_Manual_POST	Adoption Second Contact Details manual POST Redirect 1	1646999404306	1646999404377	OK	 
GROUP	1	AD_270_Second_Contact_Manual_POST	1646999403923	1646999404455	527	OK
REQUEST	1	AD_280_Second_Contact_POST	Adoption Second Contact Details POST	1646999405455	1646999406046	OK	 
REQUEST	1	AD_280_Second_Contact_POST	Adoption Second Contact Details POST Redirect 1	1646999406048	1646999406147	OK	 
GROUP	1	AD_280_Second_Contact_POST	1646999405454	1646999406253	793	OK
REQUEST	1	AD_290_Birth_Certificate	Adoption Birth Certificate Details	1646999407254	1646999407377	OK	 
GROUP	1	AD_290_Birth_Certificate	1646999407253	1646999407464	207	OK
REQUEST	1	AD_300_Birth_Name	Adoption Birth Certificate Name	1646999408463	1646999408680	OK	 
REQUEST	1	AD_300_Birth_Name	Adoption Birth Certificate Name Redirect 1	1646999408681	1646999408879	OK	 
GROUP	1	AD_300_Birth_Name	1646999408463	1646999409084	617	OK
REQUEST	1	AD_320_Birth_DoB	Adoption Birth Certificate DoB	1646999410085	1646999410534	OK	 
REQUEST	1	AD_320_Birth_DoB	Adoption Birth Certificate DoB Redirect 1	1646999410535	1646999410689	OK	 
GROUP	1	AD_320_Birth_DoB	1646999410084	1646999410809	720	OK
REQUEST	1	AD_330_Birth_Sex	Adoption Birth Certificate Sex	1646999411804	1646999412041	OK	 
REQUEST	1	AD_330_Birth_Sex	Adoption Birth Certificate Sex Redirect 1	1646999412042	1646999412122	OK	 
GROUP	1	AD_330_Birth_Sex	1646999411803	1646999412204	396	OK
REQUEST	1	AD_340_Birth_Nationality_Add	Adoption Birth Certificate Nationality Add	1646999413214	1646999413425	OK	 
REQUEST	1	AD_340_Birth_Nationality_Add	Adoption Birth Certificate Nationality Add Redirect 1	1646999413427	1646999413551	OK	 
GROUP	1	AD_340_Birth_Nationality_Add	1646999413213	1646999413648	429	OK
REQUEST	1	AD_350_Birth_Nationality_POST	Adoption Birth Certificate Nationality POST	1646999414646	1646999414841	OK	 
REQUEST	1	AD_350_Birth_Nationality_POST	Adoption Birth Certificate Nationality POST Redirect 1	1646999414842	1646999414945	OK	 
GROUP	1	AD_350_Birth_Nationality_POST	1646999414645	1646999415040	390	OK
REQUEST	1	AD_360_Certificate_Details	Adoption Certificate Details	1646999416035	1646999416205	OK	 
GROUP	1	AD_360_Certificate_Details	1646999416035	1646999416310	272	OK
REQUEST	1	AD_370_Certificate_Name	Adoption Certificate Details Name	1646999417314	1646999418129	OK	 
REQUEST	1	AD_370_Certificate_Name	Adoption Certificate Details Name Redirect 1	1646999418130	1646999418354	OK	 
GROUP	1	AD_370_Certificate_Name	1646999417314	1646999418459	1141	OK
REQUEST	1	AD_380_Placement_Order	Adoption Placement Order Details	1646999419456	1646999419694	OK	 
GROUP	1	AD_380_Placement_Order	1646999419455	1646999419781	322	OK
REQUEST	1	AD_390_Placement_Number	Adoption Placement Order Number	1646999420785	1646999420964	OK	 
REQUEST	1	AD_390_Placement_Number	Adoption Placement Order Number Redirect 1	1646999420965	1646999421375	OK	 
GROUP	1	AD_390_Placement_Number	1646999420785	1646999421570	782	OK
REQUEST	1	AD_400_Placement_Court	Adoption Placement Court	1646999422564	1646999422875	OK	 
REQUEST	1	AD_400_Placement_Court	Adoption Placement Court Redirect 1	1646999422877	1646999424334	OK	 
GROUP	1	AD_400_Placement_Court	1646999422564	1646999424670	2101	OK
REQUEST	1	AD_410_Placement_Date	Adoption Placement Date	1646999425676	1646999426117	OK	 
REQUEST	1	AD_410_Placement_Date	Adoption Placement Date Redirect 1	1646999426119	1646999426361	OK	 
GROUP	1	AD_410_Placement_Date	1646999425675	1646999426446	765	OK
REQUEST	1	AD_420_Placement_Summary	Adoption Placement Summary	1646999427445	1646999427721	OK	 
REQUEST	1	AD_420_Placement_Summary	Adoption Placement Summary Redirect 1	1646999427722	1646999428164	OK	 
REQUEST	1	AD_420_Placement_Summary	Adoption Placement Summary Redirect 2	1646999428165	1646999428470	OK	 
GROUP	1	AD_420_Placement_Summary	1646999427444	1646999428522	1072	OK
REQUEST	1	AD_430_Placement_Type_2	Adoption Placement Type 2	1646999429525	1646999430096	OK	 
REQUEST	1	AD_430_Placement_Type_2	Adoption Placement Type 2 Redirect 1	1646999430097	1646999430619	OK	 
GROUP	1	AD_430_Placement_Type_2	1646999429524	1646999430705	1176	OK
REQUEST	1	AD_440_Placement_Number_2	Adoption Placement Order Number 2	1646999431703	1646999432054	OK	 
REQUEST	1	AD_440_Placement_Number_2	Adoption Placement Order Number 2 Redirect 1	1646999432056	1646999432743	OK	 
GROUP	1	AD_440_Placement_Number_2	1646999431702	1646999433166	1458	OK
REQUEST	1	AD_450_Placement_Court_2	Adoption Placement Court 2	1646999434173	1646999434906	OK	 
REQUEST	1	AD_450_Placement_Court_2	Adoption Placement Court 2 Redirect 1	1646999434907	1646999435667	OK	 
GROUP	1	AD_450_Placement_Court_2	1646999434172	1646999435753	1576	OK
REQUEST	1	AD_460_Placement_Date_2	Adoption Placement Date 2	1646999436754	1646999437110	OK	 
REQUEST	1	AD_460_Placement_Date_2	Adoption Placement Date 2 Redirect 1	1646999437111	1646999437547	OK	 
GROUP	1	AD_460_Placement_Date_2	1646999436754	1646999437724	967	OK
REQUEST	1	AD_470_Placement_Summary_2	Adoption Placement Summary 2	1646999438723	1646999439277	OK	 
REQUEST	1	AD_470_Placement_Summary_2	Adoption Placement Summary 2 Redirect 1	1646999439278	1646999439815	OK	 
GROUP	1	AD_470_Placement_Summary_2	1646999438723	1646999439953	1226	OK
REQUEST	1	AD_480_Birth_Mother	Adoption Mother's Details	1646999440953	1646999441049	OK	 
GROUP	1	AD_480_Birth_Mother	1646999440953	1646999441126	170	OK
REQUEST	1	AD_490_Mother_Name	Adoption Mother's Name	1646999442125	1646999442380	OK	 
REQUEST	1	AD_490_Mother_Name	Adoption Mother's Name Redirect 1	1646999442381	1646999442624	OK	 
GROUP	1	AD_490_Mother_Name	1646999442124	1646999442782	654	OK
REQUEST	1	AD_495_Mother_Alive_Redirect	Adoption Mother's Details	1646999443776	1646999443867	OK	 
GROUP	1	AD_495_Mother_Alive_Redirect	1646999443775	1646999444019	241	OK
REQUEST	1	AD_500_Mother_Alive	Adoption Mother Still Alive?	1646999445025	1646999445569	OK	 
REQUEST	1	AD_500_Mother_Alive	Adoption Mother Still Alive? Redirect 1	1646999445570	1646999445673	OK	 
GROUP	1	AD_500_Mother_Alive	1646999445025	1646999445761	732	OK
REQUEST	1	AD_510_Mother_Nationality_Add	Adoption Mother's Nationality Add	1646999446764	1646999447117	OK	 
REQUEST	1	AD_510_Mother_Nationality_Add	Adoption Mother's Nationality Add Redirect 1	1646999447118	1646999447381	OK	 
GROUP	1	AD_510_Mother_Nationality_Add	1646999446763	1646999447676	908	OK
REQUEST	1	AD_520_Mother_Nationality_POST	Adoption Mother's Nationality	1646999448675	1646999448899	OK	 
REQUEST	1	AD_520_Mother_Nationality_POST	Adoption Mother's Nationality Redirect 1	1646999448900	1646999448979	OK	 
GROUP	1	AD_520_Mother_Nationality_POST	1646999448674	1646999449139	461	OK
REQUEST	1	AD_530_Mother_Occupation	Adoption Mother's Occupation	1646999450146	1646999450446	OK	 
REQUEST	1	AD_530_Mother_Occupation	Adoption Mother's Occupation Redirect 1	1646999450447	1646999450628	OK	 
GROUP	1	AD_530_Mother_Occupation	1646999450145	1646999450744	595	OK
REQUEST	1	AD_535_Mother_Occupation_Redirect	Adoption Mother's Details Redirect	1646999451743	1646999451839	OK	 
GROUP	1	AD_535_Mother_Occupation_Redirect	1646999451743	1646999451928	181	OK
REQUEST	1	AD_540_Mother_Occupation	Adoption Mother's Address Known	1646999452924	1646999453817	OK	 
REQUEST	1	AD_540_Mother_Occupation	Adoption Mother's Address Known Redirect 1	1646999453818	1646999454315	OK	 
GROUP	1	AD_540_Mother_Occupation	1646999452923	1646999454546	1618	OK
REQUEST	1	AD_550_Mother_Address_Manual	Adoption Mother's Address Manual	1646999455556	1646999455627	OK	 
GROUP	1	AD_550_Mother_Address_Manual	1646999455555	1646999455696	137	OK
REQUEST	1	AD_560_Mother_Address_POST	Adoption Mother's Address	1646999456696	1646999457147	OK	 
REQUEST	1	AD_560_Mother_Address_POST	Adoption Mother's Address Redirect 1	1646999457148	1646999457256	OK	 
GROUP	1	AD_560_Mother_Address_POST	1646999456695	1646999457352	652	OK
REQUEST	1	AD_570_Father_Details	Adoption Father's Details	1646999458344	1646999458429	OK	 
GROUP	1	AD_570_Father_Details	1646999458344	1646999458515	168	OK
REQUEST	1	AD_580_Father_Details_POST	Adoption Father's Details On Certificate	1646999459523	1646999460420	OK	 
REQUEST	1	AD_580_Father_Details_POST	Adoption Father's Details On Certificate Redirect 1	1646999460422	1646999461649	OK	 
GROUP	1	AD_580_Father_Details_POST	1646999459522	1646999461881	2353	OK
REQUEST	1	AD_590_Father_Name	Adoption Father's Name	1646999462875	1646999463208	OK	 
REQUEST	1	AD_590_Father_Name	Adoption Father's Name Redirect 1	1646999463208	1646999463415	OK	 
GROUP	1	AD_590_Father_Name	1646999462874	1646999463613	735	OK
REQUEST	1	AD_600_Father_Alive	Adoption Father Still alive?	1646999464623	1646999465088	OK	 
REQUEST	1	AD_600_Father_Alive	Adoption Father Still alive? Redirect 1	1646999465090	1646999465284	OK	 
GROUP	1	AD_600_Father_Alive	1646999464622	1646999465358	729	OK
REQUEST	1	AD_610_Father_Nationality_Add	Adoption Father add Nationality	1646999466355	1646999466773	OK	 
REQUEST	1	AD_610_Father_Nationality_Add	Adoption Father add Nationality Redirect 1	1646999466774	1646999466872	OK	 
GROUP	1	AD_610_Father_Nationality_Add	1646999466354	1646999467006	647	OK
REQUEST	1	AD_620_Father_Nationality_POST	Adoption Father's Nationality	1646999468004	1646999468217	OK	 
REQUEST	1	AD_620_Father_Nationality_POST	Adoption Father's Nationality Redirect 1	1646999468219	1646999468321	OK	 
GROUP	1	AD_620_Father_Nationality_POST	1646999468004	1646999468411	402	OK
REQUEST	1	AD_630_Father_Occupation	Adoption Father's Occupation	1646999469405	1646999469841	OK	 
REQUEST	1	AD_630_Father_Occupation	Adoption Father's Occupation Redirect 1	1646999469842	1646999470096	OK	 
GROUP	1	AD_630_Father_Occupation	1646999469404	1646999470231	821	OK
REQUEST	1	AD_640_Father_Address_Known	Adoption Father's Address Known?	1646999471235	1646999471470	OK	 
REQUEST	1	AD_640_Father_Address_Known	Adoption Father's Address Known? Redirect 1	1646999471471	1646999471552	OK	 
GROUP	1	AD_640_Father_Address_Known	1646999471235	1646999471777	539	OK
REQUEST	1	AD_641_Father_Address_Manual	Adoption Father's Address Manual	1646999472785	1646999472852	OK	 
GROUP	1	AD_641_Father_Address_Manual	1646999472785	1646999472974	185	OK
REQUEST	1	AD_642_Father_Address_POST	Adoption Father's Address	1646999473974	1646999474347	OK	 
REQUEST	1	AD_642_Father_Address_POST	Adoption Father's Address Redirect 1	1646999474348	1646999474468	OK	 
GROUP	1	AD_642_Father_Address_POST	1646999473974	1646999474576	598	OK
REQUEST	1	AD_650_Other_Parent_Exists	Adoption Other Parent	1646999475573	1646999475910	OK	 
GROUP	1	AD_650_Other_Parent_Exists	1646999475573	1646999476441	865	OK
REQUEST	1	AD_660_Other_Exists_POST	Adoption Other Parent Exists	1646999477435	1646999477791	OK	 
REQUEST	1	AD_660_Other_Exists_POST	Adoption Other Parent Exists Redirect 1	1646999477792	1646999477885	OK	 
GROUP	1	AD_660_Other_Exists_POST	1646999477435	1646999478075	636	OK
REQUEST	1	AD_670_Other_Parent_Name	Adoption Other Parent Name	1646999479083	1646999479343	OK	 
REQUEST	1	AD_670_Other_Parent_Name	Adoption Other Parent Name Redirect 1	1646999479344	1646999479435	OK	 
GROUP	1	AD_670_Other_Parent_Name	1646999479083	1646999479523	436	OK
REQUEST	1	AD_680_Other_Parent_Address_Known	Adoption Other Parent Address known?	1646999480524	1646999480828	OK	 
REQUEST	1	AD_680_Other_Parent_Address_Known	Adoption Other Parent Address known? Redirect 1	1646999480829	1646999480907	OK	 
GROUP	1	AD_680_Other_Parent_Address_Known	1646999480523	1646999480984	456	OK
REQUEST	1	AD_690_Other_Parent_Address_Manual	Adoption Other Parent Address Manual	1646999481985	1646999483478	OK	 
GROUP	1	AD_690_Other_Parent_Address_Manual	1646999481984	1646999483597	1609	OK
REQUEST	1	AD_700_Other_Parent_Address_POST	Adoption Other Parent Address Manual	1646999484593	1646999485201	OK	 
REQUEST	1	AD_700_Other_Parent_Address_POST	Adoption Other Parent Address Manual Redirect 1	1646999485202	1646999485377	OK	 
GROUP	1	AD_700_Other_Parent_Address_POST	1646999484593	1646999485456	859	OK
REQUEST	1	adoption_710_Agency	Adoption Agency	1646999486455	1646999486839	OK	 
REQUEST	1	adoption_710_Agency	Adoption Agency Redirect 1	1646999486840	1646999487455	OK	 
GROUP	1	adoption_710_Agency	1646999486455	1646999488066	1608	OK
REQUEST	1	AD_720_Agency_Details	Adoption Agency Details	1646999489064	1646999489641	OK	 
REQUEST	1	AD_720_Agency_Details	Adoption Agency Details Redirect 1	1646999489643	1646999489731	OK	 
GROUP	1	AD_720_Agency_Details	1646999489063	1646999489875	807	OK
REQUEST	1	AD_730_Other_Agency	Adoption Other Agency?	1646999490885	1646999491330	OK	 
REQUEST	1	AD_730_Other_Agency	Adoption Other Agency? Redirect 1	1646999491332	1646999491686	OK	 
REQUEST	1	AD_730_Other_Agency	Adoption Other Agency? Redirect 2	1646999491687	1646999492109	OK	 
GROUP	1	AD_730_Other_Agency	1646999490884	1646999492166	1276	OK
REQUEST	1	AD_740_Other_Agency_Details	Adoption Other Agency Details	1646999493163	1646999493598	OK	 
REQUEST	1	AD_740_Other_Agency_Details	Adoption Other Agency Details Redirect 1	1646999493599	1646999493748	OK	 
GROUP	1	AD_740_Other_Agency_Details	1646999493163	1646999493897	730	OK
REQUEST	1	AD_750_Social_Worker_Details	Adoption Social Worker Details	1646999494895	1646999495456	OK	 
REQUEST	1	AD_750_Social_Worker_Details	Adoption Social Worker Details Redirect 1	1646999495458	1646999495861	OK	 
GROUP	1	AD_750_Social_Worker_Details	1646999494894	1646999496709	1809	OK
REQUEST	1	AD_760_Sibling_Details	Adoption Sibling Details	1646999497706	1646999497797	OK	 
GROUP	1	AD_760_Sibling_Details	1646999497705	1646999497854	145	OK
REQUEST	1	AD_770_Sibling_Other	Adoption Any Sibling?	1646999498865	1646999499231	OK	 
REQUEST	1	AD_770_Sibling_Other	Adoption Any Sibling? Redirect 1	1646999499232	1646999499550	OK	 
GROUP	1	AD_770_Sibling_Other	1646999498865	1646999499607	738	OK
REQUEST	1	AD_780_Sibling_Order_Exists	Adoption Court Order Exists?	1646999500605	1646999501070	OK	 
REQUEST	1	AD_780_Sibling_Order_Exists	Adoption Court Order Exists? Redirect 1	1646999501072	1646999501385	OK	 
GROUP	1	AD_780_Sibling_Order_Exists	1646999500604	1646999501448	839	OK
REQUEST	1	AD_790_Sibling_Name	Adoption Sibling Name	1646999502443	1646999502689	OK	 
REQUEST	1	AD_790_Sibling_Name	Adoption Sibling Name Redirect 1	1646999502690	1646999503118	OK	 
REQUEST	1	AD_790_Sibling_Name	Adoption Sibling Name Redirect 2	1646999503119	1646999503729	OK	 
GROUP	1	AD_790_Sibling_Name	1646999502443	1646999503874	1426	OK
REQUEST	1	AD_800_Sibling_Type	Adoption Order Type?	1646999504885	1646999505124	OK	 
REQUEST	1	AD_800_Sibling_Type	Adoption Order Type? Redirect 1	1646999505126	1646999505612	OK	 
GROUP	1	AD_800_Sibling_Type	1646999504885	1646999505733	843	OK
REQUEST	1	AD_810_Sibling_Number	Adoption Order Number	1646999506714	1646999507013	OK	 
REQUEST	1	AD_810_Sibling_Number	Adoption Order Number Redirect 1	1646999507014	1646999507117	OK	 
GROUP	1	AD_810_Sibling_Number	1646999506713	1646999507198	480	OK
REQUEST	1	AD_820_Sibling_New_Order	Adoption Add New Order?	1646999508204	1646999508902	OK	 
REQUEST	1	AD_820_Sibling_New_Order	Adoption Add New Order? Redirect 1	1646999508904	1646999508978	OK	 
GROUP	1	AD_820_Sibling_New_Order	1646999508203	1646999509059	848	OK
REQUEST	1	AD_830_Sibling_Select	Adoption Select Sibling	1646999510063	1646999510357	OK	 
REQUEST	1	AD_830_Sibling_Select	Adoption Select Sibling Redirect 1	1646999510358	1646999510681	OK	 
REQUEST	1	AD_830_Sibling_Select	Adoption Select Sibling Redirect 2	1646999510682	1646999510951	OK	 
GROUP	1	AD_830_Sibling_Select	1646999510062	1646999511014	947	OK
REQUEST	1	AD_840_Sibling_Type_2	Adoption Order Type	1646999512024	1646999512199	OK	 
REQUEST	1	AD_840_Sibling_Type_2	Adoption Order Type Redirect 1	1646999512200	1646999512475	OK	 
GROUP	1	AD_840_Sibling_Type_2	1646999512023	1646999512571	544	OK
REQUEST	1	AD_850_Sibling_Number_2t	Adoption Order Number	1646999513564	1646999513810	OK	 
REQUEST	1	AD_850_Sibling_Number_2t	Adoption Order Number Redirect 1	1646999513811	1646999513978	OK	 
GROUP	1	AD_850_Sibling_Number_2t	1646999513564	1646999514066	499	OK
REQUEST	1	AD_855_Sibling_Remove	Adoption Remove Placement Order	1646999515065	1646999515409	OK	 
REQUEST	1	AD_855_Sibling_Remove	Adoption Remove Placement Order Redirect 1	1646999515410	1646999515507	OK	 
GROUP	1	AD_855_Sibling_Remove	1646999515064	1646999515585	517	OK
REQUEST	1	AD_860_Sibling_Summary	Adoption Order Summary	1646999516593	1646999516858	OK	 
REQUEST	1	AD_860_Sibling_Summary	Adoption Order Summary Redirect 1	1646999516859	1646999517132	OK	 
GROUP	1	AD_860_Sibling_Summary	1646999516593	1646999517206	610	OK
REQUEST	1	AD_861_Family_Court	Adoption Family Court Redirect	1646999518204	1646999519199	OK	 
GROUP	1	AD_861_Family_Court	1646999518204	1646999519787	1580	OK
REQUEST	1	AD_862_Family_Court_POST	Adoption Family Court Redirect	1646999520785	1646999521243	OK	 
REQUEST	1	AD_862_Family_Court_POST	Adoption Family Court Redirect Redirect 1	1646999521244	1646999521330	OK	 
GROUP	1	AD_862_Family_Court_POST	1646999520784	1646999521407	618	OK
REQUEST	1	AD_870_Upload_Document	Adoption Birth Certificate Details	1646999522405	1646999522530	OK	 
GROUP	1	AD_870_Upload_Document	1646999522404	1646999522667	257	OK
REQUEST	1	AD_880_Upload_Document	Adoption Certificate Upload	1646999523701	1646999528658	OK	 
GROUP	1	AD_880_Upload_Document	1646999523675	1646999528696	4957	OK
REQUEST	1	AD_885_Upload_Document_POST	Adoption Certificate Upload POST	1646999529654	1646999530355	OK	 
REQUEST	1	AD_885_Upload_Document_POST	Adoption Certificate Upload POST Redirect 1	1646999530355	1646999530685	OK	 
GROUP	1	AD_885_Upload_Document_POST	1646999529653	1646999530752	1095	OK
USER	LAU Simulation	1	END	1646999350155	1646999531747
