RUN	simulations.mainSimulation	mainsimulation	1646905711595	 	3.3.1
USER	LAU Simulation	1	START	1646905712123	1646905712123
REQUEST	1	adoption_010_Homepage	Adoption Homepage	1646905712147	1646905712824	OK	 
REQUEST	1	adoption_010_Homepage	Adoption Homepage Redirect 1	1646905712850	1646905712908	OK	 
REQUEST	1	adoption_010_Homepage	Adoption Homepage Redirect 2	1646905712910	1646905712966	OK	 
GROUP	1	adoption_010_Homepage	1646905712130	1646905714291	2026	OK
REQUEST	1	Adoption_020_Login	Adoption Login	1646905715313	1646905715489	OK	 
REQUEST	1	Adoption_020_Login	Adoption Login Redirect 1	1646905715494	1646905715730	OK	 
REQUEST	1	Adoption_020_Login	Adoption Login Redirect 2	1646905715732	1646905717845	OK	 
REQUEST	1	Adoption_020_Login	Adoption Login Redirect 3	1646905717847	1646905717953	OK	 
GROUP	1	Adoption_020_Login	1646905715309	1646905718967	3635	OK
REQUEST	1	Adoption_030_Apply_With	Adoption Applying With	1646905719979	1646905720099	OK	 
GROUP	1	Adoption_030_Apply_With	1646905719978	1646905720284	297	OK
REQUEST	1	Adoption_040_Adoption_Applying_Post	Adoption Applying Post	1646905721281	1646905721696	OK	 
REQUEST	1	Adoption_040_Adoption_Applying_Post	Adoption Applying Post Redirect 1	1646905721698	1646905721844	OK	 
GROUP	1	Adoption_040_Adoption_Applying_Post	1646905721279	1646905721969	679	OK
REQUEST	1	Adoption_050_Adoption_Applying_With_Redirect	Adoption Applying With Redirect	1646905722968	1646905723053	OK	 
GROUP	1	Adoption_050_Adoption_Applying_With_Redirect	1646905722967	1646905723129	156	OK
REQUEST	1	Adoption_060_Date_Of_Move	Adoption Date Child Moved in 	1646905724139	1646905724184	OK	 
GROUP	1	Adoption_060_Date_Of_Move	1646905724138	1646905724469	317	OK
REQUEST	1	Adoption_070_Date_Of_Move_POST	Adoption Date Child Moved in Post	1646905725470	1646905725934	OK	 
REQUEST	1	Adoption_070_Date_Of_Move_POST	Adoption Date Child Moved in Post Redirect 1	1646905725935	1646905726084	OK	 
REQUEST	1	Adoption_070_Date_Of_Move_POST,Adoption_050_Adoption_Applying_With_Redirect	Adoption Applying With Redirect	1646905726178	1646905726290	OK	 
GROUP	1	Adoption_070_Date_Of_Move_POST,Adoption_050_Adoption_Applying_With_Redirect	1646905726178	1646905726480	298	OK
GROUP	1	Adoption_070_Date_Of_Move_POST	1646905725469	1646905727478	1000	OK
REQUEST	1	Adoption_080_Your_Details	Adoption Your Personal Details 	1646905728480	1646905728542	OK	 
GROUP	1	Adoption_080_Your_Details	1646905728479	1646905728743	259	OK
REQUEST	1	Adoption_090_Your_Details_POST	Adoption Your Personal Details Post	1646905729739	1646905730337	OK	 
REQUEST	1	Adoption_090_Your_Details_POST	Adoption Your Personal Details Post Redirect 1	1646905730339	1646905730380	OK	 
GROUP	1	Adoption_090_Your_Details_POST	1646905729738	1646905730454	710	OK
REQUEST	1	Adoption_100_Your_Details_Other_Name	Adoption Your Personal Details Other Name	1646905731459	1646905731640	OK	 
REQUEST	1	Adoption_100_Your_Details_Other_Name	Adoption Your Personal Details Other Name Redirect 1	1646905731642	1646905731733	OK	 
GROUP	1	Adoption_100_Your_Details_Other_Name	1646905731458	1646905731811	345	OK
REQUEST	1	Adoption_110_Your_Details_DoB	Adoption Your Personal Details DoB	1646905732810	1646905733065	OK	 
GROUP	1	Adoption_110_Your_Details_DoB	1646905732810	1646905733240	428	OK
REQUEST	1	Adoption_120_Your_Details_DoB_POST	Adoption Your Personal Details DoB POST	1646905734241	1646905734729	OK	 
REQUEST	1	Adoption_120_Your_Details_DoB_POST	Adoption Your Personal Details DoB POST Redirect 1	1646905734731	1646905734970	OK	 
GROUP	1	Adoption_120_Your_Details_DoB_POST	1646905734240	1646905735502	1256	OK
REQUEST	1	Adoption_130_Your_Details_Occupation	Adoption Your Personal Details Occupation	1646905736501	1646905736993	OK	 
REQUEST	1	Adoption_130_Your_Details_Occupation	Adoption Your Personal Details Occupation Redirect 1	1646905736994	1646905737064	OK	 
GROUP	1	Adoption_130_Your_Details_Occupation	1646905736500	1646905737133	628	OK
REQUEST	1	Adoption_140_Your_Contact_Details	Adoption Your Contact Details LookUp	1646905738138	1646905738527	OK	 
GROUP	1	Adoption_140_Your_Contact_Details	1646905738138	1646905738889	747	OK
REQUEST	1	Adoption_150_Your_Contact_Details_Manual	Adoption Your Contact Details Manual	1646905739890	1646905739947	OK	 
GROUP	1	Adoption_150_Your_Contact_Details_Manual	1646905739890	1646905740021	128	OK
REQUEST	1	Adoption_160_Your_Contact_Details_Manual_POST	Adoption Your Contact Details Manual POST	1646905741018	1646905741567	OK	 
REQUEST	1	Adoption_160_Your_Contact_Details_Manual_POST	Adoption Your Contact Details Manual POST Redirect 1	1646905741569	1646905741622	OK	 
GROUP	1	Adoption_160_Your_Contact_Details_Manual_POST	1646905741017	1646905741835	811	OK
REQUEST	1	Adoption_170_Your_Contact_Details_POST	Adoption Your Contact Details POST	1646905742838	1646905743010	OK	 
REQUEST	1	Adoption_170_Your_Contact_Details_POST	Adoption Your Contact Details POST Redirect 1	1646905743011	1646905743107	OK	 
GROUP	1	Adoption_170_Your_Contact_Details_POST	1646905742838	1646905743186	343	OK
REQUEST	1	Adoption_180_Second_Personal_Details	Adoption Second Personal Details	1646905744178	1646905744406	OK	 
GROUP	1	Adoption_180_Second_Personal_Details	1646905744178	1646905744558	377	OK
REQUEST	1	Adoption_190_Second_Personal_Details_POST	Adoption Second Personal Details POST	1646905745568	1646905745899	OK	 
REQUEST	1	Adoption_190_Second_Personal_Details_POST	Adoption Second Personal Details POST Redirect 1	1646905745900	1646905745948	OK	 
GROUP	1	Adoption_190_Second_Personal_Details_POST	1646905745568	1646905746018	446	OK
REQUEST	1	Adoption_200_Second_Other_Name	Adoption Second Other Name	1646905747019	1646905747514	OK	 
REQUEST	1	Adoption_200_Second_Other_Name	Adoption Second Other Name Redirect 1	1646905747516	1646905748155	OK	 
GROUP	1	Adoption_200_Second_Other_Name	1646905747019	1646905748510	1486	OK
REQUEST	1	Adoption_210_Second_Other_Name_Redirect	Adoption Second Other Name Redirect	1646905749509	1646905749705	OK	 
REQUEST	1	Adoption_210_Second_Other_Name_Redirect	Adoption Second Other Name Redirect Redirect 1	1646905749706	1646905749757	OK	 
GROUP	1	Adoption_210_Second_Other_Name_Redirect	1646905749509	1646905749844	330	OK
REQUEST	1	Adoption_220_Second_DoB	Adoption Second DoB	1646905750838	1646905751330	OK	 
REQUEST	1	Adoption_220_Second_DoB	Adoption Second DoB Redirect 1	1646905751331	1646905751498	OK	 
GROUP	1	Adoption_220_Second_DoB	1646905750837	1646905751803	961	OK
REQUEST	1	Adoption_230_Second_Occupation	Adoption Second Occupation	1646905752809	1646905753163	OK	 
REQUEST	1	Adoption_230_Second_Occupation	Adoption Second Occupation Redirect 1	1646905753164	1646905753211	OK	 
GROUP	1	Adoption_230_Second_Occupation	1646905752809	1646905754205	1392	OK
REQUEST	1	Adoption_240_Second_Contact_Details_Same_Address	Adoption Second Contact Details Same-Address	1646905755198	1646905755250	OK	 
GROUP	1	Adoption_240_Second_Contact_Details_Same_Address	1646905755198	1646905755756	555	OK
REQUEST	1	Adoption_250_Second_Contact_Details_Same_Address_POST	Adoption Second Contact Details Same-Address POST	1646905756760	1646905756941	OK	 
REQUEST	1	Adoption_250_Second_Contact_Details_Same_Address_POST	Adoption Second Contact Details Same-Address POST Redirect 1	1646905756942	1646905757059	OK	 
GROUP	1	Adoption_250_Second_Contact_Details_Same_Address_POST	1646905756759	1646905757145	381	OK
REQUEST	1	Adoption_260_Second_Contact_Details_Manual_Redirect	Adoption Second Contact Details manual redirect	1646905758151	1646905758297	OK	 
GROUP	1	Adoption_260_Second_Contact_Details_Manual_Redirect	1646905758150	1646905758420	266	OK
REQUEST	1	Adoption_270_Second_Contact_Details_Manual_POST	Adoption Second Contact Details manual POST	1646905759418	1646905759891	OK	 
REQUEST	1	Adoption_270_Second_Contact_Details_Manual_POST	Adoption Second Contact Details manual POST Redirect 1	1646905759892	1646905760023	OK	 
GROUP	1	Adoption_270_Second_Contact_Details_Manual_POST	1646905759417	1646905760190	768	OK
REQUEST	1	Adoption_280_Second_Contact_Details__POST	Adoption Second Contact Details POST	1646905761198	1646905761513	OK	 
REQUEST	1	Adoption_280_Second_Contact_Details__POST	Adoption Second Contact Details POST Redirect 1	1646905761514	1646905761873	OK	 
GROUP	1	Adoption_280_Second_Contact_Details__POST	1646905761197	1646905762176	974	OK
REQUEST	1	adoption_290_Birth_Certificate	Adoption Birth Certificate Details	1646905763169	1646905763271	OK	 
GROUP	1	adoption_290_Birth_Certificate	1646905763169	1646905763418	246	OK
REQUEST	1	adoption_300_Birth_Certificate_Name	Adoption Birth Certificate Name	1646905764418	1646905764773	OK	 
REQUEST	1	adoption_300_Birth_Certificate_Name	Adoption Birth Certificate Name Redirect 1	1646905764774	1646905764814	OK	 
GROUP	1	adoption_300_Birth_Certificate_Name	1646905764418	1646905764890	467	OK
REQUEST	1	adoption_320_Birth_Certificate_DoB	Adoption Birth Certificate DoB	1646905765899	1646905766073	OK	 
REQUEST	1	adoption_320_Birth_Certificate_DoB	Adoption Birth Certificate DoB Redirect 1	1646905766075	1646905766217	OK	 
GROUP	1	adoption_320_Birth_Certificate_DoB	1646905765899	1646905766456	552	OK
REQUEST	1	adoption_330_Birth_Certificate_Sex	Adoption Birth Certificate Sex	1646905767450	1646905767815	OK	 
REQUEST	1	adoption_330_Birth_Certificate_Sex	Adoption Birth Certificate Sex Redirect 1	1646905767816	1646905767865	OK	 
GROUP	1	adoption_330_Birth_Certificate_Sex	1646905767449	1646905768146	691	OK
REQUEST	1	adoption_340_Birth_Certificate_Nationality_Add	Adoption Birth Certificate Nationality Add	1646905769150	1646905769328	OK	 
REQUEST	1	adoption_340_Birth_Certificate_Nationality_Add	Adoption Birth Certificate Nationality Add Redirect 1	1646905769329	1646905769428	OK	 
GROUP	1	adoption_340_Birth_Certificate_Nationality_Add	1646905769149	1646905769506	352	OK
REQUEST	1	adoption_350_Birth_Certificate_Nationality_POST	Adoption Birth Certificate Nationality POST	1646905770501	1646905770905	OK	 
REQUEST	1	adoption_350_Birth_Certificate_Nationality_POST	Adoption Birth Certificate Nationality POST Redirect 1	1646905770906	1646905770952	OK	 
GROUP	1	adoption_350_Birth_Certificate_Nationality_POST	1646905770500	1646905771128	623	OK
REQUEST	1	adoption_360_Certificate_Details	Adoption Certificate Details	1646905772140	1646905772288	OK	 
GROUP	1	adoption_360_Certificate_Details	1646905772139	1646905772790	647	OK
REQUEST	1	adoption_370_Certificate_Details_Name	Adoption Certificate Details Name	1646905773788	1646905774158	OK	 
REQUEST	1	adoption_370_Certificate_Details_Name	Adoption Certificate Details Name Redirect 1	1646905774160	1646905774518	OK	 
GROUP	1	adoption_370_Certificate_Details_Name	1646905773788	1646905775689	903	OK
REQUEST	1	adoption_380_Placement_Order	Adoption Placement Order Details	1646905775690	1646905775869	OK	 
GROUP	1	adoption_380_Placement_Order	1646905775689	1646905775942	249	OK
REQUEST	1	adoption_390_Certificate_Placement_Order_Number	Adoption Placement Order Number	1646905776949	1646905777187	OK	 
REQUEST	1	adoption_390_Certificate_Placement_Order_Number	Adoption Placement Order Number Redirect 1	1646905777188	1646905777397	OK	 
GROUP	1	adoption_390_Certificate_Placement_Order_Number	1646905776948	1646905777491	538	OK
REQUEST	1	adoption_400_Certificate_Placement_Court	Adoption Placement Court	1646905778490	1646905778669	OK	 
REQUEST	1	adoption_400_Certificate_Placement_Court	Adoption Placement Court Redirect 1	1646905778671	1646905778992	OK	 
GROUP	1	adoption_400_Certificate_Placement_Court	1646905778489	1646905779104	609	OK
REQUEST	1	adoption_410_Certificate_Placement_Date	Adoption Placement Date	1646905780099	1646905780819	OK	 
REQUEST	1	adoption_410_Certificate_Placement_Date	Adoption Placement Date Redirect 1	1646905780821	1646905781034	OK	 
GROUP	1	adoption_410_Certificate_Placement_Date	1646905780099	1646905781581	1477	OK
REQUEST	1	adoption_420_Certificate_Placement_Summary	Adoption Placement Summary	1646905782590	1646905782775	OK	 
REQUEST	1	adoption_420_Certificate_Placement_Summary	Adoption Placement Summary Redirect 1	1646905782776	1646905783156	OK	 
REQUEST	1	adoption_420_Certificate_Placement_Summary	Adoption Placement Summary Redirect 2	1646905783157	1646905783694	OK	 
GROUP	1	adoption_420_Certificate_Placement_Summary	1646905782590	1646905783767	1172	OK
REQUEST	1	adoption_430_Certificate_Placement_Type_2	Adoption Placement Type 2	1646905784767	1646905784970	OK	 
REQUEST	1	adoption_430_Certificate_Placement_Type_2	Adoption Placement Type 2 Redirect 1	1646905784972	1646905785349	OK	 
GROUP	1	adoption_430_Certificate_Placement_Type_2	1646905784767	1646905785784	1013	OK
REQUEST	1	adoption_440_Certificate_Placement_Order_Number_2	Adoption Placement Order Number 2	1646905786780	1646905787165	OK	 
REQUEST	1	adoption_440_Certificate_Placement_Order_Number_2	Adoption Placement Order Number 2 Redirect 1	1646905787167	1646905787521	OK	 
GROUP	1	adoption_440_Certificate_Placement_Order_Number_2	1646905786779	1646905787700	915	OK
REQUEST	1	adoption_450_Certificate_Placement_Court_2	Adoption Placement Court 2	1646905788709	1646905788891	OK	 
REQUEST	1	adoption_450_Certificate_Placement_Court_2	Adoption Placement Court 2 Redirect 1	1646905788892	1646905789105	OK	 
GROUP	1	adoption_450_Certificate_Placement_Court_2	1646905788709	1646905789223	510	OK
REQUEST	1	adoption_460_Certificate_Placement_Date_2	Adoption Placement Date 2	1646905790218	1646905790436	OK	 
REQUEST	1	adoption_460_Certificate_Placement_Date_2	Adoption Placement Date 2 Redirect 1	1646905790438	1646905790856	OK	 
GROUP	1	adoption_460_Certificate_Placement_Date_2	1646905790218	1646905790927	704	OK
REQUEST	1	adoption_470_Certificate_Placement_Summary_2	Adoption Placement Summary 2	1646905791920	1646905792102	OK	 
REQUEST	1	adoption_470_Certificate_Placement_Summary_2	Adoption Placement Summary 2 Redirect 1	1646905792103	1646905792195	OK	 
GROUP	1	adoption_470_Certificate_Placement_Summary_2	1646905791919	1646905792289	365	OK
REQUEST	1	adoption_480_Birth_Mother	Adoption Mother's Details	1646905793299	1646905793418	OK	 
GROUP	1	adoption_480_Birth_Mother	1646905793299	1646905793555	252	OK
REQUEST	1	adoption_490_Birth_Mother_Name	Adoption Mother's Name	1646905794550	1646905794767	OK	 
REQUEST	1	adoption_490_Birth_Mother_Name	Adoption Mother's Name Redirect 1	1646905794769	1646905794814	OK	 
GROUP	1	adoption_490_Birth_Mother_Name	1646905794549	1646905794880	325	OK
REQUEST	1	adoption_495_Birth_Mother	Adoption Mother's Details	1646905795887	1646905795943	OK	 
GROUP	1	adoption_495_Birth_Mother	1646905795887	1646905796012	122	OK
REQUEST	1	adoption_500_Birth_Mother_Alive	Adoption Mother Still Alive?	1646905797008	1646905797408	OK	 
REQUEST	1	adoption_500_Birth_Mother_Alive	Adoption Mother Still Alive? Redirect 1	1646905797409	1646905797475	OK	 
GROUP	1	adoption_500_Birth_Mother_Alive	1646905797008	1646905797543	532	OK
REQUEST	1	adoption_510_Birth_Mother_Nationality_Add	Adoption Mother's Nationality Add	1646905798539	1646905798789	OK	 
REQUEST	1	adoption_510_Birth_Mother_Nationality_Add	Adoption Mother's Nationality Add Redirect 1	1646905798791	1646905798883	OK	 
GROUP	1	adoption_510_Birth_Mother_Nationality_Add	1646905798538	1646905799063	519	OK
REQUEST	1	adoption_520_Birth_Mother_Nationality_POSt	Adoption Mother's Nationality	1646905800069	1646905800349	OK	 
REQUEST	1	adoption_520_Birth_Mother_Nationality_POSt	Adoption Mother's Nationality Redirect 1	1646905800350	1646905800529	OK	 
GROUP	1	adoption_520_Birth_Mother_Nationality_POSt	1646905800068	1646905800707	634	OK
REQUEST	1	adoption_530_Birth_Mother_Occupation	Adoption Mother's Occupation	1646905801700	1646905801966	OK	 
REQUEST	1	adoption_530_Birth_Mother_Occupation	Adoption Mother's Occupation Redirect 1	1646905801968	1646905802004	OK	 
GROUP	1	adoption_530_Birth_Mother_Occupation	1646905801699	1646905802084	379	OK
REQUEST	1	adoption_535_Birth_Mother_Occupation_Redirect	Adoption Mother's Details Redirect	1646905803089	1646905803125	OK	 
GROUP	1	adoption_535_Birth_Mother_Occupation_Redirect	1646905803088	1646905803244	152	OK
REQUEST	1	adoption_540_Birth_Mother_Occupation	Adoption Mother's Address Known	1646905804249	1646905804678	OK	 
REQUEST	1	adoption_540_Birth_Mother_Occupation	Adoption Mother's Address Known Redirect 1	1646905804680	1646905804748	OK	 
GROUP	1	adoption_540_Birth_Mother_Occupation	1646905804249	1646905804817	564	OK
REQUEST	1	adoption_550_Birth_Mother_Address_Manual	Adoption Mother's Address Manual	1646905805809	1646905805932	OK	 
GROUP	1	adoption_550_Birth_Mother_Address_Manual	1646905805809	1646905806020	208	OK
REQUEST	1	adoption_560_Birth_Mother_Address_POST	Adoption Mother's Address	1646905807029	1646905807545	OK	 
REQUEST	1	adoption_560_Birth_Mother_Address_POST	Adoption Mother's Address Redirect 1	1646905807547	1646905807589	OK	 
GROUP	1	adoption_560_Birth_Mother_Address_POST	1646905807029	1646905807865	831	OK
REQUEST	1	adoption_570_Birth_Father_Details	Adoption Father's Details	1646905808860	1646905808911	OK	 
GROUP	1	adoption_570_Birth_Father_Details	1646905808859	1646905808983	120	OK
REQUEST	1	adoption_580_Birth_Father_Details_POST	Adoption Father's Details On Certificate	1646905809989	1646905810444	OK	 
REQUEST	1	adoption_580_Birth_Father_Details_POST	Adoption Father's Details On Certificate Redirect 1	1646905810445	1646905810665	OK	 
GROUP	1	adoption_580_Birth_Father_Details_POST	1646905809988	1646905810906	913	OK
REQUEST	1	adoption_590_Birth_Father_Name	Adoption Father's Name	1646905811899	1646905812244	OK	 
REQUEST	1	adoption_590_Birth_Father_Name	Adoption Father's Name Redirect 1	1646905812245	1646905812385	OK	 
GROUP	1	adoption_590_Birth_Father_Name	1646905811899	1646905812535	633	OK
REQUEST	1	adoption_600_Birth_Father_Alive	Adoption Father Still alive?	1646905813538	1646905814100	OK	 
REQUEST	1	adoption_600_Birth_Father_Alive	Adoption Father Still alive? Redirect 1	1646905814101	1646905814175	OK	 
GROUP	1	adoption_600_Birth_Father_Alive	1646905813537	1646905814250	709	OK
REQUEST	1	adoption_610_Birth_Father_Nationality_Add	Adoption Father add Nationality	1646905815260	1646905815737	OK	 
REQUEST	1	adoption_610_Birth_Father_Nationality_Add	Adoption Father add Nationality Redirect 1	1646905815739	1646905815788	OK	 
GROUP	1	adoption_610_Birth_Father_Nationality_Add	1646905815260	1646905815862	597	OK
REQUEST	1	adoption_620_Birth_Father_Nationality_POST	Adoption Father's Nationality	1646905816860	1646905817273	OK	 
REQUEST	1	adoption_620_Birth_Father_Nationality_POST	Adoption Father's Nationality Redirect 1	1646905817274	1646905817369	OK	 
GROUP	1	adoption_620_Birth_Father_Nationality_POST	1646905816859	1646905817417	553	OK
REQUEST	1	adoption_630_Birth_Father_Occupation	Adoption Father's Occupation	1646905818408	1646905818607	OK	 
REQUEST	1	adoption_630_Birth_Father_Occupation	Adoption Father's Occupation Redirect 1	1646905818609	1646905818671	OK	 
GROUP	1	adoption_630_Birth_Father_Occupation	1646905818408	1646905818746	333	OK
REQUEST	1	adoption_640_Birth_Father_Occupation_Address_Known	Adoption Father's Address Known?	1646905819750	1646905820057	OK	 
REQUEST	1	adoption_640_Birth_Father_Occupation_Address_Known	Adoption Father's Address Known? Redirect 1	1646905820058	1646905820109	OK	 
GROUP	1	adoption_640_Birth_Father_Occupation_Address_Known	1646905819749	1646905820213	459	OK
REQUEST	1	adoption_640_Birth_Father_Occupation_Address_Manual	Adoption Father's Address Manual	1646905821218	1646905821278	OK	 
GROUP	1	adoption_640_Birth_Father_Occupation_Address_Manual	1646905821217	1646905821413	192	OK
REQUEST	1	adoption_640_Birth_Father_Occupation_Address_POST	Adoption Father's Address	1646905822410	1646905822802	OK	 
REQUEST	1	adoption_640_Birth_Father_Occupation_Address_POST	Adoption Father's Address Redirect 1	1646905822804	1646905822890	OK	 
GROUP	1	adoption_640_Birth_Father_Occupation_Address_POST	1646905822409	1646905822964	549	OK
REQUEST	1	adoption_650_Other_Parent_Exists	Adoption Other Parent	1646905823970	1646905824099	OK	 
GROUP	1	adoption_650_Other_Parent_Exists	1646905823969	1646905824332	360	OK
REQUEST	1	adoption_660_Other_Parent_Exists_POST	Adoption Other Parent Exists	1646905825329	1646905825782	OK	 
REQUEST	1	adoption_660_Other_Parent_Exists_POST	Adoption Other Parent Exists Redirect 1	1646905825783	1646905825901	OK	 
GROUP	1	adoption_660_Other_Parent_Exists_POST	1646905825329	1646905826127	794	OK
REQUEST	1	adoption_670_Other_Parent_Name	Adoption Other Parent Name	1646905827129	1646905827410	OK	 
REQUEST	1	adoption_670_Other_Parent_Name	Adoption Other Parent Name Redirect 1	1646905827412	1646905827475	OK	 
GROUP	1	adoption_670_Other_Parent_Name	1646905827129	1646905827596	463	OK
REQUEST	1	adoption_680_Other_Parent_Address_Known?	Adoption Other Parent Address known?	1646905828588	1646905828826	OK	 
REQUEST	1	adoption_680_Other_Parent_Address_Known?	Adoption Other Parent Address known? Redirect 1	1646905828828	1646905828864	OK	 
GROUP	1	adoption_680_Other_Parent_Address_Known?	1646905828587	1646905829047	454	OK
REQUEST	1	adoption_690_Other_Parent_Address_Manual	Adoption Other Parent Address Manual	1646905830050	1646905830089	OK	 
GROUP	1	adoption_690_Other_Parent_Address_Manual	1646905830050	1646905830772	719	OK
REQUEST	1	adoption_700_Other_Parent_Address_POST	Adoption Other Parent Address Manual	1646905831779	1646905832120	OK	 
REQUEST	1	adoption_700_Other_Parent_Address_POST	Adoption Other Parent Address Manual Redirect 1	1646905832121	1646905832962	OK	 
GROUP	1	adoption_700_Other_Parent_Address_POST	1646905831779	1646905833927	2143	OK
REQUEST	1	adoption_710_Agency	Adoption Agency	1646905834930	1646905837250	OK	 
REQUEST	1	adoption_710_Agency	Adoption Agency Redirect 1	1646905837252	1646905837526	OK	 
GROUP	1	adoption_710_Agency	1646905834929	1646905837619	2684	OK
REQUEST	1	adoption_720_Agency_Details	Adoption Agency Details	1646905838620	1646905838903	OK	 
REQUEST	1	adoption_720_Agency_Details	Adoption Agency Details Redirect 1	1646905838905	1646905839796	OK	 
GROUP	1	adoption_720_Agency_Details	1646905838619	1646905840332	1707	OK
REQUEST	1	adoption_730_Other_Agency	Adoption Other Agency?	1646905841330	1646905842360	OK	 
REQUEST	1	adoption_730_Other_Agency	Adoption Other Agency? Redirect 1	1646905842362	1646905842604	OK	 
REQUEST	1	adoption_730_Other_Agency	Adoption Other Agency? Redirect 2	1646905842606	1646905842974	OK	 
GROUP	1	adoption_730_Other_Agency	1646905841329	1646905843077	1740	OK
REQUEST	1	adoption_740_Other_Agency_Details	Adoption Other Agency Details	1646905844088	1646905845432	OK	 
REQUEST	1	adoption_740_Other_Agency_Details	Adoption Other Agency Details Redirect 1	1646905845434	1646905845480	OK	 
GROUP	1	adoption_740_Other_Agency_Details	1646905844088	1646905846118	2025	OK
REQUEST	1	adoption_750_Social_Worker_Details	Adoption Social Worker Details	1646905847111	1646905847584	OK	 
REQUEST	1	adoption_750_Social_Worker_Details	Adoption Social Worker Details Redirect 1	1646905847585	1646905853621	OK	 
GROUP	1	adoption_750_Social_Worker_Details	1646905847110	1646905854332	7216	OK
REQUEST	1	adoption_760_Sibling_Details	Adoption Sibling Details	1646905855327	1646905857004	OK	 
GROUP	1	adoption_760_Sibling_Details	1646905855327	1646905857540	2210	OK
REQUEST	1	adoption_770_Sibling_Other?	Adoption Any Sibling?	1646905858550	1646905859052	OK	 
REQUEST	1	adoption_770_Sibling_Other?	Adoption Any Sibling? Redirect 1	1646905859053	1646905859100	OK	 
GROUP	1	adoption_770_Sibling_Other?	1646905858550	1646905859181	626	OK
REQUEST	1	adoption_780_Sibling_Court_Order_Exists?	Adoption Court Order Exists?	1646905860180	1646905860362	OK	 
REQUEST	1	adoption_780_Sibling_Court_Order_Exists?	Adoption Court Order Exists? Redirect 1	1646905860363	1646905860880	OK	 
GROUP	1	adoption_780_Sibling_Court_Order_Exists?	1646905860179	1646905861029	845	OK
REQUEST	1	adoption_790_Sibling_Name?	Adoption Sibling Name	1646905862030	1646905862605	OK	 
REQUEST	1	adoption_790_Sibling_Name?	Adoption Sibling Name Redirect 1	1646905862607	1646905862965	OK	 
REQUEST	1	adoption_790_Sibling_Name?	Adoption Sibling Name Redirect 2	1646905862966	1646905865791	OK	 
GROUP	1	adoption_790_Sibling_Name?	1646905862029	1646905867144	5108	OK
REQUEST	1	adoption_800_Sibling_Order_Type	Adoption Order Type?	1646905868138	1646905868818	OK	 
REQUEST	1	adoption_800_Sibling_Order_Type	Adoption Order Type? Redirect 1	1646905868819	1646905869026	OK	 
GROUP	1	adoption_800_Sibling_Order_Type	1646905868137	1646905869838	1696	OK
REQUEST	1	adoption_810_Sibling_Order_Number	Adoption Order Number	1646905870851	1646905871027	OK	 
REQUEST	1	adoption_810_Sibling_Order_Number	Adoption Order Number Redirect 1	1646905871028	1646905873285	OK	 
GROUP	1	adoption_810_Sibling_Order_Number	1646905870850	1646905873560	2704	OK
REQUEST	1	adoption_820_Sibling_New_Order?	Adoption Add New Order?	1646905874560	1646905877893	OK	 
REQUEST	1	adoption_820_Sibling_New_Order?	Adoption Add New Order? Redirect 1	1646905877894	1646905877947	OK	 
GROUP	1	adoption_820_Sibling_New_Order?	1646905874560	1646905882155	7583	OK
REQUEST	1	adoption_830_Sibling_Select	Adoption Select Sibling	1646905883150	1646905883465	OK	 
REQUEST	1	adoption_830_Sibling_Select	Adoption Select Sibling Redirect 1	1646905883467	1646905884444	OK	 
REQUEST	1	adoption_830_Sibling_Select	Adoption Select Sibling Redirect 2	1646905884445	1646905887484	OK	 
GROUP	1	adoption_830_Sibling_Select	1646905883150	1646905887791	4636	OK
REQUEST	1	adoption_840_Sibling_Select	Adoption Order Type	1646905888787	1646905889337	OK	 
REQUEST	1	adoption_840_Sibling_Select	Adoption Order Type Redirect 1	1646905889339	1646905889673	OK	 
GROUP	1	adoption_840_Sibling_Select	1646905888787	1646905889815	1024	OK
REQUEST	1	adoption_850_Sibling_Select	Adoption Order Number	1646905890819	1646905891250	OK	 
REQUEST	1	adoption_850_Sibling_Select	Adoption Order Number Redirect 1	1646905891251	1646905893149	OK	 
GROUP	1	adoption_850_Sibling_Select	1646905890819	1646905894346	3522	OK
REQUEST	1	adoption_855_Sibling_Select	Adoption Order Number	1646905895338	1646905896319	OK	 
REQUEST	1	adoption_855_Sibling_Select	Adoption Order Number Redirect 1	1646905896320	1646905896366	OK	 
GROUP	1	adoption_855_Sibling_Select	1646905895337	1646905897152	1811	OK
REQUEST	1	adoption_860_Sibling_Select	Adoption Order Number	1646905897152	1646905897554	OK	 
REQUEST	1	adoption_860_Sibling_Select	Adoption Order Number Redirect 1	1646905897555	1646905900893	OK	 
GROUP	1	adoption_860_Sibling_Select	1646905897152	1646905901024	3869	OK
REQUEST	1	adoption_861_Family_Court	Adoption Family Court Redirect	1646905902029	1646905902155	OK	 
GROUP	1	adoption_861_Family_Court	1646905902029	1646905902232	200	OK
REQUEST	1	adoption_862_Family_Court_POST	Adoption Family Court Redirect	1646905902232	1646905902592	OK	 
REQUEST	1	adoption_862_Family_Court_POST	Adoption Family Court Redirect Redirect 1	1646905902593	1646905902638	OK	 
GROUP	1	adoption_862_Family_Court_POST	1646905902232	1646905902709	473	OK
REQUEST	1	adoption_870_Upload_Document	Adoption Birth Certificate Details	1646905902709	1646905902763	OK	 
GROUP	1	adoption_870_Upload_Document	1646905902709	1646905902845	133	OK
REQUEST	1	adoption_885_Upload_Document_POST	Adoption Certificate Upload POST	1646905903850	1646905904248	OK	 
REQUEST	1	adoption_885_Upload_Document_POST	Adoption Certificate Upload POST Redirect 1	1646905904249	1646905904780	OK	 
GROUP	1	adoption_885_Upload_Document_POST	1646905903849	1646905905006	1153	OK
REQUEST	1	adoption_890_Equality	Adoption Review Equality	1646905905999	1646905907021	OK	 
REQUEST	1	adoption_890_Equality	Adoption Review Equality Redirect 1	1646905907022	1646905907999	OK	 
REQUEST	1	adoption_890_Equality	Adoption Review Equality Redirect 2	1646905908000	1646905908077	OK	 
GROUP	1	adoption_890_Equality	1646905905998	1646905914126	8122	OK
REQUEST	1	adoption_900_Equality	Adoption Review Equality	1646905915129	1646905915224	KO	substring(Application details).find.exists, found nothing
GROUP	1	adoption_900_Equality	1646905915129	1646905915232	95	KO
USER	LAU Simulation	1	END	1646905712123	1646905915238
