RUN	simulations.mainSimulation	mainsimulation	1646751389825	 	3.3.1
USER	LAU Simulation	1	START	1646751390356	1646751390356
REQUEST	1	adoption_010_Homepage	Adoption Homepage	1646751390380	1646751390438	OK	 
REQUEST	1	adoption_010_Homepage	Adoption Homepage Redirect 1	1646751390461	1646751390490	OK	 
REQUEST	1	adoption_010_Homepage	Adoption Homepage Redirect 2	1646751390492	1646751390558	OK	 
GROUP	1	adoption_010_Homepage	1646751390364	1646751390794	309	OK
REQUEST	1	Adoption_020_Login	Adoption Login	1646751392819	1646751393006	OK	 
REQUEST	1	Adoption_020_Login	Adoption Login Redirect 1	1646751393011	1646751393360	OK	 
REQUEST	1	Adoption_020_Login	Adoption Login Redirect 2	1646751393362	1646751393560	OK	 
REQUEST	1	Adoption_020_Login	Adoption Login Redirect 3	1646751393562	1646751393600	OK	 
GROUP	1	Adoption_020_Login	1646751392813	1646751393737	898	OK
REQUEST	1	Adoption_030_Apply_With	Adoption Applying With	1646751395745	1646751395792	OK	 
GROUP	1	Adoption_030_Apply_With	1646751395744	1646751395843	89	OK
REQUEST	1	Adoption_040_Adoption_Applying_Post	Adoption Applying Post	1646751397844	1646751398481	OK	 
REQUEST	1	Adoption_040_Adoption_Applying_Post	Adoption Applying Post Redirect 1	1646751398483	1646751398520	OK	 
GROUP	1	Adoption_040_Adoption_Applying_Post	1646751397843	1646751398564	712	OK
REQUEST	1	Adoption_050_Adoption_Applying_With_Redirect	Adoption Applying With Redirect	1646751400566	1646751400611	OK	 
GROUP	1	Adoption_050_Adoption_Applying_With_Redirect	1646751400565	1646751400656	85	OK
REQUEST	1	adoption_290_Birth_Certificate	Adoption Birth Certificate Details	1646751402656	1646751402702	OK	 
GROUP	1	adoption_290_Birth_Certificate	1646751402655	1646751402748	86	OK
REQUEST	1	adoption_300_Birth_Certificate_Name	Adoption Birth Certificate Name	1646751404746	1646751405239	OK	 
REQUEST	1	adoption_300_Birth_Certificate_Name	Adoption Birth Certificate Name Redirect 1	1646751405241	1646751405279	OK	 
GROUP	1	adoption_300_Birth_Certificate_Name	1646751404745	1646751405325	572	OK
REQUEST	1	adoption_320_Birth_Certificate_DoB	Adoption Birth Certificate DoB	1646751407324	1646751407375	OK	 
REQUEST	1	adoption_320_Birth_Certificate_DoB	Adoption Birth Certificate DoB Redirect 1	1646751407377	1646751407427	KO	substring(Male).find.exists, found nothing
GROUP	1	adoption_320_Birth_Certificate_DoB	1646751407323	1646751407432	101	KO
USER	LAU Simulation	1	END	1646751390356	1646751407438
