RUN	simulations.mainSimulation	mainsimulation	1646218534051	 	3.3.1
USER	LAU Simulation	1	START	1646218534561	1646218534561
REQUEST	1	adoption_010_Homepage	Adoption Homepage	1646218534579	1646218534646	OK	 
REQUEST	1	adoption_010_Homepage	Adoption Homepage Redirect 1	1646218534658	1646218534685	OK	 
REQUEST	1	adoption_010_Homepage	Adoption Homepage Redirect 2	1646218534685	1646218534794	OK	 
GROUP	1	adoption_010_Homepage	1646218534565	1646218534981	307	OK
REQUEST	1	Adoption_020_Login	Adoption Login	1646218540004	1646218540268	OK	 
REQUEST	1	Adoption_020_Login	Adoption Login Redirect 1	1646218540270	1646218540677	OK	 
REQUEST	1	Adoption_020_Login	Adoption Login Redirect 2	1646218540678	1646218541190	OK	 
REQUEST	1	Adoption_020_Login	Adoption Login Redirect 3	1646218541190	1646218541239	OK	 
GROUP	1	Adoption_020_Login	1646218539998	1646218541337	1322	OK
REQUEST	1	Adoption_030_Apply_With	Adoption Applying With Redirect	1646218546348	1646218546376	OK	 
REQUEST	1	Adoption_030_Apply_With	Adoption Applying With Redirect Redirect 1	1646218546378	1646218546409	KO	status.find.in(200,201,202,203,204,205,206,207,208,209,304), found 400
GROUP	1	Adoption_030_Apply_With	1646218546347	1646218546426	59	KO
USER	LAU Simulation	1	END	1646218534561	1646218546433
USER	LAU Simulation	2	START	1646218594578	1646218594578
REQUEST	2	adoption_010_Homepage	Adoption Homepage	1646218594579	1646218594644	OK	 
REQUEST	2	adoption_010_Homepage	Adoption Homepage Redirect 1	1646218594645	1646218594684	OK	 
REQUEST	2	adoption_010_Homepage	Adoption Homepage Redirect 2	1646218594685	1646218594765	OK	 
GROUP	2	adoption_010_Homepage	1646218594579	1646218594873	283	OK
REQUEST	2	Adoption_020_Login	Adoption Login	1646218599888	1646218600170	OK	 
REQUEST	2	Adoption_020_Login	Adoption Login Redirect 1	1646218600171	1646218600546	OK	 
REQUEST	2	Adoption_020_Login	Adoption Login Redirect 2	1646218600547	1646218600990	OK	 
REQUEST	2	Adoption_020_Login	Adoption Login Redirect 3	1646218600991	1646218601037	OK	 
GROUP	2	Adoption_020_Login	1646218599887	1646218601122	1230	OK
REQUEST	2	Adoption_030_Apply_With	Adoption Applying With Redirect	1646218606126	1646218606156	OK	 
REQUEST	2	Adoption_030_Apply_With	Adoption Applying With Redirect Redirect 1	1646218606157	1646218606199	KO	status.find.in(200,201,202,203,204,205,206,207,208,209,304), found 400
GROUP	2	Adoption_030_Apply_With	1646218606126	1646218606204	72	KO
USER	LAU Simulation	2	END	1646218594578	1646218606208
USER	LAU Simulation	3	START	1646218654575	1646218654575
REQUEST	3	adoption_010_Homepage	Adoption Homepage	1646218654576	1646218654647	OK	 
REQUEST	3	adoption_010_Homepage	Adoption Homepage Redirect 1	1646218654648	1646218654673	OK	 
REQUEST	3	adoption_010_Homepage	Adoption Homepage Redirect 2	1646218654673	1646218654767	OK	 
GROUP	3	adoption_010_Homepage	1646218654575	1646218654878	292	OK
REQUEST	3	Adoption_020_Login	Adoption Login	1646218659899	1646218660176	OK	 
REQUEST	3	Adoption_020_Login	Adoption Login Redirect 1	1646218660177	1646218660585	OK	 
REQUEST	3	Adoption_020_Login	Adoption Login Redirect 2	1646218660586	1646218660996	OK	 
REQUEST	3	Adoption_020_Login	Adoption Login Redirect 3	1646218660997	1646218661036	OK	 
GROUP	3	Adoption_020_Login	1646218659898	1646218661122	1216	OK
REQUEST	3	Adoption_030_Apply_With	Adoption Applying With Redirect	1646218666118	1646218666173	OK	 
REQUEST	3	Adoption_030_Apply_With	Adoption Applying With Redirect Redirect 1	1646218666174	1646218666209	KO	status.find.in(200,201,202,203,204,205,206,207,208,209,304), found 400
GROUP	3	Adoption_030_Apply_With	1646218666117	1646218666213	90	KO
USER	LAU Simulation	3	END	1646218654575	1646218666216
USER	LAU Simulation	4	START	1646218714576	1646218714576
REQUEST	4	adoption_010_Homepage	Adoption Homepage	1646218714577	1646218714680	OK	 
REQUEST	4	adoption_010_Homepage	Adoption Homepage Redirect 1	1646218714681	1646218714709	OK	 
REQUEST	4	adoption_010_Homepage	Adoption Homepage Redirect 2	1646218714710	1646218714775	OK	 
GROUP	4	adoption_010_Homepage	1646218714577	1646218714876	290	OK
REQUEST	4	Adoption_020_Login	Adoption Login	1646218719898	1646218720284	OK	 
REQUEST	4	Adoption_020_Login	Adoption Login Redirect 1	1646218720285	1646218720693	OK	 
REQUEST	4	Adoption_020_Login	Adoption Login Redirect 2	1646218720694	1646218721205	OK	 
REQUEST	4	Adoption_020_Login	Adoption Login Redirect 3	1646218721206	1646218721258	OK	 
GROUP	4	Adoption_020_Login	1646218719897	1646218721345	1443	OK
REQUEST	4	Adoption_030_Apply_With	Adoption Applying With Redirect	1646218726338	1646218726378	OK	 
REQUEST	4	Adoption_030_Apply_With	Adoption Applying With Redirect Redirect 1	1646218726379	1646218726412	KO	status.find.in(200,201,202,203,204,205,206,207,208,209,304), found 400
GROUP	4	Adoption_030_Apply_With	1646218726337	1646218726416	73	KO
USER	LAU Simulation	4	END	1646218714576	1646218726418
USER	LAU Simulation	5	START	1646218774576	1646218774576
REQUEST	5	adoption_010_Homepage	Adoption Homepage	1646218774577	1646218774657	OK	 
REQUEST	5	adoption_010_Homepage	Adoption Homepage Redirect 1	1646218774658	1646218774685	OK	 
REQUEST	5	adoption_010_Homepage	Adoption Homepage Redirect 2	1646218774686	1646218774748	OK	 
GROUP	5	adoption_010_Homepage	1646218774577	1646218774845	259	OK
REQUEST	5	Adoption_020_Login	Adoption Login	1646218779858	1646218780062	OK	 
REQUEST	5	Adoption_020_Login	Adoption Login Redirect 1	1646218780063	1646218780494	OK	 
REQUEST	5	Adoption_020_Login	Adoption Login Redirect 2	1646218780495	1646218781108	OK	 
REQUEST	5	Adoption_020_Login	Adoption Login Redirect 3	1646218781109	1646218781146	OK	 
GROUP	5	Adoption_020_Login	1646218779858	1646218781231	1368	OK
REQUEST	5	Adoption_030_Apply_With	Adoption Applying With Redirect	1646218786239	1646218786285	OK	 
REQUEST	5	Adoption_030_Apply_With	Adoption Applying With Redirect Redirect 1	1646218786286	1646218786348	KO	status.find.in(200,201,202,203,204,205,206,207,208,209,304), found 400
GROUP	5	Adoption_030_Apply_With	1646218786238	1646218786351	108	KO
USER	LAU Simulation	5	END	1646218774576	1646218786353
