RUN	simulations.mainSimulation	mainsimulation	1646756637060	 	3.3.1
USER	LAU Simulation	1	START	1646756637618	1646756637618
REQUEST	1	adoption_010_Homepage	Adoption Homepage	1646756637639	1646756637714	OK	 
REQUEST	1	adoption_010_Homepage	Adoption Homepage Redirect 1	1646756637738	1646756637768	OK	 
REQUEST	1	adoption_010_Homepage	Adoption Homepage Redirect 2	1646756637769	1646756641644	OK	 
GROUP	1	adoption_010_Homepage	1646756637624	1646756642400	4644	OK
REQUEST	1	Adoption_020_Login	Adoption Login	1646756644428	1646756644677	OK	 
REQUEST	1	Adoption_020_Login	Adoption Login Redirect 1	1646756644682	1646756644848	OK	 
REQUEST	1	Adoption_020_Login	Adoption Login Redirect 2	1646756644850	1646756645231	OK	 
REQUEST	1	Adoption_020_Login	Adoption Login Redirect 3	1646756645233	1646756645273	OK	 
GROUP	1	Adoption_020_Login	1646756644423	1646756653794	9345	OK
REQUEST	1	Adoption_030_Apply_With	Adoption Applying With	1646756655794	1646756655839	OK	 
GROUP	1	Adoption_030_Apply_With	1646756655793	1646756656448	644	OK
REQUEST	1	Adoption_040_Adoption_Applying_Post	Adoption Applying Post	1646756658445	1646756659058	OK	 
REQUEST	1	Adoption_040_Adoption_Applying_Post	Adoption Applying Post Redirect 1	1646756659061	1646756659100	OK	 
GROUP	1	Adoption_040_Adoption_Applying_Post	1646756658443	1646756663266	4813	OK
REQUEST	1	Adoption_050_Adoption_Applying_With_Redirect	Adoption Applying With Redirect	1646756665274	1646756665310	OK	 
GROUP	1	Adoption_050_Adoption_Applying_With_Redirect	1646756665273	1646756665413	134	OK
REQUEST	1	adoption_480_Birth_Mother	Adoption Mother's Details	1646756667414	1646756667557	OK	 
GROUP	1	adoption_480_Birth_Mother	1646756667412	1646756667732	313	OK
REQUEST	1	adoption_490_Birth_Mother_Name	Adoption Mother's Name	1646756669732	1646756670015	OK	 
REQUEST	1	adoption_490_Birth_Mother_Name	Adoption Mother's Name Redirect 1	1646756670017	1646756670064	OK	 
GROUP	1	adoption_490_Birth_Mother_Name	1646756669731	1646756670217	479	OK
REQUEST	1	adoption_495_Birth_Mother	Adoption Mother's Details	1646756672212	1646756672258	OK	 
GROUP	1	adoption_495_Birth_Mother	1646756672211	1646756672579	361	OK
REQUEST	1	adoption_500_Birth_Mother_Alive	Adoption Mother Still Alive?	1646756674584	1646756675055	OK	 
REQUEST	1	adoption_500_Birth_Mother_Alive	Adoption Mother Still Alive? Redirect 1	1646756675057	1646756675107	OK	 
GROUP	1	adoption_500_Birth_Mother_Alive	1646756674583	1646756675172	572	OK
REQUEST	1	adoption_510_Birth_Mother_Nationality_Add	Adoption Mother's Nationality Add	1646756677183	1646756677476	OK	 
REQUEST	1	adoption_510_Birth_Mother_Nationality_Add	Adoption Mother's Nationality Add Redirect 1	1646756677477	1646756677837	OK	 
GROUP	1	adoption_510_Birth_Mother_Nationality_Add	1646756677182	1646756678063	875	OK
REQUEST	1	adoption_520_Birth_Mother_Nationality_POSt	Adoption Mother's Nationality	1646756680063	1646756680456	OK	 
REQUEST	1	adoption_520_Birth_Mother_Nationality_POSt	Adoption Mother's Nationality Redirect 1	1646756680458	1646756680489	OK	 
GROUP	1	adoption_520_Birth_Mother_Nationality_POSt	1646756680062	1646756680555	487	OK
REQUEST	1	adoption_530_Birth_Mother_Occupation	Adoption Mother's Occupation	1646756682553	1646756682999	OK	 
REQUEST	1	adoption_530_Birth_Mother_Occupation	Adoption Mother's Occupation Redirect 1	1646756683001	1646756683147	OK	 
GROUP	1	adoption_530_Birth_Mother_Occupation	1646756682552	1646756683287	728	OK
REQUEST	1	adoption_535_Birth_Mother_Occupation_Redirect	Adoption Mother's Details Redirect	1646756685283	1646756685320	OK	 
GROUP	1	adoption_535_Birth_Mother_Occupation_Redirect	1646756685283	1646756685731	444	OK
REQUEST	1	adoption_540_Birth_Mother_Occupation	Adoption Mother's Address Known	1646756687731	1646756687947	OK	 
REQUEST	1	adoption_540_Birth_Mother_Occupation	Adoption Mother's Address Known Redirect 1	1646756687948	1646756687989	OK	 
GROUP	1	adoption_540_Birth_Mother_Occupation	1646756687731	1646756688178	443	OK
REQUEST	1	adoption_550_Birth_Mother_Address_Manual	Adoption Mother's Address Manual	1646756690172	1646756690223	OK	 
GROUP	1	adoption_550_Birth_Mother_Address_Manual	1646756690172	1646756690732	557	OK
REQUEST	1	adoption_560_Birth_Mother_Address_POST	Adoption Mother's Address	1646756692743	1646756693259	OK	 
REQUEST	1	adoption_560_Birth_Mother_Address_POST	Adoption Mother's Address Redirect 1	1646756693260	1646756693294	OK	 
GROUP	1	adoption_560_Birth_Mother_Address_POST	1646756692742	1646756694591	1844	OK
USER	LAU Simulation	1	END	1646756637618	1646756696586
