RUN	simulations.mainSimulation	mainsimulation	1646750141742	 	3.3.1
USER	LAU Simulation	1	START	1646750142230	1646750142230
REQUEST	1	adoption_010_Homepage	Adoption Homepage	1646750142252	1646750142330	OK	 
REQUEST	1	adoption_010_Homepage	Adoption Homepage Redirect 1	1646750142356	1646750142387	OK	 
REQUEST	1	adoption_010_Homepage	Adoption Homepage Redirect 2	1646750142389	1646750142448	OK	 
GROUP	1	adoption_010_Homepage	1646750142237	1646750142688	324	OK
REQUEST	1	Adoption_020_Login	Adoption Login	1646750144712	1646750144894	OK	 
REQUEST	1	Adoption_020_Login	Adoption Login Redirect 1	1646750144899	1646750145217	OK	 
REQUEST	1	Adoption_020_Login	Adoption Login Redirect 2	1646750145219	1646750145640	OK	 
REQUEST	1	Adoption_020_Login	Adoption Login Redirect 3	1646750145642	1646750145686	OK	 
GROUP	1	Adoption_020_Login	1646750144707	1646750145784	1053	OK
REQUEST	1	Adoption_030_Apply_With	Adoption Applying With	1646750147797	1646750147846	OK	 
GROUP	1	Adoption_030_Apply_With	1646750147796	1646750147892	87	OK
REQUEST	1	Adoption_040_Adoption_Applying_Post	Adoption Applying Post	1646750149888	1646750150349	OK	 
REQUEST	1	Adoption_040_Adoption_Applying_Post	Adoption Applying Post Redirect 1	1646750150352	1646750150390	OK	 
GROUP	1	Adoption_040_Adoption_Applying_Post	1646750149886	1646750150437	540	OK
REQUEST	1	Adoption_050_Adoption_Applying_With_Redirect	Adoption Applying With Redirect	1646750152437	1646750152484	OK	 
GROUP	1	Adoption_050_Adoption_Applying_With_Redirect	1646750152436	1646750152536	94	OK
REQUEST	1	Adoption_140_Your_Contact_Details	Adoption Your Contact Details LookUp	1646750154547	1646750154591	OK	 
GROUP	1	Adoption_140_Your_Contact_Details	1646750154547	1646750154642	91	OK
REQUEST	1	Adoption_150_Your_Contact_Details_Manual	Adoption Your Contact Details Manual	1646750156634	1646750156680	KO	substring(What's your address?).find.exists, found nothing
GROUP	1	Adoption_150_Your_Contact_Details_Manual	1646750156634	1646750156686	46	KO
USER	LAU Simulation	1	END	1646750142230	1646750156696
