RUN	simulations.mainSimulation	mainsimulation	1646923559707	 	3.3.1
USER	LAU Simulation	1	START	1646923560442	1646923560442
REQUEST	1	adoption_010_Homepage	Adoption Homepage	1646923560478	1646923560606	OK	 
REQUEST	1	adoption_010_Homepage	Adoption Homepage Redirect 1	1646923560638	1646923560666	OK	 
REQUEST	1	adoption_010_Homepage	Adoption Homepage Redirect 2	1646923560668	1646923560918	OK	 
GROUP	1	adoption_010_Homepage	1646923560453	1646923562290	1666	OK
REQUEST	1	Adoption_020_Login	Adoption Login	1646923563315	1646923563531	OK	 
REQUEST	1	Adoption_020_Login	Adoption Login Redirect 1	1646923563536	1646923564076	OK	 
REQUEST	1	Adoption_020_Login	Adoption Login Redirect 2	1646923564078	1646923564327	OK	 
REQUEST	1	Adoption_020_Login	Adoption Login Redirect 3	1646923564329	1646923564426	OK	 
GROUP	1	Adoption_020_Login	1646923563311	1646923568808	5462	OK
REQUEST	1	Adoption_030_Apply_With	Adoption Applying With	1646923569814	1646923569856	OK	 
GROUP	1	Adoption_030_Apply_With	1646923569814	1646923569906	83	OK
REQUEST	1	Adoption_040_Adoption_Applying_Post	Adoption Applying Post	1646923570903	1646923571365	OK	 
REQUEST	1	Adoption_040_Adoption_Applying_Post	Adoption Applying Post Redirect 1	1646923571367	1646923571440	OK	 
GROUP	1	Adoption_040_Adoption_Applying_Post	1646923570902	1646923572078	1171	OK
REQUEST	1	Adoption_050_Adoption_Applying_With_Redirect	Adoption Applying With Redirect	1646923573082	1646923573139	OK	 
GROUP	1	Adoption_050_Adoption_Applying_With_Redirect	1646923573081	1646923573853	770	OK
REQUEST	1	adoption_870_Upload_Document	Adoption Birth Certificate Details	1646923574852	1646923574896	OK	 
GROUP	1	adoption_870_Upload_Document	1646923574852	1646923575020	164	OK
REQUEST	1	adoption_880_Upload_Document	Adoption Certificate Upload	1646923576037	1646923578649	OK	 
GROUP	1	adoption_880_Upload_Document	1646923576012	1646923579652	2612	OK
REQUEST	1	adoption_885_Upload_Document_POST	Adoption Certificate Upload POST	1646923579652	1646923579723	KO	substring(Apply to adopt a child placed in your care).find.exists, found nothing
GROUP	1	adoption_885_Upload_Document_POST	1646923579652	1646923579729	71	KO
USER	LAU Simulation	1	END	1646923560442	1646923579735
