RUN	simulations.mainSimulation	mainsimulation	1646833882594	 	3.3.1
USER	LAU Simulation	1	START	1646833883184	1646833883184
REQUEST	1	adoption_010_Homepage	Adoption Homepage	1646833883208	1646833883291	OK	 
REQUEST	1	adoption_010_Homepage	Adoption Homepage Redirect 1	1646833883316	1646833883343	OK	 
REQUEST	1	adoption_010_Homepage	Adoption Homepage Redirect 2	1646833883344	1646833883421	OK	 
GROUP	1	adoption_010_Homepage	1646833883191	1646833883668	350	OK
REQUEST	1	Adoption_020_Login	Adoption Login	1646833885696	1646833885901	OK	 
REQUEST	1	Adoption_020_Login	Adoption Login Redirect 1	1646833885906	1646833886287	OK	 
REQUEST	1	Adoption_020_Login	Adoption Login Redirect 2	1646833886289	1646833886902	OK	 
REQUEST	1	Adoption_020_Login	Adoption Login Redirect 3	1646833886904	1646833886944	OK	 
GROUP	1	Adoption_020_Login	1646833885691	1646833887060	1343	OK
REQUEST	1	Adoption_030_Apply_With	Adoption Applying With	1646833889052	1646833889105	OK	 
GROUP	1	Adoption_030_Apply_With	1646833889051	1646833889154	92	OK
REQUEST	1	Adoption_040_Adoption_Applying_Post	Adoption Applying Post	1646833891162	1646833891715	OK	 
REQUEST	1	Adoption_040_Adoption_Applying_Post	Adoption Applying Post Redirect 1	1646833891717	1646833891772	OK	 
GROUP	1	Adoption_040_Adoption_Applying_Post	1646833891160	1646833891822	653	OK
REQUEST	1	Adoption_050_Adoption_Applying_With_Redirect	Adoption Applying With Redirect	1646833893832	1646833893878	OK	 
GROUP	1	Adoption_050_Adoption_Applying_With_Redirect	1646833893831	1646833893931	94	OK
REQUEST	1	adoption_290_Birth_Certificate	Adoption Birth Certificate Details	1646833895932	1646833895978	OK	 
GROUP	1	adoption_290_Birth_Certificate	1646833895931	1646833896035	99	OK
REQUEST	1	adoption_300_Birth_Certificate_Name	Adoption Birth Certificate Name	1646833898033	1646833898575	OK	 
REQUEST	1	adoption_300_Birth_Certificate_Name	Adoption Birth Certificate Name Redirect 1	1646833898577	1646833898647	OK	 
GROUP	1	adoption_300_Birth_Certificate_Name	1646833898032	1646833898705	665	OK
REQUEST	1	adoption_320_Birth_Certificate_DoB	Adoption Birth Certificate DoB	1646833900702	1646833900753	OK	 
REQUEST	1	adoption_320_Birth_Certificate_DoB	Adoption Birth Certificate DoB Redirect 1	1646833900754	1646833900799	OK	 
GROUP	1	adoption_320_Birth_Certificate_DoB	1646833900701	1646833900850	143	OK
REQUEST	1	adoption_325_Birth_Certificate_DoB_Redirect	Adoption Birth Certificate Details Redirect	1646833902863	1646833902906	OK	 
GROUP	1	adoption_325_Birth_Certificate_DoB_Redirect	1646833902862	1646833902960	92	OK
REQUEST	1	adoption_330_Birth_Certificate_Sex	Adoption Birth Certificate Sex	1646833902960	1646833903285	OK	 
REQUEST	1	adoption_330_Birth_Certificate_Sex	Adoption Birth Certificate Sex Redirect 1	1646833903287	1646833903338	OK	 
GROUP	1	adoption_330_Birth_Certificate_Sex	1646833902960	1646833903380	414	OK
REQUEST	1	adoption_335_Birth_Certificate_Sex_Redirect	Adoption Birth Certificate Sex Redirect	1646833905371	1646833905413	OK	 
GROUP	1	adoption_335_Birth_Certificate_Sex_Redirect	1646833905371	1646833905463	88	OK
REQUEST	1	adoption_340_Birth_Certificate_Nationality_Add	Adoption Birth Certificate Nationality Add	1646833905464	1646833905947	OK	 
REQUEST	1	adoption_340_Birth_Certificate_Nationality_Add	Adoption Birth Certificate Nationality Add Redirect 1	1646833905948	1646833906014	OK	 
GROUP	1	adoption_340_Birth_Certificate_Nationality_Add	1646833905463	1646833906058	589	OK
REQUEST	1	adoption_350_Birth_Certificate_Nationality_POST	Adoption Birth Certificate Nationality POST	1646833908051	1646833908302	OK	 
REQUEST	1	adoption_350_Birth_Certificate_Nationality_POST	Adoption Birth Certificate Nationality POST Redirect 1	1646833908304	1646833908337	OK	 
GROUP	1	adoption_350_Birth_Certificate_Nationality_POST	1646833908051	1646833908382	324	OK
USER	LAU Simulation	1	END	1646833883184	1646833910395
