RUN	simulations.mainSimulation	mainsimulation	1646822487719	 	3.3.1
USER	LAU Simulation	1	START	1646822488232	1646822488232
REQUEST	1	adoption_010_Homepage	Adoption Homepage	1646822488260	1646822488356	OK	 
REQUEST	1	adoption_010_Homepage	Adoption Homepage Redirect 1	1646822488378	1646822488421	OK	 
REQUEST	1	adoption_010_Homepage	Adoption Homepage Redirect 2	1646822488423	1646822488483	OK	 
GROUP	1	adoption_010_Homepage	1646822488240	1646822488711	334	OK
REQUEST	1	Adoption_020_Login	Adoption Login	1646822490737	1646822491044	OK	 
REQUEST	1	Adoption_020_Login	Adoption Login Redirect 1	1646822491049	1646822491452	OK	 
REQUEST	1	Adoption_020_Login	Adoption Login Redirect 2	1646822491454	1646822491933	OK	 
REQUEST	1	Adoption_020_Login	Adoption Login Redirect 3	1646822491935	1646822491971	OK	 
GROUP	1	Adoption_020_Login	1646822490732	1646822492079	1322	OK
REQUEST	1	Adoption_030_Apply_With	Adoption Applying With	1646822494070	1646822494132	OK	 
GROUP	1	Adoption_030_Apply_With	1646822494070	1646822494181	105	OK
REQUEST	1	Adoption_040_Adoption_Applying_Post	Adoption Applying Post	1646822496193	1646822496776	OK	 
REQUEST	1	Adoption_040_Adoption_Applying_Post	Adoption Applying Post Redirect 1	1646822496778	1646822496823	OK	 
GROUP	1	Adoption_040_Adoption_Applying_Post	1646822496191	1646822496888	691	OK
REQUEST	1	Adoption_050_Adoption_Applying_With_Redirect	Adoption Applying With Redirect	1646822498882	1646822498931	OK	 
GROUP	1	Adoption_050_Adoption_Applying_With_Redirect	1646822498881	1646822498985	101	OK
REQUEST	1	adoption_760_Sibling_Details	Adoption Sibling Details	1646822500991	1646822501027	OK	 
GROUP	1	adoption_760_Sibling_Details	1646822500990	1646822501182	187	OK
REQUEST	1	adoption_770_Sibling_Other?	Adoption Any Sibling?	1646822503192	1646822503842	OK	 
REQUEST	1	adoption_770_Sibling_Other?	Adoption Any Sibling? Redirect 1	1646822503844	1646822503890	KO	substring(Is there a court order in place for any of the child's siblings or half siblings?).find.exists, found nothing
GROUP	1	adoption_770_Sibling_Other?	1646822503191	1646822503894	696	KO
USER	LAU Simulation	1	END	1646822488232	1646822503901
