RUN	simulations.mainSimulation	mainsimulation	1646914984871	 	3.3.1
USER	LAU Simulation	1	START	1646914985641	1646914985641
REQUEST	1	adoption_010_Homepage	Adoption Homepage	1646914985662	1646914986418	OK	 
REQUEST	1	adoption_010_Homepage	Adoption Homepage Redirect 1	1646914986444	1646914986484	OK	 
REQUEST	1	adoption_010_Homepage	Adoption Homepage Redirect 2	1646914986486	1646914986561	OK	 
GROUP	1	adoption_010_Homepage	1646914985647	1646914986801	1031	OK
REQUEST	1	Adoption_020_Login	Adoption Login	1646914987824	1646914988064	OK	 
REQUEST	1	Adoption_020_Login	Adoption Login Redirect 1	1646914988068	1646914988761	OK	 
REQUEST	1	Adoption_020_Login	Adoption Login Redirect 2	1646914988763	1646914989790	OK	 
REQUEST	1	Adoption_020_Login	Adoption Login Redirect 3	1646914989792	1646914989901	OK	 
GROUP	1	Adoption_020_Login	1646914987819	1646914991360	3429	OK
REQUEST	1	Adoption_030_Apply_With	Adoption Applying With	1646914992371	1646914992418	OK	 
GROUP	1	Adoption_030_Apply_With	1646914992369	1646914993219	839	OK
REQUEST	1	Adoption_040_Adoption_Applying_Post	Adoption Applying Post	1646914994222	1646914994590	OK	 
REQUEST	1	Adoption_040_Adoption_Applying_Post	Adoption Applying Post Redirect 1	1646914994592	1646914994641	OK	 
GROUP	1	Adoption_040_Adoption_Applying_Post	1646914994221	1646914994950	717	OK
REQUEST	1	Adoption_050_Adoption_Applying_With_Redirect	Adoption Applying With Redirect	1646914995950	1646914995987	OK	 
GROUP	1	Adoption_050_Adoption_Applying_With_Redirect	1646914995949	1646914997309	1355	OK
REQUEST	1	Adoption_060_Date_Of_Move	Adoption Date Child Moved in 	1646914998310	1646914998465	OK	 
GROUP	1	Adoption_060_Date_Of_Move	1646914998310	1646914999134	819	OK
REQUEST	1	Adoption_070_Date_Of_Move_POST	Adoption Date Child Moved in Post	1646915000132	1646915000536	OK	 
REQUEST	1	Adoption_070_Date_Of_Move_POST	Adoption Date Child Moved in Post Redirect 1	1646915000538	1646915000583	OK	 
REQUEST	1	Adoption_070_Date_Of_Move_POST,Adoption_050_Adoption_Applying_With_Redirect	Adoption Applying With Redirect	1646915001073	1646915001109	OK	 
GROUP	1	Adoption_070_Date_Of_Move_POST,Adoption_050_Adoption_Applying_With_Redirect	1646915001073	1646915001811	734	OK
GROUP	1	Adoption_070_Date_Of_Move_POST	1646915000131	1646915002808	1669	OK
REQUEST	1	Adoption_080_Your_Details	Adoption Your Personal Details 	1646915003810	1646915003867	OK	 
GROUP	1	Adoption_080_Your_Details	1646915003809	1646915004641	826	OK
REQUEST	1	Adoption_090_Your_Details_POST	Adoption Your Personal Details Post	1646915005640	1646915005825	OK	 
REQUEST	1	Adoption_090_Your_Details_POST	Adoption Your Personal Details Post Redirect 1	1646915005826	1646915005876	OK	 
GROUP	1	Adoption_090_Your_Details_POST	1646915005639	1646915006297	652	OK
REQUEST	1	Adoption_100_Your_Details_Other_Name	Adoption Your Personal Details Other Name	1646915007301	1646915007602	OK	 
REQUEST	1	Adoption_100_Your_Details_Other_Name	Adoption Your Personal Details Other Name Redirect 1	1646915007604	1646915007706	OK	 
GROUP	1	Adoption_100_Your_Details_Other_Name	1646915007300	1646915007847	539	OK
REQUEST	1	Adoption_110_Your_Details_DoB	Adoption Your Personal Details DoB	1646915008842	1646915008905	OK	 
GROUP	1	Adoption_110_Your_Details_DoB	1646915008841	1646915010284	1439	OK
REQUEST	1	Adoption_120_Your_Details_DoB_POST	Adoption Your Personal Details DoB POST	1646915011291	1646915011787	OK	 
REQUEST	1	Adoption_120_Your_Details_DoB_POST	Adoption Your Personal Details DoB POST Redirect 1	1646915011788	1646915011965	OK	 
GROUP	1	Adoption_120_Your_Details_DoB_POST	1646915011290	1646915012165	869	OK
REQUEST	1	Adoption_130_Your_Details_Occupation	Adoption Your Personal Details Occupation	1646915013161	1646915013542	OK	 
REQUEST	1	Adoption_130_Your_Details_Occupation	Adoption Your Personal Details Occupation Redirect 1	1646915013543	1646915013589	OK	 
GROUP	1	Adoption_130_Your_Details_Occupation	1646915013160	1646915013811	645	OK
REQUEST	1	Adoption_140_Your_Contact_Details	Adoption Your Contact Details LookUp	1646915014820	1646915014870	OK	 
GROUP	1	Adoption_140_Your_Contact_Details	1646915014820	1646915015405	581	OK
REQUEST	1	Adoption_150_Your_Contact_Details_Manual	Adoption Your Contact Details Manual	1646915016402	1646915016453	OK	 
GROUP	1	Adoption_150_Your_Contact_Details_Manual	1646915016401	1646915016986	581	OK
REQUEST	1	Adoption_160_Your_Contact_Details_Manual_POST	Adoption Your Contact Details Manual POST	1646915017982	1646915018381	OK	 
REQUEST	1	Adoption_160_Your_Contact_Details_Manual_POST	Adoption Your Contact Details Manual POST Redirect 1	1646915018383	1646915018421	OK	 
GROUP	1	Adoption_160_Your_Contact_Details_Manual_POST	1646915017981	1646915018555	568	OK
REQUEST	1	Adoption_170_Your_Contact_Details_POST	Adoption Your Contact Details POST	1646915019559	1646915019992	OK	 
REQUEST	1	Adoption_170_Your_Contact_Details_POST	Adoption Your Contact Details POST Redirect 1	1646915019994	1646915020028	OK	 
GROUP	1	Adoption_170_Your_Contact_Details_POST	1646915019559	1646915020479	916	OK
REQUEST	1	Adoption_180_Second_Personal_Details	Adoption Second Personal Details	1646915021482	1646915021535	OK	 
GROUP	1	Adoption_180_Second_Personal_Details	1646915021481	1646915021768	282	OK
REQUEST	1	Adoption_190_Second_Personal_Details_POST	Adoption Second Personal Details POST	1646915022760	1646915023119	OK	 
REQUEST	1	Adoption_190_Second_Personal_Details_POST	Adoption Second Personal Details POST Redirect 1	1646915023121	1646915023227	OK	 
GROUP	1	Adoption_190_Second_Personal_Details_POST	1646915022759	1646915023342	577	OK
REQUEST	1	Adoption_200_Second_Other_Name	Adoption Second Other Name	1646915024351	1646915024520	OK	 
REQUEST	1	Adoption_200_Second_Other_Name	Adoption Second Other Name Redirect 1	1646915024522	1646915024577	OK	 
GROUP	1	Adoption_200_Second_Other_Name	1646915024351	1646915024655	299	OK
REQUEST	1	Adoption_210_Second_Other_Name_Redirect	Adoption Second Other Name Redirect	1646915025652	1646915026136	OK	 
REQUEST	1	Adoption_210_Second_Other_Name_Redirect	Adoption Second Other Name Redirect Redirect 1	1646915026137	1646915026559	OK	 
GROUP	1	Adoption_210_Second_Other_Name_Redirect	1646915025651	1646915027001	1344	OK
REQUEST	1	Adoption_220_Second_DoB	Adoption Second DoB	1646915028009	1646915028352	OK	 
REQUEST	1	Adoption_220_Second_DoB	Adoption Second DoB Redirect 1	1646915028354	1646915028533	OK	 
GROUP	1	Adoption_220_Second_DoB	1646915028009	1646915029495	1481	OK
REQUEST	1	Adoption_230_Second_Occupation	Adoption Second Occupation	1646915030489	1646915030669	OK	 
REQUEST	1	Adoption_230_Second_Occupation	Adoption Second Occupation Redirect 1	1646915030671	1646915030723	OK	 
GROUP	1	Adoption_230_Second_Occupation	1646915030489	1646915030957	463	OK
REQUEST	1	Adoption_240_Second_Contact_Details_Same_Address	Adoption Second Contact Details Same-Address	1646915031949	1646915031991	OK	 
GROUP	1	Adoption_240_Second_Contact_Details_Same_Address	1646915031949	1646915034637	2684	OK
REQUEST	1	Adoption_250_Second_Contact_Details_Same_Address_POST	Adoption Second Contact Details Same-Address POST	1646915035641	1646915035815	OK	 
REQUEST	1	Adoption_250_Second_Contact_Details_Same_Address_POST	Adoption Second Contact Details Same-Address POST Redirect 1	1646915035816	1646915035867	OK	 
GROUP	1	Adoption_250_Second_Contact_Details_Same_Address_POST	1646915035640	1646915036553	908	OK
REQUEST	1	Adoption_260_Second_Contact_Details_Manual_Redirect	Adoption Second Contact Details manual redirect	1646915037562	1646915037603	OK	 
GROUP	1	Adoption_260_Second_Contact_Details_Manual_Redirect	1646915037561	1646915038559	994	OK
REQUEST	1	Adoption_270_Second_Contact_Details_Manual_POST	Adoption Second Contact Details manual POST	1646915039560	1646915039839	OK	 
REQUEST	1	Adoption_270_Second_Contact_Details_Manual_POST	Adoption Second Contact Details manual POST Redirect 1	1646915039841	1646915039884	OK	 
GROUP	1	Adoption_270_Second_Contact_Details_Manual_POST	1646915039559	1646915040361	795	OK
REQUEST	1	Adoption_280_Second_Contact_Details__POST	Adoption Second Contact Details POST	1646915041360	1646915041682	OK	 
REQUEST	1	Adoption_280_Second_Contact_Details__POST	Adoption Second Contact Details POST Redirect 1	1646915041684	1646915041861	OK	 
GROUP	1	Adoption_280_Second_Contact_Details__POST	1646915041359	1646915042435	1069	OK
REQUEST	1	adoption_290_Birth_Certificate	Adoption Birth Certificate Details	1646915043429	1646915043477	OK	 
GROUP	1	adoption_290_Birth_Certificate	1646915043429	1646915044270	839	OK
REQUEST	1	adoption_300_Birth_Certificate_Name	Adoption Birth Certificate Name	1646915045271	1646915045489	OK	 
REQUEST	1	adoption_300_Birth_Certificate_Name	Adoption Birth Certificate Name Redirect 1	1646915045491	1646915045526	OK	 
GROUP	1	adoption_300_Birth_Certificate_Name	1646915045271	1646915045795	519	OK
REQUEST	1	adoption_320_Birth_Certificate_DoB	Adoption Birth Certificate DoB	1646915046801	1646915046998	OK	 
REQUEST	1	adoption_320_Birth_Certificate_DoB	Adoption Birth Certificate DoB Redirect 1	1646915046999	1646915047298	OK	 
GROUP	1	adoption_320_Birth_Certificate_DoB	1646915046801	1646915047417	611	OK
REQUEST	1	adoption_330_Birth_Certificate_Sex	Adoption Birth Certificate Sex	1646915048410	1646915048926	OK	 
REQUEST	1	adoption_330_Birth_Certificate_Sex	Adoption Birth Certificate Sex Redirect 1	1646915048927	1646915048973	OK	 
GROUP	1	adoption_330_Birth_Certificate_Sex	1646915048409	1646915049403	988	OK
REQUEST	1	adoption_340_Birth_Certificate_Nationality_Add	Adoption Birth Certificate Nationality Add	1646915050409	1646915050814	OK	 
REQUEST	1	adoption_340_Birth_Certificate_Nationality_Add	Adoption Birth Certificate Nationality Add Redirect 1	1646915050816	1646915050885	OK	 
GROUP	1	adoption_340_Birth_Certificate_Nationality_Add	1646915050409	1646915051207	792	OK
REQUEST	1	adoption_350_Birth_Certificate_Nationality_POST	Adoption Birth Certificate Nationality POST	1646915052210	1646915052586	OK	 
REQUEST	1	adoption_350_Birth_Certificate_Nationality_POST	Adoption Birth Certificate Nationality POST Redirect 1	1646915052588	1646915052626	OK	 
GROUP	1	adoption_350_Birth_Certificate_Nationality_POST	1646915052209	1646915052900	686	OK
REQUEST	1	adoption_360_Certificate_Details	Adoption Certificate Details	1646915053899	1646915054013	OK	 
GROUP	1	adoption_360_Certificate_Details	1646915053899	1646915054521	620	OK
REQUEST	1	adoption_370_Certificate_Details_Name	Adoption Certificate Details Name	1646915055521	1646915055830	OK	 
REQUEST	1	adoption_370_Certificate_Details_Name	Adoption Certificate Details Name Redirect 1	1646915055831	1646915055876	OK	 
GROUP	1	adoption_370_Certificate_Details_Name	1646915055521	1646915057071	546	OK
REQUEST	1	adoption_380_Placement_Order	Adoption Placement Order Details	1646915057071	1646915057371	OK	 
GROUP	1	adoption_380_Placement_Order	1646915057071	1646915057739	664	OK
REQUEST	1	adoption_390_Certificate_Placement_Order_Number	Adoption Placement Order Number	1646915058741	1646915058892	OK	 
REQUEST	1	adoption_390_Certificate_Placement_Order_Number	Adoption Placement Order Number Redirect 1	1646915058893	1646915059314	OK	 
GROUP	1	adoption_390_Certificate_Placement_Order_Number	1646915058741	1646915059387	642	OK
REQUEST	1	adoption_400_Certificate_Placement_Court	Adoption Placement Court	1646915060380	1646915060849	OK	 
REQUEST	1	adoption_400_Certificate_Placement_Court	Adoption Placement Court Redirect 1	1646915060850	1646915061363	OK	 
GROUP	1	adoption_400_Certificate_Placement_Court	1646915060380	1646915061594	1211	OK
REQUEST	1	adoption_410_Certificate_Placement_Date	Adoption Placement Date	1646915062599	1646915062801	OK	 
REQUEST	1	adoption_410_Certificate_Placement_Date	Adoption Placement Date Redirect 1	1646915062803	1646915062998	OK	 
GROUP	1	adoption_410_Certificate_Placement_Date	1646915062598	1646915063797	1193	OK
REQUEST	1	adoption_420_Certificate_Placement_Summary	Adoption Placement Summary	1646915064798	1646915064963	OK	 
REQUEST	1	adoption_420_Certificate_Placement_Summary	Adoption Placement Summary Redirect 1	1646915064964	1646915065159	OK	 
REQUEST	1	adoption_420_Certificate_Placement_Summary	Adoption Placement Summary Redirect 2	1646915065160	1646915065705	OK	 
GROUP	1	adoption_420_Certificate_Placement_Summary	1646915064798	1646915066463	1660	OK
REQUEST	1	adoption_430_Certificate_Placement_Type_2	Adoption Placement Type 2	1646915067460	1646915068178	OK	 
REQUEST	1	adoption_430_Certificate_Placement_Type_2	Adoption Placement Type 2 Redirect 1	1646915068179	1646915068376	OK	 
GROUP	1	adoption_430_Certificate_Placement_Type_2	1646915067459	1646915068679	1215	OK
REQUEST	1	adoption_440_Certificate_Placement_Order_Number_2	Adoption Placement Order Number 2	1646915069691	1646915069880	OK	 
REQUEST	1	adoption_440_Certificate_Placement_Order_Number_2	Adoption Placement Order Number 2 Redirect 1	1646915069881	1646915070043	OK	 
GROUP	1	adoption_440_Certificate_Placement_Order_Number_2	1646915069690	1646915070635	940	OK
REQUEST	1	adoption_450_Certificate_Placement_Court_2	Adoption Placement Court 2	1646915071631	1646915071812	OK	 
REQUEST	1	adoption_450_Certificate_Placement_Court_2	Adoption Placement Court 2 Redirect 1	1646915071813	1646915072008	OK	 
GROUP	1	adoption_450_Certificate_Placement_Court_2	1646915071630	1646915072359	724	OK
REQUEST	1	adoption_460_Certificate_Placement_Date_2	Adoption Placement Date 2	1646915073351	1646915073649	OK	 
REQUEST	1	adoption_460_Certificate_Placement_Date_2	Adoption Placement Date 2 Redirect 1	1646915073650	1646915073829	OK	 
GROUP	1	adoption_460_Certificate_Placement_Date_2	1646915073351	1646915073982	627	OK
REQUEST	1	adoption_470_Certificate_Placement_Summary_2	Adoption Placement Summary 2	1646915074991	1646915075186	OK	 
REQUEST	1	adoption_470_Certificate_Placement_Summary_2	Adoption Placement Summary 2 Redirect 1	1646915075188	1646915075225	OK	 
GROUP	1	adoption_470_Certificate_Placement_Summary_2	1646915074990	1646915075563	567	OK
REQUEST	1	adoption_480_Birth_Mother	Adoption Mother's Details	1646915076560	1646915076617	OK	 
GROUP	1	adoption_480_Birth_Mother	1646915076560	1646915076773	209	OK
REQUEST	1	adoption_490_Birth_Mother_Name	Adoption Mother's Name	1646915077779	1646915077957	OK	 
REQUEST	1	adoption_490_Birth_Mother_Name	Adoption Mother's Name Redirect 1	1646915077958	1646915078003	OK	 
GROUP	1	adoption_490_Birth_Mother_Name	1646915077779	1646915078116	333	OK
REQUEST	1	adoption_495_Birth_Mother	Adoption Mother's Details	1646915079110	1646915079190	OK	 
GROUP	1	adoption_495_Birth_Mother	1646915079110	1646915079369	256	OK
REQUEST	1	adoption_500_Birth_Mother_Alive	Adoption Mother Still Alive?	1646915080370	1646915080541	OK	 
REQUEST	1	adoption_500_Birth_Mother_Alive	Adoption Mother Still Alive? Redirect 1	1646915080542	1646915080698	OK	 
GROUP	1	adoption_500_Birth_Mother_Alive	1646915080369	1646915081067	693	OK
REQUEST	1	adoption_510_Birth_Mother_Nationality_Add	Adoption Mother's Nationality Add	1646915082071	1646915082454	OK	 
REQUEST	1	adoption_510_Birth_Mother_Nationality_Add	Adoption Mother's Nationality Add Redirect 1	1646915082456	1646915082546	OK	 
GROUP	1	adoption_510_Birth_Mother_Nationality_Add	1646915082071	1646915082685	610	OK
REQUEST	1	adoption_520_Birth_Mother_Nationality_POSt	Adoption Mother's Nationality	1646915083681	1646915083959	OK	 
REQUEST	1	adoption_520_Birth_Mother_Nationality_POSt	Adoption Mother's Nationality Redirect 1	1646915083961	1646915083999	OK	 
GROUP	1	adoption_520_Birth_Mother_Nationality_POSt	1646915083681	1646915088304	4619	OK
REQUEST	1	adoption_530_Birth_Mother_Occupation	Adoption Mother's Occupation	1646915089309	1646915089533	OK	 
REQUEST	1	adoption_530_Birth_Mother_Occupation	Adoption Mother's Occupation Redirect 1	1646915089535	1646915089577	OK	 
GROUP	1	adoption_530_Birth_Mother_Occupation	1646915089309	1646915090380	1066	OK
REQUEST	1	adoption_535_Birth_Mother_Occupation_Redirect	Adoption Mother's Details Redirect	1646915091381	1646915091429	OK	 
GROUP	1	adoption_535_Birth_Mother_Occupation_Redirect	1646915091380	1646915091910	527	OK
REQUEST	1	adoption_540_Birth_Mother_Occupation	Adoption Mother's Address Known	1646915092902	1646915093305	OK	 
REQUEST	1	adoption_540_Birth_Mother_Occupation	Adoption Mother's Address Known Redirect 1	1646915093306	1646915093465	OK	 
GROUP	1	adoption_540_Birth_Mother_Occupation	1646915092901	1646915096382	3476	OK
REQUEST	1	adoption_550_Birth_Mother_Address_Manual	Adoption Mother's Address Manual	1646915097391	1646915097448	OK	 
GROUP	1	adoption_550_Birth_Mother_Address_Manual	1646915097390	1646915098327	933	OK
REQUEST	1	adoption_560_Birth_Mother_Address_POST	Adoption Mother's Address	1646915099319	1646915099498	OK	 
REQUEST	1	adoption_560_Birth_Mother_Address_POST	Adoption Mother's Address Redirect 1	1646915099499	1646915099539	OK	 
GROUP	1	adoption_560_Birth_Mother_Address_POST	1646915099319	1646915103607	4285	OK
REQUEST	1	adoption_570_Birth_Father_Details	Adoption Father's Details	1646915104612	1646915104694	OK	 
GROUP	1	adoption_570_Birth_Father_Details	1646915104611	1646915104866	252	OK
REQUEST	1	adoption_580_Birth_Father_Details_POST	Adoption Father's Details On Certificate	1646915105870	1646915106173	OK	 
REQUEST	1	adoption_580_Birth_Father_Details_POST	Adoption Father's Details On Certificate Redirect 1	1646915106174	1646915106367	OK	 
GROUP	1	adoption_580_Birth_Father_Details_POST	1646915105869	1646915106539	667	OK
REQUEST	1	adoption_590_Birth_Father_Name	Adoption Father's Name	1646915107531	1646915107952	OK	 
REQUEST	1	adoption_590_Birth_Father_Name	Adoption Father's Name Redirect 1	1646915107953	1646915108014	OK	 
GROUP	1	adoption_590_Birth_Father_Name	1646915107530	1646915108833	1298	OK
REQUEST	1	adoption_600_Birth_Father_Alive	Adoption Father Still alive?	1646915109841	1646915110307	OK	 
REQUEST	1	adoption_600_Birth_Father_Alive	Adoption Father Still alive? Redirect 1	1646915110309	1646915110344	OK	 
GROUP	1	adoption_600_Birth_Father_Alive	1646915109840	1646915110674	829	OK
REQUEST	1	adoption_610_Birth_Father_Nationality_Add	Adoption Father add Nationality	1646915111682	1646915111878	OK	 
REQUEST	1	adoption_610_Birth_Father_Nationality_Add	Adoption Father add Nationality Redirect 1	1646915111880	1646915111920	OK	 
GROUP	1	adoption_610_Birth_Father_Nationality_Add	1646915111681	1646915112222	535	OK
REQUEST	1	adoption_620_Birth_Father_Nationality_POST	Adoption Father's Nationality	1646915113221	1646915113584	OK	 
REQUEST	1	adoption_620_Birth_Father_Nationality_POST	Adoption Father's Nationality Redirect 1	1646915113585	1646915113692	OK	 
GROUP	1	adoption_620_Birth_Father_Nationality_POST	1646915113220	1646915113772	547	OK
REQUEST	1	adoption_630_Birth_Father_Occupation	Adoption Father's Occupation	1646915114771	1646915115120	OK	 
REQUEST	1	adoption_630_Birth_Father_Occupation	Adoption Father's Occupation Redirect 1	1646915115121	1646915115162	OK	 
GROUP	1	adoption_630_Birth_Father_Occupation	1646915114771	1646915115937	1162	OK
REQUEST	1	adoption_640_Birth_Father_Occupation_Address_Known	Adoption Father's Address Known?	1646915116931	1646915117123	OK	 
REQUEST	1	adoption_640_Birth_Father_Occupation_Address_Known	Adoption Father's Address Known? Redirect 1	1646915117124	1646915117324	OK	 
GROUP	1	adoption_640_Birth_Father_Occupation_Address_Known	1646915116931	1646915117627	692	OK
REQUEST	1	adoption_640_Birth_Father_Occupation_Address_Manual	Adoption Father's Address Manual	1646915118631	1646915118750	OK	 
GROUP	1	adoption_640_Birth_Father_Occupation_Address_Manual	1646915118630	1646915119187	553	OK
REQUEST	1	adoption_640_Birth_Father_Occupation_Address_POST	Adoption Father's Address	1646915120191	1646915120649	OK	 
REQUEST	1	adoption_640_Birth_Father_Occupation_Address_POST	Adoption Father's Address Redirect 1	1646915120651	1646915120831	OK	 
GROUP	1	adoption_640_Birth_Father_Occupation_Address_POST	1646915120190	1646915121147	951	OK
REQUEST	1	adoption_650_Other_Parent_Exists	Adoption Other Parent	1646915122141	1646915122328	OK	 
GROUP	1	adoption_650_Other_Parent_Exists	1646915122140	1646915122983	840	OK
REQUEST	1	adoption_660_Other_Parent_Exists_POST	Adoption Other Parent Exists	1646915123991	1646915124280	OK	 
REQUEST	1	adoption_660_Other_Parent_Exists_POST	Adoption Other Parent Exists Redirect 1	1646915124282	1646915124329	OK	 
GROUP	1	adoption_660_Other_Parent_Exists_POST	1646915123991	1646915124731	736	OK
REQUEST	1	adoption_670_Other_Parent_Name	Adoption Other Parent Name	1646915125730	1646915125928	OK	 
REQUEST	1	adoption_670_Other_Parent_Name	Adoption Other Parent Name Redirect 1	1646915125929	1646915125975	OK	 
GROUP	1	adoption_670_Other_Parent_Name	1646915125730	1646915126308	575	OK
REQUEST	1	adoption_680_Other_Parent_Address_Known?	Adoption Other Parent Address known?	1646915127300	1646915127715	OK	 
REQUEST	1	adoption_680_Other_Parent_Address_Known?	Adoption Other Parent Address known? Redirect 1	1646915127716	1646915127756	OK	 
GROUP	1	adoption_680_Other_Parent_Address_Known?	1646915127300	1646915127868	564	OK
REQUEST	1	adoption_690_Other_Parent_Address_Manual	Adoption Other Parent Address Manual	1646915128868	1646915128921	OK	 
GROUP	1	adoption_690_Other_Parent_Address_Manual	1646915128868	1646915129110	240	OK
REQUEST	1	adoption_700_Other_Parent_Address_POST	Adoption Other Parent Address Manual	1646915130120	1646915130336	OK	 
REQUEST	1	adoption_700_Other_Parent_Address_POST	Adoption Other Parent Address Manual Redirect 1	1646915130337	1646915130415	OK	 
GROUP	1	adoption_700_Other_Parent_Address_POST	1646915130119	1646915131216	1092	OK
REQUEST	1	adoption_710_Agency	Adoption Agency	1646915132211	1646915132399	OK	 
REQUEST	1	adoption_710_Agency	Adoption Agency Redirect 1	1646915132401	1646915132736	OK	 
GROUP	1	adoption_710_Agency	1646915132211	1646915133094	878	OK
REQUEST	1	adoption_720_Agency_Details	Adoption Agency Details	1646915134101	1646915134271	OK	 
REQUEST	1	adoption_720_Agency_Details	Adoption Agency Details Redirect 1	1646915134272	1646915134326	OK	 
GROUP	1	adoption_720_Agency_Details	1646915134100	1646915134608	504	OK
REQUEST	1	adoption_730_Other_Agency	Adoption Other Agency?	1646915135599	1646915135814	OK	 
REQUEST	1	adoption_730_Other_Agency	Adoption Other Agency? Redirect 1	1646915135816	1646915136134	OK	 
REQUEST	1	adoption_730_Other_Agency	Adoption Other Agency? Redirect 2	1646915136135	1646915136323	OK	 
GROUP	1	adoption_730_Other_Agency	1646915135599	1646915136773	1167	OK
REQUEST	1	adoption_740_Other_Agency_Details	Adoption Other Agency Details	1646915137779	1646915137948	OK	 
REQUEST	1	adoption_740_Other_Agency_Details	Adoption Other Agency Details Redirect 1	1646915137950	1646915137998	OK	 
GROUP	1	adoption_740_Other_Agency_Details	1646915137779	1646915138236	452	OK
REQUEST	1	adoption_750_Social_Worker_Details	Adoption Social Worker Details	1646915139240	1646915139429	OK	 
REQUEST	1	adoption_750_Social_Worker_Details	Adoption Social Worker Details Redirect 1	1646915139430	1646915139469	OK	 
GROUP	1	adoption_750_Social_Worker_Details	1646915139240	1646915139716	472	OK
REQUEST	1	adoption_760_Sibling_Details	Adoption Sibling Details	1646915140712	1646915140755	OK	 
GROUP	1	adoption_760_Sibling_Details	1646915140711	1646915141035	320	OK
REQUEST	1	adoption_770_Sibling_Other?	Adoption Any Sibling?	1646915142040	1646915142245	OK	 
REQUEST	1	adoption_770_Sibling_Other?	Adoption Any Sibling? Redirect 1	1646915142247	1646915142287	OK	 
GROUP	1	adoption_770_Sibling_Other?	1646915142040	1646915142356	311	OK
REQUEST	1	adoption_780_Sibling_Court_Order_Exists?	Adoption Court Order Exists?	1646915143350	1646915143672	OK	 
REQUEST	1	adoption_780_Sibling_Court_Order_Exists?	Adoption Court Order Exists? Redirect 1	1646915143674	1646915144127	OK	 
GROUP	1	adoption_780_Sibling_Court_Order_Exists?	1646915143350	1646915145908	2554	OK
REQUEST	1	adoption_790_Sibling_Name?	Adoption Sibling Name	1646915146909	1646915147226	OK	 
REQUEST	1	adoption_790_Sibling_Name?	Adoption Sibling Name Redirect 1	1646915147227	1646915147683	OK	 
REQUEST	1	adoption_790_Sibling_Name?	Adoption Sibling Name Redirect 2	1646915147685	1646915148093	OK	 
GROUP	1	adoption_790_Sibling_Name?	1646915146909	1646915148445	1530	OK
REQUEST	1	adoption_800_Sibling_Order_Type	Adoption Order Type?	1646915149449	1646915149674	OK	 
REQUEST	1	adoption_800_Sibling_Order_Type	Adoption Order Type? Redirect 1	1646915149675	1646915149882	OK	 
GROUP	1	adoption_800_Sibling_Order_Type	1646915149449	1646915149955	502	OK
REQUEST	1	adoption_810_Sibling_Order_Number	Adoption Order Number	1646915150950	1646915151137	OK	 
REQUEST	1	adoption_810_Sibling_Order_Number	Adoption Order Number Redirect 1	1646915151139	1646915151872	OK	 
GROUP	1	adoption_810_Sibling_Order_Number	1646915150950	1646915152259	1304	OK
REQUEST	1	adoption_820_Sibling_New_Order?	Adoption Add New Order?	1646915153271	1646915153724	OK	 
REQUEST	1	adoption_820_Sibling_New_Order?	Adoption Add New Order? Redirect 1	1646915153726	1646915154032	OK	 
GROUP	1	adoption_820_Sibling_New_Order?	1646915153271	1646915154195	917	OK
REQUEST	1	adoption_830_Sibling_Select	Adoption Select Sibling	1646915155191	1646915155555	OK	 
REQUEST	1	adoption_830_Sibling_Select	Adoption Select Sibling Redirect 1	1646915155556	1646915155738	OK	 
REQUEST	1	adoption_830_Sibling_Select	Adoption Select Sibling Redirect 2	1646915155739	1646915155940	OK	 
GROUP	1	adoption_830_Sibling_Select	1646915155191	1646915155991	795	OK
REQUEST	1	adoption_840_Sibling_Select	Adoption Order Type	1646915156991	1646915157552	OK	 
REQUEST	1	adoption_840_Sibling_Select	Adoption Order Type Redirect 1	1646915157553	1646915157723	OK	 
GROUP	1	adoption_840_Sibling_Select	1646915156990	1646915157891	896	OK
REQUEST	1	adoption_850_Sibling_Select	Adoption Order Number	1646915158892	1646915159070	OK	 
REQUEST	1	adoption_850_Sibling_Select	Adoption Order Number Redirect 1	1646915159071	1646915159125	OK	 
GROUP	1	adoption_850_Sibling_Select	1646915158891	1646915159637	742	OK
REQUEST	1	adoption_855_Sibling_Select	Adoption Order Number	1646915160631	1646915160821	OK	 
REQUEST	1	adoption_855_Sibling_Select	Adoption Order Number Redirect 1	1646915160822	1646915160857	OK	 
GROUP	1	adoption_855_Sibling_Select	1646915160631	1646915160925	290	OK
REQUEST	1	adoption_860_Sibling_Select	Adoption Order Number	1646915160926	1646915161404	OK	 
REQUEST	1	adoption_860_Sibling_Select	Adoption Order Number Redirect 1	1646915161405	1646915161480	OK	 
GROUP	1	adoption_860_Sibling_Select	1646915160925	1646915161570	640	OK
REQUEST	1	adoption_861_Family_Court	Adoption Family Court Redirect	1646915162580	1646915163198	OK	 
GROUP	1	adoption_861_Family_Court	1646915162580	1646915163457	874	OK
REQUEST	1	adoption_862_Family_Court_POST	Adoption Family Court Redirect	1646915163458	1646915163674	OK	 
REQUEST	1	adoption_862_Family_Court_POST	Adoption Family Court Redirect Redirect 1	1646915163675	1646915163711	OK	 
GROUP	1	adoption_862_Family_Court_POST	1646915163457	1646915164916	1454	OK
REQUEST	1	adoption_870_Upload_Document	Adoption Birth Certificate Details	1646915164917	1646915164991	OK	 
GROUP	1	adoption_870_Upload_Document	1646915164916	1646915165406	487	OK
REQUEST	1	adoption_885_Upload_Document_POST	Adoption Certificate Upload POST	1646915166400	1646915166745	OK	 
REQUEST	1	adoption_885_Upload_Document_POST	Adoption Certificate Upload POST Redirect 1	1646915166746	1646915166784	OK	 
GROUP	1	adoption_885_Upload_Document_POST	1646915166399	1646915166932	528	OK
REQUEST	1	adoption_905_Equality_Redirect	Adoption Review Equality	1646915167929	1646915167995	OK	 
GROUP	1	adoption_905_Equality_Redirect	1646915167929	1646915169317	1383	OK
REQUEST	1	adoption_910_Check_Your_Answers	Adoption Review Check Your Answers	1646915170319	1646915170549	OK	 
REQUEST	1	adoption_910_Check_Your_Answers	Adoption Review Check Your Answers Redirect 1	1646915170551	1646915170727	OK	 
GROUP	1	adoption_910_Check_Your_Answers	1646915170318	1646915171198	875	OK
REQUEST	1	adoption_920_Statement	Adoption Review Statement of Truth	1646915172199	1646915172392	OK	 
REQUEST	1	adoption_920_Statement	Adoption Review Statement of Truth Redirect 1	1646915172394	1646915172976	OK	 
GROUP	1	adoption_920_Statement	1646915172199	1646915173069	865	OK
REQUEST	1	adoption_930_Pay_By_Card	Adoption Pay by Card	1646915174080	1646915176149	OK	 
REQUEST	1	adoption_930_Pay_By_Card	Adoption Pay by Card Redirect 1	1646915176151	1646915176254	OK	 
REQUEST	1	adoption_930_Pay_By_Card	Adoption Pay by Card Redirect 2	1646915176255	1646915176338	OK	 
GROUP	1	adoption_930_Pay_By_Card	1646915174079	1646915176447	2358	OK
REQUEST	1	adoption_940_Check_Card_Details	Adoption Pay by Card	1646915177440	1646915177489	OK	 
GROUP	1	adoption_940_Check_Card_Details	1646915177438	1646915177490	49	OK
REQUEST	1	adoption_950_Card_Details	Adoption Pay by Card	1646915177491	1646915177511	KO	status.find.in(200,201,202,203,204,205,206,207,208,209,304), found 500
GROUP	1	adoption_950_Card_Details	1646915177490	1646915177516	20	KO
USER	LAU Simulation	1	END	1646914985641	1646915177522
