RUN	simulations.mainSimulation	mainsimulation	1647007315453	 	3.3.1
USER	LAU Simulation	1	START	1647007317970	1647007317970
REQUEST	1	AD_010_Homepage	Adoption Homepage	1647007318000	1647007323710	OK	 
REQUEST	1	AD_010_Homepage	Adoption Homepage Redirect 1	1647007323740	1647007324655	OK	 
REQUEST	1	AD_010_Homepage	Adoption Homepage Redirect 2	1647007324657	1647007327341	OK	 
GROUP	1	AD_010_Homepage	1647007317979	1647007340073	16926	OK
REQUEST	1	AD_020_Login	Adoption Login	1647007341100	1647007341522	OK	 
REQUEST	1	AD_020_Login	Adoption Login Redirect 1	1647007341534	1647007341771	OK	 
REQUEST	1	AD_020_Login	Adoption Login Redirect 2	1647007341773	1647007343084	OK	 
REQUEST	1	AD_020_Login	Adoption Login Redirect 3	1647007343085	1647007344046	OK	 
GROUP	1	AD_020_Login	1647007341095	1647007346777	5652	OK
REQUEST	1	AD_030_Apply_With	Adoption Applying With	1647007347777	1647007347904	OK	 
GROUP	1	AD_030_Apply_With	1647007347775	1647007347964	180	OK
REQUEST	1	AD_040_Applying_Post	Adoption Applying Post	1647007348977	1647007349679	OK	 
REQUEST	1	AD_040_Applying_Post	Adoption Applying Post Redirect 1	1647007349681	1647007349936	OK	 
GROUP	1	AD_040_Applying_Post	1647007348975	1647007350295	1311	OK
REQUEST	1	AD_050_Applying_With_Redirect	Adoption Applying With Redirect	1647007351285	1647007351855	OK	 
GROUP	1	AD_050_Applying_With_Redirect	1647007351285	1647007352213	923	OK
REQUEST	1	AD_060_Date_Of_Move	Adoption Date Child Moved in 	1647007353216	1647007353368	OK	 
GROUP	1	AD_060_Date_Of_Move	1647007353215	1647007353546	326	OK
REQUEST	1	AD_070_Date_Of_Move_POST	Adoption Date Child Moved in Post	1647007354546	1647007355072	OK	 
REQUEST	1	AD_070_Date_Of_Move_POST	Adoption Date Child Moved in Post Redirect 1	1647007355074	1647007355225	OK	 
GROUP	1	AD_070_Date_Of_Move_POST	1647007354544	1647007355330	778	OK
REQUEST	1	AD_080_Your_Details	Adoption Your Personal Details 	1647007355331	1647007355542	OK	 
GROUP	1	AD_080_Your_Details	1647007355330	1647007355824	489	OK
REQUEST	1	AD_090_Your_Details_POST	Adoption Your Personal Details Post	1647007356825	1647007357528	OK	 
REQUEST	1	AD_090_Your_Details_POST	Adoption Your Personal Details Post Redirect 1	1647007357529	1647007361434	OK	 
GROUP	1	AD_090_Your_Details_POST	1647007356824	1647007361510	4680	OK
REQUEST	1	AD_100_Your_Details_Other_Name	Adoption Your Personal Details Other Name	1647007362515	1647007362708	OK	 
REQUEST	1	AD_100_Your_Details_Other_Name	Adoption Your Personal Details Other Name Redirect 1	1647007362709	1647007362982	OK	 
GROUP	1	AD_100_Your_Details_Other_Name	1647007362515	1647007363096	575	OK
REQUEST	1	AD_110_Your_Details_DoB	Adoption Your Personal Details DoB	1647007364096	1647007365330	OK	 
GROUP	1	AD_110_Your_Details_DoB	1647007364095	1647007365674	1575	OK
REQUEST	1	AD_120_Your_Details_DoB_POST	Adoption Your Personal Details DoB POST	1647007366675	1647007367485	OK	 
REQUEST	1	AD_120_Your_Details_DoB_POST	Adoption Your Personal Details DoB POST Redirect 1	1647007367486	1647007367843	OK	 
GROUP	1	AD_120_Your_Details_DoB_POST	1647007366675	1647007368102	1423	OK
REQUEST	1	AD_130_Your_Details_Occupation	Adoption Your Personal Details Occupation	1647007369096	1647007369278	OK	 
REQUEST	1	AD_130_Your_Details_Occupation	Adoption Your Personal Details Occupation Redirect 1	1647007369280	1647007369360	OK	 
GROUP	1	AD_130_Your_Details_Occupation	1647007369096	1647007369412	311	OK
REQUEST	1	AD_140_Your_Contact	Adoption Your Contact Details LookUp	1647007370415	1647007370662	OK	 
GROUP	1	AD_140_Your_Contact	1647007370415	1647007371065	646	OK
REQUEST	1	AD_150_Your_Contact_Manual	Adoption Your Contact Details Manual	1647007372065	1647007372588	OK	 
GROUP	1	AD_150_Your_Contact_Manual	1647007372064	1647007373026	957	OK
REQUEST	1	AD_160_Your_Contact_POST	Adoption Your Contact Details Manual POST	1647007374036	1647007376480	OK	 
REQUEST	1	AD_160_Your_Contact_POST	Adoption Your Contact Details Manual POST Redirect 1	1647007376482	1647007380340	OK	 
GROUP	1	AD_160_Your_Contact_POST	1647007374036	1647007380573	6532	OK
REQUEST	1	AD_170_Your_Contact_POST	Adoption Your Contact Details POST	1647007381565	1647007382127	OK	 
REQUEST	1	AD_170_Your_Contact_POST	Adoption Your Contact Details POST Redirect 1	1647007382129	1647007382307	OK	 
GROUP	1	AD_170_Your_Contact_POST	1647007381565	1647007382487	917	OK
REQUEST	1	AD_180_Second_Person	Adoption Second Personal Details	1647007383485	1647007383570	OK	 
GROUP	1	AD_180_Second_Person	1647007383485	1647007383637	149	OK
REQUEST	1	AD_190_Second_PersonPOST	Adoption Second Personal Details POST	1647007384644	1647007385351	OK	 
REQUEST	1	AD_190_Second_PersonPOST	Adoption Second Personal Details POST Redirect 1	1647007385352	1647007385534	OK	 
GROUP	1	AD_190_Second_PersonPOST	1647007384643	1647007385608	960	OK
REQUEST	1	AD_200_Second_Other_Name	Adoption Second Other Name	1647007386605	1647007387109	OK	 
REQUEST	1	AD_200_Second_Other_Name	Adoption Second Other Name Redirect 1	1647007387110	1647007387354	OK	 
GROUP	1	AD_200_Second_Other_Name	1647007386605	1647007387417	808	OK
REQUEST	1	AD_210_Second_Other_Name_Redirect	Adoption Second Other Name Redirect	1647007388414	1647007389170	OK	 
REQUEST	1	AD_210_Second_Other_Name_Redirect	Adoption Second Other Name Redirect Redirect 1	1647007389171	1647007389296	OK	 
GROUP	1	AD_210_Second_Other_Name_Redirect	1647007388414	1647007389346	928	OK
REQUEST	1	AD_220_Second_DoB	Adoption Second DoB	1647007390357	1647007390788	OK	 
REQUEST	1	AD_220_Second_DoB	Adoption Second DoB Redirect 1	1647007390789	1647007390875	OK	 
GROUP	1	AD_220_Second_DoB	1647007390356	1647007390930	569	OK
REQUEST	1	AD_230_Second_Occupation	Adoption Second Occupation	1647007391925	1647007392189	OK	 
REQUEST	1	AD_230_Second_Occupation	Adoption Second Occupation Redirect 1	1647007392190	1647007392274	OK	 
GROUP	1	AD_230_Second_Occupation	1647007391924	1647007392322	393	OK
REQUEST	1	AD_240_Second_Contact_Same	Adoption Second Contact Details Same-Address	1647007393315	1647007393541	OK	 
GROUP	1	AD_240_Second_Contact_Same	1647007393314	1647007393840	522	OK
REQUEST	1	AD_250_Second_Contact_Same_POST	Adoption Second Contact Details Same-Address POST	1647007394845	1647007395389	OK	 
REQUEST	1	AD_250_Second_Contact_Same_POST	Adoption Second Contact Details Same-Address POST Redirect 1	1647007395390	1647007395560	OK	 
GROUP	1	AD_250_Second_Contact_Same_POST	1647007394844	1647007395707	858	OK
REQUEST	1	AD_260_Second_Contact_Manual_Redirect	Adoption Second Contact Details manual redirect	1647007396715	1647007396871	OK	 
GROUP	1	AD_260_Second_Contact_Manual_Redirect	1647007396714	1647007397058	340	OK
REQUEST	1	AD_270_Second_Contact_Manual_POST	Adoption Second Contact Details manual POST	1647007398054	1647007398286	OK	 
REQUEST	1	AD_270_Second_Contact_Manual_POST	Adoption Second Contact Details manual POST Redirect 1	1647007398288	1647007398378	OK	 
GROUP	1	AD_270_Second_Contact_Manual_POST	1647007398053	1647007398435	377	OK
REQUEST	1	AD_280_Second_Contact_POST	Adoption Second Contact Details POST	1647007399434	1647007399870	OK	 
REQUEST	1	AD_280_Second_Contact_POST	Adoption Second Contact Details POST Redirect 1	1647007399872	1647007400026	OK	 
GROUP	1	AD_280_Second_Contact_POST	1647007399434	1647007400164	725	OK
REQUEST	1	AD_290_Birth_Certificate	Adoption Birth Certificate Details	1647007401174	1647007401258	OK	 
GROUP	1	AD_290_Birth_Certificate	1647007401173	1647007401621	444	OK
REQUEST	1	AD_300_Birth_Name	Adoption Birth Certificate Name	1647007402614	1647007402967	OK	 
REQUEST	1	AD_300_Birth_Name	Adoption Birth Certificate Name Redirect 1	1647007402968	1647007403095	OK	 
GROUP	1	AD_300_Birth_Name	1647007402614	1647007403179	562	OK
REQUEST	1	AD_320_Birth_DoB	Adoption Birth Certificate DoB	1647007404185	1647007404645	OK	 
REQUEST	1	AD_320_Birth_DoB	Adoption Birth Certificate DoB Redirect 1	1647007404646	1647007404730	OK	 
GROUP	1	AD_320_Birth_DoB	1647007404185	1647007404791	602	OK
REQUEST	1	AD_330_Birth_Sex	Adoption Birth Certificate Sex	1647007405784	1647007406049	OK	 
REQUEST	1	AD_330_Birth_Sex	Adoption Birth Certificate Sex Redirect 1	1647007406050	1647007406166	OK	 
GROUP	1	AD_330_Birth_Sex	1647007405784	1647007406215	428	OK
REQUEST	1	AD_340_Birth_Nationality_Add	Adoption Birth Certificate Nationality Add	1647007407225	1647007407443	OK	 
REQUEST	1	AD_340_Birth_Nationality_Add	Adoption Birth Certificate Nationality Add Redirect 1	1647007407445	1647007407558	OK	 
GROUP	1	AD_340_Birth_Nationality_Add	1647007407225	1647007407620	390	OK
REQUEST	1	AD_350_Birth_Nationality_POST	Adoption Birth Certificate Nationality POST	1647007408615	1647007409241	OK	 
REQUEST	1	AD_350_Birth_Nationality_POST	Adoption Birth Certificate Nationality POST Redirect 1	1647007409242	1647007409922	OK	 
GROUP	1	AD_350_Birth_Nationality_POST	1647007408615	1647007410368	1749	OK
REQUEST	1	AD_360_Certificate_Details	Adoption Certificate Details	1647007411364	1647007411426	OK	 
GROUP	1	AD_360_Certificate_Details	1647007411364	1647007411483	116	OK
REQUEST	1	AD_370_Certificate_Name	Adoption Certificate Details Name	1647007412484	1647007413088	OK	 
REQUEST	1	AD_370_Certificate_Name	Adoption Certificate Details Name Redirect 1	1647007413089	1647007413950	OK	 
GROUP	1	AD_370_Certificate_Name	1647007412484	1647007414464	1976	OK
REQUEST	1	AD_380_Placement_Order	Adoption Placement Order Details	1647007415455	1647007416223	OK	 
GROUP	1	AD_380_Placement_Order	1647007415455	1647007416273	814	OK
REQUEST	1	AD_390_Placement_Number	Adoption Placement Order Number	1647007417274	1647007417534	OK	 
REQUEST	1	AD_390_Placement_Number	Adoption Placement Order Number Redirect 1	1647007417535	1647007418263	OK	 
GROUP	1	AD_390_Placement_Number	1647007417274	1647007418319	1041	OK
REQUEST	1	AD_400_Placement_Court	Adoption Placement Court	1647007419325	1647007419531	OK	 
REQUEST	1	AD_400_Placement_Court	Adoption Placement Court Redirect 1	1647007419533	1647007419854	OK	 
GROUP	1	AD_400_Placement_Court	1647007419324	1647007420139	808	OK
REQUEST	1	AD_410_Placement_Date	Adoption Placement Date	1647007421146	1647007421465	OK	 
REQUEST	1	AD_410_Placement_Date	Adoption Placement Date Redirect 1	1647007421467	1647007421841	OK	 
GROUP	1	AD_410_Placement_Date	1647007421146	1647007421930	779	OK
REQUEST	1	AD_420_Placement_Summary	Adoption Placement Summary	1647007422924	1647007423404	OK	 
REQUEST	1	AD_420_Placement_Summary	Adoption Placement Summary Redirect 1	1647007423404	1647007424070	OK	 
REQUEST	1	AD_420_Placement_Summary	Adoption Placement Summary Redirect 2	1647007424071	1647007424576	OK	 
GROUP	1	AD_420_Placement_Summary	1647007422924	1647007424931	2004	OK
REQUEST	1	AD_430_Placement_Type_2	Adoption Placement Type 2	1647007425935	1647007426385	OK	 
REQUEST	1	AD_430_Placement_Type_2	Adoption Placement Type 2 Redirect 1	1647007426387	1647007427456	OK	 
GROUP	1	AD_430_Placement_Type_2	1647007425935	1647007428808	2868	OK
REQUEST	1	AD_440_Placement_Number_2	Adoption Placement Order Number 2	1647007429805	1647007430011	OK	 
REQUEST	1	AD_440_Placement_Number_2	Adoption Placement Order Number 2 Redirect 1	1647007430013	1647007430226	OK	 
GROUP	1	AD_440_Placement_Number_2	1647007429805	1647007430276	466	OK
REQUEST	1	AD_450_Placement_Court_2	Adoption Placement Court 2	1647007431284	1647007431694	OK	 
REQUEST	1	AD_450_Placement_Court_2	Adoption Placement Court 2 Redirect 1	1647007431695	1647007432115	OK	 
GROUP	1	AD_450_Placement_Court_2	1647007431284	1647007432269	981	OK
REQUEST	1	AD_460_Placement_Date_2	Adoption Placement Date 2	1647007433264	1647007433682	OK	 
REQUEST	1	AD_460_Placement_Date_2	Adoption Placement Date 2 Redirect 1	1647007433683	1647007434287	OK	 
GROUP	1	AD_460_Placement_Date_2	1647007433264	1647007434342	1075	OK
REQUEST	1	AD_470_Placement_Summary_2	Adoption Placement Summary 2	1647007435335	1647007435846	OK	 
REQUEST	1	AD_470_Placement_Summary_2	Adoption Placement Summary 2 Redirect 1	1647007435847	1647007436098	OK	 
GROUP	1	AD_470_Placement_Summary_2	1647007435335	1647007436172	834	OK
REQUEST	1	AD_480_Birth_Mother	Adoption Mother's Details	1647007437175	1647007437337	OK	 
GROUP	1	AD_480_Birth_Mother	1647007437174	1647007437519	342	OK
REQUEST	1	AD_490_Mother_Name	Adoption Mother's Name	1647007438524	1647007438703	OK	 
REQUEST	1	AD_490_Mother_Name	Adoption Mother's Name Redirect 1	1647007438704	1647007438860	OK	 
GROUP	1	AD_490_Mother_Name	1647007438524	1647007439045	518	OK
REQUEST	1	AD_495_Mother_Alive_Redirect	Adoption Mother's Details	1647007440044	1647007440175	OK	 
GROUP	1	AD_495_Mother_Alive_Redirect	1647007440044	1647007440737	690	OK
REQUEST	1	AD_500_Mother_Alive	Adoption Mother Still Alive?	1647007441746	1647007442286	OK	 
REQUEST	1	AD_500_Mother_Alive	Adoption Mother Still Alive? Redirect 1	1647007442287	1647007442427	OK	 
GROUP	1	AD_500_Mother_Alive	1647007441745	1647007442489	740	OK
REQUEST	1	AD_510_Mother_Nationality_Add	Adoption Mother's Nationality Add	1647007443484	1647007443663	OK	 
REQUEST	1	AD_510_Mother_Nationality_Add	Adoption Mother's Nationality Add Redirect 1	1647007443664	1647007443776	OK	 
GROUP	1	AD_510_Mother_Nationality_Add	1647007443484	1647007443833	345	OK
REQUEST	1	AD_520_Mother_Nationality_POST	Adoption Mother's Nationality	1647007444824	1647007445047	OK	 
REQUEST	1	AD_520_Mother_Nationality_POST	Adoption Mother's Nationality Redirect 1	1647007445048	1647007445105	OK	 
GROUP	1	AD_520_Mother_Nationality_POST	1647007444824	1647007445171	344	OK
REQUEST	1	AD_530_Mother_Occupation	Adoption Mother's Occupation	1647007446174	1647007446559	OK	 
REQUEST	1	AD_530_Mother_Occupation	Adoption Mother's Occupation Redirect 1	1647007446561	1647007446623	OK	 
GROUP	1	AD_530_Mother_Occupation	1647007446174	1647007446814	635	OK
REQUEST	1	AD_535_Mother_Occupation_Redirect	Adoption Mother's Details Redirect	1647007447815	1647007448220	OK	 
GROUP	1	AD_535_Mother_Occupation_Redirect	1647007447815	1647007448283	465	OK
REQUEST	1	AD_540_Mother_Occupation	Adoption Mother's Address Known	1647007449286	1647007449613	OK	 
REQUEST	1	AD_540_Mother_Occupation	Adoption Mother's Address Known Redirect 1	1647007449615	1647007449822	OK	 
GROUP	1	AD_540_Mother_Occupation	1647007449286	1647007449899	609	OK
REQUEST	1	AD_550_Mother_Address_Manual	Adoption Mother's Address Manual	1647007450904	1647007451309	OK	 
GROUP	1	AD_550_Mother_Address_Manual	1647007450904	1647007451461	555	OK
REQUEST	1	AD_560_Mother_Address_POST	Adoption Mother's Address	1647007452455	1647007453039	OK	 
REQUEST	1	AD_560_Mother_Address_POST	Adoption Mother's Address Redirect 1	1647007453040	1647007453558	OK	 
GROUP	1	AD_560_Mother_Address_POST	1647007452455	1647007453669	1210	OK
REQUEST	1	AD_570_Father_Details	Adoption Father's Details	1647007454676	1647007455112	OK	 
GROUP	1	AD_570_Father_Details	1647007454676	1647007455249	570	OK
REQUEST	1	AD_580_Father_Details_POST	Adoption Father's Details On Certificate	1647007456246	1647007456450	OK	 
REQUEST	1	AD_580_Father_Details_POST	Adoption Father's Details On Certificate Redirect 1	1647007456451	1647007456558	OK	 
GROUP	1	AD_580_Father_Details_POST	1647007456245	1647007456623	374	OK
REQUEST	1	AD_590_Father_Name	Adoption Father's Name	1647007457614	1647007457993	OK	 
REQUEST	1	AD_590_Father_Name	Adoption Father's Name Redirect 1	1647007457994	1647007458343	OK	 
GROUP	1	AD_590_Father_Name	1647007457614	1647007458513	895	OK
REQUEST	1	AD_600_Father_Alive	Adoption Father Still alive?	1647007459514	1647007459934	OK	 
REQUEST	1	AD_600_Father_Alive	Adoption Father Still alive? Redirect 1	1647007459935	1647007460005	OK	 
GROUP	1	AD_600_Father_Alive	1647007459514	1647007460063	546	OK
REQUEST	1	AD_610_Father_Nationality_Add	Adoption Father add Nationality	1647007461064	1647007461301	OK	 
REQUEST	1	AD_610_Father_Nationality_Add	Adoption Father add Nationality Redirect 1	1647007461302	1647007461383	OK	 
GROUP	1	AD_610_Father_Nationality_Add	1647007461063	1647007461471	403	OK
REQUEST	1	AD_620_Father_Nationality_POST	Adoption Father's Nationality	1647007462476	1647007462768	OK	 
REQUEST	1	AD_620_Father_Nationality_POST	Adoption Father's Nationality Redirect 1	1647007462768	1647007462872	OK	 
GROUP	1	AD_620_Father_Nationality_POST	1647007462476	1647007462936	458	OK
REQUEST	1	AD_630_Father_Occupation	Adoption Father's Occupation	1647007463945	1647007464417	OK	 
REQUEST	1	AD_630_Father_Occupation	Adoption Father's Occupation Redirect 1	1647007464418	1647007464564	OK	 
GROUP	1	AD_630_Father_Occupation	1647007463945	1647007464712	763	OK
REQUEST	1	AD_640_Father_Address_Known	Adoption Father's Address Known?	1647007465704	1647007466637	OK	 
REQUEST	1	AD_640_Father_Address_Known	Adoption Father's Address Known? Redirect 1	1647007466638	1647007466968	OK	 
GROUP	1	AD_640_Father_Address_Known	1647007465704	1647007467132	1424	OK
REQUEST	1	AD_641_Father_Address_Manual	Adoption Father's Address Manual	1647007468133	1647007468218	OK	 
GROUP	1	AD_641_Father_Address_Manual	1647007468133	1647007468264	128	OK
REQUEST	1	AD_642_Father_Address_POST	Adoption Father's Address	1647007469274	1647007469520	OK	 
REQUEST	1	AD_642_Father_Address_POST	Adoption Father's Address Redirect 1	1647007469521	1647007469924	OK	 
GROUP	1	AD_642_Father_Address_POST	1647007469274	1647007469990	712	OK
REQUEST	1	AD_650_Other_Parent_Exists	Adoption Other Parent	1647007470985	1647007471772	OK	 
GROUP	1	AD_650_Other_Parent_Exists	1647007470984	1647007471929	941	OK
REQUEST	1	AD_660_Other_Exists_POST	Adoption Other Parent Exists	1647007472926	1647007473430	OK	 
REQUEST	1	AD_660_Other_Exists_POST	Adoption Other Parent Exists Redirect 1	1647007473431	1647007473513	OK	 
GROUP	1	AD_660_Other_Exists_POST	1647007472926	1647007473571	641	OK
REQUEST	1	AD_670_Other_Parent_Name	Adoption Other Parent Name	1647007474575	1647007474843	OK	 
REQUEST	1	AD_670_Other_Parent_Name	Adoption Other Parent Name Redirect 1	1647007474845	1647007474922	OK	 
GROUP	1	AD_670_Other_Parent_Name	1647007474575	1647007474977	397	OK
REQUEST	1	AD_680_Other_Parent_Address_Known	Adoption Other Parent Address known?	1647007475976	1647007476486	OK	 
REQUEST	1	AD_680_Other_Parent_Address_Known	Adoption Other Parent Address known? Redirect 1	1647007476487	1647007476555	OK	 
GROUP	1	AD_680_Other_Parent_Address_Known	1647007475975	1647007476608	629	OK
REQUEST	1	AD_690_Other_Parent_Address_Manual	Adoption Other Parent Address Manual	1647007477605	1647007477797	OK	 
GROUP	1	AD_690_Other_Parent_Address_Manual	1647007477605	1647007478064	456	OK
REQUEST	1	AD_700_Other_Parent_Address_POST	Adoption Other Parent Address Manual	1647007479066	1647007479675	OK	 
REQUEST	1	AD_700_Other_Parent_Address_POST	Adoption Other Parent Address Manual Redirect 1	1647007479676	1647007479951	OK	 
GROUP	1	AD_700_Other_Parent_Address_POST	1647007479065	1647007480169	1100	OK
REQUEST	1	adoption_710_Agency	Adoption Agency	1647007481174	1647007481384	OK	 
REQUEST	1	adoption_710_Agency	Adoption Agency Redirect 1	1647007481385	1647007481869	OK	 
GROUP	1	adoption_710_Agency	1647007481174	1647007481931	754	OK
REQUEST	1	AD_720_Agency_Details	Adoption Agency Details	1647007482924	1647007483279	OK	 
REQUEST	1	AD_720_Agency_Details	Adoption Agency Details Redirect 1	1647007483280	1647007483369	OK	 
GROUP	1	AD_720_Agency_Details	1647007482924	1647007483499	572	OK
REQUEST	1	AD_730_Other_Agency	Adoption Other Agency?	1647007484504	1647007484706	OK	 
REQUEST	1	AD_730_Other_Agency	Adoption Other Agency? Redirect 1	1647007484707	1647007484938	OK	 
REQUEST	1	AD_730_Other_Agency	Adoption Other Agency? Redirect 2	1647007484939	1647007485207	OK	 
GROUP	1	AD_730_Other_Agency	1647007484504	1647007485398	890	OK
REQUEST	1	AD_740_Other_Agency_Details	Adoption Other Agency Details	1647007486395	1647007486640	OK	 
REQUEST	1	AD_740_Other_Agency_Details	Adoption Other Agency Details Redirect 1	1647007486641	1647007486699	OK	 
GROUP	1	AD_740_Other_Agency_Details	1647007486394	1647007486746	347	OK
REQUEST	1	AD_750_Social_Worker_Details	Adoption Social Worker Details	1647007487753	1647007487947	OK	 
REQUEST	1	AD_750_Social_Worker_Details	Adoption Social Worker Details Redirect 1	1647007487948	1647007488068	OK	 
GROUP	1	AD_750_Social_Worker_Details	1647007487753	1647007488181	424	OK
REQUEST	1	AD_760_Sibling_Details	Adoption Sibling Details	1647007489175	1647007489332	OK	 
GROUP	1	AD_760_Sibling_Details	1647007489175	1647007489383	204	OK
REQUEST	1	AD_770_Sibling_Other	Adoption Any Sibling?	1647007490386	1647007490667	OK	 
REQUEST	1	AD_770_Sibling_Other	Adoption Any Sibling? Redirect 1	1647007490668	1647007490769	OK	 
GROUP	1	AD_770_Sibling_Other	1647007490386	1647007490963	574	OK
REQUEST	1	AD_780_Sibling_Order_Exists	Adoption Court Order Exists?	1647007491955	1647007492665	OK	 
REQUEST	1	AD_780_Sibling_Order_Exists	Adoption Court Order Exists? Redirect 1	1647007492667	1647007493171	OK	 
GROUP	1	AD_780_Sibling_Order_Exists	1647007491954	1647007493352	1392	OK
REQUEST	1	AD_790_Sibling_Name	Adoption Sibling Name	1647007494353	1647007495019	OK	 
REQUEST	1	AD_790_Sibling_Name	Adoption Sibling Name Redirect 1	1647007495020	1647007495187	OK	 
REQUEST	1	AD_790_Sibling_Name	Adoption Sibling Name Redirect 2	1647007495188	1647007495392	OK	 
GROUP	1	AD_790_Sibling_Name	1647007494353	1647007495447	1090	OK
REQUEST	1	AD_800_Sibling_Type	Adoption Order Type?	1647007496455	1647007496699	OK	 
REQUEST	1	AD_800_Sibling_Type	Adoption Order Type? Redirect 1	1647007496700	1647007497123	OK	 
GROUP	1	AD_800_Sibling_Type	1647007496455	1647007497231	773	OK
REQUEST	1	AD_810_Sibling_Number	Adoption Order Number	1647007498225	1647007498442	OK	 
REQUEST	1	AD_810_Sibling_Number	Adoption Order Number Redirect 1	1647007498443	1647007498509	OK	 
GROUP	1	AD_810_Sibling_Number	1647007498225	1647007498570	341	OK
REQUEST	1	AD_820_Sibling_New_Order	Adoption Add New Order?	1647007499574	1647007499907	OK	 
REQUEST	1	AD_820_Sibling_New_Order	Adoption Add New Order? Redirect 1	1647007499908	1647007500171	OK	 
GROUP	1	AD_820_Sibling_New_Order	1647007499574	1647007500496	917	OK
REQUEST	1	AD_830_Sibling_Select	Adoption Select Sibling	1647007501505	1647007501842	OK	 
REQUEST	1	AD_830_Sibling_Select	Adoption Select Sibling Redirect 1	1647007501843	1647007502089	OK	 
REQUEST	1	AD_830_Sibling_Select	Adoption Select Sibling Redirect 2	1647007502090	1647007502766	OK	 
GROUP	1	AD_830_Sibling_Select	1647007501504	1647007503070	1561	OK
REQUEST	1	AD_840_Sibling_Type_2	Adoption Order Type	1647007504065	1647007505062	OK	 
REQUEST	1	AD_840_Sibling_Type_2	Adoption Order Type Redirect 1	1647007505064	1647007505540	OK	 
GROUP	1	AD_840_Sibling_Type_2	1647007504064	1647007505613	1544	OK
REQUEST	1	AD_850_Sibling_Number_2t	Adoption Order Number	1647007506605	1647007506874	OK	 
REQUEST	1	AD_850_Sibling_Number_2t	Adoption Order Number Redirect 1	1647007506876	1647007507023	OK	 
GROUP	1	AD_850_Sibling_Number_2t	1647007506604	1647007507200	590	OK
REQUEST	1	AD_855_Sibling_Remove	Adoption Remove Placement Order	1647007508206	1647007509043	OK	 
REQUEST	1	AD_855_Sibling_Remove	Adoption Remove Placement Order Redirect 1	1647007509044	1647007509699	OK	 
GROUP	1	AD_855_Sibling_Remove	1647007508205	1647007510201	1992	OK
REQUEST	1	AD_860_Sibling_Summary	Adoption Order Summary	1647007511206	1647007511681	OK	 
REQUEST	1	AD_860_Sibling_Summary	Adoption Order Summary Redirect 1	1647007511682	1647007511777	OK	 
GROUP	1	AD_860_Sibling_Summary	1647007511206	1647007511852	643	OK
REQUEST	1	AD_861_Family_Court	Adoption Family Court Redirect	1647007512845	1647007513384	OK	 
GROUP	1	AD_861_Family_Court	1647007512845	1647007513604	756	OK
REQUEST	1	AD_862_Family_Court_POST	Adoption Family Court Redirect	1647007514604	1647007514816	OK	 
REQUEST	1	AD_862_Family_Court_POST	Adoption Family Court Redirect Redirect 1	1647007514817	1647007515472	OK	 
GROUP	1	AD_862_Family_Court_POST	1647007514604	1647007515583	976	OK
REQUEST	1	AD_870_Upload_Document	Adoption Birth Certificate Details	1647007516584	1647007516776	OK	 
GROUP	1	AD_870_Upload_Document	1647007516584	1647007516895	307	OK
REQUEST	1	AD_880_Upload_Document	Adoption Certificate Upload	1647007517931	1647007523623	OK	 
GROUP	1	AD_880_Upload_Document	1647007517905	1647007523668	5692	OK
REQUEST	1	AD_885_Upload_Document_POST	Adoption Certificate Upload POST	1647007524613	1647007525130	OK	 
REQUEST	1	AD_885_Upload_Document_POST	Adoption Certificate Upload POST Redirect 1	1647007525131	1647007525292	OK	 
GROUP	1	AD_885_Upload_Document_POST	1647007524613	1647007525465	848	OK
USER	LAU Simulation	1	END	1647007317970	1647007526477
