RUN	simulations.mainSimulation	mainsimulation	1646822429575	 	3.3.1
USER	LAU Simulation	1	START	1646822430108	1646822430108
REQUEST	1	adoption_010_Homepage	Adoption Homepage	1646822430131	1646822430214	OK	 
REQUEST	1	adoption_010_Homepage	Adoption Homepage Redirect 1	1646822430240	1646822430267	OK	 
REQUEST	1	adoption_010_Homepage	Adoption Homepage Redirect 2	1646822430268	1646822430339	OK	 
GROUP	1	adoption_010_Homepage	1646822430114	1646822430573	323	OK
REQUEST	1	Adoption_020_Login	Adoption Login	1646822432597	1646822432880	OK	 
REQUEST	1	Adoption_020_Login	Adoption Login Redirect 1	1646822432884	1646822433391	OK	 
REQUEST	1	Adoption_020_Login	Adoption Login Redirect 2	1646822433393	1646822433801	OK	 
REQUEST	1	Adoption_020_Login	Adoption Login Redirect 3	1646822433803	1646822434111	OK	 
GROUP	1	Adoption_020_Login	1646822432591	1646822434224	1608	OK
REQUEST	1	Adoption_030_Apply_With	Adoption Applying With	1646822436231	1646822436275	OK	 
GROUP	1	Adoption_030_Apply_With	1646822436231	1646822436330	90	OK
REQUEST	1	Adoption_040_Adoption_Applying_Post	Adoption Applying Post	1646822438333	1646822438921	OK	 
REQUEST	1	Adoption_040_Adoption_Applying_Post	Adoption Applying Post Redirect 1	1646822438923	1646822439229	OK	 
GROUP	1	Adoption_040_Adoption_Applying_Post	1646822438331	1646822439290	953	OK
REQUEST	1	Adoption_050_Adoption_Applying_With_Redirect	Adoption Applying With Redirect	1646822441289	1646822441326	OK	 
GROUP	1	Adoption_050_Adoption_Applying_With_Redirect	1646822441289	1646822441376	86	OK
REQUEST	1	adoption_710_Agency	Adoption Agency	1646822443370	1646822443665	OK	 
REQUEST	1	adoption_710_Agency	Adoption Agency Redirect 1	1646822443666	1646822444246	OK	 
GROUP	1	adoption_710_Agency	1646822443369	1646822444297	922	OK
REQUEST	1	adoption_720_Agency_Details	Adoption Agency Details	1646822446303	1646822446573	OK	 
REQUEST	1	adoption_720_Agency_Details	Adoption Agency Details Redirect 1	1646822446575	1646822446618	OK	 
GROUP	1	adoption_720_Agency_Details	1646822446302	1646822446667	358	OK
REQUEST	1	adoption_730_Other_Agency	Adoption Other Agency?	1646822448670	1646822448880	OK	 
REQUEST	1	adoption_730_Other_Agency	Adoption Other Agency? Redirect 1	1646822448882	1646822449160	OK	 
REQUEST	1	adoption_730_Other_Agency	Adoption Other Agency? Redirect 2	1646822449161	1646822449398	OK	 
GROUP	1	adoption_730_Other_Agency	1646822448670	1646822449442	765	OK
REQUEST	1	adoption_740_Other_Agency_Details	Adoption Other Agency Details	1646822451449	1646822451822	OK	 
REQUEST	1	adoption_740_Other_Agency_Details	Adoption Other Agency Details Redirect 1	1646822451824	1646822451864	OK	 
GROUP	1	adoption_740_Other_Agency_Details	1646822451449	1646822451908	453	OK
REQUEST	1	adoption_750_Social_Worker_Details	Adoption Social Worker Details	1646822453900	1646822454130	OK	 
REQUEST	1	adoption_750_Social_Worker_Details	Adoption Social Worker Details Redirect 1	1646822454132	1646822454185	OK	 
GROUP	1	adoption_750_Social_Worker_Details	1646822453899	1646822454244	340	OK
USER	LAU Simulation	1	END	1646822430108	1646822456252
