RUN	simulations.mainSimulation	mainsimulation	1646840312271	 	3.3.1
USER	LAU Simulation	1	START	1646840312990	1646840312990
REQUEST	1	adoption_010_Homepage	Adoption Homepage	1646840313015	1646840313085	OK	 
REQUEST	1	adoption_010_Homepage	Adoption Homepage Redirect 1	1646840313112	1646840313142	OK	 
REQUEST	1	adoption_010_Homepage	Adoption Homepage Redirect 2	1646840313144	1646840313800	OK	 
GROUP	1	adoption_010_Homepage	1646840312998	1646840314361	1226	OK
REQUEST	1	Adoption_020_Login	Adoption Login	1646840315384	1646840315665	OK	 
REQUEST	1	Adoption_020_Login	Adoption Login Redirect 1	1646840315668	1646840316075	OK	 
REQUEST	1	Adoption_020_Login	Adoption Login Redirect 2	1646840316077	1646840317406	OK	 
REQUEST	1	Adoption_020_Login	Adoption Login Redirect 3	1646840317408	1646840317455	OK	 
GROUP	1	Adoption_020_Login	1646840315378	1646840318642	3242	OK
REQUEST	1	Adoption_030_Apply_With	Adoption Applying With	1646840319648	1646840319701	OK	 
GROUP	1	Adoption_030_Apply_With	1646840319647	1646840319879	225	OK
REQUEST	1	Adoption_040_Adoption_Applying_Post	Adoption Applying Post	1646840320891	1646840321269	OK	 
REQUEST	1	Adoption_040_Adoption_Applying_Post	Adoption Applying Post Redirect 1	1646840321271	1646840321324	OK	 
GROUP	1	Adoption_040_Adoption_Applying_Post	1646840320889	1646840321859	960	OK
REQUEST	1	Adoption_050_Adoption_Applying_With_Redirect	Adoption Applying With Redirect	1646840322860	1646840322899	OK	 
GROUP	1	Adoption_050_Adoption_Applying_With_Redirect	1646840322859	1646840323175	310	OK
REQUEST	1	Adoption_060_Date_Of_Move	Adoption Date Child Moved in 	1646840324170	1646840324323	OK	 
GROUP	1	Adoption_060_Date_Of_Move	1646840324169	1646840324561	386	OK
REQUEST	1	Adoption_070_Date_Of_Move_POST	Adoption Date Child Moved in Post	1646840325560	1646840325905	OK	 
REQUEST	1	Adoption_070_Date_Of_Move_POST	Adoption Date Child Moved in Post Redirect 1	1646840325907	1646840325957	OK	 
REQUEST	1	Adoption_070_Date_Of_Move_POST,Adoption_050_Adoption_Applying_With_Redirect	Adoption Applying With Redirect	1646840326142	1646840326182	OK	 
GROUP	1	Adoption_070_Date_Of_Move_POST,Adoption_050_Adoption_Applying_With_Redirect	1646840326141	1646840326419	271	OK
GROUP	1	Adoption_070_Date_Of_Move_POST	1646840325559	1646840327428	846	OK
REQUEST	1	adoption_290_Birth_Certificate	Adoption Birth Certificate Details	1646840328430	1646840328473	OK	 
GROUP	1	adoption_290_Birth_Certificate	1646840328429	1646840328584	149	OK
REQUEST	1	adoption_300_Birth_Certificate_Name	Adoption Birth Certificate Name	1646840329579	1646840330104	OK	 
REQUEST	1	adoption_300_Birth_Certificate_Name	Adoption Birth Certificate Name Redirect 1	1646840330106	1646840330145	OK	 
GROUP	1	adoption_300_Birth_Certificate_Name	1646840329578	1646840330267	682	OK
REQUEST	1	adoption_320_Birth_Certificate_DoB	Adoption Birth Certificate DoB	1646840331269	1646840331313	OK	 
REQUEST	1	adoption_320_Birth_Certificate_DoB	Adoption Birth Certificate DoB Redirect 1	1646840331314	1646840331373	OK	 
GROUP	1	adoption_320_Birth_Certificate_DoB	1646840331268	1646840331496	223	OK
REQUEST	1	adoption_325_Birth_Certificate_DoB_Redirect	Adoption Birth Certificate Details Redirect	1646840332489	1646840332536	OK	 
GROUP	1	adoption_325_Birth_Certificate_DoB_Redirect	1646840332489	1646840332622	128	OK
REQUEST	1	adoption_330_Birth_Certificate_Sex	Adoption Birth Certificate Sex	1646840332623	1646840332868	OK	 
REQUEST	1	adoption_330_Birth_Certificate_Sex	Adoption Birth Certificate Sex Redirect 1	1646840332870	1646840332914	OK	 
GROUP	1	adoption_330_Birth_Certificate_Sex	1646840332622	1646840333056	427	OK
REQUEST	1	adoption_335_Birth_Certificate_Sex_Redirect	Adoption Birth Certificate Sex Redirect	1646840334059	1646840334108	OK	 
GROUP	1	adoption_335_Birth_Certificate_Sex_Redirect	1646840334058	1646840334181	118	OK
REQUEST	1	adoption_340_Birth_Certificate_Nationality_Add	Adoption Birth Certificate Nationality Add	1646840334181	1646840334615	OK	 
REQUEST	1	adoption_340_Birth_Certificate_Nationality_Add	Adoption Birth Certificate Nationality Add Redirect 1	1646840334616	1646840334653	OK	 
GROUP	1	adoption_340_Birth_Certificate_Nationality_Add	1646840334181	1646840334743	558	OK
REQUEST	1	adoption_350_Birth_Certificate_Nationality_POST	Adoption Birth Certificate Nationality POST	1646840335748	1646840335954	OK	 
REQUEST	1	adoption_350_Birth_Certificate_Nationality_POST	Adoption Birth Certificate Nationality POST Redirect 1	1646840335956	1646840336006	OK	 
GROUP	1	adoption_350_Birth_Certificate_Nationality_POST	1646840335748	1646840336150	396	OK
REQUEST	1	adoption_760_Sibling_Details	Adoption Sibling Details	1646840337147	1646840337208	OK	 
GROUP	1	adoption_760_Sibling_Details	1646840337147	1646840337598	447	OK
REQUEST	1	adoption_770_Sibling_Other?	Adoption Any Sibling?	1646840338598	1646840338841	OK	 
REQUEST	1	adoption_770_Sibling_Other?	Adoption Any Sibling? Redirect 1	1646840338843	1646840339022	OK	 
GROUP	1	adoption_770_Sibling_Other?	1646840338598	1646840339376	772	OK
REQUEST	1	adoption_780_Sibling_Court_Order_Exists?	Adoption Court Order Exists?	1646840340367	1646840340609	OK	 
REQUEST	1	adoption_780_Sibling_Court_Order_Exists?	Adoption Court Order Exists? Redirect 1	1646840340610	1646840340777	OK	 
GROUP	1	adoption_780_Sibling_Court_Order_Exists?	1646840340367	1646840340847	475	OK
REQUEST	1	adoption_790_Sibling_Name?	Adoption Sibling Name	1646840341862	1646840342061	OK	 
REQUEST	1	adoption_790_Sibling_Name?	Adoption Sibling Name Redirect 1	1646840342063	1646840342381	OK	 
REQUEST	1	adoption_790_Sibling_Name?	Adoption Sibling Name Redirect 2	1646840342383	1646840342816	OK	 
GROUP	1	adoption_790_Sibling_Name?	1646840341861	1646840343111	1243	OK
REQUEST	1	adoption_800_Sibling_Order_Type	Adoption Order Type?	1646840344110	1646840344418	OK	 
REQUEST	1	adoption_800_Sibling_Order_Type	Adoption Order Type? Redirect 1	1646840344419	1646840344618	OK	 
GROUP	1	adoption_800_Sibling_Order_Type	1646840344109	1646840344721	606	OK
REQUEST	1	adoption_810_Sibling_Order_Number	Adoption Order Number	1646840345720	1646840345898	OK	 
REQUEST	1	adoption_810_Sibling_Order_Number	Adoption Order Number Redirect 1	1646840345900	1646840345952	OK	 
GROUP	1	adoption_810_Sibling_Order_Number	1646840345719	1646840346062	338	OK
REQUEST	1	adoption_820_Sibling_New_Order?	Adoption Add New Order?	1646840347057	1646840347253	OK	 
REQUEST	1	adoption_820_Sibling_New_Order?	Adoption Add New Order? Redirect 1	1646840347254	1646840347300	OK	 
GROUP	1	adoption_820_Sibling_New_Order?	1646840347057	1646840347448	384	OK
REQUEST	1	adoption_830_Sibling_Select	Adoption Select Sibling	1646840348457	1646840348670	OK	 
REQUEST	1	adoption_830_Sibling_Select	Adoption Select Sibling Redirect 1	1646840348672	1646840348837	OK	 
REQUEST	1	adoption_830_Sibling_Select	Adoption Select Sibling Redirect 2	1646840348838	1646840349296	OK	 
GROUP	1	adoption_830_Sibling_Select	1646840348457	1646840349404	941	OK
REQUEST	1	adoption_840_Sibling_Select	Adoption Order Type	1646840350398	1646840350637	OK	 
REQUEST	1	adoption_840_Sibling_Select	Adoption Order Type Redirect 1	1646840350638	1646840350800	OK	 
GROUP	1	adoption_840_Sibling_Select	1646840350397	1646840350913	511	OK
REQUEST	1	adoption_850_Sibling_Select	Adoption Order Number	1646840351918	1646840352106	OK	 
REQUEST	1	adoption_850_Sibling_Select	Adoption Order Number Redirect 1	1646840352107	1646840352198	OK	 
GROUP	1	adoption_850_Sibling_Select	1646840351917	1646840352367	445	OK
REQUEST	1	adoption_860_Sibling_Select	Adoption Order Number	1646840353368	1646840353896	OK	 
REQUEST	1	adoption_860_Sibling_Select	Adoption Order Number Redirect 1	1646840353898	1646840354097	OK	 
GROUP	1	adoption_860_Sibling_Select	1646840353367	1646840354256	882	OK
USER	LAU Simulation	1	END	1646840312990	1646840355252
