RUN	simulations.mainSimulation	mainsimulation	1646820968239	 	3.3.1
USER	LAU Simulation	1	START	1646820968757	1646820968757
REQUEST	1	adoption_010_Homepage	Adoption Homepage	1646820968780	1646820968848	OK	 
REQUEST	1	adoption_010_Homepage	Adoption Homepage Redirect 1	1646820968874	1646820968906	OK	 
REQUEST	1	adoption_010_Homepage	Adoption Homepage Redirect 2	1646820968908	1646820968981	OK	 
GROUP	1	adoption_010_Homepage	1646820968765	1646820969219	319	OK
REQUEST	1	Adoption_020_Login	Adoption Login	1646820971244	1646820971445	OK	 
REQUEST	1	Adoption_020_Login	Adoption Login Redirect 1	1646820971449	1646820971947	OK	 
REQUEST	1	Adoption_020_Login	Adoption Login Redirect 2	1646820971949	1646820972140	OK	 
REQUEST	1	Adoption_020_Login	Adoption Login Redirect 3	1646820972142	1646820972181	OK	 
GROUP	1	Adoption_020_Login	1646820971238	1646820972295	1033	OK
REQUEST	1	Adoption_030_Apply_With	Adoption Applying With	1646820974299	1646820974356	OK	 
GROUP	1	Adoption_030_Apply_With	1646820974298	1646820974427	122	OK
REQUEST	1	Adoption_040_Adoption_Applying_Post	Adoption Applying Post	1646820976431	1646820977067	OK	 
REQUEST	1	Adoption_040_Adoption_Applying_Post	Adoption Applying Post Redirect 1	1646820977069	1646820977108	OK	 
GROUP	1	Adoption_040_Adoption_Applying_Post	1646820976429	1646820977164	724	OK
REQUEST	1	Adoption_050_Adoption_Applying_With_Redirect	Adoption Applying With Redirect	1646820979159	1646820979207	OK	 
GROUP	1	Adoption_050_Adoption_Applying_With_Redirect	1646820979158	1646820979250	85	OK
REQUEST	1	adoption_570_Birth_Father_Details	Adoption Father's Details	1646820981257	1646820981298	OK	 
GROUP	1	adoption_570_Birth_Father_Details	1646820981256	1646820981351	89	OK
REQUEST	1	adoption_580_Birth_Father_Details_POST	Adoption Father's Details On Certificate	1646820983349	1646820983929	OK	 
REQUEST	1	adoption_580_Birth_Father_Details_POST	Adoption Father's Details On Certificate Redirect 1	1646820983931	1646820983979	KO	substring(What is the full name of the child's birth father?).find.exists, found nothing
GROUP	1	adoption_580_Birth_Father_Details_POST	1646820983348	1646820983985	628	KO
USER	LAU Simulation	1	END	1646820968757	1646820983992
