RUN	simulations.mainSimulation	mainsimulation	1646923195770	 	3.3.1
USER	LAU Simulation	1	START	1646923196391	1646923196391
REQUEST	1	adoption_010_Homepage	Adoption Homepage	1646923196421	1646923201240	OK	 
REQUEST	1	adoption_010_Homepage	Adoption Homepage Redirect 1	1646923201268	1646923202778	OK	 
REQUEST	1	adoption_010_Homepage	Adoption Homepage Redirect 2	1646923202780	1646923202833	OK	 
GROUP	1	adoption_010_Homepage	1646923196401	1646923204367	7809	OK
REQUEST	1	Adoption_020_Login	Adoption Login	1646923205387	1646923205667	OK	 
REQUEST	1	Adoption_020_Login	Adoption Login Redirect 1	1646923205671	1646923205990	OK	 
REQUEST	1	Adoption_020_Login	Adoption Login Redirect 2	1646923205991	1646923206617	OK	 
REQUEST	1	Adoption_020_Login	Adoption Login Redirect 3	1646923206618	1646923207327	OK	 
GROUP	1	Adoption_020_Login	1646923205382	1646923209478	4076	OK
REQUEST	1	Adoption_030_Apply_With	Adoption Applying With	1646923210483	1646923210713	OK	 
GROUP	1	Adoption_030_Apply_With	1646923210482	1646923210774	284	OK
REQUEST	1	Adoption_040_Adoption_Applying_Post	Adoption Applying Post	1646923211783	1646923212778	OK	 
REQUEST	1	Adoption_040_Adoption_Applying_Post	Adoption Applying Post Redirect 1	1646923212779	1646923212864	OK	 
GROUP	1	Adoption_040_Adoption_Applying_Post	1646923211782	1646923216159	4374	OK
REQUEST	1	Adoption_050_Adoption_Applying_With_Redirect	Adoption Applying With Redirect	1646923217154	1646923217191	OK	 
GROUP	1	Adoption_050_Adoption_Applying_With_Redirect	1646923217153	1646923221721	4565	OK
REQUEST	1	adoption_870_Upload_Document	Adoption Birth Certificate Details	1646923222722	1646923222764	OK	 
GROUP	1	adoption_870_Upload_Document	1646923222722	1646923222834	109	OK
REQUEST	1	adoption_880_Upload_Document	Adoption Certificate Upload	1646923223855	1646923227837	KO	regex(document-manager/([0-9a-z-]+?)/binary).find.exists, found nothing
GROUP	1	adoption_880_Upload_Document	1646923223832	1646923227888	3982	KO
USER	LAU Simulation	1	END	1646923196391	1646923227895
