RUN	simulations.mainSimulation	mainsimulation	1646844530432	 	3.3.1
USER	LAU Simulation	1	START	1646844531023	1646844531023
REQUEST	1	adoption_010_Homepage	Adoption Homepage	1646844531044	1646844532104	OK	 
REQUEST	1	adoption_010_Homepage	Adoption Homepage Redirect 1	1646844532128	1646844532207	OK	 
REQUEST	1	adoption_010_Homepage	Adoption Homepage Redirect 2	1646844532209	1646844532447	OK	 
GROUP	1	adoption_010_Homepage	1646844531030	1646844532758	1595	OK
REQUEST	1	Adoption_020_Login	Adoption Login	1646844533785	1646844534042	OK	 
REQUEST	1	Adoption_020_Login	Adoption Login Redirect 1	1646844534045	1646844534493	OK	 
REQUEST	1	Adoption_020_Login	Adoption Login Redirect 2	1646844534495	1646844535354	OK	 
REQUEST	1	Adoption_020_Login	Adoption Login Redirect 3	1646844535356	1646844535523	OK	 
GROUP	1	Adoption_020_Login	1646844533779	1646844537176	3374	OK
REQUEST	1	Adoption_030_Apply_With	Adoption Applying With	1646844538169	1646844538372	OK	 
GROUP	1	Adoption_030_Apply_With	1646844538167	1646844538525	349	OK
REQUEST	1	Adoption_040_Adoption_Applying_Post	Adoption Applying Post	1646844539531	1646844539746	OK	 
REQUEST	1	Adoption_040_Adoption_Applying_Post	Adoption Applying Post Redirect 1	1646844539748	1646844539829	OK	 
GROUP	1	Adoption_040_Adoption_Applying_Post	1646844539529	1646844539901	363	OK
REQUEST	1	Adoption_050_Adoption_Applying_With_Redirect	Adoption Applying With Redirect	1646844540910	1646844541055	OK	 
GROUP	1	Adoption_050_Adoption_Applying_With_Redirect	1646844540909	1646844541162	248	OK
REQUEST	1	Adoption_060_Date_Of_Move	Adoption Date Child Moved in 	1646844542160	1646844542372	OK	 
GROUP	1	Adoption_060_Date_Of_Move	1646844542159	1646844542526	360	OK
REQUEST	1	Adoption_070_Date_Of_Move_POST	Adoption Date Child Moved in Post	1646844543518	1646844543907	OK	 
REQUEST	1	Adoption_070_Date_Of_Move_POST	Adoption Date Child Moved in Post Redirect 1	1646844543909	1646844543944	OK	 
REQUEST	1	Adoption_070_Date_Of_Move_POST,Adoption_050_Adoption_Applying_With_Redirect	Adoption Applying With Redirect	1646844544051	1646844544092	OK	 
GROUP	1	Adoption_070_Date_Of_Move_POST,Adoption_050_Adoption_Applying_With_Redirect	1646844544051	1646844544167	112	OK
GROUP	1	Adoption_070_Date_Of_Move_POST	1646844543517	1646844545169	639	OK
REQUEST	1	adoption_760_Sibling_Details	Adoption Sibling Details	1646844546180	1646844546227	OK	 
GROUP	1	adoption_760_Sibling_Details	1646844546179	1646844546298	114	OK
REQUEST	1	adoption_770_Sibling_Other?	Adoption Any Sibling?	1646844547299	1646844547479	OK	 
REQUEST	1	adoption_770_Sibling_Other?	Adoption Any Sibling? Redirect 1	1646844547481	1646844547598	OK	 
GROUP	1	adoption_770_Sibling_Other?	1646844547298	1646844547676	370	OK
REQUEST	1	adoption_780_Sibling_Court_Order_Exists?	Adoption Court Order Exists?	1646844548668	1646844548889	OK	 
REQUEST	1	adoption_780_Sibling_Court_Order_Exists?	Adoption Court Order Exists? Redirect 1	1646844548891	1646844549204	OK	 
GROUP	1	adoption_780_Sibling_Court_Order_Exists?	1646844548667	1646844549650	972	OK
REQUEST	1	adoption_790_Sibling_Name?	Adoption Sibling Name	1646844550660	1646844551204	OK	 
REQUEST	1	adoption_790_Sibling_Name?	Adoption Sibling Name Redirect 1	1646844551205	1646844551481	OK	 
REQUEST	1	adoption_790_Sibling_Name?	Adoption Sibling Name Redirect 2	1646844551482	1646844551704	OK	 
GROUP	1	adoption_790_Sibling_Name?	1646844550659	1646844551827	1161	OK
REQUEST	1	adoption_800_Sibling_Order_Type	Adoption Order Type?	1646844552820	1646844556100	OK	 
REQUEST	1	adoption_800_Sibling_Order_Type	Adoption Order Type? Redirect 1	1646844556101	1646844556619	OK	 
GROUP	1	adoption_800_Sibling_Order_Type	1646844552819	1646844556795	3971	OK
REQUEST	1	adoption_810_Sibling_Order_Number	Adoption Order Number	1646844557800	1646844558147	OK	 
REQUEST	1	adoption_810_Sibling_Order_Number	Adoption Order Number Redirect 1	1646844558149	1646844558328	OK	 
GROUP	1	adoption_810_Sibling_Order_Number	1646844557799	1646844558405	599	OK
REQUEST	1	adoption_820_Sibling_New_Order?	Adoption Add New Order?	1646844559408	1646844559655	OK	 
REQUEST	1	adoption_820_Sibling_New_Order?	Adoption Add New Order? Redirect 1	1646844559656	1646844559711	OK	 
GROUP	1	adoption_820_Sibling_New_Order?	1646844559408	1646844559797	382	OK
REQUEST	1	adoption_830_Sibling_Select	Adoption Select Sibling	1646844560790	1646844560959	OK	 
REQUEST	1	adoption_830_Sibling_Select	Adoption Select Sibling Redirect 1	1646844560961	1646844561160	OK	 
REQUEST	1	adoption_830_Sibling_Select	Adoption Select Sibling Redirect 2	1646844561161	1646844561436	OK	 
GROUP	1	adoption_830_Sibling_Select	1646844560789	1646844561587	791	OK
REQUEST	1	adoption_840_Sibling_Select	Adoption Order Type	1646844562600	1646844563163	OK	 
REQUEST	1	adoption_840_Sibling_Select	Adoption Order Type Redirect 1	1646844563165	1646844563462	OK	 
GROUP	1	adoption_840_Sibling_Select	1646844562599	1646844563601	996	OK
REQUEST	1	adoption_850_Sibling_Select	Adoption Order Number	1646844564600	1646844565074	OK	 
REQUEST	1	adoption_850_Sibling_Select	Adoption Order Number Redirect 1	1646844565075	1646844565118	OK	 
GROUP	1	adoption_850_Sibling_Select	1646844564599	1646844565179	575	OK
REQUEST	1	adoption_860_Sibling_Select	Adoption Order Number	1646844566180	1646844566359	OK	 
REQUEST	1	adoption_860_Sibling_Select	Adoption Order Number Redirect 1	1646844566361	1646844566501	OK	 
GROUP	1	adoption_860_Sibling_Select	1646844566179	1646844566623	437	OK
USER	LAU Simulation	1	END	1646844531023	1646844567620
