RUN	simulations.mainSimulation	mainsimulation	1647006611857	 	3.3.1
USER	LAU Simulation	1	START	1647006614223	1647006614223
REQUEST	1	AD_010_Homepage	Adoption Homepage	1647006614248	1647006617373	OK	 
REQUEST	1	AD_010_Homepage	Adoption Homepage Redirect 1	1647006617395	1647006617455	OK	 
REQUEST	1	AD_010_Homepage	Adoption Homepage Redirect 2	1647006617457	1647006617627	OK	 
GROUP	1	AD_010_Homepage	1647006614230	1647006619406	5042	OK
REQUEST	1	AD_020_Login	Adoption Login	1647006620425	1647006620800	OK	 
REQUEST	1	AD_020_Login	Adoption Login Redirect 1	1647006620805	1647006621267	OK	 
REQUEST	1	AD_020_Login	Adoption Login Redirect 2	1647006621275	1647006622851	OK	 
REQUEST	1	AD_020_Login	Adoption Login Redirect 3	1647006622853	1647006623063	OK	 
GROUP	1	AD_020_Login	1647006620421	1647006625829	5382	OK
REQUEST	1	AD_030_Apply_With	Adoption Applying With	1647006626833	1647006626929	OK	 
GROUP	1	AD_030_Apply_With	1647006626831	1647006627076	236	OK
REQUEST	1	AD_040_Applying_Post	Adoption Applying Post	1647006628084	1647006628660	OK	 
REQUEST	1	AD_040_Applying_Post	Adoption Applying Post Redirect 1	1647006628662	1647006628786	OK	 
GROUP	1	AD_040_Applying_Post	1647006628081	1647006628945	853	OK
REQUEST	1	AD_050_Applying_With_Redirect	Adoption Applying With Redirect	1647006629941	1647006630031	OK	 
GROUP	1	AD_050_Applying_With_Redirect	1647006629940	1647006630114	168	OK
REQUEST	1	AD_060_Date_Of_Move	Adoption Date Child Moved in 	1647006631122	1647006631441	OK	 
GROUP	1	AD_060_Date_Of_Move	1647006631121	1647006631776	650	OK
REQUEST	1	AD_070_Date_Of_Move_POST	Adoption Date Child Moved in Post	1647006632770	1647006633208	OK	 
REQUEST	1	AD_070_Date_Of_Move_POST	Adoption Date Child Moved in Post Redirect 1	1647006633209	1647006634194	OK	 
GROUP	1	AD_070_Date_Of_Move_POST	1647006632769	1647006634525	1749	OK
REQUEST	1	AD_080_Your_Details	Adoption Your Personal Details 	1647006634526	1647006636409	OK	 
GROUP	1	AD_080_Your_Details	1647006634525	1647006636560	2030	OK
REQUEST	1	AD_090_Your_Details_POST	Adoption Your Personal Details Post	1647006637572	1647006638089	OK	 
REQUEST	1	AD_090_Your_Details_POST	Adoption Your Personal Details Post Redirect 1	1647006638090	1647006638199	OK	 
GROUP	1	AD_090_Your_Details_POST	1647006637571	1647006638338	762	OK
REQUEST	1	AD_100_Your_Details_Other_Name	Adoption Your Personal Details Other Name	1647006639332	1647006639535	OK	 
REQUEST	1	AD_100_Your_Details_Other_Name	Adoption Your Personal Details Other Name Redirect 1	1647006639537	1647006639596	OK	 
GROUP	1	AD_100_Your_Details_Other_Name	1647006639332	1647006639674	336	OK
REQUEST	1	AD_110_Your_Details_DoB	Adoption Your Personal Details DoB	1647006640672	1647006640740	OK	 
GROUP	1	AD_110_Your_Details_DoB	1647006640671	1647006640879	203	OK
REQUEST	1	AD_120_Your_Details_DoB_POST	Adoption Your Personal Details DoB POST	1647006641890	1647006642561	OK	 
REQUEST	1	AD_120_Your_Details_DoB_POST	Adoption Your Personal Details DoB POST Redirect 1	1647006642563	1647006642747	OK	 
GROUP	1	AD_120_Your_Details_DoB_POST	1647006641889	1647006642877	981	OK
REQUEST	1	AD_130_Your_Details_Occupation	Adoption Your Personal Details Occupation	1647006643872	1647006644083	OK	 
REQUEST	1	AD_130_Your_Details_Occupation	Adoption Your Personal Details Occupation Redirect 1	1647006644085	1647006644159	OK	 
GROUP	1	AD_130_Your_Details_Occupation	1647006643871	1647006644251	372	OK
REQUEST	1	AD_140_Your_Contact	Adoption Your Contact Details LookUp	1647006645250	1647006645536	OK	 
GROUP	1	AD_140_Your_Contact	1647006645249	1647006646083	829	OK
REQUEST	1	AD_150_Your_Contact_Manual	Adoption Your Contact Details Manual	1647006647092	1647006652887	OK	 
GROUP	1	AD_150_Your_Contact_Manual	1647006647091	1647006653048	5952	OK
REQUEST	1	AD_160_Your_Contact_POST	Adoption Your Contact Details Manual POST	1647006654040	1647006654268	OK	 
REQUEST	1	AD_160_Your_Contact_POST	Adoption Your Contact Details Manual POST Redirect 1	1647006654270	1647006654368	OK	 
GROUP	1	AD_160_Your_Contact_POST	1647006654040	1647006654454	408	OK
REQUEST	1	AD_170_Your_Contact_POST	Adoption Your Contact Details POST	1647006655462	1647006656011	OK	 
REQUEST	1	AD_170_Your_Contact_POST	Adoption Your Contact Details POST Redirect 1	1647006656012	1647006656882	OK	 
GROUP	1	AD_170_Your_Contact_POST	1647006655462	1647006656982	1515	OK
REQUEST	1	AD_180_Second_Person	Adoption Second Personal Details	1647006657982	1647006658083	OK	 
GROUP	1	AD_180_Second_Person	1647006657981	1647006658279	293	OK
REQUEST	1	AD_190_Second_PersonPOST	Adoption Second Personal Details POST	1647006659272	1647006660121	OK	 
REQUEST	1	AD_190_Second_PersonPOST	Adoption Second Personal Details POST Redirect 1	1647006660122	1647006661375	OK	 
GROUP	1	AD_190_Second_PersonPOST	1647006659272	1647006661637	2360	OK
REQUEST	1	AD_200_Second_Other_Name	Adoption Second Other Name	1647006662640	1647006662874	OK	 
REQUEST	1	AD_200_Second_Other_Name	Adoption Second Other Name Redirect 1	1647006662876	1647006663059	OK	 
GROUP	1	AD_200_Second_Other_Name	1647006662639	1647006663274	629	OK
REQUEST	1	AD_210_Second_Other_Name_Redirect	Adoption Second Other Name Redirect	1647006664271	1647006664918	OK	 
REQUEST	1	AD_210_Second_Other_Name_Redirect	Adoption Second Other Name Redirect Redirect 1	1647006664919	1647006666656	OK	 
GROUP	1	AD_210_Second_Other_Name_Redirect	1647006664270	1647006666809	2533	OK
REQUEST	1	AD_220_Second_DoB	Adoption Second DoB	1647006667820	1647006668335	OK	 
REQUEST	1	AD_220_Second_DoB	Adoption Second DoB Redirect 1	1647006668336	1647006668597	OK	 
GROUP	1	AD_220_Second_DoB	1647006667820	1647006668935	1111	OK
REQUEST	1	AD_230_Second_Occupation	Adoption Second Occupation	1647006669932	1647006670165	OK	 
REQUEST	1	AD_230_Second_Occupation	Adoption Second Occupation Redirect 1	1647006670167	1647006670332	OK	 
GROUP	1	AD_230_Second_Occupation	1647006669931	1647006670417	478	OK
REQUEST	1	AD_240_Second_Contact_Same	Adoption Second Contact Details Same-Address	1647006671412	1647006673347	OK	 
GROUP	1	AD_240_Second_Contact_Same	1647006671411	1647006673889	2475	OK
REQUEST	1	AD_250_Second_Contact_Same_POST	Adoption Second Contact Details Same-Address POST	1647006674902	1647006678232	OK	 
REQUEST	1	AD_250_Second_Contact_Same_POST	Adoption Second Contact Details Same-Address POST Redirect 1	1647006678234	1647006679498	OK	 
GROUP	1	AD_250_Second_Contact_Same_POST	1647006674901	1647006679804	4896	OK
REQUEST	1	AD_260_Second_Contact_Manual_Redirect	Adoption Second Contact Details manual redirect	1647006680802	1647006680915	OK	 
GROUP	1	AD_260_Second_Contact_Manual_Redirect	1647006680801	1647006681035	230	OK
REQUEST	1	AD_270_Second_Contact_Manual_POST	Adoption Second Contact Details manual POST	1647006682030	1647006682633	OK	 
REQUEST	1	AD_270_Second_Contact_Manual_POST	Adoption Second Contact Details manual POST Redirect 1	1647006682634	1647006684459	OK	 
GROUP	1	AD_270_Second_Contact_Manual_POST	1647006682029	1647006684544	2510	OK
REQUEST	1	AD_280_Second_Contact_POST	Adoption Second Contact Details POST	1647006685540	1647006685926	OK	 
REQUEST	1	AD_280_Second_Contact_POST	Adoption Second Contact Details POST Redirect 1	1647006685927	1647006687079	OK	 
GROUP	1	AD_280_Second_Contact_POST	1647006685539	1647006687538	1995	OK
REQUEST	1	AD_290_Birth_Certificate	Adoption Birth Certificate Details	1647006688540	1647006688795	OK	 
GROUP	1	AD_290_Birth_Certificate	1647006688539	1647006688940	396	OK
REQUEST	1	AD_300_Birth_Name	Adoption Birth Certificate Name	1647006689950	1647006690515	OK	 
REQUEST	1	AD_300_Birth_Name	Adoption Birth Certificate Name Redirect 1	1647006690516	1647006690680	OK	 
GROUP	1	AD_300_Birth_Name	1647006689950	1647006690768	814	OK
REQUEST	1	AD_320_Birth_DoB	Adoption Birth Certificate DoB	1647006691762	1647006692844	OK	 
REQUEST	1	AD_320_Birth_DoB	Adoption Birth Certificate DoB Redirect 1	1647006692846	1647006693864	OK	 
GROUP	1	AD_320_Birth_DoB	1647006691761	1647006694138	2371	OK
REQUEST	1	AD_330_Birth_Sex	Adoption Birth Certificate Sex	1647006695142	1647006695536	OK	 
REQUEST	1	AD_330_Birth_Sex	Adoption Birth Certificate Sex Redirect 1	1647006695537	1647006695895	OK	 
GROUP	1	AD_330_Birth_Sex	1647006695142	1647006696019	872	OK
REQUEST	1	AD_340_Birth_Nationality_Add	Adoption Birth Certificate Nationality Add	1647006697020	1647006697619	OK	 
REQUEST	1	AD_340_Birth_Nationality_Add	Adoption Birth Certificate Nationality Add Redirect 1	1647006697621	1647006698643	OK	 
GROUP	1	AD_340_Birth_Nationality_Add	1647006697020	1647006699264	2239	OK
REQUEST	1	AD_350_Birth_Nationality_POST	Adoption Birth Certificate Nationality POST	1647006700262	1647006700860	OK	 
REQUEST	1	AD_350_Birth_Nationality_POST	Adoption Birth Certificate Nationality POST Redirect 1	1647006700861	1647006701701	OK	 
GROUP	1	AD_350_Birth_Nationality_POST	1647006700261	1647006701949	1683	OK
REQUEST	1	AD_360_Certificate_Details	Adoption Certificate Details	1647006702952	1647006703226	OK	 
GROUP	1	AD_360_Certificate_Details	1647006702951	1647006703392	437	OK
REQUEST	1	AD_370_Certificate_Name	Adoption Certificate Details Name	1647006704400	1647006704696	OK	 
REQUEST	1	AD_370_Certificate_Name	Adoption Certificate Details Name Redirect 1	1647006704698	1647006704806	OK	 
GROUP	1	AD_370_Certificate_Name	1647006704400	1647006704905	500	OK
REQUEST	1	AD_380_Placement_Order	Adoption Placement Order Details	1647006705901	1647006706357	OK	 
GROUP	1	AD_380_Placement_Order	1647006705900	1647006706439	535	OK
REQUEST	1	AD_390_Placement_Number	Adoption Placement Order Number	1647006707440	1647006707743	OK	 
REQUEST	1	AD_390_Placement_Number	Adoption Placement Order Number Redirect 1	1647006707745	1647006708000	OK	 
GROUP	1	AD_390_Placement_Number	1647006707439	1647006708084	639	OK
REQUEST	1	AD_400_Placement_Court	Adoption Placement Court	1647006709081	1647006709462	OK	 
REQUEST	1	AD_400_Placement_Court	Adoption Placement Court Redirect 1	1647006709464	1647006709828	OK	 
GROUP	1	AD_400_Placement_Court	1647006709080	1647006710183	1097	OK
REQUEST	1	AD_410_Placement_Date	Adoption Placement Date	1647006711190	1647006711378	OK	 
REQUEST	1	AD_410_Placement_Date	Adoption Placement Date Redirect 1	1647006711379	1647006711677	OK	 
GROUP	1	AD_410_Placement_Date	1647006711189	1647006711776	582	OK
REQUEST	1	AD_420_Placement_Summary	Adoption Placement Summary	1647006712772	1647006713085	OK	 
REQUEST	1	AD_420_Placement_Summary	Adoption Placement Summary Redirect 1	1647006713086	1647006713661	OK	 
REQUEST	1	AD_420_Placement_Summary	Adoption Placement Summary Redirect 2	1647006713662	1647006713967	OK	 
GROUP	1	AD_420_Placement_Summary	1647006712772	1647006714065	1288	OK
REQUEST	1	AD_430_Placement_Type_2	Adoption Placement Type 2	1647006715062	1647006715546	OK	 
REQUEST	1	AD_430_Placement_Type_2	Adoption Placement Type 2 Redirect 1	1647006715547	1647006715802	OK	 
GROUP	1	AD_430_Placement_Type_2	1647006715061	1647006716132	1066	OK
REQUEST	1	AD_440_Placement_Number_2	Adoption Placement Order Number 2	1647006717141	1647006717755	OK	 
REQUEST	1	AD_440_Placement_Number_2	Adoption Placement Order Number 2 Redirect 1	1647006717756	1647006718092	OK	 
GROUP	1	AD_440_Placement_Number_2	1647006717140	1647006718196	1051	OK
REQUEST	1	AD_450_Placement_Court_2	Adoption Placement Court 2	1647006719190	1647006719571	OK	 
REQUEST	1	AD_450_Placement_Court_2	Adoption Placement Court 2 Redirect 1	1647006719573	1647006719858	OK	 
GROUP	1	AD_450_Placement_Court_2	1647006719189	1647006719941	746	OK
REQUEST	1	AD_460_Placement_Date_2	Adoption Placement Date 2	1647006720951	1647006721443	OK	 
REQUEST	1	AD_460_Placement_Date_2	Adoption Placement Date 2 Redirect 1	1647006721444	1647006721852	OK	 
GROUP	1	AD_460_Placement_Date_2	1647006720951	1647006721935	980	OK
REQUEST	1	AD_470_Placement_Summary_2	Adoption Placement Summary 2	1647006722931	1647006723181	OK	 
REQUEST	1	AD_470_Placement_Summary_2	Adoption Placement Summary 2 Redirect 1	1647006723182	1647006723371	OK	 
GROUP	1	AD_470_Placement_Summary_2	1647006722931	1647006723553	618	OK
REQUEST	1	AD_480_Birth_Mother	Adoption Mother's Details	1647006724550	1647006724749	OK	 
GROUP	1	AD_480_Birth_Mother	1647006724550	1647006725089	536	OK
REQUEST	1	AD_490_Mother_Name	Adoption Mother's Name	1647006726091	1647006726580	OK	 
REQUEST	1	AD_490_Mother_Name	Adoption Mother's Name Redirect 1	1647006726582	1647006726657	OK	 
GROUP	1	AD_490_Mother_Name	1647006726090	1647006726746	650	OK
REQUEST	1	AD_495_Mother_Alive_Redirect	Adoption Mother's Details	1647006727740	1647006727894	OK	 
GROUP	1	AD_495_Mother_Alive_Redirect	1647006727739	1647006728013	270	OK
REQUEST	1	AD_500_Mother_Alive	Adoption Mother Still Alive?	1647006729019	1647006729401	OK	 
REQUEST	1	AD_500_Mother_Alive	Adoption Mother Still Alive? Redirect 1	1647006729402	1647006729904	OK	 
GROUP	1	AD_500_Mother_Alive	1647006729019	1647006730056	1032	OK
REQUEST	1	AD_510_Mother_Nationality_Add	Adoption Mother's Nationality Add	1647006731061	1647006731312	OK	 
REQUEST	1	AD_510_Mother_Nationality_Add	Adoption Mother's Nationality Add Redirect 1	1647006731313	1647006731471	OK	 
GROUP	1	AD_510_Mother_Nationality_Add	1647006731061	1647006731575	510	OK
REQUEST	1	AD_520_Mother_Nationality_POST	Adoption Mother's Nationality	1647006732570	1647006733054	OK	 
REQUEST	1	AD_520_Mother_Nationality_POST	Adoption Mother's Nationality Redirect 1	1647006733055	1647006733144	OK	 
GROUP	1	AD_520_Mother_Nationality_POST	1647006732569	1647006733248	674	OK
REQUEST	1	AD_530_Mother_Occupation	Adoption Mother's Occupation	1647006734252	1647006734552	OK	 
REQUEST	1	AD_530_Mother_Occupation	Adoption Mother's Occupation Redirect 1	1647006734553	1647006734840	OK	 
GROUP	1	AD_530_Mother_Occupation	1647006734251	1647006735043	787	OK
REQUEST	1	AD_535_Mother_Occupation_Redirect	Adoption Mother's Details Redirect	1647006736041	1647006736275	OK	 
GROUP	1	AD_535_Mother_Occupation_Redirect	1647006736041	1647006736353	309	OK
REQUEST	1	AD_540_Mother_Occupation	Adoption Mother's Address Known	1647006737361	1647006737825	OK	 
REQUEST	1	AD_540_Mother_Occupation	Adoption Mother's Address Known Redirect 1	1647006737826	1647006737936	OK	 
GROUP	1	AD_540_Mother_Occupation	1647006737361	1647006738085	721	OK
REQUEST	1	AD_550_Mother_Address_Manual	Adoption Mother's Address Manual	1647006739081	1647006739241	OK	 
GROUP	1	AD_550_Mother_Address_Manual	1647006739080	1647006739349	266	OK
REQUEST	1	AD_560_Mother_Address_POST	Adoption Mother's Address	1647006740340	1647006740696	OK	 
REQUEST	1	AD_560_Mother_Address_POST	Adoption Mother's Address Redirect 1	1647006740697	1647006740828	OK	 
GROUP	1	AD_560_Mother_Address_POST	1647006740339	1647006740904	560	OK
REQUEST	1	AD_570_Father_Details	Adoption Father's Details	1647006741910	1647006742064	OK	 
GROUP	1	AD_570_Father_Details	1647006741910	1647006742213	300	OK
REQUEST	1	AD_580_Father_Details_POST	Adoption Father's Details On Certificate	1647006743221	1647006743688	OK	 
REQUEST	1	AD_580_Father_Details_POST	Adoption Father's Details On Certificate Redirect 1	1647006743690	1647006743785	OK	 
GROUP	1	AD_580_Father_Details_POST	1647006743220	1647006743933	708	OK
REQUEST	1	AD_590_Father_Name	Adoption Father's Name	1647006744931	1647006746327	OK	 
REQUEST	1	AD_590_Father_Name	Adoption Father's Name Redirect 1	1647006746328	1647006746471	OK	 
GROUP	1	AD_590_Father_Name	1647006744930	1647006746553	1618	OK
REQUEST	1	AD_600_Father_Alive	Adoption Father Still alive?	1647006747553	1647006748273	OK	 
REQUEST	1	AD_600_Father_Alive	Adoption Father Still alive? Redirect 1	1647006748274	1647006748399	OK	 
GROUP	1	AD_600_Father_Alive	1647006747552	1647006748484	926	OK
REQUEST	1	AD_610_Father_Nationality_Add	Adoption Father add Nationality	1647006749481	1647006749708	OK	 
REQUEST	1	AD_610_Father_Nationality_Add	Adoption Father add Nationality Redirect 1	1647006749709	1647006749839	OK	 
GROUP	1	AD_610_Father_Nationality_Add	1647006749481	1647006750064	578	OK
REQUEST	1	AD_620_Father_Nationality_POST	Adoption Father's Nationality	1647006751072	1647006751495	OK	 
REQUEST	1	AD_620_Father_Nationality_POST	Adoption Father's Nationality Redirect 1	1647006751496	1647006751638	OK	 
GROUP	1	AD_620_Father_Nationality_POST	1647006751071	1647006751738	661	OK
REQUEST	1	AD_630_Father_Occupation	Adoption Father's Occupation	1647006752732	1647006753125	OK	 
REQUEST	1	AD_630_Father_Occupation	Adoption Father's Occupation Redirect 1	1647006753126	1647006753271	OK	 
GROUP	1	AD_630_Father_Occupation	1647006752731	1647006753348	611	OK
REQUEST	1	AD_640_Father_Address_Known	Adoption Father's Address Known?	1647006754352	1647006754555	OK	 
REQUEST	1	AD_640_Father_Address_Known	Adoption Father's Address Known? Redirect 1	1647006754557	1647006754624	OK	 
GROUP	1	AD_640_Father_Address_Known	1647006754351	1647006754700	343	OK
REQUEST	1	AD_641_Father_Address_Manual	Adoption Father's Address Manual	1647006755712	1647006755813	OK	 
GROUP	1	AD_641_Father_Address_Manual	1647006755711	1647006755900	184	OK
REQUEST	1	AD_642_Father_Address_POST	Adoption Father's Address	1647006756893	1647006757141	OK	 
REQUEST	1	AD_642_Father_Address_POST	Adoption Father's Address Redirect 1	1647006757143	1647006757564	OK	 
GROUP	1	AD_642_Father_Address_POST	1647006756892	1647006757638	740	OK
REQUEST	1	AD_650_Other_Parent_Exists	Adoption Other Parent	1647006758630	1647006758980	OK	 
GROUP	1	AD_650_Other_Parent_Exists	1647006758630	1647006759160	526	OK
REQUEST	1	AD_660_Other_Exists_POST	Adoption Other Parent Exists	1647006760172	1647006760380	OK	 
REQUEST	1	AD_660_Other_Exists_POST	Adoption Other Parent Exists Redirect 1	1647006760382	1647006760642	OK	 
GROUP	1	AD_660_Other_Exists_POST	1647006760171	1647006760726	549	OK
REQUEST	1	AD_670_Other_Parent_Name	Adoption Other Parent Name	1647006761720	1647006761968	OK	 
REQUEST	1	AD_670_Other_Parent_Name	Adoption Other Parent Name Redirect 1	1647006761970	1647006762080	OK	 
GROUP	1	AD_670_Other_Parent_Name	1647006761720	1647006762155	431	OK
REQUEST	1	AD_680_Other_Parent_Address_Known	Adoption Other Parent Address known?	1647006763161	1647006764245	OK	 
REQUEST	1	AD_680_Other_Parent_Address_Known	Adoption Other Parent Address known? Redirect 1	1647006764247	1647006765290	OK	 
GROUP	1	AD_680_Other_Parent_Address_Known	1647006763161	1647006765484	2320	OK
REQUEST	1	AD_690_Other_Parent_Address_Manual	Adoption Other Parent Address Manual	1647006766482	1647006766596	OK	 
GROUP	1	AD_690_Other_Parent_Address_Manual	1647006766482	1647006766758	274	OK
REQUEST	1	AD_700_Other_Parent_Address_POST	Adoption Other Parent Address Manual	1647006767751	1647006768036	OK	 
REQUEST	1	AD_700_Other_Parent_Address_POST	Adoption Other Parent Address Manual Redirect 1	1647006768038	1647006768179	OK	 
GROUP	1	AD_700_Other_Parent_Address_POST	1647006767751	1647006768253	498	OK
REQUEST	1	adoption_710_Agency	Adoption Agency	1647006769261	1647006770085	OK	 
REQUEST	1	adoption_710_Agency	Adoption Agency Redirect 1	1647006770086	1647006770523	OK	 
GROUP	1	adoption_710_Agency	1647006769261	1647006770772	1508	OK
REQUEST	1	AD_720_Agency_Details	Adoption Agency Details	1647006771769	1647006772307	OK	 
REQUEST	1	AD_720_Agency_Details	Adoption Agency Details Redirect 1	1647006772308	1647006772556	OK	 
GROUP	1	AD_720_Agency_Details	1647006771769	1647006772648	876	OK
REQUEST	1	AD_730_Other_Agency	Adoption Other Agency?	1647006773642	1647006773836	OK	 
REQUEST	1	AD_730_Other_Agency	Adoption Other Agency? Redirect 1	1647006773838	1647006774013	OK	 
REQUEST	1	AD_730_Other_Agency	Adoption Other Agency? Redirect 2	1647006774014	1647006774560	OK	 
GROUP	1	AD_730_Other_Agency	1647006773641	1647006774633	985	OK
REQUEST	1	AD_740_Other_Agency_Details	Adoption Other Agency Details	1647006775639	1647006776225	OK	 
REQUEST	1	AD_740_Other_Agency_Details	Adoption Other Agency Details Redirect 1	1647006776226	1647006776324	OK	 
GROUP	1	AD_740_Other_Agency_Details	1647006775639	1647006776406	764	OK
REQUEST	1	AD_750_Social_Worker_Details	Adoption Social Worker Details	1647006777411	1647006777702	OK	 
REQUEST	1	AD_750_Social_Worker_Details	Adoption Social Worker Details Redirect 1	1647006777703	1647006777836	OK	 
GROUP	1	AD_750_Social_Worker_Details	1647006777411	1647006777909	494	OK
REQUEST	1	AD_760_Sibling_Details	Adoption Sibling Details	1647006778900	1647006779067	OK	 
GROUP	1	AD_760_Sibling_Details	1647006778899	1647006779143	240	OK
REQUEST	1	AD_770_Sibling_Other	Adoption Any Sibling?	1647006780152	1647006780363	OK	 
REQUEST	1	AD_770_Sibling_Other	Adoption Any Sibling? Redirect 1	1647006780364	1647006780434	OK	 
GROUP	1	AD_770_Sibling_Other	1647006780152	1647006780518	363	OK
REQUEST	1	AD_780_Sibling_Order_Exists	Adoption Court Order Exists?	1647006781511	1647006782066	OK	 
REQUEST	1	AD_780_Sibling_Order_Exists	Adoption Court Order Exists? Redirect 1	1647006782067	1647006782672	OK	 
GROUP	1	AD_780_Sibling_Order_Exists	1647006781510	1647006782756	1241	OK
REQUEST	1	AD_790_Sibling_Name	Adoption Sibling Name	1647006783761	1647006784306	OK	 
REQUEST	1	AD_790_Sibling_Name	Adoption Sibling Name Redirect 1	1647006784307	1647006784667	OK	 
REQUEST	1	AD_790_Sibling_Name	Adoption Sibling Name Redirect 2	1647006784668	1647006785111	OK	 
GROUP	1	AD_790_Sibling_Name	1647006783760	1647006785357	1593	OK
REQUEST	1	AD_800_Sibling_Type	Adoption Order Type?	1647006786360	1647006786822	OK	 
REQUEST	1	AD_800_Sibling_Type	Adoption Order Type? Redirect 1	1647006786823	1647006787122	OK	 
GROUP	1	AD_800_Sibling_Type	1647006786359	1647006787235	871	OK
REQUEST	1	AD_810_Sibling_Number	Adoption Order Number	1647006788232	1647006788848	OK	 
REQUEST	1	AD_810_Sibling_Number	Adoption Order Number Redirect 1	1647006788849	1647006789118	OK	 
GROUP	1	AD_810_Sibling_Number	1647006788232	1647006789681	1446	OK
REQUEST	1	AD_820_Sibling_New_Order	Adoption Add New Order?	1647006790690	1647006791118	OK	 
REQUEST	1	AD_820_Sibling_New_Order	Adoption Add New Order? Redirect 1	1647006791119	1647006791678	OK	 
GROUP	1	AD_820_Sibling_New_Order	1647006790689	1647006791860	1165	OK
REQUEST	1	AD_830_Sibling_Select	Adoption Select Sibling	1647006792849	1647006793267	OK	 
REQUEST	1	AD_830_Sibling_Select	Adoption Select Sibling Redirect 1	1647006793267	1647006793475	OK	 
REQUEST	1	AD_830_Sibling_Select	Adoption Select Sibling Redirect 2	1647006793476	1647006793717	OK	 
GROUP	1	AD_830_Sibling_Select	1647006792849	1647006793797	945	OK
REQUEST	1	AD_840_Sibling_Type_2	Adoption Order Type	1647006794801	1647006795107	OK	 
REQUEST	1	AD_840_Sibling_Type_2	Adoption Order Type Redirect 1	1647006795108	1647006795994	OK	 
GROUP	1	AD_840_Sibling_Type_2	1647006794800	1647006796158	1353	OK
REQUEST	1	AD_850_Sibling_Number_2t	Adoption Order Number	1647006797160	1647006797935	OK	 
REQUEST	1	AD_850_Sibling_Number_2t	Adoption Order Number Redirect 1	1647006797936	1647006798048	OK	 
GROUP	1	AD_850_Sibling_Number_2t	1647006797159	1647006798122	959	OK
REQUEST	1	AD_855_Sibling_Remove	Adoption Remove Placement Order	1647006799130	1647006799370	OK	 
REQUEST	1	AD_855_Sibling_Remove	Adoption Remove Placement Order Redirect 1	1647006799371	1647006799504	OK	 
GROUP	1	AD_855_Sibling_Remove	1647006799130	1647006799588	455	OK
REQUEST	1	AD_860_Sibling_Summary	Adoption Order Summary	1647006800580	1647006801166	OK	 
REQUEST	1	AD_860_Sibling_Summary	Adoption Order Summary Redirect 1	1647006801167	1647006801560	OK	 
GROUP	1	AD_860_Sibling_Summary	1647006800579	1647006801664	1079	OK
REQUEST	1	AD_861_Family_Court	Adoption Family Court Redirect	1647006802671	1647006802856	OK	 
GROUP	1	AD_861_Family_Court	1647006802670	1647006803034	361	OK
REQUEST	1	AD_862_Family_Court_POST	Adoption Family Court Redirect	1647006804031	1647006804491	OK	 
REQUEST	1	AD_862_Family_Court_POST	Adoption Family Court Redirect Redirect 1	1647006804493	1647006804568	OK	 
GROUP	1	AD_862_Family_Court_POST	1647006804031	1647006804646	610	OK
REQUEST	1	AD_870_Upload_Document	Adoption Birth Certificate Details	1647006805652	1647006805798	OK	 
GROUP	1	AD_870_Upload_Document	1647006805652	1647006805878	223	OK
REQUEST	1	AD_880_Upload_Document	Adoption Certificate Upload	1647006806896	1647006813503	OK	 
GROUP	1	AD_880_Upload_Document	1647006806870	1647006813546	6607	OK
REQUEST	1	AD_885_Upload_Document_POST	Adoption Certificate Upload POST	1647006814502	1647006815121	OK	 
REQUEST	1	AD_885_Upload_Document_POST	Adoption Certificate Upload POST Redirect 1	1647006815122	1647006815461	OK	 
GROUP	1	AD_885_Upload_Document_POST	1647006814501	1647006815653	1147	OK
USER	LAU Simulation	1	END	1647006614223	1647006816663
