RUN	simulations.mainSimulation	mainsimulation	1646907881341	 	3.3.1
USER	LAU Simulation	1	START	1646907881842	1646907881842
REQUEST	1	adoption_010_Homepage	Adoption Homepage	1646907881864	1646907882005	OK	 
REQUEST	1	adoption_010_Homepage	Adoption Homepage Redirect 1	1646907882026	1646907882058	OK	 
REQUEST	1	adoption_010_Homepage	Adoption Homepage Redirect 2	1646907882060	1646907882178	OK	 
GROUP	1	adoption_010_Homepage	1646907881849	1646907883475	1509	OK
REQUEST	1	Adoption_020_Login	Adoption Login	1646907884501	1646907884943	OK	 
REQUEST	1	Adoption_020_Login	Adoption Login Redirect 1	1646907884948	1646907885455	OK	 
REQUEST	1	Adoption_020_Login	Adoption Login Redirect 2	1646907885457	1646907886946	OK	 
REQUEST	1	Adoption_020_Login	Adoption Login Redirect 3	1646907886948	1646907887322	OK	 
GROUP	1	Adoption_020_Login	1646907884495	1646907888248	3728	OK
REQUEST	1	Adoption_030_Apply_With	Adoption Applying With	1646907889255	1646907889387	OK	 
GROUP	1	Adoption_030_Apply_With	1646907889253	1646907889573	309	OK
REQUEST	1	Adoption_040_Adoption_Applying_Post	Adoption Applying Post	1646907890574	1646907891204	OK	 
REQUEST	1	Adoption_040_Adoption_Applying_Post	Adoption Applying Post Redirect 1	1646907891205	1646907891526	OK	 
GROUP	1	Adoption_040_Adoption_Applying_Post	1646907890573	1646907892022	1441	OK
REQUEST	1	Adoption_050_Adoption_Applying_With_Redirect	Adoption Applying With Redirect	1646907893025	1646907893139	OK	 
GROUP	1	Adoption_050_Adoption_Applying_With_Redirect	1646907893024	1646907893236	205	OK
REQUEST	1	Adoption_060_Date_Of_Move	Adoption Date Child Moved in 	1646907894234	1646907894349	OK	 
GROUP	1	Adoption_060_Date_Of_Move	1646907894233	1646907894438	198	OK
REQUEST	1	Adoption_070_Date_Of_Move_POST	Adoption Date Child Moved in Post	1646907895434	1646907895901	OK	 
REQUEST	1	Adoption_070_Date_Of_Move_POST	Adoption Date Child Moved in Post Redirect 1	1646907895903	1646907896050	OK	 
REQUEST	1	Adoption_070_Date_Of_Move_POST,Adoption_050_Adoption_Applying_With_Redirect	Adoption Applying With Redirect	1646907896299	1646907896660	OK	 
GROUP	1	Adoption_070_Date_Of_Move_POST,Adoption_050_Adoption_Applying_With_Redirect	1646907896299	1646907896764	460	OK
GROUP	1	Adoption_070_Date_Of_Move_POST	1646907895433	1646907897774	1317	OK
REQUEST	1	Adoption_080_Your_Details	Adoption Your Personal Details 	1646907898775	1646907898855	OK	 
GROUP	1	Adoption_080_Your_Details	1646907898774	1646907898937	157	OK
REQUEST	1	Adoption_090_Your_Details_POST	Adoption Your Personal Details Post	1646907899934	1646907900303	OK	 
REQUEST	1	Adoption_090_Your_Details_POST	Adoption Your Personal Details Post Redirect 1	1646907900305	1646907900389	OK	 
GROUP	1	Adoption_090_Your_Details_POST	1646907899933	1646907900481	541	OK
REQUEST	1	Adoption_100_Your_Details_Other_Name	Adoption Your Personal Details Other Name	1646907901474	1646907902025	OK	 
REQUEST	1	Adoption_100_Your_Details_Other_Name	Adoption Your Personal Details Other Name Redirect 1	1646907902028	1646907902291	OK	 
GROUP	1	Adoption_100_Your_Details_Other_Name	1646907901473	1646907902566	1083	OK
REQUEST	1	Adoption_110_Your_Details_DoB	Adoption Your Personal Details DoB	1646907903572	1646907903761	OK	 
GROUP	1	Adoption_110_Your_Details_DoB	1646907903572	1646907904163	588	OK
REQUEST	1	Adoption_120_Your_Details_DoB_POST	Adoption Your Personal Details DoB POST	1646907905164	1646907905832	OK	 
REQUEST	1	Adoption_120_Your_Details_DoB_POST	Adoption Your Personal Details DoB POST Redirect 1	1646907905834	1646907905986	OK	 
GROUP	1	Adoption_120_Your_Details_DoB_POST	1646907905163	1646907906071	901	OK
REQUEST	1	Adoption_130_Your_Details_Occupation	Adoption Your Personal Details Occupation	1646907907064	1646907907271	OK	 
REQUEST	1	Adoption_130_Your_Details_Occupation	Adoption Your Personal Details Occupation Redirect 1	1646907907272	1646907907380	OK	 
GROUP	1	Adoption_130_Your_Details_Occupation	1646907907063	1646907907464	394	OK
REQUEST	1	Adoption_140_Your_Contact_Details	Adoption Your Contact Details LookUp	1646907908474	1646907908667	OK	 
GROUP	1	Adoption_140_Your_Contact_Details	1646907908474	1646907908742	264	OK
REQUEST	1	Adoption_150_Your_Contact_Details_Manual	Adoption Your Contact Details Manual	1646907909733	1646907909810	OK	 
GROUP	1	Adoption_150_Your_Contact_Details_Manual	1646907909732	1646907909898	161	OK
REQUEST	1	Adoption_160_Your_Contact_Details_Manual_POST	Adoption Your Contact Details Manual POST	1646907910904	1646907911164	OK	 
REQUEST	1	Adoption_160_Your_Contact_Details_Manual_POST	Adoption Your Contact Details Manual POST Redirect 1	1646907911165	1646907911256	OK	 
GROUP	1	Adoption_160_Your_Contact_Details_Manual_POST	1646907910904	1646907911332	424	OK
REQUEST	1	Adoption_170_Your_Contact_Details_POST	Adoption Your Contact Details POST	1646907912344	1646907912686	OK	 
REQUEST	1	Adoption_170_Your_Contact_Details_POST	Adoption Your Contact Details POST Redirect 1	1646907912688	1646907912769	OK	 
GROUP	1	Adoption_170_Your_Contact_Details_POST	1646907912344	1646907912840	491	OK
REQUEST	1	Adoption_180_Second_Personal_Details	Adoption Second Personal Details	1646907913835	1646907913933	OK	 
GROUP	1	Adoption_180_Second_Personal_Details	1646907913834	1646907914000	161	OK
REQUEST	1	Adoption_190_Second_Personal_Details_POST	Adoption Second Personal Details POST	1646907914994	1646907915292	OK	 
REQUEST	1	Adoption_190_Second_Personal_Details_POST	Adoption Second Personal Details POST Redirect 1	1646907915293	1646907915567	OK	 
GROUP	1	Adoption_190_Second_Personal_Details_POST	1646907914993	1646907915657	658	OK
REQUEST	1	Adoption_200_Second_Other_Name	Adoption Second Other Name	1646907916664	1646907917213	OK	 
REQUEST	1	Adoption_200_Second_Other_Name	Adoption Second Other Name Redirect 1	1646907917214	1646907917345	OK	 
GROUP	1	Adoption_200_Second_Other_Name	1646907916664	1646907917525	856	OK
REQUEST	1	Adoption_210_Second_Other_Name_Redirect	Adoption Second Other Name Redirect	1646907918524	1646907919144	OK	 
REQUEST	1	Adoption_210_Second_Other_Name_Redirect	Adoption Second Other Name Redirect Redirect 1	1646907919145	1646907919259	OK	 
GROUP	1	Adoption_210_Second_Other_Name_Redirect	1646907918523	1646907919410	882	OK
REQUEST	1	Adoption_220_Second_DoB	Adoption Second DoB	1646907920403	1646907920593	OK	 
REQUEST	1	Adoption_220_Second_DoB	Adoption Second DoB Redirect 1	1646907920600	1646907920675	OK	 
GROUP	1	Adoption_220_Second_DoB	1646907920403	1646907920750	337	OK
REQUEST	1	Adoption_230_Second_Occupation	Adoption Second Occupation	1646907921754	1646907921988	OK	 
REQUEST	1	Adoption_230_Second_Occupation	Adoption Second Occupation Redirect 1	1646907921990	1646907922142	OK	 
GROUP	1	Adoption_230_Second_Occupation	1646907921754	1646907922348	588	OK
REQUEST	1	Adoption_240_Second_Contact_Details_Same_Address	Adoption Second Contact Details Same-Address	1646907923354	1646907923430	OK	 
GROUP	1	Adoption_240_Second_Contact_Details_Same_Address	1646907923354	1646907923502	145	OK
REQUEST	1	Adoption_250_Second_Contact_Details_Same_Address_POST	Adoption Second Contact Details Same-Address POST	1646907924504	1646907924693	OK	 
REQUEST	1	Adoption_250_Second_Contact_Details_Same_Address_POST	Adoption Second Contact Details Same-Address POST Redirect 1	1646907924695	1646907924779	OK	 
GROUP	1	Adoption_250_Second_Contact_Details_Same_Address_POST	1646907924503	1646907924851	342	OK
REQUEST	1	Adoption_260_Second_Contact_Details_Manual_Redirect	Adoption Second Contact Details manual redirect	1646907925845	1646907925939	OK	 
GROUP	1	Adoption_260_Second_Contact_Details_Manual_Redirect	1646907925844	1646907926012	164	OK
REQUEST	1	Adoption_270_Second_Contact_Details_Manual_POST	Adoption Second Contact Details manual POST	1646907927012	1646907927224	OK	 
REQUEST	1	Adoption_270_Second_Contact_Details_Manual_POST	Adoption Second Contact Details manual POST Redirect 1	1646907927226	1646907927300	OK	 
GROUP	1	Adoption_270_Second_Contact_Details_Manual_POST	1646907927012	1646907927389	372	OK
REQUEST	1	Adoption_280_Second_Contact_Details__POST	Adoption Second Contact Details POST	1646907928393	1646907929110	OK	 
REQUEST	1	Adoption_280_Second_Contact_Details__POST	Adoption Second Contact Details POST Redirect 1	1646907929111	1646907929248	OK	 
GROUP	1	Adoption_280_Second_Contact_Details__POST	1646907928392	1646907929427	1029	OK
REQUEST	1	adoption_290_Birth_Certificate	Adoption Birth Certificate Details	1646907930425	1646907930883	OK	 
GROUP	1	adoption_290_Birth_Certificate	1646907930424	1646907931630	1202	OK
REQUEST	1	adoption_300_Birth_Certificate_Name	Adoption Birth Certificate Name	1646907932633	1646907932812	OK	 
REQUEST	1	adoption_300_Birth_Certificate_Name	Adoption Birth Certificate Name Redirect 1	1646907932813	1646907932893	OK	 
GROUP	1	adoption_300_Birth_Certificate_Name	1646907932632	1646907932947	310	OK
REQUEST	1	adoption_320_Birth_Certificate_DoB	Adoption Birth Certificate DoB	1646907933951	1646907934289	OK	 
REQUEST	1	adoption_320_Birth_Certificate_DoB	Adoption Birth Certificate DoB Redirect 1	1646907934291	1646907934373	OK	 
GROUP	1	adoption_320_Birth_Certificate_DoB	1646907933951	1646907934427	472	OK
REQUEST	1	adoption_330_Birth_Certificate_Sex	Adoption Birth Certificate Sex	1646907935424	1646907935944	OK	 
REQUEST	1	adoption_330_Birth_Certificate_Sex	Adoption Birth Certificate Sex Redirect 1	1646907935945	1646907936034	OK	 
GROUP	1	adoption_330_Birth_Certificate_Sex	1646907935423	1646907936108	680	OK
REQUEST	1	adoption_340_Birth_Certificate_Nationality_Add	Adoption Birth Certificate Nationality Add	1646907937114	1646907937473	OK	 
REQUEST	1	adoption_340_Birth_Certificate_Nationality_Add	Adoption Birth Certificate Nationality Add Redirect 1	1646907937474	1646907938012	OK	 
GROUP	1	adoption_340_Birth_Certificate_Nationality_Add	1646907937113	1646907938081	963	OK
REQUEST	1	adoption_350_Birth_Certificate_Nationality_POST	Adoption Birth Certificate Nationality POST	1646907939072	1646907939370	OK	 
REQUEST	1	adoption_350_Birth_Certificate_Nationality_POST	Adoption Birth Certificate Nationality POST Redirect 1	1646907939371	1646907939627	OK	 
GROUP	1	adoption_350_Birth_Certificate_Nationality_POST	1646907939072	1646907939769	693	OK
REQUEST	1	adoption_360_Certificate_Details	Adoption Certificate Details	1646907940774	1646907941358	OK	 
GROUP	1	adoption_360_Certificate_Details	1646907940773	1646907941714	937	OK
REQUEST	1	adoption_370_Certificate_Details_Name	Adoption Certificate Details Name	1646907942724	1646907943089	OK	 
REQUEST	1	adoption_370_Certificate_Details_Name	Adoption Certificate Details Name Redirect 1	1646907943090	1646907943307	OK	 
GROUP	1	adoption_370_Certificate_Details_Name	1646907942723	1646907944471	755	OK
REQUEST	1	adoption_380_Placement_Order	Adoption Placement Order Details	1646907944472	1646907944699	OK	 
GROUP	1	adoption_380_Placement_Order	1646907944471	1646907944791	317	OK
REQUEST	1	adoption_390_Certificate_Placement_Order_Number	Adoption Placement Order Number	1646907945793	1646907946280	OK	 
REQUEST	1	adoption_390_Certificate_Placement_Order_Number	Adoption Placement Order Number Redirect 1	1646907946281	1646907947250	OK	 
GROUP	1	adoption_390_Certificate_Placement_Order_Number	1646907945793	1646907947603	1806	OK
REQUEST	1	adoption_400_Certificate_Placement_Court	Adoption Placement Court	1646907948612	1646907949123	OK	 
REQUEST	1	adoption_400_Certificate_Placement_Court	Adoption Placement Court Redirect 1	1646907949124	1646907949360	OK	 
GROUP	1	adoption_400_Certificate_Placement_Court	1646907948611	1646907949436	820	OK
REQUEST	1	adoption_410_Certificate_Placement_Date	Adoption Placement Date	1646907950434	1646907950612	OK	 
REQUEST	1	adoption_410_Certificate_Placement_Date	Adoption Placement Date Redirect 1	1646907950613	1646907950825	OK	 
GROUP	1	adoption_410_Certificate_Placement_Date	1646907950433	1646907950898	460	OK
REQUEST	1	adoption_420_Certificate_Placement_Summary	Adoption Placement Summary	1646907951895	1646907952125	OK	 
REQUEST	1	adoption_420_Certificate_Placement_Summary	Adoption Placement Summary Redirect 1	1646907952126	1646907952291	OK	 
REQUEST	1	adoption_420_Certificate_Placement_Summary	Adoption Placement Summary Redirect 2	1646907952292	1646907952510	OK	 
GROUP	1	adoption_420_Certificate_Placement_Summary	1646907951894	1646907952593	694	OK
REQUEST	1	adoption_430_Certificate_Placement_Type_2	Adoption Placement Type 2	1646907953604	1646907953786	OK	 
REQUEST	1	adoption_430_Certificate_Placement_Type_2	Adoption Placement Type 2 Redirect 1	1646907953787	1646907954835	OK	 
GROUP	1	adoption_430_Certificate_Placement_Type_2	1646907953604	1646907954916	1308	OK
REQUEST	1	adoption_440_Certificate_Placement_Order_Number_2	Adoption Placement Order Number 2	1646907955913	1646907956360	OK	 
REQUEST	1	adoption_440_Certificate_Placement_Order_Number_2	Adoption Placement Order Number 2 Redirect 1	1646907956361	1646907956751	OK	 
GROUP	1	adoption_440_Certificate_Placement_Order_Number_2	1646907955912	1646907957093	1176	OK
REQUEST	1	adoption_450_Certificate_Placement_Court_2	Adoption Placement Court 2	1646907958093	1646907958569	OK	 
REQUEST	1	adoption_450_Certificate_Placement_Court_2	Adoption Placement Court 2 Redirect 1	1646907958570	1646907958766	OK	 
GROUP	1	adoption_450_Certificate_Placement_Court_2	1646907958092	1646907958835	739	OK
REQUEST	1	adoption_460_Certificate_Placement_Date_2	Adoption Placement Date 2	1646907959834	1646907960335	OK	 
REQUEST	1	adoption_460_Certificate_Placement_Date_2	Adoption Placement Date 2 Redirect 1	1646907960336	1646907960853	OK	 
GROUP	1	adoption_460_Certificate_Placement_Date_2	1646907959833	1646907960927	1089	OK
REQUEST	1	adoption_470_Certificate_Placement_Summary_2	Adoption Placement Summary 2	1646907961923	1646907962132	OK	 
REQUEST	1	adoption_470_Certificate_Placement_Summary_2	Adoption Placement Summary 2 Redirect 1	1646907962133	1646907962271	OK	 
GROUP	1	adoption_470_Certificate_Placement_Summary_2	1646907961922	1646907962431	504	OK
REQUEST	1	adoption_480_Birth_Mother	Adoption Mother's Details	1646907963443	1646907963626	OK	 
GROUP	1	adoption_480_Birth_Mother	1646907963443	1646907963838	392	OK
REQUEST	1	adoption_490_Birth_Mother_Name	Adoption Mother's Name	1646907964832	1646907965271	OK	 
REQUEST	1	adoption_490_Birth_Mother_Name	Adoption Mother's Name Redirect 1	1646907965272	1646907965334	OK	 
GROUP	1	adoption_490_Birth_Mother_Name	1646907964832	1646907965421	585	OK
REQUEST	1	adoption_495_Birth_Mother	Adoption Mother's Details	1646907966415	1646907966500	OK	 
GROUP	1	adoption_495_Birth_Mother	1646907966414	1646907966618	200	OK
REQUEST	1	adoption_500_Birth_Mother_Alive	Adoption Mother Still Alive?	1646907967622	1646907967847	OK	 
REQUEST	1	adoption_500_Birth_Mother_Alive	Adoption Mother Still Alive? Redirect 1	1646907967848	1646907968066	OK	 
GROUP	1	adoption_500_Birth_Mother_Alive	1646907967622	1646907968221	596	OK
REQUEST	1	adoption_510_Birth_Mother_Nationality_Add	Adoption Mother's Nationality Add	1646907969224	1646907969543	OK	 
REQUEST	1	adoption_510_Birth_Mother_Nationality_Add	Adoption Mother's Nationality Add Redirect 1	1646907969544	1646907969721	OK	 
GROUP	1	adoption_510_Birth_Mother_Nationality_Add	1646907969223	1646907969899	671	OK
REQUEST	1	adoption_520_Birth_Mother_Nationality_POSt	Adoption Mother's Nationality	1646907970894	1646907971133	OK	 
REQUEST	1	adoption_520_Birth_Mother_Nationality_POSt	Adoption Mother's Nationality Redirect 1	1646907971134	1646907971225	OK	 
GROUP	1	adoption_520_Birth_Mother_Nationality_POSt	1646907970893	1646907971303	405	OK
REQUEST	1	adoption_530_Birth_Mother_Occupation	Adoption Mother's Occupation	1646907972314	1646907972553	OK	 
REQUEST	1	adoption_530_Birth_Mother_Occupation	Adoption Mother's Occupation Redirect 1	1646907972554	1646907972676	OK	 
GROUP	1	adoption_530_Birth_Mother_Occupation	1646907972314	1646907972794	477	OK
REQUEST	1	adoption_535_Birth_Mother_Occupation_Redirect	Adoption Mother's Details Redirect	1646907973792	1646907973909	OK	 
GROUP	1	adoption_535_Birth_Mother_Occupation_Redirect	1646907973792	1646907973989	194	OK
REQUEST	1	adoption_540_Birth_Mother_Occupation	Adoption Mother's Address Known	1646907974983	1646907975216	OK	 
REQUEST	1	adoption_540_Birth_Mother_Occupation	Adoption Mother's Address Known Redirect 1	1646907975217	1646907975283	OK	 
GROUP	1	adoption_540_Birth_Mother_Occupation	1646907974982	1646907975358	372	OK
REQUEST	1	adoption_550_Birth_Mother_Address_Manual	Adoption Mother's Address Manual	1646907976363	1646907976524	OK	 
GROUP	1	adoption_550_Birth_Mother_Address_Manual	1646907976362	1646907976609	244	OK
REQUEST	1	adoption_560_Birth_Mother_Address_POST	Adoption Mother's Address	1646907977605	1646907978126	OK	 
REQUEST	1	adoption_560_Birth_Mother_Address_POST	Adoption Mother's Address Redirect 1	1646907978127	1646907978225	OK	 
GROUP	1	adoption_560_Birth_Mother_Address_POST	1646907977604	1646907978344	735	OK
REQUEST	1	adoption_570_Birth_Father_Details	Adoption Father's Details	1646907979352	1646907979635	OK	 
GROUP	1	adoption_570_Birth_Father_Details	1646907979352	1646907979738	383	OK
REQUEST	1	adoption_580_Birth_Father_Details_POST	Adoption Father's Details On Certificate	1646907980734	1646907981103	OK	 
REQUEST	1	adoption_580_Birth_Father_Details_POST	Adoption Father's Details On Certificate Redirect 1	1646907981104	1646907981401	OK	 
GROUP	1	adoption_580_Birth_Father_Details_POST	1646907980734	1646907981554	816	OK
REQUEST	1	adoption_590_Birth_Father_Name	Adoption Father's Name	1646907982564	1646907982754	OK	 
REQUEST	1	adoption_590_Birth_Father_Name	Adoption Father's Name Redirect 1	1646907982755	1646907982908	OK	 
GROUP	1	adoption_590_Birth_Father_Name	1646907982564	1646907983095	528	OK
REQUEST	1	adoption_600_Birth_Father_Alive	Adoption Father Still alive?	1646907984092	1646907984301	OK	 
REQUEST	1	adoption_600_Birth_Father_Alive	Adoption Father Still alive? Redirect 1	1646907984303	1646907984396	OK	 
GROUP	1	adoption_600_Birth_Father_Alive	1646907984092	1646907984538	441	OK
REQUEST	1	adoption_610_Birth_Father_Nationality_Add	Adoption Father add Nationality	1646907985534	1646907985810	OK	 
REQUEST	1	adoption_610_Birth_Father_Nationality_Add	Adoption Father add Nationality Redirect 1	1646907985811	1646907985942	OK	 
GROUP	1	adoption_610_Birth_Father_Nationality_Add	1646907985533	1646907986016	478	OK
REQUEST	1	adoption_620_Birth_Father_Nationality_POST	Adoption Father's Nationality	1646907987024	1646907987217	OK	 
REQUEST	1	adoption_620_Birth_Father_Nationality_POST	Adoption Father's Nationality Redirect 1	1646907987218	1646907987273	OK	 
GROUP	1	adoption_620_Birth_Father_Nationality_POST	1646907987024	1646907987356	328	OK
REQUEST	1	adoption_630_Birth_Father_Occupation	Adoption Father's Occupation	1646907988353	1646907988702	OK	 
REQUEST	1	adoption_630_Birth_Father_Occupation	Adoption Father's Occupation Redirect 1	1646907988703	1646907988959	OK	 
GROUP	1	adoption_630_Birth_Father_Occupation	1646907988352	1646907989503	1147	OK
REQUEST	1	adoption_640_Birth_Father_Occupation_Address_Known	Adoption Father's Address Known?	1646907990503	1646907990692	OK	 
REQUEST	1	adoption_640_Birth_Father_Occupation_Address_Known	Adoption Father's Address Known? Redirect 1	1646907990694	1646907990770	OK	 
GROUP	1	adoption_640_Birth_Father_Occupation_Address_Known	1646907990502	1646907990834	327	OK
REQUEST	1	adoption_640_Birth_Father_Occupation_Address_Manual	Adoption Father's Address Manual	1646907991835	1646907992464	OK	 
GROUP	1	adoption_640_Birth_Father_Occupation_Address_Manual	1646907991834	1646907992793	954	OK
REQUEST	1	adoption_640_Birth_Father_Occupation_Address_POST	Adoption Father's Address	1646907993794	1646907994062	OK	 
REQUEST	1	adoption_640_Birth_Father_Occupation_Address_POST	Adoption Father's Address Redirect 1	1646907994063	1646907994230	OK	 
GROUP	1	adoption_640_Birth_Father_Occupation_Address_POST	1646907993793	1646907994407	609	OK
REQUEST	1	adoption_650_Other_Parent_Exists	Adoption Other Parent	1646907995404	1646907995730	OK	 
GROUP	1	adoption_650_Other_Parent_Exists	1646907995404	1646907995908	501	OK
REQUEST	1	adoption_660_Other_Parent_Exists_POST	Adoption Other Parent Exists	1646907996914	1646907997140	OK	 
REQUEST	1	adoption_660_Other_Parent_Exists_POST	Adoption Other Parent Exists Redirect 1	1646907997141	1646907997267	OK	 
GROUP	1	adoption_660_Other_Parent_Exists_POST	1646907996914	1646907997458	540	OK
REQUEST	1	adoption_670_Other_Parent_Name	Adoption Other Parent Name	1646907998454	1646907998837	OK	 
REQUEST	1	adoption_670_Other_Parent_Name	Adoption Other Parent Name Redirect 1	1646907998838	1646907999234	OK	 
GROUP	1	adoption_670_Other_Parent_Name	1646907998454	1646907999518	1060	OK
REQUEST	1	adoption_680_Other_Parent_Address_Known?	Adoption Other Parent Address known?	1646908000525	1646908001446	OK	 
REQUEST	1	adoption_680_Other_Parent_Address_Known?	Adoption Other Parent Address known? Redirect 1	1646908001447	1646908002024	OK	 
GROUP	1	adoption_680_Other_Parent_Address_Known?	1646908000524	1646908004033	3505	OK
REQUEST	1	adoption_690_Other_Parent_Address_Manual	Adoption Other Parent Address Manual	1646908005033	1646908005732	OK	 
GROUP	1	adoption_690_Other_Parent_Address_Manual	1646908005032	1646908006074	1038	OK
REQUEST	1	adoption_700_Other_Parent_Address_POST	Adoption Other Parent Address Manual	1646908007075	1646908007560	OK	 
REQUEST	1	adoption_700_Other_Parent_Address_POST	Adoption Other Parent Address Manual Redirect 1	1646908007561	1646908008200	OK	 
GROUP	1	adoption_700_Other_Parent_Address_POST	1646908007074	1646908008380	1300	OK
REQUEST	1	adoption_710_Agency	Adoption Agency	1646908009374	1646908009682	OK	 
REQUEST	1	adoption_710_Agency	Adoption Agency Redirect 1	1646908009683	1646908009921	OK	 
GROUP	1	adoption_710_Agency	1646908009374	1646908010034	657	OK
REQUEST	1	adoption_720_Agency_Details	Adoption Agency Details	1646908011042	1646908011507	OK	 
REQUEST	1	adoption_720_Agency_Details	Adoption Agency Details Redirect 1	1646908011508	1646908011716	OK	 
GROUP	1	adoption_720_Agency_Details	1646908011042	1646908011851	805	OK
REQUEST	1	adoption_730_Other_Agency	Adoption Other Agency?	1646908012842	1646908012996	OK	 
REQUEST	1	adoption_730_Other_Agency	Adoption Other Agency? Redirect 1	1646908012997	1646908013453	OK	 
REQUEST	1	adoption_730_Other_Agency	Adoption Other Agency? Redirect 2	1646908013454	1646908013706	OK	 
GROUP	1	adoption_730_Other_Agency	1646908012842	1646908013786	940	OK
REQUEST	1	adoption_740_Other_Agency_Details	Adoption Other Agency Details	1646908014793	1646908015234	OK	 
REQUEST	1	adoption_740_Other_Agency_Details	Adoption Other Agency Details Redirect 1	1646908015235	1646908015519	OK	 
GROUP	1	adoption_740_Other_Agency_Details	1646908014792	1646908015893	1097	OK
REQUEST	1	adoption_750_Social_Worker_Details	Adoption Social Worker Details	1646908016893	1646908017153	OK	 
REQUEST	1	adoption_750_Social_Worker_Details	Adoption Social Worker Details Redirect 1	1646908017153	1646908017298	OK	 
GROUP	1	adoption_750_Social_Worker_Details	1646908016893	1646908017566	670	OK
REQUEST	1	adoption_760_Sibling_Details	Adoption Sibling Details	1646908018564	1646908018720	OK	 
GROUP	1	adoption_760_Sibling_Details	1646908018563	1646908018835	268	OK
REQUEST	1	adoption_770_Sibling_Other?	Adoption Any Sibling?	1646908019844	1646908020237	OK	 
REQUEST	1	adoption_770_Sibling_Other?	Adoption Any Sibling? Redirect 1	1646908020238	1646908021204	OK	 
GROUP	1	adoption_770_Sibling_Other?	1646908019844	1646908021390	1542	OK
REQUEST	1	adoption_780_Sibling_Court_Order_Exists?	Adoption Court Order Exists?	1646908022385	1646908023472	OK	 
REQUEST	1	adoption_780_Sibling_Court_Order_Exists?	Adoption Court Order Exists? Redirect 1	1646908023473	1646908024188	OK	 
GROUP	1	adoption_780_Sibling_Court_Order_Exists?	1646908022384	1646908024801	2412	OK
REQUEST	1	adoption_790_Sibling_Name?	Adoption Sibling Name	1646908025794	1646908026080	OK	 
REQUEST	1	adoption_790_Sibling_Name?	Adoption Sibling Name Redirect 1	1646908026082	1646908026557	OK	 
REQUEST	1	adoption_790_Sibling_Name?	Adoption Sibling Name Redirect 2	1646908026558	1646908027233	OK	 
GROUP	1	adoption_790_Sibling_Name?	1646908025794	1646908027293	1494	OK
REQUEST	1	adoption_800_Sibling_Order_Type	Adoption Order Type?	1646908028304	1646908028608	OK	 
REQUEST	1	adoption_800_Sibling_Order_Type	Adoption Order Type? Redirect 1	1646908028609	1646908029059	OK	 
GROUP	1	adoption_800_Sibling_Order_Type	1646908028303	1646908029266	959	OK
REQUEST	1	adoption_810_Sibling_Order_Number	Adoption Order Number	1646908030263	1646908030553	OK	 
REQUEST	1	adoption_810_Sibling_Order_Number	Adoption Order Number Redirect 1	1646908030554	1646908030966	OK	 
GROUP	1	adoption_810_Sibling_Order_Number	1646908030263	1646908031088	821	OK
REQUEST	1	adoption_820_Sibling_New_Order?	Adoption Add New Order?	1646908032084	1646908032379	OK	 
REQUEST	1	adoption_820_Sibling_New_Order?	Adoption Add New Order? Redirect 1	1646908032380	1646908032560	OK	 
GROUP	1	adoption_820_Sibling_New_Order?	1646908032083	1646908032649	561	OK
REQUEST	1	adoption_830_Sibling_Select	Adoption Select Sibling	1646908033654	1646908033964	OK	 
REQUEST	1	adoption_830_Sibling_Select	Adoption Select Sibling Redirect 1	1646908033965	1646908034168	OK	 
REQUEST	1	adoption_830_Sibling_Select	Adoption Select Sibling Redirect 2	1646908034169	1646908034526	OK	 
GROUP	1	adoption_830_Sibling_Select	1646908033654	1646908034680	1022	OK
REQUEST	1	adoption_840_Sibling_Select	Adoption Order Type	1646908035672	1646908035980	OK	 
REQUEST	1	adoption_840_Sibling_Select	Adoption Order Type Redirect 1	1646908035982	1646908036335	OK	 
GROUP	1	adoption_840_Sibling_Select	1646908035671	1646908036407	730	OK
REQUEST	1	adoption_850_Sibling_Select	Adoption Order Number	1646908037413	1646908037771	OK	 
REQUEST	1	adoption_850_Sibling_Select	Adoption Order Number Redirect 1	1646908037772	1646908037972	OK	 
GROUP	1	adoption_850_Sibling_Select	1646908037412	1646908038204	787	OK
REQUEST	1	adoption_855_Sibling_Select	Adoption Order Number	1646908039214	1646908039769	OK	 
REQUEST	1	adoption_855_Sibling_Select	Adoption Order Number Redirect 1	1646908039771	1646908040012	OK	 
GROUP	1	adoption_855_Sibling_Select	1646908039213	1646908040437	1218	OK
REQUEST	1	adoption_860_Sibling_Select	Adoption Order Number	1646908040437	1646908040793	OK	 
REQUEST	1	adoption_860_Sibling_Select	Adoption Order Number Redirect 1	1646908040794	1646908040963	OK	 
GROUP	1	adoption_860_Sibling_Select	1646908040437	1646908041050	610	OK
REQUEST	1	adoption_861_Family_Court	Adoption Family Court Redirect	1646908042044	1646908042122	OK	 
GROUP	1	adoption_861_Family_Court	1646908042044	1646908042198	151	OK
REQUEST	1	adoption_862_Family_Court_POST	Adoption Family Court Redirect	1646908042198	1646908042367	OK	 
REQUEST	1	adoption_862_Family_Court_POST	Adoption Family Court Redirect Redirect 1	1646908042368	1646908042455	OK	 
GROUP	1	adoption_862_Family_Court_POST	1646908042198	1646908042531	330	OK
REQUEST	1	adoption_870_Upload_Document	Adoption Birth Certificate Details	1646908042531	1646908042621	OK	 
GROUP	1	adoption_870_Upload_Document	1646908042531	1646908042699	165	OK
REQUEST	1	adoption_885_Upload_Document_POST	Adoption Certificate Upload POST	1646908043695	1646908044390	OK	 
REQUEST	1	adoption_885_Upload_Document_POST	Adoption Certificate Upload POST Redirect 1	1646908044392	1646908044579	OK	 
GROUP	1	adoption_885_Upload_Document_POST	1646908043694	1646908044753	1052	OK
REQUEST	1	adoption_890_Equality	Adoption Review Equality	1646908045764	1646908046067	OK	 
REQUEST	1	adoption_890_Equality	Adoption Review Equality Redirect 1	1646908046068	1646908046262	OK	 
GROUP	1	adoption_890_Equality	1646908045764	1646908048078	2310	OK
REQUEST	1	adoption_900_Equality	Adoption Review Equality	1646908049072	1646908049155	KO	substring(Application details).find.exists, found nothing
GROUP	1	adoption_900_Equality	1646908049072	1646908049159	83	KO
USER	LAU Simulation	1	END	1646907881842	1646908049165
