RUN	simulations.mainSimulation	mainsimulation	1646841135861	 	3.3.1
USER	LAU Simulation	1	START	1646841137914	1646841137914
REQUEST	1	adoption_010_Homepage	Adoption Homepage	1646841137946	1646841138664	OK	 
REQUEST	1	adoption_010_Homepage	Adoption Homepage Redirect 1	1646841138694	1646841138997	OK	 
REQUEST	1	adoption_010_Homepage	Adoption Homepage Redirect 2	1646841138999	1646841139289	OK	 
GROUP	1	adoption_010_Homepage	1646841137924	1646841140069	1912	OK
REQUEST	1	Adoption_020_Login	Adoption Login	1646841141088	1646841141390	OK	 
REQUEST	1	Adoption_020_Login	Adoption Login Redirect 1	1646841141394	1646841141751	OK	 
REQUEST	1	Adoption_020_Login	Adoption Login Redirect 2	1646841141753	1646841143271	OK	 
REQUEST	1	Adoption_020_Login	Adoption Login Redirect 3	1646841143273	1646841143421	OK	 
GROUP	1	Adoption_020_Login	1646841141084	1646841144998	3892	OK
REQUEST	1	Adoption_030_Apply_With	Adoption Applying With	1646841146005	1646841146102	OK	 
GROUP	1	Adoption_030_Apply_With	1646841146004	1646841146165	152	OK
REQUEST	1	Adoption_040_Adoption_Applying_Post	Adoption Applying Post	1646841147178	1646841147778	OK	 
REQUEST	1	Adoption_040_Adoption_Applying_Post	Adoption Applying Post Redirect 1	1646841147780	1646841147820	OK	 
GROUP	1	Adoption_040_Adoption_Applying_Post	1646841147176	1646841148094	909	OK
REQUEST	1	Adoption_050_Adoption_Applying_With_Redirect	Adoption Applying With Redirect	1646841149077	1646841149127	OK	 
GROUP	1	Adoption_050_Adoption_Applying_With_Redirect	1646841149076	1646841149185	102	OK
REQUEST	1	Adoption_060_Date_Of_Move	Adoption Date Child Moved in 	1646841150196	1646841150233	OK	 
GROUP	1	Adoption_060_Date_Of_Move	1646841150195	1646841150454	254	OK
REQUEST	1	Adoption_070_Date_Of_Move_POST	Adoption Date Child Moved in Post	1646841151445	1646841152051	OK	 
REQUEST	1	Adoption_070_Date_Of_Move_POST	Adoption Date Child Moved in Post Redirect 1	1646841152054	1646841153337	OK	 
REQUEST	1	Adoption_070_Date_Of_Move_POST,Adoption_050_Adoption_Applying_With_Redirect	Adoption Applying With Redirect	1646841153394	1646841153623	OK	 
GROUP	1	Adoption_070_Date_Of_Move_POST,Adoption_050_Adoption_Applying_With_Redirect	1646841153393	1646841153726	328	OK
GROUP	1	Adoption_070_Date_Of_Move_POST	1646841151444	1646841154735	2267	OK
REQUEST	1	adoption_290_Birth_Certificate	Adoption Birth Certificate Details	1646841155735	1646841155807	OK	 
GROUP	1	adoption_290_Birth_Certificate	1646841155734	1646841155856	118	OK
REQUEST	1	adoption_300_Birth_Certificate_Name	Adoption Birth Certificate Name	1646841156866	1646841157197	OK	 
REQUEST	1	adoption_300_Birth_Certificate_Name	Adoption Birth Certificate Name Redirect 1	1646841157199	1646841157240	OK	 
GROUP	1	adoption_300_Birth_Certificate_Name	1646841156866	1646841157328	456	OK
REQUEST	1	adoption_320_Birth_Certificate_DoB	Adoption Birth Certificate DoB	1646841158327	1646841158733	OK	 
REQUEST	1	adoption_320_Birth_Certificate_DoB	Adoption Birth Certificate DoB Redirect 1	1646841158735	1646841158823	OK	 
GROUP	1	adoption_320_Birth_Certificate_DoB	1646841158326	1646841158910	577	OK
REQUEST	1	adoption_330_Birth_Certificate_Sex	Adoption Birth Certificate Sex	1646841159907	1646841160197	OK	 
REQUEST	1	adoption_330_Birth_Certificate_Sex	Adoption Birth Certificate Sex Redirect 1	1646841160198	1646841160251	OK	 
GROUP	1	adoption_330_Birth_Certificate_Sex	1646841159906	1646841160344	433	OK
REQUEST	1	adoption_335_Birth_Certificate_Sex_Redirect	Adoption Birth Certificate Sex Redirect	1646841161346	1646841161404	OK	 
GROUP	1	adoption_335_Birth_Certificate_Sex_Redirect	1646841161346	1646841161450	100	OK
REQUEST	1	adoption_340_Birth_Certificate_Nationality_Add	Adoption Birth Certificate Nationality Add	1646841161451	1646841161805	OK	 
REQUEST	1	adoption_340_Birth_Certificate_Nationality_Add	Adoption Birth Certificate Nationality Add Redirect 1	1646841161807	1646841161898	OK	 
GROUP	1	adoption_340_Birth_Certificate_Nationality_Add	1646841161451	1646841161992	535	OK
REQUEST	1	adoption_350_Birth_Certificate_Nationality_POST	Adoption Birth Certificate Nationality POST	1646841162987	1646841163286	OK	 
REQUEST	1	adoption_350_Birth_Certificate_Nationality_POST	Adoption Birth Certificate Nationality POST Redirect 1	1646841163288	1646841163325	OK	 
GROUP	1	adoption_350_Birth_Certificate_Nationality_POST	1646841162986	1646841163377	385	OK
USER	LAU Simulation	1	END	1646841137914	1646841164386
