RUN	simulations.mainSimulation	mainsimulation	1647518579986	 	3.3.1
USER	LAU Simulation	1	START	1647518580615	1647518580615
REQUEST	1	AD_010_Homepage	Adoption Homepage	1647518580641	1647518580754	OK	 
REQUEST	1	AD_010_Homepage	Adoption Homepage Redirect 1	1647518580780	1647518580806	OK	 
REQUEST	1	AD_010_Homepage	Adoption Homepage Redirect 2	1647518580807	1647518580871	OK	 
GROUP	1	AD_010_Homepage	1647518580623	1647518581109	349	OK
REQUEST	1	AD_020_Login	Adoption Login	1647518582134	1647518582463	OK	 
REQUEST	1	AD_020_Login	Adoption Login Redirect 1	1647518582467	1647518582874	OK	 
REQUEST	1	AD_020_Login	Adoption Login Redirect 2	1647518582875	1647518585033	OK	 
REQUEST	1	AD_020_Login	Adoption Login Redirect 3	1647518585035	1647518585072	OK	 
GROUP	1	AD_020_Login	1647518582129	1647518585177	3026	OK
REQUEST	1	AD_030_Apply_With	Adoption Applying With	1647518586178	1647518586226	OK	 
GROUP	1	AD_030_Apply_With	1647518586177	1647518586285	101	OK
REQUEST	1	AD_040_Applying_Post	Adoption Applying Post	1647518587290	1647518588096	OK	 
REQUEST	1	AD_040_Applying_Post	Adoption Applying Post Redirect 1	1647518588098	1647518588138	OK	 
GROUP	1	AD_040_Applying_Post	1647518587287	1647518588193	897	OK
REQUEST	1	AD_050_Applying_With_Redirect	Adoption Applying With Redirect	1647518589187	1647518589239	OK	 
GROUP	1	AD_050_Applying_With_Redirect	1647518589186	1647518589289	98	OK
REQUEST	1	AD_060_Date_Of_Move	Adoption Date Child Moved in 	1647518590299	1647518590350	OK	 
GROUP	1	AD_060_Date_Of_Move	1647518590298	1647518590400	97	OK
REQUEST	1	AD_070_Date_Of_Move_POST	Adoption Date Child Moved in Post	1647518591400	1647518591782	OK	 
REQUEST	1	AD_070_Date_Of_Move_POST	Adoption Date Child Moved in Post Redirect 1	1647518591784	1647518591827	OK	 
GROUP	1	AD_070_Date_Of_Move_POST	1647518591399	1647518591870	465	OK
REQUEST	1	AD_710_Agency	Adoption Agency	1647518591871	1647518602842	OK	 
REQUEST	1	AD_710_Agency	Adoption Agency Redirect 1	1647518602843	1647518603149	OK	 
GROUP	1	AD_710_Agency	1647518591871	1647518603200	11325	OK
REQUEST	1	AD_720_Agency_Details	Adoption Agency Details	1647518604198	1647518604991	OK	 
REQUEST	1	AD_720_Agency_Details	Adoption Agency Details Redirect 1	1647518604993	1647518605038	OK	 
GROUP	1	AD_720_Agency_Details	1647518604197	1647518605083	879	OK
REQUEST	1	AD_730_Other_Agency	Adoption Other Agency?	1647518606090	1647518606937	OK	 
REQUEST	1	AD_730_Other_Agency	Adoption Other Agency? Redirect 1	1647518606939	1647518607244	OK	 
REQUEST	1	AD_730_Other_Agency	Adoption Other Agency? Redirect 2	1647518607245	1647518607756	OK	 
GROUP	1	AD_730_Other_Agency	1647518606089	1647518607812	1715	OK
REQUEST	1	AD_740_Other_Agency_Details	Adoption Other Agency Details	1647518608809	1647518609095	OK	 
REQUEST	1	AD_740_Other_Agency_Details	Adoption Other Agency Details Redirect 1	1647518609097	1647518609144	OK	 
GROUP	1	AD_740_Other_Agency_Details	1647518608808	1647518609203	388	OK
REQUEST	1	AD_750_Social_Worker_Details	Adoption Social Worker Details	1647518610200	1647518610623	OK	 
REQUEST	1	AD_750_Social_Worker_Details	Adoption Social Worker Details Redirect 1	1647518610624	1647518610669	OK	 
GROUP	1	AD_750_Social_Worker_Details	1647518610199	1647518610719	514	OK
REQUEST	1	AD_080_Your_Details	Adoption Your Personal Details 	1647518611728	1647518611770	OK	 
GROUP	1	AD_080_Your_Details	1647518611727	1647518611817	85	OK
REQUEST	1	AD_090_Your_Details_POST	Adoption Your Personal Details Post	1647518612820	1647518613082	OK	 
REQUEST	1	AD_090_Your_Details_POST	Adoption Your Personal Details Post Redirect 1	1647518613084	1647518613127	OK	 
GROUP	1	AD_090_Your_Details_POST	1647518612819	1647518613185	360	OK
REQUEST	1	AD_100_Your_Details_Other_Name	Adoption Your Personal Details Other Name	1647518614179	1647518614376	OK	 
REQUEST	1	AD_100_Your_Details_Other_Name	Adoption Your Personal Details Other Name Redirect 1	1647518614377	1647518614416	OK	 
GROUP	1	AD_100_Your_Details_Other_Name	1647518614178	1647518614476	293	OK
REQUEST	1	AD_110_Your_Details_DoB	Adoption Your Personal Details DoB	1647518615479	1647518615525	OK	 
GROUP	1	AD_110_Your_Details_DoB	1647518615479	1647518615574	92	OK
REQUEST	1	AD_120_Your_Details_DoB_POST	Adoption Your Personal Details DoB POST	1647518616569	1647518616935	OK	 
REQUEST	1	AD_120_Your_Details_DoB_POST	Adoption Your Personal Details DoB POST Redirect 1	1647518616937	1647518617071	OK	 
GROUP	1	AD_120_Your_Details_DoB_POST	1647518616568	1647518617147	572	OK
REQUEST	1	AD_130_Your_Details_Occupation	Adoption Your Personal Details Occupation	1647518618157	1647518618460	OK	 
REQUEST	1	AD_130_Your_Details_Occupation	Adoption Your Personal Details Occupation Redirect 1	1647518618461	1647518618514	OK	 
GROUP	1	AD_130_Your_Details_Occupation	1647518618157	1647518618559	399	OK
REQUEST	1	AD_140_Your_Contact	Adoption Your Contact Details LookUp	1647518619559	1647518619598	OK	 
GROUP	1	AD_140_Your_Contact	1647518619559	1647518619658	96	OK
REQUEST	1	AD_150_Your_Contact_Manual	Adoption Your Contact Details Manual	1647518620658	1647518620702	OK	 
GROUP	1	AD_150_Your_Contact_Manual	1647518620658	1647518620744	83	OK
REQUEST	1	AD_160_Your_Contact_POST	Adoption Your Contact Details Manual POST	1647518621740	1647518621960	OK	 
REQUEST	1	AD_160_Your_Contact_POST	Adoption Your Contact Details Manual POST Redirect 1	1647518621962	1647518622009	OK	 
GROUP	1	AD_160_Your_Contact_POST	1647518621739	1647518622066	320	OK
REQUEST	1	AD_170_Your_Contact_POST	Adoption Your Contact Details POST	1647518623060	1647518623354	OK	 
REQUEST	1	AD_170_Your_Contact_POST	Adoption Your Contact Details POST Redirect 1	1647518623356	1647518623398	OK	 
GROUP	1	AD_170_Your_Contact_POST	1647518623059	1647518623446	380	OK
REQUEST	1	AD_180_Second_Person	Adoption Second Personal Details	1647518624449	1647518624493	OK	 
GROUP	1	AD_180_Second_Person	1647518624448	1647518624556	104	OK
REQUEST	1	AD_190_Second_PersonPOST	Adoption Second Personal Details POST	1647518625559	1647518625983	OK	 
REQUEST	1	AD_190_Second_PersonPOST	Adoption Second Personal Details POST Redirect 1	1647518625985	1647518626040	OK	 
GROUP	1	AD_190_Second_PersonPOST	1647518625558	1647518626085	521	OK
REQUEST	1	AD_200_Second_Other_Name	Adoption Second Other Name	1647518627090	1647518627289	OK	 
REQUEST	1	AD_200_Second_Other_Name	Adoption Second Other Name Redirect 1	1647518627291	1647518627333	OK	 
GROUP	1	AD_200_Second_Other_Name	1647518627089	1647518627390	295	OK
REQUEST	1	AD_210_Second_Other_Name_Redirect	Adoption Second Other Name Redirect	1647518628390	1647518628687	OK	 
REQUEST	1	AD_210_Second_Other_Name_Redirect	Adoption Second Other Name Redirect Redirect 1	1647518628689	1647518628733	OK	 
GROUP	1	AD_210_Second_Other_Name_Redirect	1647518628389	1647518628794	399	OK
REQUEST	1	AD_220_Second_DoB	Adoption Second DoB	1647518629790	1647518629983	OK	 
REQUEST	1	AD_220_Second_DoB	Adoption Second DoB Redirect 1	1647518629984	1647518630025	OK	 
GROUP	1	AD_220_Second_DoB	1647518629789	1647518630074	281	OK
REQUEST	1	AD_230_Second_Occupation	Adoption Second Occupation	1647518631079	1647518631278	OK	 
REQUEST	1	AD_230_Second_Occupation	Adoption Second Occupation Redirect 1	1647518631280	1647518631319	OK	 
GROUP	1	AD_230_Second_Occupation	1647518631078	1647518631371	288	OK
REQUEST	1	AD_240_Second_Contact_Same	Adoption Second Contact Details Same-Address	1647518632369	1647518632410	OK	 
GROUP	1	AD_240_Second_Contact_Same	1647518632368	1647518632458	86	OK
REQUEST	1	AD_250_Second_Contact_Same_POST	Adoption Second Contact Details Same-Address POST	1647518633469	1647518633646	OK	 
REQUEST	1	AD_250_Second_Contact_Same_POST	Adoption Second Contact Details Same-Address POST Redirect 1	1647518633647	1647518633684	OK	 
GROUP	1	AD_250_Second_Contact_Same_POST	1647518633468	1647518633729	256	OK
REQUEST	1	AD_260_Second_Contact_Manual_Redirect	Adoption Second Contact Details manual redirect	1647518634729	1647518634776	OK	 
GROUP	1	AD_260_Second_Contact_Manual_Redirect	1647518634728	1647518634823	91	OK
REQUEST	1	AD_270_Second_Contact_Manual_POST	Adoption Second Contact Details manual POST	1647518635817	1647518636019	OK	 
REQUEST	1	AD_270_Second_Contact_Manual_POST	Adoption Second Contact Details manual POST Redirect 1	1647518636021	1647518636064	OK	 
GROUP	1	AD_270_Second_Contact_Manual_POST	1647518635816	1647518636105	284	OK
REQUEST	1	AD_280_Second_Contact_POST	Adoption Second Contact Details POST	1647518637110	1647518637451	OK	 
REQUEST	1	AD_280_Second_Contact_POST	Adoption Second Contact Details POST Redirect 1	1647518637453	1647518637497	OK	 
GROUP	1	AD_280_Second_Contact_POST	1647518637109	1647518637542	427	OK
REQUEST	1	AD_290_Birth_Certificate	Adoption Birth Certificate Details	1647518638539	1647518638584	OK	 
GROUP	1	AD_290_Birth_Certificate	1647518638538	1647518638628	86	OK
REQUEST	1	AD_300_Birth_Name	Adoption Birth Certificate Name	1647518639640	1647518640114	OK	 
REQUEST	1	AD_300_Birth_Name	Adoption Birth Certificate Name Redirect 1	1647518640115	1647518640150	OK	 
GROUP	1	AD_300_Birth_Name	1647518639639	1647518640197	554	OK
REQUEST	1	AD_320_Birth_DoB	Adoption Birth Certificate DoB	1647518641189	1647518641853	OK	 
REQUEST	1	AD_320_Birth_DoB	Adoption Birth Certificate DoB Redirect 1	1647518641855	1647518641911	OK	 
GROUP	1	AD_320_Birth_DoB	1647518641188	1647518641955	762	OK
REQUEST	1	AD_330_Birth_Sex	Adoption Birth Certificate Sex	1647518642949	1647518643187	OK	 
REQUEST	1	AD_330_Birth_Sex	Adoption Birth Certificate Sex Redirect 1	1647518643188	1647518643272	OK	 
GROUP	1	AD_330_Birth_Sex	1647518642948	1647518643325	372	OK
REQUEST	1	AD_340_Birth_Nationality_Add	Adoption Birth Certificate Nationality Add	1647518644329	1647518644619	OK	 
REQUEST	1	AD_340_Birth_Nationality_Add	Adoption Birth Certificate Nationality Add Redirect 1	1647518644621	1647518644663	OK	 
GROUP	1	AD_340_Birth_Nationality_Add	1647518644328	1647518644710	376	OK
REQUEST	1	AD_350_Birth_Nationality_POST	Adoption Birth Certificate Nationality POST	1647518645719	1647518646257	OK	 
REQUEST	1	AD_350_Birth_Nationality_POST	Adoption Birth Certificate Nationality POST Redirect 1	1647518646258	1647518646300	OK	 
GROUP	1	AD_350_Birth_Nationality_POST	1647518645718	1647518646342	620	OK
REQUEST	1	AD_360_Certificate_Details	Adoption Certificate Details	1647518647338	1647518647402	OK	 
GROUP	1	AD_360_Certificate_Details	1647518647337	1647518647447	106	OK
REQUEST	1	AD_370_Certificate_Name	Adoption Certificate Details Name	1647518648457	1647518648839	OK	 
REQUEST	1	AD_370_Certificate_Name	Adoption Certificate Details Name Redirect 1	1647518648840	1647518648888	OK	 
GROUP	1	AD_370_Certificate_Name	1647518648456	1647518648931	471	OK
REQUEST	1	AD_380_Placement_Order	Adoption Placement Order Details	1647518649929	1647518650113	OK	 
GROUP	1	AD_380_Placement_Order	1647518649928	1647518650157	225	OK
REQUEST	1	AD_390_Placement_Number	Adoption Placement Order Number	1647518651149	1647518651480	OK	 
REQUEST	1	AD_390_Placement_Number	Adoption Placement Order Number Redirect 1	1647518651481	1647518651720	OK	 
GROUP	1	AD_390_Placement_Number	1647518651148	1647518651762	609	OK
REQUEST	1	AD_400_Placement_Court	Adoption Placement Court	1647518652769	1647518653425	OK	 
REQUEST	1	AD_400_Placement_Court	Adoption Placement Court Redirect 1	1647518653427	1647518653618	OK	 
GROUP	1	AD_400_Placement_Court	1647518652768	1647518653659	885	OK
REQUEST	1	AD_410_Placement_Date	Adoption Placement Date	1647518654659	1647518654862	OK	 
REQUEST	1	AD_410_Placement_Date	Adoption Placement Date Redirect 1	1647518654864	1647518655166	OK	 
GROUP	1	AD_410_Placement_Date	1647518654658	1647518655213	548	OK
REQUEST	1	AD_420_Placement_Summary	Adoption Placement Summary	1647518656218	1647518656434	OK	 
REQUEST	1	AD_420_Placement_Summary	Adoption Placement Summary Redirect 1	1647518656435	1647518656599	OK	 
REQUEST	1	AD_420_Placement_Summary	Adoption Placement Summary Redirect 2	1647518656601	1647518657010	OK	 
GROUP	1	AD_420_Placement_Summary	1647518656218	1647518657053	830	OK
REQUEST	1	AD_430_Placement_Type_2	Adoption Placement Type 2	1647518658047	1647518658499	OK	 
REQUEST	1	AD_430_Placement_Type_2	Adoption Placement Type 2 Redirect 1	1647518658501	1647518658702	OK	 
GROUP	1	AD_430_Placement_Type_2	1647518658046	1647518658749	697	OK
REQUEST	1	AD_440_Placement_Number_2	Adoption Placement Order Number 2	1647518659758	1647518660185	OK	 
REQUEST	1	AD_440_Placement_Number_2	Adoption Placement Order Number 2 Redirect 1	1647518660186	1647518660362	OK	 
GROUP	1	AD_440_Placement_Number_2	1647518659757	1647518660493	731	OK
REQUEST	1	AD_450_Placement_Court_2	Adoption Placement Court 2	1647518661490	1647518661670	OK	 
REQUEST	1	AD_450_Placement_Court_2	Adoption Placement Court 2 Redirect 1	1647518661671	1647518661864	OK	 
GROUP	1	AD_450_Placement_Court_2	1647518661490	1647518661916	421	OK
REQUEST	1	AD_460_Placement_Date_2	Adoption Placement Date 2	1647518662917	1647518663153	OK	 
REQUEST	1	AD_460_Placement_Date_2	Adoption Placement Date 2 Redirect 1	1647518663155	1647518663392	OK	 
GROUP	1	AD_460_Placement_Date_2	1647518662917	1647518663434	513	OK
REQUEST	1	AD_470_Placement_Summary_2	Adoption Placement Summary 2	1647518664429	1647518664610	OK	 
REQUEST	1	AD_470_Placement_Summary_2	Adoption Placement Summary 2 Redirect 1	1647518664612	1647518664654	OK	 
GROUP	1	AD_470_Placement_Summary_2	1647518664429	1647518664702	268	OK
REQUEST	1	AD_480_Birth_Mother	Adoption Mother's Details	1647518665708	1647518665750	OK	 
GROUP	1	AD_480_Birth_Mother	1647518665708	1647518665801	90	OK
REQUEST	1	AD_490_Mother_Name	Adoption Mother's Name	1647518666799	1647518667006	OK	 
REQUEST	1	AD_490_Mother_Name	Adoption Mother's Name Redirect 1	1647518667007	1647518667057	OK	 
GROUP	1	AD_490_Mother_Name	1647518666798	1647518667098	296	OK
REQUEST	1	AD_495_Mother_Alive_Redirect	Adoption Mother's Details	1647518668099	1647518668145	OK	 
GROUP	1	AD_495_Mother_Alive_Redirect	1647518668098	1647518668201	99	OK
REQUEST	1	AD_500_Mother_Alive	Adoption Mother Still Alive?	1647518669200	1647518669399	OK	 
REQUEST	1	AD_500_Mother_Alive	Adoption Mother Still Alive? Redirect 1	1647518669401	1647518669439	OK	 
GROUP	1	AD_500_Mother_Alive	1647518669199	1647518669483	279	OK
REQUEST	1	AD_510_Mother_Nationality_Add	Adoption Mother's Nationality Add	1647518670489	1647518670936	OK	 
REQUEST	1	AD_510_Mother_Nationality_Add	Adoption Mother's Nationality Add Redirect 1	1647518670937	1647518670981	OK	 
GROUP	1	AD_510_Mother_Nationality_Add	1647518670489	1647518671035	542	OK
REQUEST	1	AD_520_Mother_Nationality_POST	Adoption Mother's Nationality	1647518672030	1647518672241	OK	 
REQUEST	1	AD_520_Mother_Nationality_POST	Adoption Mother's Nationality Redirect 1	1647518672242	1647518672282	OK	 
GROUP	1	AD_520_Mother_Nationality_POST	1647518672029	1647518672323	290	OK
REQUEST	1	AD_530_Mother_Occupation	Adoption Mother's Occupation	1647518673329	1647518673541	OK	 
REQUEST	1	AD_530_Mother_Occupation	Adoption Mother's Occupation Redirect 1	1647518673542	1647518673600	OK	 
GROUP	1	AD_530_Mother_Occupation	1647518673328	1647518673643	310	OK
REQUEST	1	AD_535_Mother_Occupation_Redirect	Adoption Mother's Details Redirect	1647518674639	1647518674691	OK	 
GROUP	1	AD_535_Mother_Occupation_Redirect	1647518674638	1647518674738	96	OK
REQUEST	1	AD_540_Mother_Occupation	Adoption Mother's Address Known	1647518675748	1647518675908	OK	 
REQUEST	1	AD_540_Mother_Occupation	Adoption Mother's Address Known Redirect 1	1647518675910	1647518675954	OK	 
GROUP	1	AD_540_Mother_Occupation	1647518675747	1647518675999	246	OK
REQUEST	1	AD_550_Mother_Address_Manual	Adoption Mother's Address Manual	1647518677000	1647518677062	OK	 
GROUP	1	AD_550_Mother_Address_Manual	1647518676999	1647518677105	102	OK
REQUEST	1	AD_560_Mother_Address_POST	Adoption Mother's Address	1647518678099	1647518678288	OK	 
REQUEST	1	AD_560_Mother_Address_POST	Adoption Mother's Address Redirect 1	1647518678289	1647518678336	OK	 
GROUP	1	AD_560_Mother_Address_POST	1647518678099	1647518678383	280	OK
REQUEST	1	AD_570_Father_Details	Adoption Father's Details	1647518679378	1647518679417	OK	 
GROUP	1	AD_570_Father_Details	1647518679377	1647518679460	79	OK
REQUEST	1	AD_580_Father_Details_POST	Adoption Father's Details On Certificate	1647518680467	1647518680690	OK	 
REQUEST	1	AD_580_Father_Details_POST	Adoption Father's Details On Certificate Redirect 1	1647518680692	1647518680730	OK	 
GROUP	1	AD_580_Father_Details_POST	1647518680467	1647518680776	305	OK
REQUEST	1	AD_590_Father_Name	Adoption Father's Name	1647518681769	1647518682097	OK	 
REQUEST	1	AD_590_Father_Name	Adoption Father's Name Redirect 1	1647518682099	1647518682140	OK	 
GROUP	1	AD_590_Father_Name	1647518681769	1647518682184	411	OK
REQUEST	1	AD_600_Father_Alive	Adoption Father Still alive?	1647518683189	1647518683579	OK	 
REQUEST	1	AD_600_Father_Alive	Adoption Father Still alive? Redirect 1	1647518683581	1647518683625	OK	 
GROUP	1	AD_600_Father_Alive	1647518683188	1647518683669	475	OK
REQUEST	1	AD_610_Father_Nationality_Add	Adoption Father add Nationality	1647518684669	1647518685066	OK	 
REQUEST	1	AD_610_Father_Nationality_Add	Adoption Father add Nationality Redirect 1	1647518685068	1647518685107	OK	 
GROUP	1	AD_610_Father_Nationality_Add	1647518684669	1647518685152	479	OK
REQUEST	1	AD_620_Father_Nationality_POST	Adoption Father's Nationality	1647518686150	1647518686602	OK	 
REQUEST	1	AD_620_Father_Nationality_POST	Adoption Father's Nationality Redirect 1	1647518686604	1647518686654	OK	 
GROUP	1	AD_620_Father_Nationality_POST	1647518686149	1647518686699	544	OK
REQUEST	1	AD_630_Father_Occupation	Adoption Father's Occupation	1647518687707	1647518688241	OK	 
REQUEST	1	AD_630_Father_Occupation	Adoption Father's Occupation Redirect 1	1647518688242	1647518688305	OK	 
GROUP	1	AD_630_Father_Occupation	1647518687706	1647518688385	673	OK
REQUEST	1	AD_640_Father_Address_Known	Adoption Father's Address Known?	1647518689379	1647518689674	OK	 
REQUEST	1	AD_640_Father_Address_Known	Adoption Father's Address Known? Redirect 1	1647518689676	1647518689718	OK	 
GROUP	1	AD_640_Father_Address_Known	1647518689378	1647518689763	379	OK
REQUEST	1	AD_641_Father_Address_Manual	Adoption Father's Address Manual	1647518690768	1647518690827	OK	 
GROUP	1	AD_641_Father_Address_Manual	1647518690768	1647518690871	99	OK
REQUEST	1	AD_642_Father_Address_POST	Adoption Father's Address	1647518691869	1647518692173	OK	 
REQUEST	1	AD_642_Father_Address_POST	Adoption Father's Address Redirect 1	1647518692174	1647518692221	OK	 
GROUP	1	AD_642_Father_Address_POST	1647518691869	1647518692266	394	OK
REQUEST	1	AD_650_Other_Parent_Exists	Adoption Other Parent	1647518693269	1647518693314	OK	 
GROUP	1	AD_650_Other_Parent_Exists	1647518693269	1647518693364	92	OK
REQUEST	1	AD_660_Other_Exists_POST	Adoption Other Parent Exists	1647518694358	1647518694692	OK	 
REQUEST	1	AD_660_Other_Exists_POST	Adoption Other Parent Exists Redirect 1	1647518694693	1647518694737	OK	 
GROUP	1	AD_660_Other_Exists_POST	1647518694358	1647518694784	422	OK
REQUEST	1	AD_670_Other_Parent_Name	Adoption Other Parent Name	1647518695789	1647518696358	OK	 
REQUEST	1	AD_670_Other_Parent_Name	Adoption Other Parent Name Redirect 1	1647518696359	1647518696400	OK	 
GROUP	1	AD_670_Other_Parent_Name	1647518695789	1647518696452	659	OK
REQUEST	1	AD_680_Other_Parent_Address_Known	Adoption Other Parent Address known?	1647518697450	1647518697656	OK	 
REQUEST	1	AD_680_Other_Parent_Address_Known	Adoption Other Parent Address known? Redirect 1	1647518697658	1647518697703	OK	 
GROUP	1	AD_680_Other_Parent_Address_Known	1647518697449	1647518697747	293	OK
REQUEST	1	AD_690_Other_Parent_Address_Manual	Adoption Other Parent Address Manual	1647518698757	1647518698835	OK	 
GROUP	1	AD_690_Other_Parent_Address_Manual	1647518698757	1647518698879	119	OK
REQUEST	1	AD_700_Other_Parent_Address_POST	Adoption Other Parent Address Manual	1647518699879	1647518700221	OK	 
REQUEST	1	AD_700_Other_Parent_Address_POST	Adoption Other Parent Address Manual Redirect 1	1647518700223	1647518700276	OK	 
GROUP	1	AD_700_Other_Parent_Address_POST	1647518699878	1647518700322	438	OK
REQUEST	1	AD_760_Sibling_Details	Adoption Sibling Details	1647518701317	1647518701367	OK	 
GROUP	1	AD_760_Sibling_Details	1647518701317	1647518701417	97	OK
REQUEST	1	AD_770_Sibling_Other	Adoption Any Sibling?	1647518702418	1647518702781	OK	 
REQUEST	1	AD_770_Sibling_Other	Adoption Any Sibling? Redirect 1	1647518702783	1647518702827	OK	 
GROUP	1	AD_770_Sibling_Other	1647518702417	1647518702952	530	OK
REQUEST	1	AD_780_Sibling_Order_Exists	Adoption Court Order Exists?	1647518703949	1647518704129	OK	 
REQUEST	1	AD_780_Sibling_Order_Exists	Adoption Court Order Exists? Redirect 1	1647518704130	1647518704319	OK	 
GROUP	1	AD_780_Sibling_Order_Exists	1647518703949	1647518704366	413	OK
REQUEST	1	AD_790_Sibling_Name	Adoption Sibling Name	1647518705379	1647518705591	OK	 
REQUEST	1	AD_790_Sibling_Name	Adoption Sibling Name Redirect 1	1647518705592	1647518705850	OK	 
REQUEST	1	AD_790_Sibling_Name	Adoption Sibling Name Redirect 2	1647518705851	1647518706164	OK	 
GROUP	1	AD_790_Sibling_Name	1647518705378	1647518706220	836	OK
REQUEST	1	AD_800_Sibling_Type	Adoption Order Type?	1647518707209	1647518707696	OK	 
REQUEST	1	AD_800_Sibling_Type	Adoption Order Type? Redirect 1	1647518707698	1647518708004	OK	 
GROUP	1	AD_800_Sibling_Type	1647518707208	1647518708064	850	OK
REQUEST	1	AD_810_Sibling_Number	Adoption Order Number	1647518709069	1647518709744	OK	 
REQUEST	1	AD_810_Sibling_Number	Adoption Order Number Redirect 1	1647518709746	1647518709793	OK	 
GROUP	1	AD_810_Sibling_Number	1647518709069	1647518709844	770	OK
REQUEST	1	AD_820_Sibling_New_Order	Adoption Add New Order?	1647518710838	1647518711040	OK	 
REQUEST	1	AD_820_Sibling_New_Order	Adoption Add New Order? Redirect 1	1647518711041	1647518711098	OK	 
GROUP	1	AD_820_Sibling_New_Order	1647518710837	1647518711144	300	OK
REQUEST	1	AD_830_Sibling_Select	Adoption Select Sibling	1647518712148	1647518712356	OK	 
REQUEST	1	AD_830_Sibling_Select	Adoption Select Sibling Redirect 1	1647518712358	1647518712535	OK	 
REQUEST	1	AD_830_Sibling_Select	Adoption Select Sibling Redirect 2	1647518712536	1647518712743	OK	 
GROUP	1	AD_830_Sibling_Select	1647518712148	1647518712790	636	OK
REQUEST	1	AD_840_Sibling_Type_2	Adoption Order Type	1647518713789	1647518713973	OK	 
REQUEST	1	AD_840_Sibling_Type_2	Adoption Order Type Redirect 1	1647518713974	1647518714456	OK	 
GROUP	1	AD_840_Sibling_Type_2	1647518713789	1647518714500	708	OK
REQUEST	1	AD_850_Sibling_Number_2t	Adoption Order Number	1647518715508	1647518715991	OK	 
REQUEST	1	AD_850_Sibling_Number_2t	Adoption Order Number Redirect 1	1647518715992	1647518716040	OK	 
GROUP	1	AD_850_Sibling_Number_2t	1647518715507	1647518716084	572	OK
REQUEST	1	AD_855_Sibling_Remove	Adoption Remove Placement Order	1647518717078	1647518717528	OK	 
REQUEST	1	AD_855_Sibling_Remove	Adoption Remove Placement Order Redirect 1	1647518717529	1647518717577	OK	 
GROUP	1	AD_855_Sibling_Remove	1647518717078	1647518717624	542	OK
REQUEST	1	AD_860_Sibling_Summary	Adoption Order Summary	1647518718620	1647518719063	OK	 
REQUEST	1	AD_860_Sibling_Summary	Adoption Order Summary Redirect 1	1647518719064	1647518719111	OK	 
GROUP	1	AD_860_Sibling_Summary	1647518718619	1647518719152	528	OK
REQUEST	1	AD_861_Family_Court	Adoption Family Court Redirect	1647518720158	1647518720213	OK	 
GROUP	1	AD_861_Family_Court	1647518720158	1647518720265	103	OK
REQUEST	1	AD_862_Family_Court_POST	Adoption Family Court Redirect	1647518721257	1647518721435	OK	 
REQUEST	1	AD_862_Family_Court_POST	Adoption Family Court Redirect Redirect 1	1647518721436	1647518721477	OK	 
GROUP	1	AD_862_Family_Court_POST	1647518721257	1647518721526	264	OK
REQUEST	1	AD_870_Upload_Document	Adoption Birth Certificate Details	1647518722529	1647518722593	OK	 
GROUP	1	AD_870_Upload_Document	1647518722529	1647518722636	103	OK
REQUEST	1	AD_880_Upload_Document	Adoption Certificate Upload	1647518723663	1647518742819	OK	 
GROUP	1	AD_880_Upload_Document	1647518723638	1647518742864	19156	OK
REQUEST	1	AD_885_Upload_Document_POST	Adoption Certificate Upload POST	1647518743819	1647518744560	OK	 
REQUEST	1	AD_885_Upload_Document_POST	Adoption Certificate Upload POST Redirect 1	1647518744561	1647518744604	OK	 
GROUP	1	AD_885_Upload_Document_POST	1647518743818	1647518744651	828	OK
USER	LAU Simulation	1	END	1647518580615	1647518745662
