RUN	simulations.mainSimulation	mainsimulation	1646842667334	 	3.3.1
USER	LAU Simulation	1	START	1646842667904	1646842667904
REQUEST	1	adoption_010_Homepage	Adoption Homepage	1646842667925	1646842668077	OK	 
REQUEST	1	adoption_010_Homepage	Adoption Homepage Redirect 1	1646842668103	1646842668138	OK	 
REQUEST	1	adoption_010_Homepage	Adoption Homepage Redirect 2	1646842668141	1646842668302	OK	 
GROUP	1	adoption_010_Homepage	1646842667911	1646842668549	504	OK
REQUEST	1	Adoption_020_Login	Adoption Login	1646842669568	1646842669883	OK	 
REQUEST	1	Adoption_020_Login	Adoption Login Redirect 1	1646842669888	1646842670695	OK	 
REQUEST	1	Adoption_020_Login	Adoption Login Redirect 2	1646842670696	1646842672239	OK	 
REQUEST	1	Adoption_020_Login	Adoption Login Redirect 3	1646842672241	1646842673055	OK	 
GROUP	1	Adoption_020_Login	1646842669564	1646842673912	4329	OK
REQUEST	1	Adoption_030_Apply_With	Adoption Applying With	1646842674916	1646842674971	OK	 
GROUP	1	Adoption_030_Apply_With	1646842674915	1646842675088	163	OK
REQUEST	1	Adoption_040_Adoption_Applying_Post	Adoption Applying Post	1646842676097	1646842677050	OK	 
REQUEST	1	Adoption_040_Adoption_Applying_Post	Adoption Applying Post Redirect 1	1646842677051	1646842677087	OK	 
GROUP	1	Adoption_040_Adoption_Applying_Post	1646842676095	1646842677361	1258	OK
REQUEST	1	Adoption_050_Adoption_Applying_With_Redirect	Adoption Applying With Redirect	1646842678354	1646842678536	OK	 
GROUP	1	Adoption_050_Adoption_Applying_With_Redirect	1646842678354	1646842678832	472	OK
REQUEST	1	Adoption_060_Date_Of_Move	Adoption Date Child Moved in 	1646842679835	1646842679988	OK	 
GROUP	1	Adoption_060_Date_Of_Move	1646842679835	1646842680347	507	OK
REQUEST	1	Adoption_070_Date_Of_Move_POST	Adoption Date Child Moved in Post	1646842681344	1646842681658	OK	 
REQUEST	1	Adoption_070_Date_Of_Move_POST	Adoption Date Child Moved in Post Redirect 1	1646842681659	1646842681703	OK	 
REQUEST	1	Adoption_070_Date_Of_Move_POST,Adoption_050_Adoption_Applying_With_Redirect	Adoption Applying With Redirect	1646842681992	1646842682025	OK	 
GROUP	1	Adoption_070_Date_Of_Move_POST,Adoption_050_Adoption_Applying_With_Redirect	1646842681991	1646842682373	375	OK
GROUP	1	Adoption_070_Date_Of_Move_POST	1646842681343	1646842683374	1015	OK
REQUEST	1	adoption_760_Sibling_Details	Adoption Sibling Details	1646842684385	1646842684434	OK	 
GROUP	1	adoption_760_Sibling_Details	1646842684384	1646842684619	222	OK
REQUEST	1	adoption_770_Sibling_Other?	Adoption Any Sibling?	1646842685616	1646842686266	OK	 
REQUEST	1	adoption_770_Sibling_Other?	Adoption Any Sibling? Redirect 1	1646842686267	1646842686307	OK	 
GROUP	1	adoption_770_Sibling_Other?	1646842685615	1646842687757	2136	OK
REQUEST	1	adoption_780_Sibling_Court_Order_Exists?	Adoption Court Order Exists?	1646842688755	1646842689133	OK	 
REQUEST	1	adoption_780_Sibling_Court_Order_Exists?	Adoption Court Order Exists? Redirect 1	1646842689135	1646842689308	OK	 
GROUP	1	adoption_780_Sibling_Court_Order_Exists?	1646842688755	1646842689384	623	OK
REQUEST	1	adoption_790_Sibling_Name?	Adoption Sibling Name	1646842690385	1646842690637	OK	 
REQUEST	1	adoption_790_Sibling_Name?	Adoption Sibling Name Redirect 1	1646842690638	1646842690851	OK	 
REQUEST	1	adoption_790_Sibling_Name?	Adoption Sibling Name Redirect 2	1646842690852	1646842691010	OK	 
GROUP	1	adoption_790_Sibling_Name?	1646842690385	1646842691109	718	OK
REQUEST	1	adoption_800_Sibling_Order_Type	Adoption Order Type?	1646842692106	1646842692348	OK	 
REQUEST	1	adoption_800_Sibling_Order_Type	Adoption Order Type? Redirect 1	1646842692349	1646842692584	OK	 
GROUP	1	adoption_800_Sibling_Order_Type	1646842692105	1646842692859	749	OK
REQUEST	1	adoption_810_Sibling_Order_Number	Adoption Order Number	1646842693865	1646842694063	OK	 
REQUEST	1	adoption_810_Sibling_Order_Number	Adoption Order Number Redirect 1	1646842694064	1646842694199	OK	 
GROUP	1	adoption_810_Sibling_Order_Number	1646842693864	1646842694527	658	OK
REQUEST	1	adoption_820_Sibling_New_Order?	Adoption Add New Order?	1646842695526	1646842695704	OK	 
REQUEST	1	adoption_820_Sibling_New_Order?	Adoption Add New Order? Redirect 1	1646842695706	1646842695750	OK	 
GROUP	1	adoption_820_Sibling_New_Order?	1646842695526	1646842695824	292	OK
REQUEST	1	adoption_830_Sibling_Select	Adoption Select Sibling	1646842696826	1646842697003	OK	 
REQUEST	1	adoption_830_Sibling_Select	Adoption Select Sibling Redirect 1	1646842697005	1646842697325	OK	 
REQUEST	1	adoption_830_Sibling_Select	Adoption Select Sibling Redirect 2	1646842697327	1646842697735	OK	 
GROUP	1	adoption_830_Sibling_Select	1646842696825	1646842698150	1316	OK
REQUEST	1	adoption_840_Sibling_Select	Adoption Order Type	1646842699146	1646842699359	OK	 
REQUEST	1	adoption_840_Sibling_Select	Adoption Order Type Redirect 1	1646842699361	1646842699637	OK	 
GROUP	1	adoption_840_Sibling_Select	1646842699146	1646842699725	574	OK
REQUEST	1	adoption_850_Sibling_Select	Adoption Order Number	1646842700736	1646842700912	OK	 
REQUEST	1	adoption_850_Sibling_Select	Adoption Order Number Redirect 1	1646842700914	1646842701119	OK	 
GROUP	1	adoption_850_Sibling_Select	1646842700736	1646842701422	680	OK
REQUEST	1	adoption_860_Sibling_Select	Adoption Order Number	1646842702407	1646842702594	OK	 
REQUEST	1	adoption_860_Sibling_Select	Adoption Order Number Redirect 1	1646842702596	1646842702639	OK	 
GROUP	1	adoption_860_Sibling_Select	1646842702406	1646842702711	299	OK
USER	LAU Simulation	1	END	1646842667904	1646842703717
