RUN	simulations.mainSimulation	mainsimulation	1647016474653	 	3.3.1
USER	LAU Simulation	1	START	1647016477026	1647016477026
REQUEST	1	AD_010_Homepage	Adoption Homepage	1647016477051	1647016480137	OK	 
REQUEST	1	AD_010_Homepage	Adoption Homepage Redirect 1	1647016480159	1647016480193	OK	 
REQUEST	1	AD_010_Homepage	Adoption Homepage Redirect 2	1647016480195	1647016480304	OK	 
GROUP	1	AD_010_Homepage	1647016477033	1647016480720	3567	OK
REQUEST	1	AD_020_Login	Adoption Login	1647016481739	1647016481945	OK	 
REQUEST	1	AD_020_Login	Adoption Login Redirect 1	1647016481950	1647016482380	OK	 
REQUEST	1	AD_020_Login	Adoption Login Redirect 2	1647016482382	1647016483612	OK	 
REQUEST	1	AD_020_Login	Adoption Login Redirect 3	1647016483614	1647016483712	OK	 
GROUP	1	AD_020_Login	1647016481734	1647016483917	2160	OK
REQUEST	1	AD_030_Apply_With	Adoption Applying With	1647016484926	1647016484979	OK	 
GROUP	1	AD_030_Apply_With	1647016484924	1647016485196	262	OK
REQUEST	1	AD_040_Applying_Post	Adoption Applying Post	1647016486204	1647016486698	OK	 
REQUEST	1	AD_040_Applying_Post	Adoption Applying Post Redirect 1	1647016486700	1647016486877	OK	 
GROUP	1	AD_040_Applying_Post	1647016486203	1647016487060	849	OK
REQUEST	1	AD_050_Applying_With_Redirect	Adoption Applying With Redirect	1647016488054	1647016488253	OK	 
GROUP	1	AD_050_Applying_With_Redirect	1647016488053	1647016488407	339	OK
REQUEST	1	AD_060_Date_Of_Move	Adoption Date Child Moved in 	1647016489415	1647016489490	OK	 
GROUP	1	AD_060_Date_Of_Move	1647016489415	1647016489569	150	OK
REQUEST	1	AD_070_Date_Of_Move_POST	Adoption Date Child Moved in Post	1647016490565	1647016491087	OK	 
REQUEST	1	AD_070_Date_Of_Move_POST	Adoption Date Child Moved in Post Redirect 1	1647016491089	1647016491187	OK	 
GROUP	1	AD_070_Date_Of_Move_POST	1647016490565	1647016491263	692	OK
REQUEST	1	AD_080_Your_Details	Adoption Your Personal Details 	1647016491264	1647016491335	OK	 
GROUP	1	AD_080_Your_Details	1647016491263	1647016491415	146	OK
REQUEST	1	AD_090_Your_Details_POST	Adoption Your Personal Details Post	1647016492414	1647016492655	OK	 
REQUEST	1	AD_090_Your_Details_POST	Adoption Your Personal Details Post Redirect 1	1647016492657	1647016492739	OK	 
GROUP	1	AD_090_Your_Details_POST	1647016492413	1647016492821	400	OK
REQUEST	1	AD_100_Your_Details_Other_Name	Adoption Your Personal Details Other Name	1647016493814	1647016494014	OK	 
REQUEST	1	AD_100_Your_Details_Other_Name	Adoption Your Personal Details Other Name Redirect 1	1647016494016	1647016494092	OK	 
GROUP	1	AD_100_Your_Details_Other_Name	1647016493813	1647016494168	347	OK
REQUEST	1	AD_110_Your_Details_DoB	Adoption Your Personal Details DoB	1647016495174	1647016495249	OK	 
GROUP	1	AD_110_Your_Details_DoB	1647016495173	1647016495330	152	OK
REQUEST	1	AD_120_Your_Details_DoB_POST	Adoption Your Personal Details DoB POST	1647016496335	1647016496614	OK	 
REQUEST	1	AD_120_Your_Details_DoB_POST	Adoption Your Personal Details DoB POST Redirect 1	1647016496616	1647016496689	OK	 
GROUP	1	AD_120_Your_Details_DoB_POST	1647016496334	1647016496765	425	OK
REQUEST	1	AD_130_Your_Details_Occupation	Adoption Your Personal Details Occupation	1647016497765	1647016498256	OK	 
REQUEST	1	AD_130_Your_Details_Occupation	Adoption Your Personal Details Occupation Redirect 1	1647016498258	1647016498355	OK	 
GROUP	1	AD_130_Your_Details_Occupation	1647016497764	1647016498430	659	OK
REQUEST	1	AD_140_Your_Contact	Adoption Your Contact Details LookUp	1647016499425	1647016499493	OK	 
GROUP	1	AD_140_Your_Contact	1647016499424	1647016499576	148	OK
REQUEST	1	AD_150_Your_Contact_Manual	Adoption Your Contact Details Manual	1647016500585	1647016500656	OK	 
GROUP	1	AD_150_Your_Contact_Manual	1647016500584	1647016500743	154	OK
REQUEST	1	AD_160_Your_Contact_POST	Adoption Your Contact Details Manual POST	1647016501735	1647016502143	OK	 
REQUEST	1	AD_160_Your_Contact_POST	Adoption Your Contact Details Manual POST Redirect 1	1647016502145	1647016502218	OK	 
GROUP	1	AD_160_Your_Contact_POST	1647016501735	1647016502291	552	OK
REQUEST	1	AD_170_Your_Contact_POST	Adoption Your Contact Details POST	1647016503295	1647016503887	OK	 
REQUEST	1	AD_170_Your_Contact_POST	Adoption Your Contact Details POST Redirect 1	1647016503889	1647016503945	OK	 
GROUP	1	AD_170_Your_Contact_POST	1647016503294	1647016504017	717	OK
REQUEST	1	AD_180_Second_Person	Adoption Second Personal Details	1647016505024	1647016505084	OK	 
GROUP	1	AD_180_Second_Person	1647016505023	1647016505160	132	OK
REQUEST	1	AD_190_Second_PersonPOST	Adoption Second Personal Details POST	1647016506156	1647016506549	OK	 
REQUEST	1	AD_190_Second_PersonPOST	Adoption Second Personal Details POST Redirect 1	1647016506551	1647016506623	OK	 
GROUP	1	AD_190_Second_PersonPOST	1647016506155	1647016506700	539	OK
REQUEST	1	AD_200_Second_Other_Name	Adoption Second Other Name	1647016507704	1647016507878	OK	 
REQUEST	1	AD_200_Second_Other_Name	Adoption Second Other Name Redirect 1	1647016507879	1647016507945	OK	 
GROUP	1	AD_200_Second_Other_Name	1647016507703	1647016508018	310	OK
REQUEST	1	AD_210_Second_Other_Name_Redirect	Adoption Second Other Name Redirect	1647016509025	1647016509196	OK	 
REQUEST	1	AD_210_Second_Other_Name_Redirect	Adoption Second Other Name Redirect Redirect 1	1647016509198	1647016509282	OK	 
GROUP	1	AD_210_Second_Other_Name_Redirect	1647016509025	1647016509360	329	OK
REQUEST	1	AD_220_Second_DoB	Adoption Second DoB	1647016510354	1647016510541	OK	 
REQUEST	1	AD_220_Second_DoB	Adoption Second DoB Redirect 1	1647016510542	1647016510608	OK	 
GROUP	1	AD_220_Second_DoB	1647016510353	1647016510731	373	OK
REQUEST	1	AD_230_Second_Occupation	Adoption Second Occupation	1647016511735	1647016512183	OK	 
REQUEST	1	AD_230_Second_Occupation	Adoption Second Occupation Redirect 1	1647016512185	1647016512306	OK	 
GROUP	1	AD_230_Second_Occupation	1647016511734	1647016512389	648	OK
REQUEST	1	AD_240_Second_Contact_Same	Adoption Second Contact Details Same-Address	1647016513385	1647016513474	OK	 
GROUP	1	AD_240_Second_Contact_Same	1647016513385	1647016513558	170	OK
REQUEST	1	AD_250_Second_Contact_Same_POST	Adoption Second Contact Details Same-Address POST	1647016514564	1647016515048	OK	 
REQUEST	1	AD_250_Second_Contact_Same_POST	Adoption Second Contact Details Same-Address POST Redirect 1	1647016515050	1647016515121	OK	 
GROUP	1	AD_250_Second_Contact_Same_POST	1647016514563	1647016515202	633	OK
REQUEST	1	AD_260_Second_Contact_Manual_Redirect	Adoption Second Contact Details manual redirect	1647016516195	1647016516294	OK	 
GROUP	1	AD_260_Second_Contact_Manual_Redirect	1647016516195	1647016516369	171	OK
REQUEST	1	AD_270_Second_Contact_Manual_POST	Adoption Second Contact Details manual POST	1647016517376	1647016517712	OK	 
REQUEST	1	AD_270_Second_Contact_Manual_POST	Adoption Second Contact Details manual POST Redirect 1	1647016517714	1647016517783	OK	 
GROUP	1	AD_270_Second_Contact_Manual_POST	1647016517375	1647016517860	479	OK
REQUEST	1	AD_280_Second_Contact_POST	Adoption Second Contact Details POST	1647016518856	1647016519145	OK	 
REQUEST	1	AD_280_Second_Contact_POST	Adoption Second Contact Details POST Redirect 1	1647016519146	1647016519233	OK	 
GROUP	1	AD_280_Second_Contact_POST	1647016518855	1647016519316	456	OK
REQUEST	1	AD_290_Birth_Certificate	Adoption Birth Certificate Details	1647016520324	1647016520388	OK	 
GROUP	1	AD_290_Birth_Certificate	1647016520323	1647016520464	137	OK
REQUEST	1	AD_300_Birth_Name	Adoption Birth Certificate Name	1647016521466	1647016521909	OK	 
REQUEST	1	AD_300_Birth_Name	Adoption Birth Certificate Name Redirect 1	1647016521910	1647016521998	OK	 
GROUP	1	AD_300_Birth_Name	1647016521465	1647016522072	601	OK
REQUEST	1	AD_320_Birth_DoB	Adoption Birth Certificate DoB	1647016523066	1647016523340	OK	 
REQUEST	1	AD_320_Birth_DoB	Adoption Birth Certificate DoB Redirect 1	1647016523341	1647016523406	OK	 
GROUP	1	AD_320_Birth_DoB	1647016523065	1647016523482	413	OK
REQUEST	1	AD_330_Birth_Sex	Adoption Birth Certificate Sex	1647016524485	1647016525081	OK	 
REQUEST	1	AD_330_Birth_Sex	Adoption Birth Certificate Sex Redirect 1	1647016525082	1647016525153	OK	 
GROUP	1	AD_330_Birth_Sex	1647016524485	1647016525227	738	OK
REQUEST	1	AD_340_Birth_Nationality_Add	Adoption Birth Certificate Nationality Add	1647016526224	1647016526620	OK	 
REQUEST	1	AD_340_Birth_Nationality_Add	Adoption Birth Certificate Nationality Add Redirect 1	1647016526621	1647016526693	OK	 
GROUP	1	AD_340_Birth_Nationality_Add	1647016526223	1647016526771	543	OK
REQUEST	1	AD_350_Birth_Nationality_POST	Adoption Birth Certificate Nationality POST	1647016527776	1647016527968	OK	 
REQUEST	1	AD_350_Birth_Nationality_POST	Adoption Birth Certificate Nationality POST Redirect 1	1647016527970	1647016528070	OK	 
GROUP	1	AD_350_Birth_Nationality_POST	1647016527775	1647016528156	374	OK
REQUEST	1	AD_360_Certificate_Details	Adoption Certificate Details	1647016529155	1647016529248	OK	 
GROUP	1	AD_360_Certificate_Details	1647016529154	1647016529321	163	OK
REQUEST	1	AD_370_Certificate_Name	Adoption Certificate Details Name	1647016530324	1647016530505	OK	 
REQUEST	1	AD_370_Certificate_Name	Adoption Certificate Details Name Redirect 1	1647016530507	1647016530565	OK	 
GROUP	1	AD_370_Certificate_Name	1647016530323	1647016530638	309	OK
REQUEST	1	AD_380_Placement_Order	Adoption Placement Order Details	1647016531635	1647016531834	OK	 
GROUP	1	AD_380_Placement_Order	1647016531635	1647016531910	272	OK
REQUEST	1	AD_390_Placement_Number	Adoption Placement Order Number	1647016532914	1647016533087	OK	 
REQUEST	1	AD_390_Placement_Number	Adoption Placement Order Number Redirect 1	1647016533088	1647016533687	OK	 
GROUP	1	AD_390_Placement_Number	1647016532913	1647016533764	846	OK
REQUEST	1	AD_400_Placement_Court	Adoption Placement Court	1647016534766	1647016534953	OK	 
REQUEST	1	AD_400_Placement_Court	Adoption Placement Court Redirect 1	1647016534955	1647016535220	OK	 
GROUP	1	AD_400_Placement_Court	1647016534765	1647016535304	532	OK
REQUEST	1	AD_410_Placement_Date	Adoption Placement Date	1647016536304	1647016536505	OK	 
REQUEST	1	AD_410_Placement_Date	Adoption Placement Date Redirect 1	1647016536507	1647016536733	OK	 
GROUP	1	AD_410_Placement_Date	1647016536304	1647016536809	500	OK
REQUEST	1	AD_420_Placement_Summary	Adoption Placement Summary	1647016537806	1647016538290	OK	 
REQUEST	1	AD_420_Placement_Summary	Adoption Placement Summary Redirect 1	1647016538291	1647016538803	OK	 
REQUEST	1	AD_420_Placement_Summary	Adoption Placement Summary Redirect 2	1647016538804	1647016539318	OK	 
GROUP	1	AD_420_Placement_Summary	1647016537805	1647016539387	1576	OK
REQUEST	1	AD_430_Placement_Type_2	Adoption Placement Type 2	1647016540396	1647016540751	OK	 
REQUEST	1	AD_430_Placement_Type_2	Adoption Placement Type 2 Redirect 1	1647016540753	1647016540938	OK	 
GROUP	1	AD_430_Placement_Type_2	1647016540395	1647016541022	621	OK
REQUEST	1	AD_440_Placement_Number_2	Adoption Placement Order Number 2	1647016542016	1647016542212	OK	 
REQUEST	1	AD_440_Placement_Number_2	Adoption Placement Order Number 2 Redirect 1	1647016542213	1647016542689	OK	 
GROUP	1	AD_440_Placement_Number_2	1647016542015	1647016542764	744	OK
REQUEST	1	AD_450_Placement_Court_2	Adoption Placement Court 2	1647016543776	1647016543957	OK	 
REQUEST	1	AD_450_Placement_Court_2	Adoption Placement Court 2 Redirect 1	1647016543959	1647016544153	OK	 
GROUP	1	AD_450_Placement_Court_2	1647016543775	1647016544230	449	OK
REQUEST	1	AD_460_Placement_Date_2	Adoption Placement Date 2	1647016545224	1647016545666	OK	 
REQUEST	1	AD_460_Placement_Date_2	Adoption Placement Date 2 Redirect 1	1647016545668	1647016545860	OK	 
GROUP	1	AD_460_Placement_Date_2	1647016545223	1647016545931	702	OK
REQUEST	1	AD_470_Placement_Summary_2	Adoption Placement Summary 2	1647016546925	1647016547408	OK	 
REQUEST	1	AD_470_Placement_Summary_2	Adoption Placement Summary 2 Redirect 1	1647016547409	1647016547483	OK	 
GROUP	1	AD_470_Placement_Summary_2	1647016546925	1647016547559	630	OK
REQUEST	1	AD_480_Birth_Mother	Adoption Mother's Details	1647016548565	1647016548639	OK	 
GROUP	1	AD_480_Birth_Mother	1647016548565	1647016548713	145	OK
REQUEST	1	AD_490_Mother_Name	Adoption Mother's Name	1647016549715	1647016550172	OK	 
REQUEST	1	AD_490_Mother_Name	Adoption Mother's Name Redirect 1	1647016550174	1647016550256	OK	 
GROUP	1	AD_490_Mother_Name	1647016549715	1647016550347	627	OK
REQUEST	1	AD_495_Mother_Alive_Redirect	Adoption Mother's Details	1647016551343	1647016551449	OK	 
GROUP	1	AD_495_Mother_Alive_Redirect	1647016551343	1647016551525	178	OK
REQUEST	1	AD_500_Mother_Alive	Adoption Mother Still Alive?	1647016552535	1647016552709	OK	 
REQUEST	1	AD_500_Mother_Alive	Adoption Mother Still Alive? Redirect 1	1647016552710	1647016552772	OK	 
GROUP	1	AD_500_Mother_Alive	1647016552535	1647016552853	314	OK
REQUEST	1	AD_510_Mother_Nationality_Add	Adoption Mother's Nationality Add	1647016553843	1647016554030	OK	 
REQUEST	1	AD_510_Mother_Nationality_Add	Adoption Mother's Nationality Add Redirect 1	1647016554031	1647016554117	OK	 
GROUP	1	AD_510_Mother_Nationality_Add	1647016553843	1647016554201	355	OK
REQUEST	1	AD_520_Mother_Nationality_POST	Adoption Mother's Nationality	1647016555204	1647016555424	OK	 
REQUEST	1	AD_520_Mother_Nationality_POST	Adoption Mother's Nationality Redirect 1	1647016555426	1647016555478	OK	 
GROUP	1	AD_520_Mother_Nationality_POST	1647016555203	1647016555555	346	OK
REQUEST	1	AD_530_Mother_Occupation	Adoption Mother's Occupation	1647016556555	1647016556879	OK	 
REQUEST	1	AD_530_Mother_Occupation	Adoption Mother's Occupation Redirect 1	1647016556881	1647016556992	OK	 
GROUP	1	AD_530_Mother_Occupation	1647016556555	1647016557074	514	OK
REQUEST	1	AD_535_Mother_Occupation_Redirect	Adoption Mother's Details Redirect	1647016558075	1647016558164	OK	 
GROUP	1	AD_535_Mother_Occupation_Redirect	1647016558075	1647016558239	161	OK
REQUEST	1	AD_540_Mother_Occupation	Adoption Mother's Address Known	1647016559233	1647016559442	OK	 
REQUEST	1	AD_540_Mother_Occupation	Adoption Mother's Address Known Redirect 1	1647016559444	1647016559496	OK	 
GROUP	1	AD_540_Mother_Occupation	1647016559233	1647016559611	373	OK
REQUEST	1	AD_550_Mother_Address_Manual	Adoption Mother's Address Manual	1647016560616	1647016560687	OK	 
GROUP	1	AD_550_Mother_Address_Manual	1647016560615	1647016560765	146	OK
REQUEST	1	AD_560_Mother_Address_POST	Adoption Mother's Address	1647016561765	1647016561958	OK	 
REQUEST	1	AD_560_Mother_Address_POST	Adoption Mother's Address Redirect 1	1647016561959	1647016562034	OK	 
GROUP	1	AD_560_Mother_Address_POST	1647016561764	1647016562107	337	OK
REQUEST	1	AD_570_Father_Details	Adoption Father's Details	1647016563116	1647016563200	OK	 
GROUP	1	AD_570_Father_Details	1647016563115	1647016563277	158	OK
REQUEST	1	AD_580_Father_Details_POST	Adoption Father's Details On Certificate	1647016564275	1647016564443	OK	 
REQUEST	1	AD_580_Father_Details_POST	Adoption Father's Details On Certificate Redirect 1	1647016564444	1647016564489	OK	 
GROUP	1	AD_580_Father_Details_POST	1647016564274	1647016564566	287	OK
REQUEST	1	AD_590_Father_Name	Adoption Father's Name	1647016565564	1647016565768	OK	 
REQUEST	1	AD_590_Father_Name	Adoption Father's Name Redirect 1	1647016565770	1647016565845	OK	 
GROUP	1	AD_590_Father_Name	1647016565563	1647016565932	364	OK
REQUEST	1	AD_600_Father_Alive	Adoption Father Still alive?	1647016566935	1647016567112	OK	 
REQUEST	1	AD_600_Father_Alive	Adoption Father Still alive? Redirect 1	1647016567113	1647016567167	OK	 
GROUP	1	AD_600_Father_Alive	1647016566935	1647016567246	306	OK
REQUEST	1	AD_610_Father_Nationality_Add	Adoption Father add Nationality	1647016568246	1647016568428	OK	 
REQUEST	1	AD_610_Father_Nationality_Add	Adoption Father add Nationality Redirect 1	1647016568429	1647016568506	OK	 
GROUP	1	AD_610_Father_Nationality_Add	1647016568245	1647016568579	329	OK
REQUEST	1	AD_620_Father_Nationality_POST	Adoption Father's Nationality	1647016569574	1647016569779	OK	 
REQUEST	1	AD_620_Father_Nationality_POST	Adoption Father's Nationality Redirect 1	1647016569781	1647016569820	OK	 
GROUP	1	AD_620_Father_Nationality_POST	1647016569573	1647016569904	325	OK
REQUEST	1	AD_630_Father_Occupation	Adoption Father's Occupation	1647016570915	1647016571104	OK	 
REQUEST	1	AD_630_Father_Occupation	Adoption Father's Occupation Redirect 1	1647016571105	1647016571176	OK	 
GROUP	1	AD_630_Father_Occupation	1647016570914	1647016571299	380	OK
REQUEST	1	AD_640_Father_Address_Known	Adoption Father's Address Known?	1647016572294	1647016572802	OK	 
REQUEST	1	AD_640_Father_Address_Known	Adoption Father's Address Known? Redirect 1	1647016572804	1647016572847	OK	 
GROUP	1	AD_640_Father_Address_Known	1647016572293	1647016572924	625	OK
REQUEST	1	AD_641_Father_Address_Manual	Adoption Father's Address Manual	1647016573925	1647016574755	OK	 
GROUP	1	AD_641_Father_Address_Manual	1647016573924	1647016574827	899	OK
REQUEST	1	AD_642_Father_Address_POST	Adoption Father's Address	1647016575825	1647016576285	OK	 
REQUEST	1	AD_642_Father_Address_POST	Adoption Father's Address Redirect 1	1647016576286	1647016576362	OK	 
GROUP	1	AD_642_Father_Address_POST	1647016575824	1647016576435	606	OK
REQUEST	1	AD_650_Other_Parent_Exists	Adoption Other Parent	1647016577444	1647016577526	OK	 
GROUP	1	AD_650_Other_Parent_Exists	1647016577444	1647016577597	151	OK
REQUEST	1	AD_660_Other_Exists_POST	Adoption Other Parent Exists	1647016578595	1647016578751	OK	 
REQUEST	1	AD_660_Other_Exists_POST	Adoption Other Parent Exists Redirect 1	1647016578752	1647016578801	OK	 
GROUP	1	AD_660_Other_Exists_POST	1647016578595	1647016578885	286	OK
REQUEST	1	AD_670_Other_Parent_Name	Adoption Other Parent Name	1647016579885	1647016580279	OK	 
REQUEST	1	AD_670_Other_Parent_Name	Adoption Other Parent Name Redirect 1	1647016580280	1647016580368	OK	 
GROUP	1	AD_670_Other_Parent_Name	1647016579884	1647016580440	552	OK
REQUEST	1	AD_680_Other_Parent_Address_Known	Adoption Other Parent Address known?	1647016581436	1647016581652	OK	 
REQUEST	1	AD_680_Other_Parent_Address_Known	Adoption Other Parent Address known? Redirect 1	1647016581653	1647016581698	OK	 
GROUP	1	AD_680_Other_Parent_Address_Known	1647016581435	1647016581774	334	OK
REQUEST	1	AD_690_Other_Parent_Address_Manual	Adoption Other Parent Address Manual	1647016582783	1647016582861	OK	 
GROUP	1	AD_690_Other_Parent_Address_Manual	1647016582783	1647016582992	206	OK
REQUEST	1	AD_700_Other_Parent_Address_POST	Adoption Other Parent Address Manual	1647016583985	1647016584374	OK	 
REQUEST	1	AD_700_Other_Parent_Address_POST	Adoption Other Parent Address Manual Redirect 1	1647016584375	1647016584443	OK	 
GROUP	1	AD_700_Other_Parent_Address_POST	1647016583985	1647016584518	529	OK
REQUEST	1	AD_710_Agency	Adoption Agency	1647016585526	1647016585733	OK	 
REQUEST	1	AD_710_Agency	Adoption Agency Redirect 1	1647016585735	1647016585905	OK	 
GROUP	1	AD_710_Agency	1647016585525	1647016585992	461	OK
REQUEST	1	AD_720_Agency_Details	Adoption Agency Details	1647016586985	1647016587160	OK	 
REQUEST	1	AD_720_Agency_Details	Adoption Agency Details Redirect 1	1647016587161	1647016587231	OK	 
GROUP	1	AD_720_Agency_Details	1647016586985	1647016587297	308	OK
REQUEST	1	AD_730_Other_Agency	Adoption Other Agency?	1647016588303	1647016588487	OK	 
REQUEST	1	AD_730_Other_Agency	Adoption Other Agency? Redirect 1	1647016588488	1647016588879	OK	 
REQUEST	1	AD_730_Other_Agency	Adoption Other Agency? Redirect 2	1647016588881	1647016589085	OK	 
GROUP	1	AD_730_Other_Agency	1647016588303	1647016589158	849	OK
REQUEST	1	AD_740_Other_Agency_Details	Adoption Other Agency Details	1647016590156	1647016590325	OK	 
REQUEST	1	AD_740_Other_Agency_Details	Adoption Other Agency Details Redirect 1	1647016590326	1647016590380	OK	 
GROUP	1	AD_740_Other_Agency_Details	1647016590155	1647016590463	303	OK
REQUEST	1	AD_750_Social_Worker_Details	Adoption Social Worker Details	1647016591466	1647016591643	OK	 
REQUEST	1	AD_750_Social_Worker_Details	Adoption Social Worker Details Redirect 1	1647016591644	1647016591712	OK	 
GROUP	1	AD_750_Social_Worker_Details	1647016591465	1647016591798	328	OK
REQUEST	1	AD_760_Sibling_Details	Adoption Sibling Details	1647016592795	1647016592870	OK	 
GROUP	1	AD_760_Sibling_Details	1647016592794	1647016592956	158	OK
REQUEST	1	AD_770_Sibling_Other	Adoption Any Sibling?	1647016593955	1647016594132	OK	 
REQUEST	1	AD_770_Sibling_Other	Adoption Any Sibling? Redirect 1	1647016594134	1647016594193	OK	 
GROUP	1	AD_770_Sibling_Other	1647016593955	1647016594275	315	OK
REQUEST	1	AD_780_Sibling_Order_Exists	Adoption Court Order Exists?	1647016595285	1647016595736	OK	 
REQUEST	1	AD_780_Sibling_Order_Exists	Adoption Court Order Exists? Redirect 1	1647016595738	1647016595948	OK	 
GROUP	1	AD_780_Sibling_Order_Exists	1647016595285	1647016596014	724	OK
REQUEST	1	AD_790_Sibling_Name	Adoption Sibling Name	1647016597015	1647016597481	OK	 
REQUEST	1	AD_790_Sibling_Name	Adoption Sibling Name Redirect 1	1647016597483	1647016597665	OK	 
REQUEST	1	AD_790_Sibling_Name	Adoption Sibling Name Redirect 2	1647016597666	1647016597865	OK	 
GROUP	1	AD_790_Sibling_Name	1647016597014	1647016597933	912	OK
REQUEST	1	AD_800_Sibling_Type	Adoption Order Type?	1647016598926	1647016599097	OK	 
REQUEST	1	AD_800_Sibling_Type	Adoption Order Type? Redirect 1	1647016599098	1647016599305	OK	 
GROUP	1	AD_800_Sibling_Type	1647016598925	1647016599385	455	OK
REQUEST	1	AD_810_Sibling_Number	Adoption Order Number	1647016600385	1647016600557	OK	 
REQUEST	1	AD_810_Sibling_Number	Adoption Order Number Redirect 1	1647016600559	1647016600625	OK	 
GROUP	1	AD_810_Sibling_Number	1647016600385	1647016600707	317	OK
REQUEST	1	AD_820_Sibling_New_Order	Adoption Add New Order?	1647016601705	1647016601893	OK	 
REQUEST	1	AD_820_Sibling_New_Order	Adoption Add New Order? Redirect 1	1647016601895	1647016601976	OK	 
GROUP	1	AD_820_Sibling_New_Order	1647016601705	1647016602055	343	OK
REQUEST	1	AD_830_Sibling_Select	Adoption Select Sibling	1647016603065	1647016603314	OK	 
REQUEST	1	AD_830_Sibling_Select	Adoption Select Sibling Redirect 1	1647016603315	1647016603830	OK	 
REQUEST	1	AD_830_Sibling_Select	Adoption Select Sibling Redirect 2	1647016603830	1647016604138	OK	 
GROUP	1	AD_830_Sibling_Select	1647016603065	1647016604235	1166	OK
REQUEST	1	AD_840_Sibling_Type_2	Adoption Order Type	1647016605234	1647016605670	OK	 
REQUEST	1	AD_840_Sibling_Type_2	Adoption Order Type Redirect 1	1647016605671	1647016605855	OK	 
GROUP	1	AD_840_Sibling_Type_2	1647016605234	1647016605936	698	OK
REQUEST	1	AD_850_Sibling_Number_2t	Adoption Order Number	1647016606933	1647016607116	OK	 
REQUEST	1	AD_850_Sibling_Number_2t	Adoption Order Number Redirect 1	1647016607117	1647016607185	OK	 
GROUP	1	AD_850_Sibling_Number_2t	1647016606933	1647016607272	334	OK
REQUEST	1	AD_855_Sibling_Remove	Adoption Remove Placement Order	1647016608265	1647016608464	OK	 
REQUEST	1	AD_855_Sibling_Remove	Adoption Remove Placement Order Redirect 1	1647016608466	1647016608525	OK	 
GROUP	1	AD_855_Sibling_Remove	1647016608264	1647016608602	332	OK
REQUEST	1	AD_860_Sibling_Summary	Adoption Order Summary	1647016609605	1647016609800	OK	 
REQUEST	1	AD_860_Sibling_Summary	Adoption Order Summary Redirect 1	1647016609801	1647016609889	OK	 
GROUP	1	AD_860_Sibling_Summary	1647016609604	1647016609965	356	OK
REQUEST	1	AD_861_Family_Court	Adoption Family Court Redirect	1647016610976	1647016611067	OK	 
GROUP	1	AD_861_Family_Court	1647016610975	1647016611142	163	OK
REQUEST	1	AD_862_Family_Court_POST	Adoption Family Court Redirect	1647016612133	1647016612317	OK	 
REQUEST	1	AD_862_Family_Court_POST	Adoption Family Court Redirect Redirect 1	1647016612319	1647016612374	OK	 
GROUP	1	AD_862_Family_Court_POST	1647016612133	1647016612449	310	OK
REQUEST	1	AD_870_Upload_Document	Adoption Birth Certificate Details	1647016613443	1647016613526	OK	 
GROUP	1	AD_870_Upload_Document	1647016613443	1647016613602	155	OK
REQUEST	1	AD_880_Upload_Document	Adoption Certificate Upload	1647016614632	1647016616525	OK	 
GROUP	1	AD_880_Upload_Document	1647016614604	1647016616568	1893	OK
REQUEST	1	AD_885_Upload_Document_POST	Adoption Certificate Upload POST	1647016617535	1647016617958	OK	 
REQUEST	1	AD_885_Upload_Document_POST	Adoption Certificate Upload POST Redirect 1	1647016617959	1647016618029	OK	 
GROUP	1	AD_885_Upload_Document_POST	1647016617535	1647016618098	559	OK
USER	LAU Simulation	1	END	1647016477026	1647016619098
