RUN	simulations.mainSimulation	mainsimulation	1646751001296	 	3.3.1
USER	LAU Simulation	1	START	1646751001867	1646751001867
REQUEST	1	adoption_010_Homepage	Adoption Homepage	1646751001893	1646751001961	OK	 
REQUEST	1	adoption_010_Homepage	Adoption Homepage Redirect 1	1646751001981	1646751002010	OK	 
REQUEST	1	adoption_010_Homepage	Adoption Homepage Redirect 2	1646751002012	1646751002073	OK	 
GROUP	1	adoption_010_Homepage	1646751001875	1646751002290	288	OK
REQUEST	1	Adoption_020_Login	Adoption Login	1646751004315	1646751004556	OK	 
REQUEST	1	Adoption_020_Login	Adoption Login Redirect 1	1646751004561	1646751004965	OK	 
REQUEST	1	Adoption_020_Login	Adoption Login Redirect 2	1646751004966	1646751005161	OK	 
REQUEST	1	Adoption_020_Login	Adoption Login Redirect 3	1646751005162	1646751005202	OK	 
GROUP	1	Adoption_020_Login	1646751004310	1646751005297	964	OK
REQUEST	1	Adoption_030_Apply_With	Adoption Applying With	1646751007302	1646751007345	OK	 
GROUP	1	Adoption_030_Apply_With	1646751007301	1646751007402	91	OK
REQUEST	1	Adoption_040_Adoption_Applying_Post	Adoption Applying Post	1646751009403	1646751009982	OK	 
REQUEST	1	Adoption_040_Adoption_Applying_Post	Adoption Applying Post Redirect 1	1646751009984	1646751010026	OK	 
GROUP	1	Adoption_040_Adoption_Applying_Post	1646751009401	1646751010081	672	OK
REQUEST	1	Adoption_050_Adoption_Applying_With_Redirect	Adoption Applying With Redirect	1646751012081	1646751012135	OK	 
GROUP	1	Adoption_050_Adoption_Applying_With_Redirect	1646751012080	1646751012182	95	OK
REQUEST	1	adoption_290_Birth_Certificate	Adoption Birth Certificate Details	1646751014181	1646751014223	KO	substring(What is the child's full name?).find.exists, found nothing
GROUP	1	adoption_290_Birth_Certificate	1646751014180	1646751014229	42	KO
USER	LAU Simulation	1	END	1646751001867	1646751014237
