RUN	simulations.mainSimulation	mainsimulation	1646839009536	 	3.3.1
USER	LAU Simulation	1	START	1646839010473	1646839010473
REQUEST	1	adoption_010_Homepage	Adoption Homepage	1646839010494	1646839011452	OK	 
REQUEST	1	adoption_010_Homepage	Adoption Homepage Redirect 1	1646839011479	1646839011988	OK	 
REQUEST	1	adoption_010_Homepage	Adoption Homepage Redirect 2	1646839011991	1646839012167	OK	 
GROUP	1	adoption_010_Homepage	1646839010480	1646839013071	2455	OK
REQUEST	1	Adoption_020_Login	Adoption Login	1646839015090	1646839015327	OK	 
REQUEST	1	Adoption_020_Login	Adoption Login Redirect 1	1646839015331	1646839015890	OK	 
REQUEST	1	Adoption_020_Login	Adoption Login Redirect 2	1646839015891	1646839016401	OK	 
REQUEST	1	Adoption_020_Login	Adoption Login Redirect 3	1646839016402	1646839016628	OK	 
GROUP	1	Adoption_020_Login	1646839015086	1646839017550	2444	OK
REQUEST	1	Adoption_030_Apply_With	Adoption Applying With	1646839019557	1646839019693	OK	 
GROUP	1	Adoption_030_Apply_With	1646839019556	1646839019773	207	OK
REQUEST	1	Adoption_040_Adoption_Applying_Post	Adoption Applying Post	1646839021779	1646839022752	OK	 
REQUEST	1	Adoption_040_Adoption_Applying_Post	Adoption Applying Post Redirect 1	1646839022755	1646839022794	OK	 
GROUP	1	Adoption_040_Adoption_Applying_Post	1646839021778	1646839023072	1284	OK
REQUEST	1	Adoption_050_Adoption_Applying_With_Redirect	Adoption Applying With Redirect	1646839025068	1646839025346	OK	 
GROUP	1	Adoption_050_Adoption_Applying_With_Redirect	1646839025067	1646839025597	522	OK
REQUEST	1	Adoption_060_Date_Of_Move	Adoption Date Child Moved in 	1646839027607	1646839027679	OK	 
GROUP	1	Adoption_060_Date_Of_Move	1646839027607	1646839027986	373	OK
REQUEST	1	Adoption_070_Date_Of_Move_POST	Adoption Date Child Moved in Post	1646839029978	1646839030736	OK	 
REQUEST	1	Adoption_070_Date_Of_Move_POST	Adoption Date Child Moved in Post Redirect 1	1646839030737	1646839030831	OK	 
REQUEST	1	Adoption_070_Date_Of_Move_POST,Adoption_050_Adoption_Applying_With_Redirect	Adoption Applying With Redirect	1646839030905	1646839030996	OK	 
GROUP	1	Adoption_070_Date_Of_Move_POST,Adoption_050_Adoption_Applying_With_Redirect	1646839030904	1646839031120	211	OK
GROUP	1	Adoption_070_Date_Of_Move_POST	1646839029977	1646839033129	1131	OK
REQUEST	1	Adoption_080_Your_Details	Adoption Your Personal Details 	1646839035130	1646839036207	OK	 
GROUP	1	Adoption_080_Your_Details	1646839035129	1646839036687	1553	OK
REQUEST	1	Adoption_090_Your_Details_POST	Adoption Your Personal Details Post	1646839038688	1646839039863	OK	 
REQUEST	1	Adoption_090_Your_Details_POST	Adoption Your Personal Details Post Redirect 1	1646839039865	1646839040045	OK	 
GROUP	1	Adoption_090_Your_Details_POST	1646839038687	1646839041074	2379	OK
REQUEST	1	Adoption_100_Your_Details_Other_Name	Adoption Your Personal Details Other Name	1646839043067	1646839043275	OK	 
REQUEST	1	Adoption_100_Your_Details_Other_Name	Adoption Your Personal Details Other Name Redirect 1	1646839043277	1646839043655	OK	 
GROUP	1	Adoption_100_Your_Details_Other_Name	1646839043067	1646839043711	637	OK
REQUEST	1	Adoption_110_Your_Details_DoB	Adoption Your Personal Details DoB	1646839045719	1646839045967	OK	 
GROUP	1	Adoption_110_Your_Details_DoB	1646839045718	1646839046038	314	OK
REQUEST	1	Adoption_120_Your_Details_DoB_POST	Adoption Your Personal Details DoB POST	1646839048039	1646839048464	OK	 
REQUEST	1	Adoption_120_Your_Details_DoB_POST	Adoption Your Personal Details DoB POST Redirect 1	1646839048466	1646839048511	OK	 
GROUP	1	Adoption_120_Your_Details_DoB_POST	1646839048038	1646839048655	610	OK
REQUEST	1	Adoption_130_Your_Details_Occupation	Adoption Your Personal Details Occupation	1646839050650	1646839051038	OK	 
REQUEST	1	Adoption_130_Your_Details_Occupation	Adoption Your Personal Details Occupation Redirect 1	1646839051039	1646839051140	OK	 
GROUP	1	Adoption_130_Your_Details_Occupation	1646839050649	1646839051533	878	OK
REQUEST	1	Adoption_140_Your_Contact_Details	Adoption Your Contact Details LookUp	1646839053538	1646839053623	OK	 
GROUP	1	Adoption_140_Your_Contact_Details	1646839053537	1646839053703	162	OK
REQUEST	1	Adoption_150_Your_Contact_Details_Manual	Adoption Your Contact Details Manual	1646839055699	1646839056273	OK	 
GROUP	1	Adoption_150_Your_Contact_Details_Manual	1646839055698	1646839056546	843	OK
REQUEST	1	Adoption_160_Your_Contact_Details_Manual_POST	Adoption Your Contact Details Manual POST	1646839058558	1646839059260	OK	 
REQUEST	1	Adoption_160_Your_Contact_Details_Manual_POST	Adoption Your Contact Details Manual POST Redirect 1	1646839059261	1646839059320	OK	 
GROUP	1	Adoption_160_Your_Contact_Details_Manual_POST	1646839058558	1646839059420	857	OK
REQUEST	1	Adoption_170_Your_Contact_Details_POST	Adoption Your Contact Details POST	1646839061417	1646839061757	OK	 
REQUEST	1	Adoption_170_Your_Contact_Details_POST	Adoption Your Contact Details POST Redirect 1	1646839061758	1646839062106	OK	 
GROUP	1	Adoption_170_Your_Contact_Details_POST	1646839061417	1646839062193	771	OK
REQUEST	1	Adoption_180_Second_Personal_Details	Adoption Second Personal Details	1646839064189	1646839064521	OK	 
GROUP	1	Adoption_180_Second_Personal_Details	1646839064189	1646839064700	507	OK
REQUEST	1	Adoption_190_Second_Personal_Details_POST	Adoption Second Personal Details POST	1646839066696	1646839067497	OK	 
REQUEST	1	Adoption_190_Second_Personal_Details_POST	Adoption Second Personal Details POST Redirect 1	1646839067499	1646839067547	OK	 
GROUP	1	Adoption_190_Second_Personal_Details_POST	1646839066696	1646839067616	915	OK
REQUEST	1	Adoption_200_Second_Other_Name	Adoption Second Other Name	1646839069618	1646839070262	OK	 
REQUEST	1	Adoption_200_Second_Other_Name	Adoption Second Other Name Redirect 1	1646839070264	1646839070331	OK	 
GROUP	1	Adoption_200_Second_Other_Name	1646839069618	1646839070432	808	OK
REQUEST	1	Adoption_210_Second_Other_Name_Redirect	Adoption Second Other Name Redirect	1646839072439	1646839072734	OK	 
REQUEST	1	Adoption_210_Second_Other_Name_Redirect	Adoption Second Other Name Redirect Redirect 1	1646839072735	1646839072811	OK	 
GROUP	1	Adoption_210_Second_Other_Name_Redirect	1646839072439	1646839072883	440	OK
REQUEST	1	Adoption_220_Second_DoB	Adoption Second DoB	1646839074879	1646839075197	OK	 
REQUEST	1	Adoption_220_Second_DoB	Adoption Second DoB Redirect 1	1646839075199	1646839075246	OK	 
GROUP	1	Adoption_220_Second_DoB	1646839074879	1646839075348	463	OK
REQUEST	1	Adoption_230_Second_Occupation	Adoption Second Occupation	1646839077348	1646839077702	OK	 
REQUEST	1	Adoption_230_Second_Occupation	Adoption Second Occupation Redirect 1	1646839077704	1646839077884	OK	 
GROUP	1	Adoption_230_Second_Occupation	1646839077348	1646839078040	686	OK
REQUEST	1	Adoption_240_Second_Contact_Details_Same_Address	Adoption Second Contact Details Same-Address	1646839080039	1646839080109	OK	 
GROUP	1	Adoption_240_Second_Contact_Details_Same_Address	1646839080038	1646839080188	145	OK
REQUEST	1	Adoption_250_Second_Contact_Details_Same_Address_POST	Adoption Second Contact Details Same-Address POST	1646839082199	1646839082502	OK	 
REQUEST	1	Adoption_250_Second_Contact_Details_Same_Address_POST	Adoption Second Contact Details Same-Address POST Redirect 1	1646839082503	1646839082557	OK	 
GROUP	1	Adoption_250_Second_Contact_Details_Same_Address_POST	1646839082198	1646839082630	426	OK
REQUEST	1	Adoption_260_Second_Contact_Details_Manual_Redirect	Adoption Second Contact Details manual redirect	1646839084627	1646839084672	OK	 
GROUP	1	Adoption_260_Second_Contact_Details_Manual_Redirect	1646839084627	1646839084750	120	OK
REQUEST	1	Adoption_270_Second_Contact_Details_Manual_POST	Adoption Second Contact Details manual POST	1646839086749	1646839087158	OK	 
REQUEST	1	Adoption_270_Second_Contact_Details_Manual_POST	Adoption Second Contact Details manual POST Redirect 1	1646839087160	1646839087234	OK	 
GROUP	1	Adoption_270_Second_Contact_Details_Manual_POST	1646839086748	1646839087306	551	OK
REQUEST	1	Adoption_280_Second_Contact_Details__POST	Adoption Second Contact Details POST	1646839089299	1646839089745	OK	 
REQUEST	1	Adoption_280_Second_Contact_Details__POST	Adoption Second Contact Details POST Redirect 1	1646839089747	1646839089848	OK	 
GROUP	1	Adoption_280_Second_Contact_Details__POST	1646839089298	1646839090017	711	OK
REQUEST	1	adoption_290_Birth_Certificate	Adoption Birth Certificate Details	1646839092019	1646839092316	OK	 
GROUP	1	adoption_290_Birth_Certificate	1646839092018	1646839092468	446	OK
REQUEST	1	adoption_300_Birth_Certificate_Name	Adoption Birth Certificate Name	1646839094477	1646839094658	OK	 
REQUEST	1	adoption_300_Birth_Certificate_Name	Adoption Birth Certificate Name Redirect 1	1646839094659	1646839094719	OK	 
GROUP	1	adoption_300_Birth_Certificate_Name	1646839094477	1646839094788	307	OK
REQUEST	1	adoption_320_Birth_Certificate_DoB	Adoption Birth Certificate DoB	1646839096789	1646839096831	OK	 
REQUEST	1	adoption_320_Birth_Certificate_DoB	Adoption Birth Certificate DoB Redirect 1	1646839096833	1646839096959	OK	 
GROUP	1	adoption_320_Birth_Certificate_DoB	1646839096788	1646839097036	241	OK
REQUEST	1	adoption_325_Birth_Certificate_DoB_Redirect	Adoption Birth Certificate Details Redirect	1646839099029	1646839099285	OK	 
GROUP	1	adoption_325_Birth_Certificate_DoB_Redirect	1646839099028	1646839099363	330	OK
REQUEST	1	adoption_330_Birth_Certificate_Sex	Adoption Birth Certificate Sex	1646839099363	1646839099958	OK	 
REQUEST	1	adoption_330_Birth_Certificate_Sex	Adoption Birth Certificate Sex Redirect 1	1646839099960	1646839100055	OK	 
GROUP	1	adoption_330_Birth_Certificate_Sex	1646839099363	1646839100151	783	OK
REQUEST	1	adoption_335_Birth_Certificate_Sex_Redirect	Adoption Birth Certificate Sex Redirect	1646839102158	1646839102252	OK	 
GROUP	1	adoption_335_Birth_Certificate_Sex_Redirect	1646839102157	1646839102326	165	OK
REQUEST	1	adoption_340_Birth_Certificate_Nationality_Add	Adoption Birth Certificate Nationality Add	1646839102326	1646839102535	OK	 
REQUEST	1	adoption_340_Birth_Certificate_Nationality_Add	Adoption Birth Certificate Nationality Add Redirect 1	1646839102536	1646839102771	OK	 
GROUP	1	adoption_340_Birth_Certificate_Nationality_Add	1646839102326	1646839102849	518	OK
REQUEST	1	adoption_350_Birth_Certificate_Nationality_POST	Adoption Birth Certificate Nationality POST	1646839104849	1646839105425	OK	 
REQUEST	1	adoption_350_Birth_Certificate_Nationality_POST	Adoption Birth Certificate Nationality POST Redirect 1	1646839105426	1646839105657	OK	 
GROUP	1	adoption_350_Birth_Certificate_Nationality_POST	1646839104848	1646839105727	873	OK
REQUEST	1	adoption_360_Certificate_Details	Adoption Certificate Details	1646839107727	1646839108002	OK	 
GROUP	1	adoption_360_Certificate_Details	1646839107727	1646839108179	448	OK
REQUEST	1	adoption_370_Certificate_Details_Name	Adoption Certificate Details Name	1646839110177	1646839110425	OK	 
REQUEST	1	adoption_370_Certificate_Details_Name	Adoption Certificate Details Name Redirect 1	1646839110426	1646839110478	OK	 
GROUP	1	adoption_370_Certificate_Details_Name	1646839110176	1646839112557	368	OK
REQUEST	1	adoption_380_Placement_Order	Adoption Placement Order Details	1646839112557	1646839112765	OK	 
GROUP	1	adoption_380_Placement_Order	1646839112557	1646839112878	317	OK
REQUEST	1	adoption_390_Certificate_Placement_Order_Number	Adoption Placement Order Number	1646839114878	1646839115101	OK	 
REQUEST	1	adoption_390_Certificate_Placement_Order_Number	Adoption Placement Order Number Redirect 1	1646839115103	1646839115326	OK	 
GROUP	1	adoption_390_Certificate_Placement_Order_Number	1646839114878	1646839115477	595	OK
REQUEST	1	adoption_400_Certificate_Placement_Court	Adoption Placement Court	1646839117478	1646839117810	OK	 
REQUEST	1	adoption_400_Certificate_Placement_Court	Adoption Placement Court Redirect 1	1646839117811	1646839118154	OK	 
GROUP	1	adoption_400_Certificate_Placement_Court	1646839117478	1646839118325	842	OK
REQUEST	1	adoption_410_Certificate_Placement_Date	Adoption Placement Date	1646839120319	1646839120642	OK	 
REQUEST	1	adoption_410_Certificate_Placement_Date	Adoption Placement Date Redirect 1	1646839120644	1646839121191	OK	 
GROUP	1	adoption_410_Certificate_Placement_Date	1646839120318	1646839121272	948	OK
REQUEST	1	adoption_420_Certificate_Placement_Summary	Adoption Placement Summary	1646839123267	1646839125849	OK	 
REQUEST	1	adoption_420_Certificate_Placement_Summary	Adoption Placement Summary Redirect 1	1646839125850	1646839126172	OK	 
REQUEST	1	adoption_420_Certificate_Placement_Summary	Adoption Placement Summary Redirect 2	1646839126173	1646839126589	OK	 
GROUP	1	adoption_420_Certificate_Placement_Summary	1646839123266	1646839126688	3416	OK
REQUEST	1	adoption_430_Certificate_Placement_Type_2	Adoption Placement Type 2	1646839128699	1646839129036	OK	 
REQUEST	1	adoption_430_Certificate_Placement_Type_2	Adoption Placement Type 2 Redirect 1	1646839129038	1646839129316	OK	 
GROUP	1	adoption_430_Certificate_Placement_Type_2	1646839128699	1646839129390	686	OK
REQUEST	1	adoption_440_Certificate_Placement_Order_Number_2	Adoption Placement Order Number 2	1646839131389	1646839132930	OK	 
REQUEST	1	adoption_440_Certificate_Placement_Order_Number_2	Adoption Placement Order Number 2 Redirect 1	1646839132932	1646839133101	OK	 
GROUP	1	adoption_440_Certificate_Placement_Order_Number_2	1646839131389	1646839133217	1824	OK
REQUEST	1	adoption_450_Certificate_Placement_Court_2	Adoption Placement Court 2	1646839135217	1646839135571	OK	 
REQUEST	1	adoption_450_Certificate_Placement_Court_2	Adoption Placement Court 2 Redirect 1	1646839135572	1646839135798	OK	 
GROUP	1	adoption_450_Certificate_Placement_Court_2	1646839135217	1646839135904	684	OK
REQUEST	1	adoption_460_Certificate_Placement_Date_2	Adoption Placement Date 2	1646839137898	1646839138255	OK	 
REQUEST	1	adoption_460_Certificate_Placement_Date_2	Adoption Placement Date 2 Redirect 1	1646839138257	1646839138495	OK	 
GROUP	1	adoption_460_Certificate_Placement_Date_2	1646839137898	1646839138566	664	OK
REQUEST	1	adoption_470_Certificate_Placement_Summary_2	Adoption Placement Summary 2	1646839140567	1646839140756	OK	 
REQUEST	1	adoption_470_Certificate_Placement_Summary_2	Adoption Placement Summary 2 Redirect 1	1646839140757	1646839140857	OK	 
GROUP	1	adoption_470_Certificate_Placement_Summary_2	1646839140566	1646839140931	360	OK
REQUEST	1	adoption_480_Birth_Mother	Adoption Mother's Details	1646839142938	1646839143299	OK	 
GROUP	1	adoption_480_Birth_Mother	1646839142937	1646839143443	502	OK
REQUEST	1	adoption_490_Birth_Mother_Name	Adoption Mother's Name	1646839145436	1646839146013	OK	 
REQUEST	1	adoption_490_Birth_Mother_Name	Adoption Mother's Name Redirect 1	1646839146015	1646839146069	OK	 
GROUP	1	adoption_490_Birth_Mother_Name	1646839145436	1646839146350	910	OK
REQUEST	1	adoption_495_Birth_Mother	Adoption Mother's Details	1646839148357	1646839148411	OK	 
GROUP	1	adoption_495_Birth_Mother	1646839148356	1646839148601	241	OK
REQUEST	1	adoption_500_Birth_Mother_Alive	Adoption Mother Still Alive?	1646839150597	1646839151055	OK	 
REQUEST	1	adoption_500_Birth_Mother_Alive	Adoption Mother Still Alive? Redirect 1	1646839151056	1646839151405	OK	 
GROUP	1	adoption_500_Birth_Mother_Alive	1646839150597	1646839151685	1084	OK
REQUEST	1	adoption_510_Birth_Mother_Nationality_Add	Adoption Mother's Nationality Add	1646839153679	1646839154031	OK	 
REQUEST	1	adoption_510_Birth_Mother_Nationality_Add	Adoption Mother's Nationality Add Redirect 1	1646839154032	1646839154093	OK	 
GROUP	1	adoption_510_Birth_Mother_Nationality_Add	1646839153679	1646839154246	563	OK
REQUEST	1	adoption_520_Birth_Mother_Nationality_POSt	Adoption Mother's Nationality	1646839156257	1646839156654	OK	 
REQUEST	1	adoption_520_Birth_Mother_Nationality_POSt	Adoption Mother's Nationality Redirect 1	1646839156656	1646839156815	OK	 
GROUP	1	adoption_520_Birth_Mother_Nationality_POSt	1646839156257	1646839156982	720	OK
REQUEST	1	adoption_530_Birth_Mother_Occupation	Adoption Mother's Occupation	1646839158977	1646839159349	OK	 
REQUEST	1	adoption_530_Birth_Mother_Occupation	Adoption Mother's Occupation Redirect 1	1646839159350	1646839159429	OK	 
GROUP	1	adoption_530_Birth_Mother_Occupation	1646839158977	1646839159535	554	OK
REQUEST	1	adoption_535_Birth_Mother_Occupation_Redirect	Adoption Mother's Details Redirect	1646839161538	1646839161618	OK	 
GROUP	1	adoption_535_Birth_Mother_Occupation_Redirect	1646839161537	1646839161699	157	OK
REQUEST	1	adoption_540_Birth_Mother_Occupation	Adoption Mother's Address Known	1646839163699	1646839164208	OK	 
REQUEST	1	adoption_540_Birth_Mother_Occupation	Adoption Mother's Address Known Redirect 1	1646839164209	1646839164263	OK	 
GROUP	1	adoption_540_Birth_Mother_Occupation	1646839163698	1646839164329	627	OK
REQUEST	1	adoption_550_Birth_Mother_Address_Manual	Adoption Mother's Address Manual	1646839166327	1646839166386	OK	 
GROUP	1	adoption_550_Birth_Mother_Address_Manual	1646839166326	1646839166819	489	OK
REQUEST	1	adoption_560_Birth_Mother_Address_POST	Adoption Mother's Address	1646839168828	1646839169308	OK	 
REQUEST	1	adoption_560_Birth_Mother_Address_POST	Adoption Mother's Address Redirect 1	1646839169310	1646839169640	OK	 
GROUP	1	adoption_560_Birth_Mother_Address_POST	1646839168827	1646839169809	976	OK
REQUEST	1	adoption_570_Birth_Father_Details	Adoption Father's Details	1646839171807	1646839171896	OK	 
GROUP	1	adoption_570_Birth_Father_Details	1646839171807	1646839171977	167	OK
REQUEST	1	adoption_580_Birth_Father_Details_POST	Adoption Father's Details On Certificate	1646839173977	1646839174189	OK	 
REQUEST	1	adoption_580_Birth_Father_Details_POST	Adoption Father's Details On Certificate Redirect 1	1646839174190	1646839174263	OK	 
GROUP	1	adoption_580_Birth_Father_Details_POST	1646839173976	1646839174337	356	OK
REQUEST	1	adoption_590_Birth_Father_Name	Adoption Father's Name	1646839176338	1646839176577	OK	 
REQUEST	1	adoption_590_Birth_Father_Name	Adoption Father's Name Redirect 1	1646839176579	1646839176631	OK	 
GROUP	1	adoption_590_Birth_Father_Name	1646839176337	1646839176723	379	OK
REQUEST	1	adoption_600_Birth_Father_Alive	Adoption Father Still alive?	1646839178719	1646839178916	OK	 
REQUEST	1	adoption_600_Birth_Father_Alive	Adoption Father Still alive? Redirect 1	1646839178918	1646839179043	OK	 
GROUP	1	adoption_600_Birth_Father_Alive	1646839178718	1646839179113	390	OK
REQUEST	1	adoption_610_Birth_Father_Nationality_Add	Adoption Father add Nationality	1646839181117	1646839181863	OK	 
REQUEST	1	adoption_610_Birth_Father_Nationality_Add	Adoption Father add Nationality Redirect 1	1646839181864	1646839182097	OK	 
GROUP	1	adoption_610_Birth_Father_Nationality_Add	1646839181117	1646839182255	1134	OK
REQUEST	1	adoption_620_Birth_Father_Nationality_POST	Adoption Father's Nationality	1646839184247	1646839184444	OK	 
REQUEST	1	adoption_620_Birth_Father_Nationality_POST	Adoption Father's Nationality Redirect 1	1646839184445	1646839184496	OK	 
GROUP	1	adoption_620_Birth_Father_Nationality_POST	1646839184246	1646839184564	314	OK
REQUEST	1	adoption_630_Birth_Father_Occupation	Adoption Father's Occupation	1646839186569	1646839186765	OK	 
REQUEST	1	adoption_630_Birth_Father_Occupation	Adoption Father's Occupation Redirect 1	1646839186766	1646839186943	OK	 
GROUP	1	adoption_630_Birth_Father_Occupation	1646839186569	1646839187083	510	OK
REQUEST	1	adoption_640_Birth_Father_Occupation_Address_Known	Adoption Father's Address Known?	1646839189089	1646839189454	OK	 
REQUEST	1	adoption_640_Birth_Father_Occupation_Address_Known	Adoption Father's Address Known? Redirect 1	1646839189456	1646839189528	OK	 
GROUP	1	adoption_640_Birth_Father_Occupation_Address_Known	1646839189088	1646839189593	499	OK
REQUEST	1	adoption_640_Birth_Father_Occupation_Address_Manual	Adoption Father's Address Manual	1646839191589	1646839192087	OK	 
GROUP	1	adoption_640_Birth_Father_Occupation_Address_Manual	1646839191588	1646839192447	855	OK
REQUEST	1	adoption_640_Birth_Father_Occupation_Address_POST	Adoption Father's Address	1646839194459	1646839194804	OK	 
REQUEST	1	adoption_640_Birth_Father_Occupation_Address_POST	Adoption Father's Address Redirect 1	1646839194806	1646839195032	OK	 
GROUP	1	adoption_640_Birth_Father_Occupation_Address_POST	1646839194459	1646839195297	832	OK
REQUEST	1	adoption_650_Other_Parent_Exists	Adoption Other Parent	1646839197298	1646839197535	OK	 
GROUP	1	adoption_650_Other_Parent_Exists	1646839197298	1646839198558	1257	OK
REQUEST	1	adoption_660_Other_Parent_Exists_POST	Adoption Other Parent Exists	1646839200558	1646839201025	OK	 
REQUEST	1	adoption_660_Other_Parent_Exists_POST	Adoption Other Parent Exists Redirect 1	1646839201027	1646839201104	OK	 
GROUP	1	adoption_660_Other_Parent_Exists_POST	1646839200557	1646839201178	616	OK
REQUEST	1	adoption_670_Other_Parent_Name	Adoption Other Parent Name	1646839203177	1646839203585	OK	 
REQUEST	1	adoption_670_Other_Parent_Name	Adoption Other Parent Name Redirect 1	1646839203587	1646839203656	OK	 
GROUP	1	adoption_670_Other_Parent_Name	1646839203177	1646839203769	587	OK
REQUEST	1	adoption_680_Other_Parent_Address_Known?	Adoption Other Parent Address known?	1646839205769	1646839205961	OK	 
REQUEST	1	adoption_680_Other_Parent_Address_Known?	Adoption Other Parent Address known? Redirect 1	1646839205962	1646839206006	OK	 
GROUP	1	adoption_680_Other_Parent_Address_Known?	1646839205768	1646839206111	338	OK
REQUEST	1	adoption_690_Other_Parent_Address_Manual	Adoption Other Parent Address Manual	1646839208107	1646839208308	OK	 
GROUP	1	adoption_690_Other_Parent_Address_Manual	1646839208107	1646839208399	288	OK
REQUEST	1	adoption_700_Other_Parent_Address_POST	Adoption Other Parent Address Manual	1646839210396	1646839210855	OK	 
REQUEST	1	adoption_700_Other_Parent_Address_POST	Adoption Other Parent Address Manual Redirect 1	1646839210856	1646839210938	OK	 
GROUP	1	adoption_700_Other_Parent_Address_POST	1646839210396	1646839211015	614	OK
REQUEST	1	adoption_710_Agency	Adoption Agency	1646839213018	1646839215975	OK	 
REQUEST	1	adoption_710_Agency	Adoption Agency Redirect 1	1646839215977	1646839216349	OK	 
GROUP	1	adoption_710_Agency	1646839213018	1646839216427	3404	OK
REQUEST	1	adoption_720_Agency_Details	Adoption Agency Details	1646839218428	1646839218666	OK	 
REQUEST	1	adoption_720_Agency_Details	Adoption Agency Details Redirect 1	1646839218667	1646839218736	OK	 
GROUP	1	adoption_720_Agency_Details	1646839218428	1646839218863	430	OK
REQUEST	1	adoption_730_Other_Agency	Adoption Other Agency?	1646839220857	1646839221118	OK	 
REQUEST	1	adoption_730_Other_Agency	Adoption Other Agency? Redirect 1	1646839221119	1646839221380	OK	 
REQUEST	1	adoption_730_Other_Agency	Adoption Other Agency? Redirect 2	1646839221381	1646839221677	OK	 
GROUP	1	adoption_730_Other_Agency	1646839220856	1646839221858	996	OK
REQUEST	1	adoption_740_Other_Agency_Details	Adoption Other Agency Details	1646839223868	1646839224372	OK	 
REQUEST	1	adoption_740_Other_Agency_Details	Adoption Other Agency Details Redirect 1	1646839224374	1646839224424	OK	 
GROUP	1	adoption_740_Other_Agency_Details	1646839223868	1646839224548	675	OK
REQUEST	1	adoption_750_Social_Worker_Details	Adoption Social Worker Details	1646839226549	1646839226829	OK	 
REQUEST	1	adoption_750_Social_Worker_Details	Adoption Social Worker Details Redirect 1	1646839226831	1646839227395	OK	 
GROUP	1	adoption_750_Social_Worker_Details	1646839226548	1646839227470	915	OK
REQUEST	1	adoption_760_Sibling_Details	Adoption Sibling Details	1646839229469	1646839229562	OK	 
GROUP	1	adoption_760_Sibling_Details	1646839229469	1646839229670	198	OK
REQUEST	1	adoption_770_Sibling_Other?	Adoption Any Sibling?	1646839231668	1646839231885	OK	 
REQUEST	1	adoption_770_Sibling_Other?	Adoption Any Sibling? Redirect 1	1646839231886	1646839231932	OK	 
GROUP	1	adoption_770_Sibling_Other?	1646839231668	1646839232059	386	OK
REQUEST	1	adoption_780_Sibling_Court_Order_Exists?	Adoption Court Order Exists?	1646839234058	1646839234532	OK	 
REQUEST	1	adoption_780_Sibling_Court_Order_Exists?	Adoption Court Order Exists? Redirect 1	1646839234534	1646839235059	OK	 
GROUP	1	adoption_780_Sibling_Court_Order_Exists?	1646839234058	1646839235355	1293	OK
REQUEST	1	adoption_790_Sibling_Name?	Adoption Sibling Name	1646839237357	1646839237889	OK	 
REQUEST	1	adoption_790_Sibling_Name?	Adoption Sibling Name Redirect 1	1646839237890	1646839238401	OK	 
REQUEST	1	adoption_790_Sibling_Name?	Adoption Sibling Name Redirect 2	1646839238402	1646839238625	OK	 
GROUP	1	adoption_790_Sibling_Name?	1646839237356	1646839238678	1315	OK
REQUEST	1	adoption_800_Sibling_Order_Type	Adoption Order Type?	1646839240679	1646839241111	OK	 
REQUEST	1	adoption_800_Sibling_Order_Type	Adoption Order Type? Redirect 1	1646839241112	1646839241324	OK	 
GROUP	1	adoption_800_Sibling_Order_Type	1646839240678	1646839241404	721	OK
REQUEST	1	adoption_810_Sibling_Order_Number	Adoption Order Number	1646839243399	1646839243603	OK	 
REQUEST	1	adoption_810_Sibling_Order_Number	Adoption Order Number Redirect 1	1646839243604	1646839243751	OK	 
GROUP	1	adoption_810_Sibling_Order_Number	1646839243398	1646839243891	488	OK
REQUEST	1	adoption_820_Sibling_New_Order?	Adoption Add New Order?	1646839245899	1646839246086	OK	 
REQUEST	1	adoption_820_Sibling_New_Order?	Adoption Add New Order? Redirect 1	1646839246088	1646839246129	OK	 
GROUP	1	adoption_820_Sibling_New_Order?	1646839245898	1646839246226	322	OK
REQUEST	1	adoption_830_Sibling_Select	Adoption Select Sibling	1646839248218	1646839248503	OK	 
REQUEST	1	adoption_830_Sibling_Select	Adoption Select Sibling Redirect 1	1646839248505	1646839249037	OK	 
REQUEST	1	adoption_830_Sibling_Select	Adoption Select Sibling Redirect 2	1646839249038	1646839249546	OK	 
GROUP	1	adoption_830_Sibling_Select	1646839248218	1646839249729	1506	OK
REQUEST	1	adoption_840_Sibling_Select	Adoption Order Type	1646839251739	1646839251940	OK	 
REQUEST	1	adoption_840_Sibling_Select	Adoption Order Type Redirect 1	1646839251940	1646839252336	OK	 
GROUP	1	adoption_840_Sibling_Select	1646839251738	1646839252541	799	OK
REQUEST	1	adoption_850_Sibling_Select	Adoption Order Number	1646839254537	1646839254886	OK	 
REQUEST	1	adoption_850_Sibling_Select	Adoption Order Number Redirect 1	1646839254888	1646839255055	OK	 
GROUP	1	adoption_850_Sibling_Select	1646839254537	1646839255165	623	OK
REQUEST	1	adoption_860_Sibling_Select	Adoption Order Number	1646839257167	1646839257460	OK	 
REQUEST	1	adoption_860_Sibling_Select	Adoption Order Number Redirect 1	1646839257460	1646839257505	OK	 
GROUP	1	adoption_860_Sibling_Select	1646839257167	1646839257693	523	OK
REQUEST	1	adoption_870_Upload_Document	Adoption Birth Certificate Details	1646839259688	1646839259865	OK	 
GROUP	1	adoption_870_Upload_Document	1646839259688	1646839266356	6666	OK
REQUEST	1	adoption_885_Upload_Document_POST	Adoption Certificate Upload POST	1646839268357	1646839268576	OK	 
REQUEST	1	adoption_885_Upload_Document_POST	Adoption Certificate Upload POST Redirect 1	1646839268577	1646839269505	OK	 
GROUP	1	adoption_885_Upload_Document_POST	1646839268356	1646839269570	1209	OK
USER	LAU Simulation	1	END	1646839010473	1646839271580
