RUN	simulations.mainSimulation	mainsimulation	1647520227683	 	3.3.1
USER	LAU Simulation	1	START	1647520228242	1647520228242
REQUEST	1	AD_010_Homepage	Adoption Homepage	1647520228265	1647520228363	OK	 
REQUEST	1	AD_010_Homepage	Adoption Homepage Redirect 1	1647520228385	1647520228416	OK	 
REQUEST	1	AD_010_Homepage	Adoption Homepage Redirect 2	1647520228418	1647520229487	OK	 
GROUP	1	AD_010_Homepage	1647520228249	1647520230215	1833	OK
REQUEST	1	AD_020_Login	Adoption Login	1647520231238	1647520232260	OK	 
REQUEST	1	AD_020_Login	Adoption Login Redirect 1	1647520232264	1647520232884	OK	 
REQUEST	1	AD_020_Login	Adoption Login Redirect 2	1647520232886	1647520239290	OK	 
REQUEST	1	AD_020_Login	Adoption Login Redirect 3	1647520239292	1647520239342	OK	 
GROUP	1	AD_020_Login	1647520231234	1647520239451	8196	OK
REQUEST	1	AD_030_Apply_With	Adoption Applying With	1647520240456	1647520240505	OK	 
GROUP	1	AD_030_Apply_With	1647520240454	1647520240551	90	OK
REQUEST	1	AD_040_Applying_Post	Adoption Applying Post	1647520241547	1647520243795	OK	 
REQUEST	1	AD_040_Applying_Post	Adoption Applying Post Redirect 1	1647520243797	1647520243833	OK	 
GROUP	1	AD_040_Applying_Post	1647520241545	1647520243880	2328	OK
REQUEST	1	AD_050_Applying_With_Redirect	Adoption Applying With Redirect	1647520244887	1647520244929	OK	 
GROUP	1	AD_050_Applying_With_Redirect	1647520244886	1647520244993	101	OK
REQUEST	1	AD_060_Date_Of_Move	Adoption Date Child Moved in 	1647520245987	1647520246071	OK	 
GROUP	1	AD_060_Date_Of_Move	1647520245986	1647520246123	132	OK
REQUEST	1	AD_070_Date_Of_Move_POST	Adoption Date Child Moved in Post	1647520247126	1647520248746	OK	 
REQUEST	1	AD_070_Date_Of_Move_POST	Adoption Date Child Moved in Post Redirect 1	1647520248748	1647520248926	OK	 
GROUP	1	AD_070_Date_Of_Move_POST	1647520247125	1647520249079	1947	OK
REQUEST	1	AD_710_Agency	Adoption Agency	1647520249079	1647520250469	OK	 
REQUEST	1	AD_710_Agency	Adoption Agency Redirect 1	1647520250470	1647520253601	OK	 
GROUP	1	AD_710_Agency	1647520249079	1647520253664	4580	OK
REQUEST	1	AD_720_Agency_Details	Adoption Agency Details	1647520254665	1647520257005	OK	 
REQUEST	1	AD_720_Agency_Details	Adoption Agency Details Redirect 1	1647520257006	1647520257041	OK	 
GROUP	1	AD_720_Agency_Details	1647520254665	1647520257094	2424	OK
REQUEST	1	AD_730_Other_Agency	Adoption Other Agency?	1647520258106	1647520260401	OK	 
REQUEST	1	AD_730_Other_Agency	Adoption Other Agency? Redirect 1	1647520260403	1647520261436	OK	 
REQUEST	1	AD_730_Other_Agency	Adoption Other Agency? Redirect 2	1647520261437	1647520262275	OK	 
GROUP	1	AD_730_Other_Agency	1647520258106	1647520262445	4333	OK
REQUEST	1	AD_740_Other_Agency_Details	Adoption Other Agency Details	1647520263447	1647520263764	OK	 
REQUEST	1	AD_740_Other_Agency_Details	Adoption Other Agency Details Redirect 1	1647520263765	1647520263818	OK	 
GROUP	1	AD_740_Other_Agency_Details	1647520263446	1647520263864	414	OK
REQUEST	1	AD_750_Social_Worker_Details	Adoption Social Worker Details	1647520264867	1647520265503	OK	 
REQUEST	1	AD_750_Social_Worker_Details	Adoption Social Worker Details Redirect 1	1647520265505	1647520265550	OK	 
GROUP	1	AD_750_Social_Worker_Details	1647520264867	1647520265596	723	OK
REQUEST	1	AD_080_Your_Details	Adoption Your Personal Details 	1647520266585	1647520266626	OK	 
GROUP	1	AD_080_Your_Details	1647520266585	1647520266676	87	OK
REQUEST	1	AD_090_Your_Details_POST	Adoption Your Personal Details Post	1647520267686	1647520268985	OK	 
REQUEST	1	AD_090_Your_Details_POST	Adoption Your Personal Details Post Redirect 1	1647520268987	1647520269031	OK	 
GROUP	1	AD_090_Your_Details_POST	1647520267686	1647520269080	1389	OK
REQUEST	1	AD_100_Your_Details_Other_Name	Adoption Your Personal Details Other Name	1647520270076	1647520270475	OK	 
REQUEST	1	AD_100_Your_Details_Other_Name	Adoption Your Personal Details Other Name Redirect 1	1647520270477	1647520270519	OK	 
GROUP	1	AD_100_Your_Details_Other_Name	1647520270075	1647520270567	486	OK
REQUEST	1	AD_110_Your_Details_DoB	Adoption Your Personal Details DoB	1647520271567	1647520271604	OK	 
GROUP	1	AD_110_Your_Details_DoB	1647520271567	1647520271651	82	OK
REQUEST	1	AD_120_Your_Details_DoB_POST	Adoption Your Personal Details DoB POST	1647520272644	1647520273757	OK	 
REQUEST	1	AD_120_Your_Details_DoB_POST	Adoption Your Personal Details DoB POST Redirect 1	1647520273758	1647520273797	OK	 
GROUP	1	AD_120_Your_Details_DoB_POST	1647520272644	1647520273938	1290	OK
REQUEST	1	AD_130_Your_Details_Occupation	Adoption Your Personal Details Occupation	1647520274947	1647520275448	OK	 
REQUEST	1	AD_130_Your_Details_Occupation	Adoption Your Personal Details Occupation Redirect 1	1647520275449	1647520275599	OK	 
GROUP	1	AD_130_Your_Details_Occupation	1647520274946	1647520275646	695	OK
REQUEST	1	AD_140_Your_Contact	Adoption Your Contact Details LookUp	1647520276646	1647520276702	OK	 
GROUP	1	AD_140_Your_Contact	1647520276645	1647520276747	98	OK
REQUEST	1	AD_150_Your_Contact_Manual	Adoption Your Contact Details Manual	1647520277747	1647520277820	OK	 
GROUP	1	AD_150_Your_Contact_Manual	1647520277746	1647520277865	115	OK
REQUEST	1	AD_160_Your_Contact_POST	Adoption Your Contact Details Manual POST	1647520278865	1647520279532	OK	 
REQUEST	1	AD_160_Your_Contact_POST	Adoption Your Contact Details Manual POST Redirect 1	1647520279534	1647520279573	OK	 
GROUP	1	AD_160_Your_Contact_POST	1647520278865	1647520279619	750	OK
REQUEST	1	AD_170_Your_Contact_POST	Adoption Your Contact Details POST	1647520280617	1647520280965	OK	 
REQUEST	1	AD_170_Your_Contact_POST	Adoption Your Contact Details POST Redirect 1	1647520280967	1647520281010	OK	 
GROUP	1	AD_170_Your_Contact_POST	1647520280617	1647520281062	441	OK
REQUEST	1	AD_180_Second_Person	Adoption Second Personal Details	1647520282067	1647520282114	OK	 
GROUP	1	AD_180_Second_Person	1647520282066	1647520282165	95	OK
REQUEST	1	AD_190_Second_PersonPOST	Adoption Second Personal Details POST	1647520283165	1647520283730	OK	 
REQUEST	1	AD_190_Second_PersonPOST	Adoption Second Personal Details POST Redirect 1	1647520283732	1647520283774	OK	 
GROUP	1	AD_190_Second_PersonPOST	1647520283165	1647520283822	651	OK
REQUEST	1	AD_200_Second_Other_Name	Adoption Second Other Name	1647520284815	1647520285369	OK	 
REQUEST	1	AD_200_Second_Other_Name	Adoption Second Other Name Redirect 1	1647520285370	1647520285417	OK	 
GROUP	1	AD_200_Second_Other_Name	1647520284814	1647520285460	642	OK
REQUEST	1	AD_210_Second_Other_Name_Redirect	Adoption Second Other Name Redirect	1647520286468	1647520286762	OK	 
REQUEST	1	AD_210_Second_Other_Name_Redirect	Adoption Second Other Name Redirect Redirect 1	1647520286764	1647520286806	OK	 
GROUP	1	AD_210_Second_Other_Name_Redirect	1647520286467	1647520286944	471	OK
REQUEST	1	AD_220_Second_DoB	Adoption Second DoB	1647520287937	1647520288450	OK	 
REQUEST	1	AD_220_Second_DoB	Adoption Second DoB Redirect 1	1647520288451	1647520288600	OK	 
GROUP	1	AD_220_Second_DoB	1647520287936	1647520288645	704	OK
REQUEST	1	AD_230_Second_Occupation	Adoption Second Occupation	1647520289657	1647520290104	OK	 
REQUEST	1	AD_230_Second_Occupation	Adoption Second Occupation Redirect 1	1647520290105	1647520290170	OK	 
GROUP	1	AD_230_Second_Occupation	1647520289657	1647520290219	558	OK
REQUEST	1	AD_240_Second_Contact_Same	Adoption Second Contact Details Same-Address	1647520291216	1647520291262	OK	 
GROUP	1	AD_240_Second_Contact_Same	1647520291216	1647520291315	96	OK
REQUEST	1	AD_250_Second_Contact_Same_POST	Adoption Second Contact Details Same-Address POST	1647520292306	1647520292554	OK	 
REQUEST	1	AD_250_Second_Contact_Same_POST	Adoption Second Contact Details Same-Address POST Redirect 1	1647520292556	1647520292595	OK	 
GROUP	1	AD_250_Second_Contact_Same_POST	1647520292306	1647520292646	335	OK
REQUEST	1	AD_260_Second_Contact_Manual_Redirect	Adoption Second Contact Details manual redirect	1647520293657	1647520293701	OK	 
GROUP	1	AD_260_Second_Contact_Manual_Redirect	1647520293656	1647520293747	87	OK
REQUEST	1	AD_270_Second_Contact_Manual_POST	Adoption Second Contact Details manual POST	1647520294747	1647520295199	OK	 
REQUEST	1	AD_270_Second_Contact_Manual_POST	Adoption Second Contact Details manual POST Redirect 1	1647520295200	1647520295242	OK	 
GROUP	1	AD_270_Second_Contact_Manual_POST	1647520294746	1647520295288	537	OK
REQUEST	1	AD_280_Second_Contact_POST	Adoption Second Contact Details POST	1647520296286	1647520297555	OK	 
REQUEST	1	AD_280_Second_Contact_POST	Adoption Second Contact Details POST Redirect 1	1647520297557	1647520297604	OK	 
GROUP	1	AD_280_Second_Contact_POST	1647520296286	1647520297656	1365	OK
REQUEST	1	AD_290_Birth_Certificate	Adoption Birth Certificate Details	1647520298657	1647520298862	OK	 
GROUP	1	AD_290_Birth_Certificate	1647520298656	1647520298954	294	OK
REQUEST	1	AD_300_Birth_Name	Adoption Birth Certificate Name	1647520299947	1647520300565	OK	 
REQUEST	1	AD_300_Birth_Name	Adoption Birth Certificate Name Redirect 1	1647520300566	1647520300744	OK	 
GROUP	1	AD_300_Birth_Name	1647520299946	1647520300926	975	OK
REQUEST	1	AD_320_Birth_DoB	Adoption Birth Certificate DoB	1647520301936	1647520302367	OK	 
REQUEST	1	AD_320_Birth_DoB	Adoption Birth Certificate DoB Redirect 1	1647520302368	1647520302419	OK	 
GROUP	1	AD_320_Birth_DoB	1647520301935	1647520302463	524	OK
REQUEST	1	AD_330_Birth_Sex	Adoption Birth Certificate Sex	1647520303457	1647520303903	OK	 
REQUEST	1	AD_330_Birth_Sex	Adoption Birth Certificate Sex Redirect 1	1647520303904	1647520303957	OK	 
GROUP	1	AD_330_Birth_Sex	1647520303456	1647520304004	544	OK
REQUEST	1	AD_340_Birth_Nationality_Add	Adoption Birth Certificate Nationality Add	1647520305007	1647520305747	OK	 
REQUEST	1	AD_340_Birth_Nationality_Add	Adoption Birth Certificate Nationality Add Redirect 1	1647520305748	1647520305789	OK	 
GROUP	1	AD_340_Birth_Nationality_Add	1647520305006	1647520305839	828	OK
REQUEST	1	AD_350_Birth_Nationality_POST	Adoption Birth Certificate Nationality POST	1647520306847	1647520307051	OK	 
REQUEST	1	AD_350_Birth_Nationality_POST	Adoption Birth Certificate Nationality POST Redirect 1	1647520307052	1647520307106	OK	 
GROUP	1	AD_350_Birth_Nationality_POST	1647520306847	1647520307149	299	OK
REQUEST	1	AD_360_Certificate_Details	Adoption Certificate Details	1647520308145	1647520308194	OK	 
GROUP	1	AD_360_Certificate_Details	1647520308144	1647520308246	98	OK
REQUEST	1	AD_370_Certificate_Name	Adoption Certificate Details Name	1647520309256	1647520310354	OK	 
REQUEST	1	AD_370_Certificate_Name	Adoption Certificate Details Name Redirect 1	1647520310356	1647520310408	OK	 
GROUP	1	AD_370_Certificate_Name	1647520309255	1647520310457	1197	OK
REQUEST	1	AD_380_Placement_Order	Adoption Placement Order Details	1647520311454	1647520311653	OK	 
GROUP	1	AD_380_Placement_Order	1647520311454	1647520311849	392	OK
REQUEST	1	AD_390_Placement_Number	Adoption Placement Order Number	1647520312845	1647520313442	OK	 
REQUEST	1	AD_390_Placement_Number	Adoption Placement Order Number Redirect 1	1647520313444	1647520314119	OK	 
GROUP	1	AD_390_Placement_Number	1647520312844	1647520314281	1431	OK
REQUEST	1	AD_400_Placement_Court	Adoption Placement Court	1647520315277	1647520316395	OK	 
REQUEST	1	AD_400_Placement_Court	Adoption Placement Court Redirect 1	1647520316397	1647520316625	OK	 
GROUP	1	AD_400_Placement_Court	1647520315276	1647520316674	1392	OK
REQUEST	1	AD_410_Placement_Date	Adoption Placement Date	1647520317675	1647520317883	OK	 
REQUEST	1	AD_410_Placement_Date	Adoption Placement Date Redirect 1	1647520317884	1647520318242	OK	 
GROUP	1	AD_410_Placement_Date	1647520317674	1647520318288	609	OK
REQUEST	1	AD_420_Placement_Summary	Adoption Placement Summary	1647520319295	1647520319672	OK	 
REQUEST	1	AD_420_Placement_Summary	Adoption Placement Summary Redirect 1	1647520319674	1647520320287	OK	 
REQUEST	1	AD_420_Placement_Summary	Adoption Placement Summary Redirect 2	1647520320288	1647520320471	OK	 
GROUP	1	AD_420_Placement_Summary	1647520319295	1647520320517	1217	OK
REQUEST	1	AD_430_Placement_Type_2	Adoption Placement Type 2	1647520321517	1647520321719	OK	 
REQUEST	1	AD_430_Placement_Type_2	Adoption Placement Type 2 Redirect 1	1647520321720	1647520321933	OK	 
GROUP	1	AD_430_Placement_Type_2	1647520321516	1647520321984	462	OK
REQUEST	1	AD_440_Placement_Number_2	Adoption Placement Order Number 2	1647520322986	1647520323195	OK	 
REQUEST	1	AD_440_Placement_Number_2	Adoption Placement Order Number 2 Redirect 1	1647520323196	1647520323435	OK	 
GROUP	1	AD_440_Placement_Number_2	1647520322986	1647520323485	496	OK
REQUEST	1	AD_450_Placement_Court_2	Adoption Placement Court 2	1647520324477	1647520324682	OK	 
REQUEST	1	AD_450_Placement_Court_2	Adoption Placement Court 2 Redirect 1	1647520324683	1647520324882	OK	 
GROUP	1	AD_450_Placement_Court_2	1647520324476	1647520324954	472	OK
REQUEST	1	AD_460_Placement_Date_2	Adoption Placement Date 2	1647520325955	1647520326125	OK	 
REQUEST	1	AD_460_Placement_Date_2	Adoption Placement Date 2 Redirect 1	1647520326126	1647520326574	OK	 
GROUP	1	AD_460_Placement_Date_2	1647520325954	1647520326750	791	OK
REQUEST	1	AD_470_Placement_Summary_2	Adoption Placement Summary 2	1647520327757	1647520327957	OK	 
REQUEST	1	AD_470_Placement_Summary_2	Adoption Placement Summary 2 Redirect 1	1647520327959	1647520328016	OK	 
GROUP	1	AD_470_Placement_Summary_2	1647520327757	1647520328067	304	OK
REQUEST	1	AD_480_Birth_Mother	Adoption Mother's Details	1647520329075	1647520329131	OK	 
GROUP	1	AD_480_Birth_Mother	1647520329074	1647520329191	114	OK
REQUEST	1	AD_490_Mother_Name	Adoption Mother's Name	1647520330187	1647520330731	OK	 
REQUEST	1	AD_490_Mother_Name	Adoption Mother's Name Redirect 1	1647520330733	1647520330774	OK	 
GROUP	1	AD_490_Mother_Name	1647520330187	1647520330819	627	OK
REQUEST	1	AD_495_Mother_Alive_Redirect	Adoption Mother's Details	1647520331815	1647520331863	OK	 
GROUP	1	AD_495_Mother_Alive_Redirect	1647520331815	1647520331912	94	OK
REQUEST	1	AD_500_Mother_Alive	Adoption Mother Still Alive?	1647520332916	1647520333288	OK	 
REQUEST	1	AD_500_Mother_Alive	Adoption Mother Still Alive? Redirect 1	1647520333289	1647520333330	OK	 
GROUP	1	AD_500_Mother_Alive	1647520332915	1647520333376	457	OK
REQUEST	1	AD_510_Mother_Nationality_Add	Adoption Mother's Nationality Add	1647520334386	1647520334787	OK	 
REQUEST	1	AD_510_Mother_Nationality_Add	Adoption Mother's Nationality Add Redirect 1	1647520334788	1647520334839	OK	 
GROUP	1	AD_510_Mother_Nationality_Add	1647520334386	1647520334888	498	OK
REQUEST	1	AD_520_Mother_Nationality_POST	Adoption Mother's Nationality	1647520335887	1647520336068	OK	 
REQUEST	1	AD_520_Mother_Nationality_POST	Adoption Mother's Nationality Redirect 1	1647520336069	1647520336103	OK	 
GROUP	1	AD_520_Mother_Nationality_POST	1647520335886	1647520336150	259	OK
REQUEST	1	AD_530_Mother_Occupation	Adoption Mother's Occupation	1647520337145	1647520337346	OK	 
REQUEST	1	AD_530_Mother_Occupation	Adoption Mother's Occupation Redirect 1	1647520337347	1647520337396	OK	 
GROUP	1	AD_530_Mother_Occupation	1647520337144	1647520337442	293	OK
REQUEST	1	AD_535_Mother_Occupation_Redirect	Adoption Mother's Details Redirect	1647520338436	1647520338489	OK	 
GROUP	1	AD_535_Mother_Occupation_Redirect	1647520338436	1647520338635	196	OK
REQUEST	1	AD_540_Mother_Occupation	Adoption Mother's Address Known	1647520339635	1647520339954	OK	 
REQUEST	1	AD_540_Mother_Occupation	Adoption Mother's Address Known Redirect 1	1647520339956	1647520340129	OK	 
GROUP	1	AD_540_Mother_Occupation	1647520339635	1647520340290	650	OK
REQUEST	1	AD_550_Mother_Address_Manual	Adoption Mother's Address Manual	1647520341296	1647520341369	OK	 
GROUP	1	AD_550_Mother_Address_Manual	1647520341295	1647520341414	115	OK
REQUEST	1	AD_560_Mother_Address_POST	Adoption Mother's Address	1647520342417	1647520342888	OK	 
REQUEST	1	AD_560_Mother_Address_POST	Adoption Mother's Address Redirect 1	1647520342889	1647520342951	OK	 
GROUP	1	AD_560_Mother_Address_POST	1647520342416	1647520342997	576	OK
REQUEST	1	AD_570_Father_Details	Adoption Father's Details	1647520343997	1647520344041	OK	 
GROUP	1	AD_570_Father_Details	1647520343996	1647520344087	87	OK
REQUEST	1	AD_580_Father_Details_POST	Adoption Father's Details On Certificate	1647520345087	1647520345579	OK	 
REQUEST	1	AD_580_Father_Details_POST	Adoption Father's Details On Certificate Redirect 1	1647520345580	1647520345636	OK	 
GROUP	1	AD_580_Father_Details_POST	1647520345086	1647520345684	594	OK
REQUEST	1	AD_590_Father_Name	Adoption Father's Name	1647520346687	1647520347013	OK	 
REQUEST	1	AD_590_Father_Name	Adoption Father's Name Redirect 1	1647520347014	1647520347055	OK	 
GROUP	1	AD_590_Father_Name	1647520346687	1647520347103	412	OK
REQUEST	1	AD_600_Father_Alive	Adoption Father Still alive?	1647520348096	1647520348303	OK	 
REQUEST	1	AD_600_Father_Alive	Adoption Father Still alive? Redirect 1	1647520348304	1647520348354	OK	 
GROUP	1	AD_600_Father_Alive	1647520348095	1647520348399	299	OK
REQUEST	1	AD_610_Father_Nationality_Add	Adoption Father add Nationality	1647520349406	1647520349675	OK	 
REQUEST	1	AD_610_Father_Nationality_Add	Adoption Father add Nationality Redirect 1	1647520349676	1647520349716	OK	 
GROUP	1	AD_610_Father_Nationality_Add	1647520349406	1647520349761	351	OK
REQUEST	1	AD_620_Father_Nationality_POST	Adoption Father's Nationality	1647520350765	1647520351139	OK	 
REQUEST	1	AD_620_Father_Nationality_POST	Adoption Father's Nationality Redirect 1	1647520351140	1647520351180	OK	 
GROUP	1	AD_620_Father_Nationality_POST	1647520350764	1647520351236	467	OK
REQUEST	1	AD_630_Father_Occupation	Adoption Father's Occupation	1647520352237	1647520352469	OK	 
REQUEST	1	AD_630_Father_Occupation	Adoption Father's Occupation Redirect 1	1647520352470	1647520352581	OK	 
GROUP	1	AD_630_Father_Occupation	1647520352237	1647520352760	518	OK
REQUEST	1	AD_640_Father_Address_Known	Adoption Father's Address Known?	1647520353755	1647520354078	OK	 
REQUEST	1	AD_640_Father_Address_Known	Adoption Father's Address Known? Redirect 1	1647520354079	1647520354114	OK	 
GROUP	1	AD_640_Father_Address_Known	1647520353755	1647520354165	407	OK
REQUEST	1	AD_641_Father_Address_Manual	Adoption Father's Address Manual	1647520355176	1647520355231	OK	 
GROUP	1	AD_641_Father_Address_Manual	1647520355176	1647520355274	95	OK
REQUEST	1	AD_642_Father_Address_POST	Adoption Father's Address	1647520356266	1647520356740	OK	 
REQUEST	1	AD_642_Father_Address_POST	Adoption Father's Address Redirect 1	1647520356742	1647520356785	OK	 
GROUP	1	AD_642_Father_Address_POST	1647520356265	1647520356834	563	OK
REQUEST	1	AD_650_Other_Parent_Exists	Adoption Other Parent	1647520357836	1647520357879	OK	 
GROUP	1	AD_650_Other_Parent_Exists	1647520357835	1647520357923	83	OK
REQUEST	1	AD_660_Other_Exists_POST	Adoption Other Parent Exists	1647520358917	1647520359505	OK	 
REQUEST	1	AD_660_Other_Exists_POST	Adoption Other Parent Exists Redirect 1	1647520359506	1647520359551	OK	 
GROUP	1	AD_660_Other_Exists_POST	1647520358916	1647520359604	683	OK
REQUEST	1	AD_670_Other_Parent_Name	Adoption Other Parent Name	1647520360607	1647520361277	OK	 
REQUEST	1	AD_670_Other_Parent_Name	Adoption Other Parent Name Redirect 1	1647520361279	1647520361325	OK	 
GROUP	1	AD_670_Other_Parent_Name	1647520360607	1647520361371	759	OK
REQUEST	1	AD_680_Other_Parent_Address_Known	Adoption Other Parent Address known?	1647520362376	1647520362782	OK	 
REQUEST	1	AD_680_Other_Parent_Address_Known	Adoption Other Parent Address known? Redirect 1	1647520362783	1647520362824	OK	 
GROUP	1	AD_680_Other_Parent_Address_Known	1647520362376	1647520362872	492	OK
REQUEST	1	AD_690_Other_Parent_Address_Manual	Adoption Other Parent Address Manual	1647520363867	1647520363914	OK	 
GROUP	1	AD_690_Other_Parent_Address_Manual	1647520363866	1647520363961	91	OK
REQUEST	1	AD_700_Other_Parent_Address_POST	Adoption Other Parent Address Manual	1647520364965	1647520365413	OK	 
REQUEST	1	AD_700_Other_Parent_Address_POST	Adoption Other Parent Address Manual Redirect 1	1647520365414	1647520365452	OK	 
GROUP	1	AD_700_Other_Parent_Address_POST	1647520364965	1647520365499	529	OK
REQUEST	1	AD_760_Sibling_Details	Adoption Sibling Details	1647520366497	1647520366538	OK	 
GROUP	1	AD_760_Sibling_Details	1647520366496	1647520366582	82	OK
REQUEST	1	AD_770_Sibling_Other	Adoption Any Sibling?	1647520367586	1647520368048	OK	 
REQUEST	1	AD_770_Sibling_Other	Adoption Any Sibling? Redirect 1	1647520368049	1647520368148	OK	 
GROUP	1	AD_770_Sibling_Other	1647520367585	1647520368313	724	OK
REQUEST	1	AD_780_Sibling_Order_Exists	Adoption Court Order Exists?	1647520369305	1647520369656	OK	 
REQUEST	1	AD_780_Sibling_Order_Exists	Adoption Court Order Exists? Redirect 1	1647520369657	1647520370030	OK	 
GROUP	1	AD_780_Sibling_Order_Exists	1647520369304	1647520370193	884	OK
REQUEST	1	AD_790_Sibling_Name	Adoption Sibling Name	1647520371196	1647520371584	OK	 
REQUEST	1	AD_790_Sibling_Name	Adoption Sibling Name Redirect 1	1647520371585	1647520372306	OK	 
REQUEST	1	AD_790_Sibling_Name	Adoption Sibling Name Redirect 2	1647520372307	1647520372624	OK	 
GROUP	1	AD_790_Sibling_Name	1647520371196	1647520372674	1473	OK
REQUEST	1	AD_800_Sibling_Type	Adoption Order Type?	1647520373687	1647520373954	OK	 
REQUEST	1	AD_800_Sibling_Type	Adoption Order Type? Redirect 1	1647520373956	1647520374150	OK	 
GROUP	1	AD_800_Sibling_Type	1647520373686	1647520374195	504	OK
REQUEST	1	AD_810_Sibling_Number	Adoption Order Number	1647520375186	1647520375786	OK	 
REQUEST	1	AD_810_Sibling_Number	Adoption Order Number Redirect 1	1647520375788	1647520375827	OK	 
GROUP	1	AD_810_Sibling_Number	1647520375185	1647520375882	691	OK
REQUEST	1	AD_820_Sibling_New_Order	Adoption Add New Order?	1647520376887	1647520377220	OK	 
REQUEST	1	AD_820_Sibling_New_Order	Adoption Add New Order? Redirect 1	1647520377221	1647520377272	OK	 
GROUP	1	AD_820_Sibling_New_Order	1647520376886	1647520377326	433	OK
REQUEST	1	AD_830_Sibling_Select	Adoption Select Sibling	1647520378325	1647520379230	OK	 
REQUEST	1	AD_830_Sibling_Select	Adoption Select Sibling Redirect 1	1647520379232	1647520379433	OK	 
REQUEST	1	AD_830_Sibling_Select	Adoption Select Sibling Redirect 2	1647520379435	1647520379886	OK	 
GROUP	1	AD_830_Sibling_Select	1647520378325	1647520379937	1605	OK
REQUEST	1	AD_840_Sibling_Type_2	Adoption Order Type	1647520380946	1647520381165	OK	 
REQUEST	1	AD_840_Sibling_Type_2	Adoption Order Type Redirect 1	1647520381167	1647520381417	OK	 
GROUP	1	AD_840_Sibling_Type_2	1647520380946	1647520381495	544	OK
REQUEST	1	AD_850_Sibling_Number_2t	Adoption Order Number	1647520382497	1647520383118	OK	 
REQUEST	1	AD_850_Sibling_Number_2t	Adoption Order Number Redirect 1	1647520383119	1647520383300	OK	 
GROUP	1	AD_850_Sibling_Number_2t	1647520382496	1647520383477	976	OK
REQUEST	1	AD_855_Sibling_Remove	Adoption Remove Placement Order	1647520384476	1647520384709	OK	 
REQUEST	1	AD_855_Sibling_Remove	Adoption Remove Placement Order Redirect 1	1647520384711	1647520384765	OK	 
GROUP	1	AD_855_Sibling_Remove	1647520384475	1647520384819	338	OK
REQUEST	1	AD_860_Sibling_Summary	Adoption Order Summary	1647520385815	1647520386333	OK	 
REQUEST	1	AD_860_Sibling_Summary	Adoption Order Summary Redirect 1	1647520386335	1647520386384	OK	 
GROUP	1	AD_860_Sibling_Summary	1647520385815	1647520386432	612	OK
REQUEST	1	AD_861_Family_Court	Adoption Family Court Redirect	1647520387425	1647520387473	OK	 
GROUP	1	AD_861_Family_Court	1647520387424	1647520387528	99	OK
REQUEST	1	AD_862_Family_Court_POST	Adoption Family Court Redirect	1647520388536	1647520388719	OK	 
REQUEST	1	AD_862_Family_Court_POST	Adoption Family Court Redirect Redirect 1	1647520388721	1647520388772	OK	 
GROUP	1	AD_862_Family_Court_POST	1647520388535	1647520388817	275	OK
REQUEST	1	AD_870_Upload_Document	Adoption Birth Certificate Details	1647520389815	1647520389880	OK	 
GROUP	1	AD_870_Upload_Document	1647520389814	1647520389926	108	OK
REQUEST	1	AD_880_Upload_Document	Adoption Certificate Upload	1647520390961	1647520392989	OK	 
GROUP	1	AD_880_Upload_Document	1647520390935	1647520393038	2028	OK
REQUEST	1	AD_885_Upload_Document_POST	Adoption Certificate Upload POST	1647520393987	1647520394406	OK	 
REQUEST	1	AD_885_Upload_Document_POST	Adoption Certificate Upload POST Redirect 1	1647520394407	1647520394494	OK	 
GROUP	1	AD_885_Upload_Document_POST	1647520393986	1647520394640	649	OK
REQUEST	1	AD_905_Equality_Redirect	Adoption Review Equality	1647520395636	1647520395785	OK	 
GROUP	1	AD_905_Equality_Redirect	1647520395636	1647520395948	304	OK
REQUEST	1	AD_910_Check_Your_Answers	Adoption Review Check Your Answers	1647520396957	1647520396994	OK	 
REQUEST	1	AD_910_Check_Your_Answers	Adoption Review Check Your Answers Redirect 1	1647520396995	1647520397135	OK	 
GROUP	1	AD_910_Check_Your_Answers	1647520396956	1647520397178	218	OK
REQUEST	1	AD_920_Statement	Adoption Review Statement of Truth	1647520398176	1647520398416	OK	 
REQUEST	1	AD_920_Statement	Adoption Review Statement of Truth Redirect 1	1647520398418	1647520402103	OK	 
REQUEST	1	AD_920_Statement	Adoption Review Statement of Truth Redirect 2	1647520402104	1647520402214	OK	 
REQUEST	1	AD_920_Statement	Adoption Review Statement of Truth Redirect 3	1647520402216	1647520402298	OK	 
GROUP	1	AD_920_Statement	1647520398176	1647520402414	4226	OK
REQUEST	1	AD_940_Check_Card_Details	Adoption Pay by Card	1647520403405	1647520403448	OK	 
GROUP	1	AD_940_Check_Card_Details	1647520403405	1647520403450	43	OK
REQUEST	1	AD_950_Card_Details	Adoption Pay by Card	1647520404456	1647520404627	OK	 
REQUEST	1	AD_950_Card_Details	Adoption Pay by Card Redirect 1	1647520404629	1647520404673	OK	 
GROUP	1	AD_950_Card_Details	1647520404456	1647520404677	216	OK
REQUEST	1	AD_960_Application Submit	Adoption Application Submit	1647520405674	1647520405744	OK	 
REQUEST	1	AD_960_Application Submit	Adoption Application Submit Redirect 1	1647520405745	1647520405777	OK	 
REQUEST	1	AD_960_Application Submit	Adoption Application Submit Redirect 2	1647520405778	1647520419486	OK	 
REQUEST	1	AD_960_Application Submit	Adoption Application Submit Redirect 3	1647520419487	1647520419532	OK	 
GROUP	1	AD_960_Application Submit	1647520405674	1647520419615	13936	OK
USER	LAU Simulation	1	END	1647520228242	1647520420608
