RUN	uk.gov.hmcts.reform.LandA.performance.simulations.mainSimulation	mainsimulation	1645189605693	 	3.3.1
USER	LAU Simulation	1	START	1645189606267	1645189606267
REQUEST	1	LAU_020_Homepage	LAU Homepage	1645189606286	1645189606363	OK	 
REQUEST	1	LAU_020_Homepage	LAU Homepage Redirect 1	1645189606373	1645189606392	OK	 
REQUEST	1	LAU_020_Homepage	LAU Homepage Redirect 2	1645189606393	1645189606473	OK	 
GROUP	1	LAU_020_Homepage	1645189606271	1645189606697	309	OK
REQUEST	1	LAU_030_Login	LAU Login	1645189611725	1645189612621	OK	 
REQUEST	1	LAU_030_Login	LAU Login Redirect 1	1645189612622	1645189613136	OK	 
REQUEST	1	LAU_030_Login	LAU Login Redirect 2	1645189613138	1645189613189	OK	 
GROUP	1	LAU_030_Login	1645189611722	1645189613478	1743	OK
REQUEST	1	LAU_040_CaseAuditSearch	LAU Case Audit Search	1645189618474	1645189619460	OK	 
REQUEST	1	LAU_040_CaseAuditSearch	LAU Case Audit Search Redirect 1	1645189619461	1645189619542	OK	 
GROUP	1	LAU_040_CaseAuditSearch	1645189618473	1645189619831	1342	OK
REQUEST	1	LAU_050_CaseAuditPage2	LAU Case Audit Page 2	1645189624840	1645189625424	OK	 
REQUEST	1	LAU_050_CaseAuditPage2	LAU Case Audit Page 2 Redirect 1	1645189625424	1645189625503	OK	 
GROUP	1	LAU_050_CaseAuditPage2	1645189624840	1645189625729	882	OK
REQUEST	1	LAU_060_CaseActivityDownload	Case Activity CSV Download	1645189630739	1645189630954	OK	 
GROUP	1	LAU_060_CaseActivityDownload	1645189630738	1645189630958	215	OK
REQUEST	1	LAU_070_CaseSearchDownload	Case Search CSV Download	1645189635939	1645189636297	OK	 
GROUP	1	LAU_070_CaseSearchDownload	1645189635939	1645189636299	358	OK
REQUEST	1	LAU_080_LogonAuditSearch	LAU Logon Audit Search	1645189641299	1645189642115	OK	 
REQUEST	1	LAU_080_LogonAuditSearch	LAU Logon Audit Search Redirect 1	1645189642115	1645189642227	OK	 
GROUP	1	LAU_080_LogonAuditSearch	1645189641299	1645189642497	1183	OK
REQUEST	1	LAU_090_LogonAuditPage2	LAU Logon Audit Page 2	1645189647500	1645189647915	OK	 
REQUEST	1	LAU_090_LogonAuditPage2	LAU Logon Audit Page 2 Redirect 1	1645189647916	1645189648081	OK	 
GROUP	1	LAU_090_LogonAuditPage2	1645189647499	1645189648424	916	OK
REQUEST	1	LAU_100_LogonActivityDownload	Logon Activity CSV Download	1645189653430	1645189653962	OK	 
GROUP	1	LAU_100_LogonActivityDownload	1645189653429	1645189653963	532	OK
USER	LAU Simulation	1	END	1645189606267	1645189658962
USER	LAU Simulation	2	START	1645189806318	1645189806318
REQUEST	2	LAU_020_Homepage	LAU Homepage	1645189806369	1645189806547	OK	 
REQUEST	2	LAU_020_Homepage	LAU Homepage Redirect 1	1645189806551	1645189806575	OK	 
REQUEST	2	LAU_020_Homepage	LAU Homepage Redirect 2	1645189806576	1645189806646	OK	 
GROUP	2	LAU_020_Homepage	1645189806353	1645189806935	497	OK
REQUEST	2	LAU_030_Login	LAU Login	1645189811995	1645189812939	OK	 
REQUEST	2	LAU_030_Login	LAU Login Redirect 1	1645189812977	1645189813638	OK	 
REQUEST	2	LAU_030_Login	LAU Login Redirect 2	1645189813648	1645189813712	OK	 
GROUP	2	LAU_030_Login	1645189811980	1645189814056	1986	OK
REQUEST	2	LAU_040_CaseAuditSearch	LAU Case Audit Search	1645189819071	1645189820188	OK	 
REQUEST	2	LAU_040_CaseAuditSearch	LAU Case Audit Search Redirect 1	1645189820198	1645189820335	OK	 
GROUP	2	LAU_040_CaseAuditSearch	1645189819053	1645189820629	1509	OK
REQUEST	2	LAU_050_CaseAuditPage2	LAU Case Audit Page 2	1645189825640	1645189826227	OK	 
REQUEST	2	LAU_050_CaseAuditPage2	LAU Case Audit Page 2 Redirect 1	1645189826228	1645189826367	OK	 
GROUP	2	LAU_050_CaseAuditPage2	1645189825639	1645189826687	1039	OK
REQUEST	2	LAU_060_CaseActivityDownload	Case Activity CSV Download	1645189831679	1645189832232	OK	 
GROUP	2	LAU_060_CaseActivityDownload	1645189831678	1645189832234	553	OK
REQUEST	2	LAU_070_CaseSearchDownload	Case Search CSV Download	1645189837240	1645189837909	OK	 
GROUP	2	LAU_070_CaseSearchDownload	1645189837239	1645189837911	669	OK
REQUEST	2	LAU_080_LogonAuditSearch	LAU Logon Audit Search	1645189842912	1645189843683	OK	 
REQUEST	2	LAU_080_LogonAuditSearch	LAU Logon Audit Search Redirect 1	1645189843684	1645189843790	OK	 
GROUP	2	LAU_080_LogonAuditSearch	1645189842911	1645189844249	1255	OK
REQUEST	2	LAU_090_LogonAuditPage2	LAU Logon Audit Page 2	1645189849249	1645189849983	OK	 
REQUEST	2	LAU_090_LogonAuditPage2	LAU Logon Audit Page 2 Redirect 1	1645189849983	1645189850097	OK	 
GROUP	2	LAU_090_LogonAuditPage2	1645189849249	1645189850330	1074	OK
REQUEST	2	LAU_100_LogonActivityDownload	Logon Activity CSV Download	1645189855340	1645189855853	OK	 
GROUP	2	LAU_100_LogonActivityDownload	1645189855339	1645189855854	513	OK
USER	LAU Simulation	2	END	1645189806318	1645189860852
USER	LAU Simulation	3	START	1645190006280	1645190006280
REQUEST	3	LAU_020_Homepage	LAU Homepage	1645190006292	1645190006412	OK	 
REQUEST	3	LAU_020_Homepage	LAU Homepage Redirect 1	1645190006413	1645190006431	OK	 
REQUEST	3	LAU_020_Homepage	LAU Homepage Redirect 2	1645190006431	1645190006490	OK	 
GROUP	3	LAU_020_Homepage	1645190006288	1645190006631	325	OK
REQUEST	3	LAU_030_Login	LAU Login	1645190011650	1645190012387	OK	 
REQUEST	3	LAU_030_Login	LAU Login Redirect 1	1645190012389	1645190013103	OK	 
REQUEST	3	LAU_030_Login	LAU Login Redirect 2	1645190013104	1645190013147	OK	 
GROUP	3	LAU_030_Login	1645190011649	1645190013470	1815	OK
REQUEST	3	LAU_040_CaseAuditSearch	LAU Case Audit Search	1645190018479	1645190019621	OK	 
REQUEST	3	LAU_040_CaseAuditSearch	LAU Case Audit Search Redirect 1	1645190019622	1645190019732	OK	 
GROUP	3	LAU_040_CaseAuditSearch	1645190018479	1645190019990	1501	OK
REQUEST	3	LAU_050_CaseAuditPage2	LAU Case Audit Page 2	1645190024990	1645190025493	OK	 
REQUEST	3	LAU_050_CaseAuditPage2	LAU Case Audit Page 2 Redirect 1	1645190025494	1645190025581	OK	 
GROUP	3	LAU_050_CaseAuditPage2	1645190024990	1645190025904	906	OK
REQUEST	3	LAU_060_CaseActivityDownload	Case Activity CSV Download	1645190030901	1645190031544	OK	 
GROUP	3	LAU_060_CaseActivityDownload	1645190030900	1645190031546	643	OK
REQUEST	3	LAU_070_CaseSearchDownload	Case Search CSV Download	1645190036540	1645190036866	OK	 
GROUP	3	LAU_070_CaseSearchDownload	1645190036539	1645190036869	326	OK
REQUEST	3	LAU_080_LogonAuditSearch	LAU Logon Audit Search	1645190041870	1645190042696	OK	 
REQUEST	3	LAU_080_LogonAuditSearch	LAU Logon Audit Search Redirect 1	1645190042697	1645190042803	OK	 
GROUP	3	LAU_080_LogonAuditSearch	1645190041870	1645190043072	1191	OK
REQUEST	3	LAU_090_LogonAuditPage2	LAU Logon Audit Page 2	1645190048080	1645190048595	OK	 
REQUEST	3	LAU_090_LogonAuditPage2	LAU Logon Audit Page 2 Redirect 1	1645190048596	1645190048704	OK	 
GROUP	3	LAU_090_LogonAuditPage2	1645190048080	1645190048966	875	OK
REQUEST	3	LAU_100_LogonActivityDownload	Logon Activity CSV Download	1645190053959	1645190054372	OK	 
GROUP	3	LAU_100_LogonActivityDownload	1645190053959	1645190054374	413	OK
USER	LAU Simulation	3	END	1645190006280	1645190059369
