RUN	simulations.mainSimulation	mainsimulation	1646749382014	 	3.3.1
USER	LAU Simulation	1	START	1646749382525	1646749382525
REQUEST	1	adoption_010_Homepage	Adoption Homepage	1646749382550	1646749382616	OK	 
REQUEST	1	adoption_010_Homepage	Adoption Homepage Redirect 1	1646749382636	1646749382665	OK	 
REQUEST	1	adoption_010_Homepage	Adoption Homepage Redirect 2	1646749382666	1646749382741	OK	 
GROUP	1	adoption_010_Homepage	1646749382532	1646749382956	309	OK
REQUEST	1	Adoption_020_Login	Adoption Login	1646749384987	1646749385178	OK	 
REQUEST	1	Adoption_020_Login	Adoption Login Redirect 1	1646749385183	1646749385635	OK	 
REQUEST	1	Adoption_020_Login	Adoption Login Redirect 2	1646749385636	1646749385944	OK	 
REQUEST	1	Adoption_020_Login	Adoption Login Redirect 3	1646749385946	1646749386025	OK	 
GROUP	1	Adoption_020_Login	1646749384982	1646749386127	1121	OK
REQUEST	1	Adoption_030_Apply_With	Adoption Applying With	1646749388122	1646749388205	OK	 
GROUP	1	Adoption_030_Apply_With	1646749388121	1646749388259	130	OK
REQUEST	1	Adoption_040_Adoption_Applying_Post	Adoption Applying Post	1646749390262	1646749390959	OK	 
REQUEST	1	Adoption_040_Adoption_Applying_Post	Adoption Applying Post Redirect 1	1646749390961	1646749391129	OK	 
GROUP	1	Adoption_040_Adoption_Applying_Post	1646749390260	1646749391174	905	OK
REQUEST	1	Adoption_050_Adoption_Applying_With_Redirect	Adoption Applying With Redirect	1646749393183	1646749393232	OK	 
GROUP	1	Adoption_050_Adoption_Applying_With_Redirect	1646749393182	1646749393280	92	OK
REQUEST	1	Adoption_060_Date_Of_Move	Adoption Date Child Moved in 	1646749395283	1646749395333	OK	 
GROUP	1	Adoption_060_Date_Of_Move	1646749395282	1646749395387	99	OK
REQUEST	1	Adoption_070_Date_Of_Move_POST	Adoption Date Child Moved in Post	1646749397382	1646749397918	OK	 
REQUEST	1	Adoption_070_Date_Of_Move_POST	Adoption Date Child Moved in Post Redirect 1	1646749397920	1646749397962	OK	 
REQUEST	1	Adoption_070_Date_Of_Move_POST,Adoption_050_Adoption_Applying_With_Redirect	Adoption Applying With Redirect	1646749398005	1646749398041	OK	 
GROUP	1	Adoption_070_Date_Of_Move_POST,Adoption_050_Adoption_Applying_With_Redirect	1646749398005	1646749398088	77	OK
GROUP	1	Adoption_070_Date_Of_Move_POST	1646749397381	1646749400092	693	OK
REQUEST	1	Adoption_080_Your_Details	Adoption Your Personal Details 	1646749402092	1646749402198	OK	 
GROUP	1	Adoption_080_Your_Details	1646749402091	1646749402239	142	OK
REQUEST	1	Adoption_090_Your_Details_POST	Adoption Your Personal Details Post	1646749404233	1646749404784	OK	 
REQUEST	1	Adoption_090_Your_Details_POST	Adoption Your Personal Details Post Redirect 1	1646749404785	1646749404897	OK	 
GROUP	1	Adoption_090_Your_Details_POST	1646749404232	1646749404943	705	OK
REQUEST	1	Adoption_100_Your_Details_Other_Name	Adoption Your Personal Details Other Name	1646749406952	1646749407338	OK	 
REQUEST	1	Adoption_100_Your_Details_Other_Name	Adoption Your Personal Details Other Name Redirect 1	1646749407340	1646749407392	OK	 
GROUP	1	Adoption_100_Your_Details_Other_Name	1646749406951	1646749407438	479	OK
REQUEST	1	Adoption_110_Your_Details_DoB	Adoption Your Personal Details DoB	1646749409431	1646749409480	OK	 
GROUP	1	Adoption_110_Your_Details_DoB	1646749409430	1646749409524	89	OK
REQUEST	1	Adoption_120_Your_Details_DoB_POST	Adoption Your Personal Details DoB POST	1646749411532	1646749411848	OK	 
REQUEST	1	Adoption_120_Your_Details_DoB_POST	Adoption Your Personal Details DoB POST Redirect 1	1646749411849	1646749411909	OK	 
GROUP	1	Adoption_120_Your_Details_DoB_POST	1646749411531	1646749411958	413	OK
REQUEST	1	Adoption_130_Your_Details_Occupation	Adoption Your Personal Details Occupation	1646749413952	1646749414132	OK	 
REQUEST	1	Adoption_130_Your_Details_Occupation	Adoption Your Personal Details Occupation Redirect 1	1646749414134	1646749414168	OK	 
GROUP	1	Adoption_130_Your_Details_Occupation	1646749413952	1646749414253	295	OK
USER	LAU Simulation	1	END	1646749382525	1646749416264
