RUN	simulations.mainSimulation	mainsimulation	1646989695630	 	3.3.1
USER	LAU Simulation	1	START	1646989698016	1646989698016
REQUEST	1	AD_010_Homepage	Adoption Homepage	1646989698042	1646989701488	OK	 
REQUEST	1	AD_010_Homepage	Adoption Homepage Redirect 1	1646989701508	1646989701547	OK	 
REQUEST	1	AD_010_Homepage	Adoption Homepage Redirect 2	1646989701549	1646989701692	OK	 
GROUP	1	AD_010_Homepage	1646989698024	1646989703124	4970	OK
REQUEST	1	AD_020_Login	Adoption Login	1646989704144	1646989704446	OK	 
REQUEST	1	AD_020_Login	Adoption Login Redirect 1	1646989704449	1646989704953	OK	 
REQUEST	1	AD_020_Login	Adoption Login Redirect 2	1646989704955	1646989706390	OK	 
REQUEST	1	AD_020_Login	Adoption Login Redirect 3	1646989706392	1646989706539	OK	 
GROUP	1	AD_020_Login	1646989704140	1646989708476	4315	OK
REQUEST	1	AD_030_Apply_With	Adoption Applying With	1646989709480	1646989709666	OK	 
GROUP	1	AD_030_Apply_With	1646989709479	1646989709790	304	OK
REQUEST	1	AD_040_Adoption_Applying_Post	Adoption Applying Post	1646989710800	1646989711406	OK	 
REQUEST	1	AD_040_Adoption_Applying_Post	Adoption Applying Post Redirect 1	1646989711407	1646989711495	OK	 
GROUP	1	AD_040_Adoption_Applying_Post	1646989710799	1646989711554	749	OK
REQUEST	1	AD_050_Adoption_Applying_With_Redirect	Adoption Applying With Redirect	1646989712552	1646989712690	OK	 
GROUP	1	AD_050_Adoption_Applying_With_Redirect	1646989712551	1646989712807	249	OK
REQUEST	1	AD_060_Date_Of_Move	Adoption Date Child Moved in 	1646989713802	1646989713883	OK	 
GROUP	1	AD_060_Date_Of_Move	1646989713801	1646989713943	136	OK
REQUEST	1	AD_070_Date_Of_Move_POST	Adoption Date Child Moved in Post	1646989714950	1646989715705	OK	 
REQUEST	1	AD_070_Date_Of_Move_POST	Adoption Date Child Moved in Post Redirect 1	1646989715707	1646989715811	OK	 
GROUP	1	AD_070_Date_Of_Move_POST	1646989714949	1646989715870	913	OK
REQUEST	1	Adoption_080_Your_Details	Adoption Your Personal Details 	1646989715871	1646989715955	OK	 
GROUP	1	Adoption_080_Your_Details	1646989715870	1646989716040	165	OK
REQUEST	1	Adoption_090_Your_Details_POST	Adoption Your Personal Details Post	1646989717041	1646989717449	OK	 
REQUEST	1	Adoption_090_Your_Details_POST	Adoption Your Personal Details Post Redirect 1	1646989717451	1646989717523	OK	 
GROUP	1	Adoption_090_Your_Details_POST	1646989717040	1646989717580	533	OK
REQUEST	1	Adoption_100_Your_Details_Other_Name	Adoption Your Personal Details Other Name	1646989718580	1646989718837	OK	 
REQUEST	1	Adoption_100_Your_Details_Other_Name	Adoption Your Personal Details Other Name Redirect 1	1646989718839	1646989718908	OK	 
GROUP	1	Adoption_100_Your_Details_Other_Name	1646989718579	1646989718975	388	OK
REQUEST	1	Adoption_110_Your_Details_DoB	Adoption Your Personal Details DoB	1646989719971	1646989720097	OK	 
GROUP	1	Adoption_110_Your_Details_DoB	1646989719970	1646989720282	307	OK
REQUEST	1	Adoption_120_Your_Details_DoB_POST	Adoption Your Personal Details DoB POST	1646989721292	1646989721824	OK	 
REQUEST	1	Adoption_120_Your_Details_DoB_POST	Adoption Your Personal Details DoB POST Redirect 1	1646989721825	1646989722043	OK	 
GROUP	1	Adoption_120_Your_Details_DoB_POST	1646989721291	1646989722264	968	OK
REQUEST	1	Adoption_130_Your_Details_Occupation	Adoption Your Personal Details Occupation	1646989723259	1646989723695	OK	 
REQUEST	1	Adoption_130_Your_Details_Occupation	Adoption Your Personal Details Occupation Redirect 1	1646989723697	1646989724107	OK	 
GROUP	1	Adoption_130_Your_Details_Occupation	1646989723258	1646989724906	1640	OK
REQUEST	1	Adoption_140_Your_Contact_Details	Adoption Your Contact Details LookUp	1646989725902	1646989726076	OK	 
GROUP	1	Adoption_140_Your_Contact_Details	1646989725902	1646989726145	239	OK
REQUEST	1	Adoption_150_Your_Contact_Details_Manual	Adoption Your Contact Details Manual	1646989727151	1646989727340	OK	 
GROUP	1	Adoption_150_Your_Contact_Details_Manual	1646989727150	1646989727428	273	OK
REQUEST	1	Adoption_160_Your_Contact_Details_Manual_POST	Adoption Your Contact Details Manual POST	1646989728421	1646989729060	OK	 
REQUEST	1	Adoption_160_Your_Contact_Details_Manual_POST	Adoption Your Contact Details Manual POST Redirect 1	1646989729061	1646989729805	OK	 
GROUP	1	Adoption_160_Your_Contact_Details_Manual_POST	1646989728420	1646989729939	1513	OK
REQUEST	1	Adoption_170_Your_Contact_Details_POST	Adoption Your Contact Details POST	1646989730952	1646989731159	OK	 
REQUEST	1	Adoption_170_Your_Contact_Details_POST	Adoption Your Contact Details POST Redirect 1	1646989731161	1646989731289	OK	 
GROUP	1	Adoption_170_Your_Contact_Details_POST	1646989730951	1646989731339	381	OK
REQUEST	1	Adoption_180_Second_Personal_Details	Adoption Second Personal Details	1646989732342	1646989732427	OK	 
GROUP	1	Adoption_180_Second_Personal_Details	1646989732341	1646989732480	134	OK
REQUEST	1	Adoption_190_Second_Personal_Details_POST	Adoption Second Personal Details POST	1646989733481	1646989733676	OK	 
REQUEST	1	Adoption_190_Second_Personal_Details_POST	Adoption Second Personal Details POST Redirect 1	1646989733678	1646989733762	OK	 
GROUP	1	Adoption_190_Second_Personal_Details_POST	1646989733480	1646989733809	323	OK
REQUEST	1	Adoption_200_Second_Other_Name	Adoption Second Other Name	1646989734811	1646989735164	OK	 
REQUEST	1	Adoption_200_Second_Other_Name	Adoption Second Other Name Redirect 1	1646989735166	1646989735344	OK	 
GROUP	1	Adoption_200_Second_Other_Name	1646989734810	1646989735495	678	OK
REQUEST	1	Adoption_210_Second_Other_Name_Redirect	Adoption Second Other Name Redirect	1646989736491	1646989737008	OK	 
REQUEST	1	Adoption_210_Second_Other_Name_Redirect	Adoption Second Other Name Redirect Redirect 1	1646989737009	1646989737088	OK	 
GROUP	1	Adoption_210_Second_Other_Name_Redirect	1646989736490	1646989737137	642	OK
REQUEST	1	Adoption_220_Second_DoB	Adoption Second DoB	1646989738130	1646989738646	OK	 
REQUEST	1	Adoption_220_Second_DoB	Adoption Second DoB Redirect 1	1646989738648	1646989738746	OK	 
GROUP	1	Adoption_220_Second_DoB	1646989738130	1646989738805	670	OK
REQUEST	1	Adoption_230_Second_Occupation	Adoption Second Occupation	1646989739811	1646989740076	OK	 
REQUEST	1	Adoption_230_Second_Occupation	Adoption Second Occupation Redirect 1	1646989740077	1646989740172	OK	 
GROUP	1	Adoption_230_Second_Occupation	1646989739810	1646989740219	403	OK
REQUEST	1	Adoption_240_Second_Contact_Details_Same_Address	Adoption Second Contact Details Same-Address	1646989741230	1646989741294	OK	 
GROUP	1	Adoption_240_Second_Contact_Details_Same_Address	1646989741230	1646989741361	127	OK
REQUEST	1	Adoption_250_Second_Contact_Details_Same_Address_POST	Adoption Second Contact Details Same-Address POST	1646989742351	1646989742566	OK	 
REQUEST	1	Adoption_250_Second_Contact_Details_Same_Address_POST	Adoption Second Contact Details Same-Address POST Redirect 1	1646989742568	1646989742646	OK	 
GROUP	1	Adoption_250_Second_Contact_Details_Same_Address_POST	1646989742350	1646989742703	346	OK
REQUEST	1	Adoption_260_Second_Contact_Details_Manual_Redirect	Adoption Second Contact Details manual redirect	1646989743711	1646989743795	OK	 
GROUP	1	Adoption_260_Second_Contact_Details_Manual_Redirect	1646989743710	1646989743845	130	OK
REQUEST	1	Adoption_270_Second_Contact_Details_Manual_POST	Adoption Second Contact Details manual POST	1646989744840	1646989745405	OK	 
REQUEST	1	Adoption_270_Second_Contact_Details_Manual_POST	Adoption Second Contact Details manual POST Redirect 1	1646989745407	1646989745502	OK	 
GROUP	1	Adoption_270_Second_Contact_Details_Manual_POST	1646989744839	1646989745576	730	OK
REQUEST	1	Adoption_280_Second_Contact_Details__POST	Adoption Second Contact Details POST	1646989746570	1646989746998	OK	 
REQUEST	1	Adoption_280_Second_Contact_Details__POST	Adoption Second Contact Details POST Redirect 1	1646989747000	1646989747096	OK	 
GROUP	1	Adoption_280_Second_Contact_Details__POST	1646989746570	1646989747275	699	OK
REQUEST	1	adoption_290_Birth_Certificate	Adoption Birth Certificate Details	1646989748279	1646989748464	OK	 
GROUP	1	adoption_290_Birth_Certificate	1646989748279	1646989748641	359	OK
REQUEST	1	adoption_300_Birth_Certificate_Name	Adoption Birth Certificate Name	1646989749650	1646989749910	OK	 
REQUEST	1	adoption_300_Birth_Certificate_Name	Adoption Birth Certificate Name Redirect 1	1646989749912	1646989750039	OK	 
GROUP	1	adoption_300_Birth_Certificate_Name	1646989749649	1646989750089	434	OK
REQUEST	1	adoption_320_Birth_Certificate_DoB	Adoption Birth Certificate DoB	1646989751090	1646989751292	OK	 
REQUEST	1	adoption_320_Birth_Certificate_DoB	Adoption Birth Certificate DoB Redirect 1	1646989751293	1646989751393	OK	 
GROUP	1	adoption_320_Birth_Certificate_DoB	1646989751090	1646989751442	347	OK
REQUEST	1	adoption_330_Birth_Certificate_Sex	Adoption Birth Certificate Sex	1646989752441	1646989753082	OK	 
REQUEST	1	adoption_330_Birth_Certificate_Sex	Adoption Birth Certificate Sex Redirect 1	1646989753084	1646989754158	OK	 
GROUP	1	adoption_330_Birth_Certificate_Sex	1646989752440	1646989754210	1764	OK
REQUEST	1	adoption_340_Birth_Certificate_Nationality_Add	Adoption Birth Certificate Nationality Add	1646989755210	1646989755642	OK	 
REQUEST	1	adoption_340_Birth_Certificate_Nationality_Add	Adoption Birth Certificate Nationality Add Redirect 1	1646989755643	1646989755757	OK	 
GROUP	1	adoption_340_Birth_Certificate_Nationality_Add	1646989755209	1646989755821	607	OK
REQUEST	1	adoption_350_Birth_Certificate_Nationality_POST	Adoption Birth Certificate Nationality POST	1646989756821	1646989757385	OK	 
REQUEST	1	adoption_350_Birth_Certificate_Nationality_POST	Adoption Birth Certificate Nationality POST Redirect 1	1646989757387	1646989757477	OK	 
GROUP	1	adoption_350_Birth_Certificate_Nationality_POST	1646989756820	1646989757796	969	OK
REQUEST	1	adoption_360_Certificate_Details	Adoption Certificate Details	1646989758790	1646989758865	OK	 
GROUP	1	adoption_360_Certificate_Details	1646989758789	1646989759217	423	OK
REQUEST	1	adoption_370_Certificate_Details_Name	Adoption Certificate Details Name	1646989760221	1646989760541	OK	 
REQUEST	1	adoption_370_Certificate_Details_Name	Adoption Certificate Details Name Redirect 1	1646989760543	1646989760895	OK	 
GROUP	1	adoption_370_Certificate_Details_Name	1646989760221	1646989762029	798	OK
REQUEST	1	adoption_380_Placement_Order	Adoption Placement Order Details	1646989762030	1646989762399	OK	 
GROUP	1	adoption_380_Placement_Order	1646989762029	1646989762530	495	OK
REQUEST	1	adoption_390_Certificate_Placement_Order_Number	Adoption Placement Order Number	1646989763529	1646989763721	OK	 
REQUEST	1	adoption_390_Certificate_Placement_Order_Number	Adoption Placement Order Number Redirect 1	1646989763722	1646989764182	OK	 
GROUP	1	adoption_390_Certificate_Placement_Order_Number	1646989763529	1646989764617	1084	OK
REQUEST	1	adoption_400_Certificate_Placement_Court	Adoption Placement Court	1646989765621	1646989765845	OK	 
REQUEST	1	adoption_400_Certificate_Placement_Court	Adoption Placement Court Redirect 1	1646989765847	1646989766127	OK	 
GROUP	1	adoption_400_Certificate_Placement_Court	1646989765620	1646989766180	554	OK
REQUEST	1	adoption_410_Certificate_Placement_Date	Adoption Placement Date	1646989767180	1646989767525	OK	 
REQUEST	1	adoption_410_Certificate_Placement_Date	Adoption Placement Date Redirect 1	1646989767526	1646989767833	OK	 
GROUP	1	adoption_410_Certificate_Placement_Date	1646989767179	1646989767887	703	OK
REQUEST	1	adoption_420_Certificate_Placement_Summary	Adoption Placement Summary	1646989768880	1646989769082	OK	 
REQUEST	1	adoption_420_Certificate_Placement_Summary	Adoption Placement Summary Redirect 1	1646989769083	1646989769275	OK	 
REQUEST	1	adoption_420_Certificate_Placement_Summary	Adoption Placement Summary Redirect 2	1646989769276	1646989769507	OK	 
GROUP	1	adoption_420_Certificate_Placement_Summary	1646989768879	1646989769603	718	OK
REQUEST	1	adoption_430_Certificate_Placement_Type_2	Adoption Placement Type 2	1646989770611	1646989771005	OK	 
REQUEST	1	adoption_430_Certificate_Placement_Type_2	Adoption Placement Type 2 Redirect 1	1646989771007	1646989771539	OK	 
GROUP	1	adoption_430_Certificate_Placement_Type_2	1646989770611	1646989771768	1152	OK
REQUEST	1	adoption_440_Certificate_Placement_Order_Number_2	Adoption Placement Order Number 2	1646989772761	1646989773258	OK	 
REQUEST	1	adoption_440_Certificate_Placement_Order_Number_2	Adoption Placement Order Number 2 Redirect 1	1646989773260	1646989773479	OK	 
GROUP	1	adoption_440_Certificate_Placement_Order_Number_2	1646989772761	1646989773529	761	OK
REQUEST	1	adoption_450_Certificate_Placement_Court_2	Adoption Placement Court 2	1646989774542	1646989774779	OK	 
REQUEST	1	adoption_450_Certificate_Placement_Court_2	Adoption Placement Court 2 Redirect 1	1646989774781	1646989775125	OK	 
GROUP	1	adoption_450_Certificate_Placement_Court_2	1646989774541	1646989775272	725	OK
REQUEST	1	adoption_460_Certificate_Placement_Date_2	Adoption Placement Date 2	1646989776269	1646989776590	OK	 
REQUEST	1	adoption_460_Certificate_Placement_Date_2	Adoption Placement Date 2 Redirect 1	1646989776591	1646989776966	OK	 
GROUP	1	adoption_460_Certificate_Placement_Date_2	1646989776268	1646989777128	855	OK
REQUEST	1	adoption_470_Certificate_Placement_Summary_2	Adoption Placement Summary 2	1646989778121	1646989778311	OK	 
REQUEST	1	adoption_470_Certificate_Placement_Summary_2	Adoption Placement Summary 2 Redirect 1	1646989778312	1646989778388	OK	 
GROUP	1	adoption_470_Certificate_Placement_Summary_2	1646989778120	1646989778447	321	OK
REQUEST	1	adoption_480_Birth_Mother	Adoption Mother's Details	1646989779449	1646989779549	OK	 
GROUP	1	adoption_480_Birth_Mother	1646989779449	1646989779621	169	OK
REQUEST	1	adoption_490_Birth_Mother_Name	Adoption Mother's Name	1646989780630	1646989780936	OK	 
REQUEST	1	adoption_490_Birth_Mother_Name	Adoption Mother's Name Redirect 1	1646989780937	1646989781005	OK	 
GROUP	1	adoption_490_Birth_Mother_Name	1646989780630	1646989781057	424	OK
REQUEST	1	adoption_495_Birth_Mother	Adoption Mother's Details	1646989782049	1646989782126	OK	 
GROUP	1	adoption_495_Birth_Mother	1646989782049	1646989782175	122	OK
REQUEST	1	adoption_500_Birth_Mother_Alive	Adoption Mother Still Alive?	1646989783179	1646989783375	OK	 
REQUEST	1	adoption_500_Birth_Mother_Alive	Adoption Mother Still Alive? Redirect 1	1646989783376	1646989783456	OK	 
GROUP	1	adoption_500_Birth_Mother_Alive	1646989783178	1646989783508	326	OK
REQUEST	1	adoption_510_Birth_Mother_Nationality_Add	Adoption Mother's Nationality Add	1646989784501	1646989784714	OK	 
REQUEST	1	adoption_510_Birth_Mother_Nationality_Add	Adoption Mother's Nationality Add Redirect 1	1646989784715	1646989784793	OK	 
GROUP	1	adoption_510_Birth_Mother_Nationality_Add	1646989784500	1646989784844	339	OK
REQUEST	1	adoption_520_Birth_Mother_Nationality_POSt	Adoption Mother's Nationality	1646989785851	1646989786301	OK	 
REQUEST	1	adoption_520_Birth_Mother_Nationality_POSt	Adoption Mother's Nationality Redirect 1	1646989786302	1646989786377	OK	 
GROUP	1	adoption_520_Birth_Mother_Nationality_POSt	1646989785850	1646989786429	574	OK
REQUEST	1	adoption_530_Birth_Mother_Occupation	Adoption Mother's Occupation	1646989787430	1646989787881	OK	 
REQUEST	1	adoption_530_Birth_Mother_Occupation	Adoption Mother's Occupation Redirect 1	1646989787882	1646989787980	OK	 
GROUP	1	adoption_530_Birth_Mother_Occupation	1646989787429	1646989788129	695	OK
REQUEST	1	adoption_535_Birth_Mother_Occupation_Redirect	Adoption Mother's Details Redirect	1646989789141	1646989789310	OK	 
GROUP	1	adoption_535_Birth_Mother_Occupation_Redirect	1646989789140	1646989789460	316	OK
REQUEST	1	adoption_540_Birth_Mother_Occupation	Adoption Mother's Address Known	1646989790459	1646989790683	OK	 
REQUEST	1	adoption_540_Birth_Mother_Occupation	Adoption Mother's Address Known Redirect 1	1646989790684	1646989790752	OK	 
GROUP	1	adoption_540_Birth_Mother_Occupation	1646989790459	1646989790797	336	OK
REQUEST	1	adoption_550_Birth_Mother_Address_Manual	Adoption Mother's Address Manual	1646989791791	1646989791883	OK	 
GROUP	1	adoption_550_Birth_Mother_Address_Manual	1646989791791	1646989791932	138	OK
REQUEST	1	adoption_560_Birth_Mother_Address_POST	Adoption Mother's Address	1646989792929	1646989793162	OK	 
REQUEST	1	adoption_560_Birth_Mother_Address_POST	Adoption Mother's Address Redirect 1	1646989793164	1646989793254	OK	 
GROUP	1	adoption_560_Birth_Mother_Address_POST	1646989792929	1646989793310	376	OK
REQUEST	1	adoption_570_Birth_Father_Details	Adoption Father's Details	1646989794321	1646989794420	OK	 
GROUP	1	adoption_570_Birth_Father_Details	1646989794321	1646989794470	146	OK
REQUEST	1	adoption_580_Birth_Father_Details_POST	Adoption Father's Details On Certificate	1646989795471	1646989795889	OK	 
REQUEST	1	adoption_580_Birth_Father_Details_POST	Adoption Father's Details On Certificate Redirect 1	1646989795890	1646989795996	OK	 
GROUP	1	adoption_580_Birth_Father_Details_POST	1646989795470	1646989796094	620	OK
REQUEST	1	adoption_590_Birth_Father_Name	Adoption Father's Name	1646989797091	1646989797529	OK	 
REQUEST	1	adoption_590_Birth_Father_Name	Adoption Father's Name Redirect 1	1646989797530	1646989797613	OK	 
GROUP	1	adoption_590_Birth_Father_Name	1646989797090	1646989797667	572	OK
REQUEST	1	adoption_600_Birth_Father_Alive	Adoption Father Still alive?	1646989798661	1646989799063	OK	 
REQUEST	1	adoption_600_Birth_Father_Alive	Adoption Father Still alive? Redirect 1	1646989799065	1646989799183	OK	 
GROUP	1	adoption_600_Birth_Father_Alive	1646989798661	1646989799277	612	OK
REQUEST	1	adoption_610_Birth_Father_Nationality_Add	Adoption Father add Nationality	1646989800279	1646989801006	OK	 
REQUEST	1	adoption_610_Birth_Father_Nationality_Add	Adoption Father add Nationality Redirect 1	1646989801007	1646989801276	OK	 
GROUP	1	adoption_610_Birth_Father_Nationality_Add	1646989800279	1646989801367	1084	OK
REQUEST	1	adoption_620_Birth_Father_Nationality_POST	Adoption Father's Nationality	1646989802371	1646989802643	OK	 
REQUEST	1	adoption_620_Birth_Father_Nationality_POST	Adoption Father's Nationality Redirect 1	1646989802644	1646989802824	OK	 
GROUP	1	adoption_620_Birth_Father_Nationality_POST	1646989802370	1646989802985	611	OK
REQUEST	1	adoption_630_Birth_Father_Occupation	Adoption Father's Occupation	1646989803981	1646989804239	OK	 
REQUEST	1	adoption_630_Birth_Father_Occupation	Adoption Father's Occupation Redirect 1	1646989804240	1646989804305	OK	 
GROUP	1	adoption_630_Birth_Father_Occupation	1646989803980	1646989804362	377	OK
REQUEST	1	adoption_640_Birth_Father_Occupation_Address_Known	Adoption Father's Address Known?	1646989805371	1646989805576	OK	 
REQUEST	1	adoption_640_Birth_Father_Occupation_Address_Known	Adoption Father's Address Known? Redirect 1	1646989805577	1646989805654	OK	 
GROUP	1	adoption_640_Birth_Father_Occupation_Address_Known	1646989805371	1646989805734	359	OK
REQUEST	1	adoption_640_Birth_Father_Occupation_Address_Manual	Adoption Father's Address Manual	1646989806729	1646989806855	OK	 
GROUP	1	adoption_640_Birth_Father_Occupation_Address_Manual	1646989806729	1646989806921	190	OK
REQUEST	1	adoption_640_Birth_Father_Occupation_Address_POST	Adoption Father's Address	1646989807929	1646989808183	OK	 
REQUEST	1	adoption_640_Birth_Father_Occupation_Address_POST	Adoption Father's Address Redirect 1	1646989808184	1646989808324	OK	 
GROUP	1	adoption_640_Birth_Father_Occupation_Address_POST	1646989807929	1646989808391	458	OK
REQUEST	1	adoption_650_Other_Parent_Exists	Adoption Other Parent	1646989809390	1646989809597	OK	 
GROUP	1	adoption_650_Other_Parent_Exists	1646989809390	1646989809953	561	OK
REQUEST	1	adoption_660_Other_Parent_Exists_POST	Adoption Other Parent Exists	1646989810950	1646989811351	OK	 
REQUEST	1	adoption_660_Other_Parent_Exists_POST	Adoption Other Parent Exists Redirect 1	1646989811353	1646989811423	OK	 
GROUP	1	adoption_660_Other_Parent_Exists_POST	1646989810950	1646989811473	518	OK
REQUEST	1	adoption_670_Other_Parent_Name	Adoption Other Parent Name	1646989812469	1646989812987	OK	 
REQUEST	1	adoption_670_Other_Parent_Name	Adoption Other Parent Name Redirect 1	1646989812988	1646989813071	OK	 
GROUP	1	adoption_670_Other_Parent_Name	1646989812469	1646989813136	663	OK
REQUEST	1	adoption_680_Other_Parent_Address_Known?	Adoption Other Parent Address known?	1646989814139	1646989814396	OK	 
REQUEST	1	adoption_680_Other_Parent_Address_Known?	Adoption Other Parent Address known? Redirect 1	1646989814397	1646989814456	OK	 
GROUP	1	adoption_680_Other_Parent_Address_Known?	1646989814139	1646989814536	393	OK
REQUEST	1	adoption_690_Other_Parent_Address_Manual	Adoption Other Parent Address Manual	1646989815531	1646989815652	OK	 
GROUP	1	adoption_690_Other_Parent_Address_Manual	1646989815530	1646989815779	246	OK
REQUEST	1	adoption_700_Other_Parent_Address_POST	Adoption Other Parent Address Manual	1646989816789	1646989817186	OK	 
REQUEST	1	adoption_700_Other_Parent_Address_POST	Adoption Other Parent Address Manual Redirect 1	1646989817187	1646989817365	OK	 
GROUP	1	adoption_700_Other_Parent_Address_POST	1646989816789	1646989817556	764	OK
REQUEST	1	adoption_710_Agency	Adoption Agency	1646989818550	1646989818743	OK	 
REQUEST	1	adoption_710_Agency	Adoption Agency Redirect 1	1646989818744	1646989818965	OK	 
GROUP	1	adoption_710_Agency	1646989818550	1646989819015	462	OK
REQUEST	1	adoption_720_Agency_Details	Adoption Agency Details	1646989820011	1646989820208	OK	 
REQUEST	1	adoption_720_Agency_Details	Adoption Agency Details Redirect 1	1646989820209	1646989820320	OK	 
GROUP	1	adoption_720_Agency_Details	1646989820010	1646989820376	362	OK
REQUEST	1	adoption_730_Other_Agency	Adoption Other Agency?	1646989821379	1646989821573	OK	 
REQUEST	1	adoption_730_Other_Agency	Adoption Other Agency? Redirect 1	1646989821574	1646989821899	OK	 
REQUEST	1	adoption_730_Other_Agency	Adoption Other Agency? Redirect 2	1646989821900	1646989822118	OK	 
GROUP	1	adoption_730_Other_Agency	1646989821379	1646989822163	780	OK
REQUEST	1	adoption_740_Other_Agency_Details	Adoption Other Agency Details	1646989823171	1646989823397	OK	 
REQUEST	1	adoption_740_Other_Agency_Details	Adoption Other Agency Details Redirect 1	1646989823398	1646989823466	OK	 
GROUP	1	adoption_740_Other_Agency_Details	1646989823170	1646989823523	349	OK
REQUEST	1	adoption_750_Social_Worker_Details	Adoption Social Worker Details	1646989824520	1646989824868	OK	 
REQUEST	1	adoption_750_Social_Worker_Details	Adoption Social Worker Details Redirect 1	1646989824870	1646989824971	OK	 
GROUP	1	adoption_750_Social_Worker_Details	1646989824520	1646989825020	495	OK
REQUEST	1	adoption_760_Sibling_Details	Adoption Sibling Details	1646989826020	1646989826144	OK	 
GROUP	1	adoption_760_Sibling_Details	1646989826020	1646989826197	174	OK
REQUEST	1	adoption_770_Sibling_Other?	Adoption Any Sibling?	1646989827191	1646989827534	OK	 
REQUEST	1	adoption_770_Sibling_Other?	Adoption Any Sibling? Redirect 1	1646989827536	1646989827601	OK	 
GROUP	1	adoption_770_Sibling_Other?	1646989827190	1646989827650	455	OK
REQUEST	1	adoption_780_Sibling_Court_Order_Exists?	Adoption Court Order Exists?	1646989828661	1646989829276	OK	 
REQUEST	1	adoption_780_Sibling_Court_Order_Exists?	Adoption Court Order Exists? Redirect 1	1646989829278	1646989829539	OK	 
GROUP	1	adoption_780_Sibling_Court_Order_Exists?	1646989828661	1646989829626	960	OK
REQUEST	1	adoption_790_Sibling_Name?	Adoption Sibling Name	1646989830619	1646989830962	OK	 
REQUEST	1	adoption_790_Sibling_Name?	Adoption Sibling Name Redirect 1	1646989830963	1646989831157	OK	 
REQUEST	1	adoption_790_Sibling_Name?	Adoption Sibling Name Redirect 2	1646989831158	1646989831444	OK	 
GROUP	1	adoption_790_Sibling_Name?	1646989830619	1646989831626	1003	OK
REQUEST	1	adoption_800_Sibling_Order_Type	Adoption Order Type?	1646989832630	1646989832827	OK	 
REQUEST	1	adoption_800_Sibling_Order_Type	Adoption Order Type? Redirect 1	1646989832828	1646989833166	OK	 
GROUP	1	adoption_800_Sibling_Order_Type	1646989832629	1646989833270	637	OK
REQUEST	1	adoption_810_Sibling_Order_Number	Adoption Order Number	1646989834270	1646989834480	OK	 
REQUEST	1	adoption_810_Sibling_Order_Number	Adoption Order Number Redirect 1	1646989834482	1646989834577	OK	 
GROUP	1	adoption_810_Sibling_Order_Number	1646989834270	1646989834627	352	OK
REQUEST	1	adoption_820_Sibling_New_Order?	Adoption Add New Order?	1646989835619	1646989835839	OK	 
REQUEST	1	adoption_820_Sibling_New_Order?	Adoption Add New Order? Redirect 1	1646989835840	1646989835904	OK	 
GROUP	1	adoption_820_Sibling_New_Order?	1646989835618	1646989835958	334	OK
REQUEST	1	adoption_830_Sibling_Select	Adoption Select Sibling	1646989836969	1646989837362	OK	 
REQUEST	1	adoption_830_Sibling_Select	Adoption Select Sibling Redirect 1	1646989837363	1646989837623	OK	 
REQUEST	1	adoption_830_Sibling_Select	Adoption Select Sibling Redirect 2	1646989837624	1646989838048	OK	 
GROUP	1	adoption_830_Sibling_Select	1646989836969	1646989838126	1153	OK
REQUEST	1	adoption_840_Sibling_Select	Adoption Order Type	1646989839121	1646989839382	OK	 
REQUEST	1	adoption_840_Sibling_Select	Adoption Order Type Redirect 1	1646989839383	1646989839587	OK	 
GROUP	1	adoption_840_Sibling_Select	1646989839121	1646989839637	512	OK
REQUEST	1	adoption_850_Sibling_Select	Adoption Order Number	1646989840642	1646989840946	OK	 
REQUEST	1	adoption_850_Sibling_Select	Adoption Order Number Redirect 1	1646989840947	1646989841071	OK	 
GROUP	1	adoption_850_Sibling_Select	1646989840641	1646989841122	476	OK
REQUEST	1	adoption_855_Sibling_Select	Adoption Order Number	1646989842120	1646989842309	OK	 
REQUEST	1	adoption_855_Sibling_Select	Adoption Order Number Redirect 1	1646989842310	1646989842382	OK	 
GROUP	1	adoption_855_Sibling_Select	1646989842120	1646989842438	315	OK
REQUEST	1	adoption_860_Sibling_Select	Adoption Order Number	1646989842438	1646989842804	OK	 
REQUEST	1	adoption_860_Sibling_Select	Adoption Order Number Redirect 1	1646989842805	1646989843041	OK	 
GROUP	1	adoption_860_Sibling_Select	1646989842438	1646989843094	653	OK
REQUEST	1	adoption_861_Family_Court	Adoption Family Court Redirect	1646989844090	1646989844417	OK	 
GROUP	1	adoption_861_Family_Court	1646989844090	1646989844591	499	OK
REQUEST	1	adoption_862_Family_Court_POST	Adoption Family Court Redirect	1646989844591	1646989844945	OK	 
REQUEST	1	adoption_862_Family_Court_POST	Adoption Family Court Redirect Redirect 1	1646989844946	1646989845250	OK	 
GROUP	1	adoption_862_Family_Court_POST	1646989844591	1646989845758	1163	OK
REQUEST	1	adoption_870_Upload_Document	Adoption Birth Certificate Details	1646989845758	1646989846029	OK	 
GROUP	1	adoption_870_Upload_Document	1646989845758	1646989846078	318	OK
REQUEST	1	adoption_880_Upload_Document	Adoption Certificate Upload	1646989847105	1646989850856	OK	 
GROUP	1	adoption_880_Upload_Document	1646989847079	1646989851861	3751	OK
REQUEST	1	adoption_885_Upload_Document_POST	Adoption Certificate Upload POST	1646989851861	1646989852071	OK	 
REQUEST	1	adoption_885_Upload_Document_POST	Adoption Certificate Upload POST Redirect 1	1646989852072	1646989852148	OK	 
GROUP	1	adoption_885_Upload_Document_POST	1646989851861	1646989852252	387	OK
REQUEST	1	adoption_905_Equality_Redirect	Adoption Review Equality	1646989853250	1646989853383	OK	 
GROUP	1	adoption_905_Equality_Redirect	1646989853250	1646989853435	181	OK
REQUEST	1	adoption_910_Check_Your_Answers	Adoption Review Check Your Answers	1646989854431	1646989854481	OK	 
REQUEST	1	adoption_910_Check_Your_Answers	Adoption Review Check Your Answers Redirect 1	1646989854483	1646989854556	OK	 
GROUP	1	adoption_910_Check_Your_Answers	1646989854431	1646989854613	178	OK
REQUEST	1	adoption_920_Statement	Adoption Review Statement of Truth	1646989855621	1646989856306	OK	 
REQUEST	1	adoption_920_Statement	Adoption Review Statement of Truth Redirect 1	1646989856307	1646989857100	OK	 
GROUP	1	adoption_920_Statement	1646989855620	1646989857285	1661	OK
REQUEST	1	adoption_930_Pay_By_Card	Adoption Pay by Card	1646989858281	1646989861055	OK	 
REQUEST	1	adoption_930_Pay_By_Card	Adoption Pay by Card Redirect 1	1646989861056	1646989861196	OK	 
REQUEST	1	adoption_930_Pay_By_Card	Adoption Pay by Card Redirect 2	1646989861196	1646989861317	OK	 
GROUP	1	adoption_930_Pay_By_Card	1646989858280	1646989861460	3171	OK
REQUEST	1	adoption_940_Check_Card_Details	Adoption Pay by Card	1646989862470	1646989862522	OK	 
GROUP	1	adoption_940_Check_Card_Details	1646989862470	1646989862524	52	OK
REQUEST	1	adoption_950_Card_Details	Adoption Pay by Card	1646989862525	1646989862670	OK	 
REQUEST	1	adoption_950_Card_Details	Adoption Pay by Card Redirect 1	1646989862671	1646989862723	OK	 
GROUP	1	adoption_950_Card_Details	1646989862524	1646989862727	198	OK
REQUEST	1	adoption_960_Application Submit	Adoption Application Submit	1646989863720	1646989863807	OK	 
REQUEST	1	adoption_960_Application Submit	Adoption Application Submit Redirect 1	1646989863809	1646989863844	OK	 
REQUEST	1	adoption_960_Application Submit	Adoption Application Submit Redirect 2	1646989863844	1646989867364	OK	 
REQUEST	1	adoption_960_Application Submit	Adoption Application Submit Redirect 3	1646989867364	1646989867480	OK	 
GROUP	1	adoption_960_Application Submit	1646989863720	1646989867531	3806	OK
USER	LAU Simulation	1	END	1646989698016	1646989868532
