RUN	simulations.mainSimulation	mainsimulation	1646751051329	 	3.3.1
USER	LAU Simulation	1	START	1646751051824	1646751051824
REQUEST	1	adoption_010_Homepage	Adoption Homepage	1646751051847	1646751051928	OK	 
REQUEST	1	adoption_010_Homepage	Adoption Homepage Redirect 1	1646751051955	1646751051983	OK	 
REQUEST	1	adoption_010_Homepage	Adoption Homepage Redirect 2	1646751051984	1646751052042	OK	 
GROUP	1	adoption_010_Homepage	1646751051831	1646751052259	310	OK
REQUEST	1	Adoption_020_Login	Adoption Login	1646751054285	1646751054471	OK	 
REQUEST	1	Adoption_020_Login	Adoption Login Redirect 1	1646751054476	1646751054935	OK	 
REQUEST	1	Adoption_020_Login	Adoption Login Redirect 2	1646751054936	1646751055242	OK	 
REQUEST	1	Adoption_020_Login	Adoption Login Redirect 3	1646751055244	1646751055283	OK	 
GROUP	1	Adoption_020_Login	1646751054281	1646751055413	1109	OK
REQUEST	1	Adoption_030_Apply_With	Adoption Applying With	1646751057409	1646751057463	OK	 
GROUP	1	Adoption_030_Apply_With	1646751057409	1646751057511	95	OK
REQUEST	1	Adoption_040_Adoption_Applying_Post	Adoption Applying Post	1646751059523	1646751059824	OK	 
REQUEST	1	Adoption_040_Adoption_Applying_Post	Adoption Applying Post Redirect 1	1646751059826	1646751059866	OK	 
GROUP	1	Adoption_040_Adoption_Applying_Post	1646751059521	1646751059912	380	OK
REQUEST	1	Adoption_050_Adoption_Applying_With_Redirect	Adoption Applying With Redirect	1646751061911	1646751061945	OK	 
GROUP	1	Adoption_050_Adoption_Applying_With_Redirect	1646751061910	1646751061991	75	OK
REQUEST	1	adoption_290_Birth_Certificate	Adoption Birth Certificate Details	1646751063992	1646751064035	KO	substring(Enter the child's full name).find.exists, found nothing
GROUP	1	adoption_290_Birth_Certificate	1646751063991	1646751064041	43	KO
USER	LAU Simulation	1	END	1646751051824	1646751064049
