RUN	simulations.mainSimulation	mainsimulation	1646845525818	 	3.3.1
USER	LAU Simulation	1	START	1646845526703	1646845526703
REQUEST	1	adoption_010_Homepage	Adoption Homepage	1646845526726	1646845526805	OK	 
REQUEST	1	adoption_010_Homepage	Adoption Homepage Redirect 1	1646845526831	1646845526857	OK	 
REQUEST	1	adoption_010_Homepage	Adoption Homepage Redirect 2	1646845526859	1646845531392	OK	 
GROUP	1	adoption_010_Homepage	1646845526710	1646845532193	5349	OK
REQUEST	1	Adoption_020_Login	Adoption Login	1646845533217	1646845533387	OK	 
REQUEST	1	Adoption_020_Login	Adoption Login Redirect 1	1646845533392	1646845533911	OK	 
REQUEST	1	Adoption_020_Login	Adoption Login Redirect 2	1646845533912	1646845535242	OK	 
REQUEST	1	Adoption_020_Login	Adoption Login Redirect 3	1646845535244	1646845535285	OK	 
GROUP	1	Adoption_020_Login	1646845533212	1646845535377	2143	OK
REQUEST	1	Adoption_030_Apply_With	Adoption Applying With	1646845536382	1646845536426	OK	 
GROUP	1	Adoption_030_Apply_With	1646845536380	1646845536476	85	OK
REQUEST	1	Adoption_040_Adoption_Applying_Post	Adoption Applying Post	1646845537473	1646845537944	OK	 
REQUEST	1	Adoption_040_Adoption_Applying_Post	Adoption Applying Post Redirect 1	1646845537946	1646845538097	OK	 
GROUP	1	Adoption_040_Adoption_Applying_Post	1646845537471	1646845538276	792	OK
REQUEST	1	Adoption_050_Adoption_Applying_With_Redirect	Adoption Applying With Redirect	1646845539283	1646845539452	OK	 
GROUP	1	Adoption_050_Adoption_Applying_With_Redirect	1646845539283	1646845539599	310	OK
REQUEST	1	Adoption_060_Date_Of_Move	Adoption Date Child Moved in 	1646845540592	1646845540629	OK	 
GROUP	1	Adoption_060_Date_Of_Move	1646845540591	1646845540675	79	OK
REQUEST	1	Adoption_070_Date_Of_Move_POST	Adoption Date Child Moved in Post	1646845541684	1646845542409	OK	 
REQUEST	1	Adoption_070_Date_Of_Move_POST	Adoption Date Child Moved in Post Redirect 1	1646845542411	1646845542465	OK	 
REQUEST	1	Adoption_070_Date_Of_Move_POST,Adoption_050_Adoption_Applying_With_Redirect	Adoption Applying With Redirect	1646845542506	1646845542543	OK	 
GROUP	1	Adoption_070_Date_Of_Move_POST,Adoption_050_Adoption_Applying_With_Redirect	1646845542506	1646845542592	83	OK
GROUP	1	Adoption_070_Date_Of_Move_POST	1646845541683	1646845543602	899	OK
REQUEST	1	adoption_760_Sibling_Details	Adoption Sibling Details	1646845544602	1646845544639	OK	 
GROUP	1	adoption_760_Sibling_Details	1646845544601	1646845544683	76	OK
REQUEST	1	adoption_770_Sibling_Other?	Adoption Any Sibling?	1646845545681	1646845546095	OK	 
REQUEST	1	adoption_770_Sibling_Other?	Adoption Any Sibling? Redirect 1	1646845546097	1646845546140	OK	 
GROUP	1	adoption_770_Sibling_Other?	1646845545680	1646845546185	497	OK
REQUEST	1	adoption_780_Sibling_Court_Order_Exists?	Adoption Court Order Exists?	1646845547183	1646845547529	OK	 
REQUEST	1	adoption_780_Sibling_Court_Order_Exists?	Adoption Court Order Exists? Redirect 1	1646845547531	1646845547733	OK	 
GROUP	1	adoption_780_Sibling_Court_Order_Exists?	1646845547182	1646845547774	585	OK
REQUEST	1	adoption_790_Sibling_Name?	Adoption Sibling Name	1646845548772	1646845548972	OK	 
REQUEST	1	adoption_790_Sibling_Name?	Adoption Sibling Name Redirect 1	1646845548974	1646845549372	OK	 
REQUEST	1	adoption_790_Sibling_Name?	Adoption Sibling Name Redirect 2	1646845549374	1646845549829	OK	 
GROUP	1	adoption_790_Sibling_Name?	1646845548771	1646845549920	1139	OK
REQUEST	1	adoption_800_Sibling_Order_Type	Adoption Order Type?	1646845550922	1646845551126	OK	 
REQUEST	1	adoption_800_Sibling_Order_Type	Adoption Order Type? Redirect 1	1646845551127	1646845551318	OK	 
GROUP	1	adoption_800_Sibling_Order_Type	1646845550921	1646845551442	515	OK
REQUEST	1	adoption_810_Sibling_Order_Number	Adoption Order Number	1646845552453	1646845552853	OK	 
REQUEST	1	adoption_810_Sibling_Order_Number	Adoption Order Number Redirect 1	1646845552855	1646845552905	OK	 
GROUP	1	adoption_810_Sibling_Order_Number	1646845552452	1646845552967	508	OK
REQUEST	1	adoption_820_Sibling_New_Order?	Adoption Add New Order?	1646845553961	1646845554161	OK	 
REQUEST	1	adoption_820_Sibling_New_Order?	Adoption Add New Order? Redirect 1	1646845554163	1646845569142	OK	 
GROUP	1	adoption_820_Sibling_New_Order?	1646845553960	1646845569189	15220	OK
REQUEST	1	adoption_830_Sibling_Select	Adoption Select Sibling	1646845570180	1646845570535	OK	 
REQUEST	1	adoption_830_Sibling_Select	Adoption Select Sibling Redirect 1	1646845570537	1646845570768	OK	 
REQUEST	1	adoption_830_Sibling_Select	Adoption Select Sibling Redirect 2	1646845570769	1646845571184	OK	 
GROUP	1	adoption_830_Sibling_Select	1646845570180	1646845571227	1040	OK
REQUEST	1	adoption_840_Sibling_Select	Adoption Order Type	1646845572231	1646845572581	OK	 
REQUEST	1	adoption_840_Sibling_Select	Adoption Order Type Redirect 1	1646845572582	1646845573033	OK	 
GROUP	1	adoption_840_Sibling_Select	1646845572230	1646845573076	840	OK
REQUEST	1	adoption_850_Sibling_Select	Adoption Order Number	1646845574084	1646845574248	OK	 
REQUEST	1	adoption_850_Sibling_Select	Adoption Order Number Redirect 1	1646845574250	1646845574300	OK	 
GROUP	1	adoption_850_Sibling_Select	1646845574083	1646845574342	253	OK
REQUEST	1	adoption_860_Sibling_Select	Adoption Order Number	1646845575343	1646845575524	OK	 
REQUEST	1	adoption_860_Sibling_Select	Adoption Order Number Redirect 1	1646845575525	1646845575568	OK	 
GROUP	1	adoption_860_Sibling_Select	1646845575342	1646845575613	266	OK
USER	LAU Simulation	1	END	1646845526703	1646845576616
